FCEUX 2.1.6-interim svn2687 - Trace Log File
  $874D:2A        ROL                                                            A:40 X:FF Y:00 S:FD P:nvUbdIzc 
  $874E:E5 28     SBC $0028 = #$9E                                               A:80 X:FF Y:00 S:FD P:NvUbdIzc 
  $8750:85 27     STA $0027 = #$40                                               A:E1 X:FF Y:00 S:FD P:NvUbdIzc 
  $8752:45 26     EOR $0026 = #$7E                                               A:E1 X:FF Y:00 S:FD P:NvUbdIzc 
  $8754:85 25     STA $0025 = #$A0                                               A:9F X:FF Y:00 S:FD P:NvUbdIzc 
  $8756:60        RTS (from $8743) ----------------------------------------------A:9F X:FF Y:00 S:FD P:NvUbdIzc 
$8725:4C 1F 87  JMP $871F                                                      A:9F X:FF Y:00 S:FF P:NvUbdIzc 
$871F:20 28 87  JSR $8728                                                      A:9F X:FF Y:00 S:FF P:NvUbdIzc 
  $8728:A2 03     LDX #$03                                                       A:9F X:FF Y:00 S:FD P:NvUbdIzc 
  $872A:B5 25     LDA $25,X @ $0028 = #$9E                                       A:9F X:03 Y:00 S:FD P:nvUbdIzc 
  $872C:65 0B     ADC $000B = #$61                                               A:9E X:03 Y:00 S:FD P:NvUbdIzc 
  $872E:ED FD 03  SBC $03FD = #$03                                               A:FF X:03 Y:00 S:FD P:NvUbdIzc 
  $8731:4D 57 04  EOR $0457 = #$50                                               A:FB X:03 Y:00 S:FD P:NvUbdIzC 
  $8734:55 26     EOR $26,X @ $0029 = #$00                                       A:AB X:03 Y:00 S:FD P:NvUbdIzC 
  $8736:F5 24     SBC $24,X @ $0027 = #$E1                                       A:AB X:03 Y:00 S:FD P:NvUbdIzC 
  $8738:7D 1B 04  ADC $041B,X @ $041E = #$02                                     A:CA X:03 Y:00 S:FD P:NvUbdIzc 
  $873B:65 0B     ADC $000B = #$61                                               A:CC X:03 Y:00 S:FD P:NvUbdIzc 
  $873D:95 25     STA $25,X @ $0028 = #$9E                                       A:2D X:03 Y:00 S:FD P:nvUbdIzC 
  $873F:CA        DEX                                                            A:2D X:03 Y:00 S:FD P:nvUbdIzC 
  $8740:10 E8     BPL $872A                                                      A:2D X:02 Y:00 S:FD P:nvUbdIzC 
  $872A:B5 25     LDA $25,X @ $0027 = #$E1                                       A:2D X:02 Y:00 S:FD P:nvUbdIzC 
  $872C:65 0B     ADC $000B = #$61                                               A:E1 X:02 Y:00 S:FD P:NvUbdIzC 
  $872E:ED FD 03  SBC $03FD = #$03                                               A:43 X:02 Y:00 S:FD P:nvUbdIzC 
  $8731:4D 57 04  EOR $0457 = #$50                                               A:40 X:02 Y:00 S:FD P:nvUbdIzC 
  $8734:55 26     EOR $26,X @ $0028 = #$2D                                       A:10 X:02 Y:00 S:FD P:nvUbdIzC 
  $8736:F5 24     SBC $24,X @ $0026 = #$7E                                       A:3D X:02 Y:00 S:FD P:nvUbdIzC 
  $8738:7D 1B 04  ADC $041B,X @ $041D = #$08                                     A:BF X:02 Y:00 S:FD P:NvUbdIzc 
  $873B:65 0B     ADC $000B = #$61                                               A:C7 X:02 Y:00 S:FD P:NvUbdIzc 
  $873D:95 25     STA $25,X @ $0027 = #$E1                                       A:28 X:02 Y:00 S:FD P:nvUbdIzC 
  $873F:CA        DEX                                                            A:28 X:02 Y:00 S:FD P:nvUbdIzC 
  $8740:10 E8     BPL $872A                                                      A:28 X:01 Y:00 S:FD P:nvUbdIzC 
  $872A:B5 25     LDA $25,X @ $0026 = #$7E                                       A:28 X:01 Y:00 S:FD P:nvUbdIzC 
  $872C:65 0B     ADC $000B = #$61                                               A:7E X:01 Y:00 S:FD P:nvUbdIzC 
     $FF98:86 76     STX $0076 = #$04                                               A:E0 X:01 Y:00 S:FA P:NVUbdIzc 
     $FF9A:85 75     STA $0075 = #$F1                                               A:E0 X:01 Y:00 S:FA P:NVUbdIzc 
     $FF9C:A9 00     LDA #$00                                                       A:E0 X:01 Y:00 S:FA P:NVUbdIzc 
     $FF9E:A2 00     LDX #$00                                                       A:00 X:01 Y:00 S:FA P:nVUbdIZc 
     $FFA0:8E B3 FF  STX $FFB3 = #$00                                               A:00 X:00 Y:00 S:FA P:nVUbdIZc 
     $FFA3:4C 75 FE  JMP $FE75                                                      A:00 X:00 Y:00 S:FA P:nVUbdIZc 
     $FE75:85 2E     STA $002E = #$03                                               A:00 X:00 Y:00 S:FA P:nVUbdIZc 
     $FE77:8E 01 20  STX $2001 = #$18                                               A:00 X:00 Y:00 S:FA P:nVUbdIZc 
     $FE7A:8E 03 20  STX $2003 = #$00                                               A:00 X:00 Y:00 S:FA P:nVUbdIZc 
     $FE7D:A9 02     LDA #$02                                                       A:00 X:00 Y:00 S:FA P:nVUbdIZc 
     $FE7F:8D 14 40  STA $4014 = #$02                                               A:02 X:00 Y:00 S:FA P:nVUbdIzc 
     $FE82:A5 09     LDA $0009 = #$90                                               A:02 X:00 Y:00 S:FA P:nVUbdIzc 
     $FE84:10 0D     BPL $FE93                                                      A:90 X:00 Y:00 S:FA P:NVUbdIzc 
     $FE86:29 7F     AND #$7F                                                       A:90 X:00 Y:00 S:FA P:NVUbdIzc 
     $FE88:8D 00 20  STA $2000 = #$90                                               A:10 X:00 Y:00 S:FA P:nVUbdIzc 
     $FE8B:AD 02 20  LDA $2002 = #$D0                                               A:10 X:00 Y:00 S:FA P:nVUbdIzc 
     $FE8E:CA        DEX                                                            A:D0 X:00 Y:00 S:FA P:NVUbdIzc 
     $FE8F:9A        TXS                                                            A:D0 X:FF Y:00 S:FA P:NVUbdIzc 
$FE90:6C 23 00  JMP ($0023) = $83A4                                            A:D0 X:FF Y:00 S:FF P:NVUbdIzc 
$83A4:20 08 81  JSR $8108                                                      A:D0 X:FF Y:00 S:FF P:NVUbdIzc 
  $8108:BA        TSX                                                            A:D0 X:FF Y:00 S:FD P:NVUbdIzc 
  $8109:86 2F     STX $002F = #$FD                                               A:D0 X:FD Y:00 S:FD P:NVUbdIzc 
  $810B:A5 30     LDA $0030 = #$01                                               A:D0 X:FD Y:00 S:FD P:NVUbdIzc 
  $810D:F0 C5     BEQ $80D4                                                      A:01 X:FD Y:00 S:FD P:nVUbdIzc 
  $810F:A9 04     LDA #$04                                                       A:01 X:FD Y:00 S:FD P:nVUbdIzc 
  $8111:8D 00 20  STA $2000 = #$10                                               A:04 X:FD Y:00 S:FD P:nVUbdIzc 
  $8114:85 15     STA $0015 = #$30                                               A:04 X:FD Y:00 S:FD P:nVUbdIzc 
  $8116:A2 03     LDX #$03                                                       A:04 X:FD Y:00 S:FD P:nVUbdIzc 
  $8118:CA        DEX                                                            A:04 X:03 Y:00 S:FD P:nVUbdIzc 
  $8119:D0 FD     BNE $8118                                                      A:04 X:02 Y:00 S:FD P:nVUbdIzc 
  $8118:CA        DEX                                                            A:04 X:02 Y:00 S:FD P:nVUbdIzc 
  $8119:D0 FD     BNE $8118                                                      A:04 X:01 Y:00 S:FD P:nVUbdIzc 
  $8118:CA        DEX                                                            A:04 X:01 Y:00 S:FD P:nVUbdIzc 
  $8119:D0 FD     BNE $8118                                                      A:04 X:00 Y:00 S:FD P:nVUbdIZc 
  $811B:A9 20     LDA #$20                                                       A:04 X:00 Y:00 S:FD P:nVUbdIZc 
  $811D:8D 06 20  STA $2006 = #$1B                                               A:20 X:00 Y:00 S:FD P:nVUbdIzc 
  $8120:A5 98     LDA $0098 = #$1B                                               A:20 X:00 Y:00 S:FD P:nVUbdIzc 
  $8122:8D 06 20  STA $2006 = #$1B                                               A:1B X:00 Y:00 S:FD P:nVUbdIzc 
  $8125:A0 02     LDY #$02                                                       A:1B X:00 Y:00 S:FD P:nVUbdIzc 
  $8127:A5 83     LDA $0083 = #$40                                               A:1B X:00 Y:02 S:FD P:nVUbdIzc 
  $8129:49 FF     EOR #$FF                                                       A:40 X:00 Y:02 S:FD P:nVUbdIzc 
  $812B:38        SEC                                                            A:BF X:00 Y:02 S:FD P:NVUbdIzc 
  $812C:E9 10     SBC #$10                                                       A:BF X:00 Y:02 S:FD P:NVUbdIzC 
  $812E:29 F8     AND #$F8                                                       A:AF X:00 Y:02 S:FD P:NvUbdIzC 
  $8130:4A        LSR                                                            A:A8 X:00 Y:02 S:FD P:NvUbdIzC 
  $8131:85 17     STA $0017 = #$21                                               A:54 X:00 Y:02 S:FD P:nvUbdIzc 
  $8133:4A        LSR                                                            A:54 X:00 Y:02 S:FD P:nvUbdIzc 
  $8134:4A        LSR                                                            A:2A X:00 Y:02 S:FD P:nvUbdIzc 
  $8135:AA        TAX                                                            A:15 X:00 Y:02 S:FD P:nvUbdIzc 
  $8136:CA        DEX                                                            A:15 X:15 Y:02 S:FD P:nvUbdIzc 
  $8137:9A        TXS                                                            A:15 X:14 Y:02 S:FD P:nvUbdIzc 
           $8138:A5 17     LDA $0017 = #$54                                               A:15 X:14 Y:02 S:14 P:nvUbdIzc 
           $813A:18        CLC                                                            A:54 X:14 Y:02 S:14 P:nvUbdIzc 
           $813B:69 2E     ADC #$2E                                                       A:54 X:14 Y:02 S:14 P:nvUbdIzc 
           $813D:85 1F     STA $001F = #$03                                               A:82 X:14 Y:02 S:14 P:NVUbdIzc 
           $813F:A9 82     LDA #$82                                                       A:82 X:14 Y:02 S:14 P:NVUbdIzc 
           $8141:69 00     ADC #$00                                                       A:82 X:14 Y:02 S:14 P:NVUbdIzc 
           $8143:85 20     STA $0020 = #$03                                               A:82 X:14 Y:02 S:14 P:NvUbdIzc 
           $8145:6C 1F 00  JMP ($001F) = $8282                                            A:82 X:14 Y:02 S:14 P:NvUbdIzc 
           $8282:68        PLA                                                            A:82 X:14 Y:02 S:14 P:NvUbdIzc 
          $8283:8D 07 20  STA $2007 = #$00                                               A:A5 X:14 Y:02 S:15 P:NvUbdIzc 
          $8286:68        PLA                                                            A:A5 X:14 Y:02 S:15 P:NvUbdIzc 
         $8287:8D 07 20  STA $2007 = #$00                                               A:9A X:14 Y:02 S:16 P:NvUbdIzc 
         $828A:68        PLA                                                            A:9A X:14 Y:02 S:16 P:NvUbdIzc 
        $828B:8D 07 20  STA $2007 = #$00                                               A:10 X:14 Y:02 S:17 P:nvUbdIzc 
        $828E:68        PLA                                                            A:10 X:14 Y:02 S:17 P:nvUbdIzc 
       $828F:8D 07 20  STA $2007 = #$00                                               A:1C X:14 Y:02 S:18 P:nvUbdIzc 
       $8292:68        PLA                                                            A:1C X:14 Y:02 S:18 P:nvUbdIzc 
      $8293:8D 07 20  STA $2007 = #$00                                               A:28 X:14 Y:02 S:19 P:nvUbdIzc 
      $8296:68        PLA                                                            A:28 X:14 Y:02 S:19 P:nvUbdIzc 
     $8297:8D 07 20  STA $2007 = #$00                                               A:34 X:14 Y:02 S:1A P:nvUbdIzc 
     $829A:68        PLA                                                            A:34 X:14 Y:02 S:1A P:nvUbdIzc 
    $829B:8D 07 20  STA $2007 = #$00                                               A:40 X:14 Y:02 S:1B P:nvUbdIzc 
    $829E:68        PLA                                                            A:40 X:14 Y:02 S:1B P:nvUbdIzc 
   $829F:8D 07 20  STA $2007 = #$00                                               A:4C X:14 Y:02 S:1C P:nvUbdIzc 
   $82A2:68        PLA                                                            A:4C X:14 Y:02 S:1C P:nvUbdIzc 
  $82A3:8D 07 20  STA $2007 = #$00                                               A:30 X:14 Y:02 S:1D P:nvUbdIzc 
  $82A6:4C 48 81  JMP $8148                                                      A:30 X:14 Y:02 S:1D P:nvUbdIzc 
  $8148:88        DEY                                                            A:30 X:14 Y:02 S:1D P:nvUbdIzc 
  $8149:F0 4A     BEQ $8195                                                      A:30 X:14 Y:01 S:1D P:nvUbdIzc 
  $814B:A5 15     LDA $0015 = #$04                                               A:30 X:14 Y:01 S:1D P:nvUbdIzc 
  $814D:10 03     BPL $8152                                                      A:04 X:14 Y:01 S:1D P:nvUbdIzc 
  $8152:D0 37     BNE $818B                                                      A:04 X:14 Y:01 S:1D P:nvUbdIzc 
  $818B:A2 FF     LDX #$FF                                                       A:04 X:14 Y:01 S:1D P:nvUbdIzc 
  $818D:9A        TXS                                                            A:04 X:FF Y:01 S:1D P:NvUbdIzc 
$818E:A9 78     LDA #$78                                                       A:04 X:FF Y:01 S:FF P:NvUbdIzc 
$8190:38        SEC                                                            A:78 X:FF Y:01 S:FF P:nvUbdIzc 
$8191:E5 17     SBC $0017 = #$54                                               A:78 X:FF Y:01 S:FF P:nvUbdIzC 
$8193:B0 A5     BCS $813A                                                      A:24 X:FF Y:01 S:FF P:nvUbdIzC 
$813A:18        CLC                                                            A:24 X:FF Y:01 S:FF P:nvUbdIzC 
$813B:69 2E     ADC #$2E                                                       A:24 X:FF Y:01 S:FF P:nvUbdIzc 
$813D:85 1F     STA $001F = #$82                                               A:52 X:FF Y:01 S:FF P:nvUbdIzc 
$813F:A9 82     LDA #$82                                                       A:52 X:FF Y:01 S:FF P:nvUbdIzc 
$8141:69 00     ADC #$00                                                       A:82 X:FF Y:01 S:FF P:NvUbdIzc 
$8143:85 20     STA $0020 = #$82                                               A:82 X:FF Y:01 S:FF P:NvUbdIzc 
$8145:6C 1F 00  JMP ($001F) = $8252                                            A:82 X:FF Y:01 S:FF P:NvUbdIzc 
$8252:68        PLA                                                            A:82 X:FF Y:01 S:FF P:NvUbdIzc 
                               $8253:8D 07 20  STA $2007 = #$00                                               A:00 X:FF Y:01 S:00 P:nvUbdIZc 
                               $8256:68        PLA                                                            A:00 X:FF Y:01 S:00 P:nvUbdIZc 
                              $8257:8D 07 20  STA $2007 = #$00                                               A:00 X:FF Y:01 S:01 P:nvUbdIZc 
                              $825A:68        PLA                                                            A:00 X:FF Y:01 S:01 P:nvUbdIZc 
                             $825B:8D 07 20  STA $2007 = #$00                                               A:00 X:FF Y:01 S:02 P:nvUbdIZc 
                             $825E:68        PLA                                                            A:00 X:FF Y:01 S:02 P:nvUbdIZc 
                            $825F:8D 07 20  STA $2007 = #$00                                               A:85 X:FF Y:01 S:03 P:NvUbdIzc 
                            $8262:68        PLA                                                            A:85 X:FF Y:01 S:03 P:NvUbdIzc 
                           $8263:8D 07 20  STA $2007 = #$00                                               A:89 X:FF Y:01 S:04 P:NvUbdIzc 
                           $8266:68        PLA                                                            A:89 X:FF Y:01 S:04 P:NvUbdIzc 
                          $8267:8D 07 20  STA $2007 = #$00                                               A:8D X:FF Y:01 S:05 P:NvUbdIzc 
                          $826A:68        PLA                                                            A:8D X:FF Y:01 S:05 P:NvUbdIzc 
                         $826B:8D 07 20  STA $2007 = #$00                                               A:91 X:FF Y:01 S:06 P:NvUbdIzc 
                         $826E:68        PLA                                                            A:91 X:FF Y:01 S:06 P:NvUbdIzc 
                        $826F:8D 07 20  STA $2007 = #$00                                               A:68 X:FF Y:01 S:07 P:nvUbdIzc 
                        $8272:68        PLA                                                            A:68 X:FF Y:01 S:07 P:nvUbdIzc 
                       $8273:8D 07 20  STA $2007 = #$00                                               A:5C X:FF Y:01 S:08 P:nvUbdIzc 
                       $8276:68        PLA                                                            A:5C X:FF Y:01 S:08 P:nvUbdIzc 
                      $8277:8D 07 20  STA $2007 = #$00                                               A:60 X:FF Y:01 S:09 P:nvUbdIzc 
                      $827A:68        PLA                                                            A:60 X:FF Y:01 S:09 P:nvUbdIzc 
                     $827B:8D 07 20  STA $2007 = #$00                                               A:64 X:FF Y:01 S:0A P:nvUbdIzc 
                     $827E:68        PLA                                                            A:64 X:FF Y:01 S:0A P:nvUbdIzc 
                    $827F:8D 07 20  STA $2007 = #$00                                               A:58 X:FF Y:01 S:0B P:nvUbdIzc 
                    $8282:68        PLA                                                            A:58 X:FF Y:01 S:0B P:nvUbdIzc 
                   $8283:8D 07 20  STA $2007 = #$00                                               A:EA X:FF Y:01 S:0C P:NvUbdIzc 
                   $8286:68        PLA                                                            A:EA X:FF Y:01 S:0C P:NvUbdIzc 
                  $8287:8D 07 20  STA $2007 = #$00                                               A:EB X:FF Y:01 S:0D P:NvUbdIzc 
                  $828A:68        PLA                                                            A:EB X:FF Y:01 S:0D P:NvUbdIzc 
                 $828B:8D 07 20  STA $2007 = #$00                                               A:78 X:FF Y:01 S:0E P:nvUbdIzc 
                 $828E:68        PLA                                                            A:78 X:FF Y:01 S:0E P:nvUbdIzc 
                $828F:8D 07 20  STA $2007 = #$00                                               A:7C X:FF Y:01 S:0F P:nvUbdIzc 
                $8292:68        PLA                                                            A:7C X:FF Y:01 S:0F P:nvUbdIzc 
               $8293:8D 07 20  STA $2007 = #$00                                               A:80 X:FF Y:01 S:10 P:NvUbdIzc 
               $8296:68        PLA                                                            A:80 X:FF Y:01 S:10 P:NvUbdIzc 
              $8297:8D 07 20  STA $2007 = #$00                                               A:00 X:FF Y:01 S:11 P:nvUbdIZc 
              $829A:68        PLA                                                            A:00 X:FF Y:01 S:11 P:nvUbdIZc 
             $829B:8D 07 20  STA $2007 = #$00                                               A:0C X:FF Y:01 S:12 P:nvUbdIzc 
             $829E:68        PLA                                                            A:0C X:FF Y:01 S:12 P:nvUbdIzc 
            $829F:8D 07 20  STA $2007 = #$00                                               A:9D X:FF Y:01 S:13 P:NvUbdIzc 
            $82A2:68        PLA                                                            A:9D X:FF Y:01 S:13 P:NvUbdIzc 
           $82A3:8D 07 20  STA $2007 = #$00                                               A:81 X:FF Y:01 S:14 P:NvUbdIzc 
           $82A6:4C 48 81  JMP $8148                                                      A:81 X:FF Y:01 S:14 P:NvUbdIzc 
           $8148:88        DEY                                                            A:81 X:FF Y:01 S:14 P:NvUbdIzc 
           $8149:F0 4A     BEQ $8195                                                      A:81 X:FF Y:00 S:14 P:nvUbdIZc 
           $8195:A9 10     LDA #$10                                                       A:81 X:FF Y:00 S:14 P:nvUbdIZc 
           $8197:8D 00 20  STA $2000 = #$04                                               A:10 X:FF Y:00 S:14 P:nvUbdIzc 
           $819A:A5 15     LDA $0015 = #$04                                               A:10 X:FF Y:00 S:14 P:nvUbdIzc 
           $819C:30 1E     BMI $81BC                                                      A:04 X:FF Y:00 S:14 P:nvUbdIzc 
           $819E:A0 02     LDY #$02                                                       A:04 X:FF Y:00 S:14 P:nvUbdIzc 
           $81A0:A5 95     LDA $0095 = #$83                                               A:04 X:FF Y:02 S:14 P:nvUbdIzc 
           $81A2:85 15     STA $0015 = #$04                                               A:83 X:FF Y:02 S:14 P:NvUbdIzc 
           $81A4:C9 84     CMP #$84                                                       A:83 X:FF Y:02 S:14 P:NvUbdIzc 
           $81A6:B0 69     BCS $8211                                                      A:83 X:FF Y:02 S:14 P:NvUbdIzc 
           $81A8:C9 81     CMP #$81                                                       A:83 X:FF Y:02 S:14 P:NvUbdIzc 
           $81AA:B0 14     BCS $81C0                                                      A:83 X:FF Y:02 S:14 P:nvUbdIzC 
           $81C0:A8        TAY                                                            A:83 X:FF Y:02 S:14 P:nvUbdIzC 
           $81C1:B9 7E 80  LDA $807E,Y @ $8101 = #$20                                     A:83 X:FF Y:83 S:14 P:NvUbdIzC 
           $81C4:45 96     EOR $0096 = #$00                                               A:20 X:FF Y:83 S:14 P:nvUbdIzC 
           $81C6:8D 06 20  STA $2006 = #$DB                                               A:20 X:FF Y:83 S:14 P:nvUbdIzC 
           $81C9:B9 81 80  LDA $8081,Y @ $8104 = #$80                                     A:20 X:FF Y:83 S:14 P:nvUbdIzC 
           $81CC:85 95     STA $0095 = #$83                                               A:80 X:FF Y:83 S:14 P:NvUbdIzC 
           $81CE:BE 84 80  LDX $8084,Y @ $8107 = #$A8                                     A:80 X:FF Y:83 S:14 P:NvUbdIzC 
           $81D1:A9 62     LDA #$62                                                       A:80 X:A8 Y:83 S:14 P:NvUbdIzC 
           $81D3:8D 06 20  STA $2006 = #$DB                                               A:62 X:A8 Y:83 S:14 P:nvUbdIzC 
           $81D6:A9 10     LDA #$10                                                       A:62 X:A8 Y:83 S:14 P:nvUbdIzC 
           $81D8:8D C3 FF  STA $FFC3 = #$10                                               A:10 X:A8 Y:83 S:14 P:nvUbdIzC 
           $81DB:9A        TXS                                                            A:10 X:A8 Y:83 S:14 P:nvUbdIzC 
                       $81DC:A0 02     LDY #$02                                                       A:10 X:A8 Y:83 S:A8 P:nvUbdIzC 
                       $81DE:D0 56     BNE $8236                                                      A:10 X:A8 Y:02 S:A8 P:nvUbdIzC 
                       $8236:68        PLA                                                            A:10 X:A8 Y:02 S:A8 P:nvUbdIzC 
                      $8237:8D 07 20  STA $2007 = #$00                                               A:F5 X:A8 Y:02 S:A9 P:NvUbdIzC 
                      $823A:68        PLA                                                            A:F5 X:A8 Y:02 S:A9 P:NvUbdIzC 
                     $823B:8D 07 20  STA $2007 = #$00                                               A:F6 X:A8 Y:02 S:AA P:NvUbdIzC 
                     $823E:68        PLA                                                            A:F6 X:A8 Y:02 S:AA P:NvUbdIzC 
                    $823F:8D 07 20  STA $2007 = #$00                                               A:F7 X:A8 Y:02 S:AB P:NvUbdIzC 
                    $8242:68        PLA                                                            A:F7 X:A8 Y:02 S:AB P:NvUbdIzC 
                   $8243:8D 07 20  STA $2007 = #$00                                               A:F5 X:A8 Y:02 S:AC P:NvUbdIzC 
                   $8246:68        PLA                                                            A:F5 X:A8 Y:02 S:AC P:NvUbdIzC 
                  $8247:8D 07 20  STA $2007 = #$00                                               A:F5 X:A8 Y:02 S:AD P:NvUbdIzC 
                  $824A:68        PLA                                                            A:F5 X:A8 Y:02 S:AD P:NvUbdIzC 
                 $824B:8D 07 20  STA $2007 = #$00                                               A:F5 X:A8 Y:02 S:AE P:NvUbdIzC 
                 $824E:68        PLA                                                            A:F5 X:A8 Y:02 S:AE P:NvUbdIzC 
                $824F:8D 07 20  STA $2007 = #$00                                               A:00 X:A8 Y:02 S:AF P:nvUbdIZC 
                $8252:68        PLA                                                            A:00 X:A8 Y:02 S:AF P:nvUbdIZC 
               $8253:8D 07 20  STA $2007 = #$00                                               A:EF X:A8 Y:02 S:B0 P:NvUbdIzC 
               $8256:68        PLA                                                            A:EF X:A8 Y:02 S:B0 P:NvUbdIzC 
              $8257:8D 07 20  STA $2007 = #$00                                               A:EF X:A8 Y:02 S:B1 P:NvUbdIzC 
              $825A:68        PLA                                                            A:EF X:A8 Y:02 S:B1 P:NvUbdIzC 
             $825B:8D 07 20  STA $2007 = #$00                                               A:F1 X:A8 Y:02 S:B2 P:NvUbdIzC 
             $825E:68        PLA                                                            A:F1 X:A8 Y:02 S:B2 P:NvUbdIzC 
            $825F:8D 07 20  STA $2007 = #$00                                               A:F1 X:A8 Y:02 S:B3 P:NvUbdIzC 
            $8262:68        PLA                                                            A:F1 X:A8 Y:02 S:B3 P:NvUbdIzC 
           $8263:8D 07 20  STA $2007 = #$00                                               A:F1 X:A8 Y:02 S:B4 P:NvUbdIzC 
           $8266:68        PLA                                                            A:F1 X:A8 Y:02 S:B4 P:NvUbdIzC 
          $8267:8D 07 20  STA $2007 = #$00                                               A:00 X:A8 Y:02 S:B5 P:nvUbdIZC 
          $826A:68        PLA                                                            A:00 X:A8 Y:02 S:B5 P:nvUbdIZC 
         $826B:8D 07 20  STA $2007 = #$00                                               A:00 X:A8 Y:02 S:B6 P:nvUbdIZC 
         $826E:68        PLA                                                            A:00 X:A8 Y:02 S:B6 P:nvUbdIZC 
        $826F:8D 07 20  STA $2007 = #$00                                               A:00 X:A8 Y:02 S:B7 P:nvUbdIZC 
        $8272:68        PLA                                                            A:00 X:A8 Y:02 S:B7 P:nvUbdIZC 
       $8273:8D 07 20  STA $2007 = #$00                                               A:00 X:A8 Y:02 S:B8 P:nvUbdIZC 
       $8276:68        PLA                                                            A:00 X:A8 Y:02 S:B8 P:nvUbdIZC 
      $8277:8D 07 20  STA $2007 = #$00                                               A:EF X:A8 Y:02 S:B9 P:NvUbdIzC 
      $827A:68        PLA                                                            A:EF X:A8 Y:02 S:B9 P:NvUbdIzC 
     $827B:8D 07 20  STA $2007 = #$00                                               A:EF X:A8 Y:02 S:BA P:NvUbdIzC 
     $827E:68        PLA                                                            A:EF X:A8 Y:02 S:BA P:NvUbdIzC 
    $827F:8D 07 20  STA $2007 = #$00                                               A:F1 X:A8 Y:02 S:BB P:NvUbdIzC 
    $8282:68        PLA                                                            A:F1 X:A8 Y:02 S:BB P:NvUbdIzC 
   $8283:8D 07 20  STA $2007 = #$00                                               A:F1 X:A8 Y:02 S:BC P:NvUbdIzC 
   $8286:68        PLA                                                            A:F1 X:A8 Y:02 S:BC P:NvUbdIzC 
  $8287:8D 07 20  STA $2007 = #$00                                               A:F1 X:A8 Y:02 S:BD P:NvUbdIzC 
  $828A:68        PLA                                                            A:F1 X:A8 Y:02 S:BD P:NvUbdIzC 
 $828B:8D 07 20  STA $2007 = #$00                                               A:00 X:A8 Y:02 S:BE P:nvUbdIZC 
 $828E:68        PLA                                                            A:00 X:A8 Y:02 S:BE P:nvUbdIZC 
$828F:8D 07 20  STA $2007 = #$00                                               A:F5 X:A8 Y:02 S:BF P:NvUbdIzC 
$8292:68        PLA                                                            A:F5 X:A8 Y:02 S:BF P:NvUbdIzC 
                               $8293:8D 07 20  STA $2007 = #$00                                               A:F6 X:A8 Y:02 S:C0 P:NvUbdIzC 
                               $8296:68        PLA                                                            A:F6 X:A8 Y:02 S:C0 P:NvUbdIzC 
                              $8297:8D 07 20  STA $2007 = #$00                                               A:FA X:A8 Y:02 S:C1 P:NvUbdIzC 
                              $829A:68        PLA                                                            A:FA X:A8 Y:02 S:C1 P:NvUbdIzC 
                             $829B:8D 07 20  STA $2007 = #$00                                               A:F5 X:A8 Y:02 S:C2 P:NvUbdIzC 
                             $829E:68        PLA                                                            A:F5 X:A8 Y:02 S:C2 P:NvUbdIzC 
                            $829F:8D 07 20  STA $2007 = #$00                                               A:F5 X:A8 Y:02 S:C3 P:NvUbdIzC 
                            $82A2:68        PLA                                                            A:F5 X:A8 Y:02 S:C3 P:NvUbdIzC 
                           $82A3:8D 07 20  STA $2007 = #$00                                               A:F5 X:A8 Y:02 S:C4 P:NvUbdIzC 
                           $82A6:4C 48 81  JMP $8148                                                      A:F5 X:A8 Y:02 S:C4 P:NvUbdIzC 
                           $8148:88        DEY                                                            A:F5 X:A8 Y:02 S:C4 P:NvUbdIzC 
                           $8149:F0 4A     BEQ $8195                                                      A:F5 X:A8 Y:01 S:C4 P:nvUbdIzC 
                           $814B:A5 15     LDA $0015 = #$83                                               A:F5 X:A8 Y:01 S:C4 P:nvUbdIzC 
                           $814D:10 03     BPL $8152                                                      A:83 X:A8 Y:01 S:C4 P:NvUbdIzC 
                           $814F:4C 26 82  JMP $8226                                                      A:83 X:A8 Y:01 S:C4 P:NvUbdIzC 
                           $8226:68        PLA                                                            A:83 X:A8 Y:01 S:C4 P:NvUbdIzC 
                          $8227:8D 07 20  STA $2007 = #$00                                               A:00 X:A8 Y:01 S:C5 P:nvUbdIZC 
                          $822A:68        PLA                                                            A:00 X:A8 Y:01 S:C5 P:nvUbdIZC 
                         $822B:8D 07 20  STA $2007 = #$00                                               A:00 X:A8 Y:01 S:C6 P:nvUbdIZC 
                         $822E:68        PLA                                                            A:00 X:A8 Y:01 S:C6 P:nvUbdIZC 
                        $822F:8D 07 20  STA $2007 = #$00                                               A:00 X:A8 Y:01 S:C7 P:nvUbdIZC 
                        $8232:68        PLA                                                            A:00 X:A8 Y:01 S:C7 P:nvUbdIZC 
                       $8233:8D 07 20  STA $2007 = #$00                                               A:00 X:A8 Y:01 S:C8 P:nvUbdIZC 
                       $8236:68        PLA                                                            A:00 X:A8 Y:01 S:C8 P:nvUbdIZC 
                      $8237:8D 07 20  STA $2007 = #$00                                               A:F4 X:A8 Y:01 S:C9 P:NvUbdIzC 
                      $823A:68        PLA                                                            A:F4 X:A8 Y:01 S:C9 P:NvUbdIzC 
                     $823B:8D 07 20  STA $2007 = #$00                                               A:F4 X:A8 Y:01 S:CA P:NvUbdIzC 
                     $823E:68        PLA                                                            A:F4 X:A8 Y:01 S:CA P:NvUbdIzC 
                    $823F:8D 07 20  STA $2007 = #$00                                               A:F4 X:A8 Y:01 S:CB P:NvUbdIzC 
                    $8242:68        PLA                                                            A:F4 X:A8 Y:01 S:CB P:NvUbdIzC 
                   $8243:8D 07 20  STA $2007 = #$00                                               A:F4 X:A8 Y:01 S:CC P:NvUbdIzC 
                   $8246:68        PLA                                                            A:F4 X:A8 Y:01 S:CC P:NvUbdIzC 
                  $8247:8D 07 20  STA $2007 = #$00                                               A:F4 X:A8 Y:01 S:CD P:NvUbdIzC 
                  $824A:68        PLA                                                            A:F4 X:A8 Y:01 S:CD P:NvUbdIzC 
                 $824B:8D 07 20  STA $2007 = #$00                                               A:F4 X:A8 Y:01 S:CE P:NvUbdIzC 
                 $824E:68        PLA                                                            A:F4 X:A8 Y:01 S:CE P:NvUbdIzC 
                $824F:8D 07 20  STA $2007 = #$00                                               A:00 X:A8 Y:01 S:CF P:nvUbdIZC 
                $8252:68        PLA                                                            A:00 X:A8 Y:01 S:CF P:nvUbdIZC 
               $8253:8D 07 20  STA $2007 = #$00                                               A:F0 X:A8 Y:01 S:D0 P:NvUbdIzC 
               $8256:68        PLA                                                            A:F0 X:A8 Y:01 S:D0 P:NvUbdIzC 
              $8257:8D 07 20  STA $2007 = #$00                                               A:F0 X:A8 Y:01 S:D1 P:NvUbdIzC 
              $825A:68        PLA                                                            A:F0 X:A8 Y:01 S:D1 P:NvUbdIzC 
             $825B:8D 07 20  STA $2007 = #$00                                               A:F2 X:A8 Y:01 S:D2 P:NvUbdIzC 
             $825E:68        PLA                                                            A:F2 X:A8 Y:01 S:D2 P:NvUbdIzC 
            $825F:8D 07 20  STA $2007 = #$00                                               A:F2 X:A8 Y:01 S:D3 P:NvUbdIzC 
            $8262:68        PLA                                                            A:F2 X:A8 Y:01 S:D3 P:NvUbdIzC 
           $8263:8D 07 20  STA $2007 = #$00                                               A:F2 X:A8 Y:01 S:D4 P:NvUbdIzC 
           $8266:68        PLA                                                            A:F2 X:A8 Y:01 S:D4 P:NvUbdIzC 
          $8267:8D 07 20  STA $2007 = #$00                                               A:00 X:A8 Y:01 S:D5 P:nvUbdIZC 
          $826A:68        PLA                                                            A:00 X:A8 Y:01 S:D5 P:nvUbdIZC 
         $826B:8D 07 20  STA $2007 = #$00                                               A:00 X:A8 Y:01 S:D6 P:nvUbdIZC 
         $826E:68        PLA                                                            A:00 X:A8 Y:01 S:D6 P:nvUbdIZC 
        $826F:8D 07 20  STA $2007 = #$00                                               A:00 X:A8 Y:01 S:D7 P:nvUbdIZC 
        $8272:68        PLA                                                            A:00 X:A8 Y:01 S:D7 P:nvUbdIZC 
       $8273:8D 07 20  STA $2007 = #$00                                               A:00 X:A8 Y:01 S:D8 P:nvUbdIZC 
       $8276:68        PLA                                                            A:00 X:A8 Y:01 S:D8 P:nvUbdIZC 
      $8277:8D 07 20  STA $2007 = #$00                                               A:F0 X:A8 Y:01 S:D9 P:NvUbdIzC 
      $827A:68        PLA                                                            A:F0 X:A8 Y:01 S:D9 P:NvUbdIzC 
     $827B:8D 07 20  STA $2007 = #$00                                               A:F0 X:A8 Y:01 S:DA P:NvUbdIzC 
     $827E:68        PLA                                                            A:F0 X:A8 Y:01 S:DA P:NvUbdIzC 
    $827F:8D 07 20  STA $2007 = #$00                                               A:F2 X:A8 Y:01 S:DB P:NvUbdIzC 
    $8282:68        PLA                                                            A:F2 X:A8 Y:01 S:DB P:NvUbdIzC 
   $8283:8D 07 20  STA $2007 = #$00                                               A:F2 X:A8 Y:01 S:DC P:NvUbdIzC 
   $8286:68        PLA                                                            A:F2 X:A8 Y:01 S:DC P:NvUbdIzC 
  $8287:8D 07 20  STA $2007 = #$00                                               A:F2 X:A8 Y:01 S:DD P:NvUbdIzC 
  $828A:68        PLA                                                            A:F2 X:A8 Y:01 S:DD P:NvUbdIzC 
 $828B:8D 07 20  STA $2007 = #$00                                               A:00 X:A8 Y:01 S:DE P:nvUbdIZC 
 $828E:68        PLA                                                            A:00 X:A8 Y:01 S:DE P:nvUbdIZC 
$828F:8D 07 20  STA $2007 = #$00                                               A:F4 X:A8 Y:01 S:DF P:NvUbdIzC 
$8292:68        PLA                                                            A:F4 X:A8 Y:01 S:DF P:NvUbdIzC 
                               $8293:8D 07 20  STA $2007 = #$00                                               A:F4 X:A8 Y:01 S:E0 P:NvUbdIzC 
                               $8296:68        PLA                                                            A:F4 X:A8 Y:01 S:E0 P:NvUbdIzC 
                              $8297:8D 07 20  STA $2007 = #$00                                               A:F4 X:A8 Y:01 S:E1 P:NvUbdIzC 
                              $829A:68        PLA                                                            A:F4 X:A8 Y:01 S:E1 P:NvUbdIzC 
                             $829B:8D 07 20  STA $2007 = #$00                                               A:F4 X:A8 Y:01 S:E2 P:NvUbdIzC 
                             $829E:68        PLA                                                            A:F4 X:A8 Y:01 S:E2 P:NvUbdIzC 
                            $829F:8D 07 20  STA $2007 = #$00                                               A:F4 X:A8 Y:01 S:E3 P:NvUbdIzC 
                            $82A2:68        PLA                                                            A:F4 X:A8 Y:01 S:E3 P:NvUbdIzC 
                           $82A3:8D 07 20  STA $2007 = #$00                                               A:F4 X:A8 Y:01 S:E4 P:NvUbdIzC 
                           $82A6:4C 48 81  JMP $8148                                                      A:F4 X:A8 Y:01 S:E4 P:NvUbdIzC 
                           $8148:88        DEY                                                            A:F4 X:A8 Y:01 S:E4 P:NvUbdIzC 
                           $8149:F0 4A     BEQ $8195                                                      A:F4 X:A8 Y:00 S:E4 P:nvUbdIZC 
                           $8195:A9 10     LDA #$10                                                       A:F4 X:A8 Y:00 S:E4 P:nvUbdIZC 
                           $8197:8D 00 20  STA $2000 = #$10                                               A:10 X:A8 Y:00 S:E4 P:nvUbdIzC 
                           $819A:A5 15     LDA $0015 = #$83                                               A:10 X:A8 Y:00 S:E4 P:nvUbdIzC 
                           $819C:30 1E     BMI $81BC                                                      A:83 X:A8 Y:00 S:E4 P:NvUbdIzC 
                           $81BC:A6 2F     LDX $002F = #$FD                                               A:83 X:A8 Y:00 S:E4 P:NvUbdIzC 
                           $81BE:9A        TXS                                                            A:83 X:FD Y:00 S:E4 P:NvUbdIzC 
  $81BF:60        RTS (from $8108) ----------------------------------------------A:83 X:FD Y:00 S:FD P:NvUbdIzC 
$83A7:20 B5 85  JSR $85B5                                                      A:83 X:FD Y:00 S:FF P:NvUbdIzC 
  $85B5:A5 CC     LDA $00CC = #$00                                               A:83 X:FD Y:00 S:FD P:NvUbdIzC 
  $85B7:D0 D4     BNE $858D                                                      A:00 X:FD Y:00 S:FD P:nvUbdIZC 
  $85B9:AD 96 07  LDA $0796 = #$80                                               A:00 X:FD Y:00 S:FD P:nvUbdIZC 
  $85BC:18        CLC                                                            A:80 X:FD Y:00 S:FD P:NvUbdIzC 
  $85BD:69 10     ADC #$10                                                       A:80 X:FD Y:00 S:FD P:NvUbdIzc 
  $85BF:B0 09     BCS $85CA                                                      A:90 X:FD Y:00 S:FD P:NvUbdIzc 
  $85C1:EA        NOP                                                            A:90 X:FD Y:00 S:FD P:NvUbdIzc 
  $85C2:4C C5 85  JMP $85C5                                                      A:90 X:FD Y:00 S:FD P:NvUbdIzc 
  $85C5:EA        NOP                                                            A:90 X:FD Y:00 S:FD P:NvUbdIzc 
  $85C6:EA        NOP                                                            A:90 X:FD Y:00 S:FD P:NvUbdIzc 
  $85C7:4C BD 85  JMP $85BD                                                      A:90 X:FD Y:00 S:FD P:NvUbdIzc 
  $85BD:69 10     ADC #$10                                                       A:90 X:FD Y:00 S:FD P:NvUbdIzc 
  $85BF:B0 09     BCS $85CA                                                      A:A0 X:FD Y:00 S:FD P:NvUbdIzc 
  $85C1:EA        NOP                                                            A:A0 X:FD Y:00 S:FD P:NvUbdIzc 
  $85C2:4C C5 85  JMP $85C5                                                      A:A0 X:FD Y:00 S:FD P:NvUbdIzc 
  $85C5:EA        NOP                                                            A:A0 X:FD Y:00 S:FD P:NvUbdIzc 
  $85C6:EA        NOP                                                            A:A0 X:FD Y:00 S:FD P:NvUbdIzc 
  $85C7:4C BD 85  JMP $85BD                                                      A:A0 X:FD Y:00 S:FD P:NvUbdIzc 
  $85BD:69 10     ADC #$10                                                       A:A0 X:FD Y:00 S:FD P:NvUbdIzc 
  $85BF:B0 09     BCS $85CA                                                      A:B0 X:FD Y:00 S:FD P:NvUbdIzc 
  $85C1:EA        NOP                                                            A:B0 X:FD Y:00 S:FD P:NvUbdIzc 
  $85C2:4C C5 85  JMP $85C5                                                      A:B0 X:FD Y:00 S:FD P:NvUbdIzc 
  $85C5:EA        NOP                                                            A:B0 X:FD Y:00 S:FD P:NvUbdIzc 
  $85C6:EA        NOP                                                            A:B0 X:FD Y:00 S:FD P:NvUbdIzc 
  $85C7:4C BD 85  JMP $85BD                                                      A:B0 X:FD Y:00 S:FD P:NvUbdIzc 
  $85BD:69 10     ADC #$10                                                       A:B0 X:FD Y:00 S:FD P:NvUbdIzc 
  $85BF:B0 09     BCS $85CA                                                      A:C0 X:FD Y:00 S:FD P:NvUbdIzc 
  $85C1:EA        NOP                                                            A:C0 X:FD Y:00 S:FD P:NvUbdIzc 
  $85C2:4C C5 85  JMP $85C5                                                      A:C0 X:FD Y:00 S:FD P:NvUbdIzc 
  $85C5:EA        NOP                                                            A:C0 X:FD Y:00 S:FD P:NvUbdIzc 
  $85C6:EA        NOP                                                            A:C0 X:FD Y:00 S:FD P:NvUbdIzc 
  $85C7:4C BD 85  JMP $85BD                                                      A:C0 X:FD Y:00 S:FD P:NvUbdIzc 
  $85BD:69 10     ADC #$10                                                       A:C0 X:FD Y:00 S:FD P:NvUbdIzc 
  $85BF:B0 09     BCS $85CA                                                      A:D0 X:FD Y:00 S:FD P:NvUbdIzc 
  $85C1:EA        NOP                                                            A:D0 X:FD Y:00 S:FD P:NvUbdIzc 
  $85C2:4C C5 85  JMP $85C5                                                      A:D0 X:FD Y:00 S:FD P:NvUbdIzc 
  $85C5:EA        NOP                                                            A:D0 X:FD Y:00 S:FD P:NvUbdIzc 
  $85C6:EA        NOP                                                            A:D0 X:FD Y:00 S:FD P:NvUbdIzc 
  $85C7:4C BD 85  JMP $85BD                                                      A:D0 X:FD Y:00 S:FD P:NvUbdIzc 
  $85BD:69 10     ADC #$10                                                       A:D0 X:FD Y:00 S:FD P:NvUbdIzc 
  $85BF:B0 09     BCS $85CA                                                      A:E0 X:FD Y:00 S:FD P:NvUbdIzc 
  $85C1:EA        NOP                                                            A:E0 X:FD Y:00 S:FD P:NvUbdIzc 
  $85C2:4C C5 85  JMP $85C5                                                      A:E0 X:FD Y:00 S:FD P:NvUbdIzc 
  $85C5:EA        NOP                                                            A:E0 X:FD Y:00 S:FD P:NvUbdIzc 
  $85C6:EA        NOP                                                            A:E0 X:FD Y:00 S:FD P:NvUbdIzc 
  $85C7:4C BD 85  JMP $85BD                                                      A:E0 X:FD Y:00 S:FD P:NvUbdIzc 
  $85BD:69 10     ADC #$10                                                       A:E0 X:FD Y:00 S:FD P:NvUbdIzc 
  $85BF:B0 09     BCS $85CA                                                      A:F0 X:FD Y:00 S:FD P:NvUbdIzc 
  $85C1:EA        NOP                                                            A:F0 X:FD Y:00 S:FD P:NvUbdIzc 
  $85C2:4C C5 85  JMP $85C5                                                      A:F0 X:FD Y:00 S:FD P:NvUbdIzc 
  $85C5:EA        NOP                                                            A:F0 X:FD Y:00 S:FD P:NvUbdIzc 
  $85C6:EA        NOP                                                            A:F0 X:FD Y:00 S:FD P:NvUbdIzc 
  $85C7:4C BD 85  JMP $85BD                                                      A:F0 X:FD Y:00 S:FD P:NvUbdIzc 
  $85BD:69 10     ADC #$10                                                       A:F0 X:FD Y:00 S:FD P:NvUbdIzc 
  $85BF:B0 09     BCS $85CA                                                      A:00 X:FD Y:00 S:FD P:nvUbdIZC 
  $85CA:20 82 07  JSR $0782                                                      A:00 X:FD Y:00 S:FD P:nvUbdIZC 
    $0782:A9 12     LDA #$12                                                       A:00 X:FD Y:00 S:FB P:nvUbdIZC 
    $0784:8D C5 FF  STA $FFC5 = #$12                                               A:12 X:FD Y:00 S:FB P:nvUbdIzC 
    $0787:A5 9C     LDA $009C = #$00                                               A:12 X:FD Y:00 S:FB P:nvUbdIzC 
    $0789:8D 06 20  STA $2006 = #$9E                                               A:00 X:FD Y:00 S:FB P:nvUbdIZC 
    $078C:A5 9D     LDA $009D = #$10                                               A:00 X:FD Y:00 S:FB P:nvUbdIZC 
    $078E:8D 06 20  STA $2006 = #$9E                                               A:10 X:FD Y:00 S:FB P:nvUbdIzC 
    $0791:A9 00     LDA #$00                                                       A:10 X:FD Y:00 S:FB P:nvUbdIzC 
    $0793:18        CLC                                                            A:00 X:FD Y:00 S:FB P:nvUbdIZC 
    $0794:AA        TAX                                                            A:00 X:FD Y:00 S:FB P:nvUbdIZc 
    $0795:BC 80 A5  LDY $A580,X @ $A580 = #$00                                     A:00 X:00 Y:00 S:FB P:nvUbdIZc 
    $0798:8C 07 20  STY $2007 = #$00                                               A:00 X:00 Y:00 S:FB P:nvUbdIZc 
    $079B:BC 81 A5  LDY $A581,X @ $A581 = #$00                                     A:00 X:00 Y:00 S:FB P:nvUbdIZc 
    $079E:8C 07 20  STY $2007 = #$00                                               A:00 X:00 Y:00 S:FB P:nvUbdIZc 
    $07A1:BC 82 A5  LDY $A582,X @ $A582 = #$C0                                     A:00 X:00 Y:00 S:FB P:nvUbdIZc 
    $07A4:8C 07 20  STY $2007 = #$00                                               A:00 X:00 Y:C0 S:FB P:NvUbdIzc 
    $07A7:BC 83 A5  LDY $A583,X @ $A583 = #$30                                     A:00 X:00 Y:C0 S:FB P:NvUbdIzc 
    $07AA:8C 07 20  STY $2007 = #$00                                               A:00 X:00 Y:30 S:FB P:nvUbdIzc 
    $07AD:BC 84 A5  LDY $A584,X @ $A584 = #$EC                                     A:00 X:00 Y:30 S:FB P:nvUbdIzc 
    $07B0:8C 07 20  STY $2007 = #$00                                               A:00 X:00 Y:EC S:FB P:NvUbdIzc 
    $07B3:BC 85 A5  LDY $A585,X @ $A585 = #$13                                     A:00 X:00 Y:EC S:FB P:NvUbdIzc 
    $07B6:8C 07 20  STY $2007 = #$00                                               A:00 X:00 Y:13 S:FB P:nvUbdIzc 
    $07B9:BC 86 A5  LDY $A586,X @ $A586 = #$10                                     A:00 X:00 Y:13 S:FB P:nvUbdIzc 
    $07BC:8C 07 20  STY $2007 = #$00                                               A:00 X:00 Y:10 S:FB P:nvUbdIzc 
    $07BF:BC 87 A5  LDY $A587,X @ $A587 = #$20                                     A:00 X:00 Y:10 S:FB P:nvUbdIzc 
    $07C2:8C 07 20  STY $2007 = #$00                                               A:00 X:00 Y:20 S:FB P:nvUbdIzc 
    $07C5:BC 88 A5  LDY $A588,X @ $A588 = #$00                                     A:00 X:00 Y:20 S:FB P:nvUbdIzc 
    $07C8:8C 07 20  STY $2007 = #$00                                               A:00 X:00 Y:00 S:FB P:nvUbdIZc 
    $07CB:BC 89 A5  LDY $A589,X @ $A589 = #$00                                     A:00 X:00 Y:00 S:FB P:nvUbdIZc 
    $07CE:8C 07 20  STY $2007 = #$00                                               A:00 X:00 Y:00 S:FB P:nvUbdIZc 
    $07D1:BC 8A A5  LDY $A58A,X @ $A58A = #$00                                     A:00 X:00 Y:00 S:FB P:nvUbdIZc 
    $07D4:8C 07 20  STY $2007 = #$00                                               A:00 X:00 Y:00 S:FB P:nvUbdIZc 
    $07D7:BC 8B A5  LDY $A58B,X @ $A58B = #$C0                                     A:00 X:00 Y:00 S:FB P:nvUbdIZc 
    $07DA:8C 07 20  STY $2007 = #$00                                               A:00 X:00 Y:C0 S:FB P:NvUbdIzc 
    $07DD:BC 8C A5  LDY $A58C,X @ $A58C = #$10                                     A:00 X:00 Y:C0 S:FB P:NvUbdIzc 
    $07E0:8C 07 20  STY $2007 = #$00                                               A:00 X:00 Y:10 S:FB P:nvUbdIzc 
    $07E3:BC 8D A5  LDY $A58D,X @ $A58D = #$EC                                     A:00 X:00 Y:10 S:FB P:nvUbdIzc 
    $07E6:8C 07 20  STY $2007 = #$00                                               A:00 X:00 Y:EC S:FB P:NvUbdIzc 
    $07E9:BC 8E A5  LDY $A58E,X @ $A58E = #$E8                                     A:00 X:00 Y:EC S:FB P:NvUbdIzc 
    $07EC:8C 07 20  STY $2007 = #$00                                               A:00 X:00 Y:E8 S:FB P:NvUbdIzc 
    $07EF:BC 8F A5  LDY $A58F,X @ $A58F = #$C0                                     A:00 X:00 Y:E8 S:FB P:NvUbdIzc 
    $07F2:8C 07 20  STY $2007 = #$00                                               A:00 X:00 Y:C0 S:FB P:NvUbdIzc 
    $07F5:69 10     ADC #$10                                                       A:00 X:00 Y:C0 S:FB P:NvUbdIzc 
    $07F7:AA        TAX                                                            A:10 X:00 Y:C0 S:FB P:nvUbdIzc 
    $07F8:D0 9B     BNE $0795                                                      A:10 X:10 Y:C0 S:FB P:nvUbdIzc 
    $0795:BC 80 A5  LDY $A580,X @ $A590 = #$01                                     A:10 X:10 Y:C0 S:FB P:nvUbdIzc 
    $0798:8C 07 20  STY $2007 = #$00                                               A:10 X:10 Y:01 S:FB P:nvUbdIzc 
    $079B:BC 81 A5  LDY $A581,X @ $A591 = #$02                                     A:10 X:10 Y:01 S:FB P:nvUbdIzc 
    $079E:8C 07 20  STY $2007 = #$00                                               A:10 X:10 Y:02 S:FB P:nvUbdIzc 
    $07A1:BC 82 A5  LDY $A582,X @ $A592 = #$1C                                     A:10 X:10 Y:02 S:FB P:nvUbdIzc 
    $07A4:8C 07 20  STY $2007 = #$00                                               A:10 X:10 Y:1C S:FB P:nvUbdIzc 
    $07A7:BC 83 A5  LDY $A583,X @ $A593 = #$63                                     A:10 X:10 Y:1C S:FB P:nvUbdIzc 
    $07AA:8C 07 20  STY $2007 = #$00                                               A:10 X:10 Y:63 S:FB P:nvUbdIzc 
    $07AD:BC 84 A5  LDY $A584,X @ $A594 = #$80                                     A:10 X:10 Y:63 S:FB P:nvUbdIzc 
    $07B0:8C 07 20  STY $2007 = #$00                                               A:10 X:10 Y:80 S:FB P:NvUbdIzc 
    $07B3:BC 85 A5  LDY $A585,X @ $A595 = #$03                                     A:10 X:10 Y:80 S:FB P:NvUbdIzc 
    $07B6:8C 07 20  STY $2007 = #$00                                               A:10 X:10 Y:03 S:FB P:nvUbdIzc 
    $07B9:BC 86 A5  LDY $A586,X @ $A596 = #$84                                     A:10 X:10 Y:03 S:FB P:nvUbdIzc 
    $07BC:8C 07 20  STY $2007 = #$00                                               A:10 X:10 Y:84 S:FB P:NvUbdIzc 
    $07BF:BC 87 A5  LDY $A587,X @ $A597 = #$44                                     A:10 X:10 Y:84 S:FB P:NvUbdIzc 
    $07C2:8C 07 20  STY $2007 = #$00                                               A:10 X:10 Y:44 S:FB P:nvUbdIzc 
    $07C5:BC 88 A5  LDY $A588,X @ $A598 = #$00                                     A:10 X:10 Y:44 S:FB P:nvUbdIzc 
    $07C8:8C 07 20  STY $2007 = #$00                                               A:10 X:10 Y:00 S:FB P:nvUbdIZc 
    $07CB:BC 89 A5  LDY $A589,X @ $A599 = #$01                                     A:10 X:10 Y:00 S:FB P:nvUbdIZc 
    $07CE:8C 07 20  STY $2007 = #$00                                               A:10 X:10 Y:01 S:FB P:nvUbdIzc 
    $07D1:BC 8A A5  LDY $A58A,X @ $A59A = #$03                                     A:10 X:10 Y:01 S:FB P:nvUbdIzc 
    $07D4:8C 07 20  STY $2007 = #$00                                               A:10 X:10 Y:03 S:FB P:nvUbdIzc 
    $07D7:BC 8B A5  LDY $A58B,X @ $A59B = #$1C                                     A:10 X:10 Y:03 S:FB P:nvUbdIzc 
    $07DA:8C 07 20  STY $2007 = #$00                                               A:10 X:10 Y:1C S:FB P:nvUbdIzc 
    $07DD:BC 8C A5  LDY $A58C,X @ $A59C = #$7F                                     A:10 X:10 Y:1C S:FB P:nvUbdIzc 
    $07E0:8C 07 20  STY $2007 = #$00                                               A:10 X:10 Y:7F S:FB P:nvUbdIzc 
    $07E3:BC 8D A5  LDY $A58D,X @ $A59D = #$3C                                     A:10 X:10 Y:7F S:FB P:nvUbdIzc 
    $07E6:8C 07 20  STY $2007 = #$00                                               A:10 X:10 Y:3C S:FB P:nvUbdIzc 
    $07E9:BC 8E A5  LDY $A58E,X @ $A59E = #$D8                                     A:10 X:10 Y:3C S:FB P:nvUbdIzc 
    $07EC:8C 07 20  STY $2007 = #$00                                               A:10 X:10 Y:D8 S:FB P:NvUbdIzc 
    $07EF:BC 8F A5  LDY $A58F,X @ $A59F = #$60                                     A:10 X:10 Y:D8 S:FB P:NvUbdIzc 
    $07F2:8C 07 20  STY $2007 = #$00                                               A:10 X:10 Y:60 S:FB P:nvUbdIzc 
    $07F5:69 10     ADC #$10                                                       A:10 X:10 Y:60 S:FB P:nvUbdIzc 
    $07F7:AA        TAX                                                            A:20 X:10 Y:60 S:FB P:nvUbdIzc 
    $07F8:D0 9B     BNE $0795                                                      A:20 X:20 Y:60 S:FB P:nvUbdIzc 
    $0795:BC 80 A5  LDY $A580,X @ $A5A0 = #$03                                     A:20 X:20 Y:60 S:FB P:nvUbdIzc 
    $0798:8C 07 20  STY $2007 = #$00                                               A:20 X:20 Y:03 S:FB P:nvUbdIzc 
    $079B:BC 81 A5  LDY $A581,X @ $A5A1 = #$0F                                     A:20 X:20 Y:03 S:FB P:nvUbdIzc 
    $079E:8C 07 20  STY $2007 = #$00                                               A:20 X:20 Y:0F S:FB P:nvUbdIzc 
    $07A1:BC 82 A5  LDY $A582,X @ $A5A2 = #$1E                                     A:20 X:20 Y:0F S:FB P:nvUbdIzc 
    $07A4:8C 07 20  STY $2007 = #$00                                               A:20 X:20 Y:1E S:FB P:nvUbdIzc 
    $07A7:BC 83 A5  LDY $A583,X @ $A5A3 = #$37                                     A:20 X:20 Y:1E S:FB P:nvUbdIzc 
    $07AA:8C 07 20  STY $2007 = #$00                                               A:20 X:20 Y:37 S:FB P:nvUbdIzc 
    $07AD:BC 84 A5  LDY $A584,X @ $A5A4 = #$20                                     A:20 X:20 Y:37 S:FB P:nvUbdIzc 
    $07B0:8C 07 20  STY $2007 = #$00                                               A:20 X:20 Y:20 S:FB P:nvUbdIzc 
    $07B3:BC 85 A5  LDY $A585,X @ $A5A5 = #$20                                     A:20 X:20 Y:20 S:FB P:nvUbdIzc 
    $07B6:8C 07 20  STY $2007 = #$00                                               A:20 X:20 Y:20 S:FB P:nvUbdIzc 
    $07B9:BC 86 A5  LDY $A586,X @ $A5A6 = #$40                                     A:20 X:20 Y:20 S:FB P:nvUbdIzc 
    $07BC:8C 07 20  STY $2007 = #$00                                               A:20 X:20 Y:40 S:FB P:nvUbdIzc 
    $07BF:BC 87 A5  LDY $A587,X @ $A5A7 = #$F0                                     A:20 X:20 Y:40 S:FB P:nvUbdIzc 
    $07C2:8C 07 20  STY $2007 = #$00                                               A:20 X:20 Y:F0 S:FB P:NvUbdIzc 
    $07C5:BC 88 A5  LDY $A588,X @ $A5A8 = #$00                                     A:20 X:20 Y:F0 S:FB P:NvUbdIzc 
    $07C8:8C 07 20  STY $2007 = #$00                                               A:20 X:20 Y:00 S:FB P:nvUbdIZc 
    $07CB:BC 89 A5  LDY $A589,X @ $A5A9 = #$03                                     A:20 X:20 Y:00 S:FB P:nvUbdIZc 
    $07CE:8C 07 20  STY $2007 = #$00                                               A:20 X:20 Y:03 S:FB P:nvUbdIzc 
    $07D1:BC 8A A5  LDY $A58A,X @ $A5AA = #$0F                                     A:20 X:20 Y:03 S:FB P:nvUbdIzc 
    $07D4:8C 07 20  STY $2007 = #$00                                               A:20 X:20 Y:0F S:FB P:nvUbdIzc 
    $07D7:BC 8B A5  LDY $A58B,X @ $A5AB = #$18                                     A:20 X:20 Y:0F S:FB P:nvUbdIzc 
    $07DA:8C 07 20  STY $2007 = #$00                                               A:20 X:20 Y:18 S:FB P:nvUbdIzc 
    $07DD:BC 8C A5  LDY $A58C,X @ $A5AC = #$1F                                     A:20 X:20 Y:18 S:FB P:nvUbdIzc 
    $07E0:8C 07 20  STY $2007 = #$00                                               A:20 X:20 Y:1F S:FB P:nvUbdIzc 
    $07E3:BC 8D A5  LDY $A58D,X @ $A5AD = #$1F                                     A:20 X:20 Y:1F S:FB P:nvUbdIzc 
    $07E6:8C 07 20  STY $2007 = #$00                                               A:20 X:20 Y:1F S:FB P:nvUbdIzc 
    $07E9:BC 8E A5  LDY $A58E,X @ $A5AE = #$3F                                     A:20 X:20 Y:1F S:FB P:nvUbdIzc 
    $07EC:8C 07 20  STY $2007 = #$00                                               A:20 X:20 Y:3F S:FB P:nvUbdIzc 
    $07EF:BC 8F A5  LDY $A58F,X @ $A5AF = #$4F                                     A:20 X:20 Y:3F S:FB P:nvUbdIzc 
    $07F2:8C 07 20  STY $2007 = #$00                                               A:20 X:20 Y:4F S:FB P:nvUbdIzc 
    $07F5:69 10     ADC #$10                                                       A:20 X:20 Y:4F S:FB P:nvUbdIzc 
    $07F7:AA        TAX                                                            A:30 X:20 Y:4F S:FB P:nvUbdIzc 
    $07F8:D0 9B     BNE $0795                                                      A:30 X:30 Y:4F S:FB P:nvUbdIzc 
    $0795:BC 80 A5  LDY $A580,X @ $A5B0 = #$F9                                     A:30 X:30 Y:4F S:FB P:nvUbdIzc 
    $0798:8C 07 20  STY $2007 = #$00                                               A:30 X:30 Y:F9 S:FB P:NvUbdIzc 
    $079B:BC 81 A5  LDY $A581,X @ $A5B1 = #$F6                                     A:30 X:30 Y:F9 S:FB P:NvUbdIzc 
    $079E:8C 07 20  STY $2007 = #$00                                               A:30 X:30 Y:F6 S:FB P:NvUbdIzc 
    $07A1:BC 82 A5  LDY $A582,X @ $A5B2 = #$8C                                     A:30 X:30 Y:F6 S:FB P:NvUbdIzc 
    $07A4:8C 07 20  STY $2007 = #$00                                               A:30 X:30 Y:8C S:FB P:NvUbdIzc 
    $07A7:BC 83 A5  LDY $A583,X @ $A5B3 = #$03                                     A:30 X:30 Y:8C S:FB P:NvUbdIzc 
    $07AA:8C 07 20  STY $2007 = #$00                                               A:30 X:30 Y:03 S:FB P:nvUbdIzc 
    $07AD:BC 84 A5  LDY $A584,X @ $A5B4 = #$00                                     A:30 X:30 Y:03 S:FB P:nvUbdIzc 
    $07B0:8C 07 20  STY $2007 = #$00                                               A:30 X:30 Y:00 S:FB P:nvUbdIZc 
    $07B3:BC 85 A5  LDY $A585,X @ $A5B5 = #$00                                     A:30 X:30 Y:00 S:FB P:nvUbdIZc 
    $07B6:8C 07 20  STY $2007 = #$00                                               A:30 X:30 Y:00 S:FB P:nvUbdIZc 
    $07B9:BC 86 A5  LDY $A586,X @ $A5B6 = #$01                                     A:30 X:30 Y:00 S:FB P:nvUbdIZc 
    $07BC:8C 07 20  STY $2007 = #$00                                               A:30 X:30 Y:01 S:FB P:nvUbdIzc 
    $07BF:BC 87 A5  LDY $A587,X @ $A5B7 = #$04                                     A:30 X:30 Y:01 S:FB P:nvUbdIzc 
    $07C2:8C 07 20  STY $2007 = #$00                                               A:30 X:30 Y:04 S:FB P:nvUbdIzc 
    $07C5:BC 88 A5  LDY $A588,X @ $A5B8 = #$00                                     A:30 X:30 Y:04 S:FB P:nvUbdIzc 
    $07C8:8C 07 20  STY $2007 = #$00                                               A:30 X:30 Y:00 S:FB P:nvUbdIZc 
    $07CB:BC 89 A5  LDY $A589,X @ $A5B9 = #$C9                                     A:30 X:30 Y:00 S:FB P:nvUbdIZc 
    $07CE:8C 07 20  STY $2007 = #$00                                               A:30 X:30 Y:C9 S:FB P:NvUbdIzc 
    $07D1:BC 8A A5  LDY $A58A,X @ $A5BA = #$73                                     A:30 X:30 Y:C9 S:FB P:NvUbdIzc 
    $07D4:8C 07 20  STY $2007 = #$00                                               A:30 X:30 Y:73 S:FB P:nvUbdIzc 
    $07D7:BC 8B A5  LDY $A58B,X @ $A5BB = #$FC                                     A:30 X:30 Y:73 S:FB P:nvUbdIzc 
    $07DA:8C 07 20  STY $2007 = #$00                                               A:30 X:30 Y:FC S:FB P:NvUbdIzc 
    $07DD:BC 8C A5  LDY $A58C,X @ $A5BC = #$FF                                     A:30 X:30 Y:FC S:FB P:NvUbdIzc 
    $07E0:8C 07 20  STY $2007 = #$00                                               A:30 X:30 Y:FF S:FB P:NvUbdIzc 
    $07E3:BC 8D A5  LDY $A58D,X @ $A5BD = #$FF                                     A:30 X:30 Y:FF S:FB P:NvUbdIzc 
    $07E6:8C 07 20  STY $2007 = #$00                                               A:30 X:30 Y:FF S:FB P:NvUbdIzc 
    $07E9:BC 8E A5  LDY $A58E,X @ $A5BE = #$FF                                     A:30 X:30 Y:FF S:FB P:NvUbdIzc 
    $07EC:8C 07 20  STY $2007 = #$00                                               A:30 X:30 Y:FF S:FB P:NvUbdIzc 
    $07EF:BC 8F A5  LDY $A58F,X @ $A5BF = #$FF                                     A:30 X:30 Y:FF S:FB P:NvUbdIzc 
    $07F2:8C 07 20  STY $2007 = #$00                                               A:30 X:30 Y:FF S:FB P:NvUbdIzc 
    $07F5:69 10     ADC #$10                                                       A:30 X:30 Y:FF S:FB P:NvUbdIzc 
    $07F7:AA        TAX                                                            A:40 X:30 Y:FF S:FB P:nvUbdIzc 
    $07F8:D0 9B     BNE $0795                                                      A:40 X:40 Y:FF S:FB P:nvUbdIzc 
    $0795:BC 80 A5  LDY $A580,X @ $A5C0 = #$80                                     A:40 X:40 Y:FF S:FB P:nvUbdIzc 
    $0798:8C 07 20  STY $2007 = #$00                                               A:40 X:40 Y:80 S:FB P:NvUbdIzc 
    $079B:BC 81 A5  LDY $A581,X @ $A5C1 = #$40                                     A:40 X:40 Y:80 S:FB P:NvUbdIzc 
    $079E:8C 07 20  STY $2007 = #$00                                               A:40 X:40 Y:40 S:FB P:nvUbdIzc 
    $07A1:BC 82 A5  LDY $A582,X @ $A5C2 = #$FE                                     A:40 X:40 Y:40 S:FB P:nvUbdIzc 
    $07A4:8C 07 20  STY $2007 = #$00                                               A:40 X:40 Y:FE S:FB P:NvUbdIzc 
    $07A7:BC 83 A5  LDY $A583,X @ $A5C3 = #$FF                                     A:40 X:40 Y:FE S:FB P:NvUbdIzc 
    $07AA:8C 07 20  STY $2007 = #$00                                               A:40 X:40 Y:FF S:FB P:NvUbdIzc 
    $07AD:BC 84 A5  LDY $A584,X @ $A5C4 = #$FB                                     A:40 X:40 Y:FF S:FB P:NvUbdIzc 
    $07B0:8C 07 20  STY $2007 = #$00                                               A:40 X:40 Y:FB S:FB P:NvUbdIzc 
    $07B3:BC 85 A5  LDY $A585,X @ $A5C5 = #$3D                                     A:40 X:40 Y:FB S:FB P:NvUbdIzc 
    $07B6:8C 07 20  STY $2007 = #$00                                               A:40 X:40 Y:3D S:FB P:nvUbdIzc 
    $07B9:BC 86 A5  LDY $A586,X @ $A5C6 = #$FF                                     A:40 X:40 Y:3D S:FB P:nvUbdIzc 
    $07BC:8C 07 20  STY $2007 = #$00                                               A:40 X:40 Y:FF S:FB P:NvUbdIzc 
    $07BF:BC 87 A5  LDY $A587,X @ $A5C7 = #$7F                                     A:40 X:40 Y:FF S:FB P:NvUbdIzc 
    $07C2:8C 07 20  STY $2007 = #$00                                               A:40 X:40 Y:7F S:FB P:nvUbdIzc 
    $07C5:BC 88 A5  LDY $A588,X @ $A5C8 = #$00                                     A:40 X:40 Y:7F S:FB P:nvUbdIzc 
    $07C8:8C 07 20  STY $2007 = #$00                                               A:40 X:40 Y:00 S:FB P:nvUbdIZc 
    $07CB:BC 89 A5  LDY $A589,X @ $A5C9 = #$80                                     A:40 X:40 Y:00 S:FB P:nvUbdIZc 
    $07CE:8C 07 20  STY $2007 = #$00                                               A:40 X:40 Y:80 S:FB P:NvUbdIzc 
    $07D1:BC 8A A5  LDY $A58A,X @ $A5CA = #$00                                     A:40 X:40 Y:80 S:FB P:NvUbdIzc 
    $07D4:8C 07 20  STY $2007 = #$00                                               A:40 X:40 Y:00 S:FB P:nvUbdIZc 
    $07D7:BC 8B A5  LDY $A58B,X @ $A5CB = #$FE                                     A:40 X:40 Y:00 S:FB P:nvUbdIZc 
    $07DA:8C 07 20  STY $2007 = #$00                                               A:40 X:40 Y:FE S:FB P:NvUbdIzc 
    $07DD:BC 8C A5  LDY $A58C,X @ $A5CC = #$06                                     A:40 X:40 Y:FE S:FB P:NvUbdIzc 
    $07E0:8C 07 20  STY $2007 = #$00                                               A:40 X:40 Y:06 S:FB P:nvUbdIzc 
    $07E3:BC 8D A5  LDY $A58D,X @ $A5CD = #$FA                                     A:40 X:40 Y:06 S:FB P:nvUbdIzc 
    $07E6:8C 07 20  STY $2007 = #$00                                               A:40 X:40 Y:FA S:FB P:NvUbdIzc 
    $07E9:BC 8E A5  LDY $A58E,X @ $A5CE = #$FC                                     A:40 X:40 Y:FA S:FB P:NvUbdIzc 
    $07EC:8C 07 20  STY $2007 = #$00                                               A:40 X:40 Y:FC S:FB P:NvUbdIzc 
    $07EF:BC 8F A5  LDY $A58F,X @ $A5CF = #$FF                                     A:40 X:40 Y:FC S:FB P:NvUbdIzc 
    $07F2:8C 07 20  STY $2007 = #$00                                               A:40 X:40 Y:FF S:FB P:NvUbdIzc 
    $07F5:69 10     ADC #$10                                                       A:40 X:40 Y:FF S:FB P:NvUbdIzc 
    $07F7:AA        TAX                                                            A:50 X:40 Y:FF S:FB P:nvUbdIzc 
    $07F8:D0 9B     BNE $0795                                                      A:50 X:50 Y:FF S:FB P:nvUbdIzc 
    $0795:BC 80 A5  LDY $A580,X @ $A5D0 = #$00                                     A:50 X:50 Y:FF S:FB P:nvUbdIzc 
    $0798:8C 07 20  STY $2007 = #$00                                               A:50 X:50 Y:00 S:FB P:nvUbdIZc 
    $079B:BC 81 A5  LDY $A581,X @ $A5D1 = #$00                                     A:50 X:50 Y:00 S:FB P:nvUbdIZc 
    $079E:8C 07 20  STY $2007 = #$00                                               A:50 X:50 Y:00 S:FB P:nvUbdIZc 
    $07A1:BC 82 A5  LDY $A582,X @ $A5D2 = #$E4                                     A:50 X:50 Y:00 S:FB P:nvUbdIZc 
    $07A4:8C 07 20  STY $2007 = #$00                                               A:50 X:50 Y:E4 S:FB P:NvUbdIzc 
    $07A7:BC 83 A5  LDY $A583,X @ $A5D3 = #$FE                                     A:50 X:50 Y:E4 S:FB P:NvUbdIzc 
    $07AA:8C 07 20  STY $2007 = #$00                                               A:50 X:50 Y:FE S:FB P:NvUbdIzc 
    $07AD:BC 84 A5  LDY $A584,X @ $A5D4 = #$BE                                     A:50 X:50 Y:FE S:FB P:NvUbdIzc 
    $07B0:8C 07 20  STY $2007 = #$00                                               A:50 X:50 Y:BE S:FB P:NvUbdIzc 
    $07B3:BC 85 A5  LDY $A585,X @ $A5D5 = #$DE                                     A:50 X:50 Y:BE S:FB P:NvUbdIzc 
    $07B6:8C 07 20  STY $2007 = #$00                                               A:50 X:50 Y:DE S:FB P:NvUbdIzc 
    $07B9:BC 86 A5  LDY $A586,X @ $A5D6 = #$FE                                     A:50 X:50 Y:DE S:FB P:NvUbdIzc 
    $07BC:8C 07 20  STY $2007 = #$00                                               A:50 X:50 Y:FE S:FB P:NvUbdIzc 
    $07BF:BC 87 A5  LDY $A587,X @ $A5D7 = #$FF                                     A:50 X:50 Y:FE S:FB P:NvUbdIzc 
    $07C2:8C 07 20  STY $2007 = #$00                                               A:50 X:50 Y:FF S:FB P:NvUbdIzc 
    $07C5:BC 88 A5  LDY $A588,X @ $A5D8 = #$00                                     A:50 X:50 Y:FF S:FB P:NvUbdIzc 
    $07C8:8C 07 20  STY $2007 = #$00                                               A:50 X:50 Y:00 S:FB P:nvUbdIZc 
    $07CB:BC 89 A5  LDY $A589,X @ $A5D9 = #$00                                     A:50 X:50 Y:00 S:FB P:nvUbdIZc 
    $07CE:8C 07 20  STY $2007 = #$00                                               A:50 X:50 Y:00 S:FB P:nvUbdIZc 
    $07D1:BC 8A A5  LDY $A58A,X @ $A5DA = #$00                                     A:50 X:50 Y:00 S:FB P:nvUbdIZc 
    $07D4:8C 07 20  STY $2007 = #$00                                               A:50 X:50 Y:00 S:FB P:nvUbdIZc 
    $07D7:BC 8B A5  LDY $A58B,X @ $A5DB = #$E4                                     A:50 X:50 Y:00 S:FB P:nvUbdIZc 
    $07DA:8C 07 20  STY $2007 = #$00                                               A:50 X:50 Y:E4 S:FB P:NvUbdIzc 
    $07DD:BC 8C A5  LDY $A58C,X @ $A5DC = #$60                                     A:50 X:50 Y:E4 S:FB P:NvUbdIzc 
    $07E0:8C 07 20  STY $2007 = #$00                                               A:50 X:50 Y:60 S:FB P:nvUbdIzc 
    $07E3:BC 8D A5  LDY $A58D,X @ $A5DD = #$A8                                     A:50 X:50 Y:60 S:FB P:nvUbdIzc 
    $07E6:8C 07 20  STY $2007 = #$00                                               A:50 X:50 Y:A8 S:FB P:NvUbdIzc 
    $07E9:BC 8E A5  LDY $A58E,X @ $A5DE = #$C0                                     A:50 X:50 Y:A8 S:FB P:NvUbdIzc 
    $07EC:8C 07 20  STY $2007 = #$00                                               A:50 X:50 Y:C0 S:FB P:NvUbdIzc 
    $07EF:BC 8F A5  LDY $A58F,X @ $A5DF = #$F2                                     A:50 X:50 Y:C0 S:FB P:NvUbdIzc 
    $07F2:8C 07 20  STY $2007 = #$00                                               A:50 X:50 Y:F2 S:FB P:NvUbdIzc 
    $07F5:69 10     ADC #$10                                                       A:50 X:50 Y:F2 S:FB P:NvUbdIzc 
    $07F7:AA        TAX                                                            A:60 X:50 Y:F2 S:FB P:nvUbdIzc 
    $07F8:D0 9B     BNE $0795                                                      A:60 X:60 Y:F2 S:FB P:nvUbdIzc 
    $0795:BC 80 A5  LDY $A580,X @ $A5E0 = #$C8                                     A:60 X:60 Y:F2 S:FB P:nvUbdIzc 
    $0798:8C 07 20  STY $2007 = #$00                                               A:60 X:60 Y:C8 S:FB P:NvUbdIzc 
    $079B:BC 81 A5  LDY $A581,X @ $A5E1 = #$65                                     A:60 X:60 Y:C8 S:FB P:NvUbdIzc 
    $079E:8C 07 20  STY $2007 = #$00                                               A:60 X:60 Y:65 S:FB P:nvUbdIzc 
    $07A1:BC 82 A5  LDY $A582,X @ $A5E2 = #$1F                                     A:60 X:60 Y:65 S:FB P:nvUbdIzc 
    $07A4:8C 07 20  STY $2007 = #$00                                               A:60 X:60 Y:1F S:FB P:nvUbdIzc 
    $07A7:BC 83 A5  LDY $A583,X @ $A5E3 = #$0F                                     A:60 X:60 Y:1F S:FB P:nvUbdIzc 
    $07AA:8C 07 20  STY $2007 = #$00                                               A:60 X:60 Y:0F S:FB P:nvUbdIzc 
    $07AD:BC 84 A5  LDY $A584,X @ $A5E4 = #$01                                     A:60 X:60 Y:0F S:FB P:nvUbdIzc 
    $07B0:8C 07 20  STY $2007 = #$00                                               A:60 X:60 Y:01 S:FB P:nvUbdIzc 
    $07B3:BC 85 A5  LDY $A585,X @ $A5E5 = #$01                                     A:60 X:60 Y:01 S:FB P:nvUbdIzc 
    $07B6:8C 07 20  STY $2007 = #$00                                               A:60 X:60 Y:01 S:FB P:nvUbdIzc 
    $07B9:BC 86 A5  LDY $A586,X @ $A5E6 = #$01                                     A:60 X:60 Y:01 S:FB P:nvUbdIzc 
    $07BC:8C 07 20  STY $2007 = #$00                                               A:60 X:60 Y:01 S:FB P:nvUbdIzc 
    $07BF:BC 87 A5  LDY $A587,X @ $A5E7 = #$00                                     A:60 X:60 Y:01 S:FB P:nvUbdIzc 
    $07C2:8C 07 20  STY $2007 = #$00                                               A:60 X:60 Y:00 S:FB P:nvUbdIZc 
    $07C5:BC 88 A5  LDY $A588,X @ $A5E8 = #$77                                     A:60 X:60 Y:00 S:FB P:nvUbdIZc 
    $07C8:8C 07 20  STY $2007 = #$00                                               A:60 X:60 Y:77 S:FB P:nvUbdIzc 
    $07CB:BC 89 A5  LDY $A589,X @ $A5E9 = #$3B                                     A:60 X:60 Y:77 S:FB P:nvUbdIzc 
    $07CE:8C 07 20  STY $2007 = #$00                                               A:60 X:60 Y:3B S:FB P:nvUbdIzc 
    $07D1:BC 8A A5  LDY $A58A,X @ $A5EA = #$0F                                     A:60 X:60 Y:3B S:FB P:nvUbdIzc 
    $07D4:8C 07 20  STY $2007 = #$00                                               A:60 X:60 Y:0F S:FB P:nvUbdIzc 
    $07D7:BC 8B A5  LDY $A58B,X @ $A5EB = #$01                                     A:60 X:60 Y:0F S:FB P:nvUbdIzc 
    $07DA:8C 07 20  STY $2007 = #$00                                               A:60 X:60 Y:01 S:FB P:nvUbdIzc 
    $07DD:BC 8C A5  LDY $A58C,X @ $A5EC = #$00                                     A:60 X:60 Y:01 S:FB P:nvUbdIzc 
    $07E0:8C 07 20  STY $2007 = #$00                                               A:60 X:60 Y:00 S:FB P:nvUbdIZc 
    $07E3:BC 8D A5  LDY $A58D,X @ $A5ED = #$00                                     A:60 X:60 Y:00 S:FB P:nvUbdIZc 
    $07E6:8C 07 20  STY $2007 = #$00                                               A:60 X:60 Y:00 S:FB P:nvUbdIZc 
    $07E9:BC 8E A5  LDY $A58E,X @ $A5EE = #$00                                     A:60 X:60 Y:00 S:FB P:nvUbdIZc 
    $07EC:8C 07 20  STY $2007 = #$00                                               A:60 X:60 Y:00 S:FB P:nvUbdIZc 
    $07EF:BC 8F A5  LDY $A58F,X @ $A5EF = #$00                                     A:60 X:60 Y:00 S:FB P:nvUbdIZc 
    $07F2:8C 07 20  STY $2007 = #$00                                               A:60 X:60 Y:00 S:FB P:nvUbdIZc 
    $07F5:69 10     ADC #$10                                                       A:60 X:60 Y:00 S:FB P:nvUbdIZc 
    $07F7:AA        TAX                                                            A:70 X:60 Y:00 S:FB P:nvUbdIzc 
    $07F8:D0 9B     BNE $0795                                                      A:70 X:70 Y:00 S:FB P:nvUbdIzc 
    $0795:BC 80 A5  LDY $A580,X @ $A5F0 = #$E5                                     A:70 X:70 Y:00 S:FB P:nvUbdIzc 
    $0798:8C 07 20  STY $2007 = #$00                                               A:70 X:70 Y:E5 S:FB P:NvUbdIzc 
    $079B:BC 81 A5  LDY $A581,X @ $A5F1 = #$E6                                     A:70 X:70 Y:E5 S:FB P:NvUbdIzc 
    $079E:8C 07 20  STY $2007 = #$00                                               A:70 X:70 Y:E6 S:FB P:NvUbdIzc 
    $07A1:BC 82 A5  LDY $A582,X @ $A5F2 = #$C4                                     A:70 X:70 Y:E6 S:FB P:NvUbdIzc 
    $07A4:8C 07 20  STY $2007 = #$00                                               A:70 X:70 Y:C4 S:FB P:NvUbdIzc 
    $07A7:BC 83 A5  LDY $A583,X @ $A5F3 = #$DC                                     A:70 X:70 Y:C4 S:FB P:NvUbdIzc 
    $07AA:8C 07 20  STY $2007 = #$00                                               A:70 X:70 Y:DC S:FB P:NvUbdIzc 
    $07AD:BC 84 A5  LDY $A584,X @ $A5F4 = #$7F                                     A:70 X:70 Y:DC S:FB P:NvUbdIzc 
    $07B0:8C 07 20  STY $2007 = #$00                                               A:70 X:70 Y:7F S:FB P:nvUbdIzc 
    $07B3:BC 85 A5  LDY $A585,X @ $A5F5 = #$FF                                     A:70 X:70 Y:7F S:FB P:nvUbdIzc 
    $07B6:8C 07 20  STY $2007 = #$00                                               A:70 X:70 Y:FF S:FB P:NvUbdIzc 
    $07B9:BC 86 A5  LDY $A586,X @ $A5F6 = #$C0                                     A:70 X:70 Y:FF S:FB P:NvUbdIzc 
    $07BC:8C 07 20  STY $2007 = #$00                                               A:70 X:70 Y:C0 S:FB P:NvUbdIzc 
    $07BF:BC 87 A5  LDY $A587,X @ $A5F7 = #$E3                                     A:70 X:70 Y:C0 S:FB P:NvUbdIzc 
    $07C2:8C 07 20  STY $2007 = #$00                                               A:70 X:70 Y:E3 S:FB P:NvUbdIzc 
    $07C5:BC 88 A5  LDY $A588,X @ $A5F8 = #$FA                                     A:70 X:70 Y:E3 S:FB P:NvUbdIzc 
    $07C8:8C 07 20  STY $2007 = #$00                                               A:70 X:70 Y:FA S:FB P:NvUbdIzc 
    $07CB:BC 89 A5  LDY $A589,X @ $A5F9 = #$F8                                     A:70 X:70 Y:FA S:FB P:NvUbdIzc 
    $07CE:8C 07 20  STY $2007 = #$00                                               A:70 X:70 Y:F8 S:FB P:NvUbdIzc 
    $07D1:BC 8A A5  LDY $A58A,X @ $A5FA = #$F8                                     A:70 X:70 Y:F8 S:FB P:NvUbdIzc 
    $07D4:8C 07 20  STY $2007 = #$00                                               A:70 X:70 Y:F8 S:FB P:NvUbdIzc 
    $07D7:BC 8B A5  LDY $A58B,X @ $A5FB = #$E0                                     A:70 X:70 Y:F8 S:FB P:NvUbdIzc 
    $07DA:8C 07 20  STY $2007 = #$00                                               A:70 X:70 Y:E0 S:FB P:NvUbdIzc 
    $07DD:BC 8C A5  LDY $A58C,X @ $A5FC = #$9C                                     A:70 X:70 Y:E0 S:FB P:NvUbdIzc 
    $07E0:8C 07 20  STY $2007 = #$00                                               A:70 X:70 Y:9C S:FB P:NvUbdIzc 
    $07E3:BC 8D A5  LDY $A58D,X @ $A5FD = #$3F                                     A:70 X:70 Y:9C S:FB P:NvUbdIzc 
    $07E6:8C 07 20  STY $2007 = #$00                                               A:70 X:70 Y:3F S:FB P:nvUbdIzc 
    $07E9:BC 8E A5  LDY $A58E,X @ $A5FE = #$3F                                     A:70 X:70 Y:3F S:FB P:nvUbdIzc 
    $07EC:8C 07 20  STY $2007 = #$00                                               A:70 X:70 Y:3F S:FB P:nvUbdIzc 
    $07EF:BC 8F A5  LDY $A58F,X @ $A5FF = #$1C                                     A:70 X:70 Y:3F S:FB P:nvUbdIzc 
    $07F2:8C 07 20  STY $2007 = #$00                                               A:70 X:70 Y:1C S:FB P:nvUbdIzc 
    $07F5:69 10     ADC #$10                                                       A:70 X:70 Y:1C S:FB P:nvUbdIzc 
    $07F7:AA        TAX                                                            A:80 X:70 Y:1C S:FB P:NVUbdIzc 
    $07F8:D0 9B     BNE $0795                                                      A:80 X:80 Y:1C S:FB P:NVUbdIzc 
    $0795:BC 80 A5  LDY $A580,X @ $A600 = #$01                                     A:80 X:80 Y:1C S:FB P:NVUbdIzc 
    $0798:8C 07 20  STY $2007 = #$00                                               A:80 X:80 Y:01 S:FB P:nVUbdIzc 
    $079B:BC 81 A5  LDY $A581,X @ $A601 = #$83                                     A:80 X:80 Y:01 S:FB P:nVUbdIzc 
    $079E:8C 07 20  STY $2007 = #$00                                               A:80 X:80 Y:83 S:FB P:NVUbdIzc 
    $07A1:BC 82 A5  LDY $A582,X @ $A602 = #$7C                                     A:80 X:80 Y:83 S:FB P:NVUbdIzc 
    $07A4:8C 07 20  STY $2007 = #$00                                               A:80 X:80 Y:7C S:FB P:nVUbdIzc 
    $07A7:BC 83 A5  LDY $A583,X @ $A603 = #$B4                                     A:80 X:80 Y:7C S:FB P:nVUbdIzc 
    $07AA:8C 07 20  STY $2007 = #$00                                               A:80 X:80 Y:B4 S:FB P:NVUbdIzc 
    $07AD:BC 84 A5  LDY $A584,X @ $A604 = #$6A                                     A:80 X:80 Y:B4 S:FB P:NVUbdIzc 
    $07B0:8C 07 20  STY $2007 = #$00                                               A:80 X:80 Y:6A S:FB P:nVUbdIzc 
    $07B3:BC 85 A5  LDY $A585,X @ $A605 = #$CA                                     A:80 X:80 Y:6A S:FB P:nVUbdIzc 
    $07B6:8C 07 20  STY $2007 = #$00                                               A:80 X:80 Y:CA S:FB P:NVUbdIzc 
    $07B9:BC 86 A5  LDY $A586,X @ $A606 = #$11                                     A:80 X:80 Y:CA S:FB P:NVUbdIzc 
    $07BC:8C 07 20  STY $2007 = #$00                                               A:80 X:80 Y:11 S:FB P:nVUbdIzc 
    $07BF:BC 87 A5  LDY $A587,X @ $A607 = #$E1                                     A:80 X:80 Y:11 S:FB P:nVUbdIzc 
    $07C2:8C 07 20  STY $2007 = #$00                                               A:80 X:80 Y:E1 S:FB P:NVUbdIzc 
    $07C5:BC 88 A5  LDY $A588,X @ $A608 = #$FE                                     A:80 X:80 Y:E1 S:FB P:NVUbdIzc 
    $07C8:8C 07 20  STY $2007 = #$00                                               A:80 X:80 Y:FE S:FB P:NVUbdIzc 
    $07CB:BC 89 A5  LDY $A589,X @ $A609 = #$7C                                     A:80 X:80 Y:FE S:FB P:NVUbdIzc 
    $07CE:8C 07 20  STY $2007 = #$00                                               A:80 X:80 Y:7C S:FB P:nVUbdIzc 
    $07D1:BC 8A A5  LDY $A58A,X @ $A60A = #$03                                     A:80 X:80 Y:7C S:FB P:nVUbdIzc 
    $07D4:8C 07 20  STY $2007 = #$00                                               A:80 X:80 Y:03 S:FB P:nVUbdIzc 
    $07D7:BC 8B A5  LDY $A58B,X @ $A60B = #$63                                     A:80 X:80 Y:03 S:FB P:nVUbdIzc 
    $07DA:8C 07 20  STY $2007 = #$00                                               A:80 X:80 Y:63 S:FB P:nVUbdIzc 
    $07DD:BC 8C A5  LDY $A58C,X @ $A60C = #$F1                                     A:80 X:80 Y:63 S:FB P:nVUbdIzc 
    $07E0:8C 07 20  STY $2007 = #$00                                               A:80 X:80 Y:F1 S:FB P:NVUbdIzc 
    $07E3:BC 8D A5  LDY $A58D,X @ $A60D = #$F1                                     A:80 X:80 Y:F1 S:FB P:NVUbdIzc 
    $07E6:8C 07 20  STY $2007 = #$00                                               A:80 X:80 Y:F1 S:FB P:NVUbdIzc 
    $07E9:BC 8E A5  LDY $A58E,X @ $A60E = #$E0                                     A:80 X:80 Y:F1 S:FB P:NVUbdIzc 
    $07EC:8C 07 20  STY $2007 = #$00                                               A:80 X:80 Y:E0 S:FB P:NVUbdIzc 
    $07EF:BC 8F A5  LDY $A58F,X @ $A60F = #$00                                     A:80 X:80 Y:E0 S:FB P:NVUbdIzc 
    $07F2:8C 07 20  STY $2007 = #$00                                               A:80 X:80 Y:00 S:FB P:nVUbdIZc 
    $07F5:69 10     ADC #$10                                                       A:80 X:80 Y:00 S:FB P:nVUbdIZc 
    $07F7:AA        TAX                                                            A:90 X:80 Y:00 S:FB P:NvUbdIzc 
    $07F8:D0 9B     BNE $0795                                                      A:90 X:90 Y:00 S:FB P:NvUbdIzc 
    $0795:BC 80 A5  LDY $A580,X @ $A610 = #$D0                                     A:90 X:90 Y:00 S:FB P:NvUbdIzc 
    $0798:8C 07 20  STY $2007 = #$00                                               A:90 X:90 Y:D0 S:FB P:NvUbdIzc 
    $079B:BC 81 A5  LDY $A581,X @ $A611 = #$D0                                     A:90 X:90 Y:D0 S:FB P:NvUbdIzc 
    $079E:8C 07 20  STY $2007 = #$00                                               A:90 X:90 Y:D0 S:FB P:NvUbdIzc 
    $07A1:BC 82 A5  LDY $A582,X @ $A612 = #$90                                     A:90 X:90 Y:D0 S:FB P:NvUbdIzc 
    $07A4:8C 07 20  STY $2007 = #$00                                               A:90 X:90 Y:90 S:FB P:NvUbdIzc 
    $07A7:BC 83 A5  LDY $A583,X @ $A613 = #$98                                     A:90 X:90 Y:90 S:FB P:NvUbdIzc 
    $07AA:8C 07 20  STY $2007 = #$00                                               A:90 X:90 Y:98 S:FB P:NvUbdIzc 
    $07AD:BC 84 A5  LDY $A584,X @ $A614 = #$9F                                     A:90 X:90 Y:98 S:FB P:NvUbdIzc 
    $07B0:8C 07 20  STY $2007 = #$00                                               A:90 X:90 Y:9F S:FB P:NvUbdIzc 
    $07B3:BC 85 A5  LDY $A585,X @ $A615 = #$8F                                     A:90 X:90 Y:9F S:FB P:NvUbdIzc 
    $07B6:8C 07 20  STY $2007 = #$00                                               A:90 X:90 Y:8F S:FB P:NvUbdIzc 
    $07B9:BC 86 A5  LDY $A586,X @ $A616 = #$A1                                     A:90 X:90 Y:8F S:FB P:NvUbdIzc 
    $07BC:8C 07 20  STY $2007 = #$00                                               A:90 X:90 Y:A1 S:FB P:NvUbdIzc 
    $07BF:BC 87 A5  LDY $A587,X @ $A617 = #$AE                                     A:90 X:90 Y:A1 S:FB P:NvUbdIzc 
    $07C2:8C 07 20  STY $2007 = #$00                                               A:90 X:90 Y:AE S:FB P:NvUbdIzc 
    $07C5:BC 88 A5  LDY $A588,X @ $A618 = #$A0                                     A:90 X:90 Y:AE S:FB P:NvUbdIzc 
    $07C8:8C 07 20  STY $2007 = #$00                                               A:90 X:90 Y:A0 S:FB P:NvUbdIzc 
    $07CB:BC 89 A5  LDY $A589,X @ $A619 = #$20                                     A:90 X:90 Y:A0 S:FB P:NvUbdIzc 
    $07CE:8C 07 20  STY $2007 = #$00                                               A:90 X:90 Y:20 S:FB P:nvUbdIzc 
    $07D1:BC 8A A5  LDY $A58A,X @ $A61A = #$E0                                     A:90 X:90 Y:20 S:FB P:nvUbdIzc 
    $07D4:8C 07 20  STY $2007 = #$00                                               A:90 X:90 Y:E0 S:FB P:NvUbdIzc 
    $07D7:BC 8B A5  LDY $A58B,X @ $A61B = #$F0                                     A:90 X:90 Y:E0 S:FB P:NvUbdIzc 
    $07DA:8C 07 20  STY $2007 = #$00                                               A:90 X:90 Y:F0 S:FB P:NvUbdIzc 
    $07DD:BC 8C A5  LDY $A58C,X @ $A61C = #$F8                                     A:90 X:90 Y:F0 S:FB P:NvUbdIzc 
    $07E0:8C 07 20  STY $2007 = #$00                                               A:90 X:90 Y:F8 S:FB P:NvUbdIzc 
    $07E3:BC 8D A5  LDY $A58D,X @ $A61D = #$FF                                     A:90 X:90 Y:F8 S:FB P:NvUbdIzc 
    $07E6:8C 07 20  STY $2007 = #$00                                               A:90 X:90 Y:FF S:FB P:NvUbdIzc 
    $07E9:BC 8E A5  LDY $A58E,X @ $A61E = #$DF                                     A:90 X:90 Y:FF S:FB P:NvUbdIzc 
    $07EC:8C 07 20  STY $2007 = #$00                                               A:90 X:90 Y:DF S:FB P:NvUbdIzc 
    $07EF:BC 8F A5  LDY $A58F,X @ $A61F = #$C1                                     A:90 X:90 Y:DF S:FB P:NvUbdIzc 
    $07F2:8C 07 20  STY $2007 = #$00                                               A:90 X:90 Y:C1 S:FB P:NvUbdIzc 
    $07F5:69 10     ADC #$10                                                       A:90 X:90 Y:C1 S:FB P:NvUbdIzc 
    $07F7:AA        TAX                                                            A:A0 X:90 Y:C1 S:FB P:NvUbdIzc 
    $07F8:D0 9B     BNE $0795                                                      A:A0 X:A0 Y:C1 S:FB P:NvUbdIzc 
    $0795:BC 80 A5  LDY $A580,X @ $A620 = #$00                                     A:A0 X:A0 Y:C1 S:FB P:NvUbdIzc 
    $0798:8C 07 20  STY $2007 = #$00                                               A:A0 X:A0 Y:00 S:FB P:nvUbdIZc 
    $079B:BC 81 A5  LDY $A581,X @ $A621 = #$00                                     A:A0 X:A0 Y:00 S:FB P:nvUbdIZc 
    $079E:8C 07 20  STY $2007 = #$00                                               A:A0 X:A0 Y:00 S:FB P:nvUbdIZc 
    $07A1:BC 82 A5  LDY $A582,X @ $A622 = #$00                                     A:A0 X:A0 Y:00 S:FB P:nvUbdIZc 
    $07A4:8C 07 20  STY $2007 = #$00                                               A:A0 X:A0 Y:00 S:FB P:nvUbdIZc 
    $07A7:BC 83 A5  LDY $A583,X @ $A623 = #$00                                     A:A0 X:A0 Y:00 S:FB P:nvUbdIZc 
    $07AA:8C 07 20  STY $2007 = #$00                                               A:A0 X:A0 Y:00 S:FB P:nvUbdIZc 
    $07AD:BC 84 A5  LDY $A584,X @ $A624 = #$F8                                     A:A0 X:A0 Y:00 S:FB P:nvUbdIZc 
    $07B0:8C 07 20  STY $2007 = #$00                                               A:A0 X:A0 Y:F8 S:FB P:NvUbdIzc 
    $07B3:BC 85 A5  LDY $A585,X @ $A625 = #$E4                                     A:A0 X:A0 Y:F8 S:FB P:NvUbdIzc 
    $07B6:8C 07 20  STY $2007 = #$00                                               A:A0 X:A0 Y:E4 S:FB P:NvUbdIzc 
    $07B9:BC 86 A5  LDY $A586,X @ $A626 = #$3A                                     A:A0 X:A0 Y:E4 S:FB P:NvUbdIzc 
    $07BC:8C 07 20  STY $2007 = #$00                                               A:A0 X:A0 Y:3A S:FB P:nvUbdIzc 
    $07BF:BC 87 A5  LDY $A587,X @ $A627 = #$CF                                     A:A0 X:A0 Y:3A S:FB P:nvUbdIzc 
    $07C2:8C 07 20  STY $2007 = #$00                                               A:A0 X:A0 Y:CF S:FB P:NvUbdIzc 
    $07C5:BC 88 A5  LDY $A588,X @ $A628 = #$00                                     A:A0 X:A0 Y:CF S:FB P:NvUbdIzc 
    $07C8:8C 07 20  STY $2007 = #$00                                               A:A0 X:A0 Y:00 S:FB P:nvUbdIZc 
    $07CB:BC 89 A5  LDY $A589,X @ $A629 = #$00                                     A:A0 X:A0 Y:00 S:FB P:nvUbdIZc 
    $07CE:8C 07 20  STY $2007 = #$00                                               A:A0 X:A0 Y:00 S:FB P:nvUbdIZc 
    $07D1:BC 8A A5  LDY $A58A,X @ $A62A = #$00                                     A:A0 X:A0 Y:00 S:FB P:nvUbdIZc 
    $07D4:8C 07 20  STY $2007 = #$00                                               A:A0 X:A0 Y:00 S:FB P:nvUbdIZc 
    $07D7:BC 8B A5  LDY $A58B,X @ $A62B = #$00                                     A:A0 X:A0 Y:00 S:FB P:nvUbdIZc 
    $07DA:8C 07 20  STY $2007 = #$00                                               A:A0 X:A0 Y:00 S:FB P:nvUbdIZc 
    $07DD:BC 8C A5  LDY $A58C,X @ $A62C = #$00                                     A:A0 X:A0 Y:00 S:FB P:nvUbdIZc 
    $07E0:8C 07 20  STY $2007 = #$00                                               A:A0 X:A0 Y:00 S:FB P:nvUbdIZc 
    $07E3:BC 8D A5  LDY $A58D,X @ $A62D = #$F8                                     A:A0 X:A0 Y:00 S:FB P:nvUbdIZc 
    $07E6:8C 07 20  STY $2007 = #$00                                               A:A0 X:A0 Y:F8 S:FB P:NvUbdIzc 
    $07E9:BC 8E A5  LDY $A58E,X @ $A62E = #$FC                                     A:A0 X:A0 Y:F8 S:FB P:NvUbdIzc 
    $07EC:8C 07 20  STY $2007 = #$00                                               A:A0 X:A0 Y:FC S:FB P:NvUbdIzc 
    $07EF:BC 8F A5  LDY $A58F,X @ $A62F = #$3E                                     A:A0 X:A0 Y:FC S:FB P:NvUbdIzc 
    $07F2:8C 07 20  STY $2007 = #$00                                               A:A0 X:A0 Y:3E S:FB P:nvUbdIzc 
    $07F5:69 10     ADC #$10                                                       A:A0 X:A0 Y:3E S:FB P:nvUbdIzc 
    $07F7:AA        TAX                                                            A:B0 X:A0 Y:3E S:FB P:NvUbdIzc 
    $07F8:D0 9B     BNE $0795                                                      A:B0 X:B0 Y:3E S:FB P:NvUbdIzc 
    $0795:BC 80 A5  LDY $A580,X @ $A630 = #$D0                                     A:B0 X:B0 Y:3E S:FB P:NvUbdIzc 
    $0798:8C 07 20  STY $2007 = #$00                                               A:B0 X:B0 Y:D0 S:FB P:NvUbdIzc 
    $079B:BC 81 A5  LDY $A581,X @ $A631 = #$EF                                     A:B0 X:B0 Y:D0 S:FB P:NvUbdIzc 
    $079E:8C 07 20  STY $2007 = #$00                                               A:B0 X:B0 Y:EF S:FB P:NvUbdIzc 
    $07A1:BC 82 A5  LDY $A582,X @ $A632 = #$9F                                     A:B0 X:B0 Y:EF S:FB P:NvUbdIzc 
    $07A4:8C 07 20  STY $2007 = #$00                                               A:B0 X:B0 Y:9F S:FB P:NvUbdIzc 
    $07A7:BC 83 A5  LDY $A583,X @ $A633 = #$66                                     A:B0 X:B0 Y:9F S:FB P:NvUbdIzc 
    $07AA:8C 07 20  STY $2007 = #$00                                               A:B0 X:B0 Y:66 S:FB P:nvUbdIzc 
    $07AD:BC 84 A5  LDY $A584,X @ $A634 = #$19                                     A:B0 X:B0 Y:66 S:FB P:nvUbdIzc 
    $07B0:8C 07 20  STY $2007 = #$00                                               A:B0 X:B0 Y:19 S:FB P:nvUbdIzc 
    $07B3:BC 85 A5  LDY $A585,X @ $A635 = #$06                                     A:B0 X:B0 Y:19 S:FB P:nvUbdIzc 
    $07B6:8C 07 20  STY $2007 = #$00                                               A:B0 X:B0 Y:06 S:FB P:nvUbdIzc 
    $07B9:BC 86 A5  LDY $A586,X @ $A636 = #$01                                     A:B0 X:B0 Y:06 S:FB P:nvUbdIzc 
    $07BC:8C 07 20  STY $2007 = #$00                                               A:B0 X:B0 Y:01 S:FB P:nvUbdIzc 
    $07BF:BC 87 A5  LDY $A587,X @ $A637 = #$00                                     A:B0 X:B0 Y:01 S:FB P:nvUbdIzc 
    $07C2:8C 07 20  STY $2007 = #$00                                               A:B0 X:B0 Y:00 S:FB P:nvUbdIZc 
    $07C5:BC 88 A5  LDY $A588,X @ $A638 = #$60                                     A:B0 X:B0 Y:00 S:FB P:nvUbdIZc 
    $07C8:8C 07 20  STY $2007 = #$00                                               A:B0 X:B0 Y:60 S:FB P:nvUbdIzc 
    $07CB:BC 89 A5  LDY $A589,X @ $A639 = #$70                                     A:B0 X:B0 Y:60 S:FB P:nvUbdIzc 
    $07CE:8C 07 20  STY $2007 = #$00                                               A:B0 X:B0 Y:70 S:FB P:nvUbdIzc 
    $07D1:BC 8A A5  LDY $A58A,X @ $A63A = #$7F                                     A:B0 X:B0 Y:70 S:FB P:nvUbdIzc 
    $07D4:8C 07 20  STY $2007 = #$00                                               A:B0 X:B0 Y:7F S:FB P:nvUbdIzc 
    $07D7:BC 8B A5  LDY $A58B,X @ $A63B = #$1F                                     A:B0 X:B0 Y:7F S:FB P:nvUbdIzc 
    $07DA:8C 07 20  STY $2007 = #$00                                               A:B0 X:B0 Y:1F S:FB P:nvUbdIzc 
    $07DD:BC 8C A5  LDY $A58C,X @ $A63C = #$07                                     A:B0 X:B0 Y:1F S:FB P:nvUbdIzc 
    $07E0:8C 07 20  STY $2007 = #$00                                               A:B0 X:B0 Y:07 S:FB P:nvUbdIzc 
    $07E3:BC 8D A5  LDY $A58D,X @ $A63D = #$01                                     A:B0 X:B0 Y:07 S:FB P:nvUbdIzc 
    $07E6:8C 07 20  STY $2007 = #$00                                               A:B0 X:B0 Y:01 S:FB P:nvUbdIzc 
    $07E9:BC 8E A5  LDY $A58E,X @ $A63E = #$00                                     A:B0 X:B0 Y:01 S:FB P:nvUbdIzc 
    $07EC:8C 07 20  STY $2007 = #$00                                               A:B0 X:B0 Y:00 S:FB P:nvUbdIZc 
    $07EF:BC 8F A5  LDY $A58F,X @ $A63F = #$00                                     A:B0 X:B0 Y:00 S:FB P:nvUbdIZc 
    $07F2:8C 07 20  STY $2007 = #$00                                               A:B0 X:B0 Y:00 S:FB P:nvUbdIZc 
    $07F5:69 10     ADC #$10                                                       A:B0 X:B0 Y:00 S:FB P:nvUbdIZc 
    $07F7:AA        TAX                                                            A:C0 X:B0 Y:00 S:FB P:NvUbdIzc 
    $07F8:D0 9B     BNE $0795                                                      A:C0 X:C0 Y:00 S:FB P:NvUbdIzc 
    $0795:BC 80 A5  LDY $A580,X @ $A640 = #$31                                     A:C0 X:C0 Y:00 S:FB P:NvUbdIzc 
    $0798:8C 07 20  STY $2007 = #$00                                               A:C0 X:C0 Y:31 S:FB P:nvUbdIzc 
    $079B:BC 81 A5  LDY $A581,X @ $A641 = #$CE                                     A:C0 X:C0 Y:31 S:FB P:nvUbdIzc 
    $079E:8C 07 20  STY $2007 = #$00                                               A:C0 X:C0 Y:CE S:FB P:NvUbdIzc 
    $07A1:BC 82 A5  LDY $A582,X @ $A642 = #$E0                                     A:C0 X:C0 Y:CE S:FB P:NvUbdIzc 
    $07A4:8C 07 20  STY $2007 = #$00                                               A:C0 X:C0 Y:E0 S:FB P:NvUbdIzc 
    $07A7:BC 83 A5  LDY $A583,X @ $A643 = #$90                                     A:C0 X:C0 Y:E0 S:FB P:NvUbdIzc 
    $07AA:8C 07 20  STY $2007 = #$00                                               A:C0 X:C0 Y:90 S:FB P:NvUbdIzc 
    $07AD:BC 84 A5  LDY $A584,X @ $A644 = #$78                                     A:C0 X:C0 Y:90 S:FB P:NvUbdIzc 
    $07B0:8C 07 20  STY $2007 = #$00                                               A:C0 X:C0 Y:78 S:FB P:nvUbdIzc 
    $07B3:BC 85 A5  LDY $A585,X @ $A645 = #$84                                     A:C0 X:C0 Y:78 S:FB P:nvUbdIzc 
    $07B6:8C 07 20  STY $2007 = #$00                                               A:C0 X:C0 Y:84 S:FB P:NvUbdIzc 
    $07B9:BC 86 A5  LDY $A586,X @ $A646 = #$78                                     A:C0 X:C0 Y:84 S:FB P:NvUbdIzc 
    $07BC:8C 07 20  STY $2007 = #$00                                               A:C0 X:C0 Y:78 S:FB P:nvUbdIzc 
    $07BF:BC 87 A5  LDY $A587,X @ $A647 = #$00                                     A:C0 X:C0 Y:78 S:FB P:nvUbdIzc 
    $07C2:8C 07 20  STY $2007 = #$00                                               A:C0 X:C0 Y:00 S:FB P:nvUbdIZc 
    $07C5:BC 88 A5  LDY $A588,X @ $A648 = #$0E                                     A:C0 X:C0 Y:00 S:FB P:nvUbdIZc 
    $07C8:8C 07 20  STY $2007 = #$00                                               A:C0 X:C0 Y:0E S:FB P:nvUbdIzc 
    $07CB:BC 89 A5  LDY $A589,X @ $A649 = #$00                                     A:C0 X:C0 Y:0E S:FB P:nvUbdIzc 
    $07CE:8C 07 20  STY $2007 = #$00                                               A:C0 X:C0 Y:00 S:FB P:nvUbdIZc 
    $07D1:BC 8A A5  LDY $A58A,X @ $A64A = #$C0                                     A:C0 X:C0 Y:00 S:FB P:nvUbdIZc 
    $07D4:8C 07 20  STY $2007 = #$00                                               A:C0 X:C0 Y:C0 S:FB P:NvUbdIzc 
    $07D7:BC 8B A5  LDY $A58B,X @ $A64B = #$E0                                     A:C0 X:C0 Y:C0 S:FB P:NvUbdIzc 
    $07DA:8C 07 20  STY $2007 = #$00                                               A:C0 X:C0 Y:E0 S:FB P:NvUbdIzc 
    $07DD:BC 8C A5  LDY $A58C,X @ $A64C = #$F0                                     A:C0 X:C0 Y:E0 S:FB P:NvUbdIzc 
    $07E0:8C 07 20  STY $2007 = #$00                                               A:C0 X:C0 Y:F0 S:FB P:NvUbdIzc 
    $07E3:BC 8D A5  LDY $A58D,X @ $A64D = #$78                                     A:C0 X:C0 Y:F0 S:FB P:NvUbdIzc 
    $07E6:8C 07 20  STY $2007 = #$00                                               A:C0 X:C0 Y:78 S:FB P:nvUbdIzc 
    $07E9:BC 8E A5  LDY $A58E,X @ $A64E = #$00                                     A:C0 X:C0 Y:78 S:FB P:nvUbdIzc 
    $07EC:8C 07 20  STY $2007 = #$00                                               A:C0 X:C0 Y:00 S:FB P:nvUbdIZc 
    $07EF:BC 8F A5  LDY $A58F,X @ $A64F = #$00                                     A:C0 X:C0 Y:00 S:FB P:nvUbdIZc 
    $07F2:8C 07 20  STY $2007 = #$00                                               A:C0 X:C0 Y:00 S:FB P:nvUbdIZc 
    $07F5:69 10     ADC #$10                                                       A:C0 X:C0 Y:00 S:FB P:nvUbdIZc 
    $07F7:AA        TAX                                                            A:D0 X:C0 Y:00 S:FB P:NvUbdIzc 
    $07F8:D0 9B     BNE $0795                                                      A:D0 X:D0 Y:00 S:FB P:NvUbdIzc 
    $0795:BC 80 A5  LDY $A580,X @ $A650 = #$18                                     A:D0 X:D0 Y:00 S:FB P:NvUbdIzc 
    $0798:8C 07 20  STY $2007 = #$00                                               A:D0 X:D0 Y:18 S:FB P:nvUbdIzc 
    $079B:BC 81 A5  LDY $A581,X @ $A651 = #$64                                     A:D0 X:D0 Y:18 S:FB P:nvUbdIzc 
    $079E:8C 07 20  STY $2007 = #$00                                               A:D0 X:D0 Y:64 S:FB P:nvUbdIzc 
    $07A1:BC 82 A5  LDY $A582,X @ $A652 = #$0F                                     A:D0 X:D0 Y:64 S:FB P:nvUbdIzc 
    $07A4:8C 07 20  STY $2007 = #$00                                               A:D0 X:D0 Y:0F S:FB P:nvUbdIzc 
    $07A7:BC 83 A5  LDY $A583,X @ $A653 = #$32                                     A:D0 X:D0 Y:0F S:FB P:nvUbdIzc 
    $07AA:8C 07 20  STY $2007 = #$00                                               A:D0 X:D0 Y:32 S:FB P:nvUbdIzc 
    $07AD:BC 84 A5  LDY $A584,X @ $A654 = #$02                                     A:D0 X:D0 Y:32 S:FB P:nvUbdIzc 
    $07B0:8C 07 20  STY $2007 = #$00                                               A:D0 X:D0 Y:02 S:FB P:nvUbdIzc 
    $07B3:BC 85 A5  LDY $A585,X @ $A655 = #$06                                     A:D0 X:D0 Y:02 S:FB P:nvUbdIzc 
    $07B6:8C 07 20  STY $2007 = #$00                                               A:D0 X:D0 Y:06 S:FB P:nvUbdIzc 
    $07B9:BC 86 A5  LDY $A586,X @ $A656 = #$00                                     A:D0 X:D0 Y:06 S:FB P:nvUbdIzc 
    $07BC:8C 07 20  STY $2007 = #$00                                               A:D0 X:D0 Y:00 S:FB P:nvUbdIZc 
    $07BF:BC 87 A5  LDY $A587,X @ $A657 = #$00                                     A:D0 X:D0 Y:00 S:FB P:nvUbdIZc 
    $07C2:8C 07 20  STY $2007 = #$00                                               A:D0 X:D0 Y:00 S:FB P:nvUbdIZc 
    $07C5:BC 88 A5  LDY $A588,X @ $A658 = #$00                                     A:D0 X:D0 Y:00 S:FB P:nvUbdIZc 
    $07C8:8C 07 20  STY $2007 = #$00                                               A:D0 X:D0 Y:00 S:FB P:nvUbdIZc 
    $07CB:BC 89 A5  LDY $A589,X @ $A659 = #$18                                     A:D0 X:D0 Y:00 S:FB P:nvUbdIZc 
    $07CE:8C 07 20  STY $2007 = #$00                                               A:D0 X:D0 Y:18 S:FB P:nvUbdIzc 
    $07D1:BC 8A A5  LDY $A58A,X @ $A65A = #$F0                                     A:D0 X:D0 Y:18 S:FB P:nvUbdIzc 
    $07D4:8C 07 20  STY $2007 = #$00                                               A:D0 X:D0 Y:F0 S:FB P:NvUbdIzc 
    $07D7:BC 8B A5  LDY $A58B,X @ $A65B = #$4D                                     A:D0 X:D0 Y:F0 S:FB P:NvUbdIzc 
    $07DA:8C 07 20  STY $2007 = #$00                                               A:D0 X:D0 Y:4D S:FB P:nvUbdIzc 
    $07DD:BC 8C A5  LDY $A58C,X @ $A65C = #$3D                                     A:D0 X:D0 Y:4D S:FB P:nvUbdIzc 
    $07E0:8C 07 20  STY $2007 = #$00                                               A:D0 X:D0 Y:3D S:FB P:nvUbdIzc 
    $07E3:BC 8D A5  LDY $A58D,X @ $A65D = #$18                                     A:D0 X:D0 Y:3D S:FB P:nvUbdIzc 
    $07E6:8C 07 20  STY $2007 = #$00                                               A:D0 X:D0 Y:18 S:FB P:nvUbdIzc 
    $07E9:BC 8E A5  LDY $A58E,X @ $A65E = #$00                                     A:D0 X:D0 Y:18 S:FB P:nvUbdIzc 
    $07EC:8C 07 20  STY $2007 = #$00                                               A:D0 X:D0 Y:00 S:FB P:nvUbdIZc 
    $07EF:BC 8F A5  LDY $A58F,X @ $A65F = #$00                                     A:D0 X:D0 Y:00 S:FB P:nvUbdIZc 
    $07F2:8C 07 20  STY $2007 = #$00                                               A:D0 X:D0 Y:00 S:FB P:nvUbdIZc 
    $07F5:69 10     ADC #$10                                                       A:D0 X:D0 Y:00 S:FB P:nvUbdIZc 
    $07F7:AA        TAX                                                            A:E0 X:D0 Y:00 S:FB P:NvUbdIzc 
    $07F8:D0 9B     BNE $0795                                                      A:E0 X:E0 Y:00 S:FB P:NvUbdIzc 
    $0795:BC 80 A5  LDY $A580,X @ $A660 = #$80                                     A:E0 X:E0 Y:00 S:FB P:NvUbdIzc 
    $0798:8C 07 20  STY $2007 = #$00                                               A:E0 X:E0 Y:80 S:FB P:NvUbdIzc 
    $079B:BC 81 A5  LDY $A581,X @ $A661 = #$40                                     A:E0 X:E0 Y:80 S:FB P:NvUbdIzc 
    $079E:8C 07 20  STY $2007 = #$00                                               A:E0 X:E0 Y:40 S:FB P:nvUbdIzc 
    $07A1:BC 82 A5  LDY $A582,X @ $A662 = #$FF                                     A:E0 X:E0 Y:40 S:FB P:nvUbdIzc 
    $07A4:8C 07 20  STY $2007 = #$00                                               A:E0 X:E0 Y:FF S:FB P:NvUbdIzc 
    $07A7:BC 83 A5  LDY $A583,X @ $A663 = #$24                                     A:E0 X:E0 Y:FF S:FB P:NvUbdIzc 
    $07AA:8C 07 20  STY $2007 = #$00                                               A:E0 X:E0 Y:24 S:FB P:nvUbdIzc 
    $07AD:BC 84 A5  LDY $A584,X @ $A664 = #$20                                     A:E0 X:E0 Y:24 S:FB P:nvUbdIzc 
    $07B0:8C 07 20  STY $2007 = #$00                                               A:E0 X:E0 Y:20 S:FB P:nvUbdIzc 
    $07B3:BC 85 A5  LDY $A585,X @ $A665 = #$60                                     A:E0 X:E0 Y:20 S:FB P:nvUbdIzc 
    $07B6:8C 07 20  STY $2007 = #$00                                               A:E0 X:E0 Y:60 S:FB P:nvUbdIzc 
    $07B9:BC 86 A5  LDY $A586,X @ $A666 = #$00                                     A:E0 X:E0 Y:60 S:FB P:nvUbdIzc 
    $07BC:8C 07 20  STY $2007 = #$00                                               A:E0 X:E0 Y:00 S:FB P:nvUbdIZc 
    $07BF:BC 87 A5  LDY $A587,X @ $A667 = #$00                                     A:E0 X:E0 Y:00 S:FB P:nvUbdIZc 
    $07C2:8C 07 20  STY $2007 = #$00                                               A:E0 X:E0 Y:00 S:FB P:nvUbdIZc 
    $07C5:BC 88 A5  LDY $A588,X @ $A668 = #$00                                     A:E0 X:E0 Y:00 S:FB P:nvUbdIZc 
    $07C8:8C 07 20  STY $2007 = #$00                                               A:E0 X:E0 Y:00 S:FB P:nvUbdIZc 
    $07CB:BC 89 A5  LDY $A589,X @ $A669 = #$80                                     A:E0 X:E0 Y:00 S:FB P:nvUbdIZc 
    $07CE:8C 07 20  STY $2007 = #$00                                               A:E0 X:E0 Y:80 S:FB P:NvUbdIzc 
    $07D1:BC 8A A5  LDY $A58A,X @ $A66A = #$00                                     A:E0 X:E0 Y:80 S:FB P:NvUbdIzc 
    $07D4:8C 07 20  STY $2007 = #$00                                               A:E0 X:E0 Y:00 S:FB P:nvUbdIZc 
    $07D7:BC 8B A5  LDY $A58B,X @ $A66B = #$D8                                     A:E0 X:E0 Y:00 S:FB P:nvUbdIZc 
    $07DA:8C 07 20  STY $2007 = #$00                                               A:E0 X:E0 Y:D8 S:FB P:NvUbdIzc 
    $07DD:BC 8C A5  LDY $A58C,X @ $A66C = #$D8                                     A:E0 X:E0 Y:D8 S:FB P:NvUbdIzc 
    $07E0:8C 07 20  STY $2007 = #$00                                               A:E0 X:E0 Y:D8 S:FB P:NvUbdIzc 
    $07E3:BC 8D A5  LDY $A58D,X @ $A66D = #$80                                     A:E0 X:E0 Y:D8 S:FB P:NvUbdIzc 
    $07E6:8C 07 20  STY $2007 = #$00                                               A:E0 X:E0 Y:80 S:FB P:NvUbdIzc 
    $07E9:BC 8E A5  LDY $A58E,X @ $A66E = #$00                                     A:E0 X:E0 Y:80 S:FB P:NvUbdIzc 
    $07EC:8C 07 20  STY $2007 = #$00                                               A:E0 X:E0 Y:00 S:FB P:nvUbdIZc 
    $07EF:BC 8F A5  LDY $A58F,X @ $A66F = #$00                                     A:E0 X:E0 Y:00 S:FB P:nvUbdIZc 
    $07F2:8C 07 20  STY $2007 = #$00                                               A:E0 X:E0 Y:00 S:FB P:nvUbdIZc 
    $07F5:69 10     ADC #$10                                                       A:E0 X:E0 Y:00 S:FB P:nvUbdIZc 
    $07F7:AA        TAX                                                            A:F0 X:E0 Y:00 S:FB P:NvUbdIzc 
    $07F8:D0 9B     BNE $0795                                                      A:F0 X:F0 Y:00 S:FB P:NvUbdIzc 
    $0795:BC 80 A5  LDY $A580,X @ $A670 = #$00                                     A:F0 X:F0 Y:00 S:FB P:NvUbdIzc 
    $0798:8C 07 20  STY $2007 = #$00                                               A:F0 X:F0 Y:00 S:FB P:nvUbdIZc 
    $079B:BC 81 A5  LDY $A581,X @ $A671 = #$00                                     A:F0 X:F0 Y:00 S:FB P:nvUbdIZc 
    $079E:8C 07 20  STY $2007 = #$00                                               A:F0 X:F0 Y:00 S:FB P:nvUbdIZc 
    $07A1:BC 82 A5  LDY $A582,X @ $A672 = #$00                                     A:F0 X:F0 Y:00 S:FB P:nvUbdIZc 
    $07A4:8C 07 20  STY $2007 = #$00                                               A:F0 X:F0 Y:00 S:FB P:nvUbdIZc 
    $07A7:BC 83 A5  LDY $A583,X @ $A673 = #$00                                     A:F0 X:F0 Y:00 S:FB P:nvUbdIZc 
    $07AA:8C 07 20  STY $2007 = #$00                                               A:F0 X:F0 Y:00 S:FB P:nvUbdIZc 
    $07AD:BC 84 A5  LDY $A584,X @ $A674 = #$00                                     A:F0 X:F0 Y:00 S:FB P:nvUbdIZc 
    $07B0:8C 07 20  STY $2007 = #$00                                               A:F0 X:F0 Y:00 S:FB P:nvUbdIZc 
    $07B3:BC 85 A5  LDY $A585,X @ $A675 = #$10                                     A:F0 X:F0 Y:00 S:FB P:nvUbdIZc 
    $07B6:8C 07 20  STY $2007 = #$00                                               A:F0 X:F0 Y:10 S:FB P:nvUbdIzc 
    $07B9:BC 86 A5  LDY $A586,X @ $A676 = #$38                                     A:F0 X:F0 Y:10 S:FB P:nvUbdIzc 
    $07BC:8C 07 20  STY $2007 = #$00                                               A:F0 X:F0 Y:38 S:FB P:nvUbdIzc 
    $07BF:BC 87 A5  LDY $A587,X @ $A677 = #$7C                                     A:F0 X:F0 Y:38 S:FB P:nvUbdIzc 
    $07C2:8C 07 20  STY $2007 = #$00                                               A:F0 X:F0 Y:7C S:FB P:nvUbdIzc 
    $07C5:BC 88 A5  LDY $A588,X @ $A678 = #$00                                     A:F0 X:F0 Y:7C S:FB P:nvUbdIzc 
    $07C8:8C 07 20  STY $2007 = #$00                                               A:F0 X:F0 Y:00 S:FB P:nvUbdIZc 
    $07CB:BC 89 A5  LDY $A589,X @ $A679 = #$00                                     A:F0 X:F0 Y:00 S:FB P:nvUbdIZc 
    $07CE:8C 07 20  STY $2007 = #$00                                               A:F0 X:F0 Y:00 S:FB P:nvUbdIZc 
    $07D1:BC 8A A5  LDY $A58A,X @ $A67A = #$00                                     A:F0 X:F0 Y:00 S:FB P:nvUbdIZc 
    $07D4:8C 07 20  STY $2007 = #$00                                               A:F0 X:F0 Y:00 S:FB P:nvUbdIZc 
    $07D7:BC 8B A5  LDY $A58B,X @ $A67B = #$00                                     A:F0 X:F0 Y:00 S:FB P:nvUbdIZc 
    $07DA:8C 07 20  STY $2007 = #$00                                               A:F0 X:F0 Y:00 S:FB P:nvUbdIZc 
    $07DD:BC 8C A5  LDY $A58C,X @ $A67C = #$00                                     A:F0 X:F0 Y:00 S:FB P:nvUbdIZc 
    $07E0:8C 07 20  STY $2007 = #$00                                               A:F0 X:F0 Y:00 S:FB P:nvUbdIZc 
    $07E3:BC 8D A5  LDY $A58D,X @ $A67D = #$00                                     A:F0 X:F0 Y:00 S:FB P:nvUbdIZc 
    $07E6:8C 07 20  STY $2007 = #$00                                               A:F0 X:F0 Y:00 S:FB P:nvUbdIZc 
    $07E9:BC 8E A5  LDY $A58E,X @ $A67E = #$10                                     A:F0 X:F0 Y:00 S:FB P:nvUbdIZc 
    $07EC:8C 07 20  STY $2007 = #$00                                               A:F0 X:F0 Y:10 S:FB P:nvUbdIzc 
    $07EF:BC 8F A5  LDY $A58F,X @ $A67F = #$00                                     A:F0 X:F0 Y:10 S:FB P:nvUbdIzc 
    $07F2:8C 07 20  STY $2007 = #$00                                               A:F0 X:F0 Y:00 S:FB P:nvUbdIZc 
    $07F5:69 10     ADC #$10                                                       A:F0 X:F0 Y:00 S:FB P:nvUbdIZc 
    $07F7:AA        TAX                                                            A:00 X:F0 Y:00 S:FB P:nvUbdIZC 
    $07F8:D0 9B     BNE $0795                                                      A:00 X:00 Y:00 S:FB P:nvUbdIZC 
    $07FA:A9 10     LDA #$10                                                       A:00 X:00 Y:00 S:FB P:nvUbdIZC 
    $07FC:8D C3 FF  STA $FFC3 = #$10                                               A:10 X:00 Y:00 S:FB P:nvUbdIzC 
    $07FF:60        RTS (from $0782) ----------------------------------------------A:10 X:00 Y:00 S:FB P:nvUbdIzC 
  $85CD:A5 96     LDA $0096 = #$00                                               A:10 X:00 Y:00 S:FD P:nvUbdIzC 
  $85CF:8D 06 20  STA $2006 = #$10                                               A:00 X:00 Y:00 S:FD P:nvUbdIZC 
  $85D2:A9 60     LDA #$60                                                       A:00 X:00 Y:00 S:FD P:nvUbdIZC 
  $85D4:8D 06 20  STA $2006 = #$10                                               A:60 X:00 Y:00 S:FD P:nvUbdIzC 
  $85D7:8E 05 20  STX $2005 = #$07                                               A:60 X:00 Y:00 S:FD P:nvUbdIzC 
  $85DA:8E 05 20  STX $2005 = #$00                                               A:60 X:00 Y:00 S:FD P:nvUbdIzC 
  $85DD:A9 08     LDA #$08                                                       A:60 X:00 Y:00 S:FD P:nvUbdIzC 
  $85DF:8D 01 20  STA $2001 = #$00                                               A:08 X:00 Y:00 S:FD P:nvUbdIzC 
  $85E2:A2 0F     LDX #$0F                                                       A:08 X:00 Y:00 S:FD P:nvUbdIzC 
  $85E4:CA        DEX                                                            A:08 X:0F Y:00 S:FD P:nvUbdIzC 
  $85E5:D0 FD     BNE $85E4                                                      A:08 X:0E Y:00 S:FD P:nvUbdIzC 
  $85E4:CA        DEX                                                            A:08 X:0E Y:00 S:FD P:nvUbdIzC 
  $85E5:D0 FD     BNE $85E4                                                      A:08 X:0D Y:00 S:FD P:nvUbdIzC 
  $85E4:CA        DEX                                                            A:08 X:0D Y:00 S:FD P:nvUbdIzC 
  $85E5:D0 FD     BNE $85E4                                                      A:08 X:0C Y:00 S:FD P:nvUbdIzC 
  $85E4:CA        DEX                                                            A:08 X:0C Y:00 S:FD P:nvUbdIzC 
  $85E5:D0 FD     BNE $85E4                                                      A:08 X:0B Y:00 S:FD P:nvUbdIzC 
  $85E4:CA        DEX                                                            A:08 X:0B Y:00 S:FD P:nvUbdIzC 
  $85E5:D0 FD     BNE $85E4                                                      A:08 X:0A Y:00 S:FD P:nvUbdIzC 
  $85E4:CA        DEX                                                            A:08 X:0A Y:00 S:FD P:nvUbdIzC 
  $85E5:D0 FD     BNE $85E4                                                      A:08 X:09 Y:00 S:FD P:nvUbdIzC 
  $85E4:CA        DEX                                                            A:08 X:09 Y:00 S:FD P:nvUbdIzC 
  $85E5:D0 FD     BNE $85E4                                                      A:08 X:08 Y:00 S:FD P:nvUbdIzC 
  $85E4:CA        DEX                                                            A:08 X:08 Y:00 S:FD P:nvUbdIzC 
  $85E5:D0 FD     BNE $85E4                                                      A:08 X:07 Y:00 S:FD P:nvUbdIzC 
  $85E4:CA        DEX                                                            A:08 X:07 Y:00 S:FD P:nvUbdIzC 
  $85E5:D0 FD     BNE $85E4                                                      A:08 X:06 Y:00 S:FD P:nvUbdIzC 
  $85E4:CA        DEX                                                            A:08 X:06 Y:00 S:FD P:nvUbdIzC 
  $85E5:D0 FD     BNE $85E4                                                      A:08 X:05 Y:00 S:FD P:nvUbdIzC 
  $85E4:CA        DEX                                                            A:08 X:05 Y:00 S:FD P:nvUbdIzC 
  $85E5:D0 FD     BNE $85E4                                                      A:08 X:04 Y:00 S:FD P:nvUbdIzC 
  $85E4:CA        DEX                                                            A:08 X:04 Y:00 S:FD P:nvUbdIzC 
  $85E5:D0 FD     BNE $85E4                                                      A:08 X:03 Y:00 S:FD P:nvUbdIzC 
  $85E4:CA        DEX                                                            A:08 X:03 Y:00 S:FD P:nvUbdIzC 
  $85E5:D0 FD     BNE $85E4                                                      A:08 X:02 Y:00 S:FD P:nvUbdIzC 
  $85E4:CA        DEX                                                            A:08 X:02 Y:00 S:FD P:nvUbdIzC 
  $85E5:D0 FD     BNE $85E4                                                      A:08 X:01 Y:00 S:FD P:nvUbdIzC 
  $85E4:CA        DEX                                                            A:08 X:01 Y:00 S:FD P:nvUbdIzC 
  $85E5:D0 FD     BNE $85E4                                                      A:08 X:00 Y:00 S:FD P:nvUbdIZC 
  $85E7:A5 84     LDA $0084 = #$63                                               A:08 X:00 Y:00 S:FD P:nvUbdIZC 
  $85E9:2A        ROL                                                            A:63 X:00 Y:00 S:FD P:nvUbdIzC 
  $85EA:2A        ROL                                                            A:C7 X:00 Y:00 S:FD P:NvUbdIzc 
  $85EB:A8        TAY                                                            A:8E X:00 Y:00 S:FD P:NvUbdIzC 
  $85EC:2A        ROL                                                            A:8E X:00 Y:8E S:FD P:NvUbdIzC 
  $85ED:AA        TAX                                                            A:1D X:00 Y:8E S:FD P:nvUbdIzC 
  $85EE:2A        ROL                                                            A:1D X:1D Y:8E S:FD P:nvUbdIzC 
  $85EF:29 30     AND #$30                                                       A:3B X:1D Y:8E S:FD P:nvUbdIzc 
  $85F1:85 15     STA $0015 = #$83                                               A:30 X:1D Y:8E S:FD P:nvUbdIzc 
  $85F3:8A        TXA                                                            A:30 X:1D Y:8E S:FD P:nvUbdIzc 
  $85F4:29 03     AND #$03                                                       A:1D X:1D Y:8E S:FD P:nvUbdIzc 
  $85F6:05 15     ORA $0015 = #$30                                               A:01 X:1D Y:8E S:FD P:nvUbdIzc 
  $85F8:85 85     STA $0085 = #$31                                               A:31 X:1D Y:8E S:FD P:nvUbdIzc 
  $85FA:98        TYA                                                            A:31 X:1D Y:8E S:FD P:nvUbdIzc 
  $85FB:29 E0     AND #$E0                                                       A:8E X:1D Y:8E S:FD P:NvUbdIzc 
  $85FD:85 86     STA $0086 = #$80                                               A:80 X:1D Y:8E S:FD P:NvUbdIzc 
  $85FF:A9 18     LDA #$18                                                       A:80 X:1D Y:8E S:FD P:NvUbdIzc 
  $8601:8D 01 20  STA $2001 = #$08                                               A:18 X:1D Y:8E S:FD P:nvUbdIzc 
  $8604:A2 4E     LDX #$4E                                                       A:18 X:1D Y:8E S:FD P:nvUbdIzc 
  $8606:A5 10     LDA $0010 = #$03                                               A:18 X:4E Y:8E S:FD P:nvUbdIzc 
  $8608:C9 06     CMP #$06                                                       A:03 X:4E Y:8E S:FD P:nvUbdIzc 
  $860A:F0 06     BEQ $8612                                                      A:03 X:4E Y:8E S:FD P:NvUbdIzc 
  $860C:C9 03     CMP #$03                                                       A:03 X:4E Y:8E S:FD P:NvUbdIzc 
  $860E:D0 09     BNE $8619                                                      A:03 X:4E Y:8E S:FD P:nvUbdIZC 
  $8610:A2 A6     LDX #$A6                                                       A:03 X:4E Y:8E S:FD P:nvUbdIZC 
  $8612:A0 02     LDY #$02                                                       A:03 X:A6 Y:8E S:FD P:NvUbdIzC 
  $8614:20 EB FF  JSR $FFEB                                                      A:03 X:A6 Y:02 S:FD P:nvUbdIzC 
    $FFEB:CA        DEX                                                            A:03 X:A6 Y:02 S:FB P:nvUbdIzC 
    $FFEC:D0 FD     BNE $FFEB                                                      A:03 X:A5 Y:02 S:FB P:NvUbdIzC 
    $FFEB:CA        DEX                                                            A:03 X:A5 Y:02 S:FB P:NvUbdIzC 
    $FFEC:D0 FD     BNE $FFEB                                                      A:03 X:A4 Y:02 S:FB P:NvUbdIzC 
    $FFEB:CA        DEX                                                            A:03 X:A4 Y:02 S:FB P:NvUbdIzC 
    $FFEC:D0 FD     BNE $FFEB                                                      A:03 X:A3 Y:02 S:FB P:NvUbdIzC 
    $FFEB:CA        DEX                                                            A:03 X:A3 Y:02 S:FB P:NvUbdIzC 
    $FFEC:D0 FD     BNE $FFEB                                                      A:03 X:A2 Y:02 S:FB P:NvUbdIzC 
    $FFEB:CA        DEX                                                            A:03 X:A2 Y:02 S:FB P:NvUbdIzC 
    $FFEC:D0 FD     BNE $FFEB                                                      A:03 X:A1 Y:02 S:FB P:NvUbdIzC 
    $FFEB:CA        DEX                                                            A:03 X:A1 Y:02 S:FB P:NvUbdIzC 
    $FFEC:D0 FD     BNE $FFEB                                                      A:03 X:A0 Y:02 S:FB P:NvUbdIzC 
    $FFEB:CA        DEX                                                            A:03 X:A0 Y:02 S:FB P:NvUbdIzC 
    $FFEC:D0 FD     BNE $FFEB                                                      A:03 X:9F Y:02 S:FB P:NvUbdIzC 
    $FFEB:CA        DEX                                                            A:03 X:9F Y:02 S:FB P:NvUbdIzC 
    $FFEC:D0 FD     BNE $FFEB                                                      A:03 X:9E Y:02 S:FB P:NvUbdIzC 
    $FFEB:CA        DEX                                                            A:03 X:9E Y:02 S:FB P:NvUbdIzC 
    $FFEC:D0 FD     BNE $FFEB                                                      A:03 X:9D Y:02 S:FB P:NvUbdIzC 
    $FFEB:CA        DEX                                                            A:03 X:9D Y:02 S:FB P:NvUbdIzC 
    $FFEC:D0 FD     BNE $FFEB                                                      A:03 X:9C Y:02 S:FB P:NvUbdIzC 
    $FFEB:CA        DEX                                                            A:03 X:9C Y:02 S:FB P:NvUbdIzC 
    $FFEC:D0 FD     BNE $FFEB                                                      A:03 X:9B Y:02 S:FB P:NvUbdIzC 
    $FFEB:CA        DEX                                                            A:03 X:9B Y:02 S:FB P:NvUbdIzC 
    $FFEC:D0 FD     BNE $FFEB                                                      A:03 X:9A Y:02 S:FB P:NvUbdIzC 
    $FFEB:CA        DEX                                                            A:03 X:9A Y:02 S:FB P:NvUbdIzC 
    $FFEC:D0 FD     BNE $FFEB                                                      A:03 X:99 Y:02 S:FB P:NvUbdIzC 
    $FFEB:CA        DEX                                                            A:03 X:99 Y:02 S:FB P:NvUbdIzC 
    $FFEC:D0 FD     BNE $FFEB                                                      A:03 X:98 Y:02 S:FB P:NvUbdIzC 
    $FFEB:CA        DEX                                                            A:03 X:98 Y:02 S:FB P:NvUbdIzC 
    $FFEC:D0 FD     BNE $FFEB                                                      A:03 X:97 Y:02 S:FB P:NvUbdIzC 
    $FFEB:CA        DEX                                                            A:03 X:97 Y:02 S:FB P:NvUbdIzC 
    $FFEC:D0 FD     BNE $FFEB                                                      A:03 X:96 Y:02 S:FB P:NvUbdIzC 
    $FFEB:CA        DEX                                                            A:03 X:96 Y:02 S:FB P:NvUbdIzC 
    $FFEC:D0 FD     BNE $FFEB                                                      A:03 X:95 Y:02 S:FB P:NvUbdIzC 
    $FFEB:CA        DEX                                                            A:03 X:95 Y:02 S:FB P:NvUbdIzC 
    $FFEC:D0 FD     BNE $FFEB                                                      A:03 X:94 Y:02 S:FB P:NvUbdIzC 
    $FFEB:CA        DEX                                                            A:03 X:94 Y:02 S:FB P:NvUbdIzC 
    $FFEC:D0 FD     BNE $FFEB                                                      A:03 X:93 Y:02 S:FB P:NvUbdIzC 
    $FFEB:CA        DEX                                                            A:03 X:93 Y:02 S:FB P:NvUbdIzC 
    $FFEC:D0 FD     BNE $FFEB                                                      A:03 X:92 Y:02 S:FB P:NvUbdIzC 
    $FFEB:CA        DEX                                                            A:03 X:92 Y:02 S:FB P:NvUbdIzC 
    $FFEC:D0 FD     BNE $FFEB                                                      A:03 X:91 Y:02 S:FB P:NvUbdIzC 
    $FFEB:CA        DEX                                                            A:03 X:91 Y:02 S:FB P:NvUbdIzC 
    $FFEC:D0 FD     BNE $FFEB                                                      A:03 X:90 Y:02 S:FB P:NvUbdIzC 
    $FFEB:CA        DEX                                                            A:03 X:90 Y:02 S:FB P:NvUbdIzC 
    $FFEC:D0 FD     BNE $FFEB                                                      A:03 X:8F Y:02 S:FB P:NvUbdIzC 
    $FFEB:CA        DEX                                                            A:03 X:8F Y:02 S:FB P:NvUbdIzC 
    $FFEC:D0 FD     BNE $FFEB                                                      A:03 X:8E Y:02 S:FB P:NvUbdIzC 
    $FFEB:CA        DEX                                                            A:03 X:8E Y:02 S:FB P:NvUbdIzC 
    $FFEC:D0 FD     BNE $FFEB                                                      A:03 X:8D Y:02 S:FB P:NvUbdIzC 
    $FFEB:CA        DEX                                                            A:03 X:8D Y:02 S:FB P:NvUbdIzC 
    $FFEC:D0 FD     BNE $FFEB                                                      A:03 X:8C Y:02 S:FB P:NvUbdIzC 
    $FFEB:CA        DEX                                                            A:03 X:8C Y:02 S:FB P:NvUbdIzC 
    $FFEC:D0 FD     BNE $FFEB                                                      A:03 X:8B Y:02 S:FB P:NvUbdIzC 
    $FFEB:CA        DEX                                                            A:03 X:8B Y:02 S:FB P:NvUbdIzC 
    $FFEC:D0 FD     BNE $FFEB                                                      A:03 X:8A Y:02 S:FB P:NvUbdIzC 
    $FFEB:CA        DEX                                                            A:03 X:8A Y:02 S:FB P:NvUbdIzC 
    $FFEC:D0 FD     BNE $FFEB                                                      A:03 X:89 Y:02 S:FB P:NvUbdIzC 
    $FFEB:CA        DEX                                                            A:03 X:89 Y:02 S:FB P:NvUbdIzC 
    $FFEC:D0 FD     BNE $FFEB                                                      A:03 X:88 Y:02 S:FB P:NvUbdIzC 
    $FFEB:CA        DEX                                                            A:03 X:88 Y:02 S:FB P:NvUbdIzC 
    $FFEC:D0 FD     BNE $FFEB                                                      A:03 X:87 Y:02 S:FB P:NvUbdIzC 
    $FFEB:CA        DEX                                                            A:03 X:87 Y:02 S:FB P:NvUbdIzC 
    $FFEC:D0 FD     BNE $FFEB                                                      A:03 X:86 Y:02 S:FB P:NvUbdIzC 
    $FFEB:CA        DEX                                                            A:03 X:86 Y:02 S:FB P:NvUbdIzC 
    $FFEC:D0 FD     BNE $FFEB                                                      A:03 X:85 Y:02 S:FB P:NvUbdIzC 
    $FFEB:CA        DEX                                                            A:03 X:85 Y:02 S:FB P:NvUbdIzC 
    $FFEC:D0 FD     BNE $FFEB                                                      A:03 X:84 Y:02 S:FB P:NvUbdIzC 
    $FFEB:CA        DEX                                                            A:03 X:84 Y:02 S:FB P:NvUbdIzC 
    $FFEC:D0 FD     BNE $FFEB                                                      A:03 X:83 Y:02 S:FB P:NvUbdIzC 
    $FFEB:CA        DEX                                                            A:03 X:83 Y:02 S:FB P:NvUbdIzC 
    $FFEC:D0 FD     BNE $FFEB                                                      A:03 X:82 Y:02 S:FB P:NvUbdIzC 
    $FFEB:CA        DEX                                                            A:03 X:82 Y:02 S:FB P:NvUbdIzC 
    $FFEC:D0 FD     BNE $FFEB                                                      A:03 X:81 Y:02 S:FB P:NvUbdIzC 
    $FFEB:CA        DEX                                                            A:03 X:81 Y:02 S:FB P:NvUbdIzC 
    $FFEC:D0 FD     BNE $FFEB                                                      A:03 X:80 Y:02 S:FB P:NvUbdIzC 
    $FFEB:CA        DEX                                                            A:03 X:80 Y:02 S:FB P:NvUbdIzC 
    $FFEC:D0 FD     BNE $FFEB                                                      A:03 X:7F Y:02 S:FB P:nvUbdIzC 
    $FFEB:CA        DEX                                                            A:03 X:7F Y:02 S:FB P:nvUbdIzC 
    $FFEC:D0 FD     BNE $FFEB                                                      A:03 X:7E Y:02 S:FB P:nvUbdIzC 
    $FFEB:CA        DEX                                                            A:03 X:7E Y:02 S:FB P:nvUbdIzC 
    $FFEC:D0 FD     BNE $FFEB                                                      A:03 X:7D Y:02 S:FB P:nvUbdIzC 
    $FFEB:CA        DEX                                                            A:03 X:7D Y:02 S:FB P:nvUbdIzC 
    $FFEC:D0 FD     BNE $FFEB                                                      A:03 X:7C Y:02 S:FB P:nvUbdIzC 
    $FFEB:CA        DEX                                                            A:03 X:7C Y:02 S:FB P:nvUbdIzC 
    $FFEC:D0 FD     BNE $FFEB                                                      A:03 X:7B Y:02 S:FB P:nvUbdIzC 
    $FFEB:CA        DEX                                                            A:03 X:7B Y:02 S:FB P:nvUbdIzC 
    $FFEC:D0 FD     BNE $FFEB                                                      A:03 X:7A Y:02 S:FB P:nvUbdIzC 
    $FFEB:CA        DEX                                                            A:03 X:7A Y:02 S:FB P:nvUbdIzC 
    $FFEC:D0 FD     BNE $FFEB                                                      A:03 X:79 Y:02 S:FB P:nvUbdIzC 
    $FFEB:CA        DEX                                                            A:03 X:79 Y:02 S:FB P:nvUbdIzC 
    $FFEC:D0 FD     BNE $FFEB                                                      A:03 X:78 Y:02 S:FB P:nvUbdIzC 
    $FFEB:CA        DEX                                                            A:03 X:78 Y:02 S:FB P:nvUbdIzC 
    $FFEC:D0 FD     BNE $FFEB                                                      A:03 X:77 Y:02 S:FB P:nvUbdIzC 
    $FFEB:CA        DEX                                                            A:03 X:77 Y:02 S:FB P:nvUbdIzC 
    $FFEC:D0 FD     BNE $FFEB                                                      A:03 X:76 Y:02 S:FB P:nvUbdIzC 
    $FFEB:CA        DEX                                                            A:03 X:76 Y:02 S:FB P:nvUbdIzC 
    $FFEC:D0 FD     BNE $FFEB                                                      A:03 X:75 Y:02 S:FB P:nvUbdIzC 
    $FFEB:CA        DEX                                                            A:03 X:75 Y:02 S:FB P:nvUbdIzC 
    $FFEC:D0 FD     BNE $FFEB                                                      A:03 X:74 Y:02 S:FB P:nvUbdIzC 
    $FFEB:CA        DEX                                                            A:03 X:74 Y:02 S:FB P:nvUbdIzC 
    $FFEC:D0 FD     BNE $FFEB                                                      A:03 X:73 Y:02 S:FB P:nvUbdIzC 
    $FFEB:CA        DEX                                                            A:03 X:73 Y:02 S:FB P:nvUbdIzC 
    $FFEC:D0 FD     BNE $FFEB                                                      A:03 X:72 Y:02 S:FB P:nvUbdIzC 
    $FFEB:CA        DEX                                                            A:03 X:72 Y:02 S:FB P:nvUbdIzC 
    $FFEC:D0 FD     BNE $FFEB                                                      A:03 X:71 Y:02 S:FB P:nvUbdIzC 
    $FFEB:CA        DEX                                                            A:03 X:71 Y:02 S:FB P:nvUbdIzC 
    $FFEC:D0 FD     BNE $FFEB                                                      A:03 X:70 Y:02 S:FB P:nvUbdIzC 
    $FFEB:CA        DEX                                                            A:03 X:70 Y:02 S:FB P:nvUbdIzC 
    $FFEC:D0 FD     BNE $FFEB                                                      A:03 X:6F Y:02 S:FB P:nvUbdIzC 
    $FFEB:CA        DEX                                                            A:03 X:6F Y:02 S:FB P:nvUbdIzC 
    $FFEC:D0 FD     BNE $FFEB                                                      A:03 X:6E Y:02 S:FB P:nvUbdIzC 
    $FFEB:CA        DEX                                                            A:03 X:6E Y:02 S:FB P:nvUbdIzC 
    $FFEC:D0 FD     BNE $FFEB                                                      A:03 X:6D Y:02 S:FB P:nvUbdIzC 
    $FFEB:CA        DEX                                                            A:03 X:6D Y:02 S:FB P:nvUbdIzC 
    $FFEC:D0 FD     BNE $FFEB                                                      A:03 X:6C Y:02 S:FB P:nvUbdIzC 
    $FFEB:CA        DEX                                                            A:03 X:6C Y:02 S:FB P:nvUbdIzC 
    $FFEC:D0 FD     BNE $FFEB                                                      A:03 X:6B Y:02 S:FB P:nvUbdIzC 
    $FFEB:CA        DEX                                                            A:03 X:6B Y:02 S:FB P:nvUbdIzC 
    $FFEC:D0 FD     BNE $FFEB                                                      A:03 X:6A Y:02 S:FB P:nvUbdIzC 
    $FFEB:CA        DEX                                                            A:03 X:6A Y:02 S:FB P:nvUbdIzC 
    $FFEC:D0 FD     BNE $FFEB                                                      A:03 X:69 Y:02 S:FB P:nvUbdIzC 
    $FFEB:CA        DEX                                                            A:03 X:69 Y:02 S:FB P:nvUbdIzC 
    $FFEC:D0 FD     BNE $FFEB                                                      A:03 X:68 Y:02 S:FB P:nvUbdIzC 
    $FFEB:CA        DEX                                                            A:03 X:68 Y:02 S:FB P:nvUbdIzC 
    $FFEC:D0 FD     BNE $FFEB                                                      A:03 X:67 Y:02 S:FB P:nvUbdIzC 
    $FFEB:CA        DEX                                                            A:03 X:67 Y:02 S:FB P:nvUbdIzC 
    $FFEC:D0 FD     BNE $FFEB                                                      A:03 X:66 Y:02 S:FB P:nvUbdIzC 
    $FFEB:CA        DEX                                                            A:03 X:66 Y:02 S:FB P:nvUbdIzC 
    $FFEC:D0 FD     BNE $FFEB                                                      A:03 X:65 Y:02 S:FB P:nvUbdIzC 
    $FFEB:CA        DEX                                                            A:03 X:65 Y:02 S:FB P:nvUbdIzC 
    $FFEC:D0 FD     BNE $FFEB                                                      A:03 X:64 Y:02 S:FB P:nvUbdIzC 
    $FFEB:CA        DEX                                                            A:03 X:64 Y:02 S:FB P:nvUbdIzC 
    $FFEC:D0 FD     BNE $FFEB                                                      A:03 X:63 Y:02 S:FB P:nvUbdIzC 
    $FFEB:CA        DEX                                                            A:03 X:63 Y:02 S:FB P:nvUbdIzC 
    $FFEC:D0 FD     BNE $FFEB                                                      A:03 X:62 Y:02 S:FB P:nvUbdIzC 
    $FFEB:CA        DEX                                                            A:03 X:62 Y:02 S:FB P:nvUbdIzC 
    $FFEC:D0 FD     BNE $FFEB                                                      A:03 X:61 Y:02 S:FB P:nvUbdIzC 
    $FFEB:CA        DEX                                                            A:03 X:61 Y:02 S:FB P:nvUbdIzC 
    $FFEC:D0 FD     BNE $FFEB                                                      A:03 X:60 Y:02 S:FB P:nvUbdIzC 
    $FFEB:CA        DEX                                                            A:03 X:60 Y:02 S:FB P:nvUbdIzC 
    $FFEC:D0 FD     BNE $FFEB                                                      A:03 X:5F Y:02 S:FB P:nvUbdIzC 
    $FFEB:CA        DEX                                                            A:03 X:5F Y:02 S:FB P:nvUbdIzC 
    $FFEC:D0 FD     BNE $FFEB                                                      A:03 X:5E Y:02 S:FB P:nvUbdIzC 
    $FFEB:CA        DEX                                                            A:03 X:5E Y:02 S:FB P:nvUbdIzC 
    $FFEC:D0 FD     BNE $FFEB                                                      A:03 X:5D Y:02 S:FB P:nvUbdIzC 
    $FFEB:CA        DEX                                                            A:03 X:5D Y:02 S:FB P:nvUbdIzC 
    $FFEC:D0 FD     BNE $FFEB                                                      A:03 X:5C Y:02 S:FB P:nvUbdIzC 
    $FFEB:CA        DEX                                                            A:03 X:5C Y:02 S:FB P:nvUbdIzC 
    $FFEC:D0 FD     BNE $FFEB                                                      A:03 X:5B Y:02 S:FB P:nvUbdIzC 
    $FFEB:CA        DEX                                                            A:03 X:5B Y:02 S:FB P:nvUbdIzC 
    $FFEC:D0 FD     BNE $FFEB                                                      A:03 X:5A Y:02 S:FB P:nvUbdIzC 
    $FFEB:CA        DEX                                                            A:03 X:5A Y:02 S:FB P:nvUbdIzC 
    $FFEC:D0 FD     BNE $FFEB                                                      A:03 X:59 Y:02 S:FB P:nvUbdIzC 
    $FFEB:CA        DEX                                                            A:03 X:59 Y:02 S:FB P:nvUbdIzC 
    $FFEC:D0 FD     BNE $FFEB                                                      A:03 X:58 Y:02 S:FB P:nvUbdIzC 
    $FFEB:CA        DEX                                                            A:03 X:58 Y:02 S:FB P:nvUbdIzC 
    $FFEC:D0 FD     BNE $FFEB                                                      A:03 X:57 Y:02 S:FB P:nvUbdIzC 
    $FFEB:CA        DEX                                                            A:03 X:57 Y:02 S:FB P:nvUbdIzC 
    $FFEC:D0 FD     BNE $FFEB                                                      A:03 X:56 Y:02 S:FB P:nvUbdIzC 
    $FFEB:CA        DEX                                                            A:03 X:56 Y:02 S:FB P:nvUbdIzC 
    $FFEC:D0 FD     BNE $FFEB                                                      A:03 X:55 Y:02 S:FB P:nvUbdIzC 
    $FFEB:CA        DEX                                                            A:03 X:55 Y:02 S:FB P:nvUbdIzC 
    $FFEC:D0 FD     BNE $FFEB                                                      A:03 X:54 Y:02 S:FB P:nvUbdIzC 
    $FFEB:CA        DEX                                                            A:03 X:54 Y:02 S:FB P:nvUbdIzC 
    $FFEC:D0 FD     BNE $FFEB                                                      A:03 X:53 Y:02 S:FB P:nvUbdIzC 
    $FFEB:CA        DEX                                                            A:03 X:53 Y:02 S:FB P:nvUbdIzC 
    $FFEC:D0 FD     BNE $FFEB                                                      A:03 X:52 Y:02 S:FB P:nvUbdIzC 
    $FFEB:CA        DEX                                                            A:03 X:52 Y:02 S:FB P:nvUbdIzC 
    $FFEC:D0 FD     BNE $FFEB                                                      A:03 X:51 Y:02 S:FB P:nvUbdIzC 
    $FFEB:CA        DEX                                                            A:03 X:51 Y:02 S:FB P:nvUbdIzC 
    $FFEC:D0 FD     BNE $FFEB                                                      A:03 X:50 Y:02 S:FB P:nvUbdIzC 
    $FFEB:CA        DEX                                                            A:03 X:50 Y:02 S:FB P:nvUbdIzC 
    $FFEC:D0 FD     BNE $FFEB                                                      A:03 X:4F Y:02 S:FB P:nvUbdIzC 
    $FFEB:CA        DEX                                                            A:03 X:4F Y:02 S:FB P:nvUbdIzC 
    $FFEC:D0 FD     BNE $FFEB                                                      A:03 X:4E Y:02 S:FB P:nvUbdIzC 
    $FFEB:CA        DEX                                                            A:03 X:4E Y:02 S:FB P:nvUbdIzC 
    $FFEC:D0 FD     BNE $FFEB                                                      A:03 X:4D Y:02 S:FB P:nvUbdIzC 
    $FFEB:CA        DEX                                                            A:03 X:4D Y:02 S:FB P:nvUbdIzC 
    $FFEC:D0 FD     BNE $FFEB                                                      A:03 X:4C Y:02 S:FB P:nvUbdIzC 
    $FFEB:CA        DEX                                                            A:03 X:4C Y:02 S:FB P:nvUbdIzC 
    $FFEC:D0 FD     BNE $FFEB                                                      A:03 X:4B Y:02 S:FB P:nvUbdIzC 
    $FFEB:CA        DEX                                                            A:03 X:4B Y:02 S:FB P:nvUbdIzC 
    $FFEC:D0 FD     BNE $FFEB                                                      A:03 X:4A Y:02 S:FB P:nvUbdIzC 
    $FFEB:CA        DEX                                                            A:03 X:4A Y:02 S:FB P:nvUbdIzC 
    $FFEC:D0 FD     BNE $FFEB                                                      A:03 X:49 Y:02 S:FB P:nvUbdIzC 
    $FFEB:CA        DEX                                                            A:03 X:49 Y:02 S:FB P:nvUbdIzC 
    $FFEC:D0 FD     BNE $FFEB                                                      A:03 X:48 Y:02 S:FB P:nvUbdIzC 
    $FFEB:CA        DEX                                                            A:03 X:48 Y:02 S:FB P:nvUbdIzC 
    $FFEC:D0 FD     BNE $FFEB                                                      A:03 X:47 Y:02 S:FB P:nvUbdIzC 
    $FFEB:CA        DEX                                                            A:03 X:47 Y:02 S:FB P:nvUbdIzC 
    $FFEC:D0 FD     BNE $FFEB                                                      A:03 X:46 Y:02 S:FB P:nvUbdIzC 
    $FFEB:CA        DEX                                                            A:03 X:46 Y:02 S:FB P:nvUbdIzC 
    $FFEC:D0 FD     BNE $FFEB                                                      A:03 X:45 Y:02 S:FB P:nvUbdIzC 
    $FFEB:CA        DEX                                                            A:03 X:45 Y:02 S:FB P:nvUbdIzC 
    $FFEC:D0 FD     BNE $FFEB                                                      A:03 X:44 Y:02 S:FB P:nvUbdIzC 
    $FFEB:CA        DEX                                                            A:03 X:44 Y:02 S:FB P:nvUbdIzC 
    $FFEC:D0 FD     BNE $FFEB                                                      A:03 X:43 Y:02 S:FB P:nvUbdIzC 
    $FFEB:CA        DEX                                                            A:03 X:43 Y:02 S:FB P:nvUbdIzC 
    $FFEC:D0 FD     BNE $FFEB                                                      A:03 X:42 Y:02 S:FB P:nvUbdIzC 
    $FFEB:CA        DEX                                                            A:03 X:42 Y:02 S:FB P:nvUbdIzC 
    $FFEC:D0 FD     BNE $FFEB                                                      A:03 X:41 Y:02 S:FB P:nvUbdIzC 
    $FFEB:CA        DEX                                                            A:03 X:41 Y:02 S:FB P:nvUbdIzC 
    $FFEC:D0 FD     BNE $FFEB                                                      A:03 X:40 Y:02 S:FB P:nvUbdIzC 
    $FFEB:CA        DEX                                                            A:03 X:40 Y:02 S:FB P:nvUbdIzC 
    $FFEC:D0 FD     BNE $FFEB                                                      A:03 X:3F Y:02 S:FB P:nvUbdIzC 
    $FFEB:CA        DEX                                                            A:03 X:3F Y:02 S:FB P:nvUbdIzC 
    $FFEC:D0 FD     BNE $FFEB                                                      A:03 X:3E Y:02 S:FB P:nvUbdIzC 
    $FFEB:CA        DEX                                                            A:03 X:3E Y:02 S:FB P:nvUbdIzC 
    $FFEC:D0 FD     BNE $FFEB                                                      A:03 X:3D Y:02 S:FB P:nvUbdIzC 
    $FFEB:CA        DEX                                                            A:03 X:3D Y:02 S:FB P:nvUbdIzC 
    $FFEC:D0 FD     BNE $FFEB                                                      A:03 X:3C Y:02 S:FB P:nvUbdIzC 
    $FFEB:CA        DEX                                                            A:03 X:3C Y:02 S:FB P:nvUbdIzC 
    $FFEC:D0 FD     BNE $FFEB                                                      A:03 X:3B Y:02 S:FB P:nvUbdIzC 
    $FFEB:CA        DEX                                                            A:03 X:3B Y:02 S:FB P:nvUbdIzC 
    $FFEC:D0 FD     BNE $FFEB                                                      A:03 X:3A Y:02 S:FB P:nvUbdIzC 
    $FFEB:CA        DEX                                                            A:03 X:3A Y:02 S:FB P:nvUbdIzC 
    $FFEC:D0 FD     BNE $FFEB                                                      A:03 X:39 Y:02 S:FB P:nvUbdIzC 
    $FFEB:CA        DEX                                                            A:03 X:39 Y:02 S:FB P:nvUbdIzC 
    $FFEC:D0 FD     BNE $FFEB                                                      A:03 X:38 Y:02 S:FB P:nvUbdIzC 
    $FFEB:CA        DEX                                                            A:03 X:38 Y:02 S:FB P:nvUbdIzC 
    $FFEC:D0 FD     BNE $FFEB                                                      A:03 X:37 Y:02 S:FB P:nvUbdIzC 
    $FFEB:CA        DEX                                                            A:03 X:37 Y:02 S:FB P:nvUbdIzC 
    $FFEC:D0 FD     BNE $FFEB                                                      A:03 X:36 Y:02 S:FB P:nvUbdIzC 
    $FFEB:CA        DEX                                                            A:03 X:36 Y:02 S:FB P:nvUbdIzC 
    $FFEC:D0 FD     BNE $FFEB                                                      A:03 X:35 Y:02 S:FB P:nvUbdIzC 
    $FFEB:CA        DEX                                                            A:03 X:35 Y:02 S:FB P:nvUbdIzC 
    $FFEC:D0 FD     BNE $FFEB                                                      A:03 X:34 Y:02 S:FB P:nvUbdIzC 
    $FFEB:CA        DEX                                                            A:03 X:34 Y:02 S:FB P:nvUbdIzC 
    $FFEC:D0 FD     BNE $FFEB                                                      A:03 X:33 Y:02 S:FB P:nvUbdIzC 
    $FFEB:CA        DEX                                                            A:03 X:33 Y:02 S:FB P:nvUbdIzC 
    $FFEC:D0 FD     BNE $FFEB                                                      A:03 X:32 Y:02 S:FB P:nvUbdIzC 
    $FFEB:CA        DEX                                                            A:03 X:32 Y:02 S:FB P:nvUbdIzC 
    $FFEC:D0 FD     BNE $FFEB                                                      A:03 X:31 Y:02 S:FB P:nvUbdIzC 
    $FFEB:CA        DEX                                                            A:03 X:31 Y:02 S:FB P:nvUbdIzC 
    $FFEC:D0 FD     BNE $FFEB                                                      A:03 X:30 Y:02 S:FB P:nvUbdIzC 
    $FFEB:CA        DEX                                                            A:03 X:30 Y:02 S:FB P:nvUbdIzC 
    $FFEC:D0 FD     BNE $FFEB                                                      A:03 X:2F Y:02 S:FB P:nvUbdIzC 
    $FFEB:CA        DEX                                                            A:03 X:2F Y:02 S:FB P:nvUbdIzC 
    $FFEC:D0 FD     BNE $FFEB                                                      A:03 X:2E Y:02 S:FB P:nvUbdIzC 
    $FFEB:CA        DEX                                                            A:03 X:2E Y:02 S:FB P:nvUbdIzC 
    $FFEC:D0 FD     BNE $FFEB                                                      A:03 X:2D Y:02 S:FB P:nvUbdIzC 
    $FFEB:CA        DEX                                                            A:03 X:2D Y:02 S:FB P:nvUbdIzC 
    $FFEC:D0 FD     BNE $FFEB                                                      A:03 X:2C Y:02 S:FB P:nvUbdIzC 
    $FFEB:CA        DEX                                                            A:03 X:2C Y:02 S:FB P:nvUbdIzC 
    $FFEC:D0 FD     BNE $FFEB                                                      A:03 X:2B Y:02 S:FB P:nvUbdIzC 
    $FFEB:CA        DEX                                                            A:03 X:2B Y:02 S:FB P:nvUbdIzC 
    $FFEC:D0 FD     BNE $FFEB                                                      A:03 X:2A Y:02 S:FB P:nvUbdIzC 
    $FFEB:CA        DEX                                                            A:03 X:2A Y:02 S:FB P:nvUbdIzC 
    $FFEC:D0 FD     BNE $FFEB                                                      A:03 X:29 Y:02 S:FB P:nvUbdIzC 
    $FFEB:CA        DEX                                                            A:03 X:29 Y:02 S:FB P:nvUbdIzC 
    $FFEC:D0 FD     BNE $FFEB                                                      A:03 X:28 Y:02 S:FB P:nvUbdIzC 
    $FFEB:CA        DEX                                                            A:03 X:28 Y:02 S:FB P:nvUbdIzC 
    $FFEC:D0 FD     BNE $FFEB                                                      A:03 X:27 Y:02 S:FB P:nvUbdIzC 
    $FFEB:CA        DEX                                                            A:03 X:27 Y:02 S:FB P:nvUbdIzC 
    $FFEC:D0 FD     BNE $FFEB                                                      A:03 X:26 Y:02 S:FB P:nvUbdIzC 
    $FFEB:CA        DEX                                                            A:03 X:26 Y:02 S:FB P:nvUbdIzC 
    $FFEC:D0 FD     BNE $FFEB                                                      A:03 X:25 Y:02 S:FB P:nvUbdIzC 
    $FFEB:CA        DEX                                                            A:03 X:25 Y:02 S:FB P:nvUbdIzC 
    $FFEC:D0 FD     BNE $FFEB                                                      A:03 X:24 Y:02 S:FB P:nvUbdIzC 
    $FFEB:CA        DEX                                                            A:03 X:24 Y:02 S:FB P:nvUbdIzC 
    $FFEC:D0 FD     BNE $FFEB                                                      A:03 X:23 Y:02 S:FB P:nvUbdIzC 
    $FFEB:CA        DEX                                                            A:03 X:23 Y:02 S:FB P:nvUbdIzC 
    $FFEC:D0 FD     BNE $FFEB                                                      A:03 X:22 Y:02 S:FB P:nvUbdIzC 
    $FFEB:CA        DEX                                                            A:03 X:22 Y:02 S:FB P:nvUbdIzC 
    $FFEC:D0 FD     BNE $FFEB                                                      A:03 X:21 Y:02 S:FB P:nvUbdIzC 
    $FFEB:CA        DEX                                                            A:03 X:21 Y:02 S:FB P:nvUbdIzC 
    $FFEC:D0 FD     BNE $FFEB                                                      A:03 X:20 Y:02 S:FB P:nvUbdIzC 
    $FFEB:CA        DEX                                                            A:03 X:20 Y:02 S:FB P:nvUbdIzC 
    $FFEC:D0 FD     BNE $FFEB                                                      A:03 X:1F Y:02 S:FB P:nvUbdIzC 
    $FFEB:CA        DEX                                                            A:03 X:1F Y:02 S:FB P:nvUbdIzC 
    $FFEC:D0 FD     BNE $FFEB                                                      A:03 X:1E Y:02 S:FB P:nvUbdIzC 
    $FFEB:CA        DEX                                                            A:03 X:1E Y:02 S:FB P:nvUbdIzC 
    $FFEC:D0 FD     BNE $FFEB                                                      A:03 X:1D Y:02 S:FB P:nvUbdIzC 
    $FFEB:CA        DEX                                                            A:03 X:1D Y:02 S:FB P:nvUbdIzC 
    $FFEC:D0 FD     BNE $FFEB                                                      A:03 X:1C Y:02 S:FB P:nvUbdIzC 
    $FFEB:CA        DEX                                                            A:03 X:1C Y:02 S:FB P:nvUbdIzC 
    $FFEC:D0 FD     BNE $FFEB                                                      A:03 X:1B Y:02 S:FB P:nvUbdIzC 
    $FFEB:CA        DEX                                                            A:03 X:1B Y:02 S:FB P:nvUbdIzC 
    $FFEC:D0 FD     BNE $FFEB                                                      A:03 X:1A Y:02 S:FB P:nvUbdIzC 
    $FFEB:CA        DEX                                                            A:03 X:1A Y:02 S:FB P:nvUbdIzC 
    $FFEC:D0 FD     BNE $FFEB                                                      A:03 X:19 Y:02 S:FB P:nvUbdIzC 
    $FFEB:CA        DEX                                                            A:03 X:19 Y:02 S:FB P:nvUbdIzC 
    $FFEC:D0 FD     BNE $FFEB                                                      A:03 X:18 Y:02 S:FB P:nvUbdIzC 
    $FFEB:CA        DEX                                                            A:03 X:18 Y:02 S:FB P:nvUbdIzC 
    $FFEC:D0 FD     BNE $FFEB                                                      A:03 X:17 Y:02 S:FB P:nvUbdIzC 
    $FFEB:CA        DEX                                                            A:03 X:17 Y:02 S:FB P:nvUbdIzC 
    $FFEC:D0 FD     BNE $FFEB                                                      A:03 X:16 Y:02 S:FB P:nvUbdIzC 
    $FFEB:CA        DEX                                                            A:03 X:16 Y:02 S:FB P:nvUbdIzC 
    $FFEC:D0 FD     BNE $FFEB                                                      A:03 X:15 Y:02 S:FB P:nvUbdIzC 
    $FFEB:CA        DEX                                                            A:03 X:15 Y:02 S:FB P:nvUbdIzC 
    $FFEC:D0 FD     BNE $FFEB                                                      A:03 X:14 Y:02 S:FB P:nvUbdIzC 
    $FFEB:CA        DEX                                                            A:03 X:14 Y:02 S:FB P:nvUbdIzC 
    $FFEC:D0 FD     BNE $FFEB                                                      A:03 X:13 Y:02 S:FB P:nvUbdIzC 
    $FFEB:CA        DEX                                                            A:03 X:13 Y:02 S:FB P:nvUbdIzC 
    $FFEC:D0 FD     BNE $FFEB                                                      A:03 X:12 Y:02 S:FB P:nvUbdIzC 
    $FFEB:CA        DEX                                                            A:03 X:12 Y:02 S:FB P:nvUbdIzC 
    $FFEC:D0 FD     BNE $FFEB                                                      A:03 X:11 Y:02 S:FB P:nvUbdIzC 
    $FFEB:CA        DEX                                                            A:03 X:11 Y:02 S:FB P:nvUbdIzC 
    $FFEC:D0 FD     BNE $FFEB                                                      A:03 X:10 Y:02 S:FB P:nvUbdIzC 
    $FFEB:CA        DEX                                                            A:03 X:10 Y:02 S:FB P:nvUbdIzC 
    $FFEC:D0 FD     BNE $FFEB                                                      A:03 X:0F Y:02 S:FB P:nvUbdIzC 
    $FFEB:CA        DEX                                                            A:03 X:0F Y:02 S:FB P:nvUbdIzC 
    $FFEC:D0 FD     BNE $FFEB                                                      A:03 X:0E Y:02 S:FB P:nvUbdIzC 
    $FFEB:CA        DEX                                                            A:03 X:0E Y:02 S:FB P:nvUbdIzC 
    $FFEC:D0 FD     BNE $FFEB                                                      A:03 X:0D Y:02 S:FB P:nvUbdIzC 
    $FFEB:CA        DEX                                                            A:03 X:0D Y:02 S:FB P:nvUbdIzC 
    $FFEC:D0 FD     BNE $FFEB                                                      A:03 X:0C Y:02 S:FB P:nvUbdIzC 
    $FFEB:CA        DEX                                                            A:03 X:0C Y:02 S:FB P:nvUbdIzC 
    $FFEC:D0 FD     BNE $FFEB                                                      A:03 X:0B Y:02 S:FB P:nvUbdIzC 
    $FFEB:CA        DEX                                                            A:03 X:0B Y:02 S:FB P:nvUbdIzC 
    $FFEC:D0 FD     BNE $FFEB                                                      A:03 X:0A Y:02 S:FB P:nvUbdIzC 
    $FFEB:CA        DEX                                                            A:03 X:0A Y:02 S:FB P:nvUbdIzC 
    $FFEC:D0 FD     BNE $FFEB                                                      A:03 X:09 Y:02 S:FB P:nvUbdIzC 
    $FFEB:CA        DEX                                                            A:03 X:09 Y:02 S:FB P:nvUbdIzC 
    $FFEC:D0 FD     BNE $FFEB                                                      A:03 X:08 Y:02 S:FB P:nvUbdIzC 
    $FFEB:CA        DEX                                                            A:03 X:08 Y:02 S:FB P:nvUbdIzC 
    $FFEC:D0 FD     BNE $FFEB                                                      A:03 X:07 Y:02 S:FB P:nvUbdIzC 
    $FFEB:CA        DEX                                                            A:03 X:07 Y:02 S:FB P:nvUbdIzC 
    $FFEC:D0 FD     BNE $FFEB                                                      A:03 X:06 Y:02 S:FB P:nvUbdIzC 
    $FFEB:CA        DEX                                                            A:03 X:06 Y:02 S:FB P:nvUbdIzC 
    $FFEC:D0 FD     BNE $FFEB                                                      A:03 X:05 Y:02 S:FB P:nvUbdIzC 
    $FFEB:CA        DEX                                                            A:03 X:05 Y:02 S:FB P:nvUbdIzC 
    $FFEC:D0 FD     BNE $FFEB                                                      A:03 X:04 Y:02 S:FB P:nvUbdIzC 
    $FFEB:CA        DEX                                                            A:03 X:04 Y:02 S:FB P:nvUbdIzC 
    $FFEC:D0 FD     BNE $FFEB                                                      A:03 X:03 Y:02 S:FB P:nvUbdIzC 
    $FFEB:CA        DEX                                                            A:03 X:03 Y:02 S:FB P:nvUbdIzC 
    $FFEC:D0 FD     BNE $FFEB                                                      A:03 X:02 Y:02 S:FB P:nvUbdIzC 
    $FFEB:CA        DEX                                                            A:03 X:02 Y:02 S:FB P:nvUbdIzC 
    $FFEC:D0 FD     BNE $FFEB                                                      A:03 X:01 Y:02 S:FB P:nvUbdIzC 
    $FFEB:CA        DEX                                                            A:03 X:01 Y:02 S:FB P:nvUbdIzC 
    $FFEC:D0 FD     BNE $FFEB                                                      A:03 X:00 Y:02 S:FB P:nvUbdIZC 
    $FFEE:88        DEY                                                            A:03 X:00 Y:02 S:FB P:nvUbdIZC 
    $FFEF:D0 FA     BNE $FFEB                                                      A:03 X:00 Y:01 S:FB P:nvUbdIzC 
    $FFEB:CA        DEX                                                            A:03 X:00 Y:01 S:FB P:nvUbdIzC 
    $FFEC:D0 FD     BNE $FFEB                                                      A:03 X:FF Y:01 S:FB P:NvUbdIzC 
    $FFEB:CA        DEX                                                            A:03 X:FF Y:01 S:FB P:NvUbdIzC 
    $FFEC:D0 FD     BNE $FFEB                                                      A:03 X:FE Y:01 S:FB P:NvUbdIzC 
    $FFEB:CA        DEX                                                            A:03 X:FE Y:01 S:FB P:NvUbdIzC 
    $FFEC:D0 FD     BNE $FFEB                                                      A:03 X:FD Y:01 S:FB P:NvUbdIzC 
    $FFEB:CA        DEX                                                            A:03 X:FD Y:01 S:FB P:NvUbdIzC 
    $FFEC:D0 FD     BNE $FFEB                                                      A:03 X:FC Y:01 S:FB P:NvUbdIzC 
    $FFEB:CA        DEX                                                            A:03 X:FC Y:01 S:FB P:NvUbdIzC 
    $FFEC:D0 FD     BNE $FFEB                                                      A:03 X:FB Y:01 S:FB P:NvUbdIzC 
    $FFEB:CA        DEX                                                            A:03 X:FB Y:01 S:FB P:NvUbdIzC 
    $FFEC:D0 FD     BNE $FFEB                                                      A:03 X:FA Y:01 S:FB P:NvUbdIzC 
    $FFEB:CA        DEX                                                            A:03 X:FA Y:01 S:FB P:NvUbdIzC 
    $FFEC:D0 FD     BNE $FFEB                                                      A:03 X:F9 Y:01 S:FB P:NvUbdIzC 
    $FFEB:CA        DEX                                                            A:03 X:F9 Y:01 S:FB P:NvUbdIzC 
    $FFEC:D0 FD     BNE $FFEB                                                      A:03 X:F8 Y:01 S:FB P:NvUbdIzC 
    $FFEB:CA        DEX                                                            A:03 X:F8 Y:01 S:FB P:NvUbdIzC 
    $FFEC:D0 FD     BNE $FFEB                                                      A:03 X:F7 Y:01 S:FB P:NvUbdIzC 
    $FFEB:CA        DEX                                                            A:03 X:F7 Y:01 S:FB P:NvUbdIzC 
    $FFEC:D0 FD     BNE $FFEB                                                      A:03 X:F6 Y:01 S:FB P:NvUbdIzC 
    $FFEB:CA        DEX                                                            A:03 X:F6 Y:01 S:FB P:NvUbdIzC 
    $FFEC:D0 FD     BNE $FFEB                                                      A:03 X:F5 Y:01 S:FB P:NvUbdIzC 
    $FFEB:CA        DEX                                                            A:03 X:F5 Y:01 S:FB P:NvUbdIzC 
    $FFEC:D0 FD     BNE $FFEB                                                      A:03 X:F4 Y:01 S:FB P:NvUbdIzC 
    $FFEB:CA        DEX                                                            A:03 X:F4 Y:01 S:FB P:NvUbdIzC 
    $FFEC:D0 FD     BNE $FFEB                                                      A:03 X:F3 Y:01 S:FB P:NvUbdIzC 
    $FFEB:CA        DEX                                                            A:03 X:F3 Y:01 S:FB P:NvUbdIzC 
    $FFEC:D0 FD     BNE $FFEB                                                      A:03 X:F2 Y:01 S:FB P:NvUbdIzC 
    $FFEB:CA        DEX                                                            A:03 X:F2 Y:01 S:FB P:NvUbdIzC 
    $FFEC:D0 FD     BNE $FFEB                                                      A:03 X:F1 Y:01 S:FB P:NvUbdIzC 
    $FFEB:CA        DEX                                                            A:03 X:F1 Y:01 S:FB P:NvUbdIzC 
    $FFEC:D0 FD     BNE $FFEB                                                      A:03 X:F0 Y:01 S:FB P:NvUbdIzC 
    $FFEB:CA        DEX                                                            A:03 X:F0 Y:01 S:FB P:NvUbdIzC 
    $FFEC:D0 FD     BNE $FFEB                                                      A:03 X:EF Y:01 S:FB P:NvUbdIzC 
    $FFEB:CA        DEX                                                            A:03 X:EF Y:01 S:FB P:NvUbdIzC 
    $FFEC:D0 FD     BNE $FFEB                                                      A:03 X:EE Y:01 S:FB P:NvUbdIzC 
    $FFEB:CA        DEX                                                            A:03 X:EE Y:01 S:FB P:NvUbdIzC 
    $FFEC:D0 FD     BNE $FFEB                                                      A:03 X:ED Y:01 S:FB P:NvUbdIzC 
    $FFEB:CA        DEX                                                            A:03 X:ED Y:01 S:FB P:NvUbdIzC 
    $FFEC:D0 FD     BNE $FFEB                                                      A:03 X:EC Y:01 S:FB P:NvUbdIzC 
    $FFEB:CA        DEX                                                            A:03 X:EC Y:01 S:FB P:NvUbdIzC 
    $FFEC:D0 FD     BNE $FFEB                                                      A:03 X:EB Y:01 S:FB P:NvUbdIzC 
    $FFEB:CA        DEX                                                            A:03 X:EB Y:01 S:FB P:NvUbdIzC 
    $FFEC:D0 FD     BNE $FFEB                                                      A:03 X:EA Y:01 S:FB P:NvUbdIzC 
    $FFEB:CA        DEX                                                            A:03 X:EA Y:01 S:FB P:NvUbdIzC 
    $FFEC:D0 FD     BNE $FFEB                                                      A:03 X:E9 Y:01 S:FB P:NvUbdIzC 
    $FFEB:CA        DEX                                                            A:03 X:E9 Y:01 S:FB P:NvUbdIzC 
    $FFEC:D0 FD     BNE $FFEB                                                      A:03 X:E8 Y:01 S:FB P:NvUbdIzC 
    $FFEB:CA        DEX                                                            A:03 X:E8 Y:01 S:FB P:NvUbdIzC 
    $FFEC:D0 FD     BNE $FFEB                                                      A:03 X:E7 Y:01 S:FB P:NvUbdIzC 
    $FFEB:CA        DEX                                                            A:03 X:E7 Y:01 S:FB P:NvUbdIzC 
    $FFEC:D0 FD     BNE $FFEB                                                      A:03 X:E6 Y:01 S:FB P:NvUbdIzC 
    $FFEB:CA        DEX                                                            A:03 X:E6 Y:01 S:FB P:NvUbdIzC 
    $FFEC:D0 FD     BNE $FFEB                                                      A:03 X:E5 Y:01 S:FB P:NvUbdIzC 
    $FFEB:CA        DEX                                                            A:03 X:E5 Y:01 S:FB P:NvUbdIzC 
    $FFEC:D0 FD     BNE $FFEB                                                      A:03 X:E4 Y:01 S:FB P:NvUbdIzC 
    $FFEB:CA        DEX                                                            A:03 X:E4 Y:01 S:FB P:NvUbdIzC 
    $FFEC:D0 FD     BNE $FFEB                                                      A:03 X:E3 Y:01 S:FB P:NvUbdIzC 
    $FFEB:CA        DEX                                                            A:03 X:E3 Y:01 S:FB P:NvUbdIzC 
    $FFEC:D0 FD     BNE $FFEB                                                      A:03 X:E2 Y:01 S:FB P:NvUbdIzC 
    $FFEB:CA        DEX                                                            A:03 X:E2 Y:01 S:FB P:NvUbdIzC 
    $FFEC:D0 FD     BNE $FFEB                                                      A:03 X:E1 Y:01 S:FB P:NvUbdIzC 
    $FFEB:CA        DEX                                                            A:03 X:E1 Y:01 S:FB P:NvUbdIzC 
    $FFEC:D0 FD     BNE $FFEB                                                      A:03 X:E0 Y:01 S:FB P:NvUbdIzC 
    $FFEB:CA        DEX                                                            A:03 X:E0 Y:01 S:FB P:NvUbdIzC 
    $FFEC:D0 FD     BNE $FFEB                                                      A:03 X:DF Y:01 S:FB P:NvUbdIzC 
    $FFEB:CA        DEX                                                            A:03 X:DF Y:01 S:FB P:NvUbdIzC 
    $FFEC:D0 FD     BNE $FFEB                                                      A:03 X:DE Y:01 S:FB P:NvUbdIzC 
    $FFEB:CA        DEX                                                            A:03 X:DE Y:01 S:FB P:NvUbdIzC 
    $FFEC:D0 FD     BNE $FFEB                                                      A:03 X:DD Y:01 S:FB P:NvUbdIzC 
    $FFEB:CA        DEX                                                            A:03 X:DD Y:01 S:FB P:NvUbdIzC 
    $FFEC:D0 FD     BNE $FFEB                                                      A:03 X:DC Y:01 S:FB P:NvUbdIzC 
    $FFEB:CA        DEX                                                            A:03 X:DC Y:01 S:FB P:NvUbdIzC 
    $FFEC:D0 FD     BNE $FFEB                                                      A:03 X:DB Y:01 S:FB P:NvUbdIzC 
    $FFEB:CA        DEX                                                            A:03 X:DB Y:01 S:FB P:NvUbdIzC 
    $FFEC:D0 FD     BNE $FFEB                                                      A:03 X:DA Y:01 S:FB P:NvUbdIzC 
    $FFEB:CA        DEX                                                            A:03 X:DA Y:01 S:FB P:NvUbdIzC 
    $FFEC:D0 FD     BNE $FFEB                                                      A:03 X:D9 Y:01 S:FB P:NvUbdIzC 
    $FFEB:CA        DEX                                                            A:03 X:D9 Y:01 S:FB P:NvUbdIzC 
    $FFEC:D0 FD     BNE $FFEB                                                      A:03 X:D8 Y:01 S:FB P:NvUbdIzC 
    $FFEB:CA        DEX                                                            A:03 X:D8 Y:01 S:FB P:NvUbdIzC 
    $FFEC:D0 FD     BNE $FFEB                                                      A:03 X:D7 Y:01 S:FB P:NvUbdIzC 
    $FFEB:CA        DEX                                                            A:03 X:D7 Y:01 S:FB P:NvUbdIzC 
    $FFEC:D0 FD     BNE $FFEB                                                      A:03 X:D6 Y:01 S:FB P:NvUbdIzC 
    $FFEB:CA        DEX                                                            A:03 X:D6 Y:01 S:FB P:NvUbdIzC 
    $FFEC:D0 FD     BNE $FFEB                                                      A:03 X:D5 Y:01 S:FB P:NvUbdIzC 
    $FFEB:CA        DEX                                                            A:03 X:D5 Y:01 S:FB P:NvUbdIzC 
    $FFEC:D0 FD     BNE $FFEB                                                      A:03 X:D4 Y:01 S:FB P:NvUbdIzC 
    $FFEB:CA        DEX                                                            A:03 X:D4 Y:01 S:FB P:NvUbdIzC 
    $FFEC:D0 FD     BNE $FFEB                                                      A:03 X:D3 Y:01 S:FB P:NvUbdIzC 
    $FFEB:CA        DEX                                                            A:03 X:D3 Y:01 S:FB P:NvUbdIzC 
    $FFEC:D0 FD     BNE $FFEB                                                      A:03 X:D2 Y:01 S:FB P:NvUbdIzC 
    $FFEB:CA        DEX                                                            A:03 X:D2 Y:01 S:FB P:NvUbdIzC 
    $FFEC:D0 FD     BNE $FFEB                                                      A:03 X:D1 Y:01 S:FB P:NvUbdIzC 
    $FFEB:CA        DEX                                                            A:03 X:D1 Y:01 S:FB P:NvUbdIzC 
    $FFEC:D0 FD     BNE $FFEB                                                      A:03 X:D0 Y:01 S:FB P:NvUbdIzC 
    $FFEB:CA        DEX                                                            A:03 X:D0 Y:01 S:FB P:NvUbdIzC 
    $FFEC:D0 FD     BNE $FFEB                                                      A:03 X:CF Y:01 S:FB P:NvUbdIzC 
    $FFEB:CA        DEX                                                            A:03 X:CF Y:01 S:FB P:NvUbdIzC 
    $FFEC:D0 FD     BNE $FFEB                                                      A:03 X:CE Y:01 S:FB P:NvUbdIzC 
    $FFEB:CA        DEX                                                            A:03 X:CE Y:01 S:FB P:NvUbdIzC 
    $FFEC:D0 FD     BNE $FFEB                                                      A:03 X:CD Y:01 S:FB P:NvUbdIzC 
    $FFEB:CA        DEX                                                            A:03 X:CD Y:01 S:FB P:NvUbdIzC 
    $FFEC:D0 FD     BNE $FFEB                                                      A:03 X:CC Y:01 S:FB P:NvUbdIzC 
    $FFEB:CA        DEX                                                            A:03 X:CC Y:01 S:FB P:NvUbdIzC 
    $FFEC:D0 FD     BNE $FFEB                                                      A:03 X:CB Y:01 S:FB P:NvUbdIzC 
    $FFEB:CA        DEX                                                            A:03 X:CB Y:01 S:FB P:NvUbdIzC 
    $FFEC:D0 FD     BNE $FFEB                                                      A:03 X:CA Y:01 S:FB P:NvUbdIzC 
    $FFEB:CA        DEX                                                            A:03 X:CA Y:01 S:FB P:NvUbdIzC 
    $FFEC:D0 FD     BNE $FFEB                                                      A:03 X:C9 Y:01 S:FB P:NvUbdIzC 
    $FFEB:CA        DEX                                                            A:03 X:C9 Y:01 S:FB P:NvUbdIzC 
    $FFEC:D0 FD     BNE $FFEB                                                      A:03 X:C8 Y:01 S:FB P:NvUbdIzC 
    $FFEB:CA        DEX                                                            A:03 X:C8 Y:01 S:FB P:NvUbdIzC 
    $FFEC:D0 FD     BNE $FFEB                                                      A:03 X:C7 Y:01 S:FB P:NvUbdIzC 
    $FFEB:CA        DEX                                                            A:03 X:C7 Y:01 S:FB P:NvUbdIzC 
    $FFEC:D0 FD     BNE $FFEB                                                      A:03 X:C6 Y:01 S:FB P:NvUbdIzC 
    $FFEB:CA        DEX                                                            A:03 X:C6 Y:01 S:FB P:NvUbdIzC 
    $FFEC:D0 FD     BNE $FFEB                                                      A:03 X:C5 Y:01 S:FB P:NvUbdIzC 
    $FFEB:CA        DEX                                                            A:03 X:C5 Y:01 S:FB P:NvUbdIzC 
    $FFEC:D0 FD     BNE $FFEB                                                      A:03 X:C4 Y:01 S:FB P:NvUbdIzC 
    $FFEB:CA        DEX                                                            A:03 X:C4 Y:01 S:FB P:NvUbdIzC 
    $FFEC:D0 FD     BNE $FFEB                                                      A:03 X:C3 Y:01 S:FB P:NvUbdIzC 
    $FFEB:CA        DEX                                                            A:03 X:C3 Y:01 S:FB P:NvUbdIzC 
    $FFEC:D0 FD     BNE $FFEB                                                      A:03 X:C2 Y:01 S:FB P:NvUbdIzC 
    $FFEB:CA        DEX                                                            A:03 X:C2 Y:01 S:FB P:NvUbdIzC 
    $FFEC:D0 FD     BNE $FFEB                                                      A:03 X:C1 Y:01 S:FB P:NvUbdIzC 
    $FFEB:CA        DEX                                                            A:03 X:C1 Y:01 S:FB P:NvUbdIzC 
    $FFEC:D0 FD     BNE $FFEB                                                      A:03 X:C0 Y:01 S:FB P:NvUbdIzC 
    $FFEB:CA        DEX                                                            A:03 X:C0 Y:01 S:FB P:NvUbdIzC 
    $FFEC:D0 FD     BNE $FFEB                                                      A:03 X:BF Y:01 S:FB P:NvUbdIzC 
    $FFEB:CA        DEX                                                            A:03 X:BF Y:01 S:FB P:NvUbdIzC 
    $FFEC:D0 FD     BNE $FFEB                                                      A:03 X:BE Y:01 S:FB P:NvUbdIzC 
    $FFEB:CA        DEX                                                            A:03 X:BE Y:01 S:FB P:NvUbdIzC 
    $FFEC:D0 FD     BNE $FFEB                                                      A:03 X:BD Y:01 S:FB P:NvUbdIzC 
    $FFEB:CA        DEX                                                            A:03 X:BD Y:01 S:FB P:NvUbdIzC 
    $FFEC:D0 FD     BNE $FFEB                                                      A:03 X:BC Y:01 S:FB P:NvUbdIzC 
    $FFEB:CA        DEX                                                            A:03 X:BC Y:01 S:FB P:NvUbdIzC 
    $FFEC:D0 FD     BNE $FFEB                                                      A:03 X:BB Y:01 S:FB P:NvUbdIzC 
    $FFEB:CA        DEX                                                            A:03 X:BB Y:01 S:FB P:NvUbdIzC 
    $FFEC:D0 FD     BNE $FFEB                                                      A:03 X:BA Y:01 S:FB P:NvUbdIzC 
    $FFEB:CA        DEX                                                            A:03 X:BA Y:01 S:FB P:NvUbdIzC 
    $FFEC:D0 FD     BNE $FFEB                                                      A:03 X:B9 Y:01 S:FB P:NvUbdIzC 
    $FFEB:CA        DEX                                                            A:03 X:B9 Y:01 S:FB P:NvUbdIzC 
    $FFEC:D0 FD     BNE $FFEB                                                      A:03 X:B8 Y:01 S:FB P:NvUbdIzC 
    $FFEB:CA        DEX                                                            A:03 X:B8 Y:01 S:FB P:NvUbdIzC 
    $FFEC:D0 FD     BNE $FFEB                                                      A:03 X:B7 Y:01 S:FB P:NvUbdIzC 
    $FFEB:CA        DEX                                                            A:03 X:B7 Y:01 S:FB P:NvUbdIzC 
    $FFEC:D0 FD     BNE $FFEB                                                      A:03 X:B6 Y:01 S:FB P:NvUbdIzC 
    $FFEB:CA        DEX                                                            A:03 X:B6 Y:01 S:FB P:NvUbdIzC 
    $FFEC:D0 FD     BNE $FFEB                                                      A:03 X:B5 Y:01 S:FB P:NvUbdIzC 
    $FFEB:CA        DEX                                                            A:03 X:B5 Y:01 S:FB P:NvUbdIzC 
    $FFEC:D0 FD     BNE $FFEB                                                      A:03 X:B4 Y:01 S:FB P:NvUbdIzC 
    $FFEB:CA        DEX                                                            A:03 X:B4 Y:01 S:FB P:NvUbdIzC 
    $FFEC:D0 FD     BNE $FFEB                                                      A:03 X:B3 Y:01 S:FB P:NvUbdIzC 
    $FFEB:CA        DEX                                                            A:03 X:B3 Y:01 S:FB P:NvUbdIzC 
    $FFEC:D0 FD     BNE $FFEB                                                      A:03 X:B2 Y:01 S:FB P:NvUbdIzC 
    $FFEB:CA        DEX                                                            A:03 X:B2 Y:01 S:FB P:NvUbdIzC 
    $FFEC:D0 FD     BNE $FFEB                                                      A:03 X:B1 Y:01 S:FB P:NvUbdIzC 
    $FFEB:CA        DEX                                                            A:03 X:B1 Y:01 S:FB P:NvUbdIzC 
    $FFEC:D0 FD     BNE $FFEB                                                      A:03 X:B0 Y:01 S:FB P:NvUbdIzC 
    $FFEB:CA        DEX                                                            A:03 X:B0 Y:01 S:FB P:NvUbdIzC 
    $FFEC:D0 FD     BNE $FFEB                                                      A:03 X:AF Y:01 S:FB P:NvUbdIzC 
    $FFEB:CA        DEX                                                            A:03 X:AF Y:01 S:FB P:NvUbdIzC 
    $FFEC:D0 FD     BNE $FFEB                                                      A:03 X:AE Y:01 S:FB P:NvUbdIzC 
    $FFEB:CA        DEX                                                            A:03 X:AE Y:01 S:FB P:NvUbdIzC 
    $FFEC:D0 FD     BNE $FFEB                                                      A:03 X:AD Y:01 S:FB P:NvUbdIzC 
    $FFEB:CA        DEX                                                            A:03 X:AD Y:01 S:FB P:NvUbdIzC 
    $FFEC:D0 FD     BNE $FFEB                                                      A:03 X:AC Y:01 S:FB P:NvUbdIzC 
    $FFEB:CA        DEX                                                            A:03 X:AC Y:01 S:FB P:NvUbdIzC 
    $FFEC:D0 FD     BNE $FFEB                                                      A:03 X:AB Y:01 S:FB P:NvUbdIzC 
    $FFEB:CA        DEX                                                            A:03 X:AB Y:01 S:FB P:NvUbdIzC 
    $FFEC:D0 FD     BNE $FFEB                                                      A:03 X:AA Y:01 S:FB P:NvUbdIzC 
    $FFEB:CA        DEX                                                            A:03 X:AA Y:01 S:FB P:NvUbdIzC 
    $FFEC:D0 FD     BNE $FFEB                                                      A:03 X:A9 Y:01 S:FB P:NvUbdIzC 
    $FFEB:CA        DEX                                                            A:03 X:A9 Y:01 S:FB P:NvUbdIzC 
    $FFEC:D0 FD     BNE $FFEB                                                      A:03 X:A8 Y:01 S:FB P:NvUbdIzC 
    $FFEB:CA        DEX                                                            A:03 X:A8 Y:01 S:FB P:NvUbdIzC 
    $FFEC:D0 FD     BNE $FFEB                                                      A:03 X:A7 Y:01 S:FB P:NvUbdIzC 
    $FFEB:CA        DEX                                                            A:03 X:A7 Y:01 S:FB P:NvUbdIzC 
    $FFEC:D0 FD     BNE $FFEB                                                      A:03 X:A6 Y:01 S:FB P:NvUbdIzC 
    $FFEB:CA        DEX                                                            A:03 X:A6 Y:01 S:FB P:NvUbdIzC 
    $FFEC:D0 FD     BNE $FFEB                                                      A:03 X:A5 Y:01 S:FB P:NvUbdIzC 
    $FFEB:CA        DEX                                                            A:03 X:A5 Y:01 S:FB P:NvUbdIzC 
    $FFEC:D0 FD     BNE $FFEB                                                      A:03 X:A4 Y:01 S:FB P:NvUbdIzC 
    $FFEB:CA        DEX                                                            A:03 X:A4 Y:01 S:FB P:NvUbdIzC 
    $FFEC:D0 FD     BNE $FFEB                                                      A:03 X:A3 Y:01 S:FB P:NvUbdIzC 
    $FFEB:CA        DEX                                                            A:03 X:A3 Y:01 S:FB P:NvUbdIzC 
    $FFEC:D0 FD     BNE $FFEB                                                      A:03 X:A2 Y:01 S:FB P:NvUbdIzC 
    $FFEB:CA        DEX                                                            A:03 X:A2 Y:01 S:FB P:NvUbdIzC 
    $FFEC:D0 FD     BNE $FFEB                                                      A:03 X:A1 Y:01 S:FB P:NvUbdIzC 
    $FFEB:CA        DEX                                                            A:03 X:A1 Y:01 S:FB P:NvUbdIzC 
    $FFEC:D0 FD     BNE $FFEB                                                      A:03 X:A0 Y:01 S:FB P:NvUbdIzC 
    $FFEB:CA        DEX                                                            A:03 X:A0 Y:01 S:FB P:NvUbdIzC 
    $FFEC:D0 FD     BNE $FFEB                                                      A:03 X:9F Y:01 S:FB P:NvUbdIzC 
    $FFEB:CA        DEX                                                            A:03 X:9F Y:01 S:FB P:NvUbdIzC 
    $FFEC:D0 FD     BNE $FFEB                                                      A:03 X:9E Y:01 S:FB P:NvUbdIzC 
    $FFEB:CA        DEX                                                            A:03 X:9E Y:01 S:FB P:NvUbdIzC 
    $FFEC:D0 FD     BNE $FFEB                                                      A:03 X:9D Y:01 S:FB P:NvUbdIzC 
    $FFEB:CA        DEX                                                            A:03 X:9D Y:01 S:FB P:NvUbdIzC 
    $FFEC:D0 FD     BNE $FFEB                                                      A:03 X:9C Y:01 S:FB P:NvUbdIzC 
    $FFEB:CA        DEX                                                            A:03 X:9C Y:01 S:FB P:NvUbdIzC 
    $FFEC:D0 FD     BNE $FFEB                                                      A:03 X:9B Y:01 S:FB P:NvUbdIzC 
    $FFEB:CA        DEX                                                            A:03 X:9B Y:01 S:FB P:NvUbdIzC 
    $FFEC:D0 FD     BNE $FFEB                                                      A:03 X:9A Y:01 S:FB P:NvUbdIzC 
    $FFEB:CA        DEX                                                            A:03 X:9A Y:01 S:FB P:NvUbdIzC 
    $FFEC:D0 FD     BNE $FFEB                                                      A:03 X:99 Y:01 S:FB P:NvUbdIzC 
    $FFEB:CA        DEX                                                            A:03 X:99 Y:01 S:FB P:NvUbdIzC 
    $FFEC:D0 FD     BNE $FFEB                                                      A:03 X:98 Y:01 S:FB P:NvUbdIzC 
    $FFEB:CA        DEX                                                            A:03 X:98 Y:01 S:FB P:NvUbdIzC 
    $FFEC:D0 FD     BNE $FFEB                                                      A:03 X:97 Y:01 S:FB P:NvUbdIzC 
    $FFEB:CA        DEX                                                            A:03 X:97 Y:01 S:FB P:NvUbdIzC 
    $FFEC:D0 FD     BNE $FFEB                                                      A:03 X:96 Y:01 S:FB P:NvUbdIzC 
    $FFEB:CA        DEX                                                            A:03 X:96 Y:01 S:FB P:NvUbdIzC 
    $FFEC:D0 FD     BNE $FFEB                                                      A:03 X:95 Y:01 S:FB P:NvUbdIzC 
    $FFEB:CA        DEX                                                            A:03 X:95 Y:01 S:FB P:NvUbdIzC 
    $FFEC:D0 FD     BNE $FFEB                                                      A:03 X:94 Y:01 S:FB P:NvUbdIzC 
    $FFEB:CA        DEX                                                            A:03 X:94 Y:01 S:FB P:NvUbdIzC 
    $FFEC:D0 FD     BNE $FFEB                                                      A:03 X:93 Y:01 S:FB P:NvUbdIzC 
    $FFEB:CA        DEX                                                            A:03 X:93 Y:01 S:FB P:NvUbdIzC 
    $FFEC:D0 FD     BNE $FFEB                                                      A:03 X:92 Y:01 S:FB P:NvUbdIzC 
    $FFEB:CA        DEX                                                            A:03 X:92 Y:01 S:FB P:NvUbdIzC 
    $FFEC:D0 FD     BNE $FFEB                                                      A:03 X:91 Y:01 S:FB P:NvUbdIzC 
    $FFEB:CA        DEX                                                            A:03 X:91 Y:01 S:FB P:NvUbdIzC 
    $FFEC:D0 FD     BNE $FFEB                                                      A:03 X:90 Y:01 S:FB P:NvUbdIzC 
    $FFEB:CA        DEX                                                            A:03 X:90 Y:01 S:FB P:NvUbdIzC 
    $FFEC:D0 FD     BNE $FFEB                                                      A:03 X:8F Y:01 S:FB P:NvUbdIzC 
    $FFEB:CA        DEX                                                            A:03 X:8F Y:01 S:FB P:NvUbdIzC 
    $FFEC:D0 FD     BNE $FFEB                                                      A:03 X:8E Y:01 S:FB P:NvUbdIzC 
    $FFEB:CA        DEX                                                            A:03 X:8E Y:01 S:FB P:NvUbdIzC 
    $FFEC:D0 FD     BNE $FFEB                                                      A:03 X:8D Y:01 S:FB P:NvUbdIzC 
    $FFEB:CA        DEX                                                            A:03 X:8D Y:01 S:FB P:NvUbdIzC 
    $FFEC:D0 FD     BNE $FFEB                                                      A:03 X:8C Y:01 S:FB P:NvUbdIzC 
    $FFEB:CA        DEX                                                            A:03 X:8C Y:01 S:FB P:NvUbdIzC 
    $FFEC:D0 FD     BNE $FFEB                                                      A:03 X:8B Y:01 S:FB P:NvUbdIzC 
    $FFEB:CA        DEX                                                            A:03 X:8B Y:01 S:FB P:NvUbdIzC 
    $FFEC:D0 FD     BNE $FFEB                                                      A:03 X:8A Y:01 S:FB P:NvUbdIzC 
    $FFEB:CA        DEX                                                            A:03 X:8A Y:01 S:FB P:NvUbdIzC 
    $FFEC:D0 FD     BNE $FFEB                                                      A:03 X:89 Y:01 S:FB P:NvUbdIzC 
    $FFEB:CA        DEX                                                            A:03 X:89 Y:01 S:FB P:NvUbdIzC 
    $FFEC:D0 FD     BNE $FFEB                                                      A:03 X:88 Y:01 S:FB P:NvUbdIzC 
    $FFEB:CA        DEX                                                            A:03 X:88 Y:01 S:FB P:NvUbdIzC 
    $FFEC:D0 FD     BNE $FFEB                                                      A:03 X:87 Y:01 S:FB P:NvUbdIzC 
    $FFEB:CA        DEX                                                            A:03 X:87 Y:01 S:FB P:NvUbdIzC 
    $FFEC:D0 FD     BNE $FFEB                                                      A:03 X:86 Y:01 S:FB P:NvUbdIzC 
    $FFEB:CA        DEX                                                            A:03 X:86 Y:01 S:FB P:NvUbdIzC 
    $FFEC:D0 FD     BNE $FFEB                                                      A:03 X:85 Y:01 S:FB P:NvUbdIzC 
    $FFEB:CA        DEX                                                            A:03 X:85 Y:01 S:FB P:NvUbdIzC 
    $FFEC:D0 FD     BNE $FFEB                                                      A:03 X:84 Y:01 S:FB P:NvUbdIzC 
    $FFEB:CA        DEX                                                            A:03 X:84 Y:01 S:FB P:NvUbdIzC 
    $FFEC:D0 FD     BNE $FFEB                                                      A:03 X:83 Y:01 S:FB P:NvUbdIzC 
    $FFEB:CA        DEX                                                            A:03 X:83 Y:01 S:FB P:NvUbdIzC 
    $FFEC:D0 FD     BNE $FFEB                                                      A:03 X:82 Y:01 S:FB P:NvUbdIzC 
    $FFEB:CA        DEX                                                            A:03 X:82 Y:01 S:FB P:NvUbdIzC 
    $FFEC:D0 FD     BNE $FFEB                                                      A:03 X:81 Y:01 S:FB P:NvUbdIzC 
    $FFEB:CA        DEX                                                            A:03 X:81 Y:01 S:FB P:NvUbdIzC 
    $FFEC:D0 FD     BNE $FFEB                                                      A:03 X:80 Y:01 S:FB P:NvUbdIzC 
    $FFEB:CA        DEX                                                            A:03 X:80 Y:01 S:FB P:NvUbdIzC 
    $FFEC:D0 FD     BNE $FFEB                                                      A:03 X:7F Y:01 S:FB P:nvUbdIzC 
    $FFEB:CA        DEX                                                            A:03 X:7F Y:01 S:FB P:nvUbdIzC 
    $FFEC:D0 FD     BNE $FFEB                                                      A:03 X:7E Y:01 S:FB P:nvUbdIzC 
    $FFEB:CA        DEX                                                            A:03 X:7E Y:01 S:FB P:nvUbdIzC 
    $FFEC:D0 FD     BNE $FFEB                                                      A:03 X:7D Y:01 S:FB P:nvUbdIzC 
    $FFEB:CA        DEX                                                            A:03 X:7D Y:01 S:FB P:nvUbdIzC 
    $FFEC:D0 FD     BNE $FFEB                                                      A:03 X:7C Y:01 S:FB P:nvUbdIzC 
    $FFEB:CA        DEX                                                            A:03 X:7C Y:01 S:FB P:nvUbdIzC 
    $FFEC:D0 FD     BNE $FFEB                                                      A:03 X:7B Y:01 S:FB P:nvUbdIzC 
    $FFEB:CA        DEX                                                            A:03 X:7B Y:01 S:FB P:nvUbdIzC 
    $FFEC:D0 FD     BNE $FFEB                                                      A:03 X:7A Y:01 S:FB P:nvUbdIzC 
    $FFEB:CA        DEX                                                            A:03 X:7A Y:01 S:FB P:nvUbdIzC 
    $FFEC:D0 FD     BNE $FFEB                                                      A:03 X:79 Y:01 S:FB P:nvUbdIzC 
    $FFEB:CA        DEX                                                            A:03 X:79 Y:01 S:FB P:nvUbdIzC 
    $FFEC:D0 FD     BNE $FFEB                                                      A:03 X:78 Y:01 S:FB P:nvUbdIzC 
    $FFEB:CA        DEX                                                            A:03 X:78 Y:01 S:FB P:nvUbdIzC 
    $FFEC:D0 FD     BNE $FFEB                                                      A:03 X:77 Y:01 S:FB P:nvUbdIzC 
    $FFEB:CA        DEX                                                            A:03 X:77 Y:01 S:FB P:nvUbdIzC 
    $FFEC:D0 FD     BNE $FFEB                                                      A:03 X:76 Y:01 S:FB P:nvUbdIzC 
    $FFEB:CA        DEX                                                            A:03 X:76 Y:01 S:FB P:nvUbdIzC 
    $FFEC:D0 FD     BNE $FFEB                                                      A:03 X:75 Y:01 S:FB P:nvUbdIzC 
    $FFEB:CA        DEX                                                            A:03 X:75 Y:01 S:FB P:nvUbdIzC 
    $FFEC:D0 FD     BNE $FFEB                                                      A:03 X:74 Y:01 S:FB P:nvUbdIzC 
    $FFEB:CA        DEX                                                            A:03 X:74 Y:01 S:FB P:nvUbdIzC 
    $FFEC:D0 FD     BNE $FFEB                                                      A:03 X:73 Y:01 S:FB P:nvUbdIzC 
    $FFEB:CA        DEX                                                            A:03 X:73 Y:01 S:FB P:nvUbdIzC 
    $FFEC:D0 FD     BNE $FFEB                                                      A:03 X:72 Y:01 S:FB P:nvUbdIzC 
    $FFEB:CA        DEX                                                            A:03 X:72 Y:01 S:FB P:nvUbdIzC 
    $FFEC:D0 FD     BNE $FFEB                                                      A:03 X:71 Y:01 S:FB P:nvUbdIzC 
    $FFEB:CA        DEX                                                            A:03 X:71 Y:01 S:FB P:nvUbdIzC 
    $FFEC:D0 FD     BNE $FFEB                                                      A:03 X:70 Y:01 S:FB P:nvUbdIzC 
    $FFEB:CA        DEX                                                            A:03 X:70 Y:01 S:FB P:nvUbdIzC 
    $FFEC:D0 FD     BNE $FFEB                                                      A:03 X:6F Y:01 S:FB P:nvUbdIzC 
    $FFEB:CA        DEX                                                            A:03 X:6F Y:01 S:FB P:nvUbdIzC 
    $FFEC:D0 FD     BNE $FFEB                                                      A:03 X:6E Y:01 S:FB P:nvUbdIzC 
    $FFEB:CA        DEX                                                            A:03 X:6E Y:01 S:FB P:nvUbdIzC 
    $FFEC:D0 FD     BNE $FFEB                                                      A:03 X:6D Y:01 S:FB P:nvUbdIzC 
    $FFEB:CA        DEX                                                            A:03 X:6D Y:01 S:FB P:nvUbdIzC 
    $FFEC:D0 FD     BNE $FFEB                                                      A:03 X:6C Y:01 S:FB P:nvUbdIzC 
    $FFEB:CA        DEX                                                            A:03 X:6C Y:01 S:FB P:nvUbdIzC 
    $FFEC:D0 FD     BNE $FFEB                                                      A:03 X:6B Y:01 S:FB P:nvUbdIzC 
    $FFEB:CA        DEX                                                            A:03 X:6B Y:01 S:FB P:nvUbdIzC 
    $FFEC:D0 FD     BNE $FFEB                                                      A:03 X:6A Y:01 S:FB P:nvUbdIzC 
    $FFEB:CA        DEX                                                            A:03 X:6A Y:01 S:FB P:nvUbdIzC 
    $FFEC:D0 FD     BNE $FFEB                                                      A:03 X:69 Y:01 S:FB P:nvUbdIzC 
    $FFEB:CA        DEX                                                            A:03 X:69 Y:01 S:FB P:nvUbdIzC 
    $FFEC:D0 FD     BNE $FFEB                                                      A:03 X:68 Y:01 S:FB P:nvUbdIzC 
    $FFEB:CA        DEX                                                            A:03 X:68 Y:01 S:FB P:nvUbdIzC 
    $FFEC:D0 FD     BNE $FFEB                                                      A:03 X:67 Y:01 S:FB P:nvUbdIzC 
    $FFEB:CA        DEX                                                            A:03 X:67 Y:01 S:FB P:nvUbdIzC 
    $FFEC:D0 FD     BNE $FFEB                                                      A:03 X:66 Y:01 S:FB P:nvUbdIzC 
    $FFEB:CA        DEX                                                            A:03 X:66 Y:01 S:FB P:nvUbdIzC 
    $FFEC:D0 FD     BNE $FFEB                                                      A:03 X:65 Y:01 S:FB P:nvUbdIzC 
    $FFEB:CA        DEX                                                            A:03 X:65 Y:01 S:FB P:nvUbdIzC 
    $FFEC:D0 FD     BNE $FFEB                                                      A:03 X:64 Y:01 S:FB P:nvUbdIzC 
    $FFEB:CA        DEX                                                            A:03 X:64 Y:01 S:FB P:nvUbdIzC 
    $FFEC:D0 FD     BNE $FFEB                                                      A:03 X:63 Y:01 S:FB P:nvUbdIzC 
    $FFEB:CA        DEX                                                            A:03 X:63 Y:01 S:FB P:nvUbdIzC 
    $FFEC:D0 FD     BNE $FFEB                                                      A:03 X:62 Y:01 S:FB P:nvUbdIzC 
    $FFEB:CA        DEX                                                            A:03 X:62 Y:01 S:FB P:nvUbdIzC 
    $FFEC:D0 FD     BNE $FFEB                                                      A:03 X:61 Y:01 S:FB P:nvUbdIzC 
    $FFEB:CA        DEX                                                            A:03 X:61 Y:01 S:FB P:nvUbdIzC 
    $FFEC:D0 FD     BNE $FFEB                                                      A:03 X:60 Y:01 S:FB P:nvUbdIzC 
    $FFEB:CA        DEX                                                            A:03 X:60 Y:01 S:FB P:nvUbdIzC 
    $FFEC:D0 FD     BNE $FFEB                                                      A:03 X:5F Y:01 S:FB P:nvUbdIzC 
    $FFEB:CA        DEX                                                            A:03 X:5F Y:01 S:FB P:nvUbdIzC 
    $FFEC:D0 FD     BNE $FFEB                                                      A:03 X:5E Y:01 S:FB P:nvUbdIzC 
    $FFEB:CA        DEX                                                            A:03 X:5E Y:01 S:FB P:nvUbdIzC 
    $FFEC:D0 FD     BNE $FFEB                                                      A:03 X:5D Y:01 S:FB P:nvUbdIzC 
    $FFEB:CA        DEX                                                            A:03 X:5D Y:01 S:FB P:nvUbdIzC 
    $FFEC:D0 FD     BNE $FFEB                                                      A:03 X:5C Y:01 S:FB P:nvUbdIzC 
    $FFEB:CA        DEX                                                            A:03 X:5C Y:01 S:FB P:nvUbdIzC 
    $FFEC:D0 FD     BNE $FFEB                                                      A:03 X:5B Y:01 S:FB P:nvUbdIzC 
    $FFEB:CA        DEX                                                            A:03 X:5B Y:01 S:FB P:nvUbdIzC 
    $FFEC:D0 FD     BNE $FFEB                                                      A:03 X:5A Y:01 S:FB P:nvUbdIzC 
    $FFEB:CA        DEX                                                            A:03 X:5A Y:01 S:FB P:nvUbdIzC 
    $FFEC:D0 FD     BNE $FFEB                                                      A:03 X:59 Y:01 S:FB P:nvUbdIzC 
    $FFEB:CA        DEX                                                            A:03 X:59 Y:01 S:FB P:nvUbdIzC 
    $FFEC:D0 FD     BNE $FFEB                                                      A:03 X:58 Y:01 S:FB P:nvUbdIzC 
    $FFEB:CA        DEX                                                            A:03 X:58 Y:01 S:FB P:nvUbdIzC 
    $FFEC:D0 FD     BNE $FFEB                                                      A:03 X:57 Y:01 S:FB P:nvUbdIzC 
    $FFEB:CA        DEX                                                            A:03 X:57 Y:01 S:FB P:nvUbdIzC 
    $FFEC:D0 FD     BNE $FFEB                                                      A:03 X:56 Y:01 S:FB P:nvUbdIzC 
    $FFEB:CA        DEX                                                            A:03 X:56 Y:01 S:FB P:nvUbdIzC 
    $FFEC:D0 FD     BNE $FFEB                                                      A:03 X:55 Y:01 S:FB P:nvUbdIzC 
    $FFEB:CA        DEX                                                            A:03 X:55 Y:01 S:FB P:nvUbdIzC 
    $FFEC:D0 FD     BNE $FFEB                                                      A:03 X:54 Y:01 S:FB P:nvUbdIzC 
    $FFEB:CA        DEX                                                            A:03 X:54 Y:01 S:FB P:nvUbdIzC 
    $FFEC:D0 FD     BNE $FFEB                                                      A:03 X:53 Y:01 S:FB P:nvUbdIzC 
    $FFEB:CA        DEX                                                            A:03 X:53 Y:01 S:FB P:nvUbdIzC 
    $FFEC:D0 FD     BNE $FFEB                                                      A:03 X:52 Y:01 S:FB P:nvUbdIzC 
    $FFEB:CA        DEX                                                            A:03 X:52 Y:01 S:FB P:nvUbdIzC 
    $FFEC:D0 FD     BNE $FFEB                                                      A:03 X:51 Y:01 S:FB P:nvUbdIzC 
    $FFEB:CA        DEX                                                            A:03 X:51 Y:01 S:FB P:nvUbdIzC 
    $FFEC:D0 FD     BNE $FFEB                                                      A:03 X:50 Y:01 S:FB P:nvUbdIzC 
    $FFEB:CA        DEX                                                            A:03 X:50 Y:01 S:FB P:nvUbdIzC 
    $FFEC:D0 FD     BNE $FFEB                                                      A:03 X:4F Y:01 S:FB P:nvUbdIzC 
    $FFEB:CA        DEX                                                            A:03 X:4F Y:01 S:FB P:nvUbdIzC 
    $FFEC:D0 FD     BNE $FFEB                                                      A:03 X:4E Y:01 S:FB P:nvUbdIzC 
    $FFEB:CA        DEX                                                            A:03 X:4E Y:01 S:FB P:nvUbdIzC 
    $FFEC:D0 FD     BNE $FFEB                                                      A:03 X:4D Y:01 S:FB P:nvUbdIzC 
    $FFEB:CA        DEX                                                            A:03 X:4D Y:01 S:FB P:nvUbdIzC 
    $FFEC:D0 FD     BNE $FFEB                                                      A:03 X:4C Y:01 S:FB P:nvUbdIzC 
    $FFEB:CA        DEX                                                            A:03 X:4C Y:01 S:FB P:nvUbdIzC 
    $FFEC:D0 FD     BNE $FFEB                                                      A:03 X:4B Y:01 S:FB P:nvUbdIzC 
    $FFEB:CA        DEX                                                            A:03 X:4B Y:01 S:FB P:nvUbdIzC 
    $FFEC:D0 FD     BNE $FFEB                                                      A:03 X:4A Y:01 S:FB P:nvUbdIzC 
    $FFEB:CA        DEX                                                            A:03 X:4A Y:01 S:FB P:nvUbdIzC 
    $FFEC:D0 FD     BNE $FFEB                                                      A:03 X:49 Y:01 S:FB P:nvUbdIzC 
    $FFEB:CA        DEX                                                            A:03 X:49 Y:01 S:FB P:nvUbdIzC 
    $FFEC:D0 FD     BNE $FFEB                                                      A:03 X:48 Y:01 S:FB P:nvUbdIzC 
    $FFEB:CA        DEX                                                            A:03 X:48 Y:01 S:FB P:nvUbdIzC 
    $FFEC:D0 FD     BNE $FFEB                                                      A:03 X:47 Y:01 S:FB P:nvUbdIzC 
    $FFEB:CA        DEX                                                            A:03 X:47 Y:01 S:FB P:nvUbdIzC 
    $FFEC:D0 FD     BNE $FFEB                                                      A:03 X:46 Y:01 S:FB P:nvUbdIzC 
    $FFEB:CA        DEX                                                            A:03 X:46 Y:01 S:FB P:nvUbdIzC 
    $FFEC:D0 FD     BNE $FFEB                                                      A:03 X:45 Y:01 S:FB P:nvUbdIzC 
    $FFEB:CA        DEX                                                            A:03 X:45 Y:01 S:FB P:nvUbdIzC 
    $FFEC:D0 FD     BNE $FFEB                                                      A:03 X:44 Y:01 S:FB P:nvUbdIzC 
    $FFEB:CA        DEX                                                            A:03 X:44 Y:01 S:FB P:nvUbdIzC 
    $FFEC:D0 FD     BNE $FFEB                                                      A:03 X:43 Y:01 S:FB P:nvUbdIzC 
    $FFEB:CA        DEX                                                            A:03 X:43 Y:01 S:FB P:nvUbdIzC 
    $FFEC:D0 FD     BNE $FFEB                                                      A:03 X:42 Y:01 S:FB P:nvUbdIzC 
    $FFEB:CA        DEX                                                            A:03 X:42 Y:01 S:FB P:nvUbdIzC 
    $FFEC:D0 FD     BNE $FFEB                                                      A:03 X:41 Y:01 S:FB P:nvUbdIzC 
    $FFEB:CA        DEX                                                            A:03 X:41 Y:01 S:FB P:nvUbdIzC 
    $FFEC:D0 FD     BNE $FFEB                                                      A:03 X:40 Y:01 S:FB P:nvUbdIzC 
    $FFEB:CA        DEX                                                            A:03 X:40 Y:01 S:FB P:nvUbdIzC 
    $FFEC:D0 FD     BNE $FFEB                                                      A:03 X:3F Y:01 S:FB P:nvUbdIzC 
    $FFEB:CA        DEX                                                            A:03 X:3F Y:01 S:FB P:nvUbdIzC 
    $FFEC:D0 FD     BNE $FFEB                                                      A:03 X:3E Y:01 S:FB P:nvUbdIzC 
    $FFEB:CA        DEX                                                            A:03 X:3E Y:01 S:FB P:nvUbdIzC 
    $FFEC:D0 FD     BNE $FFEB                                                      A:03 X:3D Y:01 S:FB P:nvUbdIzC 
    $FFEB:CA        DEX                                                            A:03 X:3D Y:01 S:FB P:nvUbdIzC 
    $FFEC:D0 FD     BNE $FFEB                                                      A:03 X:3C Y:01 S:FB P:nvUbdIzC 
    $FFEB:CA        DEX                                                            A:03 X:3C Y:01 S:FB P:nvUbdIzC 
    $FFEC:D0 FD     BNE $FFEB                                                      A:03 X:3B Y:01 S:FB P:nvUbdIzC 
    $FFEB:CA        DEX                                                            A:03 X:3B Y:01 S:FB P:nvUbdIzC 
    $FFEC:D0 FD     BNE $FFEB                                                      A:03 X:3A Y:01 S:FB P:nvUbdIzC 
    $FFEB:CA        DEX                                                            A:03 X:3A Y:01 S:FB P:nvUbdIzC 
    $FFEC:D0 FD     BNE $FFEB                                                      A:03 X:39 Y:01 S:FB P:nvUbdIzC 
    $FFEB:CA        DEX                                                            A:03 X:39 Y:01 S:FB P:nvUbdIzC 
    $FFEC:D0 FD     BNE $FFEB                                                      A:03 X:38 Y:01 S:FB P:nvUbdIzC 
    $FFEB:CA        DEX                                                            A:03 X:38 Y:01 S:FB P:nvUbdIzC 
    $FFEC:D0 FD     BNE $FFEB                                                      A:03 X:37 Y:01 S:FB P:nvUbdIzC 
    $FFEB:CA        DEX                                                            A:03 X:37 Y:01 S:FB P:nvUbdIzC 
    $FFEC:D0 FD     BNE $FFEB                                                      A:03 X:36 Y:01 S:FB P:nvUbdIzC 
    $FFEB:CA        DEX                                                            A:03 X:36 Y:01 S:FB P:nvUbdIzC 
    $FFEC:D0 FD     BNE $FFEB                                                      A:03 X:35 Y:01 S:FB P:nvUbdIzC 
    $FFEB:CA        DEX                                                            A:03 X:35 Y:01 S:FB P:nvUbdIzC 
    $FFEC:D0 FD     BNE $FFEB                                                      A:03 X:34 Y:01 S:FB P:nvUbdIzC 
    $FFEB:CA        DEX                                                            A:03 X:34 Y:01 S:FB P:nvUbdIzC 
    $FFEC:D0 FD     BNE $FFEB                                                      A:03 X:33 Y:01 S:FB P:nvUbdIzC 
    $FFEB:CA        DEX                                                            A:03 X:33 Y:01 S:FB P:nvUbdIzC 
    $FFEC:D0 FD     BNE $FFEB                                                      A:03 X:32 Y:01 S:FB P:nvUbdIzC 
    $FFEB:CA        DEX                                                            A:03 X:32 Y:01 S:FB P:nvUbdIzC 
    $FFEC:D0 FD     BNE $FFEB                                                      A:03 X:31 Y:01 S:FB P:nvUbdIzC 
    $FFEB:CA        DEX                                                            A:03 X:31 Y:01 S:FB P:nvUbdIzC 
    $FFEC:D0 FD     BNE $FFEB                                                      A:03 X:30 Y:01 S:FB P:nvUbdIzC 
    $FFEB:CA        DEX                                                            A:03 X:30 Y:01 S:FB P:nvUbdIzC 
    $FFEC:D0 FD     BNE $FFEB                                                      A:03 X:2F Y:01 S:FB P:nvUbdIzC 
    $FFEB:CA        DEX                                                            A:03 X:2F Y:01 S:FB P:nvUbdIzC 
    $FFEC:D0 FD     BNE $FFEB                                                      A:03 X:2E Y:01 S:FB P:nvUbdIzC 
    $FFEB:CA        DEX                                                            A:03 X:2E Y:01 S:FB P:nvUbdIzC 
    $FFEC:D0 FD     BNE $FFEB                                                      A:03 X:2D Y:01 S:FB P:nvUbdIzC 
    $FFEB:CA        DEX                                                            A:03 X:2D Y:01 S:FB P:nvUbdIzC 
    $FFEC:D0 FD     BNE $FFEB                                                      A:03 X:2C Y:01 S:FB P:nvUbdIzC 
    $FFEB:CA        DEX                                                            A:03 X:2C Y:01 S:FB P:nvUbdIzC 
    $FFEC:D0 FD     BNE $FFEB                                                      A:03 X:2B Y:01 S:FB P:nvUbdIzC 
    $FFEB:CA        DEX                                                            A:03 X:2B Y:01 S:FB P:nvUbdIzC 
    $FFEC:D0 FD     BNE $FFEB                                                      A:03 X:2A Y:01 S:FB P:nvUbdIzC 
    $FFEB:CA        DEX                                                            A:03 X:2A Y:01 S:FB P:nvUbdIzC 
    $FFEC:D0 FD     BNE $FFEB                                                      A:03 X:29 Y:01 S:FB P:nvUbdIzC 
    $FFEB:CA        DEX                                                            A:03 X:29 Y:01 S:FB P:nvUbdIzC 
    $FFEC:D0 FD     BNE $FFEB                                                      A:03 X:28 Y:01 S:FB P:nvUbdIzC 
    $FFEB:CA        DEX                                                            A:03 X:28 Y:01 S:FB P:nvUbdIzC 
    $FFEC:D0 FD     BNE $FFEB                                                      A:03 X:27 Y:01 S:FB P:nvUbdIzC 
    $FFEB:CA        DEX                                                            A:03 X:27 Y:01 S:FB P:nvUbdIzC 
    $FFEC:D0 FD     BNE $FFEB                                                      A:03 X:26 Y:01 S:FB P:nvUbdIzC 
    $FFEB:CA        DEX                                                            A:03 X:26 Y:01 S:FB P:nvUbdIzC 
    $FFEC:D0 FD     BNE $FFEB                                                      A:03 X:25 Y:01 S:FB P:nvUbdIzC 
    $FFEB:CA        DEX                                                            A:03 X:25 Y:01 S:FB P:nvUbdIzC 
    $FFEC:D0 FD     BNE $FFEB                                                      A:03 X:24 Y:01 S:FB P:nvUbdIzC 
    $FFEB:CA        DEX                                                            A:03 X:24 Y:01 S:FB P:nvUbdIzC 
    $FFEC:D0 FD     BNE $FFEB                                                      A:03 X:23 Y:01 S:FB P:nvUbdIzC 
    $FFEB:CA        DEX                                                            A:03 X:23 Y:01 S:FB P:nvUbdIzC 
    $FFEC:D0 FD     BNE $FFEB                                                      A:03 X:22 Y:01 S:FB P:nvUbdIzC 
    $FFEB:CA        DEX                                                            A:03 X:22 Y:01 S:FB P:nvUbdIzC 
    $FFEC:D0 FD     BNE $FFEB                                                      A:03 X:21 Y:01 S:FB P:nvUbdIzC 
    $FFEB:CA        DEX                                                            A:03 X:21 Y:01 S:FB P:nvUbdIzC 
    $FFEC:D0 FD     BNE $FFEB                                                      A:03 X:20 Y:01 S:FB P:nvUbdIzC 
    $FFEB:CA        DEX                                                            A:03 X:20 Y:01 S:FB P:nvUbdIzC 
    $FFEC:D0 FD     BNE $FFEB                                                      A:03 X:1F Y:01 S:FB P:nvUbdIzC 
    $FFEB:CA        DEX                                                            A:03 X:1F Y:01 S:FB P:nvUbdIzC 
    $FFEC:D0 FD     BNE $FFEB                                                      A:03 X:1E Y:01 S:FB P:nvUbdIzC 
    $FFEB:CA        DEX                                                            A:03 X:1E Y:01 S:FB P:nvUbdIzC 
    $FFEC:D0 FD     BNE $FFEB                                                      A:03 X:1D Y:01 S:FB P:nvUbdIzC 
    $FFEB:CA        DEX                                                            A:03 X:1D Y:01 S:FB P:nvUbdIzC 
    $FFEC:D0 FD     BNE $FFEB                                                      A:03 X:1C Y:01 S:FB P:nvUbdIzC 
    $FFEB:CA        DEX                                                            A:03 X:1C Y:01 S:FB P:nvUbdIzC 
    $FFEC:D0 FD     BNE $FFEB                                                      A:03 X:1B Y:01 S:FB P:nvUbdIzC 
    $FFEB:CA        DEX                                                            A:03 X:1B Y:01 S:FB P:nvUbdIzC 
    $FFEC:D0 FD     BNE $FFEB                                                      A:03 X:1A Y:01 S:FB P:nvUbdIzC 
    $FFEB:CA        DEX                                                            A:03 X:1A Y:01 S:FB P:nvUbdIzC 
    $FFEC:D0 FD     BNE $FFEB                                                      A:03 X:19 Y:01 S:FB P:nvUbdIzC 
    $FFEB:CA        DEX                                                            A:03 X:19 Y:01 S:FB P:nvUbdIzC 
    $FFEC:D0 FD     BNE $FFEB                                                      A:03 X:18 Y:01 S:FB P:nvUbdIzC 
    $FFEB:CA        DEX                                                            A:03 X:18 Y:01 S:FB P:nvUbdIzC 
    $FFEC:D0 FD     BNE $FFEB                                                      A:03 X:17 Y:01 S:FB P:nvUbdIzC 
    $FFEB:CA        DEX                                                            A:03 X:17 Y:01 S:FB P:nvUbdIzC 
    $FFEC:D0 FD     BNE $FFEB                                                      A:03 X:16 Y:01 S:FB P:nvUbdIzC 
    $FFEB:CA        DEX                                                            A:03 X:16 Y:01 S:FB P:nvUbdIzC 
    $FFEC:D0 FD     BNE $FFEB                                                      A:03 X:15 Y:01 S:FB P:nvUbdIzC 
    $FFEB:CA        DEX                                                            A:03 X:15 Y:01 S:FB P:nvUbdIzC 
    $FFEC:D0 FD     BNE $FFEB                                                      A:03 X:14 Y:01 S:FB P:nvUbdIzC 
    $FFEB:CA        DEX                                                            A:03 X:14 Y:01 S:FB P:nvUbdIzC 
    $FFEC:D0 FD     BNE $FFEB                                                      A:03 X:13 Y:01 S:FB P:nvUbdIzC 
    $FFEB:CA        DEX                                                            A:03 X:13 Y:01 S:FB P:nvUbdIzC 
    $FFEC:D0 FD     BNE $FFEB                                                      A:03 X:12 Y:01 S:FB P:nvUbdIzC 
    $FFEB:CA        DEX                                                            A:03 X:12 Y:01 S:FB P:nvUbdIzC 
    $FFEC:D0 FD     BNE $FFEB                                                      A:03 X:11 Y:01 S:FB P:nvUbdIzC 
    $FFEB:CA        DEX                                                            A:03 X:11 Y:01 S:FB P:nvUbdIzC 
    $FFEC:D0 FD     BNE $FFEB                                                      A:03 X:10 Y:01 S:FB P:nvUbdIzC 
    $FFEB:CA        DEX                                                            A:03 X:10 Y:01 S:FB P:nvUbdIzC 
    $FFEC:D0 FD     BNE $FFEB                                                      A:03 X:0F Y:01 S:FB P:nvUbdIzC 
    $FFEB:CA        DEX                                                            A:03 X:0F Y:01 S:FB P:nvUbdIzC 
    $FFEC:D0 FD     BNE $FFEB                                                      A:03 X:0E Y:01 S:FB P:nvUbdIzC 
    $FFEB:CA        DEX                                                            A:03 X:0E Y:01 S:FB P:nvUbdIzC 
    $FFEC:D0 FD     BNE $FFEB                                                      A:03 X:0D Y:01 S:FB P:nvUbdIzC 
    $FFEB:CA        DEX                                                            A:03 X:0D Y:01 S:FB P:nvUbdIzC 
    $FFEC:D0 FD     BNE $FFEB                                                      A:03 X:0C Y:01 S:FB P:nvUbdIzC 
    $FFEB:CA        DEX                                                            A:03 X:0C Y:01 S:FB P:nvUbdIzC 
    $FFEC:D0 FD     BNE $FFEB                                                      A:03 X:0B Y:01 S:FB P:nvUbdIzC 
    $FFEB:CA        DEX                                                            A:03 X:0B Y:01 S:FB P:nvUbdIzC 
    $FFEC:D0 FD     BNE $FFEB                                                      A:03 X:0A Y:01 S:FB P:nvUbdIzC 
    $FFEB:CA        DEX                                                            A:03 X:0A Y:01 S:FB P:nvUbdIzC 
    $FFEC:D0 FD     BNE $FFEB                                                      A:03 X:09 Y:01 S:FB P:nvUbdIzC 
    $FFEB:CA        DEX                                                            A:03 X:09 Y:01 S:FB P:nvUbdIzC 
    $FFEC:D0 FD     BNE $FFEB                                                      A:03 X:08 Y:01 S:FB P:nvUbdIzC 
    $FFEB:CA        DEX                                                            A:03 X:08 Y:01 S:FB P:nvUbdIzC 
    $FFEC:D0 FD     BNE $FFEB                                                      A:03 X:07 Y:01 S:FB P:nvUbdIzC 
    $FFEB:CA        DEX                                                            A:03 X:07 Y:01 S:FB P:nvUbdIzC 
    $FFEC:D0 FD     BNE $FFEB                                                      A:03 X:06 Y:01 S:FB P:nvUbdIzC 
    $FFEB:CA        DEX                                                            A:03 X:06 Y:01 S:FB P:nvUbdIzC 
    $FFEC:D0 FD     BNE $FFEB                                                      A:03 X:05 Y:01 S:FB P:nvUbdIzC 
    $FFEB:CA        DEX                                                            A:03 X:05 Y:01 S:FB P:nvUbdIzC 
    $FFEC:D0 FD     BNE $FFEB                                                      A:03 X:04 Y:01 S:FB P:nvUbdIzC 
    $FFEB:CA        DEX                                                            A:03 X:04 Y:01 S:FB P:nvUbdIzC 
    $FFEC:D0 FD     BNE $FFEB                                                      A:03 X:03 Y:01 S:FB P:nvUbdIzC 
    $FFEB:CA        DEX                                                            A:03 X:03 Y:01 S:FB P:nvUbdIzC 
    $FFEC:D0 FD     BNE $FFEB                                                      A:03 X:02 Y:01 S:FB P:nvUbdIzC 
    $FFEB:CA        DEX                                                            A:03 X:02 Y:01 S:FB P:nvUbdIzC 
    $FFEC:D0 FD     BNE $FFEB                                                      A:03 X:01 Y:01 S:FB P:nvUbdIzC 
    $FFEB:CA        DEX                                                            A:03 X:01 Y:01 S:FB P:nvUbdIzC 
    $FFEC:D0 FD     BNE $FFEB                                                      A:03 X:00 Y:01 S:FB P:nvUbdIZC 
    $FFEE:88        DEY                                                            A:03 X:00 Y:01 S:FB P:nvUbdIZC 
    $FFEF:D0 FA     BNE $FFEB                                                      A:03 X:00 Y:00 S:FB P:nvUbdIZC 
    $FFF1:60        RTS (from $FFEB) ----------------------------------------------A:03 X:00 Y:00 S:FB P:nvUbdIZC 
  $8617:F0 37     BEQ $8650                                                      A:03 X:00 Y:00 S:FD P:nvUbdIZC 
  $8650:A5 85     LDA $0085 = #$31                                               A:03 X:00 Y:00 S:FD P:nvUbdIZC 
  $8652:8D 06 20  STA $2006 = #$A0                                               A:31 X:00 Y:00 S:FD P:nvUbdIzC 
  $8655:A5 86     LDA $0086 = #$80                                               A:31 X:00 Y:00 S:FD P:nvUbdIzC 
  $8657:8D 06 20  STA $2006 = #$A0                                               A:80 X:00 Y:00 S:FD P:NvUbdIzC 
  $865A:A2 0C     LDX #$0C                                                       A:80 X:00 Y:00 S:FD P:NvUbdIzC 
  $865C:A5 87     LDA $0087 = #$DF                                               A:80 X:0C Y:00 S:FD P:nvUbdIzC 
  $865E:18        CLC                                                            A:DF X:0C Y:00 S:FD P:NvUbdIzC 
  $865F:65 D3     ADC $00D3 = #$00                                               A:DF X:0C Y:00 S:FD P:NvUbdIzc 
  $8661:A4 10     LDY $0010 = #$03                                               A:DF X:0C Y:00 S:FD P:NvUbdIzc 
  $8663:C0 06     CPY #$06                                                       A:DF X:0C Y:03 S:FD P:nvUbdIzc 
  $8665:F0 04     BEQ $866B                                                      A:DF X:0C Y:03 S:FD P:NvUbdIzc 
  $8667:C0 03     CPY #$03                                                       A:DF X:0C Y:03 S:FD P:NvUbdIzc 
  $8669:D0 09     BNE $8674                                                      A:DF X:0C Y:03 S:FD P:nvUbdIZC 
  $866B:4A        LSR                                                            A:DF X:0C Y:03 S:FD P:nvUbdIZC 
  $866C:85 CC     STA $00CC = #$00                                               A:6F X:0C Y:03 S:FD P:nvUbdIzC 
  $866E:4A        LSR                                                            A:6F X:0C Y:03 S:FD P:nvUbdIzC 
  $866F:18        CLC                                                            A:37 X:0C Y:03 S:FD P:nvUbdIzC 
  $8670:65 CC     ADC $00CC = #$6F                                               A:37 X:0C Y:03 S:FD P:nvUbdIzc 
  $8672:A2 07     LDX #$07                                                       A:A6 X:0C Y:03 S:FD P:NVUbdIzc 
  $8674:8D 05 20  STA $2005 = #$00                                               A:A6 X:07 Y:03 S:FD P:nVUbdIzc 
  $8677:A0 01     LDY #$01                                                       A:A6 X:07 Y:03 S:FD P:nVUbdIzc 
  $8679:20 EB FF  JSR $FFEB                                                      A:A6 X:07 Y:01 S:FD P:nVUbdIzc 
    $FFEB:CA        DEX                                                            A:A6 X:07 Y:01 S:FB P:nVUbdIzc 
    $FFEC:D0 FD     BNE $FFEB                                                      A:A6 X:06 Y:01 S:FB P:nVUbdIzc 
    $FFEB:CA        DEX                                                            A:A6 X:06 Y:01 S:FB P:nVUbdIzc 
    $FFEC:D0 FD     BNE $FFEB                                                      A:A6 X:05 Y:01 S:FB P:nVUbdIzc 
    $FFEB:CA        DEX                                                            A:A6 X:05 Y:01 S:FB P:nVUbdIzc 
    $FFEC:D0 FD     BNE $FFEB                                                      A:A6 X:04 Y:01 S:FB P:nVUbdIzc 
    $FFEB:CA        DEX                                                            A:A6 X:04 Y:01 S:FB P:nVUbdIzc 
    $FFEC:D0 FD     BNE $FFEB                                                      A:A6 X:03 Y:01 S:FB P:nVUbdIzc 
    $FFEB:CA        DEX                                                            A:A6 X:03 Y:01 S:FB P:nVUbdIzc 
    $FFEC:D0 FD     BNE $FFEB                                                      A:A6 X:02 Y:01 S:FB P:nVUbdIzc 
    $FFEB:CA        DEX                                                            A:A6 X:02 Y:01 S:FB P:nVUbdIzc 
    $FFEC:D0 FD     BNE $FFEB                                                      A:A6 X:01 Y:01 S:FB P:nVUbdIzc 
    $FFEB:CA        DEX                                                            A:A6 X:01 Y:01 S:FB P:nVUbdIzc 
    $FFEC:D0 FD     BNE $FFEB                                                      A:A6 X:00 Y:01 S:FB P:nVUbdIZc 
    $FFEE:88        DEY                                                            A:A6 X:00 Y:01 S:FB P:nVUbdIZc 
    $FFEF:D0 FA     BNE $FFEB                                                      A:A6 X:00 Y:00 S:FB P:nVUbdIZc 
    $FFF1:60        RTS (from $FFEB) ----------------------------------------------A:A6 X:00 Y:00 S:FB P:nVUbdIZc 
  $867C:8E B3 FF  STX $FFB3 = #$00                                               A:A6 X:00 Y:00 S:FD P:nVUbdIZc 
  $867F:A5 09     LDA $0009 = #$90                                               A:A6 X:00 Y:00 S:FD P:nVUbdIZc 
  $8681:10 2C     BPL $86AF                                                      A:90 X:00 Y:00 S:FD P:NVUbdIzc 
  $8683:20 78 8D  JSR $8D78                                                      A:90 X:00 Y:00 S:FD P:NVUbdIzc 
    $8D78:A2 01     LDX #$01                                                       A:90 X:00 Y:00 S:FB P:NVUbdIzc 
    $8D7A:8E 16 40  STX $4016 = #$01                                               A:90 X:01 Y:00 S:FB P:nVUbdIzc 
    $8D7D:CA        DEX                                                            A:90 X:01 Y:00 S:FB P:nVUbdIzc 
    $8D7E:8E 16 40  STX $4016 = #$C1                                               A:90 X:00 Y:00 S:FB P:nVUbdIZc 
    $8D81:A2 08     LDX #$08                                                       A:90 X:00 Y:00 S:FB P:nVUbdIZc 
    $8D83:AD 16 40  LDA $4016 = #$00                                               A:90 X:08 Y:00 S:FB P:nVUbdIzc 
    $8D86:6A        ROR                                                            A:40 X:08 Y:00 S:FB P:nVUbdIzc 
    $8D87:26 15     ROL $0015 = #$30                                               A:20 X:08 Y:00 S:FB P:nVUbdIzc 
    $8D89:AD 17 40  LDA $4017 = #$00                                               A:20 X:08 Y:00 S:FB P:nVUbdIzc 
    $8D8C:6A        ROR                                                            A:40 X:08 Y:00 S:FB P:nVUbdIzc 
    $8D8D:26 16     ROL $0016 = #$0E                                               A:20 X:08 Y:00 S:FB P:nVUbdIzc 
    $8D8F:CA        DEX                                                            A:20 X:08 Y:00 S:FB P:nVUbdIzc 
    $8D90:D0 F1     BNE $8D83                                                      A:20 X:07 Y:00 S:FB P:nVUbdIzc 
    $8D83:AD 16 40  LDA $4016 = #$C0                                               A:20 X:07 Y:00 S:FB P:nVUbdIzc 
    $8D86:6A        ROR                                                            A:40 X:07 Y:00 S:FB P:nVUbdIzc 
    $8D87:26 15     ROL $0015 = #$60                                               A:20 X:07 Y:00 S:FB P:nVUbdIzc 
    $8D89:AD 17 40  LDA $4017 = #$40                                               A:20 X:07 Y:00 S:FB P:NVUbdIzc 
    $8D8C:6A        ROR                                                            A:40 X:07 Y:00 S:FB P:nVUbdIzc 
    $8D8D:26 16     ROL $0016 = #$1C                                               A:20 X:07 Y:00 S:FB P:nVUbdIzc 
    $8D8F:CA        DEX                                                            A:20 X:07 Y:00 S:FB P:nVUbdIzc 
    $8D90:D0 F1     BNE $8D83                                                      A:20 X:06 Y:00 S:FB P:nVUbdIzc 
    $8D83:AD 16 40  LDA $4016 = #$C0                                               A:20 X:06 Y:00 S:FB P:nVUbdIzc 
    $8D86:6A        ROR                                                            A:40 X:06 Y:00 S:FB P:nVUbdIzc 
    $8D87:26 15     ROL $0015 = #$C0                                               A:20 X:06 Y:00 S:FB P:nVUbdIzc 
    $8D89:AD 17 40  LDA $4017 = #$C0                                               A:20 X:06 Y:00 S:FB P:NVUbdIzC 
    $8D8C:6A        ROR                                                            A:40 X:06 Y:00 S:FB P:nVUbdIzC 
    $8D8D:26 16     ROL $0016 = #$38                                               A:A0 X:06 Y:00 S:FB P:NVUbdIzc 
    $8D8F:CA        DEX                                                            A:A0 X:06 Y:00 S:FB P:nVUbdIzc 
    $8D90:D0 F1     BNE $8D83                                                      A:A0 X:05 Y:00 S:FB P:nVUbdIzc 
    $8D83:AD 16 40  LDA $4016 = #$C0                                               A:A0 X:05 Y:00 S:FB P:nVUbdIzc 
    $8D86:6A        ROR                                                            A:40 X:05 Y:00 S:FB P:nVUbdIzc 
    $8D87:26 15     ROL $0015 = #$80                                               A:20 X:05 Y:00 S:FB P:nVUbdIzc 
    $8D89:AD 17 40  LDA $4017 = #$80                                               A:20 X:05 Y:00 S:FB P:nVUbdIZC 
    $8D8C:6A        ROR                                                            A:40 X:05 Y:00 S:FB P:nVUbdIzC 
    $8D8D:26 16     ROL $0016 = #$70                                               A:A0 X:05 Y:00 S:FB P:NVUbdIzc 
    $8D8F:CA        DEX                                                            A:A0 X:05 Y:00 S:FB P:NVUbdIzc 
    $8D90:D0 F1     BNE $8D83                                                      A:A0 X:04 Y:00 S:FB P:nVUbdIzc 
    $8D83:AD 16 40  LDA $4016 = #$C1                                               A:A0 X:04 Y:00 S:FB P:nVUbdIzc 
    $8D86:6A        ROR                                                            A:41 X:04 Y:00 S:FB P:nVUbdIzc 
    $8D87:26 15     ROL $0015 = #$00                                               A:20 X:04 Y:00 S:FB P:nVUbdIzC 
    $8D89:AD 17 40  LDA $4017 = #$01                                               A:20 X:04 Y:00 S:FB P:nVUbdIzc 
    $8D8C:6A        ROR                                                            A:41 X:04 Y:00 S:FB P:nVUbdIzc 
    $8D8D:26 16     ROL $0016 = #$E0                                               A:20 X:04 Y:00 S:FB P:nVUbdIzC 
    $8D8F:CA        DEX                                                            A:20 X:04 Y:00 S:FB P:NVUbdIzC 
    $8D90:D0 F1     BNE $8D83                                                      A:20 X:03 Y:00 S:FB P:nVUbdIzC 
    $8D83:AD 16 40  LDA $4016 = #$C1                                               A:20 X:03 Y:00 S:FB P:nVUbdIzC 
    $8D86:6A        ROR                                                            A:41 X:03 Y:00 S:FB P:nVUbdIzC 
    $8D87:26 15     ROL $0015 = #$01                                               A:A0 X:03 Y:00 S:FB P:NVUbdIzC 
    $8D89:AD 17 40  LDA $4017 = #$01                                               A:A0 X:03 Y:00 S:FB P:nVUbdIzc 
    $8D8C:6A        ROR                                                            A:41 X:03 Y:00 S:FB P:nVUbdIzc 
    $8D8D:26 16     ROL $0016 = #$C1                                               A:20 X:03 Y:00 S:FB P:nVUbdIzC 
    $8D8F:CA        DEX                                                            A:20 X:03 Y:00 S:FB P:NVUbdIzC 
    $8D90:D0 F1     BNE $8D83                                                      A:20 X:02 Y:00 S:FB P:nVUbdIzC 
    $8D83:AD 16 40  LDA $4016 = #$C1                                               A:20 X:02 Y:00 S:FB P:nVUbdIzC 
    $8D86:6A        ROR                                                            A:41 X:02 Y:00 S:FB P:nVUbdIzC 
    $8D87:26 15     ROL $0015 = #$03                                               A:A0 X:02 Y:00 S:FB P:NVUbdIzC 
    $8D89:AD 17 40  LDA $4017 = #$01                                               A:A0 X:02 Y:00 S:FB P:nVUbdIzc 
    $8D8C:6A        ROR                                                            A:41 X:02 Y:00 S:FB P:nVUbdIzc 
    $8D8D:26 16     ROL $0016 = #$83                                               A:20 X:02 Y:00 S:FB P:nVUbdIzC 
    $8D8F:CA        DEX                                                            A:20 X:02 Y:00 S:FB P:nVUbdIzC 
    $8D90:D0 F1     BNE $8D83                                                      A:20 X:01 Y:00 S:FB P:nVUbdIzC 
    $8D83:AD 16 40  LDA $4016 = #$C1                                               A:20 X:01 Y:00 S:FB P:nVUbdIzC 
    $8D86:6A        ROR                                                            A:41 X:01 Y:00 S:FB P:nVUbdIzC 
    $8D87:26 15     ROL $0015 = #$07                                               A:A0 X:01 Y:00 S:FB P:NVUbdIzC 
    $8D89:AD 17 40  LDA $4017 = #$01                                               A:A0 X:01 Y:00 S:FB P:nVUbdIzc 
    $8D8C:6A        ROR                                                            A:41 X:01 Y:00 S:FB P:nVUbdIzc 
    $8D8D:26 16     ROL $0016 = #$07                                               A:20 X:01 Y:00 S:FB P:nVUbdIzC 
    $8D8F:CA        DEX                                                            A:20 X:01 Y:00 S:FB P:nVUbdIzc 
    $8D90:D0 F1     BNE $8D83                                                      A:20 X:00 Y:00 S:FB P:nVUbdIZc 
    $8D92:A5 15     LDA $0015 = #$0F                                               A:20 X:00 Y:00 S:FB P:nVUbdIZc 
    $8D94:AA        TAX                                                            A:0F X:00 Y:00 S:FB P:nVUbdIzc 
    $8D95:45 29     EOR $0029 = #$00                                               A:0F X:0F Y:00 S:FB P:nVUbdIzc 
    $8D97:86 29     STX $0029 = #$00                                               A:0F X:0F Y:00 S:FB P:nVUbdIzc 
    $8D99:25 15     AND $0015 = #$0F                                               A:0F X:0F Y:00 S:FB P:nVUbdIzc 
    $8D9B:85 2B     STA $002B = #$00                                               A:0F X:0F Y:00 S:FB P:nVUbdIzc 
    $8D9D:A5 16     LDA $0016 = #$0F                                               A:0F X:0F Y:00 S:FB P:nVUbdIzc 
    $8D9F:AA        TAX                                                            A:0F X:0F Y:00 S:FB P:nVUbdIzc 
    $8DA0:45 2A     EOR $002A = #$00                                               A:0F X:0F Y:00 S:FB P:nVUbdIzc 
    $8DA2:86 2A     STX $002A = #$00                                               A:0F X:0F Y:00 S:FB P:nVUbdIzc 
    $8DA4:25 16     AND $0016 = #$0F                                               A:0F X:0F Y:00 S:FB P:nVUbdIzc 
    $8DA6:85 2C     STA $002C = #$00                                               A:0F X:0F Y:00 S:FB P:nVUbdIzc 
    $8DA8:60        RTS (from $8D78) ----------------------------------------------A:0F X:0F Y:00 S:FB P:nVUbdIzc 
  $8686:A4 10     LDY $0010 = #$03                                               A:0F X:0F Y:00 S:FD P:nVUbdIzc 
  $8688:B9 B8 86  LDA $86B8,Y @ $86BB = #$00                                     A:0F X:0F Y:03 S:FD P:nVUbdIzc 
  $868B:85 CC     STA $00CC = #$6F                                               A:00 X:0F Y:03 S:FD P:nVUbdIZc 
  $868D:98        TYA                                                            A:00 X:0F Y:03 S:FD P:nVUbdIZc 
  $868E:C9 03     CMP #$03                                                       A:03 X:0F Y:03 S:FD P:nVUbdIzc 
  $8690:D0 35     BNE $86C7                                                      A:03 X:0F Y:03 S:FD P:nVUbdIZC 
  $8692:A2 28     LDX #$28                                                       A:03 X:0F Y:03 S:FD P:nVUbdIZC 
  $8694:A0 03     LDY #$03                                                       A:03 X:28 Y:03 S:FD P:nVUbdIzC 
  $8696:20 EB FF  JSR $FFEB                                                      A:03 X:28 Y:03 S:FD P:nVUbdIzC 
    $FFEB:CA        DEX                                                            A:03 X:28 Y:03 S:FB P:nVUbdIzC 
    $FFEC:D0 FD     BNE $FFEB                                                      A:03 X:27 Y:03 S:FB P:nVUbdIzC 
    $FFEB:CA        DEX                                                            A:03 X:27 Y:03 S:FB P:nVUbdIzC 
    $FFEC:D0 FD     BNE $FFEB                                                      A:03 X:26 Y:03 S:FB P:nVUbdIzC 
    $FFEB:CA        DEX                                                            A:03 X:26 Y:03 S:FB P:nVUbdIzC 
    $FFEC:D0 FD     BNE $FFEB                                                      A:03 X:25 Y:03 S:FB P:nVUbdIzC 
    $FFEB:CA        DEX                                                            A:03 X:25 Y:03 S:FB P:nVUbdIzC 
    $FFEC:D0 FD     BNE $FFEB                                                      A:03 X:24 Y:03 S:FB P:nVUbdIzC 
    $FFEB:CA        DEX                                                            A:03 X:24 Y:03 S:FB P:nVUbdIzC 
    $FFEC:D0 FD     BNE $FFEB                                                      A:03 X:23 Y:03 S:FB P:nVUbdIzC 
    $FFEB:CA        DEX                                                            A:03 X:23 Y:03 S:FB P:nVUbdIzC 
    $FFEC:D0 FD     BNE $FFEB                                                      A:03 X:22 Y:03 S:FB P:nVUbdIzC 
    $FFEB:CA        DEX                                                            A:03 X:22 Y:03 S:FB P:nVUbdIzC 
    $FFEC:D0 FD     BNE $FFEB                                                      A:03 X:21 Y:03 S:FB P:nVUbdIzC 
    $FFEB:CA        DEX                                                            A:03 X:21 Y:03 S:FB P:nVUbdIzC 
    $FFEC:D0 FD     BNE $FFEB                                                      A:03 X:20 Y:03 S:FB P:nVUbdIzC 
    $FFEB:CA        DEX                                                            A:03 X:20 Y:03 S:FB P:nVUbdIzC 
    $FFEC:D0 FD     BNE $FFEB                                                      A:03 X:1F Y:03 S:FB P:nVUbdIzC 
    $FFEB:CA        DEX                                                            A:03 X:1F Y:03 S:FB P:nVUbdIzC 
    $FFEC:D0 FD     BNE $FFEB                                                      A:03 X:1E Y:03 S:FB P:nVUbdIzC 
    $FFEB:CA        DEX                                                            A:03 X:1E Y:03 S:FB P:nVUbdIzC 
    $FFEC:D0 FD     BNE $FFEB                                                      A:03 X:1D Y:03 S:FB P:nVUbdIzC 
    $FFEB:CA        DEX                                                            A:03 X:1D Y:03 S:FB P:nVUbdIzC 
    $FFEC:D0 FD     BNE $FFEB                                                      A:03 X:1C Y:03 S:FB P:nVUbdIzC 
    $FFEB:CA        DEX                                                            A:03 X:1C Y:03 S:FB P:nVUbdIzC 
    $FFEC:D0 FD     BNE $FFEB                                                      A:03 X:1B Y:03 S:FB P:nVUbdIzC 
    $FFEB:CA        DEX                                                            A:03 X:1B Y:03 S:FB P:nVUbdIzC 
    $FFEC:D0 FD     BNE $FFEB                                                      A:03 X:1A Y:03 S:FB P:nVUbdIzC 
    $FFEB:CA        DEX                                                            A:03 X:1A Y:03 S:FB P:nVUbdIzC 
    $FFEC:D0 FD     BNE $FFEB                                                      A:03 X:19 Y:03 S:FB P:nVUbdIzC 
    $FFEB:CA        DEX                                                            A:03 X:19 Y:03 S:FB P:nVUbdIzC 
    $FFEC:D0 FD     BNE $FFEB                                                      A:03 X:18 Y:03 S:FB P:nVUbdIzC 
    $FFEB:CA        DEX                                                            A:03 X:18 Y:03 S:FB P:nVUbdIzC 
    $FFEC:D0 FD     BNE $FFEB                                                      A:03 X:17 Y:03 S:FB P:nVUbdIzC 
    $FFEB:CA        DEX                                                            A:03 X:17 Y:03 S:FB P:nVUbdIzC 
    $FFEC:D0 FD     BNE $FFEB                                                      A:03 X:16 Y:03 S:FB P:nVUbdIzC 
    $FFEB:CA        DEX                                                            A:03 X:16 Y:03 S:FB P:nVUbdIzC 
    $FFEC:D0 FD     BNE $FFEB                                                      A:03 X:15 Y:03 S:FB P:nVUbdIzC 
    $FFEB:CA        DEX                                                            A:03 X:15 Y:03 S:FB P:nVUbdIzC 
    $FFEC:D0 FD     BNE $FFEB                                                      A:03 X:14 Y:03 S:FB P:nVUbdIzC 
    $FFEB:CA        DEX                                                            A:03 X:14 Y:03 S:FB P:nVUbdIzC 
    $FFEC:D0 FD     BNE $FFEB                                                      A:03 X:13 Y:03 S:FB P:nVUbdIzC 
    $FFEB:CA        DEX                                                            A:03 X:13 Y:03 S:FB P:nVUbdIzC 
    $FFEC:D0 FD     BNE $FFEB                                                      A:03 X:12 Y:03 S:FB P:nVUbdIzC 
    $FFEB:CA        DEX                                                            A:03 X:12 Y:03 S:FB P:nVUbdIzC 
    $FFEC:D0 FD     BNE $FFEB                                                      A:03 X:11 Y:03 S:FB P:nVUbdIzC 
    $FFEB:CA        DEX                                                            A:03 X:11 Y:03 S:FB P:nVUbdIzC 
    $FFEC:D0 FD     BNE $FFEB                                                      A:03 X:10 Y:03 S:FB P:nVUbdIzC 
    $FFEB:CA        DEX                                                            A:03 X:10 Y:03 S:FB P:nVUbdIzC 
    $FFEC:D0 FD     BNE $FFEB                                                      A:03 X:0F Y:03 S:FB P:nVUbdIzC 
    $FFEB:CA        DEX                                                            A:03 X:0F Y:03 S:FB P:nVUbdIzC 
    $FFEC:D0 FD     BNE $FFEB                                                      A:03 X:0E Y:03 S:FB P:nVUbdIzC 
    $FFEB:CA        DEX                                                            A:03 X:0E Y:03 S:FB P:nVUbdIzC 
    $FFEC:D0 FD     BNE $FFEB                                                      A:03 X:0D Y:03 S:FB P:nVUbdIzC 
    $FFEB:CA        DEX                                                            A:03 X:0D Y:03 S:FB P:nVUbdIzC 
    $FFEC:D0 FD     BNE $FFEB                                                      A:03 X:0C Y:03 S:FB P:nVUbdIzC 
    $FFEB:CA        DEX                                                            A:03 X:0C Y:03 S:FB P:nVUbdIzC 
    $FFEC:D0 FD     BNE $FFEB                                                      A:03 X:0B Y:03 S:FB P:nVUbdIzC 
    $FFEB:CA        DEX                                                            A:03 X:0B Y:03 S:FB P:nVUbdIzC 
    $FFEC:D0 FD     BNE $FFEB                                                      A:03 X:0A Y:03 S:FB P:nVUbdIzC 
    $FFEB:CA        DEX                                                            A:03 X:0A Y:03 S:FB P:nVUbdIzC 
    $FFEC:D0 FD     BNE $FFEB                                                      A:03 X:09 Y:03 S:FB P:nVUbdIzC 
    $FFEB:CA        DEX                                                            A:03 X:09 Y:03 S:FB P:nVUbdIzC 
    $FFEC:D0 FD     BNE $FFEB                                                      A:03 X:08 Y:03 S:FB P:nVUbdIzC 
    $FFEB:CA        DEX                                                            A:03 X:08 Y:03 S:FB P:nVUbdIzC 
    $FFEC:D0 FD     BNE $FFEB                                                      A:03 X:07 Y:03 S:FB P:nVUbdIzC 
    $FFEB:CA        DEX                                                            A:03 X:07 Y:03 S:FB P:nVUbdIzC 
    $FFEC:D0 FD     BNE $FFEB                                                      A:03 X:06 Y:03 S:FB P:nVUbdIzC 
    $FFEB:CA        DEX                                                            A:03 X:06 Y:03 S:FB P:nVUbdIzC 
    $FFEC:D0 FD     BNE $FFEB                                                      A:03 X:05 Y:03 S:FB P:nVUbdIzC 
    $FFEB:CA        DEX                                                            A:03 X:05 Y:03 S:FB P:nVUbdIzC 
    $FFEC:D0 FD     BNE $FFEB                                                      A:03 X:04 Y:03 S:FB P:nVUbdIzC 
    $FFEB:CA        DEX                                                            A:03 X:04 Y:03 S:FB P:nVUbdIzC 
    $FFEC:D0 FD     BNE $FFEB                                                      A:03 X:03 Y:03 S:FB P:nVUbdIzC 
    $FFEB:CA        DEX                                                            A:03 X:03 Y:03 S:FB P:nVUbdIzC 
    $FFEC:D0 FD     BNE $FFEB                                                      A:03 X:02 Y:03 S:FB P:nVUbdIzC 
    $FFEB:CA        DEX                                                            A:03 X:02 Y:03 S:FB P:nVUbdIzC 
    $FFEC:D0 FD     BNE $FFEB                                                      A:03 X:01 Y:03 S:FB P:nVUbdIzC 
    $FFEB:CA        DEX                                                            A:03 X:01 Y:03 S:FB P:nVUbdIzC 
    $FFEC:D0 FD     BNE $FFEB                                                      A:03 X:00 Y:03 S:FB P:nVUbdIZC 
    $FFEE:88        DEY                                                            A:03 X:00 Y:03 S:FB P:nVUbdIZC 
    $FFEF:D0 FA     BNE $FFEB                                                      A:03 X:00 Y:02 S:FB P:nVUbdIzC 
    $FFEB:CA        DEX                                                            A:03 X:00 Y:02 S:FB P:nVUbdIzC 
    $FFEC:D0 FD     BNE $FFEB                                                      A:03 X:FF Y:02 S:FB P:NVUbdIzC 
    $FFEB:CA        DEX                                                            A:03 X:FF Y:02 S:FB P:NVUbdIzC 
    $FFEC:D0 FD     BNE $FFEB                                                      A:03 X:FE Y:02 S:FB P:NVUbdIzC 
    $FFEB:CA        DEX                                                            A:03 X:FE Y:02 S:FB P:NVUbdIzC 
    $FFEC:D0 FD     BNE $FFEB                                                      A:03 X:FD Y:02 S:FB P:NVUbdIzC 
    $FFEB:CA        DEX                                                            A:03 X:FD Y:02 S:FB P:NVUbdIzC 
    $FFEC:D0 FD     BNE $FFEB                                                      A:03 X:FC Y:02 S:FB P:NVUbdIzC 
    $FFEB:CA        DEX                                                            A:03 X:FC Y:02 S:FB P:NVUbdIzC 
    $FFEC:D0 FD     BNE $FFEB                                                      A:03 X:FB Y:02 S:FB P:NVUbdIzC 
    $FFEB:CA        DEX                                                            A:03 X:FB Y:02 S:FB P:NVUbdIzC 
    $FFEC:D0 FD     BNE $FFEB                                                      A:03 X:FA Y:02 S:FB P:NVUbdIzC 
    $FFEB:CA        DEX                                                            A:03 X:FA Y:02 S:FB P:NVUbdIzC 
    $FFEC:D0 FD     BNE $FFEB                                                      A:03 X:F9 Y:02 S:FB P:NVUbdIzC 
    $FFEB:CA        DEX                                                            A:03 X:F9 Y:02 S:FB P:NVUbdIzC 
    $FFEC:D0 FD     BNE $FFEB                                                      A:03 X:F8 Y:02 S:FB P:NVUbdIzC 
    $FFEB:CA        DEX                                                            A:03 X:F8 Y:02 S:FB P:NVUbdIzC 
    $FFEC:D0 FD     BNE $FFEB                                                      A:03 X:F7 Y:02 S:FB P:NVUbdIzC 
    $FFEB:CA        DEX                                                            A:03 X:F7 Y:02 S:FB P:NVUbdIzC 
    $FFEC:D0 FD     BNE $FFEB                                                      A:03 X:F6 Y:02 S:FB P:NVUbdIzC 
    $FFEB:CA        DEX                                                            A:03 X:F6 Y:02 S:FB P:NVUbdIzC 
    $FFEC:D0 FD     BNE $FFEB                                                      A:03 X:F5 Y:02 S:FB P:NVUbdIzC 
    $FFEB:CA        DEX                                                            A:03 X:F5 Y:02 S:FB P:NVUbdIzC 
    $FFEC:D0 FD     BNE $FFEB                                                      A:03 X:F4 Y:02 S:FB P:NVUbdIzC 
    $FFEB:CA        DEX                                                            A:03 X:F4 Y:02 S:FB P:NVUbdIzC 
    $FFEC:D0 FD     BNE $FFEB                                                      A:03 X:F3 Y:02 S:FB P:NVUbdIzC 
    $FFEB:CA        DEX                                                            A:03 X:F3 Y:02 S:FB P:NVUbdIzC 
    $FFEC:D0 FD     BNE $FFEB                                                      A:03 X:F2 Y:02 S:FB P:NVUbdIzC 
    $FFEB:CA        DEX                                                            A:03 X:F2 Y:02 S:FB P:NVUbdIzC 
    $FFEC:D0 FD     BNE $FFEB                                                      A:03 X:F1 Y:02 S:FB P:NVUbdIzC 
    $FFEB:CA        DEX                                                            A:03 X:F1 Y:02 S:FB P:NVUbdIzC 
    $FFEC:D0 FD     BNE $FFEB                                                      A:03 X:F0 Y:02 S:FB P:NVUbdIzC 
    $FFEB:CA        DEX                                                            A:03 X:F0 Y:02 S:FB P:NVUbdIzC 
    $FFEC:D0 FD     BNE $FFEB                                                      A:03 X:EF Y:02 S:FB P:NVUbdIzC 
    $FFEB:CA        DEX                                                            A:03 X:EF Y:02 S:FB P:NVUbdIzC 
    $FFEC:D0 FD     BNE $FFEB                                                      A:03 X:EE Y:02 S:FB P:NVUbdIzC 
    $FFEB:CA        DEX                                                            A:03 X:EE Y:02 S:FB P:NVUbdIzC 
    $FFEC:D0 FD     BNE $FFEB                                                      A:03 X:ED Y:02 S:FB P:NVUbdIzC 
    $FFEB:CA        DEX                                                            A:03 X:ED Y:02 S:FB P:NVUbdIzC 
    $FFEC:D0 FD     BNE $FFEB                                                      A:03 X:EC Y:02 S:FB P:NVUbdIzC 
    $FFEB:CA        DEX                                                            A:03 X:EC Y:02 S:FB P:NVUbdIzC 
    $FFEC:D0 FD     BNE $FFEB                                                      A:03 X:EB Y:02 S:FB P:NVUbdIzC 
    $FFEB:CA        DEX                                                            A:03 X:EB Y:02 S:FB P:NVUbdIzC 
    $FFEC:D0 FD     BNE $FFEB                                                      A:03 X:EA Y:02 S:FB P:NVUbdIzC 
    $FFEB:CA        DEX                                                            A:03 X:EA Y:02 S:FB P:NVUbdIzC 
    $FFEC:D0 FD     BNE $FFEB                                                      A:03 X:E9 Y:02 S:FB P:NVUbdIzC 
    $FFEB:CA        DEX                                                            A:03 X:E9 Y:02 S:FB P:NVUbdIzC 
    $FFEC:D0 FD     BNE $FFEB                                                      A:03 X:E8 Y:02 S:FB P:NVUbdIzC 
    $FFEB:CA        DEX                                                            A:03 X:E8 Y:02 S:FB P:NVUbdIzC 
    $FFEC:D0 FD     BNE $FFEB                                                      A:03 X:E7 Y:02 S:FB P:NVUbdIzC 
    $FFEB:CA        DEX                                                            A:03 X:E7 Y:02 S:FB P:NVUbdIzC 
    $FFEC:D0 FD     BNE $FFEB                                                      A:03 X:E6 Y:02 S:FB P:NVUbdIzC 
    $FFEB:CA        DEX                                                            A:03 X:E6 Y:02 S:FB P:NVUbdIzC 
    $FFEC:D0 FD     BNE $FFEB                                                      A:03 X:E5 Y:02 S:FB P:NVUbdIzC 
    $FFEB:CA        DEX                                                            A:03 X:E5 Y:02 S:FB P:NVUbdIzC 
    $FFEC:D0 FD     BNE $FFEB                                                      A:03 X:E4 Y:02 S:FB P:NVUbdIzC 
    $FFEB:CA        DEX                                                            A:03 X:E4 Y:02 S:FB P:NVUbdIzC 
    $FFEC:D0 FD     BNE $FFEB                                                      A:03 X:E3 Y:02 S:FB P:NVUbdIzC 
    $FFEB:CA        DEX                                                            A:03 X:E3 Y:02 S:FB P:NVUbdIzC 
    $FFEC:D0 FD     BNE $FFEB                                                      A:03 X:E2 Y:02 S:FB P:NVUbdIzC 
    $FFEB:CA        DEX                                                            A:03 X:E2 Y:02 S:FB P:NVUbdIzC 
    $FFEC:D0 FD     BNE $FFEB                                                      A:03 X:E1 Y:02 S:FB P:NVUbdIzC 
    $FFEB:CA        DEX                                                            A:03 X:E1 Y:02 S:FB P:NVUbdIzC 
    $FFEC:D0 FD     BNE $FFEB                                                      A:03 X:E0 Y:02 S:FB P:NVUbdIzC 
    $FFEB:CA        DEX                                                            A:03 X:E0 Y:02 S:FB P:NVUbdIzC 
    $FFEC:D0 FD     BNE $FFEB                                                      A:03 X:DF Y:02 S:FB P:NVUbdIzC 
    $FFEB:CA        DEX                                                            A:03 X:DF Y:02 S:FB P:NVUbdIzC 
    $FFEC:D0 FD     BNE $FFEB                                                      A:03 X:DE Y:02 S:FB P:NVUbdIzC 
    $FFEB:CA        DEX                                                            A:03 X:DE Y:02 S:FB P:NVUbdIzC 
    $FFEC:D0 FD     BNE $FFEB                                                      A:03 X:DD Y:02 S:FB P:NVUbdIzC 
    $FFEB:CA        DEX                                                            A:03 X:DD Y:02 S:FB P:NVUbdIzC 
    $FFEC:D0 FD     BNE $FFEB                                                      A:03 X:DC Y:02 S:FB P:NVUbdIzC 
    $FFEB:CA        DEX                                                            A:03 X:DC Y:02 S:FB P:NVUbdIzC 
    $FFEC:D0 FD     BNE $FFEB                                                      A:03 X:DB Y:02 S:FB P:NVUbdIzC 
    $FFEB:CA        DEX                                                            A:03 X:DB Y:02 S:FB P:NVUbdIzC 
    $FFEC:D0 FD     BNE $FFEB                                                      A:03 X:DA Y:02 S:FB P:NVUbdIzC 
    $FFEB:CA        DEX                                                            A:03 X:DA Y:02 S:FB P:NVUbdIzC 
    $FFEC:D0 FD     BNE $FFEB                                                      A:03 X:D9 Y:02 S:FB P:NVUbdIzC 
    $FFEB:CA        DEX                                                            A:03 X:D9 Y:02 S:FB P:NVUbdIzC 
    $FFEC:D0 FD     BNE $FFEB                                                      A:03 X:D8 Y:02 S:FB P:NVUbdIzC 
    $FFEB:CA        DEX                                                            A:03 X:D8 Y:02 S:FB P:NVUbdIzC 
    $FFEC:D0 FD     BNE $FFEB                                                      A:03 X:D7 Y:02 S:FB P:NVUbdIzC 
    $FFEB:CA        DEX                                                            A:03 X:D7 Y:02 S:FB P:NVUbdIzC 
    $FFEC:D0 FD     BNE $FFEB                                                      A:03 X:D6 Y:02 S:FB P:NVUbdIzC 
    $FFEB:CA        DEX                                                            A:03 X:D6 Y:02 S:FB P:NVUbdIzC 
    $FFEC:D0 FD     BNE $FFEB                                                      A:03 X:D5 Y:02 S:FB P:NVUbdIzC 
    $FFEB:CA        DEX                                                            A:03 X:D5 Y:02 S:FB P:NVUbdIzC 
    $FFEC:D0 FD     BNE $FFEB                                                      A:03 X:D4 Y:02 S:FB P:NVUbdIzC 
    $FFEB:CA        DEX                                                            A:03 X:D4 Y:02 S:FB P:NVUbdIzC 
    $FFEC:D0 FD     BNE $FFEB                                                      A:03 X:D3 Y:02 S:FB P:NVUbdIzC 
    $FFEB:CA        DEX                                                            A:03 X:D3 Y:02 S:FB P:NVUbdIzC 
    $FFEC:D0 FD     BNE $FFEB                                                      A:03 X:D2 Y:02 S:FB P:NVUbdIzC 
    $FFEB:CA        DEX                                                            A:03 X:D2 Y:02 S:FB P:NVUbdIzC 
    $FFEC:D0 FD     BNE $FFEB                                                      A:03 X:D1 Y:02 S:FB P:NVUbdIzC 
    $FFEB:CA        DEX                                                            A:03 X:D1 Y:02 S:FB P:NVUbdIzC 
    $FFEC:D0 FD     BNE $FFEB                                                      A:03 X:D0 Y:02 S:FB P:NVUbdIzC 
    $FFEB:CA        DEX                                                            A:03 X:D0 Y:02 S:FB P:NVUbdIzC 
    $FFEC:D0 FD     BNE $FFEB                                                      A:03 X:CF Y:02 S:FB P:NVUbdIzC 
    $FFEB:CA        DEX                                                            A:03 X:CF Y:02 S:FB P:NVUbdIzC 
    $FFEC:D0 FD     BNE $FFEB                                                      A:03 X:CE Y:02 S:FB P:NVUbdIzC 
    $FFEB:CA        DEX                                                            A:03 X:CE Y:02 S:FB P:NVUbdIzC 
    $FFEC:D0 FD     BNE $FFEB                                                      A:03 X:CD Y:02 S:FB P:NVUbdIzC 
    $FFEB:CA        DEX                                                            A:03 X:CD Y:02 S:FB P:NVUbdIzC 
    $FFEC:D0 FD     BNE $FFEB                                                      A:03 X:CC Y:02 S:FB P:NVUbdIzC 
    $FFEB:CA        DEX                                                            A:03 X:CC Y:02 S:FB P:NVUbdIzC 
    $FFEC:D0 FD     BNE $FFEB                                                      A:03 X:CB Y:02 S:FB P:NVUbdIzC 
    $FFEB:CA        DEX                                                            A:03 X:CB Y:02 S:FB P:NVUbdIzC 
    $FFEC:D0 FD     BNE $FFEB                                                      A:03 X:CA Y:02 S:FB P:NVUbdIzC 
    $FFEB:CA        DEX                                                            A:03 X:CA Y:02 S:FB P:NVUbdIzC 
    $FFEC:D0 FD     BNE $FFEB                                                      A:03 X:C9 Y:02 S:FB P:NVUbdIzC 
    $FFEB:CA        DEX                                                            A:03 X:C9 Y:02 S:FB P:NVUbdIzC 
    $FFEC:D0 FD     BNE $FFEB                                                      A:03 X:C8 Y:02 S:FB P:NVUbdIzC 
    $FFEB:CA        DEX                                                            A:03 X:C8 Y:02 S:FB P:NVUbdIzC 
    $FFEC:D0 FD     BNE $FFEB                                                      A:03 X:C7 Y:02 S:FB P:NVUbdIzC 
    $FFEB:CA        DEX                                                            A:03 X:C7 Y:02 S:FB P:NVUbdIzC 
    $FFEC:D0 FD     BNE $FFEB                                                      A:03 X:C6 Y:02 S:FB P:NVUbdIzC 
    $FFEB:CA        DEX                                                            A:03 X:C6 Y:02 S:FB P:NVUbdIzC 
    $FFEC:D0 FD     BNE $FFEB                                                      A:03 X:C5 Y:02 S:FB P:NVUbdIzC 
    $FFEB:CA        DEX                                                            A:03 X:C5 Y:02 S:FB P:NVUbdIzC 
    $FFEC:D0 FD     BNE $FFEB                                                      A:03 X:C4 Y:02 S:FB P:NVUbdIzC 
    $FFEB:CA        DEX                                                            A:03 X:C4 Y:02 S:FB P:NVUbdIzC 
    $FFEC:D0 FD     BNE $FFEB                                                      A:03 X:C3 Y:02 S:FB P:NVUbdIzC 
    $FFEB:CA        DEX                                                            A:03 X:C3 Y:02 S:FB P:NVUbdIzC 
    $FFEC:D0 FD     BNE $FFEB                                                      A:03 X:C2 Y:02 S:FB P:NVUbdIzC 
    $FFEB:CA        DEX                                                            A:03 X:C2 Y:02 S:FB P:NVUbdIzC 
    $FFEC:D0 FD     BNE $FFEB                                                      A:03 X:C1 Y:02 S:FB P:NVUbdIzC 
    $FFEB:CA        DEX                                                            A:03 X:C1 Y:02 S:FB P:NVUbdIzC 
    $FFEC:D0 FD     BNE $FFEB                                                      A:03 X:C0 Y:02 S:FB P:NVUbdIzC 
    $FFEB:CA        DEX                                                            A:03 X:C0 Y:02 S:FB P:NVUbdIzC 
    $FFEC:D0 FD     BNE $FFEB                                                      A:03 X:BF Y:02 S:FB P:NVUbdIzC 
    $FFEB:CA        DEX                                                            A:03 X:BF Y:02 S:FB P:NVUbdIzC 
    $FFEC:D0 FD     BNE $FFEB                                                      A:03 X:BE Y:02 S:FB P:NVUbdIzC 
    $FFEB:CA        DEX                                                            A:03 X:BE Y:02 S:FB P:NVUbdIzC 
    $FFEC:D0 FD     BNE $FFEB                                                      A:03 X:BD Y:02 S:FB P:NVUbdIzC 
    $FFEB:CA        DEX                                                            A:03 X:BD Y:02 S:FB P:NVUbdIzC 
    $FFEC:D0 FD     BNE $FFEB                                                      A:03 X:BC Y:02 S:FB P:NVUbdIzC 
    $FFEB:CA        DEX                                                            A:03 X:BC Y:02 S:FB P:NVUbdIzC 
    $FFEC:D0 FD     BNE $FFEB                                                      A:03 X:BB Y:02 S:FB P:NVUbdIzC 
    $FFEB:CA        DEX                                                            A:03 X:BB Y:02 S:FB P:NVUbdIzC 
    $FFEC:D0 FD     BNE $FFEB                                                      A:03 X:BA Y:02 S:FB P:NVUbdIzC 
    $FFEB:CA        DEX                                                            A:03 X:BA Y:02 S:FB P:NVUbdIzC 
    $FFEC:D0 FD     BNE $FFEB                                                      A:03 X:B9 Y:02 S:FB P:NVUbdIzC 
    $FFEB:CA        DEX                                                            A:03 X:B9 Y:02 S:FB P:NVUbdIzC 
    $FFEC:D0 FD     BNE $FFEB                                                      A:03 X:B8 Y:02 S:FB P:NVUbdIzC 
    $FFEB:CA        DEX                                                            A:03 X:B8 Y:02 S:FB P:NVUbdIzC 
    $FFEC:D0 FD     BNE $FFEB                                                      A:03 X:B7 Y:02 S:FB P:NVUbdIzC 
    $FFEB:CA        DEX                                                            A:03 X:B7 Y:02 S:FB P:NVUbdIzC 
    $FFEC:D0 FD     BNE $FFEB                                                      A:03 X:B6 Y:02 S:FB P:NVUbdIzC 
    $FFEB:CA        DEX                                                            A:03 X:B6 Y:02 S:FB P:NVUbdIzC 
    $FFEC:D0 FD     BNE $FFEB                                                      A:03 X:B5 Y:02 S:FB P:NVUbdIzC 
    $FFEB:CA        DEX                                                            A:03 X:B5 Y:02 S:FB P:NVUbdIzC 
    $FFEC:D0 FD     BNE $FFEB                                                      A:03 X:B4 Y:02 S:FB P:NVUbdIzC 
    $FFEB:CA        DEX                                                            A:03 X:B4 Y:02 S:FB P:NVUbdIzC 
    $FFEC:D0 FD     BNE $FFEB                                                      A:03 X:B3 Y:02 S:FB P:NVUbdIzC 
    $FFEB:CA        DEX                                                            A:03 X:B3 Y:02 S:FB P:NVUbdIzC 
    $FFEC:D0 FD     BNE $FFEB                                                      A:03 X:B2 Y:02 S:FB P:NVUbdIzC 
    $FFEB:CA        DEX                                                            A:03 X:B2 Y:02 S:FB P:NVUbdIzC 
    $FFEC:D0 FD     BNE $FFEB                                                      A:03 X:B1 Y:02 S:FB P:NVUbdIzC 
    $FFEB:CA        DEX                                                            A:03 X:B1 Y:02 S:FB P:NVUbdIzC 
    $FFEC:D0 FD     BNE $FFEB                                                      A:03 X:B0 Y:02 S:FB P:NVUbdIzC 
    $FFEB:CA        DEX                                                            A:03 X:B0 Y:02 S:FB P:NVUbdIzC 
    $FFEC:D0 FD     BNE $FFEB                                                      A:03 X:AF Y:02 S:FB P:NVUbdIzC 
    $FFEB:CA        DEX                                                            A:03 X:AF Y:02 S:FB P:NVUbdIzC 
    $FFEC:D0 FD     BNE $FFEB                                                      A:03 X:AE Y:02 S:FB P:NVUbdIzC 
    $FFEB:CA        DEX                                                            A:03 X:AE Y:02 S:FB P:NVUbdIzC 
    $FFEC:D0 FD     BNE $FFEB                                                      A:03 X:AD Y:02 S:FB P:NVUbdIzC 
    $FFEB:CA        DEX                                                            A:03 X:AD Y:02 S:FB P:NVUbdIzC 
    $FFEC:D0 FD     BNE $FFEB                                                      A:03 X:AC Y:02 S:FB P:NVUbdIzC 
    $FFEB:CA        DEX                                                            A:03 X:AC Y:02 S:FB P:NVUbdIzC 
    $FFEC:D0 FD     BNE $FFEB                                                      A:03 X:AB Y:02 S:FB P:NVUbdIzC 
    $FFEB:CA        DEX                                                            A:03 X:AB Y:02 S:FB P:NVUbdIzC 
    $FFEC:D0 FD     BNE $FFEB                                                      A:03 X:AA Y:02 S:FB P:NVUbdIzC 
    $FFEB:CA        DEX                                                            A:03 X:AA Y:02 S:FB P:NVUbdIzC 
    $FFEC:D0 FD     BNE $FFEB                                                      A:03 X:A9 Y:02 S:FB P:NVUbdIzC 
    $FFEB:CA        DEX                                                            A:03 X:A9 Y:02 S:FB P:NVUbdIzC 
    $FFEC:D0 FD     BNE $FFEB                                                      A:03 X:A8 Y:02 S:FB P:NVUbdIzC 
    $FFEB:CA        DEX                                                            A:03 X:A8 Y:02 S:FB P:NVUbdIzC 
    $FFEC:D0 FD     BNE $FFEB                                                      A:03 X:A7 Y:02 S:FB P:NVUbdIzC 
    $FFEB:CA        DEX                                                            A:03 X:A7 Y:02 S:FB P:NVUbdIzC 
    $FFEC:D0 FD     BNE $FFEB                                                      A:03 X:A6 Y:02 S:FB P:NVUbdIzC 
    $FFEB:CA        DEX                                                            A:03 X:A6 Y:02 S:FB P:NVUbdIzC 
    $FFEC:D0 FD     BNE $FFEB                                                      A:03 X:A5 Y:02 S:FB P:NVUbdIzC 
    $FFEB:CA        DEX                                                            A:03 X:A5 Y:02 S:FB P:NVUbdIzC 
    $FFEC:D0 FD     BNE $FFEB                                                      A:03 X:A4 Y:02 S:FB P:NVUbdIzC 
    $FFEB:CA        DEX                                                            A:03 X:A4 Y:02 S:FB P:NVUbdIzC 
    $FFEC:D0 FD     BNE $FFEB                                                      A:03 X:A3 Y:02 S:FB P:NVUbdIzC 
    $FFEB:CA        DEX                                                            A:03 X:A3 Y:02 S:FB P:NVUbdIzC 
    $FFEC:D0 FD     BNE $FFEB                                                      A:03 X:A2 Y:02 S:FB P:NVUbdIzC 
    $FFEB:CA        DEX                                                            A:03 X:A2 Y:02 S:FB P:NVUbdIzC 
    $FFEC:D0 FD     BNE $FFEB                                                      A:03 X:A1 Y:02 S:FB P:NVUbdIzC 
    $FFEB:CA        DEX                                                            A:03 X:A1 Y:02 S:FB P:NVUbdIzC 
    $FFEC:D0 FD     BNE $FFEB                                                      A:03 X:A0 Y:02 S:FB P:NVUbdIzC 
    $FFEB:CA        DEX                                                            A:03 X:A0 Y:02 S:FB P:NVUbdIzC 
    $FFEC:D0 FD     BNE $FFEB                                                      A:03 X:9F Y:02 S:FB P:NVUbdIzC 
    $FFEB:CA        DEX                                                            A:03 X:9F Y:02 S:FB P:NVUbdIzC 
    $FFEC:D0 FD     BNE $FFEB                                                      A:03 X:9E Y:02 S:FB P:NVUbdIzC 
    $FFEB:CA        DEX                                                            A:03 X:9E Y:02 S:FB P:NVUbdIzC 
    $FFEC:D0 FD     BNE $FFEB                                                      A:03 X:9D Y:02 S:FB P:NVUbdIzC 
    $FFEB:CA        DEX                                                            A:03 X:9D Y:02 S:FB P:NVUbdIzC 
    $FFEC:D0 FD     BNE $FFEB                                                      A:03 X:9C Y:02 S:FB P:NVUbdIzC 
    $FFEB:CA        DEX                                                            A:03 X:9C Y:02 S:FB P:NVUbdIzC 
    $FFEC:D0 FD     BNE $FFEB                                                      A:03 X:9B Y:02 S:FB P:NVUbdIzC 
    $FFEB:CA        DEX                                                            A:03 X:9B Y:02 S:FB P:NVUbdIzC 
    $FFEC:D0 FD     BNE $FFEB                                                      A:03 X:9A Y:02 S:FB P:NVUbdIzC 
    $FFEB:CA        DEX                                                            A:03 X:9A Y:02 S:FB P:NVUbdIzC 
    $FFEC:D0 FD     BNE $FFEB                                                      A:03 X:99 Y:02 S:FB P:NVUbdIzC 
    $FFEB:CA        DEX                                                            A:03 X:99 Y:02 S:FB P:NVUbdIzC 
    $FFEC:D0 FD     BNE $FFEB                                                      A:03 X:98 Y:02 S:FB P:NVUbdIzC 
    $FFEB:CA        DEX                                                            A:03 X:98 Y:02 S:FB P:NVUbdIzC 
    $FFEC:D0 FD     BNE $FFEB                                                      A:03 X:97 Y:02 S:FB P:NVUbdIzC 
    $FFEB:CA        DEX                                                            A:03 X:97 Y:02 S:FB P:NVUbdIzC 
    $FFEC:D0 FD     BNE $FFEB                                                      A:03 X:96 Y:02 S:FB P:NVUbdIzC 
    $FFEB:CA        DEX                                                            A:03 X:96 Y:02 S:FB P:NVUbdIzC 
    $FFEC:D0 FD     BNE $FFEB                                                      A:03 X:95 Y:02 S:FB P:NVUbdIzC 
    $FFEB:CA        DEX                                                            A:03 X:95 Y:02 S:FB P:NVUbdIzC 
    $FFEC:D0 FD     BNE $FFEB                                                      A:03 X:94 Y:02 S:FB P:NVUbdIzC 
    $FFEB:CA        DEX                                                            A:03 X:94 Y:02 S:FB P:NVUbdIzC 
    $FFEC:D0 FD     BNE $FFEB                                                      A:03 X:93 Y:02 S:FB P:NVUbdIzC 
    $FFEB:CA        DEX                                                            A:03 X:93 Y:02 S:FB P:NVUbdIzC 
    $FFEC:D0 FD     BNE $FFEB                                                      A:03 X:92 Y:02 S:FB P:NVUbdIzC 
    $FFEB:CA        DEX                                                            A:03 X:92 Y:02 S:FB P:NVUbdIzC 
    $FFEC:D0 FD     BNE $FFEB                                                      A:03 X:91 Y:02 S:FB P:NVUbdIzC 
    $FFEB:CA        DEX                                                            A:03 X:91 Y:02 S:FB P:NVUbdIzC 
    $FFEC:D0 FD     BNE $FFEB                                                      A:03 X:90 Y:02 S:FB P:NVUbdIzC 
    $FFEB:CA        DEX                                                            A:03 X:90 Y:02 S:FB P:NVUbdIzC 
    $FFEC:D0 FD     BNE $FFEB                                                      A:03 X:8F Y:02 S:FB P:NVUbdIzC 
    $FFEB:CA        DEX                                                            A:03 X:8F Y:02 S:FB P:NVUbdIzC 
    $FFEC:D0 FD     BNE $FFEB                                                      A:03 X:8E Y:02 S:FB P:NVUbdIzC 
    $FFEB:CA        DEX                                                            A:03 X:8E Y:02 S:FB P:NVUbdIzC 
    $FFEC:D0 FD     BNE $FFEB                                                      A:03 X:8D Y:02 S:FB P:NVUbdIzC 
    $FFEB:CA        DEX                                                            A:03 X:8D Y:02 S:FB P:NVUbdIzC 
    $FFEC:D0 FD     BNE $FFEB                                                      A:03 X:8C Y:02 S:FB P:NVUbdIzC 
    $FFEB:CA        DEX                                                            A:03 X:8C Y:02 S:FB P:NVUbdIzC 
    $FFEC:D0 FD     BNE $FFEB                                                      A:03 X:8B Y:02 S:FB P:NVUbdIzC 
    $FFEB:CA        DEX                                                            A:03 X:8B Y:02 S:FB P:NVUbdIzC 
    $FFEC:D0 FD     BNE $FFEB                                                      A:03 X:8A Y:02 S:FB P:NVUbdIzC 
    $FFEB:CA        DEX                                                            A:03 X:8A Y:02 S:FB P:NVUbdIzC 
    $FFEC:D0 FD     BNE $FFEB                                                      A:03 X:89 Y:02 S:FB P:NVUbdIzC 
    $FFEB:CA        DEX                                                            A:03 X:89 Y:02 S:FB P:NVUbdIzC 
    $FFEC:D0 FD     BNE $FFEB                                                      A:03 X:88 Y:02 S:FB P:NVUbdIzC 
    $FFEB:CA        DEX                                                            A:03 X:88 Y:02 S:FB P:NVUbdIzC 
    $FFEC:D0 FD     BNE $FFEB                                                      A:03 X:87 Y:02 S:FB P:NVUbdIzC 
    $FFEB:CA        DEX                                                            A:03 X:87 Y:02 S:FB P:NVUbdIzC 
    $FFEC:D0 FD     BNE $FFEB                                                      A:03 X:86 Y:02 S:FB P:NVUbdIzC 
    $FFEB:CA        DEX                                                            A:03 X:86 Y:02 S:FB P:NVUbdIzC 
    $FFEC:D0 FD     BNE $FFEB                                                      A:03 X:85 Y:02 S:FB P:NVUbdIzC 
    $FFEB:CA        DEX                                                            A:03 X:85 Y:02 S:FB P:NVUbdIzC 
    $FFEC:D0 FD     BNE $FFEB                                                      A:03 X:84 Y:02 S:FB P:NVUbdIzC 
    $FFEB:CA        DEX                                                            A:03 X:84 Y:02 S:FB P:NVUbdIzC 
    $FFEC:D0 FD     BNE $FFEB                                                      A:03 X:83 Y:02 S:FB P:NVUbdIzC 
    $FFEB:CA        DEX                                                            A:03 X:83 Y:02 S:FB P:NVUbdIzC 
    $FFEC:D0 FD     BNE $FFEB                                                      A:03 X:82 Y:02 S:FB P:NVUbdIzC 
    $FFEB:CA        DEX                                                            A:03 X:82 Y:02 S:FB P:NVUbdIzC 
    $FFEC:D0 FD     BNE $FFEB                                                      A:03 X:81 Y:02 S:FB P:NVUbdIzC 
    $FFEB:CA        DEX                                                            A:03 X:81 Y:02 S:FB P:NVUbdIzC 
    $FFEC:D0 FD     BNE $FFEB                                                      A:03 X:80 Y:02 S:FB P:NVUbdIzC 
    $FFEB:CA        DEX                                                            A:03 X:80 Y:02 S:FB P:NVUbdIzC 
    $FFEC:D0 FD     BNE $FFEB                                                      A:03 X:7F Y:02 S:FB P:nVUbdIzC 
    $FFEB:CA        DEX                                                            A:03 X:7F Y:02 S:FB P:nVUbdIzC 
    $FFEC:D0 FD     BNE $FFEB                                                      A:03 X:7E Y:02 S:FB P:nVUbdIzC 
    $FFEB:CA        DEX                                                            A:03 X:7E Y:02 S:FB P:nVUbdIzC 
    $FFEC:D0 FD     BNE $FFEB                                                      A:03 X:7D Y:02 S:FB P:nVUbdIzC 
    $FFEB:CA        DEX                                                            A:03 X:7D Y:02 S:FB P:nVUbdIzC 
    $FFEC:D0 FD     BNE $FFEB                                                      A:03 X:7C Y:02 S:FB P:nVUbdIzC 
    $FFEB:CA        DEX                                                            A:03 X:7C Y:02 S:FB P:nVUbdIzC 
    $FFEC:D0 FD     BNE $FFEB                                                      A:03 X:7B Y:02 S:FB P:nVUbdIzC 
    $FFEB:CA        DEX                                                            A:03 X:7B Y:02 S:FB P:nVUbdIzC 
    $FFEC:D0 FD     BNE $FFEB                                                      A:03 X:7A Y:02 S:FB P:nVUbdIzC 
    $FFEB:CA        DEX                                                            A:03 X:7A Y:02 S:FB P:nVUbdIzC 
    $FFEC:D0 FD     BNE $FFEB                                                      A:03 X:79 Y:02 S:FB P:nVUbdIzC 
    $FFEB:CA        DEX                                                            A:03 X:79 Y:02 S:FB P:nVUbdIzC 
    $FFEC:D0 FD     BNE $FFEB                                                      A:03 X:78 Y:02 S:FB P:nVUbdIzC 
    $FFEB:CA        DEX                                                            A:03 X:78 Y:02 S:FB P:nVUbdIzC 
    $FFEC:D0 FD     BNE $FFEB                                                      A:03 X:77 Y:02 S:FB P:nVUbdIzC 
    $FFEB:CA        DEX                                                            A:03 X:77 Y:02 S:FB P:nVUbdIzC 
    $FFEC:D0 FD     BNE $FFEB                                                      A:03 X:76 Y:02 S:FB P:nVUbdIzC 
    $FFEB:CA        DEX                                                            A:03 X:76 Y:02 S:FB P:nVUbdIzC 
    $FFEC:D0 FD     BNE $FFEB                                                      A:03 X:75 Y:02 S:FB P:nVUbdIzC 
    $FFEB:CA        DEX                                                            A:03 X:75 Y:02 S:FB P:nVUbdIzC 
    $FFEC:D0 FD     BNE $FFEB                                                      A:03 X:74 Y:02 S:FB P:nVUbdIzC 
    $FFEB:CA        DEX                                                            A:03 X:74 Y:02 S:FB P:nVUbdIzC 
    $FFEC:D0 FD     BNE $FFEB                                                      A:03 X:73 Y:02 S:FB P:nVUbdIzC 
    $FFEB:CA        DEX                                                            A:03 X:73 Y:02 S:FB P:nVUbdIzC 
    $FFEC:D0 FD     BNE $FFEB                                                      A:03 X:72 Y:02 S:FB P:nVUbdIzC 
    $FFEB:CA        DEX                                                            A:03 X:72 Y:02 S:FB P:nVUbdIzC 
    $FFEC:D0 FD     BNE $FFEB                                                      A:03 X:71 Y:02 S:FB P:nVUbdIzC 
    $FFEB:CA        DEX                                                            A:03 X:71 Y:02 S:FB P:nVUbdIzC 
    $FFEC:D0 FD     BNE $FFEB                                                      A:03 X:70 Y:02 S:FB P:nVUbdIzC 
    $FFEB:CA        DEX                                                            A:03 X:70 Y:02 S:FB P:nVUbdIzC 
    $FFEC:D0 FD     BNE $FFEB                                                      A:03 X:6F Y:02 S:FB P:nVUbdIzC 
    $FFEB:CA        DEX                                                            A:03 X:6F Y:02 S:FB P:nVUbdIzC 
    $FFEC:D0 FD     BNE $FFEB                                                      A:03 X:6E Y:02 S:FB P:nVUbdIzC 
    $FFEB:CA        DEX                                                            A:03 X:6E Y:02 S:FB P:nVUbdIzC 
    $FFEC:D0 FD     BNE $FFEB                                                      A:03 X:6D Y:02 S:FB P:nVUbdIzC 
    $FFEB:CA        DEX                                                            A:03 X:6D Y:02 S:FB P:nVUbdIzC 
    $FFEC:D0 FD     BNE $FFEB                                                      A:03 X:6C Y:02 S:FB P:nVUbdIzC 
    $FFEB:CA        DEX                                                            A:03 X:6C Y:02 S:FB P:nVUbdIzC 
    $FFEC:D0 FD     BNE $FFEB                                                      A:03 X:6B Y:02 S:FB P:nVUbdIzC 
    $FFEB:CA        DEX                                                            A:03 X:6B Y:02 S:FB P:nVUbdIzC 
    $FFEC:D0 FD     BNE $FFEB                                                      A:03 X:6A Y:02 S:FB P:nVUbdIzC 
    $FFEB:CA        DEX                                                            A:03 X:6A Y:02 S:FB P:nVUbdIzC 
    $FFEC:D0 FD     BNE $FFEB                                                      A:03 X:69 Y:02 S:FB P:nVUbdIzC 
    $FFEB:CA        DEX                                                            A:03 X:69 Y:02 S:FB P:nVUbdIzC 
    $FFEC:D0 FD     BNE $FFEB                                                      A:03 X:68 Y:02 S:FB P:nVUbdIzC 
    $FFEB:CA        DEX                                                            A:03 X:68 Y:02 S:FB P:nVUbdIzC 
    $FFEC:D0 FD     BNE $FFEB                                                      A:03 X:67 Y:02 S:FB P:nVUbdIzC 
    $FFEB:CA        DEX                                                            A:03 X:67 Y:02 S:FB P:nVUbdIzC 
    $FFEC:D0 FD     BNE $FFEB                                                      A:03 X:66 Y:02 S:FB P:nVUbdIzC 
    $FFEB:CA        DEX                                                            A:03 X:66 Y:02 S:FB P:nVUbdIzC 
    $FFEC:D0 FD     BNE $FFEB                                                      A:03 X:65 Y:02 S:FB P:nVUbdIzC 
    $FFEB:CA        DEX                                                            A:03 X:65 Y:02 S:FB P:nVUbdIzC 
    $FFEC:D0 FD     BNE $FFEB                                                      A:03 X:64 Y:02 S:FB P:nVUbdIzC 
    $FFEB:CA        DEX                                                            A:03 X:64 Y:02 S:FB P:nVUbdIzC 
    $FFEC:D0 FD     BNE $FFEB                                                      A:03 X:63 Y:02 S:FB P:nVUbdIzC 
    $FFEB:CA        DEX                                                            A:03 X:63 Y:02 S:FB P:nVUbdIzC 
    $FFEC:D0 FD     BNE $FFEB                                                      A:03 X:62 Y:02 S:FB P:nVUbdIzC 
    $FFEB:CA        DEX                                                            A:03 X:62 Y:02 S:FB P:nVUbdIzC 
    $FFEC:D0 FD     BNE $FFEB                                                      A:03 X:61 Y:02 S:FB P:nVUbdIzC 
    $FFEB:CA        DEX                                                            A:03 X:61 Y:02 S:FB P:nVUbdIzC 
    $FFEC:D0 FD     BNE $FFEB                                                      A:03 X:60 Y:02 S:FB P:nVUbdIzC 
    $FFEB:CA        DEX                                                            A:03 X:60 Y:02 S:FB P:nVUbdIzC 
    $FFEC:D0 FD     BNE $FFEB                                                      A:03 X:5F Y:02 S:FB P:nVUbdIzC 
    $FFEB:CA        DEX                                                            A:03 X:5F Y:02 S:FB P:nVUbdIzC 
    $FFEC:D0 FD     BNE $FFEB                                                      A:03 X:5E Y:02 S:FB P:nVUbdIzC 
    $FFEB:CA        DEX                                                            A:03 X:5E Y:02 S:FB P:nVUbdIzC 
    $FFEC:D0 FD     BNE $FFEB                                                      A:03 X:5D Y:02 S:FB P:nVUbdIzC 
    $FFEB:CA        DEX                                                            A:03 X:5D Y:02 S:FB P:nVUbdIzC 
    $FFEC:D0 FD     BNE $FFEB                                                      A:03 X:5C Y:02 S:FB P:nVUbdIzC 
    $FFEB:CA        DEX                                                            A:03 X:5C Y:02 S:FB P:nVUbdIzC 
    $FFEC:D0 FD     BNE $FFEB                                                      A:03 X:5B Y:02 S:FB P:nVUbdIzC 
    $FFEB:CA        DEX                                                            A:03 X:5B Y:02 S:FB P:nVUbdIzC 
    $FFEC:D0 FD     BNE $FFEB                                                      A:03 X:5A Y:02 S:FB P:nVUbdIzC 
    $FFEB:CA        DEX                                                            A:03 X:5A Y:02 S:FB P:nVUbdIzC 
    $FFEC:D0 FD     BNE $FFEB                                                      A:03 X:59 Y:02 S:FB P:nVUbdIzC 
    $FFEB:CA        DEX                                                            A:03 X:59 Y:02 S:FB P:nVUbdIzC 
    $FFEC:D0 FD     BNE $FFEB                                                      A:03 X:58 Y:02 S:FB P:nVUbdIzC 
    $FFEB:CA        DEX                                                            A:03 X:58 Y:02 S:FB P:nVUbdIzC 
    $FFEC:D0 FD     BNE $FFEB                                                      A:03 X:57 Y:02 S:FB P:nVUbdIzC 
    $FFEB:CA        DEX                                                            A:03 X:57 Y:02 S:FB P:nVUbdIzC 
    $FFEC:D0 FD     BNE $FFEB                                                      A:03 X:56 Y:02 S:FB P:nVUbdIzC 
    $FFEB:CA        DEX                                                            A:03 X:56 Y:02 S:FB P:nVUbdIzC 
    $FFEC:D0 FD     BNE $FFEB                                                      A:03 X:55 Y:02 S:FB P:nVUbdIzC 
    $FFEB:CA        DEX                                                            A:03 X:55 Y:02 S:FB P:nVUbdIzC 
    $FFEC:D0 FD     BNE $FFEB                                                      A:03 X:54 Y:02 S:FB P:nVUbdIzC 
    $FFEB:CA        DEX                                                            A:03 X:54 Y:02 S:FB P:nVUbdIzC 
    $FFEC:D0 FD     BNE $FFEB                                                      A:03 X:53 Y:02 S:FB P:nVUbdIzC 
    $FFEB:CA        DEX                                                            A:03 X:53 Y:02 S:FB P:nVUbdIzC 
    $FFEC:D0 FD     BNE $FFEB                                                      A:03 X:52 Y:02 S:FB P:nVUbdIzC 
    $FFEB:CA        DEX                                                            A:03 X:52 Y:02 S:FB P:nVUbdIzC 
    $FFEC:D0 FD     BNE $FFEB                                                      A:03 X:51 Y:02 S:FB P:nVUbdIzC 
    $FFEB:CA        DEX                                                            A:03 X:51 Y:02 S:FB P:nVUbdIzC 
    $FFEC:D0 FD     BNE $FFEB                                                      A:03 X:50 Y:02 S:FB P:nVUbdIzC 
    $FFEB:CA        DEX                                                            A:03 X:50 Y:02 S:FB P:nVUbdIzC 
    $FFEC:D0 FD     BNE $FFEB                                                      A:03 X:4F Y:02 S:FB P:nVUbdIzC 
    $FFEB:CA        DEX                                                            A:03 X:4F Y:02 S:FB P:nVUbdIzC 
    $FFEC:D0 FD     BNE $FFEB                                                      A:03 X:4E Y:02 S:FB P:nVUbdIzC 
    $FFEB:CA        DEX                                                            A:03 X:4E Y:02 S:FB P:nVUbdIzC 
    $FFEC:D0 FD     BNE $FFEB                                                      A:03 X:4D Y:02 S:FB P:nVUbdIzC 
    $FFEB:CA        DEX                                                            A:03 X:4D Y:02 S:FB P:nVUbdIzC 
    $FFEC:D0 FD     BNE $FFEB                                                      A:03 X:4C Y:02 S:FB P:nVUbdIzC 
    $FFEB:CA        DEX                                                            A:03 X:4C Y:02 S:FB P:nVUbdIzC 
    $FFEC:D0 FD     BNE $FFEB                                                      A:03 X:4B Y:02 S:FB P:nVUbdIzC 
    $FFEB:CA        DEX                                                            A:03 X:4B Y:02 S:FB P:nVUbdIzC 
    $FFEC:D0 FD     BNE $FFEB                                                      A:03 X:4A Y:02 S:FB P:nVUbdIzC 
    $FFEB:CA        DEX                                                            A:03 X:4A Y:02 S:FB P:nVUbdIzC 
    $FFEC:D0 FD     BNE $FFEB                                                      A:03 X:49 Y:02 S:FB P:nVUbdIzC 
    $FFEB:CA        DEX                                                            A:03 X:49 Y:02 S:FB P:nVUbdIzC 
    $FFEC:D0 FD     BNE $FFEB                                                      A:03 X:48 Y:02 S:FB P:nVUbdIzC 
    $FFEB:CA        DEX                                                            A:03 X:48 Y:02 S:FB P:nVUbdIzC 
    $FFEC:D0 FD     BNE $FFEB                                                      A:03 X:47 Y:02 S:FB P:nVUbdIzC 
    $FFEB:CA        DEX                                                            A:03 X:47 Y:02 S:FB P:nVUbdIzC 
    $FFEC:D0 FD     BNE $FFEB                                                      A:03 X:46 Y:02 S:FB P:nVUbdIzC 
    $FFEB:CA        DEX                                                            A:03 X:46 Y:02 S:FB P:nVUbdIzC 
    $FFEC:D0 FD     BNE $FFEB                                                      A:03 X:45 Y:02 S:FB P:nVUbdIzC 
    $FFEB:CA        DEX                                                            A:03 X:45 Y:02 S:FB P:nVUbdIzC 
    $FFEC:D0 FD     BNE $FFEB                                                      A:03 X:44 Y:02 S:FB P:nVUbdIzC 
    $FFEB:CA        DEX                                                            A:03 X:44 Y:02 S:FB P:nVUbdIzC 
    $FFEC:D0 FD     BNE $FFEB                                                      A:03 X:43 Y:02 S:FB P:nVUbdIzC 
    $FFEB:CA        DEX                                                            A:03 X:43 Y:02 S:FB P:nVUbdIzC 
    $FFEC:D0 FD     BNE $FFEB                                                      A:03 X:42 Y:02 S:FB P:nVUbdIzC 
    $FFEB:CA        DEX                                                            A:03 X:42 Y:02 S:FB P:nVUbdIzC 
    $FFEC:D0 FD     BNE $FFEB                                                      A:03 X:41 Y:02 S:FB P:nVUbdIzC 
    $FFEB:CA        DEX                                                            A:03 X:41 Y:02 S:FB P:nVUbdIzC 
    $FFEC:D0 FD     BNE $FFEB                                                      A:03 X:40 Y:02 S:FB P:nVUbdIzC 
    $FFEB:CA        DEX                                                            A:03 X:40 Y:02 S:FB P:nVUbdIzC 
    $FFEC:D0 FD     BNE $FFEB                                                      A:03 X:3F Y:02 S:FB P:nVUbdIzC 
    $FFEB:CA        DEX                                                            A:03 X:3F Y:02 S:FB P:nVUbdIzC 
    $FFEC:D0 FD     BNE $FFEB                                                      A:03 X:3E Y:02 S:FB P:nVUbdIzC 
    $FFEB:CA        DEX                                                            A:03 X:3E Y:02 S:FB P:nVUbdIzC 
    $FFEC:D0 FD     BNE $FFEB                                                      A:03 X:3D Y:02 S:FB P:nVUbdIzC 
    $FFEB:CA        DEX                                                            A:03 X:3D Y:02 S:FB P:nVUbdIzC 
    $FFEC:D0 FD     BNE $FFEB                                                      A:03 X:3C Y:02 S:FB P:nVUbdIzC 
    $FFEB:CA        DEX                                                            A:03 X:3C Y:02 S:FB P:nVUbdIzC 
    $FFEC:D0 FD     BNE $FFEB                                                      A:03 X:3B Y:02 S:FB P:nVUbdIzC 
    $FFEB:CA        DEX                                                            A:03 X:3B Y:02 S:FB P:nVUbdIzC 
    $FFEC:D0 FD     BNE $FFEB                                                      A:03 X:3A Y:02 S:FB P:nVUbdIzC 
    $FFEB:CA        DEX                                                            A:03 X:3A Y:02 S:FB P:nVUbdIzC 
    $FFEC:D0 FD     BNE $FFEB                                                      A:03 X:39 Y:02 S:FB P:nVUbdIzC 
    $FFEB:CA        DEX                                                            A:03 X:39 Y:02 S:FB P:nVUbdIzC 
    $FFEC:D0 FD     BNE $FFEB                                                      A:03 X:38 Y:02 S:FB P:nVUbdIzC 
    $FFEB:CA        DEX                                                            A:03 X:38 Y:02 S:FB P:nVUbdIzC 
    $FFEC:D0 FD     BNE $FFEB                                                      A:03 X:37 Y:02 S:FB P:nVUbdIzC 
    $FFEB:CA        DEX                                                            A:03 X:37 Y:02 S:FB P:nVUbdIzC 
    $FFEC:D0 FD     BNE $FFEB                                                      A:03 X:36 Y:02 S:FB P:nVUbdIzC 
    $FFEB:CA        DEX                                                            A:03 X:36 Y:02 S:FB P:nVUbdIzC 
    $FFEC:D0 FD     BNE $FFEB                                                      A:03 X:35 Y:02 S:FB P:nVUbdIzC 
    $FFEB:CA        DEX                                                            A:03 X:35 Y:02 S:FB P:nVUbdIzC 
    $FFEC:D0 FD     BNE $FFEB                                                      A:03 X:34 Y:02 S:FB P:nVUbdIzC 
    $FFEB:CA        DEX                                                            A:03 X:34 Y:02 S:FB P:nVUbdIzC 
    $FFEC:D0 FD     BNE $FFEB                                                      A:03 X:33 Y:02 S:FB P:nVUbdIzC 
    $FFEB:CA        DEX                                                            A:03 X:33 Y:02 S:FB P:nVUbdIzC 
    $FFEC:D0 FD     BNE $FFEB                                                      A:03 X:32 Y:02 S:FB P:nVUbdIzC 
    $FFEB:CA        DEX                                                            A:03 X:32 Y:02 S:FB P:nVUbdIzC 
    $FFEC:D0 FD     BNE $FFEB                                                      A:03 X:31 Y:02 S:FB P:nVUbdIzC 
    $FFEB:CA        DEX                                                            A:03 X:31 Y:02 S:FB P:nVUbdIzC 
    $FFEC:D0 FD     BNE $FFEB                                                      A:03 X:30 Y:02 S:FB P:nVUbdIzC 
    $FFEB:CA        DEX                                                            A:03 X:30 Y:02 S:FB P:nVUbdIzC 
    $FFEC:D0 FD     BNE $FFEB                                                      A:03 X:2F Y:02 S:FB P:nVUbdIzC 
    $FFEB:CA        DEX                                                            A:03 X:2F Y:02 S:FB P:nVUbdIzC 
    $FFEC:D0 FD     BNE $FFEB                                                      A:03 X:2E Y:02 S:FB P:nVUbdIzC 
    $FFEB:CA        DEX                                                            A:03 X:2E Y:02 S:FB P:nVUbdIzC 
    $FFEC:D0 FD     BNE $FFEB                                                      A:03 X:2D Y:02 S:FB P:nVUbdIzC 
    $FFEB:CA        DEX                                                            A:03 X:2D Y:02 S:FB P:nVUbdIzC 
    $FFEC:D0 FD     BNE $FFEB                                                      A:03 X:2C Y:02 S:FB P:nVUbdIzC 
    $FFEB:CA        DEX                                                            A:03 X:2C Y:02 S:FB P:nVUbdIzC 
    $FFEC:D0 FD     BNE $FFEB                                                      A:03 X:2B Y:02 S:FB P:nVUbdIzC 
    $FFEB:CA        DEX                                                            A:03 X:2B Y:02 S:FB P:nVUbdIzC 
    $FFEC:D0 FD     BNE $FFEB                                                      A:03 X:2A Y:02 S:FB P:nVUbdIzC 
    $FFEB:CA        DEX                                                            A:03 X:2A Y:02 S:FB P:nVUbdIzC 
    $FFEC:D0 FD     BNE $FFEB                                                      A:03 X:29 Y:02 S:FB P:nVUbdIzC 
    $FFEB:CA        DEX                                                            A:03 X:29 Y:02 S:FB P:nVUbdIzC 
    $FFEC:D0 FD     BNE $FFEB                                                      A:03 X:28 Y:02 S:FB P:nVUbdIzC 
    $FFEB:CA        DEX                                                            A:03 X:28 Y:02 S:FB P:nVUbdIzC 
    $FFEC:D0 FD     BNE $FFEB                                                      A:03 X:27 Y:02 S:FB P:nVUbdIzC 
    $FFEB:CA        DEX                                                            A:03 X:27 Y:02 S:FB P:nVUbdIzC 
    $FFEC:D0 FD     BNE $FFEB                                                      A:03 X:26 Y:02 S:FB P:nVUbdIzC 
    $FFEB:CA        DEX                                                            A:03 X:26 Y:02 S:FB P:nVUbdIzC 
    $FFEC:D0 FD     BNE $FFEB                                                      A:03 X:25 Y:02 S:FB P:nVUbdIzC 
    $FFEB:CA        DEX                                                            A:03 X:25 Y:02 S:FB P:nVUbdIzC 
    $FFEC:D0 FD     BNE $FFEB                                                      A:03 X:24 Y:02 S:FB P:nVUbdIzC 
    $FFEB:CA        DEX                                                            A:03 X:24 Y:02 S:FB P:nVUbdIzC 
    $FFEC:D0 FD     BNE $FFEB                                                      A:03 X:23 Y:02 S:FB P:nVUbdIzC 
    $FFEB:CA        DEX                                                            A:03 X:23 Y:02 S:FB P:nVUbdIzC 
    $FFEC:D0 FD     BNE $FFEB                                                      A:03 X:22 Y:02 S:FB P:nVUbdIzC 
    $FFEB:CA        DEX                                                            A:03 X:22 Y:02 S:FB P:nVUbdIzC 
    $FFEC:D0 FD     BNE $FFEB                                                      A:03 X:21 Y:02 S:FB P:nVUbdIzC 
    $FFEB:CA        DEX                                                            A:03 X:21 Y:02 S:FB P:nVUbdIzC 
    $FFEC:D0 FD     BNE $FFEB                                                      A:03 X:20 Y:02 S:FB P:nVUbdIzC 
    $FFEB:CA        DEX                                                            A:03 X:20 Y:02 S:FB P:nVUbdIzC 
    $FFEC:D0 FD     BNE $FFEB                                                      A:03 X:1F Y:02 S:FB P:nVUbdIzC 
    $FFEB:CA        DEX                                                            A:03 X:1F Y:02 S:FB P:nVUbdIzC 
    $FFEC:D0 FD     BNE $FFEB                                                      A:03 X:1E Y:02 S:FB P:nVUbdIzC 
    $FFEB:CA        DEX                                                            A:03 X:1E Y:02 S:FB P:nVUbdIzC 
    $FFEC:D0 FD     BNE $FFEB                                                      A:03 X:1D Y:02 S:FB P:nVUbdIzC 
    $FFEB:CA        DEX                                                            A:03 X:1D Y:02 S:FB P:nVUbdIzC 
    $FFEC:D0 FD     BNE $FFEB                                                      A:03 X:1C Y:02 S:FB P:nVUbdIzC 
    $FFEB:CA        DEX                                                            A:03 X:1C Y:02 S:FB P:nVUbdIzC 
    $FFEC:D0 FD     BNE $FFEB                                                      A:03 X:1B Y:02 S:FB P:nVUbdIzC 
    $FFEB:CA        DEX                                                            A:03 X:1B Y:02 S:FB P:nVUbdIzC 
    $FFEC:D0 FD     BNE $FFEB                                                      A:03 X:1A Y:02 S:FB P:nVUbdIzC 
    $FFEB:CA        DEX                                                            A:03 X:1A Y:02 S:FB P:nVUbdIzC 
    $FFEC:D0 FD     BNE $FFEB                                                      A:03 X:19 Y:02 S:FB P:nVUbdIzC 
    $FFEB:CA        DEX                                                            A:03 X:19 Y:02 S:FB P:nVUbdIzC 
    $FFEC:D0 FD     BNE $FFEB                                                      A:03 X:18 Y:02 S:FB P:nVUbdIzC 
    $FFEB:CA        DEX                                                            A:03 X:18 Y:02 S:FB P:nVUbdIzC 
    $FFEC:D0 FD     BNE $FFEB                                                      A:03 X:17 Y:02 S:FB P:nVUbdIzC 
    $FFEB:CA        DEX                                                            A:03 X:17 Y:02 S:FB P:nVUbdIzC 
    $FFEC:D0 FD     BNE $FFEB                                                      A:03 X:16 Y:02 S:FB P:nVUbdIzC 
    $FFEB:CA        DEX                                                            A:03 X:16 Y:02 S:FB P:nVUbdIzC 
    $FFEC:D0 FD     BNE $FFEB                                                      A:03 X:15 Y:02 S:FB P:nVUbdIzC 
    $FFEB:CA        DEX                                                            A:03 X:15 Y:02 S:FB P:nVUbdIzC 
    $FFEC:D0 FD     BNE $FFEB                                                      A:03 X:14 Y:02 S:FB P:nVUbdIzC 
    $FFEB:CA        DEX                                                            A:03 X:14 Y:02 S:FB P:nVUbdIzC 
    $FFEC:D0 FD     BNE $FFEB                                                      A:03 X:13 Y:02 S:FB P:nVUbdIzC 
    $FFEB:CA        DEX                                                            A:03 X:13 Y:02 S:FB P:nVUbdIzC 
    $FFEC:D0 FD     BNE $FFEB                                                      A:03 X:12 Y:02 S:FB P:nVUbdIzC 
    $FFEB:CA        DEX                                                            A:03 X:12 Y:02 S:FB P:nVUbdIzC 
    $FFEC:D0 FD     BNE $FFEB                                                      A:03 X:11 Y:02 S:FB P:nVUbdIzC 
    $FFEB:CA        DEX                                                            A:03 X:11 Y:02 S:FB P:nVUbdIzC 
    $FFEC:D0 FD     BNE $FFEB                                                      A:03 X:10 Y:02 S:FB P:nVUbdIzC 
    $FFEB:CA        DEX                                                            A:03 X:10 Y:02 S:FB P:nVUbdIzC 
    $FFEC:D0 FD     BNE $FFEB                                                      A:03 X:0F Y:02 S:FB P:nVUbdIzC 
    $FFEB:CA        DEX                                                            A:03 X:0F Y:02 S:FB P:nVUbdIzC 
    $FFEC:D0 FD     BNE $FFEB                                                      A:03 X:0E Y:02 S:FB P:nVUbdIzC 
    $FFEB:CA        DEX                                                            A:03 X:0E Y:02 S:FB P:nVUbdIzC 
    $FFEC:D0 FD     BNE $FFEB                                                      A:03 X:0D Y:02 S:FB P:nVUbdIzC 
    $FFEB:CA        DEX                                                            A:03 X:0D Y:02 S:FB P:nVUbdIzC 
    $FFEC:D0 FD     BNE $FFEB                                                      A:03 X:0C Y:02 S:FB P:nVUbdIzC 
    $FFEB:CA        DEX                                                            A:03 X:0C Y:02 S:FB P:nVUbdIzC 
    $FFEC:D0 FD     BNE $FFEB                                                      A:03 X:0B Y:02 S:FB P:nVUbdIzC 
    $FFEB:CA        DEX                                                            A:03 X:0B Y:02 S:FB P:nVUbdIzC 
    $FFEC:D0 FD     BNE $FFEB                                                      A:03 X:0A Y:02 S:FB P:nVUbdIzC 
    $FFEB:CA        DEX                                                            A:03 X:0A Y:02 S:FB P:nVUbdIzC 
    $FFEC:D0 FD     BNE $FFEB                                                      A:03 X:09 Y:02 S:FB P:nVUbdIzC 
    $FFEB:CA        DEX                                                            A:03 X:09 Y:02 S:FB P:nVUbdIzC 
    $FFEC:D0 FD     BNE $FFEB                                                      A:03 X:08 Y:02 S:FB P:nVUbdIzC 
    $FFEB:CA        DEX                                                            A:03 X:08 Y:02 S:FB P:nVUbdIzC 
    $FFEC:D0 FD     BNE $FFEB                                                      A:03 X:07 Y:02 S:FB P:nVUbdIzC 
    $FFEB:CA        DEX                                                            A:03 X:07 Y:02 S:FB P:nVUbdIzC 
    $FFEC:D0 FD     BNE $FFEB                                                      A:03 X:06 Y:02 S:FB P:nVUbdIzC 
    $FFEB:CA        DEX                                                            A:03 X:06 Y:02 S:FB P:nVUbdIzC 
    $FFEC:D0 FD     BNE $FFEB                                                      A:03 X:05 Y:02 S:FB P:nVUbdIzC 
    $FFEB:CA        DEX                                                            A:03 X:05 Y:02 S:FB P:nVUbdIzC 
    $FFEC:D0 FD     BNE $FFEB                                                      A:03 X:04 Y:02 S:FB P:nVUbdIzC 
    $FFEB:CA        DEX                                                            A:03 X:04 Y:02 S:FB P:nVUbdIzC 
    $FFEC:D0 FD     BNE $FFEB                                                      A:03 X:03 Y:02 S:FB P:nVUbdIzC 
    $FFEB:CA        DEX                                                            A:03 X:03 Y:02 S:FB P:nVUbdIzC 
    $FFEC:D0 FD     BNE $FFEB                                                      A:03 X:02 Y:02 S:FB P:nVUbdIzC 
    $FFEB:CA        DEX                                                            A:03 X:02 Y:02 S:FB P:nVUbdIzC 
    $FFEC:D0 FD     BNE $FFEB                                                      A:03 X:01 Y:02 S:FB P:nVUbdIzC 
    $FFEB:CA        DEX                                                            A:03 X:01 Y:02 S:FB P:nVUbdIzC 
    $FFEC:D0 FD     BNE $FFEB                                                      A:03 X:00 Y:02 S:FB P:nVUbdIZC 
    $FFEE:88        DEY                                                            A:03 X:00 Y:02 S:FB P:nVUbdIZC 
    $FFEF:D0 FA     BNE $FFEB                                                      A:03 X:00 Y:01 S:FB P:nVUbdIzC 
    $FFEB:CA        DEX                                                            A:03 X:00 Y:01 S:FB P:nVUbdIzC 
    $FFEC:D0 FD     BNE $FFEB                                                      A:03 X:FF Y:01 S:FB P:NVUbdIzC 
    $FFEB:CA        DEX                                                            A:03 X:FF Y:01 S:FB P:NVUbdIzC 
    $FFEC:D0 FD     BNE $FFEB                                                      A:03 X:FE Y:01 S:FB P:NVUbdIzC 
    $FFEB:CA        DEX                                                            A:03 X:FE Y:01 S:FB P:NVUbdIzC 
    $FFEC:D0 FD     BNE $FFEB                                                      A:03 X:FD Y:01 S:FB P:NVUbdIzC 
    $FFEB:CA        DEX                                                            A:03 X:FD Y:01 S:FB P:NVUbdIzC 
    $FFEC:D0 FD     BNE $FFEB                                                      A:03 X:FC Y:01 S:FB P:NVUbdIzC 
    $FFEB:CA        DEX                                                            A:03 X:FC Y:01 S:FB P:NVUbdIzC 
    $FFEC:D0 FD     BNE $FFEB                                                      A:03 X:FB Y:01 S:FB P:NVUbdIzC 
    $FFEB:CA        DEX                                                            A:03 X:FB Y:01 S:FB P:NVUbdIzC 
    $FFEC:D0 FD     BNE $FFEB                                                      A:03 X:FA Y:01 S:FB P:NVUbdIzC 
    $FFEB:CA        DEX                                                            A:03 X:FA Y:01 S:FB P:NVUbdIzC 
    $FFEC:D0 FD     BNE $FFEB                                                      A:03 X:F9 Y:01 S:FB P:NVUbdIzC 
    $FFEB:CA        DEX                                                            A:03 X:F9 Y:01 S:FB P:NVUbdIzC 
    $FFEC:D0 FD     BNE $FFEB                                                      A:03 X:F8 Y:01 S:FB P:NVUbdIzC 
    $FFEB:CA        DEX                                                            A:03 X:F8 Y:01 S:FB P:NVUbdIzC 
    $FFEC:D0 FD     BNE $FFEB                                                      A:03 X:F7 Y:01 S:FB P:NVUbdIzC 
    $FFEB:CA        DEX                                                            A:03 X:F7 Y:01 S:FB P:NVUbdIzC 
    $FFEC:D0 FD     BNE $FFEB                                                      A:03 X:F6 Y:01 S:FB P:NVUbdIzC 
    $FFEB:CA        DEX                                                            A:03 X:F6 Y:01 S:FB P:NVUbdIzC 
    $FFEC:D0 FD     BNE $FFEB                                                      A:03 X:F5 Y:01 S:FB P:NVUbdIzC 
    $FFEB:CA        DEX                                                            A:03 X:F5 Y:01 S:FB P:NVUbdIzC 
    $FFEC:D0 FD     BNE $FFEB                                                      A:03 X:F4 Y:01 S:FB P:NVUbdIzC 
    $FFEB:CA        DEX                                                            A:03 X:F4 Y:01 S:FB P:NVUbdIzC 
    $FFEC:D0 FD     BNE $FFEB                                                      A:03 X:F3 Y:01 S:FB P:NVUbdIzC 
    $FFEB:CA        DEX                                                            A:03 X:F3 Y:01 S:FB P:NVUbdIzC 
    $FFEC:D0 FD     BNE $FFEB                                                      A:03 X:F2 Y:01 S:FB P:NVUbdIzC 
    $FFEB:CA        DEX                                                            A:03 X:F2 Y:01 S:FB P:NVUbdIzC 
    $FFEC:D0 FD     BNE $FFEB                                                      A:03 X:F1 Y:01 S:FB P:NVUbdIzC 
    $FFEB:CA        DEX                                                            A:03 X:F1 Y:01 S:FB P:NVUbdIzC 
    $FFEC:D0 FD     BNE $FFEB                                                      A:03 X:F0 Y:01 S:FB P:NVUbdIzC 
    $FFEB:CA        DEX                                                            A:03 X:F0 Y:01 S:FB P:NVUbdIzC 
    $FFEC:D0 FD     BNE $FFEB                                                      A:03 X:EF Y:01 S:FB P:NVUbdIzC 
    $FFEB:CA        DEX                                                            A:03 X:EF Y:01 S:FB P:NVUbdIzC 
    $FFEC:D0 FD     BNE $FFEB                                                      A:03 X:EE Y:01 S:FB P:NVUbdIzC 
    $FFEB:CA        DEX                                                            A:03 X:EE Y:01 S:FB P:NVUbdIzC 
    $FFEC:D0 FD     BNE $FFEB                                                      A:03 X:ED Y:01 S:FB P:NVUbdIzC 
    $FFEB:CA        DEX                                                            A:03 X:ED Y:01 S:FB P:NVUbdIzC 
    $FFEC:D0 FD     BNE $FFEB                                                      A:03 X:EC Y:01 S:FB P:NVUbdIzC 
    $FFEB:CA        DEX                                                            A:03 X:EC Y:01 S:FB P:NVUbdIzC 
    $FFEC:D0 FD     BNE $FFEB                                                      A:03 X:EB Y:01 S:FB P:NVUbdIzC 
    $FFEB:CA        DEX                                                            A:03 X:EB Y:01 S:FB P:NVUbdIzC 
    $FFEC:D0 FD     BNE $FFEB                                                      A:03 X:EA Y:01 S:FB P:NVUbdIzC 
    $FFEB:CA        DEX                                                            A:03 X:EA Y:01 S:FB P:NVUbdIzC 
    $FFEC:D0 FD     BNE $FFEB                                                      A:03 X:E9 Y:01 S:FB P:NVUbdIzC 
    $FFEB:CA        DEX                                                            A:03 X:E9 Y:01 S:FB P:NVUbdIzC 
    $FFEC:D0 FD     BNE $FFEB                                                      A:03 X:E8 Y:01 S:FB P:NVUbdIzC 
    $FFEB:CA        DEX                                                            A:03 X:E8 Y:01 S:FB P:NVUbdIzC 
    $FFEC:D0 FD     BNE $FFEB                                                      A:03 X:E7 Y:01 S:FB P:NVUbdIzC 
    $FFEB:CA        DEX                                                            A:03 X:E7 Y:01 S:FB P:NVUbdIzC 
    $FFEC:D0 FD     BNE $FFEB                                                      A:03 X:E6 Y:01 S:FB P:NVUbdIzC 
    $FFEB:CA        DEX                                                            A:03 X:E6 Y:01 S:FB P:NVUbdIzC 
    $FFEC:D0 FD     BNE $FFEB                                                      A:03 X:E5 Y:01 S:FB P:NVUbdIzC 
    $FFEB:CA        DEX                                                            A:03 X:E5 Y:01 S:FB P:NVUbdIzC 
    $FFEC:D0 FD     BNE $FFEB                                                      A:03 X:E4 Y:01 S:FB P:NVUbdIzC 
    $FFEB:CA        DEX                                                            A:03 X:E4 Y:01 S:FB P:NVUbdIzC 
    $FFEC:D0 FD     BNE $FFEB                                                      A:03 X:E3 Y:01 S:FB P:NVUbdIzC 
    $FFEB:CA        DEX                                                            A:03 X:E3 Y:01 S:FB P:NVUbdIzC 
    $FFEC:D0 FD     BNE $FFEB                                                      A:03 X:E2 Y:01 S:FB P:NVUbdIzC 
    $FFEB:CA        DEX                                                            A:03 X:E2 Y:01 S:FB P:NVUbdIzC 
    $FFEC:D0 FD     BNE $FFEB                                                      A:03 X:E1 Y:01 S:FB P:NVUbdIzC 
    $FFEB:CA        DEX                                                            A:03 X:E1 Y:01 S:FB P:NVUbdIzC 
    $FFEC:D0 FD     BNE $FFEB                                                      A:03 X:E0 Y:01 S:FB P:NVUbdIzC 
    $FFEB:CA        DEX                                                            A:03 X:E0 Y:01 S:FB P:NVUbdIzC 
    $FFEC:D0 FD     BNE $FFEB                                                      A:03 X:DF Y:01 S:FB P:NVUbdIzC 
    $FFEB:CA        DEX                                                            A:03 X:DF Y:01 S:FB P:NVUbdIzC 
    $FFEC:D0 FD     BNE $FFEB                                                      A:03 X:DE Y:01 S:FB P:NVUbdIzC 
    $FFEB:CA        DEX                                                            A:03 X:DE Y:01 S:FB P:NVUbdIzC 
    $FFEC:D0 FD     BNE $FFEB                                                      A:03 X:DD Y:01 S:FB P:NVUbdIzC 
    $FFEB:CA        DEX                                                            A:03 X:DD Y:01 S:FB P:NVUbdIzC 
    $FFEC:D0 FD     BNE $FFEB                                                      A:03 X:DC Y:01 S:FB P:NVUbdIzC 
    $FFEB:CA        DEX                                                            A:03 X:DC Y:01 S:FB P:NVUbdIzC 
    $FFEC:D0 FD     BNE $FFEB                                                      A:03 X:DB Y:01 S:FB P:NVUbdIzC 
    $FFEB:CA        DEX                                                            A:03 X:DB Y:01 S:FB P:NVUbdIzC 
    $FFEC:D0 FD     BNE $FFEB                                                      A:03 X:DA Y:01 S:FB P:NVUbdIzC 
    $FFEB:CA        DEX                                                            A:03 X:DA Y:01 S:FB P:NVUbdIzC 
    $FFEC:D0 FD     BNE $FFEB                                                      A:03 X:D9 Y:01 S:FB P:NVUbdIzC 
    $FFEB:CA        DEX                                                            A:03 X:D9 Y:01 S:FB P:NVUbdIzC 
    $FFEC:D0 FD     BNE $FFEB                                                      A:03 X:D8 Y:01 S:FB P:NVUbdIzC 
    $FFEB:CA        DEX                                                            A:03 X:D8 Y:01 S:FB P:NVUbdIzC 
    $FFEC:D0 FD     BNE $FFEB                                                      A:03 X:D7 Y:01 S:FB P:NVUbdIzC 
    $FFEB:CA        DEX                                                            A:03 X:D7 Y:01 S:FB P:NVUbdIzC 
    $FFEC:D0 FD     BNE $FFEB                                                      A:03 X:D6 Y:01 S:FB P:NVUbdIzC 
    $FFEB:CA        DEX                                                            A:03 X:D6 Y:01 S:FB P:NVUbdIzC 
    $FFEC:D0 FD     BNE $FFEB                                                      A:03 X:D5 Y:01 S:FB P:NVUbdIzC 
    $FFEB:CA        DEX                                                            A:03 X:D5 Y:01 S:FB P:NVUbdIzC 
    $FFEC:D0 FD     BNE $FFEB                                                      A:03 X:D4 Y:01 S:FB P:NVUbdIzC 
    $FFEB:CA        DEX                                                            A:03 X:D4 Y:01 S:FB P:NVUbdIzC 
    $FFEC:D0 FD     BNE $FFEB                                                      A:03 X:D3 Y:01 S:FB P:NVUbdIzC 
    $FFEB:CA        DEX                                                            A:03 X:D3 Y:01 S:FB P:NVUbdIzC 
    $FFEC:D0 FD     BNE $FFEB                                                      A:03 X:D2 Y:01 S:FB P:NVUbdIzC 
    $FFEB:CA        DEX                                                            A:03 X:D2 Y:01 S:FB P:NVUbdIzC 
    $FFEC:D0 FD     BNE $FFEB                                                      A:03 X:D1 Y:01 S:FB P:NVUbdIzC 
    $FFEB:CA        DEX                                                            A:03 X:D1 Y:01 S:FB P:NVUbdIzC 
    $FFEC:D0 FD     BNE $FFEB                                                      A:03 X:D0 Y:01 S:FB P:NVUbdIzC 
    $FFEB:CA        DEX                                                            A:03 X:D0 Y:01 S:FB P:NVUbdIzC 
    $FFEC:D0 FD     BNE $FFEB                                                      A:03 X:CF Y:01 S:FB P:NVUbdIzC 
    $FFEB:CA        DEX                                                            A:03 X:CF Y:01 S:FB P:NVUbdIzC 
    $FFEC:D0 FD     BNE $FFEB                                                      A:03 X:CE Y:01 S:FB P:NVUbdIzC 
    $FFEB:CA        DEX                                                            A:03 X:CE Y:01 S:FB P:NVUbdIzC 
    $FFEC:D0 FD     BNE $FFEB                                                      A:03 X:CD Y:01 S:FB P:NVUbdIzC 
    $FFEB:CA        DEX                                                            A:03 X:CD Y:01 S:FB P:NVUbdIzC 
    $FFEC:D0 FD     BNE $FFEB                                                      A:03 X:CC Y:01 S:FB P:NVUbdIzC 
    $FFEB:CA        DEX                                                            A:03 X:CC Y:01 S:FB P:NVUbdIzC 
    $FFEC:D0 FD     BNE $FFEB                                                      A:03 X:CB Y:01 S:FB P:NVUbdIzC 
    $FFEB:CA        DEX                                                            A:03 X:CB Y:01 S:FB P:NVUbdIzC 
    $FFEC:D0 FD     BNE $FFEB                                                      A:03 X:CA Y:01 S:FB P:NVUbdIzC 
    $FFEB:CA        DEX                                                            A:03 X:CA Y:01 S:FB P:NVUbdIzC 
    $FFEC:D0 FD     BNE $FFEB                                                      A:03 X:C9 Y:01 S:FB P:NVUbdIzC 
    $FFEB:CA        DEX                                                            A:03 X:C9 Y:01 S:FB P:NVUbdIzC 
    $FFEC:D0 FD     BNE $FFEB                                                      A:03 X:C8 Y:01 S:FB P:NVUbdIzC 
    $FFEB:CA        DEX                                                            A:03 X:C8 Y:01 S:FB P:NVUbdIzC 
    $FFEC:D0 FD     BNE $FFEB                                                      A:03 X:C7 Y:01 S:FB P:NVUbdIzC 
    $FFEB:CA        DEX                                                            A:03 X:C7 Y:01 S:FB P:NVUbdIzC 
    $FFEC:D0 FD     BNE $FFEB                                                      A:03 X:C6 Y:01 S:FB P:NVUbdIzC 
    $FFEB:CA        DEX                                                            A:03 X:C6 Y:01 S:FB P:NVUbdIzC 
    $FFEC:D0 FD     BNE $FFEB                                                      A:03 X:C5 Y:01 S:FB P:NVUbdIzC 
    $FFEB:CA        DEX                                                            A:03 X:C5 Y:01 S:FB P:NVUbdIzC 
    $FFEC:D0 FD     BNE $FFEB                                                      A:03 X:C4 Y:01 S:FB P:NVUbdIzC 
    $FFEB:CA        DEX                                                            A:03 X:C4 Y:01 S:FB P:NVUbdIzC 
    $FFEC:D0 FD     BNE $FFEB                                                      A:03 X:C3 Y:01 S:FB P:NVUbdIzC 
    $FFEB:CA        DEX                                                            A:03 X:C3 Y:01 S:FB P:NVUbdIzC 
    $FFEC:D0 FD     BNE $FFEB                                                      A:03 X:C2 Y:01 S:FB P:NVUbdIzC 
    $FFEB:CA        DEX                                                            A:03 X:C2 Y:01 S:FB P:NVUbdIzC 
    $FFEC:D0 FD     BNE $FFEB                                                      A:03 X:C1 Y:01 S:FB P:NVUbdIzC 
    $FFEB:CA        DEX                                                            A:03 X:C1 Y:01 S:FB P:NVUbdIzC 
    $FFEC:D0 FD     BNE $FFEB                                                      A:03 X:C0 Y:01 S:FB P:NVUbdIzC 
    $FFEB:CA        DEX                                                            A:03 X:C0 Y:01 S:FB P:NVUbdIzC 
    $FFEC:D0 FD     BNE $FFEB                                                      A:03 X:BF Y:01 S:FB P:NVUbdIzC 
    $FFEB:CA        DEX                                                            A:03 X:BF Y:01 S:FB P:NVUbdIzC 
    $FFEC:D0 FD     BNE $FFEB                                                      A:03 X:BE Y:01 S:FB P:NVUbdIzC 
    $FFEB:CA        DEX                                                            A:03 X:BE Y:01 S:FB P:NVUbdIzC 
    $FFEC:D0 FD     BNE $FFEB                                                      A:03 X:BD Y:01 S:FB P:NVUbdIzC 
    $FFEB:CA        DEX                                                            A:03 X:BD Y:01 S:FB P:NVUbdIzC 
    $FFEC:D0 FD     BNE $FFEB                                                      A:03 X:BC Y:01 S:FB P:NVUbdIzC 
    $FFEB:CA        DEX                                                            A:03 X:BC Y:01 S:FB P:NVUbdIzC 
    $FFEC:D0 FD     BNE $FFEB                                                      A:03 X:BB Y:01 S:FB P:NVUbdIzC 
    $FFEB:CA        DEX                                                            A:03 X:BB Y:01 S:FB P:NVUbdIzC 
    $FFEC:D0 FD     BNE $FFEB                                                      A:03 X:BA Y:01 S:FB P:NVUbdIzC 
    $FFEB:CA        DEX                                                            A:03 X:BA Y:01 S:FB P:NVUbdIzC 
    $FFEC:D0 FD     BNE $FFEB                                                      A:03 X:B9 Y:01 S:FB P:NVUbdIzC 
    $FFEB:CA        DEX                                                            A:03 X:B9 Y:01 S:FB P:NVUbdIzC 
    $FFEC:D0 FD     BNE $FFEB                                                      A:03 X:B8 Y:01 S:FB P:NVUbdIzC 
    $FFEB:CA        DEX                                                            A:03 X:B8 Y:01 S:FB P:NVUbdIzC 
    $FFEC:D0 FD     BNE $FFEB                                                      A:03 X:B7 Y:01 S:FB P:NVUbdIzC 
    $FFEB:CA        DEX                                                            A:03 X:B7 Y:01 S:FB P:NVUbdIzC 
    $FFEC:D0 FD     BNE $FFEB                                                      A:03 X:B6 Y:01 S:FB P:NVUbdIzC 
    $FFEB:CA        DEX                                                            A:03 X:B6 Y:01 S:FB P:NVUbdIzC 
    $FFEC:D0 FD     BNE $FFEB                                                      A:03 X:B5 Y:01 S:FB P:NVUbdIzC 
    $FFEB:CA        DEX                                                            A:03 X:B5 Y:01 S:FB P:NVUbdIzC 
    $FFEC:D0 FD     BNE $FFEB                                                      A:03 X:B4 Y:01 S:FB P:NVUbdIzC 
    $FFEB:CA        DEX                                                            A:03 X:B4 Y:01 S:FB P:NVUbdIzC 
    $FFEC:D0 FD     BNE $FFEB                                                      A:03 X:B3 Y:01 S:FB P:NVUbdIzC 
    $FFEB:CA        DEX                                                            A:03 X:B3 Y:01 S:FB P:NVUbdIzC 
    $FFEC:D0 FD     BNE $FFEB                                                      A:03 X:B2 Y:01 S:FB P:NVUbdIzC 
    $FFEB:CA        DEX                                                            A:03 X:B2 Y:01 S:FB P:NVUbdIzC 
    $FFEC:D0 FD     BNE $FFEB                                                      A:03 X:B1 Y:01 S:FB P:NVUbdIzC 
    $FFEB:CA        DEX                                                            A:03 X:B1 Y:01 S:FB P:NVUbdIzC 
    $FFEC:D0 FD     BNE $FFEB                                                      A:03 X:B0 Y:01 S:FB P:NVUbdIzC 
    $FFEB:CA        DEX                                                            A:03 X:B0 Y:01 S:FB P:NVUbdIzC 
    $FFEC:D0 FD     BNE $FFEB                                                      A:03 X:AF Y:01 S:FB P:NVUbdIzC 
    $FFEB:CA        DEX                                                            A:03 X:AF Y:01 S:FB P:NVUbdIzC 
    $FFEC:D0 FD     BNE $FFEB                                                      A:03 X:AE Y:01 S:FB P:NVUbdIzC 
    $FFEB:CA        DEX                                                            A:03 X:AE Y:01 S:FB P:NVUbdIzC 
    $FFEC:D0 FD     BNE $FFEB                                                      A:03 X:AD Y:01 S:FB P:NVUbdIzC 
    $FFEB:CA        DEX                                                            A:03 X:AD Y:01 S:FB P:NVUbdIzC 
    $FFEC:D0 FD     BNE $FFEB                                                      A:03 X:AC Y:01 S:FB P:NVUbdIzC 
    $FFEB:CA        DEX                                                            A:03 X:AC Y:01 S:FB P:NVUbdIzC 
    $FFEC:D0 FD     BNE $FFEB                                                      A:03 X:AB Y:01 S:FB P:NVUbdIzC 
    $FFEB:CA        DEX                                                            A:03 X:AB Y:01 S:FB P:NVUbdIzC 
    $FFEC:D0 FD     BNE $FFEB                                                      A:03 X:AA Y:01 S:FB P:NVUbdIzC 
    $FFEB:CA        DEX                                                            A:03 X:AA Y:01 S:FB P:NVUbdIzC 
    $FFEC:D0 FD     BNE $FFEB                                                      A:03 X:A9 Y:01 S:FB P:NVUbdIzC 
    $FFEB:CA        DEX                                                            A:03 X:A9 Y:01 S:FB P:NVUbdIzC 
    $FFEC:D0 FD     BNE $FFEB                                                      A:03 X:A8 Y:01 S:FB P:NVUbdIzC 
    $FFEB:CA        DEX                                                            A:03 X:A8 Y:01 S:FB P:NVUbdIzC 
    $FFEC:D0 FD     BNE $FFEB                                                      A:03 X:A7 Y:01 S:FB P:NVUbdIzC 
    $FFEB:CA        DEX                                                            A:03 X:A7 Y:01 S:FB P:NVUbdIzC 
    $FFEC:D0 FD     BNE $FFEB                                                      A:03 X:A6 Y:01 S:FB P:NVUbdIzC 
    $FFEB:CA        DEX                                                            A:03 X:A6 Y:01 S:FB P:NVUbdIzC 
    $FFEC:D0 FD     BNE $FFEB                                                      A:03 X:A5 Y:01 S:FB P:NVUbdIzC 
    $FFEB:CA        DEX                                                            A:03 X:A5 Y:01 S:FB P:NVUbdIzC 
    $FFEC:D0 FD     BNE $FFEB                                                      A:03 X:A4 Y:01 S:FB P:NVUbdIzC 
    $FFEB:CA        DEX                                                            A:03 X:A4 Y:01 S:FB P:NVUbdIzC 
    $FFEC:D0 FD     BNE $FFEB                                                      A:03 X:A3 Y:01 S:FB P:NVUbdIzC 
    $FFEB:CA        DEX                                                            A:03 X:A3 Y:01 S:FB P:NVUbdIzC 
    $FFEC:D0 FD     BNE $FFEB                                                      A:03 X:A2 Y:01 S:FB P:NVUbdIzC 
    $FFEB:CA        DEX                                                            A:03 X:A2 Y:01 S:FB P:NVUbdIzC 
    $FFEC:D0 FD     BNE $FFEB                                                      A:03 X:A1 Y:01 S:FB P:NVUbdIzC 
    $FFEB:CA        DEX                                                            A:03 X:A1 Y:01 S:FB P:NVUbdIzC 
    $FFEC:D0 FD     BNE $FFEB                                                      A:03 X:A0 Y:01 S:FB P:NVUbdIzC 
    $FFEB:CA        DEX                                                            A:03 X:A0 Y:01 S:FB P:NVUbdIzC 
    $FFEC:D0 FD     BNE $FFEB                                                      A:03 X:9F Y:01 S:FB P:NVUbdIzC 
    $FFEB:CA        DEX                                                            A:03 X:9F Y:01 S:FB P:NVUbdIzC 
    $FFEC:D0 FD     BNE $FFEB                                                      A:03 X:9E Y:01 S:FB P:NVUbdIzC 
    $FFEB:CA        DEX                                                            A:03 X:9E Y:01 S:FB P:NVUbdIzC 
    $FFEC:D0 FD     BNE $FFEB                                                      A:03 X:9D Y:01 S:FB P:NVUbdIzC 
    $FFEB:CA        DEX                                                            A:03 X:9D Y:01 S:FB P:NVUbdIzC 
    $FFEC:D0 FD     BNE $FFEB                                                      A:03 X:9C Y:01 S:FB P:NVUbdIzC 
    $FFEB:CA        DEX                                                            A:03 X:9C Y:01 S:FB P:NVUbdIzC 
    $FFEC:D0 FD     BNE $FFEB                                                      A:03 X:9B Y:01 S:FB P:NVUbdIzC 
    $FFEB:CA        DEX                                                            A:03 X:9B Y:01 S:FB P:NVUbdIzC 
    $FFEC:D0 FD     BNE $FFEB                                                      A:03 X:9A Y:01 S:FB P:NVUbdIzC 
    $FFEB:CA        DEX                                                            A:03 X:9A Y:01 S:FB P:NVUbdIzC 
    $FFEC:D0 FD     BNE $FFEB                                                      A:03 X:99 Y:01 S:FB P:NVUbdIzC 
    $FFEB:CA        DEX                                                            A:03 X:99 Y:01 S:FB P:NVUbdIzC 
    $FFEC:D0 FD     BNE $FFEB                                                      A:03 X:98 Y:01 S:FB P:NVUbdIzC 
    $FFEB:CA        DEX                                                            A:03 X:98 Y:01 S:FB P:NVUbdIzC 
    $FFEC:D0 FD     BNE $FFEB                                                      A:03 X:97 Y:01 S:FB P:NVUbdIzC 
    $FFEB:CA        DEX                                                            A:03 X:97 Y:01 S:FB P:NVUbdIzC 
    $FFEC:D0 FD     BNE $FFEB                                                      A:03 X:96 Y:01 S:FB P:NVUbdIzC 
    $FFEB:CA        DEX                                                            A:03 X:96 Y:01 S:FB P:NVUbdIzC 
    $FFEC:D0 FD     BNE $FFEB                                                      A:03 X:95 Y:01 S:FB P:NVUbdIzC 
    $FFEB:CA        DEX                                                            A:03 X:95 Y:01 S:FB P:NVUbdIzC 
    $FFEC:D0 FD     BNE $FFEB                                                      A:03 X:94 Y:01 S:FB P:NVUbdIzC 
    $FFEB:CA        DEX                                                            A:03 X:94 Y:01 S:FB P:NVUbdIzC 
    $FFEC:D0 FD     BNE $FFEB                                                      A:03 X:93 Y:01 S:FB P:NVUbdIzC 
    $FFEB:CA        DEX                                                            A:03 X:93 Y:01 S:FB P:NVUbdIzC 
    $FFEC:D0 FD     BNE $FFEB                                                      A:03 X:92 Y:01 S:FB P:NVUbdIzC 
    $FFEB:CA        DEX                                                            A:03 X:92 Y:01 S:FB P:NVUbdIzC 
    $FFEC:D0 FD     BNE $FFEB                                                      A:03 X:91 Y:01 S:FB P:NVUbdIzC 
    $FFEB:CA        DEX                                                            A:03 X:91 Y:01 S:FB P:NVUbdIzC 
    $FFEC:D0 FD     BNE $FFEB                                                      A:03 X:90 Y:01 S:FB P:NVUbdIzC 
    $FFEB:CA        DEX                                                            A:03 X:90 Y:01 S:FB P:NVUbdIzC 
    $FFEC:D0 FD     BNE $FFEB                                                      A:03 X:8F Y:01 S:FB P:NVUbdIzC 
    $FFEB:CA        DEX                                                            A:03 X:8F Y:01 S:FB P:NVUbdIzC 
    $FFEC:D0 FD     BNE $FFEB                                                      A:03 X:8E Y:01 S:FB P:NVUbdIzC 
    $FFEB:CA        DEX                                                            A:03 X:8E Y:01 S:FB P:NVUbdIzC 
    $FFEC:D0 FD     BNE $FFEB                                                      A:03 X:8D Y:01 S:FB P:NVUbdIzC 
    $FFEB:CA        DEX                                                            A:03 X:8D Y:01 S:FB P:NVUbdIzC 
    $FFEC:D0 FD     BNE $FFEB                                                      A:03 X:8C Y:01 S:FB P:NVUbdIzC 
    $FFEB:CA        DEX                                                            A:03 X:8C Y:01 S:FB P:NVUbdIzC 
    $FFEC:D0 FD     BNE $FFEB                                                      A:03 X:8B Y:01 S:FB P:NVUbdIzC 
    $FFEB:CA        DEX                                                            A:03 X:8B Y:01 S:FB P:NVUbdIzC 
    $FFEC:D0 FD     BNE $FFEB                                                      A:03 X:8A Y:01 S:FB P:NVUbdIzC 
    $FFEB:CA        DEX                                                            A:03 X:8A Y:01 S:FB P:NVUbdIzC 
    $FFEC:D0 FD     BNE $FFEB                                                      A:03 X:89 Y:01 S:FB P:NVUbdIzC 
    $FFEB:CA        DEX                                                            A:03 X:89 Y:01 S:FB P:NVUbdIzC 
    $FFEC:D0 FD     BNE $FFEB                                                      A:03 X:88 Y:01 S:FB P:NVUbdIzC 
    $FFEB:CA        DEX                                                            A:03 X:88 Y:01 S:FB P:NVUbdIzC 
    $FFEC:D0 FD     BNE $FFEB                                                      A:03 X:87 Y:01 S:FB P:NVUbdIzC 
    $FFEB:CA        DEX                                                            A:03 X:87 Y:01 S:FB P:NVUbdIzC 
    $FFEC:D0 FD     BNE $FFEB                                                      A:03 X:86 Y:01 S:FB P:NVUbdIzC 
    $FFEB:CA        DEX                                                            A:03 X:86 Y:01 S:FB P:NVUbdIzC 
    $FFEC:D0 FD     BNE $FFEB                                                      A:03 X:85 Y:01 S:FB P:NVUbdIzC 
    $FFEB:CA        DEX                                                            A:03 X:85 Y:01 S:FB P:NVUbdIzC 
    $FFEC:D0 FD     BNE $FFEB                                                      A:03 X:84 Y:01 S:FB P:NVUbdIzC 
    $FFEB:CA        DEX                                                            A:03 X:84 Y:01 S:FB P:NVUbdIzC 
    $FFEC:D0 FD     BNE $FFEB                                                      A:03 X:83 Y:01 S:FB P:NVUbdIzC 
    $FFEB:CA        DEX                                                            A:03 X:83 Y:01 S:FB P:NVUbdIzC 
    $FFEC:D0 FD     BNE $FFEB                                                      A:03 X:82 Y:01 S:FB P:NVUbdIzC 
    $FFEB:CA        DEX                                                            A:03 X:82 Y:01 S:FB P:NVUbdIzC 
    $FFEC:D0 FD     BNE $FFEB                                                      A:03 X:81 Y:01 S:FB P:NVUbdIzC 
    $FFEB:CA        DEX                                                            A:03 X:81 Y:01 S:FB P:NVUbdIzC 
    $FFEC:D0 FD     BNE $FFEB                                                      A:03 X:80 Y:01 S:FB P:NVUbdIzC 
    $FFEB:CA        DEX                                                            A:03 X:80 Y:01 S:FB P:NVUbdIzC 
    $FFEC:D0 FD     BNE $FFEB                                                      A:03 X:7F Y:01 S:FB P:nVUbdIzC 
    $FFEB:CA        DEX                                                            A:03 X:7F Y:01 S:FB P:nVUbdIzC 
    $FFEC:D0 FD     BNE $FFEB                                                      A:03 X:7E Y:01 S:FB P:nVUbdIzC 
    $FFEB:CA        DEX                                                            A:03 X:7E Y:01 S:FB P:nVUbdIzC 
    $FFEC:D0 FD     BNE $FFEB                                                      A:03 X:7D Y:01 S:FB P:nVUbdIzC 
    $FFEB:CA        DEX                                                            A:03 X:7D Y:01 S:FB P:nVUbdIzC 
    $FFEC:D0 FD     BNE $FFEB                                                      A:03 X:7C Y:01 S:FB P:nVUbdIzC 
    $FFEB:CA        DEX                                                            A:03 X:7C Y:01 S:FB P:nVUbdIzC 
    $FFEC:D0 FD     BNE $FFEB                                                      A:03 X:7B Y:01 S:FB P:nVUbdIzC 
    $FFEB:CA        DEX                                                            A:03 X:7B Y:01 S:FB P:nVUbdIzC 
    $FFEC:D0 FD     BNE $FFEB                                                      A:03 X:7A Y:01 S:FB P:nVUbdIzC 
    $FFEB:CA        DEX                                                            A:03 X:7A Y:01 S:FB P:nVUbdIzC 
    $FFEC:D0 FD     BNE $FFEB                                                      A:03 X:79 Y:01 S:FB P:nVUbdIzC 
    $FFEB:CA        DEX                                                            A:03 X:79 Y:01 S:FB P:nVUbdIzC 
    $FFEC:D0 FD     BNE $FFEB                                                      A:03 X:78 Y:01 S:FB P:nVUbdIzC 
    $FFEB:CA        DEX                                                            A:03 X:78 Y:01 S:FB P:nVUbdIzC 
    $FFEC:D0 FD     BNE $FFEB                                                      A:03 X:77 Y:01 S:FB P:nVUbdIzC 
    $FFEB:CA        DEX                                                            A:03 X:77 Y:01 S:FB P:nVUbdIzC 
    $FFEC:D0 FD     BNE $FFEB                                                      A:03 X:76 Y:01 S:FB P:nVUbdIzC 
    $FFEB:CA        DEX                                                            A:03 X:76 Y:01 S:FB P:nVUbdIzC 
    $FFEC:D0 FD     BNE $FFEB                                                      A:03 X:75 Y:01 S:FB P:nVUbdIzC 
    $FFEB:CA        DEX                                                            A:03 X:75 Y:01 S:FB P:nVUbdIzC 
    $FFEC:D0 FD     BNE $FFEB                                                      A:03 X:74 Y:01 S:FB P:nVUbdIzC 
    $FFEB:CA        DEX                                                            A:03 X:74 Y:01 S:FB P:nVUbdIzC 
    $FFEC:D0 FD     BNE $FFEB                                                      A:03 X:73 Y:01 S:FB P:nVUbdIzC 
    $FFEB:CA        DEX                                                            A:03 X:73 Y:01 S:FB P:nVUbdIzC 
    $FFEC:D0 FD     BNE $FFEB                                                      A:03 X:72 Y:01 S:FB P:nVUbdIzC 
    $FFEB:CA        DEX                                                            A:03 X:72 Y:01 S:FB P:nVUbdIzC 
    $FFEC:D0 FD     BNE $FFEB                                                      A:03 X:71 Y:01 S:FB P:nVUbdIzC 
    $FFEB:CA        DEX                                                            A:03 X:71 Y:01 S:FB P:nVUbdIzC 
    $FFEC:D0 FD     BNE $FFEB                                                      A:03 X:70 Y:01 S:FB P:nVUbdIzC 
    $FFEB:CA        DEX                                                            A:03 X:70 Y:01 S:FB P:nVUbdIzC 
    $FFEC:D0 FD     BNE $FFEB                                                      A:03 X:6F Y:01 S:FB P:nVUbdIzC 
    $FFEB:CA        DEX                                                            A:03 X:6F Y:01 S:FB P:nVUbdIzC 
    $FFEC:D0 FD     BNE $FFEB                                                      A:03 X:6E Y:01 S:FB P:nVUbdIzC 
    $FFEB:CA        DEX                                                            A:03 X:6E Y:01 S:FB P:nVUbdIzC 
    $FFEC:D0 FD     BNE $FFEB                                                      A:03 X:6D Y:01 S:FB P:nVUbdIzC 
    $FFEB:CA        DEX                                                            A:03 X:6D Y:01 S:FB P:nVUbdIzC 
    $FFEC:D0 FD     BNE $FFEB                                                      A:03 X:6C Y:01 S:FB P:nVUbdIzC 
    $FFEB:CA        DEX                                                            A:03 X:6C Y:01 S:FB P:nVUbdIzC 
    $FFEC:D0 FD     BNE $FFEB                                                      A:03 X:6B Y:01 S:FB P:nVUbdIzC 
    $FFEB:CA        DEX                                                            A:03 X:6B Y:01 S:FB P:nVUbdIzC 
    $FFEC:D0 FD     BNE $FFEB                                                      A:03 X:6A Y:01 S:FB P:nVUbdIzC 
    $FFEB:CA        DEX                                                            A:03 X:6A Y:01 S:FB P:nVUbdIzC 
    $FFEC:D0 FD     BNE $FFEB                                                      A:03 X:69 Y:01 S:FB P:nVUbdIzC 
    $FFEB:CA        DEX                                                            A:03 X:69 Y:01 S:FB P:nVUbdIzC 
    $FFEC:D0 FD     BNE $FFEB                                                      A:03 X:68 Y:01 S:FB P:nVUbdIzC 
    $FFEB:CA        DEX                                                            A:03 X:68 Y:01 S:FB P:nVUbdIzC 
    $FFEC:D0 FD     BNE $FFEB                                                      A:03 X:67 Y:01 S:FB P:nVUbdIzC 
    $FFEB:CA        DEX                                                            A:03 X:67 Y:01 S:FB P:nVUbdIzC 
    $FFEC:D0 FD     BNE $FFEB                                                      A:03 X:66 Y:01 S:FB P:nVUbdIzC 
    $FFEB:CA        DEX                                                            A:03 X:66 Y:01 S:FB P:nVUbdIzC 
    $FFEC:D0 FD     BNE $FFEB                                                      A:03 X:65 Y:01 S:FB P:nVUbdIzC 
    $FFEB:CA        DEX                                                            A:03 X:65 Y:01 S:FB P:nVUbdIzC 
    $FFEC:D0 FD     BNE $FFEB                                                      A:03 X:64 Y:01 S:FB P:nVUbdIzC 
    $FFEB:CA        DEX                                                            A:03 X:64 Y:01 S:FB P:nVUbdIzC 
    $FFEC:D0 FD     BNE $FFEB                                                      A:03 X:63 Y:01 S:FB P:nVUbdIzC 
    $FFEB:CA        DEX                                                            A:03 X:63 Y:01 S:FB P:nVUbdIzC 
    $FFEC:D0 FD     BNE $FFEB                                                      A:03 X:62 Y:01 S:FB P:nVUbdIzC 
    $FFEB:CA        DEX                                                            A:03 X:62 Y:01 S:FB P:nVUbdIzC 
    $FFEC:D0 FD     BNE $FFEB                                                      A:03 X:61 Y:01 S:FB P:nVUbdIzC 
    $FFEB:CA        DEX                                                            A:03 X:61 Y:01 S:FB P:nVUbdIzC 
    $FFEC:D0 FD     BNE $FFEB                                                      A:03 X:60 Y:01 S:FB P:nVUbdIzC 
    $FFEB:CA        DEX                                                            A:03 X:60 Y:01 S:FB P:nVUbdIzC 
    $FFEC:D0 FD     BNE $FFEB                                                      A:03 X:5F Y:01 S:FB P:nVUbdIzC 
    $FFEB:CA        DEX                                                            A:03 X:5F Y:01 S:FB P:nVUbdIzC 
    $FFEC:D0 FD     BNE $FFEB                                                      A:03 X:5E Y:01 S:FB P:nVUbdIzC 
    $FFEB:CA        DEX                                                            A:03 X:5E Y:01 S:FB P:nVUbdIzC 
    $FFEC:D0 FD     BNE $FFEB                                                      A:03 X:5D Y:01 S:FB P:nVUbdIzC 
    $FFEB:CA        DEX                                                            A:03 X:5D Y:01 S:FB P:nVUbdIzC 
    $FFEC:D0 FD     BNE $FFEB                                                      A:03 X:5C Y:01 S:FB P:nVUbdIzC 
    $FFEB:CA        DEX                                                            A:03 X:5C Y:01 S:FB P:nVUbdIzC 
    $FFEC:D0 FD     BNE $FFEB                                                      A:03 X:5B Y:01 S:FB P:nVUbdIzC 
    $FFEB:CA        DEX                                                            A:03 X:5B Y:01 S:FB P:nVUbdIzC 
    $FFEC:D0 FD     BNE $FFEB                                                      A:03 X:5A Y:01 S:FB P:nVUbdIzC 
    $FFEB:CA        DEX                                                            A:03 X:5A Y:01 S:FB P:nVUbdIzC 
    $FFEC:D0 FD     BNE $FFEB                                                      A:03 X:59 Y:01 S:FB P:nVUbdIzC 
    $FFEB:CA        DEX                                                            A:03 X:59 Y:01 S:FB P:nVUbdIzC 
    $FFEC:D0 FD     BNE $FFEB                                                      A:03 X:58 Y:01 S:FB P:nVUbdIzC 
    $FFEB:CA        DEX                                                            A:03 X:58 Y:01 S:FB P:nVUbdIzC 
    $FFEC:D0 FD     BNE $FFEB                                                      A:03 X:57 Y:01 S:FB P:nVUbdIzC 
    $FFEB:CA        DEX                                                            A:03 X:57 Y:01 S:FB P:nVUbdIzC 
    $FFEC:D0 FD     BNE $FFEB                                                      A:03 X:56 Y:01 S:FB P:nVUbdIzC 
    $FFEB:CA        DEX                                                            A:03 X:56 Y:01 S:FB P:nVUbdIzC 
    $FFEC:D0 FD     BNE $FFEB                                                      A:03 X:55 Y:01 S:FB P:nVUbdIzC 
    $FFEB:CA        DEX                                                            A:03 X:55 Y:01 S:FB P:nVUbdIzC 
    $FFEC:D0 FD     BNE $FFEB                                                      A:03 X:54 Y:01 S:FB P:nVUbdIzC 
    $FFEB:CA        DEX                                                            A:03 X:54 Y:01 S:FB P:nVUbdIzC 
    $FFEC:D0 FD     BNE $FFEB                                                      A:03 X:53 Y:01 S:FB P:nVUbdIzC 
    $FFEB:CA        DEX                                                            A:03 X:53 Y:01 S:FB P:nVUbdIzC 
    $FFEC:D0 FD     BNE $FFEB                                                      A:03 X:52 Y:01 S:FB P:nVUbdIzC 
    $FFEB:CA        DEX                                                            A:03 X:52 Y:01 S:FB P:nVUbdIzC 
    $FFEC:D0 FD     BNE $FFEB                                                      A:03 X:51 Y:01 S:FB P:nVUbdIzC 
    $FFEB:CA        DEX                                                            A:03 X:51 Y:01 S:FB P:nVUbdIzC 
    $FFEC:D0 FD     BNE $FFEB                                                      A:03 X:50 Y:01 S:FB P:nVUbdIzC 
    $FFEB:CA        DEX                                                            A:03 X:50 Y:01 S:FB P:nVUbdIzC 
    $FFEC:D0 FD     BNE $FFEB                                                      A:03 X:4F Y:01 S:FB P:nVUbdIzC 
    $FFEB:CA        DEX                                                            A:03 X:4F Y:01 S:FB P:nVUbdIzC 
    $FFEC:D0 FD     BNE $FFEB                                                      A:03 X:4E Y:01 S:FB P:nVUbdIzC 
    $FFEB:CA        DEX                                                            A:03 X:4E Y:01 S:FB P:nVUbdIzC 
    $FFEC:D0 FD     BNE $FFEB                                                      A:03 X:4D Y:01 S:FB P:nVUbdIzC 
    $FFEB:CA        DEX                                                            A:03 X:4D Y:01 S:FB P:nVUbdIzC 
    $FFEC:D0 FD     BNE $FFEB                                                      A:03 X:4C Y:01 S:FB P:nVUbdIzC 
    $FFEB:CA        DEX                                                            A:03 X:4C Y:01 S:FB P:nVUbdIzC 
    $FFEC:D0 FD     BNE $FFEB                                                      A:03 X:4B Y:01 S:FB P:nVUbdIzC 
    $FFEB:CA        DEX                                                            A:03 X:4B Y:01 S:FB P:nVUbdIzC 
    $FFEC:D0 FD     BNE $FFEB                                                      A:03 X:4A Y:01 S:FB P:nVUbdIzC 
    $FFEB:CA        DEX                                                            A:03 X:4A Y:01 S:FB P:nVUbdIzC 
    $FFEC:D0 FD     BNE $FFEB                                                      A:03 X:49 Y:01 S:FB P:nVUbdIzC 
    $FFEB:CA        DEX                                                            A:03 X:49 Y:01 S:FB P:nVUbdIzC 
    $FFEC:D0 FD     BNE $FFEB                                                      A:03 X:48 Y:01 S:FB P:nVUbdIzC 
    $FFEB:CA        DEX                                                            A:03 X:48 Y:01 S:FB P:nVUbdIzC 
    $FFEC:D0 FD     BNE $FFEB                                                      A:03 X:47 Y:01 S:FB P:nVUbdIzC 
    $FFEB:CA        DEX                                                            A:03 X:47 Y:01 S:FB P:nVUbdIzC 
    $FFEC:D0 FD     BNE $FFEB                                                      A:03 X:46 Y:01 S:FB P:nVUbdIzC 
    $FFEB:CA        DEX                                                            A:03 X:46 Y:01 S:FB P:nVUbdIzC 
    $FFEC:D0 FD     BNE $FFEB                                                      A:03 X:45 Y:01 S:FB P:nVUbdIzC 
    $FFEB:CA        DEX                                                            A:03 X:45 Y:01 S:FB P:nVUbdIzC 
    $FFEC:D0 FD     BNE $FFEB                                                      A:03 X:44 Y:01 S:FB P:nVUbdIzC 
    $FFEB:CA        DEX                                                            A:03 X:44 Y:01 S:FB P:nVUbdIzC 
    $FFEC:D0 FD     BNE $FFEB                                                      A:03 X:43 Y:01 S:FB P:nVUbdIzC 
    $FFEB:CA        DEX                                                            A:03 X:43 Y:01 S:FB P:nVUbdIzC 
    $FFEC:D0 FD     BNE $FFEB                                                      A:03 X:42 Y:01 S:FB P:nVUbdIzC 
    $FFEB:CA        DEX                                                            A:03 X:42 Y:01 S:FB P:nVUbdIzC 
    $FFEC:D0 FD     BNE $FFEB                                                      A:03 X:41 Y:01 S:FB P:nVUbdIzC 
    $FFEB:CA        DEX                                                            A:03 X:41 Y:01 S:FB P:nVUbdIzC 
    $FFEC:D0 FD     BNE $FFEB                                                      A:03 X:40 Y:01 S:FB P:nVUbdIzC 
    $FFEB:CA        DEX                                                            A:03 X:40 Y:01 S:FB P:nVUbdIzC 
    $FFEC:D0 FD     BNE $FFEB                                                      A:03 X:3F Y:01 S:FB P:nVUbdIzC 
    $FFEB:CA        DEX                                                            A:03 X:3F Y:01 S:FB P:nVUbdIzC 
    $FFEC:D0 FD     BNE $FFEB                                                      A:03 X:3E Y:01 S:FB P:nVUbdIzC 
    $FFEB:CA        DEX                                                            A:03 X:3E Y:01 S:FB P:nVUbdIzC 
    $FFEC:D0 FD     BNE $FFEB                                                      A:03 X:3D Y:01 S:FB P:nVUbdIzC 
    $FFEB:CA        DEX                                                            A:03 X:3D Y:01 S:FB P:nVUbdIzC 
    $FFEC:D0 FD     BNE $FFEB                                                      A:03 X:3C Y:01 S:FB P:nVUbdIzC 
    $FFEB:CA        DEX                                                            A:03 X:3C Y:01 S:FB P:nVUbdIzC 
    $FFEC:D0 FD     BNE $FFEB                                                      A:03 X:3B Y:01 S:FB P:nVUbdIzC 
    $FFEB:CA        DEX                                                            A:03 X:3B Y:01 S:FB P:nVUbdIzC 
    $FFEC:D0 FD     BNE $FFEB                                                      A:03 X:3A Y:01 S:FB P:nVUbdIzC 
    $FFEB:CA        DEX                                                            A:03 X:3A Y:01 S:FB P:nVUbdIzC 
    $FFEC:D0 FD     BNE $FFEB                                                      A:03 X:39 Y:01 S:FB P:nVUbdIzC 
    $FFEB:CA        DEX                                                            A:03 X:39 Y:01 S:FB P:nVUbdIzC 
    $FFEC:D0 FD     BNE $FFEB                                                      A:03 X:38 Y:01 S:FB P:nVUbdIzC 
    $FFEB:CA        DEX                                                            A:03 X:38 Y:01 S:FB P:nVUbdIzC 
    $FFEC:D0 FD     BNE $FFEB                                                      A:03 X:37 Y:01 S:FB P:nVUbdIzC 
    $FFEB:CA        DEX                                                            A:03 X:37 Y:01 S:FB P:nVUbdIzC 
    $FFEC:D0 FD     BNE $FFEB                                                      A:03 X:36 Y:01 S:FB P:nVUbdIzC 
    $FFEB:CA        DEX                                                            A:03 X:36 Y:01 S:FB P:nVUbdIzC 
    $FFEC:D0 FD     BNE $FFEB                                                      A:03 X:35 Y:01 S:FB P:nVUbdIzC 
    $FFEB:CA        DEX                                                            A:03 X:35 Y:01 S:FB P:nVUbdIzC 
    $FFEC:D0 FD     BNE $FFEB                                                      A:03 X:34 Y:01 S:FB P:nVUbdIzC 
    $FFEB:CA        DEX                                                            A:03 X:34 Y:01 S:FB P:nVUbdIzC 
    $FFEC:D0 FD     BNE $FFEB                                                      A:03 X:33 Y:01 S:FB P:nVUbdIzC 
    $FFEB:CA        DEX                                                            A:03 X:33 Y:01 S:FB P:nVUbdIzC 
    $FFEC:D0 FD     BNE $FFEB                                                      A:03 X:32 Y:01 S:FB P:nVUbdIzC 
    $FFEB:CA        DEX                                                            A:03 X:32 Y:01 S:FB P:nVUbdIzC 
    $FFEC:D0 FD     BNE $FFEB                                                      A:03 X:31 Y:01 S:FB P:nVUbdIzC 
    $FFEB:CA        DEX                                                            A:03 X:31 Y:01 S:FB P:nVUbdIzC 
    $FFEC:D0 FD     BNE $FFEB                                                      A:03 X:30 Y:01 S:FB P:nVUbdIzC 
    $FFEB:CA        DEX                                                            A:03 X:30 Y:01 S:FB P:nVUbdIzC 
    $FFEC:D0 FD     BNE $FFEB                                                      A:03 X:2F Y:01 S:FB P:nVUbdIzC 
    $FFEB:CA        DEX                                                            A:03 X:2F Y:01 S:FB P:nVUbdIzC 
    $FFEC:D0 FD     BNE $FFEB                                                      A:03 X:2E Y:01 S:FB P:nVUbdIzC 
    $FFEB:CA        DEX                                                            A:03 X:2E Y:01 S:FB P:nVUbdIzC 
    $FFEC:D0 FD     BNE $FFEB                                                      A:03 X:2D Y:01 S:FB P:nVUbdIzC 
    $FFEB:CA        DEX                                                            A:03 X:2D Y:01 S:FB P:nVUbdIzC 
    $FFEC:D0 FD     BNE $FFEB                                                      A:03 X:2C Y:01 S:FB P:nVUbdIzC 
    $FFEB:CA        DEX                                                            A:03 X:2C Y:01 S:FB P:nVUbdIzC 
    $FFEC:D0 FD     BNE $FFEB                                                      A:03 X:2B Y:01 S:FB P:nVUbdIzC 
    $FFEB:CA        DEX                                                            A:03 X:2B Y:01 S:FB P:nVUbdIzC 
    $FFEC:D0 FD     BNE $FFEB                                                      A:03 X:2A Y:01 S:FB P:nVUbdIzC 
    $FFEB:CA        DEX                                                            A:03 X:2A Y:01 S:FB P:nVUbdIzC 
    $FFEC:D0 FD     BNE $FFEB                                                      A:03 X:29 Y:01 S:FB P:nVUbdIzC 
    $FFEB:CA        DEX                                                            A:03 X:29 Y:01 S:FB P:nVUbdIzC 
    $FFEC:D0 FD     BNE $FFEB                                                      A:03 X:28 Y:01 S:FB P:nVUbdIzC 
    $FFEB:CA        DEX                                                            A:03 X:28 Y:01 S:FB P:nVUbdIzC 
    $FFEC:D0 FD     BNE $FFEB                                                      A:03 X:27 Y:01 S:FB P:nVUbdIzC 
    $FFEB:CA        DEX                                                            A:03 X:27 Y:01 S:FB P:nVUbdIzC 
    $FFEC:D0 FD     BNE $FFEB                                                      A:03 X:26 Y:01 S:FB P:nVUbdIzC 
    $FFEB:CA        DEX                                                            A:03 X:26 Y:01 S:FB P:nVUbdIzC 
    $FFEC:D0 FD     BNE $FFEB                                                      A:03 X:25 Y:01 S:FB P:nVUbdIzC 
    $FFEB:CA        DEX                                                            A:03 X:25 Y:01 S:FB P:nVUbdIzC 
    $FFEC:D0 FD     BNE $FFEB                                                      A:03 X:24 Y:01 S:FB P:nVUbdIzC 
    $FFEB:CA        DEX                                                            A:03 X:24 Y:01 S:FB P:nVUbdIzC 
    $FFEC:D0 FD     BNE $FFEB                                                      A:03 X:23 Y:01 S:FB P:nVUbdIzC 
    $FFEB:CA        DEX                                                            A:03 X:23 Y:01 S:FB P:nVUbdIzC 
    $FFEC:D0 FD     BNE $FFEB                                                      A:03 X:22 Y:01 S:FB P:nVUbdIzC 
    $FFEB:CA        DEX                                                            A:03 X:22 Y:01 S:FB P:nVUbdIzC 
    $FFEC:D0 FD     BNE $FFEB                                                      A:03 X:21 Y:01 S:FB P:nVUbdIzC 
    $FFEB:CA        DEX                                                            A:03 X:21 Y:01 S:FB P:nVUbdIzC 
    $FFEC:D0 FD     BNE $FFEB                                                      A:03 X:20 Y:01 S:FB P:nVUbdIzC 
    $FFEB:CA        DEX                                                            A:03 X:20 Y:01 S:FB P:nVUbdIzC 
    $FFEC:D0 FD     BNE $FFEB                                                      A:03 X:1F Y:01 S:FB P:nVUbdIzC 
    $FFEB:CA        DEX                                                            A:03 X:1F Y:01 S:FB P:nVUbdIzC 
    $FFEC:D0 FD     BNE $FFEB                                                      A:03 X:1E Y:01 S:FB P:nVUbdIzC 
    $FFEB:CA        DEX                                                            A:03 X:1E Y:01 S:FB P:nVUbdIzC 
    $FFEC:D0 FD     BNE $FFEB                                                      A:03 X:1D Y:01 S:FB P:nVUbdIzC 
    $FFEB:CA        DEX                                                            A:03 X:1D Y:01 S:FB P:nVUbdIzC 
    $FFEC:D0 FD     BNE $FFEB                                                      A:03 X:1C Y:01 S:FB P:nVUbdIzC 
    $FFEB:CA        DEX                                                            A:03 X:1C Y:01 S:FB P:nVUbdIzC 
    $FFEC:D0 FD     BNE $FFEB                                                      A:03 X:1B Y:01 S:FB P:nVUbdIzC 
    $FFEB:CA        DEX                                                            A:03 X:1B Y:01 S:FB P:nVUbdIzC 
    $FFEC:D0 FD     BNE $FFEB                                                      A:03 X:1A Y:01 S:FB P:nVUbdIzC 
    $FFEB:CA        DEX                                                            A:03 X:1A Y:01 S:FB P:nVUbdIzC 
    $FFEC:D0 FD     BNE $FFEB                                                      A:03 X:19 Y:01 S:FB P:nVUbdIzC 
    $FFEB:CA        DEX                                                            A:03 X:19 Y:01 S:FB P:nVUbdIzC 
    $FFEC:D0 FD     BNE $FFEB                                                      A:03 X:18 Y:01 S:FB P:nVUbdIzC 
    $FFEB:CA        DEX                                                            A:03 X:18 Y:01 S:FB P:nVUbdIzC 
    $FFEC:D0 FD     BNE $FFEB                                                      A:03 X:17 Y:01 S:FB P:nVUbdIzC 
    $FFEB:CA        DEX                                                            A:03 X:17 Y:01 S:FB P:nVUbdIzC 
    $FFEC:D0 FD     BNE $FFEB                                                      A:03 X:16 Y:01 S:FB P:nVUbdIzC 
    $FFEB:CA        DEX                                                            A:03 X:16 Y:01 S:FB P:nVUbdIzC 
    $FFEC:D0 FD     BNE $FFEB                                                      A:03 X:15 Y:01 S:FB P:nVUbdIzC 
    $FFEB:CA        DEX                                                            A:03 X:15 Y:01 S:FB P:nVUbdIzC 
    $FFEC:D0 FD     BNE $FFEB                                                      A:03 X:14 Y:01 S:FB P:nVUbdIzC 
    $FFEB:CA        DEX                                                            A:03 X:14 Y:01 S:FB P:nVUbdIzC 
    $FFEC:D0 FD     BNE $FFEB                                                      A:03 X:13 Y:01 S:FB P:nVUbdIzC 
    $FFEB:CA        DEX                                                            A:03 X:13 Y:01 S:FB P:nVUbdIzC 
    $FFEC:D0 FD     BNE $FFEB                                                      A:03 X:12 Y:01 S:FB P:nVUbdIzC 
    $FFEB:CA        DEX                                                            A:03 X:12 Y:01 S:FB P:nVUbdIzC 
    $FFEC:D0 FD     BNE $FFEB                                                      A:03 X:11 Y:01 S:FB P:nVUbdIzC 
    $FFEB:CA        DEX                                                            A:03 X:11 Y:01 S:FB P:nVUbdIzC 
    $FFEC:D0 FD     BNE $FFEB                                                      A:03 X:10 Y:01 S:FB P:nVUbdIzC 
    $FFEB:CA        DEX                                                            A:03 X:10 Y:01 S:FB P:nVUbdIzC 
    $FFEC:D0 FD     BNE $FFEB                                                      A:03 X:0F Y:01 S:FB P:nVUbdIzC 
    $FFEB:CA        DEX                                                            A:03 X:0F Y:01 S:FB P:nVUbdIzC 
    $FFEC:D0 FD     BNE $FFEB                                                      A:03 X:0E Y:01 S:FB P:nVUbdIzC 
    $FFEB:CA        DEX                                                            A:03 X:0E Y:01 S:FB P:nVUbdIzC 
    $FFEC:D0 FD     BNE $FFEB                                                      A:03 X:0D Y:01 S:FB P:nVUbdIzC 
    $FFEB:CA        DEX                                                            A:03 X:0D Y:01 S:FB P:nVUbdIzC 
    $FFEC:D0 FD     BNE $FFEB                                                      A:03 X:0C Y:01 S:FB P:nVUbdIzC 
    $FFEB:CA        DEX                                                            A:03 X:0C Y:01 S:FB P:nVUbdIzC 
    $FFEC:D0 FD     BNE $FFEB                                                      A:03 X:0B Y:01 S:FB P:nVUbdIzC 
    $FFEB:CA        DEX                                                            A:03 X:0B Y:01 S:FB P:nVUbdIzC 
    $FFEC:D0 FD     BNE $FFEB                                                      A:03 X:0A Y:01 S:FB P:nVUbdIzC 
    $FFEB:CA        DEX                                                            A:03 X:0A Y:01 S:FB P:nVUbdIzC 
    $FFEC:D0 FD     BNE $FFEB                                                      A:03 X:09 Y:01 S:FB P:nVUbdIzC 
    $FFEB:CA        DEX                                                            A:03 X:09 Y:01 S:FB P:nVUbdIzC 
    $FFEC:D0 FD     BNE $FFEB                                                      A:03 X:08 Y:01 S:FB P:nVUbdIzC 
    $FFEB:CA        DEX                                                            A:03 X:08 Y:01 S:FB P:nVUbdIzC 
    $FFEC:D0 FD     BNE $FFEB                                                      A:03 X:07 Y:01 S:FB P:nVUbdIzC 
    $FFEB:CA        DEX                                                            A:03 X:07 Y:01 S:FB P:nVUbdIzC 
    $FFEC:D0 FD     BNE $FFEB                                                      A:03 X:06 Y:01 S:FB P:nVUbdIzC 
    $FFEB:CA        DEX                                                            A:03 X:06 Y:01 S:FB P:nVUbdIzC 
    $FFEC:D0 FD     BNE $FFEB                                                      A:03 X:05 Y:01 S:FB P:nVUbdIzC 
    $FFEB:CA        DEX                                                            A:03 X:05 Y:01 S:FB P:nVUbdIzC 
    $FFEC:D0 FD     BNE $FFEB                                                      A:03 X:04 Y:01 S:FB P:nVUbdIzC 
    $FFEB:CA        DEX                                                            A:03 X:04 Y:01 S:FB P:nVUbdIzC 
    $FFEC:D0 FD     BNE $FFEB                                                      A:03 X:03 Y:01 S:FB P:nVUbdIzC 
    $FFEB:CA        DEX                                                            A:03 X:03 Y:01 S:FB P:nVUbdIzC 
    $FFEC:D0 FD     BNE $FFEB                                                      A:03 X:02 Y:01 S:FB P:nVUbdIzC 
    $FFEB:CA        DEX                                                            A:03 X:02 Y:01 S:FB P:nVUbdIzC 
    $FFEC:D0 FD     BNE $FFEB                                                      A:03 X:01 Y:01 S:FB P:nVUbdIzC 
    $FFEB:CA        DEX                                                            A:03 X:01 Y:01 S:FB P:nVUbdIzC 
    $FFEC:D0 FD     BNE $FFEB                                                      A:03 X:00 Y:01 S:FB P:nVUbdIZC 
    $FFEE:88        DEY                                                            A:03 X:00 Y:01 S:FB P:nVUbdIZC 
    $FFEF:D0 FA     BNE $FFEB                                                      A:03 X:00 Y:00 S:FB P:nVUbdIZC 
    $FFF1:60        RTS (from $FFEB) ----------------------------------------------A:03 X:00 Y:00 S:FB P:nVUbdIZC 
  $8699:AD 02 20  LDA $2002 = #$06                                               A:03 X:00 Y:00 S:FD P:nVUbdIZC 
  $869C:A5 87     LDA $0087 = #$DF                                               A:06 X:00 Y:00 S:FD P:nVUbdIzC 
  $869E:A4 09     LDY $0009 = #$90                                               A:DF X:00 Y:00 S:FD P:NVUbdIzC 
  $86A0:10 05     BPL $86A7                                                      A:DF X:00 Y:90 S:FD P:NVUbdIzC 
  $86A2:A4 F6     LDY $00F6 = #$00                                               A:DF X:00 Y:90 S:FD P:NVUbdIzC 
  $86A4:D0 01     BNE $86A7                                                      A:DF X:00 Y:00 S:FD P:nVUbdIZC 
  $86A6:4A        LSR                                                            A:DF X:00 Y:00 S:FD P:nVUbdIZC 
  $86A7:8D 05 20  STA $2005 = #$06                                               A:6F X:00 Y:00 S:FD P:nVUbdIzC 
  $86AA:A9 00     LDA #$00                                                       A:6F X:00 Y:00 S:FD P:nVUbdIzC 
  $86AC:4C 84 FF  JMP $FF84                                                      A:00 X:00 Y:00 S:FD P:nVUbdIZC 
  $FF84:85 3E     STA $003E = #$00                                               A:00 X:00 Y:00 S:FD P:nVUbdIZC 
  $FF86:29 10     AND #$10                                                       A:00 X:00 Y:00 S:FD P:nVUbdIZC 
  $FF88:09 03     ORA #$03                                                       A:00 X:00 Y:00 S:FD P:nVUbdIZC 
  $FF8A:A8        TAY                                                            A:03 X:00 Y:00 S:FD P:nVUbdIzC 
  $FF8B:99 B3 FF  STA $FFB3,Y @ $FFB6 = #$03                                     A:03 X:00 Y:03 S:FD P:nVUbdIzC 
  $FF8E:20 65 88  JSR $8865                                                      A:03 X:00 Y:03 S:FD P:nVUbdIzC 
    $8865:A5 32     LDA $0032 = #$5E                                               A:03 X:00 Y:03 S:FB P:nVUbdIzC 
    $8867:18        CLC                                                            A:5E X:00 Y:03 S:FB P:nVUbdIzC 
    $8868:65 33     ADC $0033 = #$8A                                               A:5E X:00 Y:03 S:FB P:nVUbdIzc 
    $886A:85 32     STA $0032 = #$5E                                               A:E8 X:00 Y:03 S:FB P:NvUbdIzc 
    $886C:6A        ROR                                                            A:E8 X:00 Y:03 S:FB P:NvUbdIzc 
    $886D:85 34     STA $0034 = #$AF                                               A:74 X:00 Y:03 S:FB P:nvUbdIzc 
    $886F:A2 00     LDX #$00                                                       A:74 X:00 Y:03 S:FB P:nvUbdIzc 
    $8871:BD 01 03  LDA $0301,X @ $0301 = #$01                                     A:74 X:00 Y:03 S:FB P:nvUbdIZc 
    $8874:F0 03     BEQ $8879                                                      A:01 X:00 Y:03 S:FB P:nvUbdIzc 
    $8876:20 8A 88  JSR $888A                                                      A:01 X:00 Y:03 S:FB P:nvUbdIzc 
      $888A:A5 34     LDA $0034 = #$74                                               A:01 X:00 Y:03 S:F9 P:nvUbdIzc 
      $888C:30 03     BMI $8891                                                      A:74 X:00 Y:03 S:F9 P:nvUbdIzc 
      $888E:4C 48 89  JMP $8948                                                      A:74 X:00 Y:03 S:F9 P:nvUbdIzc 
      $8948:BD 24 03  LDA $0324,X @ $0324 = #$9C                                     A:74 X:00 Y:03 S:F9 P:nvUbdIzc 
      $894B:85 3A     STA $003A = #$28                                               A:9C X:00 Y:03 S:F9 P:NvUbdIzc 
      $894D:BD A1 03  LDA $03A1,X @ $03A1 = #$00                                     A:9C X:00 Y:03 S:F9 P:NvUbdIzc 
      $8950:F0 48     BEQ $899A                                                      A:00 X:00 Y:03 S:F9 P:nvUbdIZc 
      $899A:BD 61 03  LDA $0361,X @ $0361 = #$00                                     A:00 X:00 Y:03 S:F9 P:nvUbdIZc 
      $899D:F0 41     BEQ $89E0                                                      A:00 X:00 Y:03 S:F9 P:nvUbdIZc 
      $89E0:BD 93 03  LDA $0393,X @ $0393 = #$00                                     A:00 X:00 Y:03 S:F9 P:nvUbdIZc 
      $89E3:F0 6A     BEQ $8A4F                                                      A:00 X:00 Y:03 S:F9 P:nvUbdIZc 
      $8A4F:BD 11 03  LDA $0311,X @ $0311 = #$3A                                     A:00 X:00 Y:03 S:F9 P:nvUbdIZc 
      $8A52:F0 0B     BEQ $8A5F                                                      A:3A X:00 Y:03 S:F9 P:nvUbdIzc 
      $8A54:60        RTS (from $888A) ----------------------------------------------A:3A X:00 Y:03 S:F9 P:nvUbdIzc 
    $8879:BD 11 03  LDA $0311,X @ $0311 = #$3A                                     A:3A X:00 Y:03 S:FB P:nvUbdIzc 
    $887C:F0 03     BEQ $8881                                                      A:3A X:00 Y:03 S:FB P:nvUbdIzc 
    $887E:20 D7 8A  JSR $8AD7                                                      A:3A X:00 Y:03 S:FB P:nvUbdIzc 
      $8AD7:BD 32 03  LDA $0332,X @ $0332 = #$9D                                     A:3A X:00 Y:03 S:F9 P:nvUbdIzc 
      $8ADA:C9 55     CMP #$55                                                       A:9D X:00 Y:03 S:F9 P:NvUbdIzc 
      $8ADC:F0 C6     BEQ $8AA4                                                      A:9D X:00 Y:03 S:F9 P:nvUbdIzC 
      $8ADE:BD 12 03  LDA $0312,X @ $0312 = #$BF                                     A:9D X:00 Y:03 S:F9 P:nvUbdIzC 
      $8AE1:38        SEC                                                            A:BF X:00 Y:03 S:F9 P:NvUbdIzC 
      $8AE2:E9 10     SBC #$10                                                       A:BF X:00 Y:03 S:F9 P:NvUbdIzC 
      $8AE4:90 04     BCC $8AEA                                                      A:AF X:00 Y:03 S:F9 P:NvUbdIzC 
      $8AE6:9D 12 03  STA $0312,X @ $0312 = #$BF                                     A:AF X:00 Y:03 S:F9 P:NvUbdIzC 
      $8AE9:60        RTS (from $8AD7) ----------------------------------------------A:AF X:00 Y:03 S:F9 P:NvUbdIzC 
    $8881:E8        INX                                                            A:AF X:00 Y:03 S:FB P:NvUbdIzC 
    $8882:E8        INX                                                            A:AF X:01 Y:03 S:FB P:nvUbdIzC 
    $8883:E8        INX                                                            A:AF X:02 Y:03 S:FB P:nvUbdIzC 
    $8884:E8        INX                                                            A:AF X:03 Y:03 S:FB P:nvUbdIzC 
    $8885:E0 10     CPX #$10                                                       A:AF X:04 Y:03 S:FB P:nvUbdIzC 
    $8887:90 E8     BCC $8871                                                      A:AF X:04 Y:03 S:FB P:NvUbdIzc 
    $8871:BD 01 03  LDA $0301,X @ $0305 = #$0A                                     A:AF X:04 Y:03 S:FB P:NvUbdIzc 
    $8874:F0 03     BEQ $8879                                                      A:0A X:04 Y:03 S:FB P:nvUbdIzc 
    $8876:20 8A 88  JSR $888A                                                      A:0A X:04 Y:03 S:FB P:nvUbdIzc 
      $888A:A5 34     LDA $0034 = #$74                                               A:0A X:04 Y:03 S:F9 P:nvUbdIzc 
      $888C:30 03     BMI $8891                                                      A:74 X:04 Y:03 S:F9 P:nvUbdIzc 
      $888E:4C 48 89  JMP $8948                                                      A:74 X:04 Y:03 S:F9 P:nvUbdIzc 
      $8948:BD 24 03  LDA $0324,X @ $0328 = #$9E                                     A:74 X:04 Y:03 S:F9 P:nvUbdIzc 
      $894B:85 3A     STA $003A = #$9C                                               A:9E X:04 Y:03 S:F9 P:NvUbdIzc 
      $894D:BD A1 03  LDA $03A1,X @ $03A5 = #$00                                     A:9E X:04 Y:03 S:F9 P:NvUbdIzc 
      $8950:F0 48     BEQ $899A                                                      A:00 X:04 Y:03 S:F9 P:nvUbdIZc 
      $899A:BD 61 03  LDA $0361,X @ $0365 = #$00                                     A:00 X:04 Y:03 S:F9 P:nvUbdIZc 
      $899D:F0 41     BEQ $89E0                                                      A:00 X:04 Y:03 S:F9 P:nvUbdIZc 
      $89E0:BD 93 03  LDA $0393,X @ $0397 = #$00                                     A:00 X:04 Y:03 S:F9 P:nvUbdIZc 
      $89E3:F0 6A     BEQ $8A4F                                                      A:00 X:04 Y:03 S:F9 P:nvUbdIZc 
      $8A4F:BD 11 03  LDA $0311,X @ $0315 = #$00                                     A:00 X:04 Y:03 S:F9 P:nvUbdIZc 
      $8A52:F0 0B     BEQ $8A5F                                                      A:00 X:04 Y:03 S:F9 P:nvUbdIZc 
      $8A5F:BD 21 03  LDA $0321,X @ $0325 = #$32                                     A:00 X:04 Y:03 S:F9 P:nvUbdIZc 
      $8A62:29 E0     AND #$E0                                                       A:32 X:04 Y:03 S:F9 P:nvUbdIzc 
      $8A64:1D 52 03  ORA $0352,X @ $0356 = #$12                                     A:20 X:04 Y:03 S:F9 P:nvUbdIzc 
      $8A67:9D 00 40  STA $4000,X @ $4004 = #$12                                     A:32 X:04 Y:03 S:F9 P:nvUbdIzc 
      $8A6A:BD 23 03  LDA $0323,X @ $0327 = #$AE                                     A:32 X:04 Y:03 S:F9 P:nvUbdIzc 
      $8A6D:9D 02 40  STA $4002,X @ $4006 = #$AE                                     A:AE X:04 Y:03 S:F9 P:NvUbdIzc 
      $8A70:BD 24 03  LDA $0324,X @ $0328 = #$9E                                     A:AE X:04 Y:03 S:F9 P:NvUbdIzc 
      $8A73:C5 3A     CMP $003A = #$9E                                               A:9E X:04 Y:03 S:F9 P:NvUbdIzc 
      $8A75:F0 03     BEQ $8A7A                                                      A:9E X:04 Y:03 S:F9 P:nvUbdIZC 
      $8A7A:60        RTS (from $888A) ----------------------------------------------A:9E X:04 Y:03 S:F9 P:nvUbdIZC 
    $8879:BD 11 03  LDA $0311,X @ $0315 = #$00                                     A:9E X:04 Y:03 S:FB P:nvUbdIZC 
    $887C:F0 03     BEQ $8881                                                      A:00 X:04 Y:03 S:FB P:nvUbdIZC 
    $8881:E8        INX                                                            A:00 X:04 Y:03 S:FB P:nvUbdIZC 
    $8882:E8        INX                                                            A:00 X:05 Y:03 S:FB P:nvUbdIzC 
    $8883:E8        INX                                                            A:00 X:06 Y:03 S:FB P:nvUbdIzC 
    $8884:E8        INX                                                            A:00 X:07 Y:03 S:FB P:nvUbdIzC 
    $8885:E0 10     CPX #$10                                                       A:00 X:08 Y:03 S:FB P:nvUbdIzC 
    $8887:90 E8     BCC $8871                                                      A:00 X:08 Y:03 S:FB P:NvUbdIzc 
    $8871:BD 01 03  LDA $0301,X @ $0309 = #$0C                                     A:00 X:08 Y:03 S:FB P:NvUbdIzc 
    $8874:F0 03     BEQ $8879                                                      A:0C X:08 Y:03 S:FB P:nvUbdIzc 
    $8876:20 8A 88  JSR $888A                                                      A:0C X:08 Y:03 S:FB P:nvUbdIzc 
      $888A:A5 34     LDA $0034 = #$74                                               A:0C X:08 Y:03 S:F9 P:nvUbdIzc 
      $888C:30 03     BMI $8891                                                      A:74 X:08 Y:03 S:F9 P:nvUbdIzc 
      $888E:4C 48 89  JMP $8948                                                      A:74 X:08 Y:03 S:F9 P:nvUbdIzc 
      $8948:BD 24 03  LDA $0324,X @ $032C = #$4E                                     A:74 X:08 Y:03 S:F9 P:nvUbdIzc 
      $894B:85 3A     STA $003A = #$9E                                               A:4E X:08 Y:03 S:F9 P:nvUbdIzc 
      $894D:BD A1 03  LDA $03A1,X @ $03A9 = #$00                                     A:4E X:08 Y:03 S:F9 P:nvUbdIzc 
      $8950:F0 48     BEQ $899A                                                      A:00 X:08 Y:03 S:F9 P:nvUbdIZc 
      $899A:BD 61 03  LDA $0361,X @ $0369 = #$01                                     A:00 X:08 Y:03 S:F9 P:nvUbdIZc 
      $899D:F0 41     BEQ $89E0                                                      A:01 X:08 Y:03 S:F9 P:nvUbdIzc 
      $899F:DE 64 03  DEC $0364,X @ $036C = #$01                                     A:01 X:08 Y:03 S:F9 P:nvUbdIzc 
      $89A2:D0 3C     BNE $89E0                                                      A:01 X:08 Y:03 S:F9 P:nvUbdIZc 
      $89A4:BD 63 03  LDA $0363,X @ $036B = #$01                                     A:01 X:08 Y:03 S:F9 P:nvUbdIZc 
      $89A7:9D 64 03  STA $0364,X @ $036C = #$00                                     A:01 X:08 Y:03 S:F9 P:nvUbdIzc 
      $89AA:BD 24 03  LDA $0324,X @ $032C = #$4E                                     A:01 X:08 Y:03 S:F9 P:nvUbdIzc 
      $89AD:29 07     AND #$07                                                       A:4E X:08 Y:03 S:F9 P:nvUbdIzc 
      $89AF:1D 23 03  ORA $0323,X @ $032B = #$AD                                     A:06 X:08 Y:03 S:F9 P:nvUbdIzc 
      $89B2:F0 2C     BEQ $89E0                                                      A:AF X:08 Y:03 S:F9 P:NvUbdIzc 
      $89B4:A0 00     LDY #$00                                                       A:AF X:08 Y:03 S:F9 P:NvUbdIzc 
      $89B6:BD 44 03  LDA $0344,X @ $034C = #$01                                     A:AF X:08 Y:00 S:F9 P:nvUbdIZc 
      $89B9:10 01     BPL $89BC                                                      A:01 X:08 Y:00 S:F9 P:nvUbdIzc 
      $89BC:18        CLC                                                            A:01 X:08 Y:00 S:F9 P:nvUbdIzc 
      $89BD:7D 23 03  ADC $0323,X @ $032B = #$AD                                     A:01 X:08 Y:00 S:F9 P:nvUbdIzc 
      $89C0:9D 23 03  STA $0323,X @ $032B = #$AD                                     A:AE X:08 Y:00 S:F9 P:NvUbdIzc 
      $89C3:98        TYA                                                            A:AE X:08 Y:00 S:F9 P:NvUbdIzc 
      $89C4:7D 24 03  ADC $0324,X @ $032C = #$4E                                     A:00 X:08 Y:00 S:F9 P:nvUbdIZc 
      $89C7:9D 24 03  STA $0324,X @ $032C = #$4E                                     A:4E X:08 Y:00 S:F9 P:nvUbdIzc 
      $89CA:DE 62 03  DEC $0362,X @ $036A = #$01                                     A:4E X:08 Y:00 S:F9 P:nvUbdIzc 
      $89CD:D0 11     BNE $89E0                                                      A:4E X:08 Y:00 S:F9 P:nvUbdIZc 
      $89CF:BD 61 03  LDA $0361,X @ $0369 = #$01                                     A:4E X:08 Y:00 S:F9 P:nvUbdIZc 
      $89D2:9D 62 03  STA $0362,X @ $036A = #$00                                     A:01 X:08 Y:00 S:F9 P:nvUbdIzc 
      $89D5:DE 44 03  DEC $0344,X @ $034C = #$01                                     A:01 X:08 Y:00 S:F9 P:nvUbdIzc 
      $89D8:BD 44 03  LDA $0344,X @ $034C = #$00                                     A:01 X:08 Y:00 S:F9 P:nvUbdIZc 
      $89DB:49 FF     EOR #$FF                                                       A:00 X:08 Y:00 S:F9 P:nvUbdIZc 
      $89DD:9D 44 03  STA $0344,X @ $034C = #$00                                     A:FF X:08 Y:00 S:F9 P:NvUbdIzc 
      $89E0:BD 93 03  LDA $0393,X @ $039B = #$00                                     A:FF X:08 Y:00 S:F9 P:NvUbdIzc 
      $89E3:F0 6A     BEQ $8A4F                                                      A:00 X:08 Y:00 S:F9 P:nvUbdIZc 
      $8A4F:BD 11 03  LDA $0311,X @ $0319 = #$00                                     A:00 X:08 Y:00 S:F9 P:nvUbdIZc 
      $8A52:F0 0B     BEQ $8A5F                                                      A:00 X:08 Y:00 S:F9 P:nvUbdIZc 
      $8A5F:BD 21 03  LDA $0321,X @ $0329 = #$1F                                     A:00 X:08 Y:00 S:F9 P:nvUbdIZc 
      $8A62:29 E0     AND #$E0                                                       A:1F X:08 Y:00 S:F9 P:nvUbdIzc 
      $8A64:1D 52 03  ORA $0352,X @ $035A = #$1F                                     A:00 X:08 Y:00 S:F9 P:nvUbdIZc 
      $8A67:9D 00 40  STA $4000,X @ $4008 = #$1F                                     A:1F X:08 Y:00 S:F9 P:nvUbdIzc 
      $8A6A:BD 23 03  LDA $0323,X @ $032B = #$AE                                     A:1F X:08 Y:00 S:F9 P:nvUbdIzc 
      $8A6D:9D 02 40  STA $4002,X @ $400A = #$AE                                     A:AE X:08 Y:00 S:F9 P:NvUbdIzc 
      $8A70:BD 24 03  LDA $0324,X @ $032C = #$4E                                     A:AE X:08 Y:00 S:F9 P:NvUbdIzc 
      $8A73:C5 3A     CMP $003A = #$4E                                               A:4E X:08 Y:00 S:F9 P:nvUbdIzc 
      $8A75:F0 03     BEQ $8A7A                                                      A:4E X:08 Y:00 S:F9 P:nvUbdIZC 
      $8A7A:60        RTS (from $888A) ----------------------------------------------A:4E X:08 Y:00 S:F9 P:nvUbdIZC 
    $8879:BD 11 03  LDA $0311,X @ $0319 = #$00                                     A:4E X:08 Y:00 S:FB P:nvUbdIZC 
    $887C:F0 03     BEQ $8881                                                      A:00 X:08 Y:00 S:FB P:nvUbdIZC 
    $8881:E8        INX                                                            A:00 X:08 Y:00 S:FB P:nvUbdIZC 
    $8882:E8        INX                                                            A:00 X:09 Y:00 S:FB P:nvUbdIzC 
    $8883:E8        INX                                                            A:00 X:0A Y:00 S:FB P:nvUbdIzC 
    $8884:E8        INX                                                            A:00 X:0B Y:00 S:FB P:nvUbdIzC 
    $8885:E0 10     CPX #$10                                                       A:00 X:0C Y:00 S:FB P:nvUbdIzC 
    $8887:90 E8     BCC $8871                                                      A:00 X:0C Y:00 S:FB P:NvUbdIzc 
    $8871:BD 01 03  LDA $0301,X @ $030D = #$0E                                     A:00 X:0C Y:00 S:FB P:NvUbdIzc 
    $8874:F0 03     BEQ $8879                                                      A:0E X:0C Y:00 S:FB P:nvUbdIzc 
    $8876:20 8A 88  JSR $888A                                                      A:0E X:0C Y:00 S:FB P:nvUbdIzc 
      $888A:A5 34     LDA $0034 = #$74                                               A:0E X:0C Y:00 S:F9 P:nvUbdIzc 
      $888C:30 03     BMI $8891                                                      A:74 X:0C Y:00 S:F9 P:nvUbdIzc 
      $888E:4C 48 89  JMP $8948                                                      A:74 X:0C Y:00 S:F9 P:nvUbdIzc 
      $8948:BD 24 03  LDA $0324,X @ $0330 = #$28                                     A:74 X:0C Y:00 S:F9 P:nvUbdIzc 
      $894B:85 3A     STA $003A = #$4E                                               A:28 X:0C Y:00 S:F9 P:nvUbdIzc 
      $894D:BD A1 03  LDA $03A1,X @ $03AD = #$00                                     A:28 X:0C Y:00 S:F9 P:nvUbdIzc 
      $8950:F0 48     BEQ $899A                                                      A:00 X:0C Y:00 S:F9 P:nvUbdIZc 
      $899A:BD 61 03  LDA $0361,X @ $036D = #$00                                     A:00 X:0C Y:00 S:F9 P:nvUbdIZc 
      $899D:F0 41     BEQ $89E0                                                      A:00 X:0C Y:00 S:F9 P:nvUbdIZc 
      $89E0:BD 93 03  LDA $0393,X @ $039F = #$00                                     A:00 X:0C Y:00 S:F9 P:nvUbdIZc 
      $89E3:F0 6A     BEQ $8A4F                                                      A:00 X:0C Y:00 S:F9 P:nvUbdIZc 
      $8A4F:BD 11 03  LDA $0311,X @ $031D = #$0A                                     A:00 X:0C Y:00 S:F9 P:nvUbdIZc 
      $8A52:F0 0B     BEQ $8A5F                                                      A:0A X:0C Y:00 S:F9 P:nvUbdIzc 
      $8A54:60        RTS (from $888A) ----------------------------------------------A:0A X:0C Y:00 S:F9 P:nvUbdIzc 
    $8879:BD 11 03  LDA $0311,X @ $031D = #$0A                                     A:0A X:0C Y:00 S:FB P:nvUbdIzc 
    $887C:F0 03     BEQ $8881                                                      A:0A X:0C Y:00 S:FB P:nvUbdIzc 
    $887E:20 D7 8A  JSR $8AD7                                                      A:0A X:0C Y:00 S:FB P:nvUbdIzc 
      $8AD7:BD 32 03  LDA $0332,X @ $033E = #$08                                     A:0A X:0C Y:00 S:F9 P:nvUbdIzc 
      $8ADA:C9 55     CMP #$55                                                       A:08 X:0C Y:00 S:F9 P:nvUbdIzc 
      $8ADC:F0 C6     BEQ $8AA4                                                      A:08 X:0C Y:00 S:F9 P:NvUbdIzc 
      $8ADE:BD 12 03  LDA $0312,X @ $031E = #$04                                     A:08 X:0C Y:00 S:F9 P:NvUbdIzc 
      $8AE1:38        SEC                                                            A:04 X:0C Y:00 S:F9 P:nvUbdIzc 
      $8AE2:E9 10     SBC #$10                                                       A:04 X:0C Y:00 S:F9 P:nvUbdIzC 
      $8AE4:90 04     BCC $8AEA                                                      A:F4 X:0C Y:00 S:F9 P:NvUbdIzc 
      $8AEA:0A        ASL                                                            A:F4 X:0C Y:00 S:F9 P:NvUbdIzc 
      $8AEB:0A        ASL                                                            A:E8 X:0C Y:00 S:F9 P:NvUbdIzC 
      $8AEC:0A        ASL                                                            A:D0 X:0C Y:00 S:F9 P:NvUbdIzC 
      $8AED:0A        ASL                                                            A:A0 X:0C Y:00 S:F9 P:NvUbdIzC 
      $8AEE:85 39     STA $0039 = #$0A                                               A:40 X:0C Y:00 S:F9 P:nvUbdIzC 
      $8AF0:1D 12 03  ORA $0312,X @ $031E = #$04                                     A:40 X:0C Y:00 S:F9 P:nvUbdIzC 
      $8AF3:9D 12 03  STA $0312,X @ $031E = #$04                                     A:44 X:0C Y:00 S:F9 P:nvUbdIzC 
      $8AF6:BD 13 03  LDA $0313,X @ $031F = #$70                                     A:44 X:0C Y:00 S:F9 P:nvUbdIzC 
      $8AF9:85 37     STA $0037 = #$4A                                               A:70 X:0C Y:00 S:F9 P:nvUbdIzC 
      $8AFB:BD 14 03  LDA $0314,X @ $0320 = #$8F                                     A:70 X:0C Y:00 S:F9 P:nvUbdIzC 
      $8AFE:85 38     STA $0038 = #$A1                                               A:8F X:0C Y:00 S:F9 P:NvUbdIzC 
      $8B00:A0 00     LDY #$00                                                       A:8F X:0C Y:00 S:F9 P:NvUbdIzC 
      $8B02:B1 37     LDA ($37),Y @ $8F70 = #$E0                                     A:8F X:0C Y:00 S:F9 P:nvUbdIZC 
      $8B04:D0 11     BNE $8B17                                                      A:E0 X:0C Y:00 S:F9 P:NvUbdIzC 
      $8B17:C9 10     CMP #$10                                                       A:E0 X:0C Y:00 S:F9 P:NvUbdIzC 
      $8B19:90 4D     BCC $8B68                                                      A:E0 X:0C Y:00 S:F9 P:NvUbdIzC 
      $8B1B:4A        LSR                                                            A:E0 X:0C Y:00 S:F9 P:NvUbdIzC 
      $8B1C:4A        LSR                                                            A:70 X:0C Y:00 S:F9 P:nvUbdIzc 
      $8B1D:4A        LSR                                                            A:38 X:0C Y:00 S:F9 P:nvUbdIzc 
      $8B1E:4A        LSR                                                            A:1C X:0C Y:00 S:F9 P:nvUbdIzc 
      $8B1F:85 39     STA $0039 = #$40                                               A:0E X:0C Y:00 S:F9 P:nvUbdIzc 
      $8B21:BD 31 03  LDA $0331,X @ $033D = #$7F                                     A:0E X:0C Y:00 S:F9 P:nvUbdIzc 
      $8B24:29 F0     AND #$F0                                                       A:7F X:0C Y:00 S:F9 P:nvUbdIzc 
      $8B26:05 39     ORA $0039 = #$0E                                               A:70 X:0C Y:00 S:F9 P:nvUbdIzc 
      $8B28:9D 31 03  STA $0331,X @ $033D = #$7F                                     A:7E X:0C Y:00 S:F9 P:nvUbdIzc 
      $8B2B:9D 00 40  STA $4000,X @ $400C = #$7F                                     A:7E X:0C Y:00 S:F9 P:nvUbdIzc 
      $8B2E:BD 32 03  LDA $0332,X @ $033E = #$08                                     A:7E X:0C Y:00 S:F9 P:nvUbdIzc 
      $8B31:9D 01 40  STA $4001,X @ $400D = #$08                                     A:08 X:0C Y:00 S:F9 P:nvUbdIzc 
      $8B34:B1 37     LDA ($37),Y @ $8F70 = #$E0                                     A:08 X:0C Y:00 S:F9 P:nvUbdIzc 
      $8B36:29 07     AND #$07                                                       A:E0 X:0C Y:00 S:F9 P:NvUbdIzc 
      $8B38:85 39     STA $0039 = #$0E                                               A:00 X:0C Y:00 S:F9 P:nvUbdIZc 
      $8B3A:BD 34 03  LDA $0334,X @ $0340 = #$00                                     A:00 X:0C Y:00 S:F9 P:nvUbdIZc 
      $8B3D:29 07     AND #$07                                                       A:00 X:0C Y:00 S:F9 P:nvUbdIZc 
      $8B3F:C5 39     CMP $0039 = #$00                                               A:00 X:0C Y:00 S:F9 P:nvUbdIZc 
      $8B41:F0 0D     BEQ $8B50                                                      A:00 X:0C Y:00 S:F9 P:nvUbdIZC 
      $8B50:C8        INY                                                            A:00 X:0C Y:00 S:F9 P:nvUbdIZC 
      $8B51:B1 37     LDA ($37),Y @ $8F71 = #$0D                                     A:00 X:0C Y:01 S:F9 P:nvUbdIzC 
      $8B53:9D 33 03  STA $0333,X @ $033F = #$0C                                     A:0D X:0C Y:01 S:F9 P:nvUbdIzC 
      $8B56:9D 02 40  STA $4002,X @ $400E = #$0C                                     A:0D X:0C Y:01 S:F9 P:nvUbdIzC 
      $8B59:98        TYA                                                            A:0D X:0C Y:01 S:F9 P:nvUbdIzC 
      $8B5A:38        SEC                                                            A:01 X:0C Y:01 S:F9 P:nvUbdIzC 
      $8B5B:65 37     ADC $0037 = #$70                                               A:01 X:0C Y:01 S:F9 P:nvUbdIzC 
      $8B5D:9D 13 03  STA $0313,X @ $031F = #$70                                     A:72 X:0C Y:01 S:F9 P:nvUbdIzc 
      $8B60:A5 38     LDA $0038 = #$8F                                               A:72 X:0C Y:01 S:F9 P:nvUbdIzc 
      $8B62:69 00     ADC #$00                                                       A:8F X:0C Y:01 S:F9 P:NvUbdIzc 
      $8B64:9D 14 03  STA $0314,X @ $0320 = #$8F                                     A:8F X:0C Y:01 S:F9 P:NvUbdIzc 
      $8B67:60        RTS (from $8AD7) ----------------------------------------------A:8F X:0C Y:01 S:F9 P:NvUbdIzc 
    $8881:E8        INX                                                            A:8F X:0C Y:01 S:FB P:NvUbdIzc 
    $8882:E8        INX                                                            A:8F X:0D Y:01 S:FB P:nvUbdIzc 
    $8883:E8        INX                                                            A:8F X:0E Y:01 S:FB P:nvUbdIzc 
    $8884:E8        INX                                                            A:8F X:0F Y:01 S:FB P:nvUbdIzc 
    $8885:E0 10     CPX #$10                                                       A:8F X:10 Y:01 S:FB P:nvUbdIzc 
    $8887:90 E8     BCC $8871                                                      A:8F X:10 Y:01 S:FB P:nvUbdIZC 
    $8889:60        RTS (from $8865) ----------------------------------------------A:8F X:10 Y:01 S:FB P:nvUbdIZC 
  $FF91:A5 3E     LDA $003E = #$00                                               A:8F X:10 Y:01 S:FD P:nvUbdIZC 
  $FF93:A8        TAY                                                            A:00 X:10 Y:01 S:FD P:nvUbdIZC 
  $FF94:99 B3 FF  STA $FFB3,Y @ $FFB3 = #$00                                     A:00 X:10 Y:00 S:FD P:nvUbdIZC 
  $FF97:60        RTS (from $85B5) ----------------------------------------------A:00 X:10 Y:00 S:FD P:nvUbdIZC 
$83AA:A9 10     LDA #$10                                                       A:00 X:10 Y:00 S:FF P:nvUbdIZC 
$83AC:85 09     STA $0009 = #$90                                               A:10 X:10 Y:00 S:FF P:nvUbdIzC 
$83AE:09 80     ORA #$80                                                       A:10 X:10 Y:00 S:FF P:nvUbdIzC 
$83B0:8D 00 20  STA $2000 = #$10                                               A:90 X:10 Y:00 S:FF P:NvUbdIzC 
$83B3:A2 4B     LDX #$4B                                                       A:90 X:10 Y:00 S:FF P:NvUbdIzC 
$83B5:A0 03     LDY #$03                                                       A:90 X:4B Y:00 S:FF P:nvUbdIzC 
$83B7:20 CB FF  JSR $FFCB                                                      A:90 X:4B Y:03 S:FF P:nvUbdIzC 
  $FFCB:A9 00     LDA #$00                                                       A:90 X:4B Y:03 S:FD P:nvUbdIzC 
  $FFCD:09 00     ORA #$00                                                       A:00 X:4B Y:03 S:FD P:nvUbdIZC 
  $FFCF:85 2D     STA $002D = #$00                                               A:00 X:4B Y:03 S:FD P:nvUbdIZC 
  $FFD1:A5 13     LDA $0013 = #$06                                               A:00 X:4B Y:03 S:FD P:nvUbdIZC 
  $FFD3:48        PHA                                                            A:06 X:4B Y:03 S:FD P:nvUbdIzC 
   $FFD4:86 13     STX $0013 = #$06                                               A:06 X:4B Y:03 S:FC P:nvUbdIzC 
   $FFD6:B9 B3 FF  LDA $FFB3,Y @ $FFB6 = #$03                                     A:06 X:4B Y:03 S:FC P:nvUbdIzC 
   $FFD9:99 B3 FF  STA $FFB3,Y @ $FFB6 = #$03                                     A:03 X:4B Y:03 S:FC P:nvUbdIzC 
   $FFDC:20 00 80  JSR $8000                                                      A:03 X:4B Y:03 S:FC P:nvUbdIzC 
     $8000:6C 13 00  JMP ($0013) = $804B                                            A:03 X:4B Y:03 S:FA P:nvUbdIzC 
     $804B:4C 77 D1  JMP $D177                                                      A:03 X:4B Y:03 S:FA P:nvUbdIzC 
     $D177:A5 95     LDA $0095 = #$80                                               A:03 X:4B Y:03 S:FA P:nvUbdIzC 
     $D179:C9 83     CMP #$83                                                       A:80 X:4B Y:03 S:FA P:NvUbdIzC 
     $D17B:F0 04     BEQ $D181                                                      A:80 X:4B Y:03 S:FA P:NvUbdIzc 
     $D17D:C9 82     CMP #$82                                                       A:80 X:4B Y:03 S:FA P:NvUbdIzc 
     $D17F:D0 62     BNE $D1E3                                                      A:80 X:4B Y:03 S:FA P:NvUbdIzc 
     $D1E3:49 88     EOR #$88                                                       A:80 X:4B Y:03 S:FA P:NvUbdIzc 
     $D1E5:D0 14     BNE $D1FB                                                      A:08 X:4B Y:03 S:FA P:nvUbdIzc 
     $D1FB:60        RTS (from $8000) ----------------------------------------------A:08 X:4B Y:03 S:FA P:nvUbdIzc 
   $FFDF:A4 2D     LDY $002D = #$00                                               A:08 X:4B Y:03 S:FC P:nvUbdIzc 
   $FFE1:68        PLA                                                            A:08 X:4B Y:00 S:FC P:nvUbdIZc 
  $FFE2:85 13     STA $0013 = #$4B                                               A:06 X:4B Y:00 S:FD P:nvUbdIzc 
  $FFE4:B9 B3 FF  LDA $FFB3,Y @ $FFB3 = #$00                                     A:06 X:4B Y:00 S:FD P:nvUbdIzc 
  $FFE7:99 B3 FF  STA $FFB3,Y @ $FFB3 = #$00                                     A:00 X:4B Y:00 S:FD P:nvUbdIZc 
  $FFEA:60        RTS (from $FFCB) ----------------------------------------------A:00 X:4B Y:00 S:FD P:nvUbdIZc 
$83BA:A5 2B     LDA $002B = #$0F                                               A:00 X:4B Y:00 S:FF P:nvUbdIZc 
$83BC:05 2C     ORA $002C = #$0F                                               A:0F X:4B Y:00 S:FF P:nvUbdIzc 
$83BE:29 10     AND #$10                                                       A:0F X:4B Y:00 S:FF P:nvUbdIzc 
$83C0:F0 14     BEQ $83D6                                                      A:00 X:4B Y:00 S:FF P:nvUbdIZc 
$83D6:A5 F6     LDA $00F6 = #$00                                               A:00 X:4B Y:00 S:FF P:nvUbdIZc 
$83D8:F0 29     BEQ $8403                                                      A:00 X:4B Y:00 S:FF P:nvUbdIZc 
$8403:A5 EB     LDA $00EB = #$00                                               A:00 X:4B Y:00 S:FF P:nvUbdIZc 
$8405:C9 7E     CMP #$7E                                                       A:00 X:4B Y:00 S:FF P:nvUbdIZc 
$8407:90 22     BCC $842B                                                      A:00 X:4B Y:00 S:FF P:NvUbdIzc 
$842B:20 A3 87  JSR $87A3                                                      A:00 X:4B Y:00 S:FF P:NvUbdIzc 
  $87A3:A2 12     LDX #$12                                                       A:00 X:4B Y:00 S:FD P:NvUbdIzc 
  $87A5:A0 02     LDY #$02                                                       A:00 X:12 Y:00 S:FD P:nvUbdIzc 
  $87A7:4C CB FF  JMP $FFCB                                                      A:00 X:12 Y:02 S:FD P:nvUbdIzc 
  $FFCB:A9 00     LDA #$00                                                       A:00 X:12 Y:02 S:FD P:nvUbdIzc 
  $FFCD:09 00     ORA #$00                                                       A:00 X:12 Y:02 S:FD P:nvUbdIZc 
  $FFCF:85 2D     STA $002D = #$00                                               A:00 X:12 Y:02 S:FD P:nvUbdIZc 
  $FFD1:A5 13     LDA $0013 = #$06                                               A:00 X:12 Y:02 S:FD P:nvUbdIZc 
  $FFD3:48        PHA                                                            A:06 X:12 Y:02 S:FD P:nvUbdIzc 
   $FFD4:86 13     STX $0013 = #$06                                               A:06 X:12 Y:02 S:FC P:nvUbdIzc 
   $FFD6:B9 B3 FF  LDA $FFB3,Y @ $FFB5 = #$02                                     A:06 X:12 Y:02 S:FC P:nvUbdIzc 
   $FFD9:99 B3 FF  STA $FFB3,Y @ $FFB5 = #$02                                     A:02 X:12 Y:02 S:FC P:nvUbdIzc 
   $FFDC:20 00 80  JSR $8000                                                      A:02 X:12 Y:02 S:FC P:nvUbdIzc 
     $8000:6C 13 00  JMP ($0013) = $8012                                            A:02 X:12 Y:02 S:FA P:nvUbdIzc 
     $8012:4C 3F F2  JMP $F23F                                                      A:02 X:12 Y:02 S:FA P:nvUbdIzc 
     $F23F:A5 D2     LDA $00D2 = #$00                                               A:02 X:12 Y:02 S:FA P:nvUbdIzc 
     $F241:F0 0D     BEQ $F250                                                      A:00 X:12 Y:02 S:FA P:nvUbdIZc 
     $F250:A5 10     LDA $0010 = #$03                                               A:00 X:12 Y:02 S:FA P:nvUbdIZc 
     $F252:C9 02     CMP #$02                                                       A:03 X:12 Y:02 S:FA P:nvUbdIzc 
     $F254:D0 2E     BNE $F284                                                      A:03 X:12 Y:02 S:FA P:nvUbdIzC 
     $F284:C9 0C     CMP #$0C                                                       A:03 X:12 Y:02 S:FA P:nvUbdIzC 
     $F286:F0 08     BEQ $F290                                                      A:03 X:12 Y:02 S:FA P:NvUbdIzc 
     $F288:C9 06     CMP #$06                                                       A:03 X:12 Y:02 S:FA P:NvUbdIzc 
     $F28A:F0 04     BEQ $F290                                                      A:03 X:12 Y:02 S:FA P:NvUbdIzc 
     $F28C:C9 03     CMP #$03                                                       A:03 X:12 Y:02 S:FA P:NvUbdIzc 
     $F28E:D0 F1     BNE $F281                                                      A:03 X:12 Y:02 S:FA P:nvUbdIZC 
     $F290:A0 01     LDY #$01                                                       A:03 X:12 Y:02 S:FA P:nvUbdIZC 
     $F292:B9 C1 03  LDA $03C1,Y @ $03C2 = #$02                                     A:03 X:12 Y:01 S:FA P:nvUbdIzC 
     $F295:F0 07     BEQ $F29E                                                      A:02 X:12 Y:01 S:FA P:nvUbdIzC 
     $F297:B9 38 05  LDA $0538,Y @ $0539 = #$45                                     A:02 X:12 Y:01 S:FA P:nvUbdIzC 
     $F29A:29 40     AND #$40                                                       A:45 X:12 Y:01 S:FA P:nvUbdIzC 
     $F29C:F0 E3     BEQ $F281                                                      A:40 X:12 Y:01 S:FA P:nvUbdIzC 
     $F29E:88        DEY                                                            A:40 X:12 Y:01 S:FA P:nvUbdIzC 
     $F29F:10 F1     BPL $F292                                                      A:40 X:12 Y:00 S:FA P:nvUbdIZC 
     $F292:B9 C1 03  LDA $03C1,Y @ $03C1 = #$01                                     A:40 X:12 Y:00 S:FA P:nvUbdIZC 
     $F295:F0 07     BEQ $F29E                                                      A:01 X:12 Y:00 S:FA P:nvUbdIzC 
     $F297:B9 38 05  LDA $0538,Y @ $0538 = #$00                                     A:01 X:12 Y:00 S:FA P:nvUbdIzC 
     $F29A:29 40     AND #$40                                                       A:00 X:12 Y:00 S:FA P:nvUbdIZC 
     $F29C:F0 E3     BEQ $F281                                                      A:00 X:12 Y:00 S:FA P:nvUbdIZC 
     $F281:4C 78 F3  JMP $F378                                                      A:00 X:12 Y:00 S:FA P:nvUbdIZC 
     $F378:A5 C8     LDA $00C8 = #$00                                               A:00 X:12 Y:00 S:FA P:nvUbdIZC 
     $F37A:D0 F9     BNE $F375                                                      A:00 X:12 Y:00 S:FA P:nvUbdIZC 
     $F37C:A5 D1     LDA $00D1 = #$00                                               A:00 X:12 Y:00 S:FA P:nvUbdIZC 
     $F37E:F0 4B     BEQ $F3CB                                                      A:00 X:12 Y:00 S:FA P:nvUbdIZC 
     $F3CB:A5 10     LDA $0010 = #$03                                               A:00 X:12 Y:00 S:FA P:nvUbdIZC 
     $F3CD:C9 05     CMP #$05                                                       A:03 X:12 Y:00 S:FA P:nvUbdIzC 
     $F3CF:D0 3E     BNE $F40F                                                      A:03 X:12 Y:00 S:FA P:NvUbdIzc 
     $F40F:A5 B2     LDA $00B2 = #$1E                                               A:03 X:12 Y:00 S:FA P:NvUbdIzc 
     $F411:F0 06     BEQ $F419                                                      A:1E X:12 Y:00 S:FA P:nvUbdIzc 
     $F413:C6 B2     DEC $00B2 = #$1E                                               A:1E X:12 Y:00 S:FA P:nvUbdIzc 
     $F415:C9 1E     CMP #$1E                                                       A:1E X:12 Y:00 S:FA P:nvUbdIzc 
     $F417:F0 F3     BEQ $F40C                                                      A:1E X:12 Y:00 S:FA P:nvUbdIZC 
     $F40C:4C D3 F5  JMP $F5D3                                                      A:1E X:12 Y:00 S:FA P:nvUbdIZC 
     $F5D3:A5 10     LDA $0010 = #$03                                               A:1E X:12 Y:00 S:FA P:nvUbdIZC 
     $F5D5:C9 02     CMP #$02                                                       A:03 X:12 Y:00 S:FA P:nvUbdIzC 
     $F5D7:F0 22     BEQ $F5FB                                                      A:03 X:12 Y:00 S:FA P:nvUbdIzC 
     $F5D9:C9 05     CMP #$05                                                       A:03 X:12 Y:00 S:FA P:nvUbdIzC 
     $F5DB:F0 1E     BEQ $F5FB                                                      A:03 X:12 Y:00 S:FA P:NvUbdIzc 
     $F5DD:C9 07     CMP #$07                                                       A:03 X:12 Y:00 S:FA P:NvUbdIzc 
     $F5DF:F0 1A     BEQ $F5FB                                                      A:03 X:12 Y:00 S:FA P:NvUbdIzc 
     $F5E1:C9 09     CMP #$09                                                       A:03 X:12 Y:00 S:FA P:NvUbdIzc 
     $F5E3:F0 16     BEQ $F5FB                                                      A:03 X:12 Y:00 S:FA P:NvUbdIzc 
     $F5E5:C9 04     CMP #$04                                                       A:03 X:12 Y:00 S:FA P:NvUbdIzc 
     $F5E7:F0 12     BEQ $F5FB                                                      A:03 X:12 Y:00 S:FA P:NvUbdIzc 
     $F5E9:C9 0A     CMP #$0A                                                       A:03 X:12 Y:00 S:FA P:NvUbdIzc 
     $F5EB:F0 0E     BEQ $F5FB                                                      A:03 X:12 Y:00 S:FA P:NvUbdIzc 
     $F5ED:C9 0B     CMP #$0B                                                       A:03 X:12 Y:00 S:FA P:NvUbdIzc 
     $F5EF:F0 0A     BEQ $F5FB                                                      A:03 X:12 Y:00 S:FA P:NvUbdIzc 
     $F5F1:C9 08     CMP #$08                                                       A:03 X:12 Y:00 S:FA P:NvUbdIzc 
     $F5F3:F0 06     BEQ $F5FB                                                      A:03 X:12 Y:00 S:FA P:NvUbdIzc 
     $F5F5:20 6F F7  JSR $F76F                                                      A:03 X:12 Y:00 S:FA P:NvUbdIzc 
       $F76F:A4 B0     LDY $00B0 = #$00                                               A:03 X:12 Y:00 S:F8 P:NvUbdIzc 
       $F771:A5 10     LDA $0010 = #$03                                               A:03 X:12 Y:00 S:F8 P:nvUbdIZc 
       $F773:C9 0C     CMP #$0C                                                       A:03 X:12 Y:00 S:F8 P:nvUbdIzc 
       $F775:F0 F0     BEQ $F767                                                      A:03 X:12 Y:00 S:F8 P:NvUbdIzc 
       $F777:C9 02     CMP #$02                                                       A:03 X:12 Y:00 S:F8 P:NvUbdIzc 
       $F779:B0 17     BCS $F792                                                      A:03 X:12 Y:00 S:F8 P:nvUbdIzC 
       $F792:60        RTS (from $F76F) ----------------------------------------------A:03 X:12 Y:00 S:F8 P:nvUbdIzC 
     $F5F8:20 A6 F7  JSR $F7A6                                                      A:03 X:12 Y:00 S:FA P:nvUbdIzC 
       $F7A6:A5 C8     LDA $00C8 = #$00                                               A:03 X:12 Y:00 S:F8 P:nvUbdIzC 
       $F7A8:F0 0C     BEQ $F7B6                                                      A:00 X:12 Y:00 S:F8 P:nvUbdIZC 
       $F7B6:A5 89     LDA $0089 = #$F0                                               A:00 X:12 Y:00 S:F8 P:nvUbdIZC 
       $F7B8:38        SEC                                                            A:F0 X:12 Y:00 S:F8 P:NvUbdIzC 
       $F7B9:E5 B1     SBC $00B1 = #$F0                                               A:F0 X:12 Y:00 S:F8 P:NvUbdIzC 
       $F7BB:F0 33     BEQ $F7F0                                                      A:00 X:12 Y:00 S:F8 P:nvUbdIZC 
       $F7F0:60        RTS (from $F7A6) ----------------------------------------------A:00 X:12 Y:00 S:F8 P:nvUbdIZC 
     $F5FB:60        RTS (from $8000) ----------------------------------------------A:00 X:12 Y:00 S:FA P:nvUbdIZC 
   $FFDF:A4 2D     LDY $002D = #$00                                               A:00 X:12 Y:00 S:FC P:nvUbdIZC 
   $FFE1:68        PLA                                                            A:00 X:12 Y:00 S:FC P:nvUbdIZC 
  $FFE2:85 13     STA $0013 = #$12                                               A:06 X:12 Y:00 S:FD P:nvUbdIzC 
  $FFE4:B9 B3 FF  LDA $FFB3,Y @ $FFB3 = #$00                                     A:06 X:12 Y:00 S:FD P:nvUbdIzC 
  $FFE7:99 B3 FF  STA $FFB3,Y @ $FFB3 = #$00                                     A:00 X:12 Y:00 S:FD P:nvUbdIZC 
  $FFEA:60        RTS (from $87A3) ----------------------------------------------A:00 X:12 Y:00 S:FD P:nvUbdIZC 
$842E:20 51 FE  JSR $FE51                                                      A:00 X:12 Y:00 S:FF P:nvUbdIZC 
  $FE51:A2 1E     LDX #$1E                                                       A:00 X:12 Y:00 S:FD P:nvUbdIZC 
  $FE53:A0 03     LDY #$03                                                       A:00 X:1E Y:00 S:FD P:nvUbdIzC 
  $FE55:4C CB FF  JMP $FFCB                                                      A:00 X:1E Y:03 S:FD P:nvUbdIzC 
  $FFCB:A9 00     LDA #$00                                                       A:00 X:1E Y:03 S:FD P:nvUbdIzC 
  $FFCD:09 00     ORA #$00                                                       A:00 X:1E Y:03 S:FD P:nvUbdIZC 
  $FFCF:85 2D     STA $002D = #$00                                               A:00 X:1E Y:03 S:FD P:nvUbdIZC 
  $FFD1:A5 13     LDA $0013 = #$06                                               A:00 X:1E Y:03 S:FD P:nvUbdIZC 
  $FFD3:48        PHA                                                            A:06 X:1E Y:03 S:FD P:nvUbdIzC 
   $FFD4:86 13     STX $0013 = #$06                                               A:06 X:1E Y:03 S:FC P:nvUbdIzC 
   $FFD6:B9 B3 FF  LDA $FFB3,Y @ $FFB6 = #$03                                     A:06 X:1E Y:03 S:FC P:nvUbdIzC 
   $FFD9:99 B3 FF  STA $FFB3,Y @ $FFB6 = #$03                                     A:03 X:1E Y:03 S:FC P:nvUbdIzC 
   $FFDC:20 00 80  JSR $8000                                                      A:03 X:1E Y:03 S:FC P:nvUbdIzC 
     $8000:6C 13 00  JMP ($0013) = $801E                                            A:03 X:1E Y:03 S:FA P:nvUbdIzC 
     $801E:4C C0 D2  JMP $D2C0                                                      A:03 X:1E Y:03 S:FA P:nvUbdIzC 
     $D2C0:A0 00     LDY #$00                                                       A:03 X:1E Y:03 S:FA P:nvUbdIzC 
     $D2C2:B1 B7     LDA ($B7),Y @ $0084 = #$63                                     A:03 X:1E Y:00 S:FA P:nvUbdIZC 
     $D2C4:C9 FF     CMP #$FF                                                       A:63 X:1E Y:00 S:FA P:nvUbdIzC 
     $D2C6:D0 0B     BNE $D2D3                                                      A:63 X:1E Y:00 S:FA P:nvUbdIzc 
     $D2D3:C9 FE     CMP #$FE                                                       A:63 X:1E Y:00 S:FA P:nvUbdIzc 
     $D2D5:F0 E8     BEQ $D2BF                                                      A:63 X:1E Y:00 S:FA P:nvUbdIzc 
     $D2D7:A0 02     LDY #$02                                                       A:63 X:1E Y:00 S:FA P:nvUbdIzc 
     $D2D9:A5 10     LDA $0010 = #$03                                               A:63 X:1E Y:02 S:FA P:nvUbdIzc 
     $D2DB:C9 0B     CMP #$0B                                                       A:03 X:1E Y:02 S:FA P:nvUbdIzc 
     $D2DD:F0 04     BEQ $D2E3                                                      A:03 X:1E Y:02 S:FA P:NvUbdIzc 
     $D2DF:C9 04     CMP #$04                                                       A:03 X:1E Y:02 S:FA P:NvUbdIzc 
     $D2E1:D0 1B     BNE $D2FE                                                      A:03 X:1E Y:02 S:FA P:NvUbdIzc 
     $D2FE:C9 07     CMP #$07                                                       A:03 X:1E Y:02 S:FA P:NvUbdIzc 
     $D300:F0 04     BEQ $D306                                                      A:03 X:1E Y:02 S:FA P:NvUbdIzc 
     $D302:C9 05     CMP #$05                                                       A:03 X:1E Y:02 S:FA P:NvUbdIzc 
     $D304:D0 0D     BNE $D313                                                      A:03 X:1E Y:02 S:FA P:NvUbdIzc 
     $D313:C9 09     CMP #$09                                                       A:03 X:1E Y:02 S:FA P:NvUbdIzc 
     $D315:F0 04     BEQ $D31B                                                      A:03 X:1E Y:02 S:FA P:NvUbdIzc 
     $D317:C9 02     CMP #$02                                                       A:03 X:1E Y:02 S:FA P:NvUbdIzc 
     $D319:D0 09     BNE $D324                                                      A:03 X:1E Y:02 S:FA P:nvUbdIzC 
     $D324:A6 88     LDX $0088 = #$FF                                               A:03 X:1E Y:02 S:FA P:nvUbdIzC 
     $D326:A5 87     LDA $0087 = #$DF                                               A:03 X:FF Y:02 S:FA P:NvUbdIzC 
     $D328:38        SEC                                                            A:DF X:FF Y:02 S:FA P:NvUbdIzC 
     $D329:F1 B7     SBC ($B7),Y @ $0086 = #$80                                     A:DF X:FF Y:02 S:FA P:NvUbdIzC 
     $D32B:88        DEY                                                            A:5F X:FF Y:02 S:FA P:nvUbdIzC 
     $D32C:8A        TXA                                                            A:5F X:FF Y:01 S:FA P:nvUbdIzC 
     $D32D:F1 B7     SBC ($B7),Y @ $0085 = #$31                                     A:FF X:FF Y:01 S:FA P:NvUbdIzC 
     $D32F:90 60     BCC $D391                                                      A:CE X:FF Y:01 S:FA P:NvUbdIzC 
     $D331:88        DEY                                                            A:CE X:FF Y:01 S:FA P:NvUbdIzC 
     $D332:B1 B7     LDA ($B7),Y @ $0084 = #$63                                     A:CE X:FF Y:00 S:FA P:nvUbdIZC 
     $D334:C9 03     CMP #$03                                                       A:63 X:FF Y:00 S:FA P:nvUbdIzC 
     $D336:B0 08     BCS $D340                                                      A:63 X:FF Y:00 S:FA P:nvUbdIzC 
     $D340:20 38 FF  JSR $FF38                                                      A:63 X:FF Y:00 S:FA P:nvUbdIzC 
       $FF38:A2 02     LDX #$02                                                       A:63 X:FF Y:00 S:F8 P:nvUbdIzC 
       $FF3A:BD C1 03  LDA $03C1,X @ $03C3 = #$82                                     A:63 X:02 Y:00 S:F8 P:nvUbdIzC 
       $FF3D:F0 06     BEQ $FF45                                                      A:82 X:02 Y:00 S:F8 P:NvUbdIzC 
       $FF3F:E8        INX                                                            A:82 X:02 Y:00 S:F8 P:NvUbdIzC 
       $FF40:E0 0F     CPX #$0F                                                       A:82 X:03 Y:00 S:F8 P:nvUbdIzC 
       $FF42:D0 F6     BNE $FF3A                                                      A:82 X:03 Y:00 S:F8 P:NvUbdIzc 
       $FF3A:BD C1 03  LDA $03C1,X @ $03C4 = #$04                                     A:82 X:03 Y:00 S:F8 P:NvUbdIzc 
       $FF3D:F0 06     BEQ $FF45                                                      A:04 X:03 Y:00 S:F8 P:nvUbdIzc 
       $FF3F:E8        INX                                                            A:04 X:03 Y:00 S:F8 P:nvUbdIzc 
       $FF40:E0 0F     CPX #$0F                                                       A:04 X:04 Y:00 S:F8 P:nvUbdIzc 
       $FF42:D0 F6     BNE $FF3A                                                      A:04 X:04 Y:00 S:F8 P:NvUbdIzc 
       $FF3A:BD C1 03  LDA $03C1,X @ $03C5 = #$08                                     A:04 X:04 Y:00 S:F8 P:NvUbdIzc 
       $FF3D:F0 06     BEQ $FF45                                                      A:08 X:04 Y:00 S:F8 P:nvUbdIzc 
       $FF3F:E8        INX                                                            A:08 X:04 Y:00 S:F8 P:nvUbdIzc 
       $FF40:E0 0F     CPX #$0F                                                       A:08 X:05 Y:00 S:F8 P:nvUbdIzc 
       $FF42:D0 F6     BNE $FF3A                                                      A:08 X:05 Y:00 S:F8 P:NvUbdIzc 
       $FF3A:BD C1 03  LDA $03C1,X @ $03C6 = #$00                                     A:08 X:05 Y:00 S:F8 P:NvUbdIzc 
       $FF3D:F0 06     BEQ $FF45                                                      A:00 X:05 Y:00 S:F8 P:nvUbdIZc 
       $FF45:60        RTS (from $FF38) ----------------------------------------------A:00 X:05 Y:00 S:F8 P:nvUbdIZc 
     $D343:D0 4C     BNE $D391                                                      A:00 X:05 Y:00 S:FA P:nvUbdIZc 
     $D345:A0 00     LDY #$00                                                       A:00 X:05 Y:00 S:FA P:nvUbdIZc 
     $D347:B1 B7     LDA ($B7),Y @ $0084 = #$63                                     A:00 X:05 Y:00 S:FA P:nvUbdIZc 
     $D349:9D C1 03  STA $03C1,X @ $03C6 = #$00                                     A:63 X:05 Y:00 S:FA P:nvUbdIzc 
     $D34C:A0 03     LDY #$03                                                       A:63 X:05 Y:00 S:FA P:nvUbdIzc 
     $D34E:B1 B7     LDA ($B7),Y @ $0087 = #$DF                                     A:63 X:05 Y:03 S:FA P:nvUbdIzc 
     $D350:9D EE 03  STA $03EE,X @ $03F3 = #$4A                                     A:DF X:05 Y:03 S:FA P:NvUbdIzc 
     $D353:C8        INY                                                            A:DF X:05 Y:03 S:FA P:NvUbdIzc 
     $D354:B1 B7     LDA ($B7),Y @ $0088 = #$FF                                     A:DF X:05 Y:04 S:FA P:nvUbdIzc 
     $D356:9D FD 03  STA $03FD,X @ $0402 = #$B1                                     A:FF X:05 Y:04 S:FA P:NvUbdIzc 
     $D359:C8        INY                                                            A:FF X:05 Y:04 S:FA P:NvUbdIzc 
     $D35A:B1 B7     LDA ($B7),Y @ $0089 = #$F0                                     A:FF X:05 Y:05 S:FA P:nvUbdIzc 
     $D35C:9D 0C 04  STA $040C,X @ $0411 = #$00                                     A:F0 X:05 Y:05 S:FA P:NvUbdIzc 
     $D35F:C8        INY                                                            A:F0 X:05 Y:05 S:FA P:NvUbdIzc 
     $D360:B1 B7     LDA ($B7),Y @ $008A = #$FF                                     A:F0 X:05 Y:06 S:FA P:nvUbdIzc 
     $D362:9D 1B 04  STA $041B,X @ $0420 = #$08                                     A:FF X:05 Y:06 S:FA P:NvUbdIzc 
     $D365:C8        INY                                                            A:FF X:05 Y:06 S:FA P:NvUbdIzc 
     $D366:B1 B7     LDA ($B7),Y @ $008B = #$00                                     A:FF X:05 Y:07 S:FA P:nvUbdIzc 
     $D368:9D 2A 04  STA $042A,X @ $042F = #$06                                     A:00 X:05 Y:07 S:FA P:nvUbdIZc 
     $D36B:C8        INY                                                            A:00 X:05 Y:07 S:FA P:nvUbdIZc 
     $D36C:B1 B7     LDA ($B7),Y @ $008C = #$10                                     A:00 X:05 Y:08 S:FA P:nvUbdIzc 
     $D36E:9D 39 04  STA $0439,X @ $043E = #$A0                                     A:10 X:05 Y:08 S:FA P:nvUbdIzc 
     $D371:C8        INY                                                            A:10 X:05 Y:08 S:FA P:nvUbdIzc 
     $D372:B1 B7     LDA ($B7),Y @ $008D = #$C0                                     A:10 X:05 Y:09 S:FA P:nvUbdIzc 
     $D374:9D 83 05  STA $0583,X @ $0588 = #$00                                     A:C0 X:05 Y:09 S:FA P:NvUbdIzc 
     $D377:C8        INY                                                            A:C0 X:05 Y:09 S:FA P:NvUbdIzc 
     $D378:B1 B7     LDA ($B7),Y @ $008E = #$00                                     A:C0 X:05 Y:0A S:FA P:nvUbdIzc 
     $D37A:29 03     AND #$03                                                       A:00 X:05 Y:0A S:FA P:nvUbdIZc 
     $D37C:9D A2 04  STA $04A2,X @ $04A7 = #$8A                                     A:00 X:05 Y:0A S:FA P:nvUbdIZc 
     $D37F:B1 B7     LDA ($B7),Y @ $008E = #$00                                     A:00 X:05 Y:0A S:FA P:nvUbdIZc 
     $D381:09 0F     ORA #$0F                                                       A:00 X:05 Y:0A S:FA P:nvUbdIZc 
     $D383:9D 1A 05  STA $051A,X @ $051F = #$8F                                     A:0F X:05 Y:0A S:FA P:nvUbdIzc 
     $D386:A9 0B     LDA #$0B                                                       A:0F X:05 Y:0A S:FA P:nvUbdIzc 
     $D388:18        CLC                                                            A:0B X:05 Y:0A S:FA P:nvUbdIzc 
     $D389:65 B7     ADC $00B7 = #$84                                               A:0B X:05 Y:0A S:FA P:nvUbdIzc 
     $D38B:85 B7     STA $00B7 = #$84                                               A:8F X:05 Y:0A S:FA P:NvUbdIzc 
     $D38D:90 02     BCC $D391                                                      A:8F X:05 Y:0A S:FA P:NvUbdIzc 
     $D391:60        RTS (from $8000) ----------------------------------------------A:8F X:05 Y:0A S:FA P:NvUbdIzc 
   $FFDF:A4 2D     LDY $002D = #$00                                               A:8F X:05 Y:0A S:FC P:NvUbdIzc 
   $FFE1:68        PLA                                                            A:8F X:05 Y:00 S:FC P:nvUbdIZc 
  $FFE2:85 13     STA $0013 = #$1E                                               A:06 X:05 Y:00 S:FD P:nvUbdIzc 
  $FFE4:B9 B3 FF  LDA $FFB3,Y @ $FFB3 = #$00                                     A:06 X:05 Y:00 S:FD P:nvUbdIzc 
  $FFE7:99 B3 FF  STA $FFB3,Y @ $FFB3 = #$00                                     A:00 X:05 Y:00 S:FD P:nvUbdIZc 
  $FFEA:60        RTS (from $FE51) ----------------------------------------------A:00 X:05 Y:00 S:FD P:nvUbdIZc 
$8431:A9 00     LDA #$00                                                       A:00 X:05 Y:00 S:FF P:nvUbdIZc 
$8433:85 B6     STA $00B6 = #$00                                               A:00 X:05 Y:00 S:FF P:nvUbdIZc 
$8435:A5 10     LDA $0010 = #$03                                               A:00 X:05 Y:00 S:FF P:nvUbdIZc 
$8437:C9 08     CMP #$08                                                       A:03 X:05 Y:00 S:FF P:nvUbdIzc 
$8439:F0 19     BEQ $8454                                                      A:03 X:05 Y:00 S:FF P:NvUbdIzc 
$843B:A5 E3     LDA $00E3 = #$00                                               A:03 X:05 Y:00 S:FF P:NvUbdIzc 
$843D:D0 15     BNE $8454                                                      A:00 X:05 Y:00 S:FF P:nvUbdIZc 
$843F:A5 10     LDA $0010 = #$03                                               A:00 X:05 Y:00 S:FF P:nvUbdIZc 
$8441:C9 06     CMP #$06                                                       A:03 X:05 Y:00 S:FF P:nvUbdIzc 
$8443:D0 0C     BNE $8451                                                      A:03 X:05 Y:00 S:FF P:NvUbdIzc 
$8451:20 57 87  JSR $8757                                                      A:03 X:05 Y:00 S:FF P:NvUbdIzc 
  $8757:A2 03     LDX #$03                                                       A:03 X:05 Y:00 S:FD P:NvUbdIzc 
  $8759:A0 05     LDY #$05                                                       A:03 X:03 Y:00 S:FD P:nvUbdIzc 
  $875B:4C CB FF  JMP $FFCB                                                      A:03 X:03 Y:05 S:FD P:nvUbdIzc 
  $FFCB:A9 00     LDA #$00                                                       A:03 X:03 Y:05 S:FD P:nvUbdIzc 
  $FFCD:09 00     ORA #$00                                                       A:00 X:03 Y:05 S:FD P:nvUbdIZc 
  $FFCF:85 2D     STA $002D = #$00                                               A:00 X:03 Y:05 S:FD P:nvUbdIZc 
  $FFD1:A5 13     LDA $0013 = #$06                                               A:00 X:03 Y:05 S:FD P:nvUbdIZc 
  $FFD3:48        PHA                                                            A:06 X:03 Y:05 S:FD P:nvUbdIzc 
   $FFD4:86 13     STX $0013 = #$06                                               A:06 X:03 Y:05 S:FC P:nvUbdIzc 
   $FFD6:B9 B3 FF  LDA $FFB3,Y @ $FFB8 = #$05                                     A:06 X:03 Y:05 S:FC P:nvUbdIzc 
   $FFD9:99 B3 FF  STA $FFB3,Y @ $FFB8 = #$05                                     A:05 X:03 Y:05 S:FC P:nvUbdIzc 
   $FFDC:20 00 80  JSR $8000                                                      A:05 X:03 Y:05 S:FC P:nvUbdIzc 
     $8000:6C 13 00  JMP ($0013) = $8003                                            A:05 X:03 Y:05 S:FA P:nvUbdIzc 
     $8003:4C 6F 83  JMP $836F                                                      A:05 X:03 Y:05 S:FA P:nvUbdIzc 
     $836F:A9 00     LDA #$00                                                       A:05 X:03 Y:05 S:FA P:nvUbdIzc 
     $8371:85 B6     STA $00B6 = #$00                                               A:00 X:03 Y:05 S:FA P:nvUbdIZc 
     $8373:A5 87     LDA $0087 = #$DF                                               A:00 X:03 Y:05 S:FA P:nvUbdIZc 
     $8375:AA        TAX                                                            A:DF X:03 Y:05 S:FA P:NvUbdIzc 
     $8376:45 93     EOR $0093 = #$DF                                               A:DF X:DF Y:05 S:FA P:NvUbdIzc 
     $8378:29 F8     AND #$F8                                                       A:00 X:DF Y:05 S:FA P:nvUbdIZc 
     $837A:F0 0B     BEQ $8387                                                      A:00 X:DF Y:05 S:FA P:nvUbdIZc 
     $8387:A5 89     LDA $0089 = #$F0                                               A:00 X:DF Y:05 S:FA P:nvUbdIZc 
     $8389:AA        TAX                                                            A:F0 X:DF Y:05 S:FA P:NvUbdIzc 
     $838A:45 94     EOR $0094 = #$F0                                               A:F0 X:F0 Y:05 S:FA P:NvUbdIzc 
     $838C:29 F8     AND #$F8                                                       A:00 X:F0 Y:05 S:FA P:nvUbdIZc 
     $838E:F0 CD     BEQ $835D                                                      A:00 X:F0 Y:05 S:FA P:nvUbdIZc 
     $835D:A5 EF     LDA $00EF = #$00                                               A:00 X:F0 Y:05 S:FA P:nvUbdIZc 
     $835F:F0 0D     BEQ $836E                                                      A:00 X:F0 Y:05 S:FA P:nvUbdIZc 
     $836E:60        RTS (from $8000) ----------------------------------------------A:00 X:F0 Y:05 S:FA P:nvUbdIZc 
   $FFDF:A4 2D     LDY $002D = #$00                                               A:00 X:F0 Y:05 S:FC P:nvUbdIZc 
   $FFE1:68        PLA                                                            A:00 X:F0 Y:00 S:FC P:nvUbdIZc 
  $FFE2:85 13     STA $0013 = #$03                                               A:06 X:F0 Y:00 S:FD P:nvUbdIzc 
  $FFE4:B9 B3 FF  LDA $FFB3,Y @ $FFB3 = #$00                                     A:06 X:F0 Y:00 S:FD P:nvUbdIzc 
  $FFE7:99 B3 FF  STA $FFB3,Y @ $FFB3 = #$00                                     A:00 X:F0 Y:00 S:FD P:nvUbdIZc 
  $FFEA:60        RTS (from $8757) ----------------------------------------------A:00 X:F0 Y:00 S:FD P:nvUbdIZc 
$8454:A2 45     LDX #$45                                                       A:00 X:F0 Y:00 S:FF P:nvUbdIZc 
$8456:A0 03     LDY #$03                                                       A:00 X:45 Y:00 S:FF P:nvUbdIzc 
$8458:20 CB FF  JSR $FFCB                                                      A:00 X:45 Y:03 S:FF P:nvUbdIzc 
  $FFCB:A9 00     LDA #$00                                                       A:00 X:45 Y:03 S:FD P:nvUbdIzc 
  $FFCD:09 00     ORA #$00                                                       A:00 X:45 Y:03 S:FD P:nvUbdIZc 
  $FFCF:85 2D     STA $002D = #$00                                               A:00 X:45 Y:03 S:FD P:nvUbdIZc 
  $FFD1:A5 13     LDA $0013 = #$06                                               A:00 X:45 Y:03 S:FD P:nvUbdIZc 
  $FFD3:48        PHA                                                            A:06 X:45 Y:03 S:FD P:nvUbdIzc 
   $FFD4:86 13     STX $0013 = #$06                                               A:06 X:45 Y:03 S:FC P:nvUbdIzc 
   $FFD6:B9 B3 FF  LDA $FFB3,Y @ $FFB6 = #$03                                     A:06 X:45 Y:03 S:FC P:nvUbdIzc 
   $FFD9:99 B3 FF  STA $FFB3,Y @ $FFB6 = #$03                                     A:03 X:45 Y:03 S:FC P:nvUbdIzc 
   $FFDC:20 00 80  JSR $8000                                                      A:03 X:45 Y:03 S:FC P:nvUbdIzc 
     $8000:6C 13 00  JMP ($0013) = $8045                                            A:03 X:45 Y:03 S:FA P:nvUbdIzc 
     $8045:4C 44 D1  JMP $D144                                                      A:03 X:45 Y:03 S:FA P:nvUbdIzc 
     $D144:A6 10     LDX $0010 = #$03                                               A:03 X:45 Y:03 S:FA P:nvUbdIzc 
     $D146:A5 F5     LDA $00F5 = #$00                                               A:03 X:03 Y:03 S:FA P:nvUbdIzc 
     $D148:F0 02     BEQ $D14C                                                      A:00 X:03 Y:03 S:FA P:nvUbdIZc 
     $D14C:18        CLC                                                            A:00 X:03 Y:03 S:FA P:nvUbdIZc 
     $D14D:7D 36 D1  ADC $D136,X @ $D139 = #$23                                     A:00 X:03 Y:03 S:FA P:nvUbdIZc 
     $D150:18        CLC                                                            A:23 X:03 Y:03 S:FA P:nvUbdIzc 
     $D151:65 83     ADC $0083 = #$40                                               A:23 X:03 Y:03 S:FA P:nvUbdIzc 
     $D153:B0 04     BCS $D159                                                      A:63 X:03 Y:03 S:FA P:nvUbdIzc 
     $D155:C9 F0     CMP #$F0                                                       A:63 X:03 Y:03 S:FA P:nvUbdIzc 
     $D157:90 02     BCC $D15B                                                      A:63 X:03 Y:03 S:FA P:nvUbdIzc 
     $D15B:85 84     STA $0084 = #$63                                               A:63 X:03 Y:03 S:FA P:nvUbdIzc 
     $D15D:A5 95     LDA $0095 = #$80                                               A:63 X:03 Y:03 S:FA P:nvUbdIzc 
     $D15F:C9 80     CMP #$80                                                       A:80 X:03 Y:03 S:FA P:NvUbdIzc 
     $D161:D0 14     BNE $D177                                                      A:80 X:03 Y:03 S:FA P:nvUbdIZC 
     $D163:A5 96     LDA $0096 = #$00                                               A:80 X:03 Y:03 S:FA P:nvUbdIZC 
     $D165:F0 02     BEQ $D169                                                      A:00 X:03 Y:03 S:FA P:nvUbdIZC 
     $D169:E5 84     SBC $0084 = #$63                                               A:00 X:03 Y:03 S:FA P:nvUbdIZC 
     $D16B:C9 D0     CMP #$D0                                                       A:9D X:03 Y:03 S:FA P:NvUbdIzc 
     $D16D:90 08     BCC $D177                                                      A:9D X:03 Y:03 S:FA P:NvUbdIzc 
     $D177:A5 95     LDA $0095 = #$80                                               A:9D X:03 Y:03 S:FA P:NvUbdIzc 
     $D179:C9 83     CMP #$83                                                       A:80 X:03 Y:03 S:FA P:NvUbdIzc 
     $D17B:F0 04     BEQ $D181                                                      A:80 X:03 Y:03 S:FA P:NvUbdIzc 
     $D17D:C9 82     CMP #$82                                                       A:80 X:03 Y:03 S:FA P:NvUbdIzc 
     $D17F:D0 62     BNE $D1E3                                                      A:80 X:03 Y:03 S:FA P:NvUbdIzc 
     $D1E3:49 88     EOR #$88                                                       A:80 X:03 Y:03 S:FA P:NvUbdIzc 
     $D1E5:D0 14     BNE $D1FB                                                      A:08 X:03 Y:03 S:FA P:nvUbdIzc 
     $D1FB:60        RTS (from $8000) ----------------------------------------------A:08 X:03 Y:03 S:FA P:nvUbdIzc 
   $FFDF:A4 2D     LDY $002D = #$00                                               A:08 X:03 Y:03 S:FC P:nvUbdIzc 
   $FFE1:68        PLA                                                            A:08 X:03 Y:00 S:FC P:nvUbdIZc 
  $FFE2:85 13     STA $0013 = #$45                                               A:06 X:03 Y:00 S:FD P:nvUbdIzc 
  $FFE4:B9 B3 FF  LDA $FFB3,Y @ $FFB3 = #$00                                     A:06 X:03 Y:00 S:FD P:nvUbdIzc 
  $FFE7:99 B3 FF  STA $FFB3,Y @ $FFB3 = #$00                                     A:00 X:03 Y:00 S:FD P:nvUbdIZc 
  $FFEA:60        RTS (from $FFCB) ----------------------------------------------A:00 X:03 Y:00 S:FD P:nvUbdIZc 
$845B:20 C2 87  JSR $87C2                                                      A:00 X:03 Y:00 S:FF P:nvUbdIZc 
  $87C2:A2 00     LDX #$00                                                       A:00 X:03 Y:00 S:FD P:nvUbdIZc 
  $87C4:86 82     STX $0082 = #$0E                                               A:00 X:00 Y:00 S:FD P:nvUbdIZc 
  $87C6:BD C1 03  LDA $03C1,X @ $03C1 = #$01                                     A:00 X:00 Y:00 S:FD P:nvUbdIZc 
  $87C9:D0 08     BNE $87D3                                                      A:01 X:00 Y:00 S:FD P:nvUbdIzc 
  $87D3:0A        ASL                                                            A:01 X:00 Y:00 S:FD P:nvUbdIzc 
  $87D4:A8        TAY                                                            A:02 X:00 Y:00 S:FD P:nvUbdIzc 
  $87D5:B9 8A 9B  LDA $9B8A,Y @ $9B8C = #$D8                                     A:02 X:00 Y:02 S:FD P:nvUbdIzc 
  $87D8:85 19     STA $0019 = #$AC                                               A:D8 X:00 Y:02 S:FD P:NvUbdIzc 
  $87DA:B9 8B 9B  LDA $9B8B,Y @ $9B8D = #$9F                                     A:D8 X:00 Y:02 S:FD P:NvUbdIzc 
  $87DD:85 1A     STA $001A = #$B1                                               A:9F X:00 Y:02 S:FD P:NvUbdIzc 
  $87DF:BD 39 04  LDA $0439,X @ $0439 = #$1C                                     A:9F X:00 Y:02 S:FD P:NvUbdIzc 
  $87E2:85 AD     STA $00AD = #$0F                                               A:1C X:00 Y:02 S:FD P:nvUbdIzc 
  $87E4:BD 2A 04  LDA $042A,X @ $042A = #$1E                                     A:1C X:00 Y:02 S:FD P:nvUbdIzc 
  $87E7:85 AE     STA $00AE = #$00                                               A:1E X:00 Y:02 S:FD P:nvUbdIzc 
  $87E9:BD A2 04  LDA $04A2,X @ $04A2 = #$80                                     A:1E X:00 Y:02 S:FD P:nvUbdIzc 
  $87EC:85 81     STA $0081 = #$40                                               A:80 X:00 Y:02 S:FD P:NvUbdIzc 
  $87EE:29 F7     AND #$F7                                                       A:80 X:00 Y:02 S:FD P:NvUbdIzc 
  $87F0:9D A2 04  STA $04A2,X @ $04A2 = #$80                                     A:80 X:00 Y:02 S:FD P:NvUbdIzc 
  $87F3:20 EC 88  JSR $88EC                                                      A:80 X:00 Y:02 S:FD P:NvUbdIzc 
    $88EC:6C 19 00  JMP ($0019) = $9FD8                                            A:80 X:00 Y:02 S:FB P:NvUbdIzc 
    $9FD8:BD B2 05  LDA $05B2,X @ $05B2 = #$00                                     A:80 X:00 Y:02 S:FB P:NvUbdIzc 
    $9FDB:D0 C5     BNE $9FA2                                                      A:00 X:00 Y:02 S:FB P:nvUbdIZc 
    $9FDD:B5 EC     LDA $EC,X @ $00EC = #$00                                       A:00 X:00 Y:02 S:FB P:nvUbdIZc 
    $9FDF:F0 02     BEQ $9FE3                                                      A:00 X:00 Y:02 S:FB P:nvUbdIZc 
    $9FE3:A4 10     LDY $0010 = #$03                                               A:00 X:00 Y:02 S:FB P:nvUbdIZc 
    $9FE5:B9 1B A0  LDA $A01B,Y @ $A01E = #$00                                     A:00 X:00 Y:03 S:FB P:nvUbdIzc 
    $9FE8:D0 03     BNE $9FED                                                      A:00 X:00 Y:03 S:FB P:nvUbdIZc 
    $9FEA:4C 92 A0  JMP $A092                                                      A:00 X:00 Y:03 S:FB P:nvUbdIZc 
    $A092:BD 29 05  LDA $0529,X @ $0529 = #$D3                                     A:00 X:00 Y:03 S:FB P:nvUbdIZc 
    $A095:F0 03     BEQ $A09A                                                      A:D3 X:00 Y:03 S:FB P:NvUbdIzc 
    $A097:4C 7B 9F  JMP $9F7B                                                      A:D3 X:00 Y:03 S:FB P:NvUbdIzc 
    $9F7B:20 8E 9F  JSR $9F8E                                                      A:D3 X:00 Y:03 S:FB P:NvUbdIzc 
      $9F8E:A9 FE     LDA #$FE                                                       A:D3 X:00 Y:03 S:F9 P:NvUbdIzc 
      $9F90:20 6A D0  JSR $D06A                                                      A:FE X:00 Y:03 S:F9 P:NvUbdIzc 
        $D06A:85 15     STA $0015 = #$0F                                               A:FE X:00 Y:03 S:F7 P:NvUbdIzc 
        $D06C:BD 65 05  LDA $0565,X @ $0565 = #$00                                     A:FE X:00 Y:03 S:F7 P:NvUbdIzc 
        $D06F:C9 FF     CMP #$FF                                                       A:00 X:00 Y:03 S:F7 P:nvUbdIZc 
        $D071:F0 0A     BEQ $D07D                                                      A:00 X:00 Y:03 S:F7 P:nvUbdIzc 
        $D073:65 15     ADC $0015 = #$FE                                               A:00 X:00 Y:03 S:F7 P:nvUbdIzc 
        $D075:B0 02     BCS $D079                                                      A:FE X:00 Y:03 S:F7 P:NvUbdIzc 
        $D077:A9 00     LDA #$00                                                       A:FE X:00 Y:03 S:F7 P:NvUbdIzc 
        $D079:9D 65 05  STA $0565,X @ $0565 = #$00                                     A:00 X:00 Y:03 S:F7 P:nvUbdIZc 
        $D07C:60        RTS (from $D06A) ----------------------------------------------A:00 X:00 Y:03 S:F7 P:nvUbdIZc 
      $9F93:20 4C 8F  JSR $8F4C                                                      A:00 X:00 Y:03 S:F9 P:nvUbdIZc 
        $8F4C:BD 65 05  LDA $0565,X @ $0565 = #$00                                     A:00 X:00 Y:03 S:F7 P:nvUbdIZc 
        $8F4F:29 F0     AND #$F0                                                       A:00 X:00 Y:03 S:F7 P:nvUbdIZc 
        $8F51:F0 43     BEQ $8F96                                                      A:00 X:00 Y:03 S:F7 P:nvUbdIZc 
        $8F96:60        RTS (from $8F4C) ----------------------------------------------A:00 X:00 Y:03 S:F7 P:nvUbdIZc 
      $9F96:4C 6B B0  JMP $B06B                                                      A:00 X:00 Y:03 S:F9 P:nvUbdIZc 
      $B06B:A9 B0     LDA #$B0                                                       A:00 X:00 Y:03 S:F9 P:nvUbdIZc 
      $B06D:20 7A 8E  JSR $8E7A                                                      A:B0 X:00 Y:03 S:F9 P:NvUbdIzc 
        $8E7A:85 15     STA $0015 = #$FE                                               A:B0 X:00 Y:03 S:F7 P:NvUbdIzc 
        $8E7C:BC C1 03  LDY $03C1,X @ $03C1 = #$01                                     A:B0 X:00 Y:03 S:F7 P:NvUbdIzc 
        $8E7F:B9 09 9D  LDA $9D09,Y @ $9D0A = #$04                                     A:B0 X:00 Y:01 S:F7 P:nvUbdIzc 
        $8E82:29 0F     AND #$0F                                                       A:04 X:00 Y:01 S:F7 P:nvUbdIzc 
        $8E84:E0 02     CPX #$02                                                       A:04 X:00 Y:01 S:F7 P:nvUbdIzc 
        $8E86:B0 20     BCS $8EA8                                                      A:04 X:00 Y:01 S:F7 P:NvUbdIzc 
        $8E88:BC 74 05  LDY $0574,X @ $0574 = #$00                                     A:04 X:00 Y:01 S:F7 P:NvUbdIzc 
        $8E8B:30 1B     BMI $8EA8                                                      A:04 X:00 Y:00 S:F7 P:nvUbdIZc 
        $8E8D:BC 29 05  LDY $0529,X @ $0529 = #$D3                                     A:04 X:00 Y:00 S:F7 P:nvUbdIZc 
        $8E90:30 16     BMI $8EA8                                                      A:04 X:00 Y:D3 S:F7 P:NvUbdIzc 
        $8EA8:85 1F     STA $001F = #$52                                               A:04 X:00 Y:D3 S:F7 P:NvUbdIzc 
        $8EAA:BD 75 04  LDA $0475,X @ $0475 = #$01                                     A:04 X:00 Y:D3 S:F7 P:NvUbdIzc 
        $8EAD:85 AF     STA $00AF = #$08                                               A:01 X:00 Y:D3 S:F7 P:nvUbdIzc 
        $8EAF:A5 15     LDA $0015 = #$B0                                               A:01 X:00 Y:D3 S:F7 P:nvUbdIzc 
        $8EB1:C9 80     CMP #$80                                                       A:B0 X:00 Y:D3 S:F7 P:NvUbdIzc 
        $8EB3:B0 15     BCS $8ECA                                                      A:B0 X:00 Y:D3 S:F7 P:nvUbdIzC 
        $8ECA:7D CF 04  ADC $04CF,X @ $04CF = #$00                                     A:B0 X:00 Y:D3 S:F7 P:nvUbdIzC 
        $8ECD:9D CF 04  STA $04CF,X @ $04CF = #$00                                     A:B1 X:00 Y:D3 S:F7 P:NvUbdIzc 
        $8ED0:B0 12     BCS $8EE4                                                      A:B1 X:00 Y:D3 S:F7 P:NvUbdIzc 
        $8ED2:A5 1F     LDA $001F = #$04                                               A:B1 X:00 Y:D3 S:F7 P:NvUbdIzc 
        $8ED4:7D C0 04  ADC $04C0,X @ $04C0 = #$FC                                     A:04 X:00 Y:D3 S:F7 P:nvUbdIzc 
        $8ED7:D0 05     BNE $8EDE                                                      A:00 X:00 Y:D3 S:F7 P:nvUbdIZC 
        $8ED9:9D CF 04  STA $04CF,X @ $04CF = #$B1                                     A:00 X:00 Y:D3 S:F7 P:nvUbdIZC 
        $8EDC:F0 06     BEQ $8EE4                                                      A:00 X:00 Y:D3 S:F7 P:nvUbdIZC 
        $8EE4:18        CLC                                                            A:00 X:00 Y:D3 S:F7 P:nvUbdIZC 
        $8EE5:7D 66 04  ADC $0466,X @ $0466 = #$94                                     A:00 X:00 Y:D3 S:F7 P:nvUbdIZc 
        $8EE8:9D 66 04  STA $0466,X @ $0466 = #$94                                     A:94 X:00 Y:D3 S:F7 P:NvUbdIzc 
        $8EEB:BD C0 04  LDA $04C0,X @ $04C0 = #$FC                                     A:94 X:00 Y:D3 S:F7 P:NvUbdIzc 
        $8EEE:85 15     STA $0015 = #$B0                                               A:FC X:00 Y:D3 S:F7 P:NvUbdIzc 
        $8EF0:7D 39 04  ADC $0439,X @ $0439 = #$1C                                     A:FC X:00 Y:D3 S:F7 P:NvUbdIzc 
        $8EF3:9D 39 04  STA $0439,X @ $0439 = #$1C                                     A:18 X:00 Y:D3 S:F7 P:nvUbdIzC 
        $8EF6:08        PHP                                                            A:18 X:00 Y:D3 S:F7 P:nvUbdIzC 
         $8EF7:A9 80     LDA #$80                                                       A:18 X:00 Y:D3 S:F6 P:nvUbdIzC 
         $8EF9:C5 15     CMP $0015 = #$FC                                               A:80 X:00 Y:D3 S:F6 P:NvUbdIzC 
         $8EFB:A9 00     LDA #$00                                                       A:80 X:00 Y:D3 S:F6 P:NvUbdIzc 
         $8EFD:E9 00     SBC #$00                                                       A:00 X:00 Y:D3 S:F6 P:nvUbdIZc 
         $8EFF:28        PLP                                                            A:FF X:00 Y:D3 S:F6 P:NvUbdIzc 
        $8F00:7D 2A 04  ADC $042A,X @ $042A = #$1E                                     A:FF X:00 Y:D3 S:F7 P:nvUBdIzC 
        $8F03:9D 2A 04  STA $042A,X @ $042A = #$1E                                     A:1E X:00 Y:D3 S:F7 P:nvUBdIzC 
        $8F06:10 41     BPL $8F49                                                      A:1E X:00 Y:D3 S:F7 P:nvUBdIzC 
        $8F49:60        RTS (from $8E7A) ----------------------------------------------A:1E X:00 Y:D3 S:F7 P:nvUBdIzC 
      $B070:BD 29 05  LDA $0529,X @ $0529 = #$D3                                     A:1E X:00 Y:D3 S:F9 P:nvUBdIzC 
      $B073:F0 E1     BEQ $B056                                                      A:D3 X:00 Y:D3 S:F9 P:NvUBdIzC 
      $B075:29 1F     AND #$1F                                                       A:D3 X:00 Y:D3 S:F9 P:NvUBdIzC 
      $B077:A8        TAY                                                            A:13 X:00 Y:D3 S:F9 P:nvUBdIzC 
      $B078:88        DEY                                                            A:13 X:00 Y:13 S:F9 P:nvUBdIzC 
      $B079:A5 10     LDA $0010 = #$03                                               A:13 X:00 Y:12 S:F9 P:nvUBdIzC 
      $B07B:C9 05     CMP #$05                                                       A:03 X:00 Y:12 S:F9 P:nvUBdIzC 
      $B07D:D0 4B     BNE $B0CA                                                      A:03 X:00 Y:12 S:F9 P:NvUBdIzc 
      $B0CA:BD C0 04  LDA $04C0,X @ $04C0 = #$FC                                     A:03 X:00 Y:12 S:F9 P:NvUBdIzc 
      $B0CD:30 03     BMI $B0D2                                                      A:FC X:00 Y:12 S:F9 P:NvUBdIzc 
      $B0D2:20 79 B1  JSR $B179                                                      A:FC X:00 Y:12 S:F9 P:NvUBdIzc 
        $B179:B9 EE 03  LDA $03EE,Y @ $0400 = #$02                                     A:FC X:00 Y:12 S:F7 P:NvUBdIzc 
        $B17C:9D EE 03  STA $03EE,X @ $03EE = #$02                                     A:02 X:00 Y:12 S:F7 P:nvUBdIzc 
        $B17F:B9 FD 03  LDA $03FD,Y @ $040F = #$03                                     A:02 X:00 Y:12 S:F7 P:nvUBdIzc 
        $B182:9D FD 03  STA $03FD,X @ $03FD = #$03                                     A:03 X:00 Y:12 S:F7 P:nvUBdIzc 
        $B185:B9 0C 04  LDA $040C,Y @ $041E = #$02                                     A:03 X:00 Y:12 S:F7 P:nvUBdIzc 
        $B188:9D 0C 04  STA $040C,X @ $040C = #$02                                     A:02 X:00 Y:12 S:F7 P:nvUBdIzc 
        $B18B:B9 1B 04  LDA $041B,Y @ $042D = #$02                                     A:02 X:00 Y:12 S:F7 P:nvUBdIzc 
        $B18E:9D 1B 04  STA $041B,X @ $041B = #$02                                     A:02 X:00 Y:12 S:F7 P:nvUBdIzc 
        $B191:60        RTS (from $B179) ----------------------------------------------A:02 X:00 Y:12 S:F7 P:nvUBdIzc 
      $B0D5:B9 C1 03  LDA $03C1,Y @ $03D3 = #$00                                     A:02 X:00 Y:12 S:F9 P:nvUBdIzc 
      $B0D8:49 17     EOR #$17                                                       A:00 X:00 Y:12 S:F9 P:nvUBdIZc 
      $B0DA:F0 22     BEQ $B0FE                                                      A:17 X:00 Y:12 S:F9 P:nvUBdIzc 
      $B0DC:A5 10     LDA $0010 = #$03                                               A:17 X:00 Y:12 S:F9 P:nvUBdIzc 
      $B0DE:C9 02     CMP #$02                                                       A:03 X:00 Y:12 S:F9 P:nvUBdIzc 
      $B0E0:F0 1C     BEQ $B0FE                                                      A:03 X:00 Y:12 S:F9 P:nvUBdIzC 
      $B0E2:B9 29 05  LDA $0529,Y @ $053B = #$00                                     A:03 X:00 Y:12 S:F9 P:nvUBdIzC 
      $B0E5:C9 01     CMP #$01                                                       A:00 X:00 Y:12 S:F9 P:nvUBdIZC 
      $B0E7:A9 0A     LDA #$0A                                                       A:00 X:00 Y:12 S:F9 P:NvUBdIzc 
      $B0E9:B0 13     BCS $B0FE                                                      A:0A X:00 Y:12 S:F9 P:nvUBdIzc 
      $B0EB:B9 D0 03  LDA $03D0,Y @ $03E2 = #$00                                     A:0A X:00 Y:12 S:F9 P:nvUBdIzc 
      $B0EE:C9 11     CMP #$11                                                       A:00 X:00 Y:12 S:F9 P:nvUBdIZc 
      $B0F0:D0 04     BNE $B0F6                                                      A:00 X:00 Y:12 S:F9 P:NvUBdIzc 
      $B0F6:C9 10     CMP #$10                                                       A:00 X:00 Y:12 S:F9 P:NvUBdIzc 
      $B0F8:A9 21     LDA #$21                                                       A:00 X:00 Y:12 S:F9 P:NvUBdIzc 
      $B0FA:B0 02     BCS $B0FE                                                      A:21 X:00 Y:12 S:F9 P:nvUBdIzc 
      $B0FC:A9 1C     LDA #$1C                                                       A:21 X:00 Y:12 S:F9 P:nvUBdIzc 
      $B0FE:79 39 04  ADC $0439,Y @ $044B = #$00                                     A:1C X:00 Y:12 S:F9 P:nvUBdIzc 
      $B101:9D 39 04  STA $0439,X @ $0439 = #$18                                     A:1C X:00 Y:12 S:F9 P:nvUBdIzc 
      $B104:B9 2A 04  LDA $042A,Y @ $043C = #$1E                                     A:1C X:00 Y:12 S:F9 P:nvUBdIzc 
      $B107:69 00     ADC #$00                                                       A:1E X:00 Y:12 S:F9 P:nvUBdIzc 
      $B109:9D 2A 04  STA $042A,X @ $042A = #$1E                                     A:1E X:00 Y:12 S:F9 P:nvUBdIzc 
      $B10C:60        RTS (from $9F8E) ----------------------------------------------A:1E X:00 Y:12 S:F9 P:nvUBdIzc 
    $9F7E:A5 10     LDA $0010 = #$03                                               A:1E X:00 Y:12 S:FB P:nvUBdIzc 
    $9F80:C9 02     CMP #$02                                                       A:03 X:00 Y:12 S:FB P:nvUBdIzc 
    $9F82:D0 05     BNE $9F89                                                      A:03 X:00 Y:12 S:FB P:nvUBdIzC 
    $9F89:A9 2F     LDA #$2F                                                       A:03 X:00 Y:12 S:FB P:nvUBdIzC 
    $9F8B:4C 88 AD  JMP $AD88                                                      A:2F X:00 Y:12 S:FB P:nvUBdIzC 
    $AD88:9D B5 03  STA $03B5,X @ $03B5 = #$2F                                     A:2F X:00 Y:12 S:FB P:nvUBdIzC 
    $AD8B:60        RTS (from $88EC) ----------------------------------------------A:2F X:00 Y:12 S:FB P:nvUBdIzC 
  $87F6:A6 82     LDX $0082 = #$00                                               A:2F X:00 Y:12 S:FD P:nvUBdIzC 
  $87F8:BD C1 03  LDA $03C1,X @ $03C1 = #$01                                     A:2F X:00 Y:12 S:FD P:nvUBdIZC 
  $87FB:F0 CE     BEQ $87CB                                                      A:01 X:00 Y:12 S:FD P:nvUBdIzC 
  $87FD:1E A2 04  ASL $04A2,X @ $04A2 = #$80                                     A:01 X:00 Y:12 S:FD P:nvUBdIzC 
  $8800:A5 10     LDA $0010 = #$03                                               A:01 X:00 Y:12 S:FD P:nvUBdIZC 
  $8802:C9 05     CMP #$05                                                       A:03 X:00 Y:12 S:FD P:nvUBdIzC 
  $8804:F0 03     BEQ $8809                                                      A:03 X:00 Y:12 S:FD P:NvUBdIzc 
  $8806:4C 4E 88  JMP $884E                                                      A:03 X:00 Y:12 S:FD P:NvUBdIzc 
  $884E:C9 08     CMP #$08                                                       A:03 X:00 Y:12 S:FD P:NvUBdIzc 
  $8850:D0 2B     BNE $887D                                                      A:03 X:00 Y:12 S:FD P:NvUBdIzc 
  $887D:BD FD 03  LDA $03FD,X @ $03FD = #$03                                     A:03 X:00 Y:12 S:FD P:NvUBdIzc 
  $8880:38        SEC                                                            A:03 X:00 Y:12 S:FD P:nvUBdIzc 
  $8881:E5 87     SBC $0087 = #$DF                                               A:03 X:00 Y:12 S:FD P:nvUBdIzC 
  $8883:9D 84 04  STA $0484,X @ $0484 = #$24                                     A:24 X:00 Y:12 S:FD P:nvUBdIzc 
  $8886:BD EE 03  LDA $03EE,X @ $03EE = #$02                                     A:24 X:00 Y:12 S:FD P:nvUBdIzc 
  $8889:E5 88     SBC $0088 = #$FF                                               A:02 X:00 Y:12 S:FD P:nvUBdIzc 
  $888B:D0 52     BNE $88DF                                                      A:02 X:00 Y:12 S:FD P:nvUBdIzc 
  $88DF:38        SEC                                                            A:02 X:00 Y:12 S:FD P:nvUBdIzc 
  $88E0:7E A2 04  ROR $04A2,X @ $04A2 = #$00                                     A:02 X:00 Y:12 S:FD P:nvUBdIzC 
  $88E3:E8        INX                                                            A:02 X:00 Y:12 S:FD P:NvUBdIzc 
  $88E4:E0 0F     CPX #$0F                                                       A:02 X:01 Y:12 S:FD P:nvUBdIzc 
  $88E6:F0 03     BEQ $88EB                                                      A:02 X:01 Y:12 S:FD P:NvUBdIzc 
  $88E8:4C C4 87  JMP $87C4                                                      A:02 X:01 Y:12 S:FD P:NvUBdIzc 
  $87C4:86 82     STX $0082 = #$00                                               A:02 X:01 Y:12 S:FD P:NvUBdIzc 
  $87C6:BD C1 03  LDA $03C1,X @ $03C2 = #$02                                     A:02 X:01 Y:12 S:FD P:NvUBdIzc 
  $87C9:D0 08     BNE $87D3                                                      A:02 X:01 Y:12 S:FD P:nvUBdIzc 
  $87D3:0A        ASL                                                            A:02 X:01 Y:12 S:FD P:nvUBdIzc 
  $87D4:A8        TAY                                                            A:04 X:01 Y:12 S:FD P:nvUBdIzc 
  $87D5:B9 8A 9B  LDA $9B8A,Y @ $9B8E = #$D8                                     A:04 X:01 Y:04 S:FD P:nvUBdIzc 
  $87D8:85 19     STA $0019 = #$D8                                               A:D8 X:01 Y:04 S:FD P:NvUBdIzc 
  $87DA:B9 8B 9B  LDA $9B8B,Y @ $9B8F = #$9F                                     A:D8 X:01 Y:04 S:FD P:NvUBdIzc 
  $87DD:85 1A     STA $001A = #$9F                                               A:9F X:01 Y:04 S:FD P:NvUBdIzc 
  $87DF:BD 39 04  LDA $0439,X @ $043A = #$49                                     A:9F X:01 Y:04 S:FD P:NvUBdIzc 
  $87E2:85 AD     STA $00AD = #$1C                                               A:49 X:01 Y:04 S:FD P:nvUBdIzc 
  $87E4:BD 2A 04  LDA $042A,X @ $042B = #$00                                     A:49 X:01 Y:04 S:FD P:nvUBdIzc 
  $87E7:85 AE     STA $00AE = #$1E                                               A:00 X:01 Y:04 S:FD P:nvUBdIZc 
  $87E9:BD A2 04  LDA $04A2,X @ $04A3 = #$00                                     A:00 X:01 Y:04 S:FD P:nvUBdIZc 
  $87EC:85 81     STA $0081 = #$80                                               A:00 X:01 Y:04 S:FD P:nvUBdIZc 
  $87EE:29 F7     AND #$F7                                                       A:00 X:01 Y:04 S:FD P:nvUBdIZc 
  $87F0:9D A2 04  STA $04A2,X @ $04A3 = #$00                                     A:00 X:01 Y:04 S:FD P:nvUBdIZc 
  $87F3:20 EC 88  JSR $88EC                                                      A:00 X:01 Y:04 S:FD P:nvUBdIZc 
    $88EC:6C 19 00  JMP ($0019) = $9FD8                                            A:00 X:01 Y:04 S:FB P:nvUBdIZc 
    $9FD8:BD B2 05  LDA $05B2,X @ $05B3 = #$00                                     A:00 X:01 Y:04 S:FB P:nvUBdIZc 
    $9FDB:D0 C5     BNE $9FA2                                                      A:00 X:01 Y:04 S:FB P:nvUBdIZc 
    $9FDD:B5 EC     LDA $EC,X @ $00ED = #$00                                       A:00 X:01 Y:04 S:FB P:nvUBdIZc 
    $9FDF:F0 02     BEQ $9FE3                                                      A:00 X:01 Y:04 S:FB P:nvUBdIZc 
    $9FE3:A4 10     LDY $0010 = #$03                                               A:00 X:01 Y:04 S:FB P:nvUBdIZc 
    $9FE5:B9 1B A0  LDA $A01B,Y @ $A01E = #$00                                     A:00 X:01 Y:03 S:FB P:nvUBdIzc 
    $9FE8:D0 03     BNE $9FED                                                      A:00 X:01 Y:03 S:FB P:nvUBdIZc 
    $9FEA:4C 92 A0  JMP $A092                                                      A:00 X:01 Y:03 S:FB P:nvUBdIZc 
    $A092:BD 29 05  LDA $0529,X @ $052A = #$00                                     A:00 X:01 Y:03 S:FB P:nvUBdIZc 
    $A095:F0 03     BEQ $A09A                                                      A:00 X:01 Y:03 S:FB P:nvUBdIZc 
    $A09A:A9 FE     LDA #$FE                                                       A:00 X:01 Y:03 S:FB P:nvUBdIZc 
    $A09C:BC D0 05  LDY $05D0,X @ $05D1 = #$00                                     A:FE X:01 Y:03 S:FB P:NvUBdIzc 
    $A09F:30 14     BMI $A0B5                                                      A:FE X:01 Y:00 S:FB P:nvUBdIZc 
    $A0A1:A9 FC     LDA #$FC                                                       A:FE X:01 Y:00 S:FB P:nvUBdIZc 
    $A0A3:A4 10     LDY $0010 = #$03                                               A:FC X:01 Y:00 S:FB P:NvUBdIzc 
    $A0A5:C0 04     CPY #$04                                                       A:FC X:01 Y:03 S:FB P:nvUBdIzc 
    $A0A7:D0 0C     BNE $A0B5                                                      A:FC X:01 Y:03 S:FB P:NvUBdIzc 
    $A0B5:20 6A D0  JSR $D06A                                                      A:FC X:01 Y:03 S:FB P:NvUBdIzc 
      $D06A:85 15     STA $0015 = #$FC                                               A:FC X:01 Y:03 S:F9 P:NvUBdIzc 
      $D06C:BD 65 05  LDA $0565,X @ $0566 = #$00                                     A:FC X:01 Y:03 S:F9 P:NvUBdIzc 
      $D06F:C9 FF     CMP #$FF                                                       A:00 X:01 Y:03 S:F9 P:nvUBdIZc 
      $D071:F0 0A     BEQ $D07D                                                      A:00 X:01 Y:03 S:F9 P:nvUBdIzc 
      $D073:65 15     ADC $0015 = #$FC                                               A:00 X:01 Y:03 S:F9 P:nvUBdIzc 
      $D075:B0 02     BCS $D079                                                      A:FC X:01 Y:03 S:F9 P:NvUBdIzc 
      $D077:A9 00     LDA #$00                                                       A:FC X:01 Y:03 S:F9 P:NvUBdIzc 
      $D079:9D 65 05  STA $0565,X @ $0566 = #$00                                     A:00 X:01 Y:03 S:F9 P:nvUBdIZc 
      $D07C:60        RTS (from $D06A) ----------------------------------------------A:00 X:01 Y:03 S:F9 P:nvUBdIZc 
    $A0B8:A5 C8     LDA $00C8 = #$00                                               A:00 X:01 Y:03 S:FB P:nvUBdIZc 
    $A0BA:F0 03     BEQ $A0BF                                                      A:00 X:01 Y:03 S:FB P:nvUBdIZc 
    $A0BF:A5 10     LDA $0010 = #$03                                               A:00 X:01 Y:03 S:FB P:nvUBdIZc 
    $A0C1:C9 03     CMP #$03                                                       A:03 X:01 Y:03 S:FB P:nvUBdIzc 
    $A0C3:D0 54     BNE $A119                                                      A:03 X:01 Y:03 S:FB P:nvUBdIZC 
    $A0C5:B5 E9     LDA $E9,X @ $00EA = #$00                                       A:03 X:01 Y:03 S:FB P:nvUBdIZC 
    $A0C7:D0 50     BNE $A119                                                      A:00 X:01 Y:03 S:FB P:nvUBdIZC 
    $A0C9:BD A2 04  LDA $04A2,X @ $04A3 = #$00                                     A:00 X:01 Y:03 S:FB P:nvUBdIZC 
    $A0CC:10 4B     BPL $A119                                                      A:00 X:01 Y:03 S:FB P:nvUBdIZC 
    $A119:BD 83 05  LDA $0583,X @ $0584 = #$00                                     A:00 X:01 Y:03 S:FB P:nvUBdIZC 
    $A11C:F0 03     BEQ $A121                                                      A:00 X:01 Y:03 S:FB P:nvUBdIZC 
    $A121:BD 47 05  LDA $0547,X @ $0548 = #$00                                     A:00 X:01 Y:03 S:FB P:nvUBdIZC 
    $A124:D0 03     BNE $A129                                                      A:00 X:01 Y:03 S:FB P:nvUBdIZC 
    $A126:4C 6D A3  JMP $A36D                                                      A:00 X:01 Y:03 S:FB P:nvUBdIZC 
    $A36D:BD 74 05  LDA $0574,X @ $0575 = #$00                                     A:00 X:01 Y:03 S:FB P:nvUBdIZC 
    $A370:F0 F8     BEQ $A36A                                                      A:00 X:01 Y:03 S:FB P:nvUBdIZC 
    $A36A:4C 44 A4  JMP $A444                                                      A:00 X:01 Y:03 S:FB P:nvUBdIZC 
    $A444:B5 29     LDA $29,X @ $002A = #$0F                                       A:00 X:01 Y:03 S:FB P:nvUBdIZC 
    $A446:29 40     AND #$40                                                       A:0F X:01 Y:03 S:FB P:nvUBdIzC 
    $A448:F0 2B     BEQ $A475                                                      A:00 X:01 Y:03 S:FB P:nvUBdIZC 
    $A475:4C F6 A4  JMP $A4F6                                                      A:00 X:01 Y:03 S:FB P:nvUBdIZC 
    $A4F6:4C AF A6  JMP $A6AF                                                      A:00 X:01 Y:03 S:FB P:nvUBdIZC 
    $A6AF:BD FC 04  LDA $04FC,X @ $04FD = #$00                                     A:00 X:01 Y:03 S:FB P:nvUBdIZC 
    $A6B2:F0 08     BEQ $A6BC                                                      A:00 X:01 Y:03 S:FB P:nvUBdIZC 
    $A6BC:A5 10     LDA $0010 = #$03                                               A:00 X:01 Y:03 S:FB P:nvUBdIZC 
    $A6BE:C9 0A     CMP #$0A                                                       A:03 X:01 Y:03 S:FB P:nvUBdIzC 
    $A6C0:D0 55     BNE $A717                                                      A:03 X:01 Y:03 S:FB P:NvUBdIzc 
    $A717:BD A2 04  LDA $04A2,X @ $04A3 = #$00                                     A:03 X:01 Y:03 S:FB P:NvUBdIzc 
    $A71A:29 10     AND #$10                                                       A:00 X:01 Y:03 S:FB P:nvUBdIZc 
    $A71C:F0 15     BEQ $A733                                                      A:00 X:01 Y:03 S:FB P:nvUBdIZc 
    $A733:BD B1 03  LDA $03B1,X @ $03B2 = #$02                                     A:00 X:01 Y:03 S:FB P:nvUBdIZc 
    $A736:38        SEC                                                            A:02 X:01 Y:03 S:FB P:nvUBdIzc 
    $A737:E9 04     SBC #$04                                                       A:02 X:01 Y:03 S:FB P:nvUBdIzC 
    $A739:90 34     BCC $A76F                                                      A:FE X:01 Y:03 S:FB P:NvUBdIzc 
    $A76F:B5 2B     LDA $2B,X @ $002C = #$0F                                       A:FE X:01 Y:03 S:FB P:NvUBdIzc 
    $A771:29 03     AND #$03                                                       A:0F X:01 Y:03 S:FB P:nvUBdIzc 
    $A773:F0 05     BEQ $A77A                                                      A:03 X:01 Y:03 S:FB P:nvUBdIzc 
    $A775:09 38     ORA #$38                                                       A:03 X:01 Y:03 S:FB P:nvUBdIzc 
    $A777:9D B1 03  STA $03B1,X @ $03B2 = #$02                                     A:3B X:01 Y:03 S:FB P:nvUBdIzc 
    $A77A:BD B0 05  LDA $05B0,X @ $05B1 = #$00                                     A:3B X:01 Y:03 S:FB P:nvUBdIzc 
    $A77D:30 15     BMI $A794                                                      A:00 X:01 Y:03 S:FB P:nvUBdIZc 
    $A77F:A4 10     LDY $0010 = #$03                                               A:00 X:01 Y:03 S:FB P:nvUBdIZc 
    $A781:C0 06     CPY #$06                                                       A:00 X:01 Y:03 S:FB P:nvUBdIzc 
    $A783:D0 08     BNE $A78D                                                      A:00 X:01 Y:03 S:FB P:NvUBdIzc 
    $A78D:B9 0E 9F  LDA $9F0E,Y @ $9F11 = #$0F                                     A:00 X:01 Y:03 S:FB P:NvUBdIzc 
    $A790:35 29     AND $29,X @ $002A = #$0F                                       A:0F X:01 Y:03 S:FB P:nvUBdIzc 
    $A792:D0 03     BNE $A797                                                      A:0F X:01 Y:03 S:FB P:nvUBdIzc 
    $A797:A8        TAY                                                            A:0F X:01 Y:03 S:FB P:nvUBdIzc 
    $A798:B9 AF 9E  LDA $9EAF,Y @ $9EBE = #$00                                     A:0F X:01 Y:0F S:FB P:nvUBdIzc 
    $A79B:38        SEC                                                            A:00 X:01 Y:0F S:FB P:nvUBdIZc 
    $A79C:FD 56 05  SBC $0556,X @ $0557 = #$94                                     A:00 X:01 Y:0F S:FB P:nvUBdIZC 
    $A79F:F0 32     BEQ $A7D3                                                      A:6C X:01 Y:0F S:FB P:nvUBdIzc 
    $A7A1:C9 41     CMP #$41                                                       A:6C X:01 Y:0F S:FB P:nvUBdIzc 
    $A7A3:90 13     BCC $A7B8                                                      A:6C X:01 Y:0F S:FB P:nvUBdIzC 
    $A7A5:C9 C0     CMP #$C0                                                       A:6C X:01 Y:0F S:FB P:nvUBdIzC 
    $A7A7:B0 0F     BCS $A7B8                                                      A:6C X:01 Y:0F S:FB P:NvUBdIzc 
    $A7A9:A9 F8     LDA #$F8                                                       A:6C X:01 Y:0F S:FB P:NvUBdIzc 
    $A7AB:20 6A D0  JSR $D06A                                                      A:F8 X:01 Y:0F S:FB P:NvUBdIzc 
      $D06A:85 15     STA $0015 = #$FC                                               A:F8 X:01 Y:0F S:F9 P:NvUBdIzc 
      $D06C:BD 65 05  LDA $0565,X @ $0566 = #$00                                     A:F8 X:01 Y:0F S:F9 P:NvUBdIzc 
      $D06F:C9 FF     CMP #$FF                                                       A:00 X:01 Y:0F S:F9 P:nvUBdIZc 
      $D071:F0 0A     BEQ $D07D                                                      A:00 X:01 Y:0F S:F9 P:nvUBdIzc 
      $D073:65 15     ADC $0015 = #$F8                                               A:00 X:01 Y:0F S:F9 P:nvUBdIzc 
      $D075:B0 02     BCS $D079                                                      A:F8 X:01 Y:0F S:F9 P:NvUBdIzc 
      $D077:A9 00     LDA #$00                                                       A:F8 X:01 Y:0F S:F9 P:NvUBdIzc 
      $D079:9D 65 05  STA $0565,X @ $0566 = #$00                                     A:00 X:01 Y:0F S:F9 P:nvUBdIZc 
      $D07C:60        RTS (from $D06A) ----------------------------------------------A:00 X:01 Y:0F S:F9 P:nvUBdIZc 
    $A7AE:BD 65 05  LDA $0565,X @ $0566 = #$00                                     A:00 X:01 Y:0F S:FB P:nvUBdIZc 
    $A7B1:C9 20     CMP #$20                                                       A:00 X:01 Y:0F S:FB P:nvUBdIZc 
    $A7B3:90 0A     BCC $A7BF                                                      A:00 X:01 Y:0F S:FB P:NvUBdIzc 
    $A7BF:B9 AF 9E  LDA $9EAF,Y @ $9EBE = #$00                                     A:00 X:01 Y:0F S:FB P:NvUBdIzc 
    $A7C2:4C D0 A7  JMP $A7D0                                                      A:00 X:01 Y:0F S:FB P:nvUBdIZc 
    $A7D0:9D 56 05  STA $0556,X @ $0557 = #$94                                     A:00 X:01 Y:0F S:FB P:nvUBdIZc 
    $A7D3:BD D0 05  LDA $05D0,X @ $05D1 = #$00                                     A:00 X:01 Y:0F S:FB P:nvUBdIZc 
    $A7D6:F0 03     BEQ $A7DB                                                      A:00 X:01 Y:0F S:FB P:nvUBdIZc 
    $A7DB:BD A2 04  LDA $04A2,X @ $04A3 = #$00                                     A:00 X:01 Y:0F S:FB P:nvUBdIZc 
    $A7DE:29 10     AND #$10                                                       A:00 X:01 Y:0F S:FB P:nvUBdIZc 
    $A7E0:F0 0E     BEQ $A7F0                                                      A:00 X:01 Y:0F S:FB P:nvUBdIZc 
    $A7F0:A0 40     LDY #$40                                                       A:00 X:01 Y:0F S:FB P:nvUBdIZc 
    $A7F2:BD 56 05  LDA $0556,X @ $0557 = #$00                                     A:00 X:01 Y:40 S:FB P:nvUBdIzc 
    $A7F5:29 7F     AND #$7F                                                       A:00 X:01 Y:40 S:FB P:nvUBdIZc 
    $A7F7:38        SEC                                                            A:00 X:01 Y:40 S:FB P:nvUBdIZc 
    $A7F8:E9 21     SBC #$21                                                       A:00 X:01 Y:40 S:FB P:nvUBdIZC 
    $A7FA:C9 3D     CMP #$3D                                                       A:DF X:01 Y:40 S:FB P:NvUBdIzc 
    $A7FC:90 06     BCC $A804                                                      A:DF X:01 Y:40 S:FB P:NvUBdIzC 
    $A7FE:A4 10     LDY $0010 = #$03                                               A:DF X:01 Y:40 S:FB P:NvUBdIzC 
    $A800:B9 1C 9F  LDA $9F1C,Y @ $9F1F = #$80                                     A:DF X:01 Y:03 S:FB P:nvUBdIzC 
    $A803:A8        TAY                                                            A:80 X:01 Y:03 S:FB P:NvUBdIzC 
    $A804:BD 38 05  LDA $0538,X @ $0539 = #$45                                     A:80 X:01 Y:80 S:FB P:NvUBdIzC 
    $A807:C9 40     CMP #$40                                                       A:45 X:01 Y:80 S:FB P:nvUBdIzC 
    $A809:90 36     BCC $A841                                                      A:45 X:01 Y:80 S:FB P:nvUBdIzC 
    $A80B:29 40     AND #$40                                                       A:45 X:01 Y:80 S:FB P:nvUBdIzC 
    $A80D:F0 2A     BEQ $A839                                                      A:40 X:01 Y:80 S:FB P:nvUBdIzC 
    $A80F:A5 10     LDA $0010 = #$03                                               A:40 X:01 Y:80 S:FB P:nvUBdIzC 
    $A811:C9 03     CMP #$03                                                       A:03 X:01 Y:80 S:FB P:nvUBdIzC 
    $A813:F0 2C     BEQ $A841                                                      A:03 X:01 Y:80 S:FB P:nvUBdIZC 
    $A841:BD 38 05  LDA $0538,X @ $0539 = #$45                                     A:03 X:01 Y:80 S:FB P:nvUBdIZC 
    $A844:29 40     AND #$40                                                       A:45 X:01 Y:80 S:FB P:nvUBdIzC 
    $A846:D0 07     BNE $A84F                                                      A:40 X:01 Y:80 S:FB P:nvUBdIzC 
    $A84F:BD D0 05  LDA $05D0,X @ $05D1 = #$00                                     A:40 X:01 Y:80 S:FB P:nvUBdIzC 
    $A852:F0 06     BEQ $A85A                                                      A:00 X:01 Y:80 S:FB P:nvUBdIZC 
    $A85A:A5 10     LDA $0010 = #$03                                               A:00 X:01 Y:80 S:FB P:nvUBdIZC 
    $A85C:C9 04     CMP #$04                                                       A:03 X:01 Y:80 S:FB P:nvUBdIzC 
    $A85E:D0 04     BNE $A864                                                      A:03 X:01 Y:80 S:FB P:NvUBdIzc 
    $A864:A9 0A     LDA #$0A                                                       A:03 X:01 Y:80 S:FB P:NvUBdIzc 
    $A866:18        CLC                                                            A:0A X:01 Y:80 S:FB P:nvUBdIzc 
    $A867:7D 65 05  ADC $0565,X @ $0566 = #$00                                     A:0A X:01 Y:80 S:FB P:nvUBdIzc 
    $A86A:9D 65 05  STA $0565,X @ $0566 = #$00                                     A:0A X:01 Y:80 S:FB P:nvUBdIzc 
    $A86D:98        TYA                                                            A:0A X:01 Y:80 S:FB P:nvUBdIzc 
    $A86E:DD 65 05  CMP $0565,X @ $0566 = #$0A                                     A:80 X:01 Y:80 S:FB P:NvUBdIzc 
    $A871:B0 03     BCS $A876                                                      A:80 X:01 Y:80 S:FB P:nvUBdIzC 
    $A876:BD 65 05  LDA $0565,X @ $0566 = #$0A                                     A:80 X:01 Y:80 S:FB P:nvUBdIzC 
    $A879:C9 80     CMP #$80                                                       A:0A X:01 Y:80 S:FB P:nvUBdIzC 
    $A87B:90 1E     BCC $A89B                                                      A:0A X:01 Y:80 S:FB P:NvUBdIzc 
    $A89B:20 A1 A8  JSR $A8A1                                                      A:0A X:01 Y:80 S:FB P:NvUBdIzc 
      $A8A1:A5 10     LDA $0010 = #$03                                               A:0A X:01 Y:80 S:F9 P:NvUBdIzc 
      $A8A3:C9 04     CMP #$04                                                       A:03 X:01 Y:80 S:F9 P:nvUBdIzc 
      $A8A5:D0 68     BNE $A90F                                                      A:03 X:01 Y:80 S:F9 P:NvUBdIzc 
      $A90F:4C 4C 8F  JMP $8F4C                                                      A:03 X:01 Y:80 S:F9 P:NvUBdIzc 
      $8F4C:BD 65 05  LDA $0565,X @ $0566 = #$0A                                     A:03 X:01 Y:80 S:F9 P:NvUBdIzc 
      $8F4F:29 F0     AND #$F0                                                       A:0A X:01 Y:80 S:F9 P:nvUBdIzc 
      $8F51:F0 43     BEQ $8F96                                                      A:00 X:01 Y:80 S:F9 P:nvUBdIZc 
      $8F96:60        RTS (from $A8A1) ----------------------------------------------A:00 X:01 Y:80 S:F9 P:nvUBdIZc 
    $A89E:4C 15 A9  JMP $A915                                                      A:00 X:01 Y:80 S:FB P:nvUBdIZc 
    $A915:A5 EB     LDA $00EB = #$00                                               A:00 X:01 Y:80 S:FB P:nvUBdIZc 
    $A917:D0 09     BNE $A922                                                      A:00 X:01 Y:80 S:FB P:nvUBdIZc 
    $A919:A5 10     LDA $0010 = #$03                                               A:00 X:01 Y:80 S:FB P:nvUBdIZc 
    $A91B:C9 05     CMP #$05                                                       A:03 X:01 Y:80 S:FB P:nvUBdIzc 
    $A91D:F0 03     BEQ $A922                                                      A:03 X:01 Y:80 S:FB P:NvUBdIzc 
    $A91F:20 12 9E  JSR $9E12                                                      A:03 X:01 Y:80 S:FB P:NvUBdIzc 
      $9E12:BD FD 03  LDA $03FD,X @ $03FE = #$20                                     A:03 X:01 Y:80 S:F9 P:NvUBdIzc 
      $9E15:38        SEC                                                            A:20 X:01 Y:80 S:F9 P:nvUBdIzc 
      $9E16:E5 87     SBC $0087 = #$DF                                               A:20 X:01 Y:80 S:F9 P:nvUBdIzC 
      $9E18:A8        TAY                                                            A:41 X:01 Y:80 S:F9 P:nvUBdIzc 
      $9E19:C0 1A     CPY #$1A                                                       A:41 X:01 Y:41 S:F9 P:nvUBdIzc 
      $9E1B:B0 09     BCS $9E26                                                      A:41 X:01 Y:41 S:F9 P:nvUBdIzC 
      $9E26:A9 16     LDA #$16                                                       A:41 X:01 Y:41 S:F9 P:nvUBdIzC 
      $9E28:C0 16     CPY #$16                                                       A:16 X:01 Y:41 S:F9 P:nvUBdIzC 
      $9E2A:90 06     BCC $9E32                                                      A:16 X:01 Y:41 S:F9 P:nvUBdIzC 
      $9E2C:C0 EF     CPY #$EF                                                       A:16 X:01 Y:41 S:F9 P:nvUBdIzC 
      $9E2E:90 1D     BCC $9E4D                                                      A:16 X:01 Y:41 S:F9 P:nvUBdIzc 
      $9E4D:60        RTS (from $9E12) ----------------------------------------------A:16 X:01 Y:41 S:F9 P:nvUBdIzc 
    $A922:A5 10     LDA $0010 = #$03                                               A:16 X:01 Y:41 S:FB P:nvUBdIzc 
    $A924:C9 02     CMP #$02                                                       A:03 X:01 Y:41 S:FB P:nvUBdIzc 
    $A926:F0 EA     BEQ $A912                                                      A:03 X:01 Y:41 S:FB P:nvUBdIzC 
    $A928:B5 2B     LDA $2B,X @ $002C = #$0F                                       A:03 X:01 Y:41 S:FB P:nvUBdIzC 
    $A92A:10 E6     BPL $A912                                                      A:0F X:01 Y:41 S:FB P:nvUBdIzC 
    $A912:4C CB A9  JMP $A9CB                                                      A:0F X:01 Y:41 S:FB P:nvUBdIzC 
    $A9CB:A5 C8     LDA $00C8 = #$00                                               A:0F X:01 Y:41 S:FB P:nvUBdIzC 
    $A9CD:D0 6E     BNE $AA3D                                                      A:00 X:01 Y:41 S:FB P:nvUBdIZC 
    $A9CF:BD 38 05  LDA $0538,X @ $0539 = #$45                                     A:00 X:01 Y:41 S:FB P:nvUBdIZC 
    $A9D2:29 40     AND #$40                                                       A:45 X:01 Y:41 S:FB P:nvUBdIzC 
    $A9D4:F0 36     BEQ $AA0C                                                      A:40 X:01 Y:41 S:FB P:nvUBdIzC 
    $A9D6:A5 10     LDA $0010 = #$03                                               A:40 X:01 Y:41 S:FB P:nvUBdIzC 
    $A9D8:C9 0C     CMP #$0C                                                       A:03 X:01 Y:41 S:FB P:nvUBdIzC 
    $A9DA:D0 33     BNE $AA0F                                                      A:03 X:01 Y:41 S:FB P:NvUBdIzc 
    $AA0F:C9 03     CMP #$03                                                       A:03 X:01 Y:41 S:FB P:NvUBdIzc 
    $AA11:F0 6E     BEQ $AA81                                                      A:03 X:01 Y:41 S:FB P:nvUBdIZC 
    $AA81:A5 10     LDA $0010 = #$03                                               A:03 X:01 Y:41 S:FB P:nvUBdIZC 
    $AA83:C9 06     CMP #$06                                                       A:03 X:01 Y:41 S:FB P:nvUBdIzC 
    $AA85:D0 42     BNE $AAC9                                                      A:03 X:01 Y:41 S:FB P:NvUBdIzc 
    $AAC9:BD 75 04  LDA $0475,X @ $0476 = #$09                                     A:03 X:01 Y:41 S:FB P:NvUBdIzc 
    $AACC:F0 09     BEQ $AAD7                                                      A:09 X:01 Y:41 S:FB P:nvUBdIzc 
    $AACE:A5 81     LDA $0081 = #$00                                               A:09 X:01 Y:41 S:FB P:nvUBdIzc 
    $AAD0:29 08     AND #$08                                                       A:00 X:01 Y:41 S:FB P:nvUBdIZc 
    $AAD2:1D BD 03  ORA $03BD,X @ $03BE = #$00                                     A:00 X:01 Y:41 S:FB P:nvUBdIZc 
    $AAD5:D0 33     BNE $AB0A                                                      A:00 X:01 Y:41 S:FB P:nvUBdIZc 
    $AAD7:9D BD 03  STA $03BD,X @ $03BE = #$00                                     A:00 X:01 Y:41 S:FB P:nvUBdIZc 
    $AADA:9D BB 03  STA $03BB,X @ $03BC = #$00                                     A:00 X:01 Y:41 S:FB P:nvUBdIZc 
    $AADD:B5 E7     LDA $E7,X @ $00E8 = #$00                                       A:00 X:01 Y:41 S:FB P:nvUBdIZc 
    $AADF:F0 0A     BEQ $AAEB                                                      A:00 X:01 Y:41 S:FB P:nvUBdIZc 
    $AAEB:20 F1 AA  JSR $AAF1                                                      A:00 X:01 Y:41 S:FB P:nvUBdIZc 
      $AAF1:BD 75 04  LDA $0475,X @ $0476 = #$09                                     A:00 X:01 Y:41 S:F9 P:nvUBdIZc 
      $AAF4:C9 08     CMP #$08                                                       A:09 X:01 Y:41 S:F9 P:nvUBdIzc 
      $AAF6:A0 E4     LDY #$E4                                                       A:09 X:01 Y:41 S:F9 P:nvUBdIzC 
      $AAF8:B0 09     BCS $AB03                                                      A:09 X:01 Y:E4 S:F9 P:NvUBdIzC 
      $AB03:A9 01     LDA #$01                                                       A:09 X:01 Y:E4 S:F9 P:NvUBdIzC 
      $AB05:84 15     STY $0015 = #$F8                                               A:01 X:01 Y:E4 S:F9 P:nvUBdIzC 
      $AB07:4C A8 8E  JMP $8EA8                                                      A:01 X:01 Y:E4 S:F9 P:nvUBdIzC 
      $8EA8:85 1F     STA $001F = #$04                                               A:01 X:01 Y:E4 S:F9 P:nvUBdIzC 
      $8EAA:BD 75 04  LDA $0475,X @ $0476 = #$09                                     A:01 X:01 Y:E4 S:F9 P:nvUBdIzC 
      $8EAD:85 AF     STA $00AF = #$01                                               A:09 X:01 Y:E4 S:F9 P:nvUBdIzC 
      $8EAF:A5 15     LDA $0015 = #$E4                                               A:09 X:01 Y:E4 S:F9 P:nvUBdIzC 
      $8EB1:C9 80     CMP #$80                                                       A:E4 X:01 Y:E4 S:F9 P:NvUBdIzC 
      $8EB3:B0 15     BCS $8ECA                                                      A:E4 X:01 Y:E4 S:F9 P:nvUBdIzC 
      $8ECA:7D CF 04  ADC $04CF,X @ $04D0 = #$00                                     A:E4 X:01 Y:E4 S:F9 P:nvUBdIzC 
      $8ECD:9D CF 04  STA $04CF,X @ $04D0 = #$00                                     A:E5 X:01 Y:E4 S:F9 P:NvUBdIzc 
      $8ED0:B0 12     BCS $8EE4                                                      A:E5 X:01 Y:E4 S:F9 P:NvUBdIzc 
      $8ED2:A5 1F     LDA $001F = #$01                                               A:E5 X:01 Y:E4 S:F9 P:NvUBdIzc 
      $8ED4:7D C0 04  ADC $04C0,X @ $04C1 = #$FF                                     A:01 X:01 Y:E4 S:F9 P:nvUBdIzc 
      $8ED7:D0 05     BNE $8EDE                                                      A:00 X:01 Y:E4 S:F9 P:nvUBdIZC 
      $8ED9:9D CF 04  STA $04CF,X @ $04D0 = #$E5                                     A:00 X:01 Y:E4 S:F9 P:nvUBdIZC 
      $8EDC:F0 06     BEQ $8EE4                                                      A:00 X:01 Y:E4 S:F9 P:nvUBdIZC 
      $8EE4:18        CLC                                                            A:00 X:01 Y:E4 S:F9 P:nvUBdIZC 
      $8EE5:7D 66 04  ADC $0466,X @ $0467 = #$2B                                     A:00 X:01 Y:E4 S:F9 P:nvUBdIZc 
      $8EE8:9D 66 04  STA $0466,X @ $0467 = #$2B                                     A:2B X:01 Y:E4 S:F9 P:nvUBdIzc 
      $8EEB:BD C0 04  LDA $04C0,X @ $04C1 = #$FF                                     A:2B X:01 Y:E4 S:F9 P:nvUBdIzc 
      $8EEE:85 15     STA $0015 = #$E4                                               A:FF X:01 Y:E4 S:F9 P:NvUBdIzc 
      $8EF0:7D 39 04  ADC $0439,X @ $043A = #$49                                     A:FF X:01 Y:E4 S:F9 P:NvUBdIzc 
      $8EF3:9D 39 04  STA $0439,X @ $043A = #$49                                     A:48 X:01 Y:E4 S:F9 P:nvUBdIzC 
      $8EF6:08        PHP                                                            A:48 X:01 Y:E4 S:F9 P:nvUBdIzC 
       $8EF7:A9 80     LDA #$80                                                       A:48 X:01 Y:E4 S:F8 P:nvUBdIzC 
       $8EF9:C5 15     CMP $0015 = #$FF                                               A:80 X:01 Y:E4 S:F8 P:NvUBdIzC 
       $8EFB:A9 00     LDA #$00                                                       A:80 X:01 Y:E4 S:F8 P:NvUBdIzc 
       $8EFD:E9 00     SBC #$00                                                       A:00 X:01 Y:E4 S:F8 P:nvUBdIZc 
       $8EFF:28        PLP                                                            A:FF X:01 Y:E4 S:F8 P:NvUBdIzc 
      $8F00:7D 2A 04  ADC $042A,X @ $042B = #$00                                     A:FF X:01 Y:E4 S:F9 P:nvUBdIzC 
      $8F03:9D 2A 04  STA $042A,X @ $042B = #$00                                     A:00 X:01 Y:E4 S:F9 P:nvUBdIZC 
      $8F06:10 41     BPL $8F49                                                      A:00 X:01 Y:E4 S:F9 P:nvUBdIZC 
      $8F49:60        RTS (from $AAF1) ----------------------------------------------A:00 X:01 Y:E4 S:F9 P:nvUBdIZC 
    $AAEE:4C 23 AB  JMP $AB23                                                      A:00 X:01 Y:E4 S:FB P:nvUBdIZC 
    $AB23:20 71 E4  JSR $E471                                                      A:00 X:01 Y:E4 S:FB P:nvUBdIZC 
      $E471:A5 10     LDA $0010 = #$03                                               A:00 X:01 Y:E4 S:F9 P:nvUBdIZC 
      $E473:C9 01     CMP #$01                                                       A:03 X:01 Y:E4 S:F9 P:nvUBdIzC 
      $E475:D0 36     BNE $E4AD                                                      A:03 X:01 Y:E4 S:F9 P:nvUBdIzC 
      $E4AD:A2 12     LDX #$12                                                       A:03 X:01 Y:E4 S:F9 P:nvUBdIzC 
      $E4AF:A0 05     LDY #$05                                                       A:03 X:12 Y:E4 S:F9 P:nvUBdIzC 
      $E4B1:4C CB FF  JMP $FFCB                                                      A:03 X:12 Y:05 S:F9 P:nvUBdIzC 
      $FFCB:A9 00     LDA #$00                                                       A:03 X:12 Y:05 S:F9 P:nvUBdIzC 
      $FFCD:09 00     ORA #$00                                                       A:00 X:12 Y:05 S:F9 P:nvUBdIZC 
      $FFCF:85 2D     STA $002D = #$00                                               A:00 X:12 Y:05 S:F9 P:nvUBdIZC 
      $FFD1:A5 13     LDA $0013 = #$06                                               A:00 X:12 Y:05 S:F9 P:nvUBdIZC 
      $FFD3:48        PHA                                                            A:06 X:12 Y:05 S:F9 P:nvUBdIzC 
       $FFD4:86 13     STX $0013 = #$06                                               A:06 X:12 Y:05 S:F8 P:nvUBdIzC 
       $FFD6:B9 B3 FF  LDA $FFB3,Y @ $FFB8 = #$05                                     A:06 X:12 Y:05 S:F8 P:nvUBdIzC 
       $FFD9:99 B3 FF  STA $FFB3,Y @ $FFB8 = #$05                                     A:05 X:12 Y:05 S:F8 P:nvUBdIzC 
       $FFDC:20 00 80  JSR $8000                                                      A:05 X:12 Y:05 S:F8 P:nvUBdIzC 
         $8000:6C 13 00  JMP ($0013) = $8012                                            A:05 X:12 Y:05 S:F6 P:nvUBdIzC 
         $8012:4C 39 BC  JMP $BC39                                                      A:05 X:12 Y:05 S:F6 P:nvUBdIzC 
         $BC39:A9 00     LDA #$00                                                       A:05 X:12 Y:05 S:F6 P:nvUBdIzC 
         $BC3B:85 D9     STA $00D9 = #$00                                               A:00 X:12 Y:05 S:F6 P:nvUBdIZC 
         $BC3D:85 DA     STA $00DA = #$00                                               A:00 X:12 Y:05 S:F6 P:nvUBdIZC 
         $BC3F:A6 82     LDX $0082 = #$01                                               A:00 X:12 Y:05 S:F6 P:nvUBdIZC 
         $BC41:E0 02     CPX #$02                                                       A:00 X:01 Y:05 S:F6 P:nvUBdIzC 
         $BC43:B0 0E     BCS $BC53                                                      A:00 X:01 Y:05 S:F6 P:NvUBdIzc 
         $BC45:BD CE 05  LDA $05CE,X @ $05CF = #$00                                     A:00 X:01 Y:05 S:F6 P:NvUBdIzc 
         $BC48:F0 09     BEQ $BC53                                                      A:00 X:01 Y:05 S:F6 P:nvUBdIZc 
         $BC53:A5 10     LDA $0010 = #$03                                               A:00 X:01 Y:05 S:F6 P:nvUBdIZc 
         $BC55:C9 03     CMP #$03                                                       A:03 X:01 Y:05 S:F6 P:nvUBdIzc 
         $BC57:F0 79     BEQ $BCD2                                                      A:03 X:01 Y:05 S:F6 P:nvUBdIZC 
         $BCD2:20 22 B4  JSR $B422                                                      A:03 X:01 Y:05 S:F6 P:nvUBdIZC 
           $B422:A9 C0     LDA #$C0                                                       A:03 X:01 Y:05 S:F4 P:nvUBdIZC 
           $B424:85 15     STA $0015 = #$FF                                               A:C0 X:01 Y:05 S:F4 P:NvUBdIzC 
           $B426:BC EE 03  LDY $03EE,X @ $03EF = #$00                                     A:C0 X:01 Y:05 S:F4 P:NvUBdIzC 
           $B429:A5 10     LDA $0010 = #$03                                               A:C0 X:01 Y:00 S:F4 P:nvUBdIZC 
           $B42B:C9 0C     CMP #$0C                                                       A:03 X:01 Y:00 S:F4 P:nvUBdIzC 
           $B42D:F0 EA     BEQ $B419                                                      A:03 X:01 Y:00 S:F4 P:NvUBdIzc 
           $B42F:C9 03     CMP #$03                                                       A:03 X:01 Y:00 S:F4 P:NvUBdIzc 
           $B431:F0 08     BEQ $B43B                                                      A:03 X:01 Y:00 S:F4 P:nvUBdIZC 
           $B43B:BD 1B 04  LDA $041B,X @ $041C = #$E7                                     A:03 X:01 Y:00 S:F4 P:nvUBdIZC 
           $B43E:10 18     BPL $B458                                                      A:E7 X:01 Y:00 S:F4 P:NvUBdIzC 
           $B440:C5 15     CMP $0015 = #$C0                                               A:E7 X:01 Y:00 S:F4 P:NvUBdIzC 
           $B442:B0 05     BCS $B449                                                      A:E7 X:01 Y:00 S:F4 P:nvUBdIzC 
           $B449:38        SEC                                                            A:E7 X:01 Y:00 S:F4 P:nvUBdIzC 
           $B44A:E9 28     SBC #$28                                                       A:E7 X:01 Y:00 S:F4 P:nvUBdIzC 
           $B44C:C5 15     CMP $0015 = #$C0                                               A:BF X:01 Y:00 S:F4 P:NvUBdIzC 
           $B44E:90 08     BCC $B458                                                      A:BF X:01 Y:00 S:F4 P:NvUBdIzc 
           $B458:A5 10     LDA $0010 = #$03                                               A:BF X:01 Y:00 S:F4 P:NvUBdIzc 
           $B45A:C9 03     CMP #$03                                                       A:03 X:01 Y:00 S:F4 P:nvUBdIzc 
           $B45C:F0 06     BEQ $B464                                                      A:03 X:01 Y:00 S:F4 P:nvUBdIZC 
           $B464:B9 6B 81  LDA $816B,Y @ $816B = #$00                                     A:03 X:01 Y:00 S:F4 P:nvUBdIZC 
           $B467:A8        TAY                                                            A:00 X:01 Y:00 S:F4 P:nvUBdIZC 
           $B468:A5 E3     LDA $00E3 = #$00                                               A:00 X:01 Y:00 S:F4 P:nvUBdIZC 
           $B46A:F0 02     BEQ $B46E                                                      A:00 X:01 Y:00 S:F4 P:nvUBdIZC 
           $B46E:84 15     STY $0015 = #$C0                                               A:00 X:01 Y:00 S:F4 P:nvUBdIZC 
           $B470:BD FD 03  LDA $03FD,X @ $03FE = #$20                                     A:00 X:01 Y:00 S:F4 P:nvUBdIZC 
           $B473:29 E0     AND #$E0                                                       A:20 X:01 Y:00 S:F4 P:nvUBdIzC 
           $B475:46 15     LSR $0015 = #$00                                               A:20 X:01 Y:00 S:F4 P:nvUBdIzC 
           $B477:6A        ROR                                                            A:20 X:01 Y:00 S:F4 P:nvUBdIZc 
           $B478:46 15     LSR $0015 = #$00                                               A:10 X:01 Y:00 S:F4 P:nvUBdIzc 
           $B47A:6A        ROR                                                            A:10 X:01 Y:00 S:F4 P:nvUBdIZc 
           $B47B:46 15     LSR $0015 = #$00                                               A:08 X:01 Y:00 S:F4 P:nvUBdIzc 
           $B47D:6A        ROR                                                            A:08 X:01 Y:00 S:F4 P:nvUBdIZc 
           $B47E:85 17     STA $0017 = #$54                                               A:04 X:01 Y:00 S:F4 P:nvUBdIzc 
           $B480:A9 02     LDA #$02                                                       A:04 X:01 Y:00 S:F4 P:nvUBdIzc 
           $B482:85 1B     STA $001B = #$40                                               A:02 X:01 Y:00 S:F4 P:nvUBdIzc 
           $B484:A0 00     LDY #$00                                                       A:02 X:01 Y:00 S:F4 P:nvUBdIzc 
           $B486:A5 10     LDA $0010 = #$03                                               A:02 X:01 Y:00 S:F4 P:nvUBdIZc 
           $B488:C9 03     CMP #$03                                                       A:03 X:01 Y:00 S:F4 P:nvUBdIzc 
           $B48A:F0 1D     BEQ $B4A9                                                      A:03 X:01 Y:00 S:F4 P:nvUBdIZC 
           $B4A9:84 1A     STY $001A = #$9F                                               A:03 X:01 Y:00 S:F4 P:nvUBdIZC 
           $B4AB:A4 10     LDY $0010 = #$03                                               A:03 X:01 Y:00 S:F4 P:nvUBdIZC 
           $B4AD:A5 17     LDA $0017 = #$04                                               A:03 X:01 Y:03 S:F4 P:nvUBdIzC 
           $B4AF:18        CLC                                                            A:04 X:01 Y:03 S:F4 P:nvUBdIzC 
           $B4B0:79 E9 BD  ADC $BDE9,Y @ $BDEC = #$BD                                     A:04 X:01 Y:03 S:F4 P:nvUBdIzc 
           $B4B3:85 19     STA $0019 = #$D8                                               A:C1 X:01 Y:03 S:F4 P:NvUBdIzc 
           $B4B5:A5 1A     LDA $001A = #$00                                               A:C1 X:01 Y:03 S:F4 P:NvUBdIzc 
           $B4B7:79 F5 BD  ADC $BDF5,Y @ $BDF8 = #$BF                                     A:00 X:01 Y:03 S:F4 P:nvUBdIZc 
           $B4BA:85 1A     STA $001A = #$00                                               A:BF X:01 Y:03 S:F4 P:NvUBdIzc 
           $B4BC:A0 00     LDY #$00                                                       A:BF X:01 Y:03 S:F4 P:NvUBdIzc 
           $B4BE:60        RTS (from $B422) ----------------------------------------------A:BF X:01 Y:00 S:F4 P:nvUBdIZc 
         $BCD5:84 1F     STY $001F = #$01                                               A:BF X:01 Y:00 S:F6 P:nvUBdIZc 
         $BCD7:A5 10     LDA $0010 = #$03                                               A:BF X:01 Y:00 S:F6 P:nvUBdIZc 
         $BCD9:C9 0C     CMP #$0C                                                       A:03 X:01 Y:00 S:F6 P:nvUBdIzc 
         $BCDB:D0 03     BNE $BCE0                                                      A:03 X:01 Y:00 S:F6 P:NvUBdIzc 
         $BCE0:B1 19     LDA ($19),Y @ $BFC1 = #$3A                                     A:03 X:01 Y:00 S:F6 P:NvUBdIzc 
         $BCE2:85 15     STA $0015 = #$00                                               A:3A X:01 Y:00 S:F6 P:nvUBdIzc 
         $BCE4:C8        INY                                                            A:3A X:01 Y:00 S:F6 P:nvUBdIzc 
         $BCE5:11 19     ORA ($19),Y @ $BFC2 = #$40                                     A:3A X:01 Y:01 S:F6 P:nvUBdIzc 
         $BCE7:F0 56     BEQ $BD3F                                                      A:7A X:01 Y:01 S:F6 P:nvUBdIzc 
         $BCE9:20 02 BE  JSR $BE02                                                      A:7A X:01 Y:01 S:F6 P:nvUBdIzc 
           $BE02:A9 00     LDA #$00                                                       A:7A X:01 Y:01 S:F4 P:nvUBdIzc 
           $BE04:06 15     ASL $0015 = #$3A                                               A:00 X:01 Y:01 S:F4 P:nvUBdIZc 
           $BE06:2A        ROL                                                            A:00 X:01 Y:01 S:F4 P:nvUBdIzc 
           $BE07:06 15     ASL $0015 = #$74                                               A:00 X:01 Y:01 S:F4 P:nvUBdIZc 
           $BE09:2A        ROL                                                            A:00 X:01 Y:01 S:F4 P:NvUBdIzc 
           $BE0A:85 16     STA $0016 = #$0F                                               A:00 X:01 Y:01 S:F4 P:nvUBdIZc 
           $BE0C:B1 19     LDA ($19),Y @ $BFC2 = #$40                                     A:00 X:01 Y:01 S:F4 P:nvUBdIZc 
           $BE0E:29 0F     AND #$0F                                                       A:40 X:01 Y:01 S:F4 P:nvUBdIzc 
           $BE10:F0 2A     BEQ $BE3C                                                      A:00 X:01 Y:01 S:F4 P:nvUBdIZc 
           $BE3C:60        RTS (from $BE02) ----------------------------------------------A:00 X:01 Y:01 S:F4 P:nvUBdIZc 
         $BCEC:BD 1B 04  LDA $041B,X @ $041C = #$E7                                     A:00 X:01 Y:01 S:F6 P:nvUBdIZc 
         $BCEF:38        SEC                                                            A:E7 X:01 Y:01 S:F6 P:NvUBdIzc 
         $BCF0:E5 15     SBC $0015 = #$E8                                               A:E7 X:01 Y:01 S:F6 P:NvUBdIzC 
         $BCF2:BD 0C 04  LDA $040C,X @ $040D = #$00                                     A:FF X:01 Y:01 S:F6 P:NvUBdIzc 
         $BCF5:E5 16     SBC $0016 = #$00                                               A:00 X:01 Y:01 S:F6 P:nvUBdIZc 
         $BCF7:B0 46     BCS $BD3F                                                      A:FF X:01 Y:01 S:F6 P:NvUBdIzc 
         $BCF9:A5 1F     LDA $001F = #$00                                               A:FF X:01 Y:01 S:F6 P:NvUBdIzc 
         $BCFB:85 20     STA $0020 = #$82                                               A:00 X:01 Y:01 S:F6 P:nvUBdIZc 
         $BCFD:A5 10     LDA $0010 = #$03                                               A:00 X:01 Y:01 S:F6 P:nvUBdIZc 
         $BCFF:C9 0C     CMP #$0C                                                       A:03 X:01 Y:01 S:F6 P:nvUBdIzc 
         $BD01:D0 13     BNE $BD16                                                      A:03 X:01 Y:01 S:F6 P:NvUBdIzc 
         $BD16:B1 19     LDA ($19),Y @ $BFC2 = #$40                                     A:03 X:01 Y:01 S:F6 P:NvUBdIzc 
         $BD18:29 F0     AND #$F0                                                       A:40 X:01 Y:01 S:F6 P:nvUBdIzc 
         $BD1A:85 1F     STA $001F = #$00                                               A:40 X:01 Y:01 S:F6 P:nvUBdIzc 
         $BD1C:E9 0A     SBC #$0A                                                       A:40 X:01 Y:01 S:F6 P:nvUBdIzc 
         $BD1E:FD 39 04  SBC $0439,X @ $043A = #$48                                     A:35 X:01 Y:01 S:F6 P:nvUBdIzC 
         $BD21:90 0F     BCC $BD32                                                      A:ED X:01 Y:01 S:F6 P:NvUBdIzc 
         $BD32:A5 15     LDA $0015 = #$E8                                               A:ED X:01 Y:01 S:F6 P:NvUBdIzc 
         $BD34:85 17     STA $0017 = #$04                                               A:E8 X:01 Y:01 S:F6 P:NvUBdIzc 
         $BD36:A5 16     LDA $0016 = #$00                                               A:E8 X:01 Y:01 S:F6 P:NvUBdIzc 
         $BD38:85 18     STA $0018 = #$AD                                               A:00 X:01 Y:01 S:F6 P:nvUBdIZc 
         $BD3A:C8        INY                                                            A:00 X:01 Y:01 S:F6 P:nvUBdIZc 
         $BD3B:C6 1B     DEC $001B = #$02                                               A:00 X:01 Y:02 S:F6 P:nvUBdIzc 
         $BD3D:D0 A1     BNE $BCE0                                                      A:00 X:01 Y:02 S:F6 P:nvUBdIzc 
         $BCE0:B1 19     LDA ($19),Y @ $BFC3 = #$30                                     A:00 X:01 Y:02 S:F6 P:nvUBdIzc 
         $BCE2:85 15     STA $0015 = #$E8                                               A:30 X:01 Y:02 S:F6 P:nvUBdIzc 
         $BCE4:C8        INY                                                            A:30 X:01 Y:02 S:F6 P:nvUBdIzc 
         $BCE5:11 19     ORA ($19),Y @ $BFC4 = #$00                                     A:30 X:01 Y:03 S:F6 P:nvUBdIzc 
         $BCE7:F0 56     BEQ $BD3F                                                      A:30 X:01 Y:03 S:F6 P:nvUBdIzc 
         $BCE9:20 02 BE  JSR $BE02                                                      A:30 X:01 Y:03 S:F6 P:nvUBdIzc 
           $BE02:A9 00     LDA #$00                                                       A:30 X:01 Y:03 S:F4 P:nvUBdIzc 
           $BE04:06 15     ASL $0015 = #$30                                               A:00 X:01 Y:03 S:F4 P:nvUBdIZc 
           $BE06:2A        ROL                                                            A:00 X:01 Y:03 S:F4 P:nvUBdIzc 
           $BE07:06 15     ASL $0015 = #$60                                               A:00 X:01 Y:03 S:F4 P:nvUBdIZc 
           $BE09:2A        ROL                                                            A:00 X:01 Y:03 S:F4 P:NvUBdIzc 
           $BE0A:85 16     STA $0016 = #$00                                               A:00 X:01 Y:03 S:F4 P:nvUBdIZc 
           $BE0C:B1 19     LDA ($19),Y @ $BFC4 = #$00                                     A:00 X:01 Y:03 S:F4 P:nvUBdIZc 
           $BE0E:29 0F     AND #$0F                                                       A:00 X:01 Y:03 S:F4 P:nvUBdIZc 
           $BE10:F0 2A     BEQ $BE3C                                                      A:00 X:01 Y:03 S:F4 P:nvUBdIZc 
           $BE3C:60        RTS (from $BE02) ----------------------------------------------A:00 X:01 Y:03 S:F4 P:nvUBdIZc 
         $BCEC:BD 1B 04  LDA $041B,X @ $041C = #$E7                                     A:00 X:01 Y:03 S:F6 P:nvUBdIZc 
         $BCEF:38        SEC                                                            A:E7 X:01 Y:03 S:F6 P:NvUBdIzc 
         $BCF0:E5 15     SBC $0015 = #$C0                                               A:E7 X:01 Y:03 S:F6 P:NvUBdIzC 
         $BCF2:BD 0C 04  LDA $040C,X @ $040D = #$00                                     A:27 X:01 Y:03 S:F6 P:nvUBdIzC 
         $BCF5:E5 16     SBC $0016 = #$00                                               A:00 X:01 Y:03 S:F6 P:nvUBdIZC 
         $BCF7:B0 46     BCS $BD3F                                                      A:00 X:01 Y:03 S:F6 P:nvUBdIZC 
         $BD3F:A5 1F     LDA $001F = #$40                                               A:00 X:01 Y:03 S:F6 P:nvUBdIZC 
         $BD41:85 DA     STA $00DA = #$00                                               A:40 X:01 Y:03 S:F6 P:nvUBdIzC 
         $BD43:F0 19     BEQ $BD5E                                                      A:40 X:01 Y:03 S:F6 P:nvUBdIzC 
         $BD45:C9 F0     CMP #$F0                                                       A:40 X:01 Y:03 S:F6 P:nvUBdIzC 
         $BD47:F0 23     BEQ $BD6C                                                      A:40 X:01 Y:03 S:F6 P:nvUBdIzc 
         $BD49:BD 39 04  LDA $0439,X @ $043A = #$48                                     A:40 X:01 Y:03 S:F6 P:nvUBdIzc 
         $BD4C:38        SEC                                                            A:48 X:01 Y:03 S:F6 P:nvUBdIzc 
         $BD4D:E5 1F     SBC $001F = #$40                                               A:48 X:01 Y:03 S:F6 P:nvUBdIzC 
         $BD4F:9D 75 04  STA $0475,X @ $0476 = #$09                                     A:08 X:01 Y:03 S:F6 P:nvUBdIzC 
         $BD52:BD 2A 04  LDA $042A,X @ $042B = #$00                                     A:08 X:01 Y:03 S:F6 P:nvUBdIzC 
         $BD55:E9 00     SBC #$00                                                       A:00 X:01 Y:03 S:F6 P:nvUBdIZC 
         $BD57:90 08     BCC $BD61                                                      A:00 X:01 Y:03 S:F6 P:nvUBdIZC 
         $BD59:D0 71     BNE $BDCC                                                      A:00 X:01 Y:03 S:F6 P:nvUBdIZC 
         $BD5B:4C DB BD  JMP $BDDB                                                      A:00 X:01 Y:03 S:F6 P:nvUBdIZC 
         $BDDB:A5 AE     LDA $00AE = #$00                                               A:00 X:01 Y:03 S:F6 P:nvUBdIZC 
         $BDDD:D0 EC     BNE $BDCB                                                      A:00 X:01 Y:03 S:F6 P:nvUBdIZC 
         $BDDF:A5 AD     LDA $00AD = #$49                                               A:00 X:01 Y:03 S:F6 P:nvUBdIZC 
         $BDE1:C9 08     CMP #$08                                                       A:49 X:01 Y:03 S:F6 P:nvUBdIzC 
         $BDE3:90 E6     BCC $BDCB                                                      A:49 X:01 Y:03 S:F6 P:nvUBdIzC 
         $BDE5:E5 1F     SBC $001F = #$40                                               A:49 X:01 Y:03 S:F6 P:nvUBdIzC 
         $BDE7:90 CD     BCC $BDB6                                                      A:09 X:01 Y:03 S:F6 P:nvUBdIzC 
         $BDE9:60        RTS (from $8000) ----------------------------------------------A:09 X:01 Y:03 S:F6 P:nvUBdIzC 
       $FFDF:A4 2D     LDY $002D = #$00                                               A:09 X:01 Y:03 S:F8 P:nvUBdIzC 
       $FFE1:68        PLA                                                            A:09 X:01 Y:00 S:F8 P:nvUBdIZC 
      $FFE2:85 13     STA $0013 = #$12                                               A:06 X:01 Y:00 S:F9 P:nvUBdIzC 
      $FFE4:B9 B3 FF  LDA $FFB3,Y @ $FFB3 = #$00                                     A:06 X:01 Y:00 S:F9 P:nvUBdIzC 
      $FFE7:99 B3 FF  STA $FFB3,Y @ $FFB3 = #$00                                     A:00 X:01 Y:00 S:F9 P:nvUBdIZC 
      $FFEA:60        RTS (from $E471) ----------------------------------------------A:00 X:01 Y:00 S:F9 P:nvUBdIZC 
    $AB26:A5 10     LDA $0010 = #$03                                               A:00 X:01 Y:00 S:FB P:nvUBdIZC 
    $AB28:C9 02     CMP #$02                                                       A:03 X:01 Y:00 S:FB P:nvUBdIzC 
    $AB2A:F0 03     BEQ $AB2F                                                      A:03 X:01 Y:00 S:FB P:nvUBdIzC 
    $AB2C:20 66 CF  JSR $CF66                                                      A:03 X:01 Y:00 S:FB P:nvUBdIzC 
      $CF66:BD 56 05  LDA $0556,X @ $0557 = #$00                                     A:03 X:01 Y:00 S:F9 P:nvUBdIzC 
      $CF69:29 7F     AND #$7F                                                       A:00 X:01 Y:00 S:F9 P:nvUBdIZC 
      $CF6B:38        SEC                                                            A:00 X:01 Y:00 S:F9 P:nvUBdIZC 
      $CF6C:E9 31     SBC #$31                                                       A:00 X:01 Y:00 S:F9 P:nvUBdIZC 
      $CF6E:C9 20     CMP #$20                                                       A:CF X:01 Y:00 S:F9 P:NvUBdIzc 
      $CF70:90 1D     BCC $CF8F                                                      A:CF X:01 Y:00 S:F9 P:NvUBdIzC 
      $CF72:BD A2 04  LDA $04A2,X @ $04A3 = #$00                                     A:CF X:01 Y:00 S:F9 P:NvUBdIzC 
      $CF75:29 BF     AND #$BF                                                       A:00 X:01 Y:00 S:F9 P:nvUBdIZC 
      $CF77:9D A2 04  STA $04A2,X @ $04A3 = #$00                                     A:00 X:01 Y:00 S:F9 P:nvUBdIZC 
      $CF7A:BD FC 04  LDA $04FC,X @ $04FD = #$00                                     A:00 X:01 Y:00 S:F9 P:nvUBdIZC 
      $CF7D:C9 2C     CMP #$2C                                                       A:00 X:01 Y:00 S:F9 P:nvUBdIZC 
      $CF7F:F0 0E     BEQ $CF8F                                                      A:00 X:01 Y:00 S:F9 P:NvUBdIzc 
      $CF81:BD 56 05  LDA $0556,X @ $0557 = #$00                                     A:00 X:01 Y:00 S:F9 P:NvUBdIzc 
      $CF84:69 2F     ADC #$2F                                                       A:00 X:01 Y:00 S:F9 P:nvUBdIZc 
      $CF86:4A        LSR                                                            A:2F X:01 Y:00 S:F9 P:nvUBdIzc 
      $CF87:29 40     AND #$40                                                       A:17 X:01 Y:00 S:F9 P:nvUBdIzC 
      $CF89:1D A2 04  ORA $04A2,X @ $04A3 = #$00                                     A:00 X:01 Y:00 S:F9 P:nvUBdIZC 
      $CF8C:9D A2 04  STA $04A2,X @ $04A3 = #$00                                     A:00 X:01 Y:00 S:F9 P:nvUBdIZC 
      $CF8F:60        RTS (from $CF66) ----------------------------------------------A:00 X:01 Y:00 S:F9 P:nvUBdIZC 
    $AB2F:BD FC 04  LDA $04FC,X @ $04FD = #$00                                     A:00 X:01 Y:00 S:FB P:nvUBdIZC 
    $AB32:05 C8     ORA $00C8 = #$00                                               A:00 X:01 Y:00 S:FB P:nvUBdIZC 
    $AB34:D0 6C     BNE $ABA2                                                      A:00 X:01 Y:00 S:FB P:nvUBdIZC 
    $AB36:A5 10     LDA $0010 = #$03                                               A:00 X:01 Y:00 S:FB P:nvUBdIZC 
    $AB38:C9 0B     CMP #$0B                                                       A:03 X:01 Y:00 S:FB P:nvUBdIzC 
    $AB3A:D0 12     BNE $AB4E                                                      A:03 X:01 Y:00 S:FB P:NvUBdIzc 
    $AB4E:C9 02     CMP #$02                                                       A:03 X:01 Y:00 S:FB P:NvUBdIzc 
    $AB50:D0 51     BNE $ABA3                                                      A:03 X:01 Y:00 S:FB P:nvUBdIzC 
    $ABA3:BD D0 05  LDA $05D0,X @ $05D1 = #$00                                     A:03 X:01 Y:00 S:FB P:nvUBdIzC 
    $ABA6:10 24     BPL $ABCC                                                      A:00 X:01 Y:00 S:FB P:nvUBdIZC 
    $ABCC:A5 10     LDA $0010 = #$03                                               A:00 X:01 Y:00 S:FB P:nvUBdIZC 
    $ABCE:C9 08     CMP #$08                                                       A:03 X:01 Y:00 S:FB P:nvUBdIzC 
    $ABD0:D0 1A     BNE $ABEC                                                      A:03 X:01 Y:00 S:FB P:NvUBdIzc 
    $ABEC:BD 38 05  LDA $0538,X @ $0539 = #$45                                     A:03 X:01 Y:00 S:FB P:NvUBdIzc 
    $ABEF:29 40     AND #$40                                                       A:45 X:01 Y:00 S:FB P:nvUBdIzc 
    $ABF1:F0 F6     BEQ $ABE9                                                      A:40 X:01 Y:00 S:FB P:nvUBdIzc 
    $ABF3:A4 10     LDY $0010 = #$03                                               A:40 X:01 Y:00 S:FB P:nvUBdIzc 
    $ABF5:C0 03     CPY #$03                                                       A:40 X:01 Y:03 S:FB P:nvUBdIzc 
    $ABF7:F0 33     BEQ $AC2C                                                      A:40 X:01 Y:03 S:FB P:nvUBdIZC 
    $AC2C:BD A2 04  LDA $04A2,X @ $04A3 = #$00                                     A:40 X:01 Y:03 S:FB P:nvUBdIZC 
    $AC2F:29 BF     AND #$BF                                                       A:00 X:01 Y:03 S:FB P:nvUBdIZC 
    $AC31:9D A2 04  STA $04A2,X @ $04A3 = #$00                                     A:00 X:01 Y:03 S:FB P:nvUBdIZC 
    $AC34:BD BD 03  LDA $03BD,X @ $03BE = #$00                                     A:00 X:01 Y:03 S:FB P:nvUBdIZC 
    $AC37:C9 01     CMP #$01                                                       A:00 X:01 Y:03 S:FB P:nvUBdIZC 
    $AC39:A9 3A     LDA #$3A                                                       A:00 X:01 Y:03 S:FB P:NvUBdIzc 
    $AC3B:90 45     BCC $AC82                                                      A:3A X:01 Y:03 S:FB P:nvUBdIzc 
    $AC82:4C 88 AD  JMP $AD88                                                      A:3A X:01 Y:03 S:FB P:nvUBdIzc 
    $AD88:9D B5 03  STA $03B5,X @ $03B6 = #$36                                     A:3A X:01 Y:03 S:FB P:nvUBdIzc 
    $AD8B:60        RTS (from $88EC) ----------------------------------------------A:3A X:01 Y:03 S:FB P:nvUBdIzc 
  $87F6:A6 82     LDX $0082 = #$01                                               A:3A X:01 Y:03 S:FD P:nvUBdIzc 
  $87F8:BD C1 03  LDA $03C1,X @ $03C2 = #$02                                     A:3A X:01 Y:03 S:FD P:nvUBdIzc 
  $87FB:F0 CE     BEQ $87CB                                                      A:02 X:01 Y:03 S:FD P:nvUBdIzc 
  $87FD:1E A2 04  ASL $04A2,X @ $04A3 = #$00                                     A:02 X:01 Y:03 S:FD P:nvUBdIzc 
  $8800:A5 10     LDA $0010 = #$03                                               A:02 X:01 Y:03 S:FD P:nvUBdIZc 
  $8802:C9 05     CMP #$05                                                       A:03 X:01 Y:03 S:FD P:nvUBdIzc 
  $8804:F0 03     BEQ $8809                                                      A:03 X:01 Y:03 S:FD P:NvUBdIzc 
  $8806:4C 4E 88  JMP $884E                                                      A:03 X:01 Y:03 S:FD P:NvUBdIzc 
  $884E:C9 08     CMP #$08                                                       A:03 X:01 Y:03 S:FD P:NvUBdIzc 
  $8850:D0 2B     BNE $887D                                                      A:03 X:01 Y:03 S:FD P:NvUBdIzc 
  $887D:BD FD 03  LDA $03FD,X @ $03FE = #$20                                     A:03 X:01 Y:03 S:FD P:NvUBdIzc 
  $8880:38        SEC                                                            A:20 X:01 Y:03 S:FD P:nvUBdIzc 
  $8881:E5 87     SBC $0087 = #$DF                                               A:20 X:01 Y:03 S:FD P:nvUBdIzC 
  $8883:9D 84 04  STA $0484,X @ $0485 = #$41                                     A:41 X:01 Y:03 S:FD P:nvUBdIzc 
  $8886:BD EE 03  LDA $03EE,X @ $03EF = #$00                                     A:41 X:01 Y:03 S:FD P:nvUBdIzc 
  $8889:E5 88     SBC $0088 = #$FF                                               A:00 X:01 Y:03 S:FD P:nvUBdIZc 
  $888B:D0 52     BNE $88DF                                                      A:00 X:01 Y:03 S:FD P:nvUBdIZc 
  $888D:BD 1B 04  LDA $041B,X @ $041C = #$E7                                     A:00 X:01 Y:03 S:FD P:nvUBdIZc 
  $8890:38        SEC                                                            A:E7 X:01 Y:03 S:FD P:NvUBdIzc 
  $8891:FD 39 04  SBC $0439,X @ $043A = #$48                                     A:E7 X:01 Y:03 S:FD P:NvUBdIzC 
  $8894:85 15     STA $0015 = #$C0                                               A:9F X:01 Y:03 S:FD P:NvUBdIzC 
  $8896:BD 0C 04  LDA $040C,X @ $040D = #$00                                     A:9F X:01 Y:03 S:FD P:NvUBdIzC 
  $8899:FD 2A 04  SBC $042A,X @ $042B = #$00                                     A:00 X:01 Y:03 S:FD P:nvUBdIZC 
  $889C:85 16     STA $0016 = #$00                                               A:00 X:01 Y:03 S:FD P:nvUBdIZC 
  $889E:A5 F5     LDA $00F5 = #$00                                               A:00 X:01 Y:03 S:FD P:nvUBdIZC 
  $88A0:F0 0B     BEQ $88AD                                                      A:00 X:01 Y:03 S:FD P:nvUBdIZC 
  $88AD:A5 15     LDA $0015 = #$9F                                               A:00 X:01 Y:03 S:FD P:nvUBdIZC 
  $88AF:18        CLC                                                            A:9F X:01 Y:03 S:FD P:NvUBdIzC 
  $88B0:7D 75 04  ADC $0475,X @ $0476 = #$08                                     A:9F X:01 Y:03 S:FD P:NvUBdIzc 
  $88B3:90 02     BCC $88B7                                                      A:A7 X:01 Y:03 S:FD P:NvUBdIzc 
  $88B7:38        SEC                                                            A:A7 X:01 Y:03 S:FD P:NvUBdIzc 
  $88B8:E5 89     SBC $0089 = #$F0                                               A:A7 X:01 Y:03 S:FD P:NvUBdIzC 
  $88BA:9D 93 04  STA $0493,X @ $0494 = #$B7                                     A:B7 X:01 Y:03 S:FD P:NvUBdIzc 
  $88BD:A5 16     LDA $0016 = #$00                                               A:B7 X:01 Y:03 S:FD P:NvUBdIzc 
  $88BF:E5 8A     SBC $008A = #$FF                                               A:00 X:01 Y:03 S:FD P:nvUBdIZc 
  $88C1:D0 03     BNE $88C6                                                      A:00 X:01 Y:03 S:FD P:nvUBdIZc 
  $88C3:18        CLC                                                            A:00 X:01 Y:03 S:FD P:nvUBdIZc 
  $88C4:90 1A     BCC $88E0                                                      A:00 X:01 Y:03 S:FD P:nvUBdIZc 
  $88E0:7E A2 04  ROR $04A2,X @ $04A3 = #$00                                     A:00 X:01 Y:03 S:FD P:nvUBdIZc 
  $88E3:E8        INX                                                            A:00 X:01 Y:03 S:FD P:nvUBdIZc 
  $88E4:E0 0F     CPX #$0F                                                       A:00 X:02 Y:03 S:FD P:nvUBdIzc 
  $88E6:F0 03     BEQ $88EB                                                      A:00 X:02 Y:03 S:FD P:NvUBdIzc 
  $88E8:4C C4 87  JMP $87C4                                                      A:00 X:02 Y:03 S:FD P:NvUBdIzc 
  $87C4:86 82     STX $0082 = #$01                                               A:00 X:02 Y:03 S:FD P:NvUBdIzc 
  $87C6:BD C1 03  LDA $03C1,X @ $03C3 = #$82                                     A:00 X:02 Y:03 S:FD P:NvUBdIzc 
  $87C9:D0 08     BNE $87D3                                                      A:82 X:02 Y:03 S:FD P:NvUBdIzc 
  $87D3:0A        ASL                                                            A:82 X:02 Y:03 S:FD P:NvUBdIzc 
  $87D4:A8        TAY                                                            A:04 X:02 Y:03 S:FD P:nvUBdIzC 
  $87D5:B9 8A 9B  LDA $9B8A,Y @ $9B8E = #$D8                                     A:04 X:02 Y:04 S:FD P:nvUBdIzC 
  $87D8:85 19     STA $0019 = #$C1                                               A:D8 X:02 Y:04 S:FD P:NvUBdIzC 
  $87DA:B9 8B 9B  LDA $9B8B,Y @ $9B8F = #$9F                                     A:D8 X:02 Y:04 S:FD P:NvUBdIzC 
  $87DD:85 1A     STA $001A = #$BF                                               A:9F X:02 Y:04 S:FD P:NvUBdIzC 
  $87DF:BD 39 04  LDA $0439,X @ $043B = #$A0                                     A:9F X:02 Y:04 S:FD P:NvUBdIzC 
  $87E2:85 AD     STA $00AD = #$49                                               A:A0 X:02 Y:04 S:FD P:NvUBdIzC 
  $87E4:BD 2A 04  LDA $042A,X @ $042C = #$06                                     A:A0 X:02 Y:04 S:FD P:NvUBdIzC 
  $87E7:85 AE     STA $00AE = #$00                                               A:06 X:02 Y:04 S:FD P:nvUBdIzC 
  $87E9:BD A2 04  LDA $04A2,X @ $04A4 = #$8A                                     A:06 X:02 Y:04 S:FD P:nvUBdIzC 
  $87EC:85 81     STA $0081 = #$00                                               A:8A X:02 Y:04 S:FD P:NvUBdIzC 
  $87EE:29 F7     AND #$F7                                                       A:8A X:02 Y:04 S:FD P:NvUBdIzC 
  $87F0:9D A2 04  STA $04A2,X @ $04A4 = #$8A                                     A:82 X:02 Y:04 S:FD P:NvUBdIzC 
  $87F3:20 EC 88  JSR $88EC                                                      A:82 X:02 Y:04 S:FD P:NvUBdIzC 
    $88EC:6C 19 00  JMP ($0019) = $9FD8                                            A:82 X:02 Y:04 S:FB P:NvUBdIzC 
    $9FD8:BD B2 05  LDA $05B2,X @ $05B4 = #$00                                     A:82 X:02 Y:04 S:FB P:NvUBdIzC 
    $9FDB:D0 C5     BNE $9FA2                                                      A:00 X:02 Y:04 S:FB P:nvUBdIZC 
    $9FDD:B5 EC     LDA $EC,X @ $00EE = #$00                                       A:00 X:02 Y:04 S:FB P:nvUBdIZC 
    $9FDF:F0 02     BEQ $9FE3                                                      A:00 X:02 Y:04 S:FB P:nvUBdIZC 
    $9FE3:A4 10     LDY $0010 = #$03                                               A:00 X:02 Y:04 S:FB P:nvUBdIZC 
    $9FE5:B9 1B A0  LDA $A01B,Y @ $A01E = #$00                                     A:00 X:02 Y:03 S:FB P:nvUBdIzC 
    $9FE8:D0 03     BNE $9FED                                                      A:00 X:02 Y:03 S:FB P:nvUBdIZC 
    $9FEA:4C 92 A0  JMP $A092                                                      A:00 X:02 Y:03 S:FB P:nvUBdIZC 
    $A092:BD 29 05  LDA $0529,X @ $052B = #$00                                     A:00 X:02 Y:03 S:FB P:nvUBdIZC 
    $A095:F0 03     BEQ $A09A                                                      A:00 X:02 Y:03 S:FB P:nvUBdIZC 
    $A09A:A9 FE     LDA #$FE                                                       A:00 X:02 Y:03 S:FB P:nvUBdIZC 
    $A09C:BC D0 05  LDY $05D0,X @ $05D2 = #$00                                     A:FE X:02 Y:03 S:FB P:NvUBdIzC 
    $A09F:30 14     BMI $A0B5                                                      A:FE X:02 Y:00 S:FB P:nvUBdIZC 
    $A0A1:A9 FC     LDA #$FC                                                       A:FE X:02 Y:00 S:FB P:nvUBdIZC 
    $A0A3:A4 10     LDY $0010 = #$03                                               A:FC X:02 Y:00 S:FB P:NvUBdIzC 
    $A0A5:C0 04     CPY #$04                                                       A:FC X:02 Y:03 S:FB P:nvUBdIzC 
    $A0A7:D0 0C     BNE $A0B5                                                      A:FC X:02 Y:03 S:FB P:NvUBdIzc 
    $A0B5:20 6A D0  JSR $D06A                                                      A:FC X:02 Y:03 S:FB P:NvUBdIzc 
      $D06A:85 15     STA $0015 = #$9F                                               A:FC X:02 Y:03 S:F9 P:NvUBdIzc 
      $D06C:BD 65 05  LDA $0565,X @ $0567 = #$00                                     A:FC X:02 Y:03 S:F9 P:NvUBdIzc 
      $D06F:C9 FF     CMP #$FF                                                       A:00 X:02 Y:03 S:F9 P:nvUBdIZc 
      $D071:F0 0A     BEQ $D07D                                                      A:00 X:02 Y:03 S:F9 P:nvUBdIzc 
      $D073:65 15     ADC $0015 = #$FC                                               A:00 X:02 Y:03 S:F9 P:nvUBdIzc 
      $D075:B0 02     BCS $D079                                                      A:FC X:02 Y:03 S:F9 P:NvUBdIzc 
      $D077:A9 00     LDA #$00                                                       A:FC X:02 Y:03 S:F9 P:NvUBdIzc 
      $D079:9D 65 05  STA $0565,X @ $0567 = #$00                                     A:00 X:02 Y:03 S:F9 P:nvUBdIZc 
      $D07C:60        RTS (from $D06A) ----------------------------------------------A:00 X:02 Y:03 S:F9 P:nvUBdIZc 
    $A0B8:A5 C8     LDA $00C8 = #$00                                               A:00 X:02 Y:03 S:FB P:nvUBdIZc 
    $A0BA:F0 03     BEQ $A0BF                                                      A:00 X:02 Y:03 S:FB P:nvUBdIZc 
    $A0BF:A5 10     LDA $0010 = #$03                                               A:00 X:02 Y:03 S:FB P:nvUBdIZc 
    $A0C1:C9 03     CMP #$03                                                       A:03 X:02 Y:03 S:FB P:nvUBdIzc 
    $A0C3:D0 54     BNE $A119                                                      A:03 X:02 Y:03 S:FB P:nvUBdIZC 
    $A0C5:B5 E9     LDA $E9,X @ $00EB = #$00                                       A:03 X:02 Y:03 S:FB P:nvUBdIZC 
    $A0C7:D0 50     BNE $A119                                                      A:00 X:02 Y:03 S:FB P:nvUBdIZC 
    $A0C9:BD A2 04  LDA $04A2,X @ $04A4 = #$82                                     A:00 X:02 Y:03 S:FB P:nvUBdIZC 
    $A0CC:10 4B     BPL $A119                                                      A:82 X:02 Y:03 S:FB P:NvUBdIzC 
    $A0CE:A5 EB     LDA $00EB = #$00                                               A:82 X:02 Y:03 S:FB P:NvUBdIzC 
    $A0D0:D0 47     BNE $A119                                                      A:00 X:02 Y:03 S:FB P:nvUBdIZC 
    $A0D2:BD 2A 04  LDA $042A,X @ $042C = #$06                                     A:00 X:02 Y:03 S:FB P:nvUBdIZC 
    $A0D5:30 09     BMI $A0E0                                                      A:06 X:02 Y:03 S:FB P:nvUBdIzC 
    $A0D7:C9 01     CMP #$01                                                       A:06 X:02 Y:03 S:FB P:nvUBdIzC 
    $A0D9:F0 3E     BEQ $A119                                                      A:06 X:02 Y:03 S:FB P:nvUBdIzC 
    $A0DB:BD 39 04  LDA $0439,X @ $043B = #$A0                                     A:06 X:02 Y:03 S:FB P:nvUBdIzC 
    $A0DE:30 39     BMI $A119                                                      A:A0 X:02 Y:03 S:FB P:NvUBdIzC 
    $A119:BD 83 05  LDA $0583,X @ $0585 = #$00                                     A:A0 X:02 Y:03 S:FB P:NvUBdIzC 
    $A11C:F0 03     BEQ $A121                                                      A:00 X:02 Y:03 S:FB P:nvUBdIZC 
    $A121:BD 47 05  LDA $0547,X @ $0549 = #$00                                     A:00 X:02 Y:03 S:FB P:nvUBdIZC 
    $A124:D0 03     BNE $A129                                                      A:00 X:02 Y:03 S:FB P:nvUBdIZC 
    $A126:4C 6D A3  JMP $A36D                                                      A:00 X:02 Y:03 S:FB P:nvUBdIZC 
    $A36D:BD 74 05  LDA $0574,X @ $0576 = #$00                                     A:00 X:02 Y:03 S:FB P:nvUBdIZC 
    $A370:F0 F8     BEQ $A36A                                                      A:00 X:02 Y:03 S:FB P:nvUBdIZC 
    $A36A:4C 44 A4  JMP $A444                                                      A:00 X:02 Y:03 S:FB P:nvUBdIZC 
    $A444:B5 29     LDA $29,X @ $002B = #$0F                                       A:00 X:02 Y:03 S:FB P:nvUBdIZC 
    $A446:29 40     AND #$40                                                       A:0F X:02 Y:03 S:FB P:nvUBdIzC 
    $A448:F0 2B     BEQ $A475                                                      A:00 X:02 Y:03 S:FB P:nvUBdIZC 
    $A475:4C F6 A4  JMP $A4F6                                                      A:00 X:02 Y:03 S:FB P:nvUBdIZC 
    $A4F6:4C AF A6  JMP $A6AF                                                      A:00 X:02 Y:03 S:FB P:nvUBdIZC 
    $A6AF:BD FC 04  LDA $04FC,X @ $04FE = #$00                                     A:00 X:02 Y:03 S:FB P:nvUBdIZC 
    $A6B2:F0 08     BEQ $A6BC                                                      A:00 X:02 Y:03 S:FB P:nvUBdIZC 
    $A6BC:A5 10     LDA $0010 = #$03                                               A:00 X:02 Y:03 S:FB P:nvUBdIZC 
    $A6BE:C9 0A     CMP #$0A                                                       A:03 X:02 Y:03 S:FB P:nvUBdIzC 
    $A6C0:D0 55     BNE $A717                                                      A:03 X:02 Y:03 S:FB P:NvUBdIzc 
    $A717:BD A2 04  LDA $04A2,X @ $04A4 = #$82                                     A:03 X:02 Y:03 S:FB P:NvUBdIzc 
    $A71A:29 10     AND #$10                                                       A:82 X:02 Y:03 S:FB P:NvUBdIzc 
    $A71C:F0 15     BEQ $A733                                                      A:00 X:02 Y:03 S:FB P:nvUBdIZc 
    $A733:BD B1 03  LDA $03B1,X @ $03B3 = #$00                                     A:00 X:02 Y:03 S:FB P:nvUBdIZc 
    $A736:38        SEC                                                            A:00 X:02 Y:03 S:FB P:nvUBdIZc 
    $A737:E9 04     SBC #$04                                                       A:00 X:02 Y:03 S:FB P:nvUBdIZC 
    $A739:90 34     BCC $A76F                                                      A:FC X:02 Y:03 S:FB P:NvUBdIzc 
    $A76F:B5 2B     LDA $2B,X @ $002D = #$00                                       A:FC X:02 Y:03 S:FB P:NvUBdIzc 
    $A771:29 03     AND #$03                                                       A:00 X:02 Y:03 S:FB P:nvUBdIZc 
    $A773:F0 05     BEQ $A77A                                                      A:00 X:02 Y:03 S:FB P:nvUBdIZc 
    $A77A:BD B0 05  LDA $05B0,X @ $05B2 = #$00                                     A:00 X:02 Y:03 S:FB P:nvUBdIZc 
    $A77D:30 15     BMI $A794                                                      A:00 X:02 Y:03 S:FB P:nvUBdIZc 
    $A77F:A4 10     LDY $0010 = #$03                                               A:00 X:02 Y:03 S:FB P:nvUBdIZc 
    $A781:C0 06     CPY #$06                                                       A:00 X:02 Y:03 S:FB P:nvUBdIzc 
    $A783:D0 08     BNE $A78D                                                      A:00 X:02 Y:03 S:FB P:NvUBdIzc 
    $A78D:B9 0E 9F  LDA $9F0E,Y @ $9F11 = #$0F                                     A:00 X:02 Y:03 S:FB P:NvUBdIzc 
    $A790:35 29     AND $29,X @ $002B = #$0F                                       A:0F X:02 Y:03 S:FB P:nvUBdIzc 
    $A792:D0 03     BNE $A797                                                      A:0F X:02 Y:03 S:FB P:nvUBdIzc 
    $A797:A8        TAY                                                            A:0F X:02 Y:03 S:FB P:nvUBdIzc 
    $A798:B9 AF 9E  LDA $9EAF,Y @ $9EBE = #$00                                     A:0F X:02 Y:0F S:FB P:nvUBdIzc 
    $A79B:38        SEC                                                            A:00 X:02 Y:0F S:FB P:nvUBdIZc 
    $A79C:FD 56 05  SBC $0556,X @ $0558 = #$00                                     A:00 X:02 Y:0F S:FB P:nvUBdIZC 
    $A79F:F0 32     BEQ $A7D3                                                      A:00 X:02 Y:0F S:FB P:nvUBdIZC 
    $A7D3:BD D0 05  LDA $05D0,X @ $05D2 = #$00                                     A:00 X:02 Y:0F S:FB P:nvUBdIZC 
    $A7D6:F0 03     BEQ $A7DB                                                      A:00 X:02 Y:0F S:FB P:nvUBdIZC 
    $A7DB:BD A2 04  LDA $04A2,X @ $04A4 = #$82                                     A:00 X:02 Y:0F S:FB P:nvUBdIZC 
    $A7DE:29 10     AND #$10                                                       A:82 X:02 Y:0F S:FB P:NvUBdIzC 
    $A7E0:F0 0E     BEQ $A7F0                                                      A:00 X:02 Y:0F S:FB P:nvUBdIZC 
    $A7F0:A0 40     LDY #$40                                                       A:00 X:02 Y:0F S:FB P:nvUBdIZC 
    $A7F2:BD 56 05  LDA $0556,X @ $0558 = #$00                                     A:00 X:02 Y:40 S:FB P:nvUBdIzC 
    $A7F5:29 7F     AND #$7F                                                       A:00 X:02 Y:40 S:FB P:nvUBdIZC 
    $A7F7:38        SEC                                                            A:00 X:02 Y:40 S:FB P:nvUBdIZC 
    $A7F8:E9 21     SBC #$21                                                       A:00 X:02 Y:40 S:FB P:nvUBdIZC 
    $A7FA:C9 3D     CMP #$3D                                                       A:DF X:02 Y:40 S:FB P:NvUBdIzc 
    $A7FC:90 06     BCC $A804                                                      A:DF X:02 Y:40 S:FB P:NvUBdIzC 
    $A7FE:A4 10     LDY $0010 = #$03                                               A:DF X:02 Y:40 S:FB P:NvUBdIzC 
    $A800:B9 1C 9F  LDA $9F1C,Y @ $9F1F = #$80                                     A:DF X:02 Y:03 S:FB P:nvUBdIzC 
    $A803:A8        TAY                                                            A:80 X:02 Y:03 S:FB P:NvUBdIzC 
    $A804:BD 38 05  LDA $0538,X @ $053A = #$00                                     A:80 X:02 Y:80 S:FB P:NvUBdIzC 
    $A807:C9 40     CMP #$40                                                       A:00 X:02 Y:80 S:FB P:nvUBdIZC 
    $A809:90 36     BCC $A841                                                      A:00 X:02 Y:80 S:FB P:NvUBdIzc 
    $A841:BD 38 05  LDA $0538,X @ $053A = #$00                                     A:00 X:02 Y:80 S:FB P:NvUBdIzc 
    $A844:29 40     AND #$40                                                       A:00 X:02 Y:80 S:FB P:nvUBdIZc 
    $A846:D0 07     BNE $A84F                                                      A:00 X:02 Y:80 S:FB P:nvUBdIZc 
    $A848:BD D0 03  LDA $03D0,X @ $03D2 = #$00                                     A:00 X:02 Y:80 S:FB P:nvUBdIZc 
    $A84B:C9 4B     CMP #$4B                                                       A:00 X:02 Y:80 S:FB P:nvUBdIZc 
    $A84D:F0 27     BEQ $A876                                                      A:00 X:02 Y:80 S:FB P:NvUBdIzc 
    $A84F:BD D0 05  LDA $05D0,X @ $05D2 = #$00                                     A:00 X:02 Y:80 S:FB P:NvUBdIzc 
    $A852:F0 06     BEQ $A85A                                                      A:00 X:02 Y:80 S:FB P:nvUBdIZc 
    $A85A:A5 10     LDA $0010 = #$03                                               A:00 X:02 Y:80 S:FB P:nvUBdIZc 
    $A85C:C9 04     CMP #$04                                                       A:03 X:02 Y:80 S:FB P:nvUBdIzc 
    $A85E:D0 04     BNE $A864                                                      A:03 X:02 Y:80 S:FB P:NvUBdIzc 
    $A864:A9 0A     LDA #$0A                                                       A:03 X:02 Y:80 S:FB P:NvUBdIzc 
    $A866:18        CLC                                                            A:0A X:02 Y:80 S:FB P:nvUBdIzc 
    $A867:7D 65 05  ADC $0565,X @ $0567 = #$00                                     A:0A X:02 Y:80 S:FB P:nvUBdIzc 
    $A86A:9D 65 05  STA $0565,X @ $0567 = #$00                                     A:0A X:02 Y:80 S:FB P:nvUBdIzc 
    $A86D:98        TYA                                                            A:0A X:02 Y:80 S:FB P:nvUBdIzc 
    $A86E:DD 65 05  CMP $0565,X @ $0567 = #$0A                                     A:80 X:02 Y:80 S:FB P:NvUBdIzc 
    $A871:B0 03     BCS $A876                                                      A:80 X:02 Y:80 S:FB P:nvUBdIzC 
    $A876:BD 65 05  LDA $0565,X @ $0567 = #$0A                                     A:80 X:02 Y:80 S:FB P:nvUBdIzC 
    $A879:C9 80     CMP #$80                                                       A:0A X:02 Y:80 S:FB P:nvUBdIzC 
    $A87B:90 1E     BCC $A89B                                                      A:0A X:02 Y:80 S:FB P:NvUBdIzc 
    $A89B:20 A1 A8  JSR $A8A1                                                      A:0A X:02 Y:80 S:FB P:NvUBdIzc 
      $A8A1:A5 10     LDA $0010 = #$03                                               A:0A X:02 Y:80 S:F9 P:NvUBdIzc 
      $A8A3:C9 04     CMP #$04                                                       A:03 X:02 Y:80 S:F9 P:nvUBdIzc 
      $A8A5:D0 68     BNE $A90F                                                      A:03 X:02 Y:80 S:F9 P:NvUBdIzc 
      $A90F:4C 4C 8F  JMP $8F4C                                                      A:03 X:02 Y:80 S:F9 P:NvUBdIzc 
      $8F4C:BD 65 05  LDA $0565,X @ $0567 = #$0A                                     A:03 X:02 Y:80 S:F9 P:NvUBdIzc 
      $8F4F:29 F0     AND #$F0                                                       A:0A X:02 Y:80 S:F9 P:nvUBdIzc 
      $8F51:F0 43     BEQ $8F96                                                      A:00 X:02 Y:80 S:F9 P:nvUBdIZc 
      $8F96:60        RTS (from $A8A1) ----------------------------------------------A:00 X:02 Y:80 S:F9 P:nvUBdIZc 
    $A89E:4C 15 A9  JMP $A915                                                      A:00 X:02 Y:80 S:FB P:nvUBdIZc 
    $A915:A5 EB     LDA $00EB = #$00                                               A:00 X:02 Y:80 S:FB P:nvUBdIZc 
    $A917:D0 09     BNE $A922                                                      A:00 X:02 Y:80 S:FB P:nvUBdIZc 
    $A919:A5 10     LDA $0010 = #$03                                               A:00 X:02 Y:80 S:FB P:nvUBdIZc 
    $A91B:C9 05     CMP #$05                                                       A:03 X:02 Y:80 S:FB P:nvUBdIzc 
    $A91D:F0 03     BEQ $A922                                                      A:03 X:02 Y:80 S:FB P:NvUBdIzc 
    $A91F:20 12 9E  JSR $9E12                                                      A:03 X:02 Y:80 S:FB P:NvUBdIzc 
      $9E12:BD FD 03  LDA $03FD,X @ $03FF = #$B1                                     A:03 X:02 Y:80 S:F9 P:NvUBdIzc 
      $9E15:38        SEC                                                            A:B1 X:02 Y:80 S:F9 P:NvUBdIzc 
      $9E16:E5 87     SBC $0087 = #$DF                                               A:B1 X:02 Y:80 S:F9 P:NvUBdIzC 
      $9E18:A8        TAY                                                            A:D2 X:02 Y:80 S:F9 P:NvUBdIzc 
      $9E19:C0 1A     CPY #$1A                                                       A:D2 X:02 Y:D2 S:F9 P:NvUBdIzc 
      $9E1B:B0 09     BCS $9E26                                                      A:D2 X:02 Y:D2 S:F9 P:NvUBdIzC 
      $9E26:A9 16     LDA #$16                                                       A:D2 X:02 Y:D2 S:F9 P:NvUBdIzC 
      $9E28:C0 16     CPY #$16                                                       A:16 X:02 Y:D2 S:F9 P:nvUBdIzC 
      $9E2A:90 06     BCC $9E32                                                      A:16 X:02 Y:D2 S:F9 P:NvUBdIzC 
      $9E2C:C0 EF     CPY #$EF                                                       A:16 X:02 Y:D2 S:F9 P:NvUBdIzC 
      $9E2E:90 1D     BCC $9E4D                                                      A:16 X:02 Y:D2 S:F9 P:NvUBdIzc 
      $9E4D:60        RTS (from $9E12) ----------------------------------------------A:16 X:02 Y:D2 S:F9 P:NvUBdIzc 
    $A922:A5 10     LDA $0010 = #$03                                               A:16 X:02 Y:D2 S:FB P:NvUBdIzc 
    $A924:C9 02     CMP #$02                                                       A:03 X:02 Y:D2 S:FB P:nvUBdIzc 
    $A926:F0 EA     BEQ $A912                                                      A:03 X:02 Y:D2 S:FB P:nvUBdIzC 
    $A928:B5 2B     LDA $2B,X @ $002D = #$00                                       A:03 X:02 Y:D2 S:FB P:nvUBdIzC 
    $A92A:10 E6     BPL $A912                                                      A:00 X:02 Y:D2 S:FB P:nvUBdIZC 
    $A912:4C CB A9  JMP $A9CB                                                      A:00 X:02 Y:D2 S:FB P:nvUBdIZC 
    $A9CB:A5 C8     LDA $00C8 = #$00                                               A:00 X:02 Y:D2 S:FB P:nvUBdIZC 
    $A9CD:D0 6E     BNE $AA3D                                                      A:00 X:02 Y:D2 S:FB P:nvUBdIZC 
    $A9CF:BD 38 05  LDA $0538,X @ $053A = #$00                                     A:00 X:02 Y:D2 S:FB P:nvUBdIZC 
    $A9D2:29 40     AND #$40                                                       A:00 X:02 Y:D2 S:FB P:nvUBdIZC 
    $A9D4:F0 36     BEQ $AA0C                                                      A:00 X:02 Y:D2 S:FB P:nvUBdIZC 
    $AA0C:4C 0A AB  JMP $AB0A                                                      A:00 X:02 Y:D2 S:FB P:nvUBdIZC 
    $AB0A:BD FC 04  LDA $04FC,X @ $04FE = #$00                                     A:00 X:02 Y:D2 S:FB P:nvUBdIZC 
    $AB0D:F0 05     BEQ $AB14                                                      A:00 X:02 Y:D2 S:FB P:nvUBdIZC 
    $AB14:BD BB 03  LDA $03BB,X @ $03BD = #$00                                     A:00 X:02 Y:D2 S:FB P:nvUBdIZC 
    $AB17:C9 C0     CMP #$C0                                                       A:00 X:02 Y:D2 S:FB P:nvUBdIZC 
    $AB19:F0 05     BEQ $AB20                                                      A:00 X:02 Y:D2 S:FB P:nvUBdIzc 
    $AB1B:35 29     AND $29,X @ $002B = #$0F                                       A:00 X:02 Y:D2 S:FB P:nvUBdIzc 
    $AB1D:9D BB 03  STA $03BB,X @ $03BD = #$00                                     A:00 X:02 Y:D2 S:FB P:nvUBdIZc 
    $AB20:20 C1 8D  JSR $8DC1                                                      A:00 X:02 Y:D2 S:FB P:nvUBdIZc 
      $8DC1:A4 10     LDY $0010 = #$03                                               A:00 X:02 Y:D2 S:F9 P:nvUBdIZc 
      $8DC3:C0 02     CPY #$02                                                       A:00 X:02 Y:03 S:F9 P:nvUBdIzc 
      $8DC5:D0 7B     BNE $8E42                                                      A:00 X:02 Y:03 S:F9 P:nvUBdIzC 
      $8E42:BC FC 04  LDY $04FC,X @ $04FE = #$00                                     A:00 X:02 Y:03 S:F9 P:nvUBdIzC 
      $8E45:D0 03     BNE $8E4A                                                      A:00 X:02 Y:00 S:F9 P:nvUBdIZC 
      $8E47:2A        ROL                                                            A:00 X:02 Y:00 S:F9 P:nvUBdIZC 
      $8E48:B0 08     BCS $8E52                                                      A:01 X:02 Y:00 S:F9 P:nvUBdIzc 
      $8E4A:A9 B0     LDA #$B0                                                       A:01 X:02 Y:00 S:F9 P:nvUBdIzc 
      $8E4C:85 15     STA $0015 = #$FC                                               A:B0 X:02 Y:00 S:F9 P:NvUBdIzc 
      $8E4E:A9 D8     LDA #$D8                                                       A:B0 X:02 Y:00 S:F9 P:NvUBdIzc 
      $8E50:D0 08     BNE $8E5A                                                      A:D8 X:02 Y:00 S:F9 P:NvUBdIzc 
      $8E5A:A4 10     LDY $0010 = #$03                                               A:D8 X:02 Y:00 S:F9 P:NvUBdIzc 
      $8E5C:C0 06     CPY #$06                                                       A:D8 X:02 Y:03 S:F9 P:nvUBdIzc 
      $8E5E:F0 08     BEQ $8E68                                                      A:D8 X:02 Y:03 S:F9 P:NvUBdIzc 
      $8E60:C0 0C     CPY #$0C                                                       A:D8 X:02 Y:03 S:F9 P:NvUBdIzc 
      $8E62:F0 04     BEQ $8E68                                                      A:D8 X:02 Y:03 S:F9 P:NvUBdIzc 
      $8E64:C0 03     CPY #$03                                                       A:D8 X:02 Y:03 S:F9 P:NvUBdIzc 
      $8E66:D0 14     BNE $8E7C                                                      A:D8 X:02 Y:03 S:F9 P:nvUBdIZC 
      $8E68:BC 38 05  LDY $0538,X @ $053A = #$00                                     A:D8 X:02 Y:03 S:F9 P:nvUBdIZC 
      $8E6B:30 0F     BMI $8E7C                                                      A:D8 X:02 Y:00 S:F9 P:nvUBdIZC 
      $8E6D:C0 40     CPY #$40                                                       A:D8 X:02 Y:00 S:F9 P:nvUBdIZC 
      $8E6F:90 0B     BCC $8E7C                                                      A:D8 X:02 Y:00 S:F9 P:NvUBdIzc 
      $8E7C:BC C1 03  LDY $03C1,X @ $03C3 = #$82                                     A:D8 X:02 Y:00 S:F9 P:NvUBdIzc 
      $8E7F:B9 09 9D  LDA $9D09,Y @ $9D8B = #$00                                     A:D8 X:02 Y:82 S:F9 P:NvUBdIzc 
      $8E82:29 0F     AND #$0F                                                       A:00 X:02 Y:82 S:F9 P:nvUBdIZc 
      $8E84:E0 02     CPX #$02                                                       A:00 X:02 Y:82 S:F9 P:nvUBdIZc 
      $8E86:B0 20     BCS $8EA8                                                      A:00 X:02 Y:82 S:F9 P:nvUBdIZC 
      $8EA8:85 1F     STA $001F = #$40                                               A:00 X:02 Y:82 S:F9 P:nvUBdIZC 
      $8EAA:BD 75 04  LDA $0475,X @ $0477 = #$08                                     A:00 X:02 Y:82 S:F9 P:nvUBdIZC 
      $8EAD:85 AF     STA $00AF = #$09                                               A:08 X:02 Y:82 S:F9 P:nvUBdIzC 
      $8EAF:A5 15     LDA $0015 = #$B0                                               A:08 X:02 Y:82 S:F9 P:nvUBdIzC 
      $8EB1:C9 80     CMP #$80                                                       A:B0 X:02 Y:82 S:F9 P:NvUBdIzC 
      $8EB3:B0 15     BCS $8ECA                                                      A:B0 X:02 Y:82 S:F9 P:nvUBdIzC 
      $8ECA:7D CF 04  ADC $04CF,X @ $04D1 = #$00                                     A:B0 X:02 Y:82 S:F9 P:nvUBdIzC 
      $8ECD:9D CF 04  STA $04CF,X @ $04D1 = #$00                                     A:B1 X:02 Y:82 S:F9 P:NvUBdIzc 
      $8ED0:B0 12     BCS $8EE4                                                      A:B1 X:02 Y:82 S:F9 P:NvUBdIzc 
      $8ED2:A5 1F     LDA $001F = #$00                                               A:B1 X:02 Y:82 S:F9 P:NvUBdIzc 
      $8ED4:7D C0 04  ADC $04C0,X @ $04C2 = #$00                                     A:00 X:02 Y:82 S:F9 P:nvUBdIZc 
      $8ED7:D0 05     BNE $8EDE                                                      A:00 X:02 Y:82 S:F9 P:nvUBdIZc 
      $8ED9:9D CF 04  STA $04CF,X @ $04D1 = #$B1                                     A:00 X:02 Y:82 S:F9 P:nvUBdIZc 
      $8EDC:F0 06     BEQ $8EE4                                                      A:00 X:02 Y:82 S:F9 P:nvUBdIZc 
      $8EE4:18        CLC                                                            A:00 X:02 Y:82 S:F9 P:nvUBdIZc 
      $8EE5:7D 66 04  ADC $0466,X @ $0468 = #$00                                     A:00 X:02 Y:82 S:F9 P:nvUBdIZc 
      $8EE8:9D 66 04  STA $0466,X @ $0468 = #$00                                     A:00 X:02 Y:82 S:F9 P:nvUBdIZc 
      $8EEB:BD C0 04  LDA $04C0,X @ $04C2 = #$00                                     A:00 X:02 Y:82 S:F9 P:nvUBdIZc 
      $8EEE:85 15     STA $0015 = #$B0                                               A:00 X:02 Y:82 S:F9 P:nvUBdIZc 
      $8EF0:7D 39 04  ADC $0439,X @ $043B = #$A0                                     A:00 X:02 Y:82 S:F9 P:nvUBdIZc 
      $8EF3:9D 39 04  STA $0439,X @ $043B = #$A0                                     A:A0 X:02 Y:82 S:F9 P:NvUBdIzc 
      $8EF6:08        PHP                                                            A:A0 X:02 Y:82 S:F9 P:NvUBdIzc 
       $8EF7:A9 80     LDA #$80                                                       A:A0 X:02 Y:82 S:F8 P:NvUBdIzc 
       $8EF9:C5 15     CMP $0015 = #$00                                               A:80 X:02 Y:82 S:F8 P:NvUBdIzc 
       $8EFB:A9 00     LDA #$00                                                       A:80 X:02 Y:82 S:F8 P:NvUBdIzC 
       $8EFD:E9 00     SBC #$00                                                       A:00 X:02 Y:82 S:F8 P:nvUBdIZC 
       $8EFF:28        PLP                                                            A:00 X:02 Y:82 S:F8 P:nvUBdIZC 
      $8F00:7D 2A 04  ADC $042A,X @ $042C = #$06                                     A:00 X:02 Y:82 S:F9 P:NvUBdIzc 
      $8F03:9D 2A 04  STA $042A,X @ $042C = #$06                                     A:06 X:02 Y:82 S:F9 P:nvUBdIzc 
      $8F06:10 41     BPL $8F49                                                      A:06 X:02 Y:82 S:F9 P:nvUBdIzc 
      $8F49:60        RTS (from $8DC1) ----------------------------------------------A:06 X:02 Y:82 S:F9 P:nvUBdIzc 
    $AB23:20 71 E4  JSR $E471                                                      A:06 X:02 Y:82 S:FB P:nvUBdIzc 
      $E471:A5 10     LDA $0010 = #$03                                               A:06 X:02 Y:82 S:F9 P:nvUBdIzc 
      $E473:C9 01     CMP #$01                                                       A:03 X:02 Y:82 S:F9 P:nvUBdIzc 
      $E475:D0 36     BNE $E4AD                                                      A:03 X:02 Y:82 S:F9 P:nvUBdIzC 
      $E4AD:A2 12     LDX #$12                                                       A:03 X:02 Y:82 S:F9 P:nvUBdIzC 
      $E4AF:A0 05     LDY #$05                                                       A:03 X:12 Y:82 S:F9 P:nvUBdIzC 
      $E4B1:4C CB FF  JMP $FFCB                                                      A:03 X:12 Y:05 S:F9 P:nvUBdIzC 
      $FFCB:A9 00     LDA #$00                                                       A:03 X:12 Y:05 S:F9 P:nvUBdIzC 
      $FFCD:09 00     ORA #$00                                                       A:00 X:12 Y:05 S:F9 P:nvUBdIZC 
      $FFCF:85 2D     STA $002D = #$00                                               A:00 X:12 Y:05 S:F9 P:nvUBdIZC 
      $FFD1:A5 13     LDA $0013 = #$06                                               A:00 X:12 Y:05 S:F9 P:nvUBdIZC 
      $FFD3:48        PHA                                                            A:06 X:12 Y:05 S:F9 P:nvUBdIzC 
       $FFD4:86 13     STX $0013 = #$06                                               A:06 X:12 Y:05 S:F8 P:nvUBdIzC 
       $FFD6:B9 B3 FF  LDA $FFB3,Y @ $FFB8 = #$05                                     A:06 X:12 Y:05 S:F8 P:nvUBdIzC 
       $FFD9:99 B3 FF  STA $FFB3,Y @ $FFB8 = #$05                                     A:05 X:12 Y:05 S:F8 P:nvUBdIzC 
       $FFDC:20 00 80  JSR $8000                                                      A:05 X:12 Y:05 S:F8 P:nvUBdIzC 
         $8000:6C 13 00  JMP ($0013) = $8012                                            A:05 X:12 Y:05 S:F6 P:nvUBdIzC 
         $8012:4C 39 BC  JMP $BC39                                                      A:05 X:12 Y:05 S:F6 P:nvUBdIzC 
         $BC39:A9 00     LDA #$00                                                       A:05 X:12 Y:05 S:F6 P:nvUBdIzC 
         $BC3B:85 D9     STA $00D9 = #$00                                               A:00 X:12 Y:05 S:F6 P:nvUBdIZC 
         $BC3D:85 DA     STA $00DA = #$40                                               A:00 X:12 Y:05 S:F6 P:nvUBdIZC 
         $BC3F:A6 82     LDX $0082 = #$02                                               A:00 X:12 Y:05 S:F6 P:nvUBdIZC 
         $BC41:E0 02     CPX #$02                                                       A:00 X:02 Y:05 S:F6 P:nvUBdIzC 
         $BC43:B0 0E     BCS $BC53                                                      A:00 X:02 Y:05 S:F6 P:nvUBdIZC 
         $BC53:A5 10     LDA $0010 = #$03                                               A:00 X:02 Y:05 S:F6 P:nvUBdIZC 
         $BC55:C9 03     CMP #$03                                                       A:03 X:02 Y:05 S:F6 P:nvUBdIzC 
         $BC57:F0 79     BEQ $BCD2                                                      A:03 X:02 Y:05 S:F6 P:nvUBdIZC 
         $BCD2:20 22 B4  JSR $B422                                                      A:03 X:02 Y:05 S:F6 P:nvUBdIZC 
           $B422:A9 C0     LDA #$C0                                                       A:03 X:02 Y:05 S:F4 P:nvUBdIZC 
           $B424:85 15     STA $0015 = #$00                                               A:C0 X:02 Y:05 S:F4 P:NvUBdIzC 
           $B426:BC EE 03  LDY $03EE,X @ $03F0 = #$4A                                     A:C0 X:02 Y:05 S:F4 P:NvUBdIzC 
           $B429:A5 10     LDA $0010 = #$03                                               A:C0 X:02 Y:4A S:F4 P:nvUBdIzC 
           $B42B:C9 0C     CMP #$0C                                                       A:03 X:02 Y:4A S:F4 P:nvUBdIzC 
           $B42D:F0 EA     BEQ $B419                                                      A:03 X:02 Y:4A S:F4 P:NvUBdIzc 
           $B42F:C9 03     CMP #$03                                                       A:03 X:02 Y:4A S:F4 P:NvUBdIzc 
           $B431:F0 08     BEQ $B43B                                                      A:03 X:02 Y:4A S:F4 P:nvUBdIZC 
           $B43B:BD 1B 04  LDA $041B,X @ $041D = #$08                                     A:03 X:02 Y:4A S:F4 P:nvUBdIZC 
           $B43E:10 18     BPL $B458                                                      A:08 X:02 Y:4A S:F4 P:nvUBdIzC 
           $B458:A5 10     LDA $0010 = #$03                                               A:08 X:02 Y:4A S:F4 P:nvUBdIzC 
           $B45A:C9 03     CMP #$03                                                       A:03 X:02 Y:4A S:F4 P:nvUBdIzC 
           $B45C:F0 06     BEQ $B464                                                      A:03 X:02 Y:4A S:F4 P:nvUBdIZC 
           $B464:B9 6B 81  LDA $816B,Y @ $81B5 = #$00                                     A:03 X:02 Y:4A S:F4 P:nvUBdIZC 
           $B467:A8        TAY                                                            A:00 X:02 Y:4A S:F4 P:nvUBdIZC 
           $B468:A5 E3     LDA $00E3 = #$00                                               A:00 X:02 Y:00 S:F4 P:nvUBdIZC 
           $B46A:F0 02     BEQ $B46E                                                      A:00 X:02 Y:00 S:F4 P:nvUBdIZC 
           $B46E:84 15     STY $0015 = #$C0                                               A:00 X:02 Y:00 S:F4 P:nvUBdIZC 
           $B470:BD FD 03  LDA $03FD,X @ $03FF = #$B1                                     A:00 X:02 Y:00 S:F4 P:nvUBdIZC 
           $B473:29 E0     AND #$E0                                                       A:B1 X:02 Y:00 S:F4 P:NvUBdIzC 
           $B475:46 15     LSR $0015 = #$00                                               A:A0 X:02 Y:00 S:F4 P:NvUBdIzC 
           $B477:6A        ROR                                                            A:A0 X:02 Y:00 S:F4 P:nvUBdIZc 
           $B478:46 15     LSR $0015 = #$00                                               A:50 X:02 Y:00 S:F4 P:nvUBdIzc 
           $B47A:6A        ROR                                                            A:50 X:02 Y:00 S:F4 P:nvUBdIZc 
           $B47B:46 15     LSR $0015 = #$00                                               A:28 X:02 Y:00 S:F4 P:nvUBdIzc 
           $B47D:6A        ROR                                                            A:28 X:02 Y:00 S:F4 P:nvUBdIZc 
           $B47E:85 17     STA $0017 = #$E8                                               A:14 X:02 Y:00 S:F4 P:nvUBdIzc 
           $B480:A9 02     LDA #$02                                                       A:14 X:02 Y:00 S:F4 P:nvUBdIzc 
           $B482:85 1B     STA $001B = #$01                                               A:02 X:02 Y:00 S:F4 P:nvUBdIzc 
           $B484:A0 00     LDY #$00                                                       A:02 X:02 Y:00 S:F4 P:nvUBdIzc 
           $B486:A5 10     LDA $0010 = #$03                                               A:02 X:02 Y:00 S:F4 P:nvUBdIZc 
           $B488:C9 03     CMP #$03                                                       A:03 X:02 Y:00 S:F4 P:nvUBdIzc 
           $B48A:F0 1D     BEQ $B4A9                                                      A:03 X:02 Y:00 S:F4 P:nvUBdIZC 
           $B4A9:84 1A     STY $001A = #$9F                                               A:03 X:02 Y:00 S:F4 P:nvUBdIZC 
           $B4AB:A4 10     LDY $0010 = #$03                                               A:03 X:02 Y:00 S:F4 P:nvUBdIZC 
           $B4AD:A5 17     LDA $0017 = #$14                                               A:03 X:02 Y:03 S:F4 P:nvUBdIzC 
           $B4AF:18        CLC                                                            A:14 X:02 Y:03 S:F4 P:nvUBdIzC 
           $B4B0:79 E9 BD  ADC $BDE9,Y @ $BDEC = #$BD                                     A:14 X:02 Y:03 S:F4 P:nvUBdIzc 
           $B4B3:85 19     STA $0019 = #$D8                                               A:D1 X:02 Y:03 S:F4 P:NvUBdIzc 
           $B4B5:A5 1A     LDA $001A = #$00                                               A:D1 X:02 Y:03 S:F4 P:NvUBdIzc 
           $B4B7:79 F5 BD  ADC $BDF5,Y @ $BDF8 = #$BF                                     A:00 X:02 Y:03 S:F4 P:nvUBdIZc 
           $B4BA:85 1A     STA $001A = #$00                                               A:BF X:02 Y:03 S:F4 P:NvUBdIzc 
           $B4BC:A0 00     LDY #$00                                                       A:BF X:02 Y:03 S:F4 P:NvUBdIzc 
           $B4BE:60        RTS (from $B422) ----------------------------------------------A:BF X:02 Y:00 S:F4 P:nvUBdIZc 
         $BCD5:84 1F     STY $001F = #$00                                               A:BF X:02 Y:00 S:F6 P:nvUBdIZc 
         $BCD7:A5 10     LDA $0010 = #$03                                               A:BF X:02 Y:00 S:F6 P:nvUBdIZc 
         $BCD9:C9 0C     CMP #$0C                                                       A:03 X:02 Y:00 S:F6 P:nvUBdIzc 
         $BCDB:D0 03     BNE $BCE0                                                      A:03 X:02 Y:00 S:F6 P:NvUBdIzc 
         $BCE0:B1 19     LDA ($19),Y @ $BFD1 = #$3A                                     A:03 X:02 Y:00 S:F6 P:NvUBdIzc 
         $BCE2:85 15     STA $0015 = #$00                                               A:3A X:02 Y:00 S:F6 P:nvUBdIzc 
         $BCE4:C8        INY                                                            A:3A X:02 Y:00 S:F6 P:nvUBdIzc 
         $BCE5:11 19     ORA ($19),Y @ $BFD2 = #$40                                     A:3A X:02 Y:01 S:F6 P:nvUBdIzc 
         $BCE7:F0 56     BEQ $BD3F                                                      A:7A X:02 Y:01 S:F6 P:nvUBdIzc 
         $BCE9:20 02 BE  JSR $BE02                                                      A:7A X:02 Y:01 S:F6 P:nvUBdIzc 
           $BE02:A9 00     LDA #$00                                                       A:7A X:02 Y:01 S:F4 P:nvUBdIzc 
           $BE04:06 15     ASL $0015 = #$3A                                               A:00 X:02 Y:01 S:F4 P:nvUBdIZc 
           $BE06:2A        ROL                                                            A:00 X:02 Y:01 S:F4 P:nvUBdIzc 
           $BE07:06 15     ASL $0015 = #$74                                               A:00 X:02 Y:01 S:F4 P:nvUBdIZc 
           $BE09:2A        ROL                                                            A:00 X:02 Y:01 S:F4 P:NvUBdIzc 
           $BE0A:85 16     STA $0016 = #$00                                               A:00 X:02 Y:01 S:F4 P:nvUBdIZc 
           $BE0C:B1 19     LDA ($19),Y @ $BFD2 = #$40                                     A:00 X:02 Y:01 S:F4 P:nvUBdIZc 
           $BE0E:29 0F     AND #$0F                                                       A:40 X:02 Y:01 S:F4 P:nvUBdIzc 
           $BE10:F0 2A     BEQ $BE3C                                                      A:00 X:02 Y:01 S:F4 P:nvUBdIZc 
           $BE3C:60        RTS (from $BE02) ----------------------------------------------A:00 X:02 Y:01 S:F4 P:nvUBdIZc 
         $BCEC:BD 1B 04  LDA $041B,X @ $041D = #$08                                     A:00 X:02 Y:01 S:F6 P:nvUBdIZc 
         $BCEF:38        SEC                                                            A:08 X:02 Y:01 S:F6 P:nvUBdIzc 
         $BCF0:E5 15     SBC $0015 = #$E8                                               A:08 X:02 Y:01 S:F6 P:nvUBdIzC 
         $BCF2:BD 0C 04  LDA $040C,X @ $040E = #$00                                     A:20 X:02 Y:01 S:F6 P:nvUBdIzc 
         $BCF5:E5 16     SBC $0016 = #$00                                               A:00 X:02 Y:01 S:F6 P:nvUBdIZc 
         $BCF7:B0 46     BCS $BD3F                                                      A:FF X:02 Y:01 S:F6 P:NvUBdIzc 
         $BCF9:A5 1F     LDA $001F = #$00                                               A:FF X:02 Y:01 S:F6 P:NvUBdIzc 
         $BCFB:85 20     STA $0020 = #$00                                               A:00 X:02 Y:01 S:F6 P:nvUBdIZc 
         $BCFD:A5 10     LDA $0010 = #$03                                               A:00 X:02 Y:01 S:F6 P:nvUBdIZc 
         $BCFF:C9 0C     CMP #$0C                                                       A:03 X:02 Y:01 S:F6 P:nvUBdIzc 
         $BD01:D0 13     BNE $BD16                                                      A:03 X:02 Y:01 S:F6 P:NvUBdIzc 
         $BD16:B1 19     LDA ($19),Y @ $BFD2 = #$40                                     A:03 X:02 Y:01 S:F6 P:NvUBdIzc 
         $BD18:29 F0     AND #$F0                                                       A:40 X:02 Y:01 S:F6 P:nvUBdIzc 
         $BD1A:85 1F     STA $001F = #$00                                               A:40 X:02 Y:01 S:F6 P:nvUBdIzc 
         $BD1C:E9 0A     SBC #$0A                                                       A:40 X:02 Y:01 S:F6 P:nvUBdIzc 
         $BD1E:FD 39 04  SBC $0439,X @ $043B = #$A0                                     A:35 X:02 Y:01 S:F6 P:nvUBdIzC 
         $BD21:90 0F     BCC $BD32                                                      A:95 X:02 Y:01 S:F6 P:NVUBdIzc 
         $BD32:A5 15     LDA $0015 = #$E8                                               A:95 X:02 Y:01 S:F6 P:NVUBdIzc 
         $BD34:85 17     STA $0017 = #$14                                               A:E8 X:02 Y:01 S:F6 P:NVUBdIzc 
         $BD36:A5 16     LDA $0016 = #$00                                               A:E8 X:02 Y:01 S:F6 P:NVUBdIzc 
         $BD38:85 18     STA $0018 = #$00                                               A:00 X:02 Y:01 S:F6 P:nVUBdIZc 
         $BD3A:C8        INY                                                            A:00 X:02 Y:01 S:F6 P:nVUBdIZc 
         $BD3B:C6 1B     DEC $001B = #$02                                               A:00 X:02 Y:02 S:F6 P:nVUBdIzc 
         $BD3D:D0 A1     BNE $BCE0                                                      A:00 X:02 Y:02 S:F6 P:nVUBdIzc 
         $BCE0:B1 19     LDA ($19),Y @ $BFD3 = #$30                                     A:00 X:02 Y:02 S:F6 P:nVUBdIzc 
         $BCE2:85 15     STA $0015 = #$E8                                               A:30 X:02 Y:02 S:F6 P:nVUBdIzc 
         $BCE4:C8        INY                                                            A:30 X:02 Y:02 S:F6 P:nVUBdIzc 
         $BCE5:11 19     ORA ($19),Y @ $BFD4 = #$00                                     A:30 X:02 Y:03 S:F6 P:nVUBdIzc 
         $BCE7:F0 56     BEQ $BD3F                                                      A:30 X:02 Y:03 S:F6 P:nVUBdIzc 
         $BCE9:20 02 BE  JSR $BE02                                                      A:30 X:02 Y:03 S:F6 P:nVUBdIzc 
           $BE02:A9 00     LDA #$00                                                       A:30 X:02 Y:03 S:F4 P:nVUBdIzc 
           $BE04:06 15     ASL $0015 = #$30                                               A:00 X:02 Y:03 S:F4 P:nVUBdIZc 
           $BE06:2A        ROL                                                            A:00 X:02 Y:03 S:F4 P:nVUBdIzc 
           $BE07:06 15     ASL $0015 = #$60                                               A:00 X:02 Y:03 S:F4 P:nVUBdIZc 
           $BE09:2A        ROL                                                            A:00 X:02 Y:03 S:F4 P:NVUBdIzc 
           $BE0A:85 16     STA $0016 = #$00                                               A:00 X:02 Y:03 S:F4 P:nVUBdIZc 
           $BE0C:B1 19     LDA ($19),Y @ $BFD4 = #$00                                     A:00 X:02 Y:03 S:F4 P:nVUBdIZc 
           $BE0E:29 0F     AND #$0F                                                       A:00 X:02 Y:03 S:F4 P:nVUBdIZc 
           $BE10:F0 2A     BEQ $BE3C                                                      A:00 X:02 Y:03 S:F4 P:nVUBdIZc 
           $BE3C:60        RTS (from $BE02) ----------------------------------------------A:00 X:02 Y:03 S:F4 P:nVUBdIZc 
         $BCEC:BD 1B 04  LDA $041B,X @ $041D = #$08                                     A:00 X:02 Y:03 S:F6 P:nVUBdIZc 
         $BCEF:38        SEC                                                            A:08 X:02 Y:03 S:F6 P:nVUBdIzc 
         $BCF0:E5 15     SBC $0015 = #$C0                                               A:08 X:02 Y:03 S:F6 P:nVUBdIzC 
         $BCF2:BD 0C 04  LDA $040C,X @ $040E = #$00                                     A:48 X:02 Y:03 S:F6 P:nvUBdIzc 
         $BCF5:E5 16     SBC $0016 = #$00                                               A:00 X:02 Y:03 S:F6 P:nvUBdIZc 
         $BCF7:B0 46     BCS $BD3F                                                      A:FF X:02 Y:03 S:F6 P:NvUBdIzc 
         $BCF9:A5 1F     LDA $001F = #$40                                               A:FF X:02 Y:03 S:F6 P:NvUBdIzc 
         $BCFB:85 20     STA $0020 = #$00                                               A:40 X:02 Y:03 S:F6 P:nvUBdIzc 
         $BCFD:A5 10     LDA $0010 = #$03                                               A:40 X:02 Y:03 S:F6 P:nvUBdIzc 
         $BCFF:C9 0C     CMP #$0C                                                       A:03 X:02 Y:03 S:F6 P:nvUBdIzc 
         $BD01:D0 13     BNE $BD16                                                      A:03 X:02 Y:03 S:F6 P:NvUBdIzc 
         $BD16:B1 19     LDA ($19),Y @ $BFD4 = #$00                                     A:03 X:02 Y:03 S:F6 P:NvUBdIzc 
         $BD18:29 F0     AND #$F0                                                       A:00 X:02 Y:03 S:F6 P:nvUBdIZc 
         $BD1A:85 1F     STA $001F = #$40                                               A:00 X:02 Y:03 S:F6 P:nvUBdIZc 
         $BD1C:E9 0A     SBC #$0A                                                       A:00 X:02 Y:03 S:F6 P:nvUBdIZc 
         $BD1E:FD 39 04  SBC $0439,X @ $043B = #$A0                                     A:F5 X:02 Y:03 S:F6 P:NvUBdIzc 
         $BD21:90 0F     BCC $BD32                                                      A:54 X:02 Y:03 S:F6 P:nvUBdIzC 
         $BD23:A5 10     LDA $0010 = #$03                                               A:54 X:02 Y:03 S:F6 P:nvUBdIzC 
         $BD25:C9 03     CMP #$03                                                       A:03 X:02 Y:03 S:F6 P:nvUBdIzC 
         $BD27:F0 09     BEQ $BD32                                                      A:03 X:02 Y:03 S:F6 P:nvUBdIZC 
         $BD32:A5 15     LDA $0015 = #$C0                                               A:03 X:02 Y:03 S:F6 P:nvUBdIZC 
         $BD34:85 17     STA $0017 = #$E8                                               A:C0 X:02 Y:03 S:F6 P:NvUBdIzC 
         $BD36:A5 16     LDA $0016 = #$00                                               A:C0 X:02 Y:03 S:F6 P:NvUBdIzC 
         $BD38:85 18     STA $0018 = #$00                                               A:00 X:02 Y:03 S:F6 P:nvUBdIZC 
         $BD3A:C8        INY                                                            A:00 X:02 Y:03 S:F6 P:nvUBdIZC 
         $BD3B:C6 1B     DEC $001B = #$01                                               A:00 X:02 Y:04 S:F6 P:nvUBdIzC 
         $BD3D:D0 A1     BNE $BCE0                                                      A:00 X:02 Y:04 S:F6 P:nvUBdIZC 
         $BD3F:A5 1F     LDA $001F = #$00                                               A:00 X:02 Y:04 S:F6 P:nvUBdIZC 
         $BD41:85 DA     STA $00DA = #$00                                               A:00 X:02 Y:04 S:F6 P:nvUBdIZC 
         $BD43:F0 19     BEQ $BD5E                                                      A:00 X:02 Y:04 S:F6 P:nvUBdIZC 
         $BD5E:4C CC BD  JMP $BDCC                                                      A:00 X:02 Y:04 S:F6 P:nvUBdIZC 
         $BDCC:A9 08     LDA #$08                                                       A:00 X:02 Y:04 S:F6 P:nvUBdIZC 
         $BDCE:1D A2 04  ORA $04A2,X @ $04A4 = #$82                                     A:08 X:02 Y:04 S:F6 P:nvUBdIzC 
         $BDD1:9D A2 04  STA $04A2,X @ $04A4 = #$82                                     A:8A X:02 Y:04 S:F6 P:NvUBdIzC 
         $BDD4:A9 08     LDA #$08                                                       A:8A X:02 Y:04 S:F6 P:NvUBdIzC 
         $BDD6:D0 F0     BNE $BDC8                                                      A:08 X:02 Y:04 S:F6 P:nvUBdIzC 
         $BDC8:9D 75 04  STA $0475,X @ $0477 = #$08                                     A:08 X:02 Y:04 S:F6 P:nvUBdIzC 
         $BDCB:60        RTS (from $8000) ----------------------------------------------A:08 X:02 Y:04 S:F6 P:nvUBdIzC 
       $FFDF:A4 2D     LDY $002D = #$00                                               A:08 X:02 Y:04 S:F8 P:nvUBdIzC 
       $FFE1:68        PLA                                                            A:08 X:02 Y:00 S:F8 P:nvUBdIZC 
      $FFE2:85 13     STA $0013 = #$12                                               A:06 X:02 Y:00 S:F9 P:nvUBdIzC 
      $FFE4:B9 B3 FF  LDA $FFB3,Y @ $FFB3 = #$00                                     A:06 X:02 Y:00 S:F9 P:nvUBdIzC 
      $FFE7:99 B3 FF  STA $FFB3,Y @ $FFB3 = #$00                                     A:00 X:02 Y:00 S:F9 P:nvUBdIZC 
      $FFEA:60        RTS (from $E471) ----------------------------------------------A:00 X:02 Y:00 S:F9 P:nvUBdIZC 
    $AB26:A5 10     LDA $0010 = #$03                                               A:00 X:02 Y:00 S:FB P:nvUBdIZC 
    $AB28:C9 02     CMP #$02                                                       A:03 X:02 Y:00 S:FB P:nvUBdIzC 
    $AB2A:F0 03     BEQ $AB2F                                                      A:03 X:02 Y:00 S:FB P:nvUBdIzC 
    $AB2C:20 66 CF  JSR $CF66                                                      A:03 X:02 Y:00 S:FB P:nvUBdIzC 
      $CF66:BD 56 05  LDA $0556,X @ $0558 = #$00                                     A:03 X:02 Y:00 S:F9 P:nvUBdIzC 
      $CF69:29 7F     AND #$7F                                                       A:00 X:02 Y:00 S:F9 P:nvUBdIZC 
      $CF6B:38        SEC                                                            A:00 X:02 Y:00 S:F9 P:nvUBdIZC 
      $CF6C:E9 31     SBC #$31                                                       A:00 X:02 Y:00 S:F9 P:nvUBdIZC 
      $CF6E:C9 20     CMP #$20                                                       A:CF X:02 Y:00 S:F9 P:NvUBdIzc 
      $CF70:90 1D     BCC $CF8F                                                      A:CF X:02 Y:00 S:F9 P:NvUBdIzC 
      $CF72:BD A2 04  LDA $04A2,X @ $04A4 = #$8A                                     A:CF X:02 Y:00 S:F9 P:NvUBdIzC 
      $CF75:29 BF     AND #$BF                                                       A:8A X:02 Y:00 S:F9 P:NvUBdIzC 
      $CF77:9D A2 04  STA $04A2,X @ $04A4 = #$8A                                     A:8A X:02 Y:00 S:F9 P:NvUBdIzC 
      $CF7A:BD FC 04  LDA $04FC,X @ $04FE = #$00                                     A:8A X:02 Y:00 S:F9 P:NvUBdIzC 
      $CF7D:C9 2C     CMP #$2C                                                       A:00 X:02 Y:00 S:F9 P:nvUBdIZC 
      $CF7F:F0 0E     BEQ $CF8F                                                      A:00 X:02 Y:00 S:F9 P:NvUBdIzc 
      $CF81:BD 56 05  LDA $0556,X @ $0558 = #$00                                     A:00 X:02 Y:00 S:F9 P:NvUBdIzc 
      $CF84:69 2F     ADC #$2F                                                       A:00 X:02 Y:00 S:F9 P:nvUBdIZc 
      $CF86:4A        LSR                                                            A:2F X:02 Y:00 S:F9 P:nvUBdIzc 
      $CF87:29 40     AND #$40                                                       A:17 X:02 Y:00 S:F9 P:nvUBdIzC 
      $CF89:1D A2 04  ORA $04A2,X @ $04A4 = #$8A                                     A:00 X:02 Y:00 S:F9 P:nvUBdIZC 
      $CF8C:9D A2 04  STA $04A2,X @ $04A4 = #$8A                                     A:8A X:02 Y:00 S:F9 P:NvUBdIzC 
      $CF8F:60        RTS (from $CF66) ----------------------------------------------A:8A X:02 Y:00 S:F9 P:NvUBdIzC 
    $AB2F:BD FC 04  LDA $04FC,X @ $04FE = #$00                                     A:8A X:02 Y:00 S:FB P:NvUBdIzC 
    $AB32:05 C8     ORA $00C8 = #$00                                               A:00 X:02 Y:00 S:FB P:nvUBdIZC 
    $AB34:D0 6C     BNE $ABA2                                                      A:00 X:02 Y:00 S:FB P:nvUBdIZC 
    $AB36:A5 10     LDA $0010 = #$03                                               A:00 X:02 Y:00 S:FB P:nvUBdIZC 
    $AB38:C9 0B     CMP #$0B                                                       A:03 X:02 Y:00 S:FB P:nvUBdIzC 
    $AB3A:D0 12     BNE $AB4E                                                      A:03 X:02 Y:00 S:FB P:NvUBdIzc 
    $AB4E:C9 02     CMP #$02                                                       A:03 X:02 Y:00 S:FB P:NvUBdIzc 
    $AB50:D0 51     BNE $ABA3                                                      A:03 X:02 Y:00 S:FB P:nvUBdIzC 
    $ABA3:BD D0 05  LDA $05D0,X @ $05D2 = #$00                                     A:03 X:02 Y:00 S:FB P:nvUBdIzC 
    $ABA6:10 24     BPL $ABCC                                                      A:00 X:02 Y:00 S:FB P:nvUBdIZC 
    $ABCC:A5 10     LDA $0010 = #$03                                               A:00 X:02 Y:00 S:FB P:nvUBdIZC 
    $ABCE:C9 08     CMP #$08                                                       A:03 X:02 Y:00 S:FB P:nvUBdIzC 
    $ABD0:D0 1A     BNE $ABEC                                                      A:03 X:02 Y:00 S:FB P:NvUBdIzc 
    $ABEC:BD 38 05  LDA $0538,X @ $053A = #$00                                     A:03 X:02 Y:00 S:FB P:NvUBdIzc 
    $ABEF:29 40     AND #$40                                                       A:00 X:02 Y:00 S:FB P:nvUBdIZc 
    $ABF1:F0 F6     BEQ $ABE9                                                      A:00 X:02 Y:00 S:FB P:nvUBdIZc 
    $ABE9:4C 85 AC  JMP $AC85                                                      A:00 X:02 Y:00 S:FB P:nvUBdIZc 
    $AC85:BD 75 04  LDA $0475,X @ $0477 = #$08                                     A:00 X:02 Y:00 S:FB P:nvUBdIZc 
    $AC88:F0 19     BEQ $ACA3                                                      A:08 X:02 Y:00 S:FB P:nvUBdIzc 
    $AC8A:BC 38 05  LDY $0538,X @ $053A = #$00                                     A:08 X:02 Y:00 S:FB P:nvUBdIzc 
    $AC8D:30 10     BMI $AC9F                                                      A:08 X:02 Y:00 S:FB P:nvUBdIZc 
    $AC8F:BD C0 04  LDA $04C0,X @ $04C2 = #$00                                     A:08 X:02 Y:00 S:FB P:nvUBdIZc 
    $AC92:18        CLC                                                            A:00 X:02 Y:00 S:FB P:nvUBdIZc 
    $AC93:69 02     ADC #$02                                                       A:00 X:02 Y:00 S:FB P:nvUBdIZc 
    $AC95:C9 05     CMP #$05                                                       A:02 X:02 Y:00 S:FB P:nvUBdIzc 
    $AC97:A9 2D     LDA #$2D                                                       A:02 X:02 Y:00 S:FB P:NvUBdIzc 
    $AC99:90 E7     BCC $AC82                                                      A:2D X:02 Y:00 S:FB P:nvUBdIzc 
    $AC82:4C 88 AD  JMP $AD88                                                      A:2D X:02 Y:00 S:FB P:nvUBdIzc 
    $AD88:9D B5 03  STA $03B5,X @ $03B7 = #$2D                                     A:2D X:02 Y:00 S:FB P:nvUBdIzc 
    $AD8B:60        RTS (from $88EC) ----------------------------------------------A:2D X:02 Y:00 S:FB P:nvUBdIzc 
  $87F6:A6 82     LDX $0082 = #$02                                               A:2D X:02 Y:00 S:FD P:nvUBdIzc 
  $87F8:BD C1 03  LDA $03C1,X @ $03C3 = #$82                                     A:2D X:02 Y:00 S:FD P:nvUBdIzc 
  $87FB:F0 CE     BEQ $87CB                                                      A:82 X:02 Y:00 S:FD P:NvUBdIzc 
  $87FD:1E A2 04  ASL $04A2,X @ $04A4 = #$8A                                     A:82 X:02 Y:00 S:FD P:NvUBdIzc 
  $8800:A5 10     LDA $0010 = #$03                                               A:82 X:02 Y:00 S:FD P:nvUBdIzC 
  $8802:C9 05     CMP #$05                                                       A:03 X:02 Y:00 S:FD P:nvUBdIzC 
  $8804:F0 03     BEQ $8809                                                      A:03 X:02 Y:00 S:FD P:NvUBdIzc 
  $8806:4C 4E 88  JMP $884E                                                      A:03 X:02 Y:00 S:FD P:NvUBdIzc 
  $884E:C9 08     CMP #$08                                                       A:03 X:02 Y:00 S:FD P:NvUBdIzc 
  $8850:D0 2B     BNE $887D                                                      A:03 X:02 Y:00 S:FD P:NvUBdIzc 
  $887D:BD FD 03  LDA $03FD,X @ $03FF = #$B1                                     A:03 X:02 Y:00 S:FD P:NvUBdIzc 
  $8880:38        SEC                                                            A:B1 X:02 Y:00 S:FD P:NvUBdIzc 
  $8881:E5 87     SBC $0087 = #$DF                                               A:B1 X:02 Y:00 S:FD P:NvUBdIzC 
  $8883:9D 84 04  STA $0484,X @ $0486 = #$D2                                     A:D2 X:02 Y:00 S:FD P:NvUBdIzc 
  $8886:BD EE 03  LDA $03EE,X @ $03F0 = #$4A                                     A:D2 X:02 Y:00 S:FD P:NvUBdIzc 
  $8889:E5 88     SBC $0088 = #$FF                                               A:4A X:02 Y:00 S:FD P:nvUBdIzc 
  $888B:D0 52     BNE $88DF                                                      A:4A X:02 Y:00 S:FD P:nvUBdIzc 
  $88DF:38        SEC                                                            A:4A X:02 Y:00 S:FD P:nvUBdIzc 
  $88E0:7E A2 04  ROR $04A2,X @ $04A4 = #$14                                     A:4A X:02 Y:00 S:FD P:nvUBdIzC 
  $88E3:E8        INX                                                            A:4A X:02 Y:00 S:FD P:NvUBdIzc 
  $88E4:E0 0F     CPX #$0F                                                       A:4A X:03 Y:00 S:FD P:nvUBdIzc 
  $88E6:F0 03     BEQ $88EB                                                      A:4A X:03 Y:00 S:FD P:NvUBdIzc 
  $88E8:4C C4 87  JMP $87C4                                                      A:4A X:03 Y:00 S:FD P:NvUBdIzc 
  $87C4:86 82     STX $0082 = #$02                                               A:4A X:03 Y:00 S:FD P:NvUBdIzc 
  $87C6:BD C1 03  LDA $03C1,X @ $03C4 = #$04                                     A:4A X:03 Y:00 S:FD P:NvUBdIzc 
  $87C9:D0 08     BNE $87D3                                                      A:04 X:03 Y:00 S:FD P:nvUBdIzc 
  $87D3:0A        ASL                                                            A:04 X:03 Y:00 S:FD P:nvUBdIzc 
  $87D4:A8        TAY                                                            A:08 X:03 Y:00 S:FD P:nvUBdIzc 
  $87D5:B9 8A 9B  LDA $9B8A,Y @ $9B92 = #$D7                                     A:08 X:03 Y:08 S:FD P:nvUBdIzc 
  $87D8:85 19     STA $0019 = #$D1                                               A:D7 X:03 Y:08 S:FD P:NvUBdIzc 
  $87DA:B9 8B 9B  LDA $9B8B,Y @ $9B93 = #$AD                                     A:D7 X:03 Y:08 S:FD P:NvUBdIzc 
  $87DD:85 1A     STA $001A = #$BF                                               A:AD X:03 Y:08 S:FD P:NvUBdIzc 
  $87DF:BD 39 04  LDA $0439,X @ $043C = #$1E                                     A:AD X:03 Y:08 S:FD P:NvUBdIzc 
  $87E2:85 AD     STA $00AD = #$A0                                               A:1E X:03 Y:08 S:FD P:nvUBdIzc 
  $87E4:BD 2A 04  LDA $042A,X @ $042D = #$02                                     A:1E X:03 Y:08 S:FD P:nvUBdIzc 
  $87E7:85 AE     STA $00AE = #$06                                               A:02 X:03 Y:08 S:FD P:nvUBdIzc 
  $87E9:BD A2 04  LDA $04A2,X @ $04A5 = #$80                                     A:02 X:03 Y:08 S:FD P:nvUBdIzc 
  $87EC:85 81     STA $0081 = #$8A                                               A:80 X:03 Y:08 S:FD P:NvUBdIzc 
  $87EE:29 F7     AND #$F7                                                       A:80 X:03 Y:08 S:FD P:NvUBdIzc 
  $87F0:9D A2 04  STA $04A2,X @ $04A5 = #$80                                     A:80 X:03 Y:08 S:FD P:NvUBdIzc 
  $87F3:20 EC 88  JSR $88EC                                                      A:80 X:03 Y:08 S:FD P:NvUBdIzc 
    $88EC:6C 19 00  JMP ($0019) = $ADD7                                            A:80 X:03 Y:08 S:FB P:NvUBdIzc 
    $ADD7:BD ED 04  LDA $04ED,X @ $04F0 = #$00                                     A:80 X:03 Y:08 S:FB P:NvUBdIzc 
    $ADDA:18        CLC                                                            A:00 X:03 Y:08 S:FB P:nvUBdIZc 
    $ADDB:7D DE 04  ADC $04DE,X @ $04E1 = #$00                                     A:00 X:03 Y:08 S:FB P:nvUBdIZc 
    $ADDE:B0 F4     BCS $ADD4                                                      A:00 X:03 Y:08 S:FB P:nvUBdIZc 
    $ADE0:4C 6C AE  JMP $AE6C                                                      A:00 X:03 Y:08 S:FB P:nvUBdIZc 
    $AE6C:9D DE 04  STA $04DE,X @ $04E1 = #$00                                     A:00 X:03 Y:08 S:FB P:nvUBdIZc 
    $AE6F:DE 0B 05  DEC $050B,X @ $050E = #$A3                                     A:00 X:03 Y:08 S:FB P:nvUBdIZc 
    $AE72:D0 03     BNE $AE77                                                      A:00 X:03 Y:08 S:FB P:NvUBdIzc 
    $AE77:60        RTS (from $88EC) ----------------------------------------------A:00 X:03 Y:08 S:FB P:NvUBdIzc 
  $87F6:A6 82     LDX $0082 = #$03                                               A:00 X:03 Y:08 S:FD P:NvUBdIzc 
  $87F8:BD C1 03  LDA $03C1,X @ $03C4 = #$04                                     A:00 X:03 Y:08 S:FD P:nvUBdIzc 
  $87FB:F0 CE     BEQ $87CB                                                      A:04 X:03 Y:08 S:FD P:nvUBdIzc 
  $87FD:1E A2 04  ASL $04A2,X @ $04A5 = #$80                                     A:04 X:03 Y:08 S:FD P:nvUBdIzc 
  $8800:A5 10     LDA $0010 = #$03                                               A:04 X:03 Y:08 S:FD P:nvUBdIZC 
  $8802:C9 05     CMP #$05                                                       A:03 X:03 Y:08 S:FD P:nvUBdIzC 
  $8804:F0 03     BEQ $8809                                                      A:03 X:03 Y:08 S:FD P:NvUBdIzc 
  $8806:4C 4E 88  JMP $884E                                                      A:03 X:03 Y:08 S:FD P:NvUBdIzc 
  $884E:C9 08     CMP #$08                                                       A:03 X:03 Y:08 S:FD P:NvUBdIzc 
  $8850:D0 2B     BNE $887D                                                      A:03 X:03 Y:08 S:FD P:NvUBdIzc 
  $887D:BD FD 03  LDA $03FD,X @ $0400 = #$02                                     A:03 X:03 Y:08 S:FD P:NvUBdIzc 
  $8880:38        SEC                                                            A:02 X:03 Y:08 S:FD P:nvUBdIzc 
  $8881:E5 87     SBC $0087 = #$DF                                               A:02 X:03 Y:08 S:FD P:nvUBdIzC 
  $8883:9D 84 04  STA $0484,X @ $0487 = #$23                                     A:23 X:03 Y:08 S:FD P:nvUBdIzc 
  $8886:BD EE 03  LDA $03EE,X @ $03F1 = #$02                                     A:23 X:03 Y:08 S:FD P:nvUBdIzc 
  $8889:E5 88     SBC $0088 = #$FF                                               A:02 X:03 Y:08 S:FD P:nvUBdIzc 
  $888B:D0 52     BNE $88DF                                                      A:02 X:03 Y:08 S:FD P:nvUBdIzc 
  $88DF:38        SEC                                                            A:02 X:03 Y:08 S:FD P:nvUBdIzc 
  $88E0:7E A2 04  ROR $04A2,X @ $04A5 = #$00                                     A:02 X:03 Y:08 S:FD P:nvUBdIzC 
  $88E3:E8        INX                                                            A:02 X:03 Y:08 S:FD P:NvUBdIzc 
  $88E4:E0 0F     CPX #$0F                                                       A:02 X:04 Y:08 S:FD P:nvUBdIzc 
  $88E6:F0 03     BEQ $88EB                                                      A:02 X:04 Y:08 S:FD P:NvUBdIzc 
  $88E8:4C C4 87  JMP $87C4                                                      A:02 X:04 Y:08 S:FD P:NvUBdIzc 
  $87C4:86 82     STX $0082 = #$03                                               A:02 X:04 Y:08 S:FD P:NvUBdIzc 
  $87C6:BD C1 03  LDA $03C1,X @ $03C5 = #$08                                     A:02 X:04 Y:08 S:FD P:NvUBdIzc 
  $87C9:D0 08     BNE $87D3                                                      A:08 X:04 Y:08 S:FD P:nvUBdIzc 
  $87D3:0A        ASL                                                            A:08 X:04 Y:08 S:FD P:nvUBdIzc 
  $87D4:A8        TAY                                                            A:10 X:04 Y:08 S:FD P:nvUBdIzc 
  $87D5:B9 8A 9B  LDA $9B8A,Y @ $9B9A = #$D1                                     A:10 X:04 Y:10 S:FD P:nvUBdIzc 
  $87D8:85 19     STA $0019 = #$D7                                               A:D1 X:04 Y:10 S:FD P:NvUBdIzc 
  $87DA:B9 8B 9B  LDA $9B8B,Y @ $9B9B = #$B5                                     A:D1 X:04 Y:10 S:FD P:NvUBdIzc 
  $87DD:85 1A     STA $001A = #$AD                                               A:B5 X:04 Y:10 S:FD P:NvUBdIzc 
  $87DF:BD 39 04  LDA $0439,X @ $043D = #$6A                                     A:B5 X:04 Y:10 S:FD P:NvUBdIzc 
  $87E2:85 AD     STA $00AD = #$1E                                               A:6A X:04 Y:10 S:FD P:nvUBdIzc 
  $87E4:BD 2A 04  LDA $042A,X @ $042E = #$00                                     A:6A X:04 Y:10 S:FD P:nvUBdIzc 
  $87E7:85 AE     STA $00AE = #$02                                               A:00 X:04 Y:10 S:FD P:nvUBdIZc 
  $87E9:BD A2 04  LDA $04A2,X @ $04A6 = #$00                                     A:00 X:04 Y:10 S:FD P:nvUBdIZc 
  $87EC:85 81     STA $0081 = #$80                                               A:00 X:04 Y:10 S:FD P:nvUBdIZc 
  $87EE:29 F7     AND #$F7                                                       A:00 X:04 Y:10 S:FD P:nvUBdIZc 
  $87F0:9D A2 04  STA $04A2,X @ $04A6 = #$00                                     A:00 X:04 Y:10 S:FD P:nvUBdIZc 
  $87F3:20 EC 88  JSR $88EC                                                      A:00 X:04 Y:10 S:FD P:nvUBdIZc 
    $88EC:6C 19 00  JMP ($0019) = $B5D1                                            A:00 X:04 Y:10 S:FB P:nvUBdIZc 
    $B5D1:BD A1 05  LDA $05A1,X @ $05A5 = #$00                                     A:00 X:04 Y:10 S:FB P:nvUBdIZc 
    $B5D4:D0 05     BNE $B5DB                                                      A:00 X:04 Y:10 S:FB P:nvUBdIZc 
    $B5D6:A9 0A     LDA #$0A                                                       A:00 X:04 Y:10 S:FB P:nvUBdIZc 
    $B5D8:20 48 91  JSR $9148                                                      A:0A X:04 Y:10 S:FB P:nvUBdIzc 
      $9148:A2 15     LDX #$15                                                       A:0A X:04 Y:10 S:F9 P:nvUBdIzc 
      $914A:20 E1 84  JSR $84E1                                                      A:0A X:15 Y:10 S:F9 P:nvUBdIzc 
        $84E1:85 39     STA $0039 = #$00                                               A:0A X:15 Y:10 S:F7 P:nvUBdIzc 
        $84E3:A0 03     LDY #$03                                                       A:0A X:15 Y:10 S:F7 P:nvUBdIzc 
        $84E5:4C CB FF  JMP $FFCB                                                      A:0A X:15 Y:03 S:F7 P:nvUBdIzc 
        $FFCB:A9 00     LDA #$00                                                       A:0A X:15 Y:03 S:F7 P:nvUBdIzc 
        $FFCD:09 00     ORA #$00                                                       A:00 X:15 Y:03 S:F7 P:nvUBdIZc 
        $FFCF:85 2D     STA $002D = #$00                                               A:00 X:15 Y:03 S:F7 P:nvUBdIZc 
        $FFD1:A5 13     LDA $0013 = #$06                                               A:00 X:15 Y:03 S:F7 P:nvUBdIZc 
        $FFD3:48        PHA                                                            A:06 X:15 Y:03 S:F7 P:nvUBdIzc 
         $FFD4:86 13     STX $0013 = #$06                                               A:06 X:15 Y:03 S:F6 P:nvUBdIzc 
         $FFD6:B9 B3 FF  LDA $FFB3,Y @ $FFB6 = #$03                                     A:06 X:15 Y:03 S:F6 P:nvUBdIzc 
         $FFD9:99 B3 FF  STA $FFB3,Y @ $FFB6 = #$03                                     A:03 X:15 Y:03 S:F6 P:nvUBdIzc 
         $FFDC:20 00 80  JSR $8000                                                      A:03 X:15 Y:03 S:F6 P:nvUBdIzc 
           $8000:6C 13 00  JMP ($0013) = $8015                                            A:03 X:15 Y:03 S:F4 P:nvUBdIzc 
           $8015:4C 87 8A  JMP $8A87                                                      A:03 X:15 Y:03 S:F4 P:nvUBdIzc 
           $8A87:A2 0C     LDX #$0C                                                       A:03 X:15 Y:03 S:F4 P:nvUBdIzc 
           $8A89:BD 11 03  LDA $0311,X @ $031D = #$0A                                     A:03 X:0C Y:03 S:F4 P:nvUBdIzc 
           $8A8C:29 FE     AND #$FE                                                       A:0A X:0C Y:03 S:F4 P:nvUBdIzc 
           $8A8E:C9 7A     CMP #$7A                                                       A:0A X:0C Y:03 S:F4 P:nvUBdIzc 
           $8A90:F0 11     BEQ $8AA3                                                      A:0A X:0C Y:03 S:F4 P:NvUBdIzc 
           $8A92:A5 39     LDA $0039 = #$0A                                               A:0A X:0C Y:03 S:F4 P:NvUBdIzc 
           $8A94:DD 11 03  CMP $0311,X @ $031D = #$0A                                     A:0A X:0C Y:03 S:F4 P:nvUBdIzc 
           $8A97:F0 E1     BEQ $8A7A                                                      A:0A X:0C Y:03 S:F4 P:nvUBdIZC 
           $8A7A:60        RTS (from $8000) ----------------------------------------------A:0A X:0C Y:03 S:F4 P:nvUBdIZC 
         $FFDF:A4 2D     LDY $002D = #$00                                               A:0A X:0C Y:03 S:F6 P:nvUBdIZC 
         $FFE1:68        PLA                                                            A:0A X:0C Y:00 S:F6 P:nvUBdIZC 
        $FFE2:85 13     STA $0013 = #$15                                               A:06 X:0C Y:00 S:F7 P:nvUBdIzC 
        $FFE4:B9 B3 FF  LDA $FFB3,Y @ $FFB3 = #$00                                     A:06 X:0C Y:00 S:F7 P:nvUBdIzC 
        $FFE7:99 B3 FF  STA $FFB3,Y @ $FFB3 = #$00                                     A:00 X:0C Y:00 S:F7 P:nvUBdIZC 
        $FFEA:60        RTS (from $84E1) ----------------------------------------------A:00 X:0C Y:00 S:F7 P:nvUBdIZC 
      $914D:A6 82     LDX $0082 = #$04                                               A:00 X:0C Y:00 S:F9 P:nvUBdIZC 
      $914F:60        RTS (from $9148) ----------------------------------------------A:00 X:04 Y:00 S:F9 P:nvUBdIzC 
    $B5DB:BD 83 05  LDA $0583,X @ $0587 = #$D6                                     A:00 X:04 Y:00 S:FB P:nvUBdIzC 
    $B5DE:C9 01     CMP #$01                                                       A:D6 X:04 Y:00 S:FB P:NvUBdIzC 
    $B5E0:D0 03     BNE $B5E5                                                      A:D6 X:04 Y:00 S:FB P:NvUBdIzC 
    $B5E5:A9 00     LDA #$00                                                       A:D6 X:04 Y:00 S:FB P:NvUBdIzC 
    $B5E7:9D D0 03  STA $03D0,X @ $03D4 = #$00                                     A:00 X:04 Y:00 S:FB P:nvUBdIZC 
    $B5EA:9D 75 04  STA $0475,X @ $0479 = #$00                                     A:00 X:04 Y:00 S:FB P:nvUBdIZC 
    $B5ED:A5 0B     LDA $000B = #$61                                               A:00 X:04 Y:00 S:FB P:nvUBdIZC 
    $B5EF:6A        ROR                                                            A:61 X:04 Y:00 S:FB P:nvUBdIzC 
    $B5F0:90 03     BCC $B5F5                                                      A:B0 X:04 Y:00 S:FB P:NvUBdIzC 
    $B5F2:4C 62 B5  JMP $B562                                                      A:B0 X:04 Y:00 S:FB P:NvUBdIzC 
    $B562:60        RTS (from $88EC) ----------------------------------------------A:B0 X:04 Y:00 S:FB P:NvUBdIzC 
  $87F6:A6 82     LDX $0082 = #$04                                               A:B0 X:04 Y:00 S:FD P:NvUBdIzC 
  $87F8:BD C1 03  LDA $03C1,X @ $03C5 = #$08                                     A:B0 X:04 Y:00 S:FD P:nvUBdIzC 
  $87FB:F0 CE     BEQ $87CB                                                      A:08 X:04 Y:00 S:FD P:nvUBdIzC 
  $87FD:1E A2 04  ASL $04A2,X @ $04A6 = #$00                                     A:08 X:04 Y:00 S:FD P:nvUBdIzC 
  $8800:A5 10     LDA $0010 = #$03                                               A:08 X:04 Y:00 S:FD P:nvUBdIZc 
  $8802:C9 05     CMP #$05                                                       A:03 X:04 Y:00 S:FD P:nvUBdIzc 
  $8804:F0 03     BEQ $8809                                                      A:03 X:04 Y:00 S:FD P:NvUBdIzc 
  $8806:4C 4E 88  JMP $884E                                                      A:03 X:04 Y:00 S:FD P:NvUBdIzc 
  $884E:C9 08     CMP #$08                                                       A:03 X:04 Y:00 S:FD P:NvUBdIzc 
  $8850:D0 2B     BNE $887D                                                      A:03 X:04 Y:00 S:FD P:NvUBdIzc 
  $887D:BD FD 03  LDA $03FD,X @ $0401 = #$3D                                     A:03 X:04 Y:00 S:FD P:NvUBdIzc 
  $8880:38        SEC                                                            A:3D X:04 Y:00 S:FD P:nvUBdIzc 
  $8881:E5 87     SBC $0087 = #$DF                                               A:3D X:04 Y:00 S:FD P:nvUBdIzC 
  $8883:9D 84 04  STA $0484,X @ $0488 = #$5E                                     A:5E X:04 Y:00 S:FD P:nvUBdIzc 
  $8886:BD EE 03  LDA $03EE,X @ $03F2 = #$00                                     A:5E X:04 Y:00 S:FD P:nvUBdIzc 
  $8889:E5 88     SBC $0088 = #$FF                                               A:00 X:04 Y:00 S:FD P:nvUBdIZc 
  $888B:D0 52     BNE $88DF                                                      A:00 X:04 Y:00 S:FD P:nvUBdIZc 
  $888D:BD 1B 04  LDA $041B,X @ $041F = #$E3                                     A:00 X:04 Y:00 S:FD P:nvUBdIZc 
  $8890:38        SEC                                                            A:E3 X:04 Y:00 S:FD P:NvUBdIzc 
  $8891:FD 39 04  SBC $0439,X @ $043D = #$6A                                     A:E3 X:04 Y:00 S:FD P:NvUBdIzC 
  $8894:85 15     STA $0015 = #$C0                                               A:79 X:04 Y:00 S:FD P:nVUBdIzC 
  $8896:BD 0C 04  LDA $040C,X @ $0410 = #$00                                     A:79 X:04 Y:00 S:FD P:nVUBdIzC 
  $8899:FD 2A 04  SBC $042A,X @ $042E = #$00                                     A:00 X:04 Y:00 S:FD P:nVUBdIZC 
  $889C:85 16     STA $0016 = #$00                                               A:00 X:04 Y:00 S:FD P:nvUBdIZC 
  $889E:A5 F5     LDA $00F5 = #$00                                               A:00 X:04 Y:00 S:FD P:nvUBdIZC 
  $88A0:F0 0B     BEQ $88AD                                                      A:00 X:04 Y:00 S:FD P:nvUBdIZC 
  $88AD:A5 15     LDA $0015 = #$79                                               A:00 X:04 Y:00 S:FD P:nvUBdIZC 
  $88AF:18        CLC                                                            A:79 X:04 Y:00 S:FD P:nvUBdIzC 
  $88B0:7D 75 04  ADC $0475,X @ $0479 = #$00                                     A:79 X:04 Y:00 S:FD P:nvUBdIzc 
  $88B3:90 02     BCC $88B7                                                      A:79 X:04 Y:00 S:FD P:nvUBdIzc 
  $88B7:38        SEC                                                            A:79 X:04 Y:00 S:FD P:nvUBdIzc 
  $88B8:E5 89     SBC $0089 = #$F0                                               A:79 X:04 Y:00 S:FD P:nvUBdIzC 
  $88BA:9D 93 04  STA $0493,X @ $0497 = #$89                                     A:89 X:04 Y:00 S:FD P:NVUBdIzc 
  $88BD:A5 16     LDA $0016 = #$00                                               A:89 X:04 Y:00 S:FD P:NVUBdIzc 
  $88BF:E5 8A     SBC $008A = #$FF                                               A:00 X:04 Y:00 S:FD P:nVUBdIZc 
  $88C1:D0 03     BNE $88C6                                                      A:00 X:04 Y:00 S:FD P:nvUBdIZc 
  $88C3:18        CLC                                                            A:00 X:04 Y:00 S:FD P:nvUBdIZc 
  $88C4:90 1A     BCC $88E0                                                      A:00 X:04 Y:00 S:FD P:nvUBdIZc 
  $88E0:7E A2 04  ROR $04A2,X @ $04A6 = #$00                                     A:00 X:04 Y:00 S:FD P:nvUBdIZc 
  $88E3:E8        INX                                                            A:00 X:04 Y:00 S:FD P:nvUBdIZc 
  $88E4:E0 0F     CPX #$0F                                                       A:00 X:05 Y:00 S:FD P:nvUBdIzc 
  $88E6:F0 03     BEQ $88EB                                                      A:00 X:05 Y:00 S:FD P:NvUBdIzc 
  $88E8:4C C4 87  JMP $87C4                                                      A:00 X:05 Y:00 S:FD P:NvUBdIzc 
  $87C4:86 82     STX $0082 = #$04                                               A:00 X:05 Y:00 S:FD P:NvUBdIzc 
  $87C6:BD C1 03  LDA $03C1,X @ $03C6 = #$63                                     A:00 X:05 Y:00 S:FD P:NvUBdIzc 
  $87C9:D0 08     BNE $87D3                                                      A:63 X:05 Y:00 S:FD P:nvUBdIzc 
  $87D3:0A        ASL                                                            A:63 X:05 Y:00 S:FD P:nvUBdIzc 
  $87D4:A8        TAY                                                            A:C6 X:05 Y:00 S:FD P:NvUBdIzc 
  $87D5:B9 8A 9B  LDA $9B8A,Y @ $9C50 = #$3E                                     A:C6 X:05 Y:C6 S:FD P:NvUBdIzc 
  $87D8:85 19     STA $0019 = #$D1                                               A:3E X:05 Y:C6 S:FD P:nvUBdIzc 
  $87DA:B9 8B 9B  LDA $9B8B,Y @ $9C51 = #$92                                     A:3E X:05 Y:C6 S:FD P:nvUBdIzc 
  $87DD:85 1A     STA $001A = #$B5                                               A:92 X:05 Y:C6 S:FD P:NvUBdIzc 
  $87DF:BD 39 04  LDA $0439,X @ $043E = #$10                                     A:92 X:05 Y:C6 S:FD P:NvUBdIzc 
  $87E2:85 AD     STA $00AD = #$6A                                               A:10 X:05 Y:C6 S:FD P:nvUBdIzc 
  $87E4:BD 2A 04  LDA $042A,X @ $042F = #$00                                     A:10 X:05 Y:C6 S:FD P:nvUBdIzc 
  $87E7:85 AE     STA $00AE = #$00                                               A:00 X:05 Y:C6 S:FD P:nvUBdIZc 
  $87E9:BD A2 04  LDA $04A2,X @ $04A7 = #$00                                     A:00 X:05 Y:C6 S:FD P:nvUBdIZc 
  $87EC:85 81     STA $0081 = #$00                                               A:00 X:05 Y:C6 S:FD P:nvUBdIZc 
  $87EE:29 F7     AND #$F7                                                       A:00 X:05 Y:C6 S:FD P:nvUBdIZc 
  $87F0:9D A2 04  STA $04A2,X @ $04A7 = #$00                                     A:00 X:05 Y:C6 S:FD P:nvUBdIZc 
  $87F3:20 EC 88  JSR $88EC                                                      A:00 X:05 Y:C6 S:FD P:nvUBdIZc 
    $88EC:6C 19 00  JMP ($0019) = $923E                                            A:00 X:05 Y:C6 S:FB P:nvUBdIZc 
    $923E:BD A1 05  LDA $05A1,X @ $05A6 = #$00                                     A:00 X:05 Y:C6 S:FB P:nvUBdIZc 
    $9241:20 E6 92  JSR $92E6                                                      A:00 X:05 Y:C6 S:FB P:nvUBdIZc 
      $92E6:20 FC 92  JSR $92FC                                                      A:00 X:05 Y:C6 S:F9 P:nvUBdIZc 
        $92FC:18        CLC                                                            A:00 X:05 Y:C6 S:F7 P:nvUBdIZc 
        $92FD:65 87     ADC $0087 = #$DF                                               A:00 X:05 Y:C6 S:F7 P:nvUBdIZc 
        $92FF:9D FD 03  STA $03FD,X @ $0402 = #$FF                                     A:DF X:05 Y:C6 S:F7 P:NvUBdIzc 
        $9302:A5 88     LDA $0088 = #$FF                                               A:DF X:05 Y:C6 S:F7 P:NvUBdIzc 
        $9304:69 00     ADC #$00                                                       A:FF X:05 Y:C6 S:F7 P:NvUBdIzc 
        $9306:9D EE 03  STA $03EE,X @ $03F3 = #$DF                                     A:FF X:05 Y:C6 S:F7 P:NvUBdIzc 
        $9309:60        RTS (from $92FC) ----------------------------------------------A:FF X:05 Y:C6 S:F7 P:NvUBdIzc 
      $92E9:BD DE 04  LDA $04DE,X @ $04E3 = #$00                                     A:FF X:05 Y:C6 S:F9 P:NvUBdIzc 
      $92EC:18        CLC                                                            A:00 X:05 Y:C6 S:F9 P:nvUBdIZc 
      $92ED:69 18     ADC #$18                                                       A:00 X:05 Y:C6 S:F9 P:nvUBdIZc 
      $92EF:65 89     ADC $0089 = #$F0                                               A:18 X:05 Y:C6 S:F9 P:nvUBdIzc 
      $92F1:9D 1B 04  STA $041B,X @ $0420 = #$FF                                     A:08 X:05 Y:C6 S:F9 P:nvUBdIzC 
      $92F4:A5 8A     LDA $008A = #$FF                                               A:08 X:05 Y:C6 S:F9 P:nvUBdIzC 
      $92F6:69 01     ADC #$01                                                       A:FF X:05 Y:C6 S:F9 P:NvUBdIzC 
      $92F8:9D 0C 04  STA $040C,X @ $0411 = #$F0                                     A:01 X:05 Y:C6 S:F9 P:nvUBdIzC 
      $92FB:60        RTS (from $92E6) ----------------------------------------------A:01 X:05 Y:C6 S:F9 P:nvUBdIzC 
    $9244:DE 83 05  DEC $0583,X @ $0588 = #$C0                                     A:01 X:05 Y:C6 S:FB P:nvUBdIzC 
    $9247:D0 03     BNE $924C                                                      A:01 X:05 Y:C6 S:FB P:NvUBdIzC 
    $924C:A9 C7     LDA #$C7                                                       A:01 X:05 Y:C6 S:FB P:NvUBdIzC 
    $924E:9D D0 03  STA $03D0,X @ $03D5 = #$00                                     A:C7 X:05 Y:C6 S:FB P:NvUBdIzC 
    $9251:60        RTS (from $88EC) ----------------------------------------------A:C7 X:05 Y:C6 S:FB P:NvUBdIzC 
  $87F6:A6 82     LDX $0082 = #$05                                               A:C7 X:05 Y:C6 S:FD P:NvUBdIzC 
  $87F8:BD C1 03  LDA $03C1,X @ $03C6 = #$63                                     A:C7 X:05 Y:C6 S:FD P:nvUBdIzC 
  $87FB:F0 CE     BEQ $87CB                                                      A:63 X:05 Y:C6 S:FD P:nvUBdIzC 
  $87FD:1E A2 04  ASL $04A2,X @ $04A7 = #$00                                     A:63 X:05 Y:C6 S:FD P:nvUBdIzC 
  $8800:A5 10     LDA $0010 = #$03                                               A:63 X:05 Y:C6 S:FD P:nvUBdIZc 
  $8802:C9 05     CMP #$05                                                       A:03 X:05 Y:C6 S:FD P:nvUBdIzc 
  $8804:F0 03     BEQ $8809                                                      A:03 X:05 Y:C6 S:FD P:NvUBdIzc 
  $8806:4C 4E 88  JMP $884E                                                      A:03 X:05 Y:C6 S:FD P:NvUBdIzc 
  $884E:C9 08     CMP #$08                                                       A:03 X:05 Y:C6 S:FD P:NvUBdIzc 
  $8850:D0 2B     BNE $887D                                                      A:03 X:05 Y:C6 S:FD P:NvUBdIzc 
  $887D:BD FD 03  LDA $03FD,X @ $0402 = #$DF                                     A:03 X:05 Y:C6 S:FD P:NvUBdIzc 
  $8880:38        SEC                                                            A:DF X:05 Y:C6 S:FD P:NvUBdIzc 
  $8881:E5 87     SBC $0087 = #$DF                                               A:DF X:05 Y:C6 S:FD P:NvUBdIzC 
  $8883:9D 84 04  STA $0484,X @ $0489 = #$D2                                     A:00 X:05 Y:C6 S:FD P:nvUBdIZC 
  $8886:BD EE 03  LDA $03EE,X @ $03F3 = #$FF                                     A:00 X:05 Y:C6 S:FD P:nvUBdIZC 
  $8889:E5 88     SBC $0088 = #$FF                                               A:FF X:05 Y:C6 S:FD P:NvUBdIzC 
  $888B:D0 52     BNE $88DF                                                      A:00 X:05 Y:C6 S:FD P:nvUBdIZC 
  $888D:BD 1B 04  LDA $041B,X @ $0420 = #$08                                     A:00 X:05 Y:C6 S:FD P:nvUBdIZC 
  $8890:38        SEC                                                            A:08 X:05 Y:C6 S:FD P:nvUBdIzC 
  $8891:FD 39 04  SBC $0439,X @ $043E = #$10                                     A:08 X:05 Y:C6 S:FD P:nvUBdIzC 
  $8894:85 15     STA $0015 = #$79                                               A:F8 X:05 Y:C6 S:FD P:NvUBdIzc 
  $8896:BD 0C 04  LDA $040C,X @ $0411 = #$01                                     A:F8 X:05 Y:C6 S:FD P:NvUBdIzc 
  $8899:FD 2A 04  SBC $042A,X @ $042F = #$00                                     A:01 X:05 Y:C6 S:FD P:nvUBdIzc 
  $889C:85 16     STA $0016 = #$00                                               A:00 X:05 Y:C6 S:FD P:nvUBdIZC 
  $889E:A5 F5     LDA $00F5 = #$00                                               A:00 X:05 Y:C6 S:FD P:nvUBdIZC 
  $88A0:F0 0B     BEQ $88AD                                                      A:00 X:05 Y:C6 S:FD P:nvUBdIZC 
  $88AD:A5 15     LDA $0015 = #$F8                                               A:00 X:05 Y:C6 S:FD P:nvUBdIZC 
  $88AF:18        CLC                                                            A:F8 X:05 Y:C6 S:FD P:NvUBdIzC 
  $88B0:7D 75 04  ADC $0475,X @ $047A = #$08                                     A:F8 X:05 Y:C6 S:FD P:NvUBdIzc 
  $88B3:90 02     BCC $88B7                                                      A:00 X:05 Y:C6 S:FD P:nvUBdIZC 
  $88B5:E6 16     INC $0016 = #$00                                               A:00 X:05 Y:C6 S:FD P:nvUBdIZC 
  $88B7:38        SEC                                                            A:00 X:05 Y:C6 S:FD P:nvUBdIzC 
  $88B8:E5 89     SBC $0089 = #$F0                                               A:00 X:05 Y:C6 S:FD P:nvUBdIzC 
  $88BA:9D 93 04  STA $0493,X @ $0498 = #$00                                     A:10 X:05 Y:C6 S:FD P:nvUBdIzc 
  $88BD:A5 16     LDA $0016 = #$01                                               A:10 X:05 Y:C6 S:FD P:nvUBdIzc 
  $88BF:E5 8A     SBC $008A = #$FF                                               A:01 X:05 Y:C6 S:FD P:nvUBdIzc 
  $88C1:D0 03     BNE $88C6                                                      A:01 X:05 Y:C6 S:FD P:nvUBdIzc 
  $88C6:C9 01     CMP #$01                                                       A:01 X:05 Y:C6 S:FD P:nvUBdIzc 
  $88C8:D0 15     BNE $88DF                                                      A:01 X:05 Y:C6 S:FD P:nvUBdIZC 
  $88CA:BD 93 04  LDA $0493,X @ $0498 = #$10                                     A:01 X:05 Y:C6 S:FD P:nvUBdIZC 
  $88CD:FD 75 04  SBC $0475,X @ $047A = #$08                                     A:10 X:05 Y:C6 S:FD P:nvUBdIzC 
  $88D0:B0 0E     BCS $88E0                                                      A:08 X:05 Y:C6 S:FD P:nvUBdIzC 
  $88E0:7E A2 04  ROR $04A2,X @ $04A7 = #$00                                     A:08 X:05 Y:C6 S:FD P:nvUBdIzC 
  $88E3:E8        INX                                                            A:08 X:05 Y:C6 S:FD P:NvUBdIzc 
  $88E4:E0 0F     CPX #$0F                                                       A:08 X:06 Y:C6 S:FD P:nvUBdIzc 
  $88E6:F0 03     BEQ $88EB                                                      A:08 X:06 Y:C6 S:FD P:NvUBdIzc 
  $88E8:4C C4 87  JMP $87C4                                                      A:08 X:06 Y:C6 S:FD P:NvUBdIzc 
  $87C4:86 82     STX $0082 = #$05                                               A:08 X:06 Y:C6 S:FD P:NvUBdIzc 
  $87C6:BD C1 03  LDA $03C1,X @ $03C7 = #$18                                     A:08 X:06 Y:C6 S:FD P:NvUBdIzc 
  $87C9:D0 08     BNE $87D3                                                      A:18 X:06 Y:C6 S:FD P:nvUBdIzc 
  $87D3:0A        ASL                                                            A:18 X:06 Y:C6 S:FD P:nvUBdIzc 
  $87D4:A8        TAY                                                            A:30 X:06 Y:C6 S:FD P:nvUBdIzc 
  $87D5:B9 8A 9B  LDA $9B8A,Y @ $9BBA = #$E6                                     A:30 X:06 Y:30 S:FD P:nvUBdIzc 
  $87D8:85 19     STA $0019 = #$3E                                               A:E6 X:06 Y:30 S:FD P:NvUBdIzc 
  $87DA:B9 8B 9B  LDA $9B8B,Y @ $9BBB = #$B2                                     A:E6 X:06 Y:30 S:FD P:NvUBdIzc 
  $87DD:85 1A     STA $001A = #$92                                               A:B2 X:06 Y:30 S:FD P:NvUBdIzc 
  $87DF:BD 39 04  LDA $0439,X @ $043F = #$40                                     A:B2 X:06 Y:30 S:FD P:NvUBdIzc 
  $87E2:85 AD     STA $00AD = #$10                                               A:40 X:06 Y:30 S:FD P:nvUBdIzc 
  $87E4:BD 2A 04  LDA $042A,X @ $0430 = #$00                                     A:40 X:06 Y:30 S:FD P:nvUBdIzc 
  $87E7:85 AE     STA $00AE = #$00                                               A:00 X:06 Y:30 S:FD P:nvUBdIZc 
  $87E9:BD A2 04  LDA $04A2,X @ $04A8 = #$80                                     A:00 X:06 Y:30 S:FD P:nvUBdIZc 
  $87EC:85 81     STA $0081 = #$00                                               A:80 X:06 Y:30 S:FD P:NvUBdIzc 
  $87EE:29 F7     AND #$F7                                                       A:80 X:06 Y:30 S:FD P:NvUBdIzc 
  $87F0:9D A2 04  STA $04A2,X @ $04A8 = #$80                                     A:80 X:06 Y:30 S:FD P:NvUBdIzc 
  $87F3:20 EC 88  JSR $88EC                                                      A:80 X:06 Y:30 S:FD P:NvUBdIzc 
    $88EC:6C 19 00  JMP ($0019) = $B2E6                                            A:80 X:06 Y:30 S:FB P:NvUBdIzc 
    $B2E6:BD 47 05  LDA $0547,X @ $054D = #$00                                     A:80 X:06 Y:30 S:FB P:NvUBdIzc 
    $B2E9:F0 12     BEQ $B2FD                                                      A:00 X:06 Y:30 S:FB P:nvUBdIZc 
    $B2FD:BD 29 05  LDA $0529,X @ $052F = #$00                                     A:00 X:06 Y:30 S:FB P:nvUBdIZc 
    $B300:C9 40     CMP #$40                                                       A:00 X:06 Y:30 S:FB P:nvUBdIZc 
    $B302:B0 DF     BCS $B2E3                                                      A:00 X:06 Y:30 S:FB P:NvUBdIzc 
    $B304:A9 5E     LDA #$5E                                                       A:00 X:06 Y:30 S:FB P:NvUBdIzc 
    $B306:9D FC 04  STA $04FC,X @ $0502 = #$00                                     A:5E X:06 Y:30 S:FB P:nvUBdIzc 
    $B309:A9 01     LDA #$01                                                       A:5E X:06 Y:30 S:FB P:nvUBdIzc 
    $B30B:20 59 8A  JSR $8A59                                                      A:01 X:06 Y:30 S:FB P:nvUBdIzc 
      $8A59:85 DE     STA $00DE = #$01                                               A:01 X:06 Y:30 S:F9 P:nvUBdIzc 
      $8A5B:A0 01     LDY #$01                                                       A:01 X:06 Y:30 S:F9 P:nvUBdIzc 
      $8A5D:18        CLC                                                            A:01 X:06 Y:01 S:F9 P:nvUBdIzc 
      $8A5E:A9 03     LDA #$03                                                       A:01 X:06 Y:01 S:F9 P:nvUBdIzc 
      $8A60:20 FB 8A  JSR $8AFB                                                      A:03 X:06 Y:01 S:F9 P:nvUBdIzc 
        $8AFB:85 1F     STA $001F = #$00                                               A:03 X:06 Y:01 S:F7 P:nvUBdIzc 
        $8AFD:A9 FF     LDA #$FF                                                       A:03 X:06 Y:01 S:F7 P:nvUBdIzc 
        $8AFF:90 04     BCC $8B05                                                      A:FF X:06 Y:01 S:F7 P:NvUBdIzc 
        $8B05:85 8E     STA $008E = #$00                                               A:FF X:06 Y:01 S:F7 P:NvUBdIzc 
        $8B07:84 21     STY $0021 = #$00                                               A:FF X:06 Y:01 S:F7 P:NvUBdIzc 
        $8B09:B9 C1 03  LDA $03C1,Y @ $03C2 = #$02                                     A:FF X:06 Y:01 S:F7 P:NvUBdIzc 
        $8B0C:F0 1E     BEQ $8B2C                                                      A:02 X:06 Y:01 S:F7 P:nvUBdIzc 
        $8B0E:B9 29 05  LDA $0529,Y @ $052A = #$00                                     A:02 X:06 Y:01 S:F7 P:nvUBdIzc 
        $8B11:29 40     AND #$40                                                       A:00 X:06 Y:01 S:F7 P:nvUBdIZc 
        $8B13:19 74 05  ORA $0574,Y @ $0575 = #$00                                     A:00 X:06 Y:01 S:F7 P:nvUBdIZc 
        $8B16:D0 14     BNE $8B2C                                                      A:00 X:06 Y:01 S:F7 P:nvUBdIZc 
        $8B18:C4 82     CPY $0082 = #$06                                               A:00 X:06 Y:01 S:F7 P:nvUBdIZc 
        $8B1A:F0 10     BEQ $8B2C                                                      A:00 X:06 Y:01 S:F7 P:NvUBdIzc 
        $8B1C:B9 C1 03  LDA $03C1,Y @ $03C2 = #$02                                     A:00 X:06 Y:01 S:F7 P:NvUBdIzc 
        $8B1F:A8        TAY                                                            A:02 X:06 Y:01 S:F7 P:nvUBdIzc 
        $8B20:B9 87 9D  LDA $9D87,Y @ $9D89 = #$53                                     A:02 X:06 Y:02 S:F7 P:nvUBdIzc 
        $8B23:25 1F     AND $001F = #$03                                               A:53 X:06 Y:02 S:F7 P:nvUBdIzc 
        $8B25:F0 05     BEQ $8B2C                                                      A:03 X:06 Y:02 S:F7 P:nvUBdIzc 
        $8B27:A4 21     LDY $0021 = #$01                                               A:03 X:06 Y:02 S:F7 P:nvUBdIzc 
        $8B29:4C 4B 8B  JMP $8B4B                                                      A:03 X:06 Y:01 S:F7 P:nvUBdIzc 
        $8B4B:85 20     STA $0020 = #$40                                               A:03 X:06 Y:01 S:F7 P:nvUBdIzc 
        $8B4D:29 08     AND #$08                                                       A:03 X:06 Y:01 S:F7 P:nvUBdIzc 
        $8B4F:D0 F4     BNE $8B45                                                      A:00 X:06 Y:01 S:F7 P:nvUBdIZc 
        $8B51:A5 20     LDA $0020 = #$03                                               A:00 X:06 Y:01 S:F7 P:nvUBdIZc 
        $8B53:29 04     AND #$04                                                       A:03 X:06 Y:01 S:F7 P:nvUBdIzc 
        $8B55:D0 F1     BNE $8B48                                                      A:00 X:06 Y:01 S:F7 P:nvUBdIZc 
        $8B57:A5 20     LDA $0020 = #$03                                               A:00 X:06 Y:01 S:F7 P:nvUBdIZc 
        $8B59:29 40     AND #$40                                                       A:03 X:06 Y:01 S:F7 P:nvUBdIzc 
        $8B5B:F0 7F     BEQ $8BDC                                                      A:00 X:06 Y:01 S:F7 P:nvUBdIZc 
        $8BDC:B9 C1 03  LDA $03C1,Y @ $03C2 = #$02                                     A:00 X:06 Y:01 S:F7 P:nvUBdIZc 
        $8BDF:C9 15     CMP #$15                                                       A:02 X:06 Y:01 S:F7 P:nvUBdIzc 
        $8BE1:F0 F6     BEQ $8BD9                                                      A:02 X:06 Y:01 S:F7 P:NvUBdIzc 
        $8BE3:BD C1 03  LDA $03C1,X @ $03C7 = #$18                                     A:02 X:06 Y:01 S:F7 P:NvUBdIzc 
        $8BE6:C9 15     CMP #$15                                                       A:18 X:06 Y:01 S:F7 P:nvUBdIzc 
        $8BE8:F0 04     BEQ $8BEE                                                      A:18 X:06 Y:01 S:F7 P:nvUBdIzC 
        $8BEA:C9 10     CMP #$10                                                       A:18 X:06 Y:01 S:F7 P:nvUBdIzC 
        $8BEC:D0 28     BNE $8C16                                                      A:18 X:06 Y:01 S:F7 P:nvUBdIzC 
        $8C16:A9 08     LDA #$08                                                       A:18 X:06 Y:01 S:F7 P:nvUBdIzC 
        $8C18:20 39 8D  JSR $8D39                                                      A:08 X:06 Y:01 S:F7 P:nvUBdIzC 
          $8D39:85 1C     STA $001C = #$08                                               A:08 X:06 Y:01 S:F5 P:nvUBdIzC 
          $8D3B:BD 1B 04  LDA $041B,X @ $0421 = #$C8                                     A:08 X:06 Y:01 S:F5 P:nvUBdIzC 
          $8D3E:38        SEC                                                            A:C8 X:06 Y:01 S:F5 P:NvUBdIzC 
          $8D3F:F9 1B 04  SBC $041B,Y @ $041C = #$E7                                     A:C8 X:06 Y:01 S:F5 P:NvUBdIzC 
          $8D42:85 1B     STA $001B = #$00                                               A:E1 X:06 Y:01 S:F5 P:NvUBdIzc 
          $8D44:BD 0C 04  LDA $040C,X @ $0412 = #$00                                     A:E1 X:06 Y:01 S:F5 P:NvUBdIzc 
          $8D47:F9 0C 04  SBC $040C,Y @ $040D = #$00                                     A:00 X:06 Y:01 S:F5 P:nvUBdIZc 
          $8D4A:4C 12 8D  JMP $8D12                                                      A:FF X:06 Y:01 S:F5 P:NvUBdIzc 
          $8D12:85 8F     STA $008F = #$04                                               A:FF X:06 Y:01 S:F5 P:NvUBdIzc 
          $8D14:D0 07     BNE $8D1D                                                      A:FF X:06 Y:01 S:F5 P:NvUBdIzc 
          $8D1D:C9 FF     CMP #$FF                                                       A:FF X:06 Y:01 S:F5 P:NvUBdIzc 
          $8D1F:D0 09     BNE $8D2A                                                      A:FF X:06 Y:01 S:F5 P:nvUBdIZC 
          $8D21:A5 1B     LDA $001B = #$E1                                               A:FF X:06 Y:01 S:F5 P:nvUBdIZC 
          $8D23:65 1C     ADC $001C = #$08                                               A:E1 X:06 Y:01 S:F5 P:NvUBdIzC 
          $8D25:90 02     BCC $8D29                                                      A:EA X:06 Y:01 S:F5 P:NvUBdIzc 
          $8D29:60        RTS (from $8D39) ----------------------------------------------A:EA X:06 Y:01 S:F5 P:NvUBdIzc 
        $8C1B:D0 F6     BNE $8C13                                                      A:EA X:06 Y:01 S:F7 P:NvUBdIzc 
        $8C13:4C 2C 8B  JMP $8B2C                                                      A:EA X:06 Y:01 S:F7 P:NvUBdIzc 
        $8B2C:A5 21     LDA $0021 = #$01                                               A:EA X:06 Y:01 S:F7 P:NvUBdIzc 
        $8B2E:18        CLC                                                            A:01 X:06 Y:01 S:F7 P:nvUBdIzc 
        $8B2F:65 8E     ADC $008E = #$FF                                               A:01 X:06 Y:01 S:F7 P:nvUBdIzc 
        $8B31:A8        TAY                                                            A:00 X:06 Y:01 S:F7 P:nvUBdIZC 
        $8B32:C0 0F     CPY #$0F                                                       A:00 X:06 Y:00 S:F7 P:nvUBdIZC 
        $8B34:90 D1     BCC $8B07                                                      A:00 X:06 Y:00 S:F7 P:NvUBdIzc 
        $8B07:84 21     STY $0021 = #$01                                               A:00 X:06 Y:00 S:F7 P:NvUBdIzc 
        $8B09:B9 C1 03  LDA $03C1,Y @ $03C1 = #$01                                     A:00 X:06 Y:00 S:F7 P:NvUBdIzc 
        $8B0C:F0 1E     BEQ $8B2C                                                      A:01 X:06 Y:00 S:F7 P:nvUBdIzc 
        $8B0E:B9 29 05  LDA $0529,Y @ $0529 = #$D3                                     A:01 X:06 Y:00 S:F7 P:nvUBdIzc 
        $8B11:29 40     AND #$40                                                       A:D3 X:06 Y:00 S:F7 P:NvUBdIzc 
        $8B13:19 74 05  ORA $0574,Y @ $0574 = #$00                                     A:40 X:06 Y:00 S:F7 P:nvUBdIzc 
        $8B16:D0 14     BNE $8B2C                                                      A:40 X:06 Y:00 S:F7 P:nvUBdIzc 
        $8B2C:A5 21     LDA $0021 = #$00                                               A:40 X:06 Y:00 S:F7 P:nvUBdIzc 
        $8B2E:18        CLC                                                            A:00 X:06 Y:00 S:F7 P:nvUBdIZc 
        $8B2F:65 8E     ADC $008E = #$FF                                               A:00 X:06 Y:00 S:F7 P:nvUBdIZc 
        $8B31:A8        TAY                                                            A:FF X:06 Y:00 S:F7 P:NvUBdIzc 
        $8B32:C0 0F     CPY #$0F                                                       A:FF X:06 Y:FF S:F7 P:NvUBdIzc 
        $8B34:90 D1     BCC $8B07                                                      A:FF X:06 Y:FF S:F7 P:NvUBdIzC 
        $8B36:A9 80     LDA #$80                                                       A:FF X:06 Y:FF S:F7 P:NvUBdIzC 
        $8B38:60        RTS (from $8AFB) ----------------------------------------------A:80 X:06 Y:FF S:F7 P:NvUBdIzC 
      $8A63:30 ED     BMI $8A52                                                      A:80 X:06 Y:FF S:F9 P:NvUBdIzC 
      $8A52:60        RTS (from $8A59) ----------------------------------------------A:80 X:06 Y:FF S:F9 P:NvUBdIzC 
    $B30E:A9 00     LDA #$00                                                       A:80 X:06 Y:FF S:FB P:NvUBdIzC 
    $B310:9D FC 04  STA $04FC,X @ $0502 = #$5E                                     A:00 X:06 Y:FF S:FB P:nvUBdIZC 
    $B313:A5 10     LDA $0010 = #$03                                               A:00 X:06 Y:FF S:FB P:nvUBdIZC 
    $B315:C9 0A     CMP #$0A                                                       A:03 X:06 Y:FF S:FB P:nvUBdIzC 
    $B317:F0 18     BEQ $B331                                                      A:03 X:06 Y:FF S:FB P:NvUBdIzc 
    $B319:C9 0C     CMP #$0C                                                       A:03 X:06 Y:FF S:FB P:NvUBdIzc 
    $B31B:D0 08     BNE $B325                                                      A:03 X:06 Y:FF S:FB P:NvUBdIzc 
    $B325:BD FD 03  LDA $03FD,X @ $0403 = #$CF                                     A:03 X:06 Y:FF S:FB P:NvUBdIzc 
    $B328:38        SEC                                                            A:CF X:06 Y:FF S:FB P:NvUBdIzc 
    $B329:E5 87     SBC $0087 = #$DF                                               A:CF X:06 Y:FF S:FB P:NvUBdIzC 
    $B32B:30 04     BMI $B331                                                      A:F0 X:06 Y:FF S:FB P:NvUBdIzc 
    $B331:A9 2A     LDA #$2A                                                       A:F0 X:06 Y:FF S:FB P:NvUBdIzc 
    $B333:A4 10     LDY $0010 = #$03                                               A:2A X:06 Y:FF S:FB P:nvUBdIzc 
    $B335:C0 03     CPY #$03                                                       A:2A X:06 Y:03 S:FB P:nvUBdIzc 
    $B337:F0 0E     BEQ $B347                                                      A:2A X:06 Y:03 S:FB P:nvUBdIZC 
    $B347:9D D0 03  STA $03D0,X @ $03D6 = #$2A                                     A:2A X:06 Y:03 S:FB P:nvUBdIZC 
    $B34A:60        RTS (from $88EC) ----------------------------------------------A:2A X:06 Y:03 S:FB P:nvUBdIZC 
  $87F6:A6 82     LDX $0082 = #$06                                               A:2A X:06 Y:03 S:FD P:nvUBdIZC 
  $87F8:BD C1 03  LDA $03C1,X @ $03C7 = #$18                                     A:2A X:06 Y:03 S:FD P:nvUBdIzC 
  $87FB:F0 CE     BEQ $87CB                                                      A:18 X:06 Y:03 S:FD P:nvUBdIzC 
  $87FD:1E A2 04  ASL $04A2,X @ $04A8 = #$80                                     A:18 X:06 Y:03 S:FD P:nvUBdIzC 
  $8800:A5 10     LDA $0010 = #$03                                               A:18 X:06 Y:03 S:FD P:nvUBdIZC 
  $8802:C9 05     CMP #$05                                                       A:03 X:06 Y:03 S:FD P:nvUBdIzC 
  $8804:F0 03     BEQ $8809                                                      A:03 X:06 Y:03 S:FD P:NvUBdIzc 
  $8806:4C 4E 88  JMP $884E                                                      A:03 X:06 Y:03 S:FD P:NvUBdIzc 
  $884E:C9 08     CMP #$08                                                       A:03 X:06 Y:03 S:FD P:NvUBdIzc 
  $8850:D0 2B     BNE $887D                                                      A:03 X:06 Y:03 S:FD P:NvUBdIzc 
  $887D:BD FD 03  LDA $03FD,X @ $0403 = #$CF                                     A:03 X:06 Y:03 S:FD P:NvUBdIzc 
  $8880:38        SEC                                                            A:CF X:06 Y:03 S:FD P:NvUBdIzc 
  $8881:E5 87     SBC $0087 = #$DF                                               A:CF X:06 Y:03 S:FD P:NvUBdIzC 
  $8883:9D 84 04  STA $0484,X @ $048A = #$F0                                     A:F0 X:06 Y:03 S:FD P:NvUBdIzc 
  $8886:BD EE 03  LDA $03EE,X @ $03F4 = #$06                                     A:F0 X:06 Y:03 S:FD P:NvUBdIzc 
  $8889:E5 88     SBC $0088 = #$FF                                               A:06 X:06 Y:03 S:FD P:nvUBdIzc 
  $888B:D0 52     BNE $88DF                                                      A:06 X:06 Y:03 S:FD P:nvUBdIzc 
  $88DF:38        SEC                                                            A:06 X:06 Y:03 S:FD P:nvUBdIzc 
  $88E0:7E A2 04  ROR $04A2,X @ $04A8 = #$00                                     A:06 X:06 Y:03 S:FD P:nvUBdIzC 
  $88E3:E8        INX                                                            A:06 X:06 Y:03 S:FD P:NvUBdIzc 
  $88E4:E0 0F     CPX #$0F                                                       A:06 X:07 Y:03 S:FD P:nvUBdIzc 
  $88E6:F0 03     BEQ $88EB                                                      A:06 X:07 Y:03 S:FD P:NvUBdIzc 
  $88E8:4C C4 87  JMP $87C4                                                      A:06 X:07 Y:03 S:FD P:NvUBdIzc 
  $87C4:86 82     STX $0082 = #$06                                               A:06 X:07 Y:03 S:FD P:NvUBdIzc 
  $87C6:BD C1 03  LDA $03C1,X @ $03C8 = #$08                                     A:06 X:07 Y:03 S:FD P:NvUBdIzc 
  $87C9:D0 08     BNE $87D3                                                      A:08 X:07 Y:03 S:FD P:nvUBdIzc 
  $87D3:0A        ASL                                                            A:08 X:07 Y:03 S:FD P:nvUBdIzc 
  $87D4:A8        TAY                                                            A:10 X:07 Y:03 S:FD P:nvUBdIzc 
  $87D5:B9 8A 9B  LDA $9B8A,Y @ $9B9A = #$D1                                     A:10 X:07 Y:10 S:FD P:nvUBdIzc 
  $87D8:85 19     STA $0019 = #$E6                                               A:D1 X:07 Y:10 S:FD P:NvUBdIzc 
  $87DA:B9 8B 9B  LDA $9B8B,Y @ $9B9B = #$B5                                     A:D1 X:07 Y:10 S:FD P:NvUBdIzc 
  $87DD:85 1A     STA $001A = #$B2                                               A:B5 X:07 Y:10 S:FD P:NvUBdIzc 
  $87DF:BD 39 04  LDA $0439,X @ $0440 = #$1E                                     A:B5 X:07 Y:10 S:FD P:NvUBdIzc 
  $87E2:85 AD     STA $00AD = #$40                                               A:1E X:07 Y:10 S:FD P:nvUBdIzc 
  $87E4:BD 2A 04  LDA $042A,X @ $0431 = #$02                                     A:1E X:07 Y:10 S:FD P:nvUBdIzc 
  $87E7:85 AE     STA $00AE = #$00                                               A:02 X:07 Y:10 S:FD P:nvUBdIzc 
  $87E9:BD A2 04  LDA $04A2,X @ $04A9 = #$80                                     A:02 X:07 Y:10 S:FD P:nvUBdIzc 
  $87EC:85 81     STA $0081 = #$80                                               A:80 X:07 Y:10 S:FD P:NvUBdIzc 
  $87EE:29 F7     AND #$F7                                                       A:80 X:07 Y:10 S:FD P:NvUBdIzc 
  $87F0:9D A2 04  STA $04A2,X @ $04A9 = #$80                                     A:80 X:07 Y:10 S:FD P:NvUBdIzc 
  $87F3:20 EC 88  JSR $88EC                                                      A:80 X:07 Y:10 S:FD P:NvUBdIzc 
    $88EC:6C 19 00  JMP ($0019) = $B5D1                                            A:80 X:07 Y:10 S:FB P:NvUBdIzc 
    $B5D1:BD A1 05  LDA $05A1,X @ $05A8 = #$00                                     A:80 X:07 Y:10 S:FB P:NvUBdIzc 
    $B5D4:D0 05     BNE $B5DB                                                      A:00 X:07 Y:10 S:FB P:nvUBdIZc 
    $B5D6:A9 0A     LDA #$0A                                                       A:00 X:07 Y:10 S:FB P:nvUBdIZc 
    $B5D8:20 48 91  JSR $9148                                                      A:0A X:07 Y:10 S:FB P:nvUBdIzc 
      $9148:A2 15     LDX #$15                                                       A:0A X:07 Y:10 S:F9 P:nvUBdIzc 
      $914A:20 E1 84  JSR $84E1                                                      A:0A X:15 Y:10 S:F9 P:nvUBdIzc 
        $84E1:85 39     STA $0039 = #$0A                                               A:0A X:15 Y:10 S:F7 P:nvUBdIzc 
        $84E3:A0 03     LDY #$03                                                       A:0A X:15 Y:10 S:F7 P:nvUBdIzc 
        $84E5:4C CB FF  JMP $FFCB                                                      A:0A X:15 Y:03 S:F7 P:nvUBdIzc 
        $FFCB:A9 00     LDA #$00                                                       A:0A X:15 Y:03 S:F7 P:nvUBdIzc 
        $FFCD:09 00     ORA #$00                                                       A:00 X:15 Y:03 S:F7 P:nvUBdIZc 
        $FFCF:85 2D     STA $002D = #$00                                               A:00 X:15 Y:03 S:F7 P:nvUBdIZc 
        $FFD1:A5 13     LDA $0013 = #$06                                               A:00 X:15 Y:03 S:F7 P:nvUBdIZc 
        $FFD3:48        PHA                                                            A:06 X:15 Y:03 S:F7 P:nvUBdIzc 
         $FFD4:86 13     STX $0013 = #$06                                               A:06 X:15 Y:03 S:F6 P:nvUBdIzc 
         $FFD6:B9 B3 FF  LDA $FFB3,Y @ $FFB6 = #$03                                     A:06 X:15 Y:03 S:F6 P:nvUBdIzc 
         $FFD9:99 B3 FF  STA $FFB3,Y @ $FFB6 = #$03                                     A:03 X:15 Y:03 S:F6 P:nvUBdIzc 
         $FFDC:20 00 80  JSR $8000                                                      A:03 X:15 Y:03 S:F6 P:nvUBdIzc 
           $8000:6C 13 00  JMP ($0013) = $8015                                            A:03 X:15 Y:03 S:F4 P:nvUBdIzc 
           $8015:4C 87 8A  JMP $8A87                                                      A:03 X:15 Y:03 S:F4 P:nvUBdIzc 
           $8A87:A2 0C     LDX #$0C                                                       A:03 X:15 Y:03 S:F4 P:nvUBdIzc 
           $8A89:BD 11 03  LDA $0311,X @ $031D = #$0A                                     A:03 X:0C Y:03 S:F4 P:nvUBdIzc 
           $8A8C:29 FE     AND #$FE                                                       A:0A X:0C Y:03 S:F4 P:nvUBdIzc 
           $8A8E:C9 7A     CMP #$7A                                                       A:0A X:0C Y:03 S:F4 P:nvUBdIzc 
           $8A90:F0 11     BEQ $8AA3                                                      A:0A X:0C Y:03 S:F4 P:NvUBdIzc 
           $8A92:A5 39     LDA $0039 = #$0A                                               A:0A X:0C Y:03 S:F4 P:NvUBdIzc 
           $8A94:DD 11 03  CMP $0311,X @ $031D = #$0A                                     A:0A X:0C Y:03 S:F4 P:nvUBdIzc 
           $8A97:F0 E1     BEQ $8A7A                                                      A:0A X:0C Y:03 S:F4 P:nvUBdIZC 
           $8A7A:60        RTS (from $8000) ----------------------------------------------A:0A X:0C Y:03 S:F4 P:nvUBdIZC 
         $FFDF:A4 2D     LDY $002D = #$00                                               A:0A X:0C Y:03 S:F6 P:nvUBdIZC 
         $FFE1:68        PLA                                                            A:0A X:0C Y:00 S:F6 P:nvUBdIZC 
        $FFE2:85 13     STA $0013 = #$15                                               A:06 X:0C Y:00 S:F7 P:nvUBdIzC 
        $FFE4:B9 B3 FF  LDA $FFB3,Y @ $FFB3 = #$00                                     A:06 X:0C Y:00 S:F7 P:nvUBdIzC 
        $FFE7:99 B3 FF  STA $FFB3,Y @ $FFB3 = #$00                                     A:00 X:0C Y:00 S:F7 P:nvUBdIZC 
        $FFEA:60        RTS (from $84E1) ----------------------------------------------A:00 X:0C Y:00 S:F7 P:nvUBdIZC 
      $914D:A6 82     LDX $0082 = #$07                                               A:00 X:0C Y:00 S:F9 P:nvUBdIZC 
      $914F:60        RTS (from $9148) ----------------------------------------------A:00 X:07 Y:00 S:F9 P:nvUBdIzC 
    $B5DB:BD 83 05  LDA $0583,X @ $058A = #$53                                     A:00 X:07 Y:00 S:FB P:nvUBdIzC 
    $B5DE:C9 01     CMP #$01                                                       A:53 X:07 Y:00 S:FB P:nvUBdIzC 
    $B5E0:D0 03     BNE $B5E5                                                      A:53 X:07 Y:00 S:FB P:nvUBdIzC 
    $B5E5:A9 00     LDA #$00                                                       A:53 X:07 Y:00 S:FB P:nvUBdIzC 
    $B5E7:9D D0 03  STA $03D0,X @ $03D7 = #$00                                     A:00 X:07 Y:00 S:FB P:nvUBdIZC 
    $B5EA:9D 75 04  STA $0475,X @ $047C = #$00                                     A:00 X:07 Y:00 S:FB P:nvUBdIZC 
    $B5ED:A5 0B     LDA $000B = #$61                                               A:00 X:07 Y:00 S:FB P:nvUBdIZC 
    $B5EF:6A        ROR                                                            A:61 X:07 Y:00 S:FB P:nvUBdIzC 
    $B5F0:90 03     BCC $B5F5                                                      A:B0 X:07 Y:00 S:FB P:NvUBdIzC 
    $B5F2:4C 62 B5  JMP $B562                                                      A:B0 X:07 Y:00 S:FB P:NvUBdIzC 
    $B562:60        RTS (from $88EC) ----------------------------------------------A:B0 X:07 Y:00 S:FB P:NvUBdIzC 
  $87F6:A6 82     LDX $0082 = #$07                                               A:B0 X:07 Y:00 S:FD P:NvUBdIzC 
  $87F8:BD C1 03  LDA $03C1,X @ $03C8 = #$08                                     A:B0 X:07 Y:00 S:FD P:nvUBdIzC 
  $87FB:F0 CE     BEQ $87CB                                                      A:08 X:07 Y:00 S:FD P:nvUBdIzC 
  $87FD:1E A2 04  ASL $04A2,X @ $04A9 = #$80                                     A:08 X:07 Y:00 S:FD P:nvUBdIzC 
  $8800:A5 10     LDA $0010 = #$03                                               A:08 X:07 Y:00 S:FD P:nvUBdIZC 
  $8802:C9 05     CMP #$05                                                       A:03 X:07 Y:00 S:FD P:nvUBdIzC 
  $8804:F0 03     BEQ $8809                                                      A:03 X:07 Y:00 S:FD P:NvUBdIzc 
  $8806:4C 4E 88  JMP $884E                                                      A:03 X:07 Y:00 S:FD P:NvUBdIzc 
  $884E:C9 08     CMP #$08                                                       A:03 X:07 Y:00 S:FD P:NvUBdIzc 
  $8850:D0 2B     BNE $887D                                                      A:03 X:07 Y:00 S:FD P:NvUBdIzc 
  $887D:BD FD 03  LDA $03FD,X @ $0404 = #$02                                     A:03 X:07 Y:00 S:FD P:NvUBdIzc 
  $8880:38        SEC                                                            A:02 X:07 Y:00 S:FD P:nvUBdIzc 
  $8881:E5 87     SBC $0087 = #$DF                                               A:02 X:07 Y:00 S:FD P:nvUBdIzC 
  $8883:9D 84 04  STA $0484,X @ $048B = #$23                                     A:23 X:07 Y:00 S:FD P:nvUBdIzc 
  $8886:BD EE 03  LDA $03EE,X @ $03F5 = #$02                                     A:23 X:07 Y:00 S:FD P:nvUBdIzc 
  $8889:E5 88     SBC $0088 = #$FF                                               A:02 X:07 Y:00 S:FD P:nvUBdIzc 
  $888B:D0 52     BNE $88DF                                                      A:02 X:07 Y:00 S:FD P:nvUBdIzc 
  $88DF:38        SEC                                                            A:02 X:07 Y:00 S:FD P:nvUBdIzc 
  $88E0:7E A2 04  ROR $04A2,X @ $04A9 = #$00                                     A:02 X:07 Y:00 S:FD P:nvUBdIzC 
  $88E3:E8        INX                                                            A:02 X:07 Y:00 S:FD P:NvUBdIzc 
  $88E4:E0 0F     CPX #$0F                                                       A:02 X:08 Y:00 S:FD P:nvUBdIzc 
  $88E6:F0 03     BEQ $88EB                                                      A:02 X:08 Y:00 S:FD P:NvUBdIzc 
  $88E8:4C C4 87  JMP $87C4                                                      A:02 X:08 Y:00 S:FD P:NvUBdIzc 
  $87C4:86 82     STX $0082 = #$07                                               A:02 X:08 Y:00 S:FD P:NvUBdIzc 
  $87C6:BD C1 03  LDA $03C1,X @ $03C9 = #$23                                     A:02 X:08 Y:00 S:FD P:NvUBdIzc 
  $87C9:D0 08     BNE $87D3                                                      A:23 X:08 Y:00 S:FD P:nvUBdIzc 
  $87D3:0A        ASL                                                            A:23 X:08 Y:00 S:FD P:nvUBdIzc 
  $87D4:A8        TAY                                                            A:46 X:08 Y:00 S:FD P:nvUBdIzc 
  $87D5:B9 8A 9B  LDA $9B8A,Y @ $9BD0 = #$D4                                     A:46 X:08 Y:46 S:FD P:nvUBdIzc 
  $87D8:85 19     STA $0019 = #$D1                                               A:D4 X:08 Y:46 S:FD P:NvUBdIzc 
  $87DA:B9 8B 9B  LDA $9B8B,Y @ $9BD1 = #$B6                                     A:D4 X:08 Y:46 S:FD P:NvUBdIzc 
  $87DD:85 1A     STA $001A = #$B5                                               A:B6 X:08 Y:46 S:FD P:NvUBdIzc 
  $87DF:BD 39 04  LDA $0439,X @ $0441 = #$40                                     A:B6 X:08 Y:46 S:FD P:NvUBdIzc 
  $87E2:85 AD     STA $00AD = #$1E                                               A:40 X:08 Y:46 S:FD P:nvUBdIzc 
  $87E4:BD 2A 04  LDA $042A,X @ $0432 = #$00                                     A:40 X:08 Y:46 S:FD P:nvUBdIzc 
  $87E7:85 AE     STA $00AE = #$02                                               A:00 X:08 Y:46 S:FD P:nvUBdIZc 
  $87E9:BD A2 04  LDA $04A2,X @ $04AA = #$80                                     A:00 X:08 Y:46 S:FD P:nvUBdIZc 
  $87EC:85 81     STA $0081 = #$80                                               A:80 X:08 Y:46 S:FD P:NvUBdIzc 
  $87EE:29 F7     AND #$F7                                                       A:80 X:08 Y:46 S:FD P:NvUBdIzc 
  $87F0:9D A2 04  STA $04A2,X @ $04AA = #$80                                     A:80 X:08 Y:46 S:FD P:NvUBdIzc 
  $87F3:20 EC 88  JSR $88EC                                                      A:80 X:08 Y:46 S:FD P:NvUBdIzc 
    $88EC:6C 19 00  JMP ($0019) = $B6D4                                            A:80 X:08 Y:46 S:FB P:NvUBdIzc 
    $B6D4:BD DE 04  LDA $04DE,X @ $04E6 = #$06                                     A:80 X:08 Y:46 S:FB P:NvUBdIzc 
    $B6D7:DD 83 05  CMP $0583,X @ $058B = #$0E                                     A:06 X:08 Y:46 S:FB P:nvUBdIzc 
    $B6DA:B0 14     BCS $B6F0                                                      A:06 X:08 Y:46 S:FB P:NvUBdIzc 
    $B6DC:FE DE 04  INC $04DE,X @ $04E6 = #$06                                     A:06 X:08 Y:46 S:FB P:NvUBdIzc 
    $B6DF:29 08     AND #$08                                                       A:06 X:08 Y:46 S:FB P:nvUBdIzc 
    $B6E1:49 08     EOR #$08                                                       A:00 X:08 Y:46 S:FB P:nvUBdIZc 
    $B6E3:9D 75 04  STA $0475,X @ $047D = #$00                                     A:08 X:08 Y:46 S:FB P:nvUBdIzc 
    $B6E6:F0 75     BEQ $B75D                                                      A:08 X:08 Y:46 S:FB P:nvUBdIzc 
    $B6E8:A9 EC     LDA #$EC                                                       A:08 X:08 Y:46 S:FB P:nvUBdIzc 
    $B6EA:20 FC 92  JSR $92FC                                                      A:EC X:08 Y:46 S:FB P:NvUBdIzc 
      $92FC:18        CLC                                                            A:EC X:08 Y:46 S:F9 P:NvUBdIzc 
      $92FD:65 87     ADC $0087 = #$DF                                               A:EC X:08 Y:46 S:F9 P:NvUBdIzc 
      $92FF:9D FD 03  STA $03FD,X @ $0405 = #$CB                                     A:CB X:08 Y:46 S:F9 P:NvUBdIzC 
      $9302:A5 88     LDA $0088 = #$FF                                               A:CB X:08 Y:46 S:F9 P:NvUBdIzC 
      $9304:69 00     ADC #$00                                                       A:FF X:08 Y:46 S:F9 P:NvUBdIzC 
      $9306:9D EE 03  STA $03EE,X @ $03F6 = #$00                                     A:00 X:08 Y:46 S:F9 P:nvUBdIZC 
      $9309:60        RTS (from $92FC) ----------------------------------------------A:00 X:08 Y:46 S:F9 P:nvUBdIZC 
    $B6ED:4C 27 B7  JMP $B727                                                      A:00 X:08 Y:46 S:FB P:nvUBdIZC 
    $B727:A5 10     LDA $0010 = #$03                                               A:00 X:08 Y:46 S:FB P:nvUBdIZC 
    $B729:49 0C     EOR #$0C                                                       A:03 X:08 Y:46 S:FB P:nvUBdIzC 
    $B72B:D0 0E     BNE $B73B                                                      A:0F X:08 Y:46 S:FB P:nvUBdIzC 
    $B73B:BD C1 03  LDA $03C1,X @ $03C9 = #$23                                     A:0F X:08 Y:46 S:FB P:nvUBdIzC 
    $B73E:49 2A     EOR #$2A                                                       A:23 X:08 Y:46 S:FB P:nvUBdIzC 
    $B740:F0 06     BEQ $B748                                                      A:09 X:08 Y:46 S:FB P:nvUBdIzC 
    $B742:BD 39 04  LDA $0439,X @ $0441 = #$40                                     A:09 X:08 Y:46 S:FB P:nvUBdIzC 
    $B745:38        SEC                                                            A:40 X:08 Y:46 S:FB P:nvUBdIzC 
    $B746:E9 40     SBC #$40                                                       A:40 X:08 Y:46 S:FB P:nvUBdIzC 
    $B748:9D 75 04  STA $0475,X @ $047D = #$08                                     A:00 X:08 Y:46 S:FB P:nvUBdIZC 
    $B74B:BC C1 03  LDY $03C1,X @ $03C9 = #$23                                     A:00 X:08 Y:46 S:FB P:nvUBdIZC 
    $B74E:B9 46 B7  LDA $B746,Y @ $B769 = #$4A                                     A:00 X:08 Y:23 S:FB P:nvUBdIzC 
    $B751:A4 10     LDY $0010 = #$03                                               A:4A X:08 Y:23 S:FB P:nvUBdIzC 
    $B753:C9 4E     CMP #$4E                                                       A:4A X:08 Y:03 S:FB P:nvUBdIzC 
    $B755:D0 06     BNE $B75D                                                      A:4A X:08 Y:03 S:FB P:NvUBdIzc 
    $B75D:9D D0 03  STA $03D0,X @ $03D8 = #$4A                                     A:4A X:08 Y:03 S:FB P:NvUBdIzc 
    $B760:60        RTS (from $88EC) ----------------------------------------------A:4A X:08 Y:03 S:FB P:NvUBdIzc 
  $87F6:A6 82     LDX $0082 = #$08                                               A:4A X:08 Y:03 S:FD P:NvUBdIzc 
  $87F8:BD C1 03  LDA $03C1,X @ $03C9 = #$23                                     A:4A X:08 Y:03 S:FD P:nvUBdIzc 
  $87FB:F0 CE     BEQ $87CB                                                      A:23 X:08 Y:03 S:FD P:nvUBdIzc 
  $87FD:1E A2 04  ASL $04A2,X @ $04AA = #$80                                     A:23 X:08 Y:03 S:FD P:nvUBdIzc 
  $8800:A5 10     LDA $0010 = #$03                                               A:23 X:08 Y:03 S:FD P:nvUBdIZC 
  $8802:C9 05     CMP #$05                                                       A:03 X:08 Y:03 S:FD P:nvUBdIzC 
  $8804:F0 03     BEQ $8809                                                      A:03 X:08 Y:03 S:FD P:NvUBdIzc 
  $8806:4C 4E 88  JMP $884E                                                      A:03 X:08 Y:03 S:FD P:NvUBdIzc 
  $884E:C9 08     CMP #$08                                                       A:03 X:08 Y:03 S:FD P:NvUBdIzc 
  $8850:D0 2B     BNE $887D                                                      A:03 X:08 Y:03 S:FD P:NvUBdIzc 
  $887D:BD FD 03  LDA $03FD,X @ $0405 = #$CB                                     A:03 X:08 Y:03 S:FD P:NvUBdIzc 
  $8880:38        SEC                                                            A:CB X:08 Y:03 S:FD P:NvUBdIzc 
  $8881:E5 87     SBC $0087 = #$DF                                               A:CB X:08 Y:03 S:FD P:NvUBdIzC 
  $8883:9D 84 04  STA $0484,X @ $048C = #$EC                                     A:EC X:08 Y:03 S:FD P:NvUBdIzc 
  $8886:BD EE 03  LDA $03EE,X @ $03F6 = #$00                                     A:EC X:08 Y:03 S:FD P:NvUBdIzc 
  $8889:E5 88     SBC $0088 = #$FF                                               A:00 X:08 Y:03 S:FD P:nvUBdIZc 
  $888B:D0 52     BNE $88DF                                                      A:00 X:08 Y:03 S:FD P:nvUBdIZc 
  $888D:BD 1B 04  LDA $041B,X @ $0423 = #$00                                     A:00 X:08 Y:03 S:FD P:nvUBdIZc 
  $8890:38        SEC                                                            A:00 X:08 Y:03 S:FD P:nvUBdIZc 
  $8891:FD 39 04  SBC $0439,X @ $0441 = #$40                                     A:00 X:08 Y:03 S:FD P:nvUBdIZC 
  $8894:85 15     STA $0015 = #$F8                                               A:C0 X:08 Y:03 S:FD P:NvUBdIzc 
  $8896:BD 0C 04  LDA $040C,X @ $0414 = #$00                                     A:C0 X:08 Y:03 S:FD P:NvUBdIzc 
  $8899:FD 2A 04  SBC $042A,X @ $0432 = #$00                                     A:00 X:08 Y:03 S:FD P:nvUBdIZc 
  $889C:85 16     STA $0016 = #$01                                               A:FF X:08 Y:03 S:FD P:NvUBdIzc 
  $889E:A5 F5     LDA $00F5 = #$00                                               A:FF X:08 Y:03 S:FD P:NvUBdIzc 
  $88A0:F0 0B     BEQ $88AD                                                      A:00 X:08 Y:03 S:FD P:nvUBdIZc 
  $88AD:A5 15     LDA $0015 = #$C0                                               A:00 X:08 Y:03 S:FD P:nvUBdIZc 
  $88AF:18        CLC                                                            A:C0 X:08 Y:03 S:FD P:NvUBdIzc 
  $88B0:7D 75 04  ADC $0475,X @ $047D = #$00                                     A:C0 X:08 Y:03 S:FD P:NvUBdIzc 
  $88B3:90 02     BCC $88B7                                                      A:C0 X:08 Y:03 S:FD P:NvUBdIzc 
  $88B7:38        SEC                                                            A:C0 X:08 Y:03 S:FD P:NvUBdIzc 
  $88B8:E5 89     SBC $0089 = #$F0                                               A:C0 X:08 Y:03 S:FD P:NvUBdIzC 
  $88BA:9D 93 04  STA $0493,X @ $049B = #$D0                                     A:D0 X:08 Y:03 S:FD P:NvUBdIzc 
  $88BD:A5 16     LDA $0016 = #$FF                                               A:D0 X:08 Y:03 S:FD P:NvUBdIzc 
  $88BF:E5 8A     SBC $008A = #$FF                                               A:FF X:08 Y:03 S:FD P:NvUBdIzc 
  $88C1:D0 03     BNE $88C6                                                      A:FF X:08 Y:03 S:FD P:NvUBdIzc 
  $88C6:C9 01     CMP #$01                                                       A:FF X:08 Y:03 S:FD P:NvUBdIzc 
  $88C8:D0 15     BNE $88DF                                                      A:FF X:08 Y:03 S:FD P:NvUBdIzC 
  $88DF:38        SEC                                                            A:FF X:08 Y:03 S:FD P:NvUBdIzC 
  $88E0:7E A2 04  ROR $04A2,X @ $04AA = #$00                                     A:FF X:08 Y:03 S:FD P:NvUBdIzC 
  $88E3:E8        INX                                                            A:FF X:08 Y:03 S:FD P:NvUBdIzc 
  $88E4:E0 0F     CPX #$0F                                                       A:FF X:09 Y:03 S:FD P:nvUBdIzc 
  $88E6:F0 03     BEQ $88EB                                                      A:FF X:09 Y:03 S:FD P:NvUBdIzc 
  $88E8:4C C4 87  JMP $87C4                                                      A:FF X:09 Y:03 S:FD P:NvUBdIzc 
  $87C4:86 82     STX $0082 = #$08                                               A:FF X:09 Y:03 S:FD P:NvUBdIzc 
  $87C6:BD C1 03  LDA $03C1,X @ $03CA = #$0C                                     A:FF X:09 Y:03 S:FD P:NvUBdIzc 
  $87C9:D0 08     BNE $87D3                                                      A:0C X:09 Y:03 S:FD P:nvUBdIzc 
  $87D3:0A        ASL                                                            A:0C X:09 Y:03 S:FD P:nvUBdIzc 
  $87D4:A8        TAY                                                            A:18 X:09 Y:03 S:FD P:nvUBdIzc 
  $87D5:B9 8A 9B  LDA $9B8A,Y @ $9BA2 = #$3A                                     A:18 X:09 Y:18 S:FD P:nvUBdIzc 
  $87D8:85 19     STA $0019 = #$D4                                               A:3A X:09 Y:18 S:FD P:nvUBdIzc 
  $87DA:B9 8B 9B  LDA $9B8B,Y @ $9BA3 = #$91                                     A:3A X:09 Y:18 S:FD P:nvUBdIzc 
  $87DD:85 1A     STA $001A = #$B6                                               A:91 X:09 Y:18 S:FD P:NvUBdIzc 
  $87DF:BD 39 04  LDA $0439,X @ $0442 = #$1E                                     A:91 X:09 Y:18 S:FD P:NvUBdIzc 
  $87E2:85 AD     STA $00AD = #$40                                               A:1E X:09 Y:18 S:FD P:nvUBdIzc 
  $87E4:BD 2A 04  LDA $042A,X @ $0433 = #$02                                     A:1E X:09 Y:18 S:FD P:nvUBdIzc 
  $87E7:85 AE     STA $00AE = #$00                                               A:02 X:09 Y:18 S:FD P:nvUBdIzc 
  $87E9:BD A2 04  LDA $04A2,X @ $04AB = #$80                                     A:02 X:09 Y:18 S:FD P:nvUBdIzc 
  $87EC:85 81     STA $0081 = #$80                                               A:80 X:09 Y:18 S:FD P:NvUBdIzc 
  $87EE:29 F7     AND #$F7                                                       A:80 X:09 Y:18 S:FD P:NvUBdIzc 
  $87F0:9D A2 04  STA $04A2,X @ $04AB = #$80                                     A:80 X:09 Y:18 S:FD P:NvUBdIzc 
  $87F3:20 EC 88  JSR $88EC                                                      A:80 X:09 Y:18 S:FD P:NvUBdIzc 
    $88EC:6C 19 00  JMP ($0019) = $913A                                            A:80 X:09 Y:18 S:FB P:NvUBdIzc 
    $913A:DE DE 04  DEC $04DE,X @ $04E7 = #$AB                                     A:80 X:09 Y:18 S:FB P:NvUBdIzc 
    $913D:D0 4F     BNE $918E                                                      A:80 X:09 Y:18 S:FB P:NvUBdIzc 
    $918E:60        RTS (from $88EC) ----------------------------------------------A:80 X:09 Y:18 S:FB P:NvUBdIzc 
  $87F6:A6 82     LDX $0082 = #$09                                               A:80 X:09 Y:18 S:FD P:NvUBdIzc 
  $87F8:BD C1 03  LDA $03C1,X @ $03CA = #$0C                                     A:80 X:09 Y:18 S:FD P:nvUBdIzc 
  $87FB:F0 CE     BEQ $87CB                                                      A:0C X:09 Y:18 S:FD P:nvUBdIzc 
  $87FD:1E A2 04  ASL $04A2,X @ $04AB = #$80                                     A:0C X:09 Y:18 S:FD P:nvUBdIzc 
  $8800:A5 10     LDA $0010 = #$03                                               A:0C X:09 Y:18 S:FD P:nvUBdIZC 
  $8802:C9 05     CMP #$05                                                       A:03 X:09 Y:18 S:FD P:nvUBdIzC 
  $8804:F0 03     BEQ $8809                                                      A:03 X:09 Y:18 S:FD P:NvUBdIzc 
  $8806:4C 4E 88  JMP $884E                                                      A:03 X:09 Y:18 S:FD P:NvUBdIzc 
  $884E:C9 08     CMP #$08                                                       A:03 X:09 Y:18 S:FD P:NvUBdIzc 
  $8850:D0 2B     BNE $887D                                                      A:03 X:09 Y:18 S:FD P:NvUBdIzc 
  $887D:BD FD 03  LDA $03FD,X @ $0406 = #$02                                     A:03 X:09 Y:18 S:FD P:NvUBdIzc 
  $8880:38        SEC                                                            A:02 X:09 Y:18 S:FD P:nvUBdIzc 
  $8881:E5 87     SBC $0087 = #$DF                                               A:02 X:09 Y:18 S:FD P:nvUBdIzC 
  $8883:9D 84 04  STA $0484,X @ $048D = #$23                                     A:23 X:09 Y:18 S:FD P:nvUBdIzc 
  $8886:BD EE 03  LDA $03EE,X @ $03F7 = #$02                                     A:23 X:09 Y:18 S:FD P:nvUBdIzc 
  $8889:E5 88     SBC $0088 = #$FF                                               A:02 X:09 Y:18 S:FD P:nvUBdIzc 
  $888B:D0 52     BNE $88DF                                                      A:02 X:09 Y:18 S:FD P:nvUBdIzc 
  $88DF:38        SEC                                                            A:02 X:09 Y:18 S:FD P:nvUBdIzc 
  $88E0:7E A2 04  ROR $04A2,X @ $04AB = #$00                                     A:02 X:09 Y:18 S:FD P:nvUBdIzC 
  $88E3:E8        INX                                                            A:02 X:09 Y:18 S:FD P:NvUBdIzc 
  $88E4:E0 0F     CPX #$0F                                                       A:02 X:0A Y:18 S:FD P:nvUBdIzc 
  $88E6:F0 03     BEQ $88EB                                                      A:02 X:0A Y:18 S:FD P:NvUBdIzc 
  $88E8:4C C4 87  JMP $87C4                                                      A:02 X:0A Y:18 S:FD P:NvUBdIzc 
  $87C4:86 82     STX $0082 = #$09                                               A:02 X:0A Y:18 S:FD P:NvUBdIzc 
  $87C6:BD C1 03  LDA $03C1,X @ $03CB = #$81                                     A:02 X:0A Y:18 S:FD P:NvUBdIzc 
  $87C9:D0 08     BNE $87D3                                                      A:81 X:0A Y:18 S:FD P:NvUBdIzc 
  $87D3:0A        ASL                                                            A:81 X:0A Y:18 S:FD P:NvUBdIzc 
  $87D4:A8        TAY                                                            A:02 X:0A Y:18 S:FD P:nvUBdIzC 
  $87D5:B9 8A 9B  LDA $9B8A,Y @ $9B8C = #$D8                                     A:02 X:0A Y:02 S:FD P:nvUBdIzC 
  $87D8:85 19     STA $0019 = #$3A                                               A:D8 X:0A Y:02 S:FD P:NvUBdIzC 
  $87DA:B9 8B 9B  LDA $9B8B,Y @ $9B8D = #$9F                                     A:D8 X:0A Y:02 S:FD P:NvUBdIzC 
  $87DD:85 1A     STA $001A = #$91                                               A:9F X:0A Y:02 S:FD P:NvUBdIzC 
  $87DF:BD 39 04  LDA $0439,X @ $0443 = #$A0                                     A:9F X:0A Y:02 S:FD P:NvUBdIzC 
  $87E2:85 AD     STA $00AD = #$1E                                               A:A0 X:0A Y:02 S:FD P:NvUBdIzC 
  $87E4:BD 2A 04  LDA $042A,X @ $0434 = #$06                                     A:A0 X:0A Y:02 S:FD P:NvUBdIzC 
  $87E7:85 AE     STA $00AE = #$02                                               A:06 X:0A Y:02 S:FD P:nvUBdIzC 
  $87E9:BD A2 04  LDA $04A2,X @ $04AC = #$CA                                     A:06 X:0A Y:02 S:FD P:nvUBdIzC 
  $87EC:85 81     STA $0081 = #$80                                               A:CA X:0A Y:02 S:FD P:NvUBdIzC 
  $87EE:29 F7     AND #$F7                                                       A:CA X:0A Y:02 S:FD P:NvUBdIzC 
  $87F0:9D A2 04  STA $04A2,X @ $04AC = #$CA                                     A:C2 X:0A Y:02 S:FD P:NvUBdIzC 
  $87F3:20 EC 88  JSR $88EC                                                      A:C2 X:0A Y:02 S:FD P:NvUBdIzC 
    $88EC:6C 19 00  JMP ($0019) = $9FD8                                            A:C2 X:0A Y:02 S:FB P:NvUBdIzC 
    $9FD8:BD B2 05  LDA $05B2,X @ $05BC = #$00                                     A:C2 X:0A Y:02 S:FB P:NvUBdIzC 
    $9FDB:D0 C5     BNE $9FA2                                                      A:00 X:0A Y:02 S:FB P:nvUBdIZC 
    $9FDD:B5 EC     LDA $EC,X @ $00F6 = #$00                                       A:00 X:0A Y:02 S:FB P:nvUBdIZC 
    $9FDF:F0 02     BEQ $9FE3                                                      A:00 X:0A Y:02 S:FB P:nvUBdIZC 
    $9FE3:A4 10     LDY $0010 = #$03                                               A:00 X:0A Y:02 S:FB P:nvUBdIZC 
    $9FE5:B9 1B A0  LDA $A01B,Y @ $A01E = #$00                                     A:00 X:0A Y:03 S:FB P:nvUBdIzC 
    $9FE8:D0 03     BNE $9FED                                                      A:00 X:0A Y:03 S:FB P:nvUBdIZC 
    $9FEA:4C 92 A0  JMP $A092                                                      A:00 X:0A Y:03 S:FB P:nvUBdIZC 
    $A092:BD 29 05  LDA $0529,X @ $0533 = #$00                                     A:00 X:0A Y:03 S:FB P:nvUBdIZC 
    $A095:F0 03     BEQ $A09A                                                      A:00 X:0A Y:03 S:FB P:nvUBdIZC 
    $A09A:A9 FE     LDA #$FE                                                       A:00 X:0A Y:03 S:FB P:nvUBdIZC 
    $A09C:BC D0 05  LDY $05D0,X @ $05DA = #$00                                     A:FE X:0A Y:03 S:FB P:NvUBdIzC 
    $A09F:30 14     BMI $A0B5                                                      A:FE X:0A Y:00 S:FB P:nvUBdIZC 
    $A0A1:A9 FC     LDA #$FC                                                       A:FE X:0A Y:00 S:FB P:nvUBdIZC 
    $A0A3:A4 10     LDY $0010 = #$03                                               A:FC X:0A Y:00 S:FB P:NvUBdIzC 
    $A0A5:C0 04     CPY #$04                                                       A:FC X:0A Y:03 S:FB P:nvUBdIzC 
    $A0A7:D0 0C     BNE $A0B5                                                      A:FC X:0A Y:03 S:FB P:NvUBdIzc 
    $A0B5:20 6A D0  JSR $D06A                                                      A:FC X:0A Y:03 S:FB P:NvUBdIzc 
      $D06A:85 15     STA $0015 = #$C0                                               A:FC X:0A Y:03 S:F9 P:NvUBdIzc 
      $D06C:BD 65 05  LDA $0565,X @ $056F = #$80                                     A:FC X:0A Y:03 S:F9 P:NvUBdIzc 
      $D06F:C9 FF     CMP #$FF                                                       A:80 X:0A Y:03 S:F9 P:NvUBdIzc 
      $D071:F0 0A     BEQ $D07D                                                      A:80 X:0A Y:03 S:F9 P:NvUBdIzc 
      $D073:65 15     ADC $0015 = #$FC                                               A:80 X:0A Y:03 S:F9 P:NvUBdIzc 
      $D075:B0 02     BCS $D079                                                      A:7C X:0A Y:03 S:F9 P:nVUBdIzC 
      $D079:9D 65 05  STA $0565,X @ $056F = #$80                                     A:7C X:0A Y:03 S:F9 P:nVUBdIzC 
      $D07C:60        RTS (from $D06A) ----------------------------------------------A:7C X:0A Y:03 S:F9 P:nVUBdIzC 
    $A0B8:A5 C8     LDA $00C8 = #$00                                               A:7C X:0A Y:03 S:FB P:nVUBdIzC 
    $A0BA:F0 03     BEQ $A0BF                                                      A:00 X:0A Y:03 S:FB P:nVUBdIZC 
    $A0BF:A5 10     LDA $0010 = #$03                                               A:00 X:0A Y:03 S:FB P:nVUBdIZC 
    $A0C1:C9 03     CMP #$03                                                       A:03 X:0A Y:03 S:FB P:nVUBdIzC 
    $A0C3:D0 54     BNE $A119                                                      A:03 X:0A Y:03 S:FB P:nVUBdIZC 
    $A0C5:B5 E9     LDA $E9,X @ $00F3 = #$00                                       A:03 X:0A Y:03 S:FB P:nVUBdIZC 
    $A0C7:D0 50     BNE $A119                                                      A:00 X:0A Y:03 S:FB P:nVUBdIZC 
    $A0C9:BD A2 04  LDA $04A2,X @ $04AC = #$C2                                     A:00 X:0A Y:03 S:FB P:nVUBdIZC 
    $A0CC:10 4B     BPL $A119                                                      A:C2 X:0A Y:03 S:FB P:NVUBdIzC 
    $A0CE:A5 EB     LDA $00EB = #$00                                               A:C2 X:0A Y:03 S:FB P:NVUBdIzC 
    $A0D0:D0 47     BNE $A119                                                      A:00 X:0A Y:03 S:FB P:nVUBdIZC 
    $A0D2:BD 2A 04  LDA $042A,X @ $0434 = #$06                                     A:00 X:0A Y:03 S:FB P:nVUBdIZC 
    $A0D5:30 09     BMI $A0E0                                                      A:06 X:0A Y:03 S:FB P:nVUBdIzC 
    $A0D7:C9 01     CMP #$01                                                       A:06 X:0A Y:03 S:FB P:nVUBdIzC 
    $A0D9:F0 3E     BEQ $A119                                                      A:06 X:0A Y:03 S:FB P:nVUBdIzC 
    $A0DB:BD 39 04  LDA $0439,X @ $0443 = #$A0                                     A:06 X:0A Y:03 S:FB P:nVUBdIzC 
    $A0DE:30 39     BMI $A119                                                      A:A0 X:0A Y:03 S:FB P:NVUBdIzC 
    $A119:BD 83 05  LDA $0583,X @ $058D = #$00                                     A:A0 X:0A Y:03 S:FB P:NVUBdIzC 
    $A11C:F0 03     BEQ $A121                                                      A:00 X:0A Y:03 S:FB P:nVUBdIZC 
    $A121:BD 47 05  LDA $0547,X @ $0551 = #$00                                     A:00 X:0A Y:03 S:FB P:nVUBdIZC 
    $A124:D0 03     BNE $A129                                                      A:00 X:0A Y:03 S:FB P:nVUBdIZC 
    $A126:4C 6D A3  JMP $A36D                                                      A:00 X:0A Y:03 S:FB P:nVUBdIZC 
    $A36D:BD 74 05  LDA $0574,X @ $057E = #$00                                     A:00 X:0A Y:03 S:FB P:nVUBdIZC 
    $A370:F0 F8     BEQ $A36A                                                      A:00 X:0A Y:03 S:FB P:nVUBdIZC 
    $A36A:4C 44 A4  JMP $A444                                                      A:00 X:0A Y:03 S:FB P:nVUBdIZC 
    $A444:B5 29     LDA $29,X @ $0033 = #$8A                                       A:00 X:0A Y:03 S:FB P:nVUBdIZC 
    $A446:29 40     AND #$40                                                       A:8A X:0A Y:03 S:FB P:NVUBdIzC 
    $A448:F0 2B     BEQ $A475                                                      A:00 X:0A Y:03 S:FB P:nVUBdIZC 
    $A475:4C F6 A4  JMP $A4F6                                                      A:00 X:0A Y:03 S:FB P:nVUBdIZC 
    $A4F6:4C AF A6  JMP $A6AF                                                      A:00 X:0A Y:03 S:FB P:nVUBdIZC 
    $A6AF:BD FC 04  LDA $04FC,X @ $0506 = #$00                                     A:00 X:0A Y:03 S:FB P:nVUBdIZC 
    $A6B2:F0 08     BEQ $A6BC                                                      A:00 X:0A Y:03 S:FB P:nVUBdIZC 
    $A6BC:A5 10     LDA $0010 = #$03                                               A:00 X:0A Y:03 S:FB P:nVUBdIZC 
    $A6BE:C9 0A     CMP #$0A                                                       A:03 X:0A Y:03 S:FB P:nVUBdIzC 
    $A6C0:D0 55     BNE $A717                                                      A:03 X:0A Y:03 S:FB P:NVUBdIzc 
    $A717:BD A2 04  LDA $04A2,X @ $04AC = #$C2                                     A:03 X:0A Y:03 S:FB P:NVUBdIzc 
    $A71A:29 10     AND #$10                                                       A:C2 X:0A Y:03 S:FB P:NVUBdIzc 
    $A71C:F0 15     BEQ $A733                                                      A:00 X:0A Y:03 S:FB P:nVUBdIZc 
    $A733:BD B1 03  LDA $03B1,X @ $03BB = #$00                                     A:00 X:0A Y:03 S:FB P:nVUBdIZc 
    $A736:38        SEC                                                            A:00 X:0A Y:03 S:FB P:nVUBdIZc 
    $A737:E9 04     SBC #$04                                                       A:00 X:0A Y:03 S:FB P:nVUBdIZC 
    $A739:90 34     BCC $A76F                                                      A:FC X:0A Y:03 S:FB P:NvUBdIzc 
    $A76F:B5 2B     LDA $2B,X @ $0035 = #$00                                       A:FC X:0A Y:03 S:FB P:NvUBdIzc 
    $A771:29 03     AND #$03                                                       A:00 X:0A Y:03 S:FB P:nvUBdIZc 
    $A773:F0 05     BEQ $A77A                                                      A:00 X:0A Y:03 S:FB P:nvUBdIZc 
    $A77A:BD B0 05  LDA $05B0,X @ $05BA = #$00                                     A:00 X:0A Y:03 S:FB P:nvUBdIZc 
    $A77D:30 15     BMI $A794                                                      A:00 X:0A Y:03 S:FB P:nvUBdIZc 
    $A77F:A4 10     LDY $0010 = #$03                                               A:00 X:0A Y:03 S:FB P:nvUBdIZc 
    $A781:C0 06     CPY #$06                                                       A:00 X:0A Y:03 S:FB P:nvUBdIzc 
    $A783:D0 08     BNE $A78D                                                      A:00 X:0A Y:03 S:FB P:NvUBdIzc 
    $A78D:B9 0E 9F  LDA $9F0E,Y @ $9F11 = #$0F                                     A:00 X:0A Y:03 S:FB P:NvUBdIzc 
    $A790:35 29     AND $29,X @ $0033 = #$8A                                       A:0F X:0A Y:03 S:FB P:nvUBdIzc 
    $A792:D0 03     BNE $A797                                                      A:0A X:0A Y:03 S:FB P:nvUBdIzc 
    $A797:A8        TAY                                                            A:0A X:0A Y:03 S:FB P:nvUBdIzc 
    $A798:B9 AF 9E  LDA $9EAF,Y @ $9EB9 = #$64                                     A:0A X:0A Y:0A S:FB P:nvUBdIzc 
    $A79B:38        SEC                                                            A:64 X:0A Y:0A S:FB P:nvUBdIzc 
    $A79C:FD 56 05  SBC $0556,X @ $0560 = #$64                                     A:64 X:0A Y:0A S:FB P:nvUBdIzC 
    $A79F:F0 32     BEQ $A7D3                                                      A:00 X:0A Y:0A S:FB P:nvUBdIZC 
    $A7D3:BD D0 05  LDA $05D0,X @ $05DA = #$00                                     A:00 X:0A Y:0A S:FB P:nvUBdIZC 
    $A7D6:F0 03     BEQ $A7DB                                                      A:00 X:0A Y:0A S:FB P:nvUBdIZC 
    $A7DB:BD A2 04  LDA $04A2,X @ $04AC = #$C2                                     A:00 X:0A Y:0A S:FB P:nvUBdIZC 
    $A7DE:29 10     AND #$10                                                       A:C2 X:0A Y:0A S:FB P:NvUBdIzC 
    $A7E0:F0 0E     BEQ $A7F0                                                      A:00 X:0A Y:0A S:FB P:nvUBdIZC 
    $A7F0:A0 40     LDY #$40                                                       A:00 X:0A Y:0A S:FB P:nvUBdIZC 
    $A7F2:BD 56 05  LDA $0556,X @ $0560 = #$64                                     A:00 X:0A Y:40 S:FB P:nvUBdIzC 
    $A7F5:29 7F     AND #$7F                                                       A:64 X:0A Y:40 S:FB P:nvUBdIzC 
    $A7F7:38        SEC                                                            A:64 X:0A Y:40 S:FB P:nvUBdIzC 
    $A7F8:E9 21     SBC #$21                                                       A:64 X:0A Y:40 S:FB P:nvUBdIzC 
    $A7FA:C9 3D     CMP #$3D                                                       A:43 X:0A Y:40 S:FB P:nvUBdIzC 
    $A7FC:90 06     BCC $A804                                                      A:43 X:0A Y:40 S:FB P:nvUBdIzC 
    $A7FE:A4 10     LDY $0010 = #$03                                               A:43 X:0A Y:40 S:FB P:nvUBdIzC 
    $A800:B9 1C 9F  LDA $9F1C,Y @ $9F1F = #$80                                     A:43 X:0A Y:03 S:FB P:nvUBdIzC 
    $A803:A8        TAY                                                            A:80 X:0A Y:03 S:FB P:NvUBdIzC 
    $A804:BD 38 05  LDA $0538,X @ $0542 = #$00                                     A:80 X:0A Y:80 S:FB P:NvUBdIzC 
    $A807:C9 40     CMP #$40                                                       A:00 X:0A Y:80 S:FB P:nvUBdIZC 
    $A809:90 36     BCC $A841                                                      A:00 X:0A Y:80 S:FB P:NvUBdIzc 
    $A841:BD 38 05  LDA $0538,X @ $0542 = #$00                                     A:00 X:0A Y:80 S:FB P:NvUBdIzc 
    $A844:29 40     AND #$40                                                       A:00 X:0A Y:80 S:FB P:nvUBdIZc 
    $A846:D0 07     BNE $A84F                                                      A:00 X:0A Y:80 S:FB P:nvUBdIZc 
    $A848:BD D0 03  LDA $03D0,X @ $03DA = #$00                                     A:00 X:0A Y:80 S:FB P:nvUBdIZc 
    $A84B:C9 4B     CMP #$4B                                                       A:00 X:0A Y:80 S:FB P:nvUBdIZc 
    $A84D:F0 27     BEQ $A876                                                      A:00 X:0A Y:80 S:FB P:NvUBdIzc 
    $A84F:BD D0 05  LDA $05D0,X @ $05DA = #$00                                     A:00 X:0A Y:80 S:FB P:NvUBdIzc 
    $A852:F0 06     BEQ $A85A                                                      A:00 X:0A Y:80 S:FB P:nvUBdIZc 
    $A85A:A5 10     LDA $0010 = #$03                                               A:00 X:0A Y:80 S:FB P:nvUBdIZc 
    $A85C:C9 04     CMP #$04                                                       A:03 X:0A Y:80 S:FB P:nvUBdIzc 
    $A85E:D0 04     BNE $A864                                                      A:03 X:0A Y:80 S:FB P:NvUBdIzc 
    $A864:A9 0A     LDA #$0A                                                       A:03 X:0A Y:80 S:FB P:NvUBdIzc 
    $A866:18        CLC                                                            A:0A X:0A Y:80 S:FB P:nvUBdIzc 
    $A867:7D 65 05  ADC $0565,X @ $056F = #$7C                                     A:0A X:0A Y:80 S:FB P:nvUBdIzc 
    $A86A:9D 65 05  STA $0565,X @ $056F = #$7C                                     A:86 X:0A Y:80 S:FB P:NVUBdIzc 
    $A86D:98        TYA                                                            A:86 X:0A Y:80 S:FB P:NVUBdIzc 
    $A86E:DD 65 05  CMP $0565,X @ $056F = #$86                                     A:80 X:0A Y:80 S:FB P:NVUBdIzc 
    $A871:B0 03     BCS $A876                                                      A:80 X:0A Y:80 S:FB P:NVUBdIzc 
    $A873:9D 65 05  STA $0565,X @ $056F = #$86                                     A:80 X:0A Y:80 S:FB P:NVUBdIzc 
    $A876:BD 65 05  LDA $0565,X @ $056F = #$80                                     A:80 X:0A Y:80 S:FB P:NVUBdIzc 
    $A879:C9 80     CMP #$80                                                       A:80 X:0A Y:80 S:FB P:NVUBdIzc 
    $A87B:90 1E     BCC $A89B                                                      A:80 X:0A Y:80 S:FB P:nVUBdIZC 
    $A87D:A5 10     LDA $0010 = #$03                                               A:80 X:0A Y:80 S:FB P:nVUBdIZC 
    $A87F:C9 09     CMP #$09                                                       A:03 X:0A Y:80 S:FB P:nVUBdIzC 
    $A881:D0 18     BNE $A89B                                                      A:03 X:0A Y:80 S:FB P:NVUBdIzc 
    $A89B:20 A1 A8  JSR $A8A1                                                      A:03 X:0A Y:80 S:FB P:NVUBdIzc 
      $A8A1:A5 10     LDA $0010 = #$03                                               A:03 X:0A Y:80 S:F9 P:NVUBdIzc 
      $A8A3:C9 04     CMP #$04                                                       A:03 X:0A Y:80 S:F9 P:nVUBdIzc 
      $A8A5:D0 68     BNE $A90F                                                      A:03 X:0A Y:80 S:F9 P:NVUBdIzc 
      $A90F:4C 4C 8F  JMP $8F4C                                                      A:03 X:0A Y:80 S:F9 P:NVUBdIzc 
      $8F4C:BD 65 05  LDA $0565,X @ $056F = #$80                                     A:03 X:0A Y:80 S:F9 P:NVUBdIzc 
      $8F4F:29 F0     AND #$F0                                                       A:80 X:0A Y:80 S:F9 P:NVUBdIzc 
      $8F51:F0 43     BEQ $8F96                                                      A:80 X:0A Y:80 S:F9 P:NVUBdIzc 
      $8F53:85 15     STA $0015 = #$FC                                               A:80 X:0A Y:80 S:F9 P:NVUBdIzc 
      $8F55:BD 56 05  LDA $0556,X @ $0560 = #$64                                     A:80 X:0A Y:80 S:F9 P:NVUBdIzc 
      $8F58:4A        LSR                                                            A:64 X:0A Y:80 S:F9 P:nVUBdIzc 
      $8F59:4A        LSR                                                            A:32 X:0A Y:80 S:F9 P:nVUBdIzc 
      $8F5A:29 0F     AND #$0F                                                       A:19 X:0A Y:80 S:F9 P:nVUBdIzc 
      $8F5C:85 17     STA $0017 = #$C0                                               A:09 X:0A Y:80 S:F9 P:nVUBdIzc 
      $8F5E:F0 06     BEQ $8F66                                                      A:09 X:0A Y:80 S:F9 P:nVUBdIzc 
      $8F60:05 15     ORA $0015 = #$80                                               A:09 X:0A Y:80 S:F9 P:nVUBdIzc 
      $8F62:A8        TAY                                                            A:89 X:0A Y:80 S:F9 P:NVUBdIzc 
      $8F63:B9 39 90  LDA $9039,Y @ $90C2 = #$A1                                     A:89 X:0A Y:89 S:F9 P:NVUBdIzc 
      $8F66:A8        TAY                                                            A:A1 X:0A Y:89 S:F9 P:NVUBdIzc 
      $8F67:29 07     AND #$07                                                       A:A1 X:0A Y:A1 S:F9 P:NVUBdIzc 
      $8F69:85 21     STA $0021 = #$00                                               A:01 X:0A Y:A1 S:F9 P:nVUBdIzc 
      $8F6B:98        TYA                                                            A:01 X:0A Y:A1 S:F9 P:nVUBdIzc 
      $8F6C:29 F8     AND #$F8                                                       A:A1 X:0A Y:A1 S:F9 P:NVUBdIzc 
      $8F6E:85 22     STA $0022 = #$A0                                               A:A0 X:0A Y:A1 S:F9 P:NVUBdIzc 
      $8F70:A5 17     LDA $0017 = #$09                                               A:A0 X:0A Y:A1 S:F9 P:NVUBdIzc 
      $8F72:49 0F     EOR #$0F                                                       A:09 X:0A Y:A1 S:F9 P:nVUBdIzc 
      $8F74:05 15     ORA $0015 = #$80                                               A:06 X:0A Y:A1 S:F9 P:nVUBdIzc 
      $8F76:A8        TAY                                                            A:86 X:0A Y:A1 S:F9 P:NVUBdIzc 
      $8F77:B9 3A 90  LDA $903A,Y @ $90C0 = #$59                                     A:86 X:0A Y:86 S:F9 P:NVUBdIzc 
      $8F7A:A8        TAY                                                            A:59 X:0A Y:86 S:F9 P:nVUBdIzc 
      $8F7B:29 07     AND #$07                                                       A:59 X:0A Y:59 S:F9 P:nVUBdIzc 
      $8F7D:85 1B     STA $001B = #$E1                                               A:01 X:0A Y:59 S:F9 P:nVUBdIzc 
      $8F7F:98        TYA                                                            A:01 X:0A Y:59 S:F9 P:nVUBdIzc 
      $8F80:29 F8     AND #$F8                                                       A:59 X:0A Y:59 S:F9 P:nVUBdIzc 
      $8F82:85 1C     STA $001C = #$08                                               A:58 X:0A Y:59 S:F9 P:nVUBdIzc 
      $8F84:BD 56 05  LDA $0556,X @ $0560 = #$64                                     A:58 X:0A Y:59 S:F9 P:nVUBdIzc 
      $8F87:29 C0     AND #$C0                                                       A:64 X:0A Y:59 S:F9 P:nVUBdIzc 
      $8F89:F0 65     BEQ $8FF0                                                      A:40 X:0A Y:59 S:F9 P:nVUBdIzc 
      $8F8B:C9 C0     CMP #$C0                                                       A:40 X:0A Y:59 S:F9 P:nVUBdIzc 
      $8F8D:F0 08     BEQ $8F97                                                      A:40 X:0A Y:59 S:F9 P:NVUBdIzc 
      $8F8F:C9 80     CMP #$80                                                       A:40 X:0A Y:59 S:F9 P:NVUBdIzc 
      $8F91:F0 31     BEQ $8FC4                                                      A:40 X:0A Y:59 S:F9 P:NVUBdIzc 
      $8F93:4C 1D 90  JMP $901D                                                      A:40 X:0A Y:59 S:F9 P:NVUBdIzc 
      $901D:BD 48 04  LDA $0448,X @ $0452 = #$C0                                     A:40 X:0A Y:59 S:F9 P:NVUBdIzc 
      $9020:38        SEC                                                            A:C0 X:0A Y:59 S:F9 P:NVUBdIzc 
      $9021:E5 22     SBC $0022 = #$A0                                               A:C0 X:0A Y:59 S:F9 P:NVUBdIzC 
      $9023:9D 48 04  STA $0448,X @ $0452 = #$C0                                     A:20 X:0A Y:59 S:F9 P:nvUBdIzC 
      $9026:BD FD 03  LDA $03FD,X @ $0407 = #$39                                     A:20 X:0A Y:59 S:F9 P:nvUBdIzC 
      $9029:E5 21     SBC $0021 = #$01                                               A:39 X:0A Y:59 S:F9 P:nvUBdIzC 
      $902B:9D FD 03  STA $03FD,X @ $0407 = #$39                                     A:38 X:0A Y:59 S:F9 P:nvUBdIzC 
      $902E:B0 04     BCS $9034                                                      A:38 X:0A Y:59 S:F9 P:nvUBdIzC 
      $9034:BD 57 04  LDA $0457,X @ $0461 = #$A0                                     A:38 X:0A Y:59 S:F9 P:nvUBdIzC 
      $9037:E5 1C     SBC $001C = #$58                                               A:A0 X:0A Y:59 S:F9 P:NvUBdIzC 
      $9039:9D 57 04  STA $0457,X @ $0461 = #$A0                                     A:48 X:0A Y:59 S:F9 P:nVUBdIzC 
      $903C:BD 1B 04  LDA $041B,X @ $0425 = #$C0                                     A:48 X:0A Y:59 S:F9 P:nVUBdIzC 
      $903F:E5 1B     SBC $001B = #$01                                               A:C0 X:0A Y:59 S:F9 P:NVUBdIzC 
      $9041:9D 1B 04  STA $041B,X @ $0425 = #$C0                                     A:BF X:0A Y:59 S:F9 P:NvUBdIzC 
      $9044:B0 03     BCS $9049                                                      A:BF X:0A Y:59 S:F9 P:NvUBdIzC 
      $9049:60        RTS (from $A8A1) ----------------------------------------------A:BF X:0A Y:59 S:F9 P:NvUBdIzC 
    $A89E:4C 15 A9  JMP $A915                                                      A:BF X:0A Y:59 S:FB P:NvUBdIzC 
    $A915:A5 EB     LDA $00EB = #$00                                               A:BF X:0A Y:59 S:FB P:NvUBdIzC 
    $A917:D0 09     BNE $A922                                                      A:00 X:0A Y:59 S:FB P:nvUBdIZC 
    $A919:A5 10     LDA $0010 = #$03                                               A:00 X:0A Y:59 S:FB P:nvUBdIZC 
    $A91B:C9 05     CMP #$05                                                       A:03 X:0A Y:59 S:FB P:nvUBdIzC 
    $A91D:F0 03     BEQ $A922                                                      A:03 X:0A Y:59 S:FB P:NvUBdIzc 
    $A91F:20 12 9E  JSR $9E12                                                      A:03 X:0A Y:59 S:FB P:NvUBdIzc 
      $9E12:BD FD 03  LDA $03FD,X @ $0407 = #$38                                     A:03 X:0A Y:59 S:F9 P:NvUBdIzc 
      $9E15:38        SEC                                                            A:38 X:0A Y:59 S:F9 P:nvUBdIzc 
      $9E16:E5 87     SBC $0087 = #$DF                                               A:38 X:0A Y:59 S:F9 P:nvUBdIzC 
      $9E18:A8        TAY                                                            A:59 X:0A Y:59 S:F9 P:nvUBdIzc 
      $9E19:C0 1A     CPY #$1A                                                       A:59 X:0A Y:59 S:F9 P:nvUBdIzc 
      $9E1B:B0 09     BCS $9E26                                                      A:59 X:0A Y:59 S:F9 P:nvUBdIzC 
      $9E26:A9 16     LDA #$16                                                       A:59 X:0A Y:59 S:F9 P:nvUBdIzC 
      $9E28:C0 16     CPY #$16                                                       A:16 X:0A Y:59 S:F9 P:nvUBdIzC 
      $9E2A:90 06     BCC $9E32                                                      A:16 X:0A Y:59 S:F9 P:nvUBdIzC 
      $9E2C:C0 EF     CPY #$EF                                                       A:16 X:0A Y:59 S:F9 P:nvUBdIzC 
      $9E2E:90 1D     BCC $9E4D                                                      A:16 X:0A Y:59 S:F9 P:nvUBdIzc 
      $9E4D:60        RTS (from $9E12) ----------------------------------------------A:16 X:0A Y:59 S:F9 P:nvUBdIzc 
    $A922:A5 10     LDA $0010 = #$03                                               A:16 X:0A Y:59 S:FB P:nvUBdIzc 
    $A924:C9 02     CMP #$02                                                       A:03 X:0A Y:59 S:FB P:nvUBdIzc 
    $A926:F0 EA     BEQ $A912                                                      A:03 X:0A Y:59 S:FB P:nvUBdIzC 
    $A928:B5 2B     LDA $2B,X @ $0035 = #$00                                       A:03 X:0A Y:59 S:FB P:nvUBdIzC 
    $A92A:10 E6     BPL $A912                                                      A:00 X:0A Y:59 S:FB P:nvUBdIZC 
    $A912:4C CB A9  JMP $A9CB                                                      A:00 X:0A Y:59 S:FB P:nvUBdIZC 
    $A9CB:A5 C8     LDA $00C8 = #$00                                               A:00 X:0A Y:59 S:FB P:nvUBdIZC 
    $A9CD:D0 6E     BNE $AA3D                                                      A:00 X:0A Y:59 S:FB P:nvUBdIZC 
    $A9CF:BD 38 05  LDA $0538,X @ $0542 = #$00                                     A:00 X:0A Y:59 S:FB P:nvUBdIZC 
    $A9D2:29 40     AND #$40                                                       A:00 X:0A Y:59 S:FB P:nvUBdIZC 
    $A9D4:F0 36     BEQ $AA0C                                                      A:00 X:0A Y:59 S:FB P:nvUBdIZC 
    $AA0C:4C 0A AB  JMP $AB0A                                                      A:00 X:0A Y:59 S:FB P:nvUBdIZC 
    $AB0A:BD FC 04  LDA $04FC,X @ $0506 = #$00                                     A:00 X:0A Y:59 S:FB P:nvUBdIZC 
    $AB0D:F0 05     BEQ $AB14                                                      A:00 X:0A Y:59 S:FB P:nvUBdIZC 
    $AB14:BD BB 03  LDA $03BB,X @ $03C5 = #$08                                     A:00 X:0A Y:59 S:FB P:nvUBdIZC 
    $AB17:C9 C0     CMP #$C0                                                       A:08 X:0A Y:59 S:FB P:nvUBdIzC 
    $AB19:F0 05     BEQ $AB20                                                      A:08 X:0A Y:59 S:FB P:nvUBdIzc 
    $AB1B:35 29     AND $29,X @ $0033 = #$8A                                       A:08 X:0A Y:59 S:FB P:nvUBdIzc 
    $AB1D:9D BB 03  STA $03BB,X @ $03C5 = #$08                                     A:08 X:0A Y:59 S:FB P:nvUBdIzc 
    $AB20:20 C1 8D  JSR $8DC1                                                      A:08 X:0A Y:59 S:FB P:nvUBdIzc 
      $8DC1:A4 10     LDY $0010 = #$03                                               A:08 X:0A Y:59 S:F9 P:nvUBdIzc 
      $8DC3:C0 02     CPY #$02                                                       A:08 X:0A Y:03 S:F9 P:nvUBdIzc 
      $8DC5:D0 7B     BNE $8E42                                                      A:08 X:0A Y:03 S:F9 P:nvUBdIzC 
      $8E42:BC FC 04  LDY $04FC,X @ $0506 = #$00                                     A:08 X:0A Y:03 S:F9 P:nvUBdIzC 
      $8E45:D0 03     BNE $8E4A                                                      A:08 X:0A Y:00 S:F9 P:nvUBdIZC 
      $8E47:2A        ROL                                                            A:08 X:0A Y:00 S:F9 P:nvUBdIZC 
      $8E48:B0 08     BCS $8E52                                                      A:11 X:0A Y:00 S:F9 P:nvUBdIzc 
      $8E4A:A9 B0     LDA #$B0                                                       A:11 X:0A Y:00 S:F9 P:nvUBdIzc 
      $8E4C:85 15     STA $0015 = #$80                                               A:B0 X:0A Y:00 S:F9 P:NvUBdIzc 
      $8E4E:A9 D8     LDA #$D8                                                       A:B0 X:0A Y:00 S:F9 P:NvUBdIzc 
      $8E50:D0 08     BNE $8E5A                                                      A:D8 X:0A Y:00 S:F9 P:NvUBdIzc 
      $8E5A:A4 10     LDY $0010 = #$03                                               A:D8 X:0A Y:00 S:F9 P:NvUBdIzc 
      $8E5C:C0 06     CPY #$06                                                       A:D8 X:0A Y:03 S:F9 P:nvUBdIzc 
      $8E5E:F0 08     BEQ $8E68                                                      A:D8 X:0A Y:03 S:F9 P:NvUBdIzc 
      $8E60:C0 0C     CPY #$0C                                                       A:D8 X:0A Y:03 S:F9 P:NvUBdIzc 
      $8E62:F0 04     BEQ $8E68                                                      A:D8 X:0A Y:03 S:F9 P:NvUBdIzc 
      $8E64:C0 03     CPY #$03                                                       A:D8 X:0A Y:03 S:F9 P:NvUBdIzc 
      $8E66:D0 14     BNE $8E7C                                                      A:D8 X:0A Y:03 S:F9 P:nvUBdIZC 
      $8E68:BC 38 05  LDY $0538,X @ $0542 = #$00                                     A:D8 X:0A Y:03 S:F9 P:nvUBdIZC 
      $8E6B:30 0F     BMI $8E7C                                                      A:D8 X:0A Y:00 S:F9 P:nvUBdIZC 
      $8E6D:C0 40     CPY #$40                                                       A:D8 X:0A Y:00 S:F9 P:nvUBdIZC 
      $8E6F:90 0B     BCC $8E7C                                                      A:D8 X:0A Y:00 S:F9 P:NvUBdIzc 
      $8E7C:BC C1 03  LDY $03C1,X @ $03CB = #$81                                     A:D8 X:0A Y:00 S:F9 P:NvUBdIzc 
      $8E7F:B9 09 9D  LDA $9D09,Y @ $9D8A = #$00                                     A:D8 X:0A Y:81 S:F9 P:NvUBdIzc 
      $8E82:29 0F     AND #$0F                                                       A:00 X:0A Y:81 S:F9 P:nvUBdIZc 
      $8E84:E0 02     CPX #$02                                                       A:00 X:0A Y:81 S:F9 P:nvUBdIZc 
      $8E86:B0 20     BCS $8EA8                                                      A:00 X:0A Y:81 S:F9 P:nvUBdIzC 
      $8EA8:85 1F     STA $001F = #$03                                               A:00 X:0A Y:81 S:F9 P:nvUBdIzC 
      $8EAA:BD 75 04  LDA $0475,X @ $047F = #$08                                     A:00 X:0A Y:81 S:F9 P:nvUBdIzC 
      $8EAD:85 AF     STA $00AF = #$08                                               A:08 X:0A Y:81 S:F9 P:nvUBdIzC 
      $8EAF:A5 15     LDA $0015 = #$B0                                               A:08 X:0A Y:81 S:F9 P:nvUBdIzC 
      $8EB1:C9 80     CMP #$80                                                       A:B0 X:0A Y:81 S:F9 P:NvUBdIzC 
      $8EB3:B0 15     BCS $8ECA                                                      A:B0 X:0A Y:81 S:F9 P:nvUBdIzC 
      $8ECA:7D CF 04  ADC $04CF,X @ $04D9 = #$00                                     A:B0 X:0A Y:81 S:F9 P:nvUBdIzC 
      $8ECD:9D CF 04  STA $04CF,X @ $04D9 = #$00                                     A:B1 X:0A Y:81 S:F9 P:NvUBdIzc 
      $8ED0:B0 12     BCS $8EE4                                                      A:B1 X:0A Y:81 S:F9 P:NvUBdIzc 
      $8ED2:A5 1F     LDA $001F = #$00                                               A:B1 X:0A Y:81 S:F9 P:NvUBdIzc 
      $8ED4:7D C0 04  ADC $04C0,X @ $04CA = #$00                                     A:00 X:0A Y:81 S:F9 P:nvUBdIZc 
      $8ED7:D0 05     BNE $8EDE                                                      A:00 X:0A Y:81 S:F9 P:nvUBdIZc 
      $8ED9:9D CF 04  STA $04CF,X @ $04D9 = #$B1                                     A:00 X:0A Y:81 S:F9 P:nvUBdIZc 
      $8EDC:F0 06     BEQ $8EE4                                                      A:00 X:0A Y:81 S:F9 P:nvUBdIZc 
      $8EE4:18        CLC                                                            A:00 X:0A Y:81 S:F9 P:nvUBdIZc 
      $8EE5:7D 66 04  ADC $0466,X @ $0470 = #$00                                     A:00 X:0A Y:81 S:F9 P:nvUBdIZc 
      $8EE8:9D 66 04  STA $0466,X @ $0470 = #$00                                     A:00 X:0A Y:81 S:F9 P:nvUBdIZc 
      $8EEB:BD C0 04  LDA $04C0,X @ $04CA = #$00                                     A:00 X:0A Y:81 S:F9 P:nvUBdIZc 
      $8EEE:85 15     STA $0015 = #$B0                                               A:00 X:0A Y:81 S:F9 P:nvUBdIZc 
      $8EF0:7D 39 04  ADC $0439,X @ $0443 = #$A0                                     A:00 X:0A Y:81 S:F9 P:nvUBdIZc 
      $8EF3:9D 39 04  STA $0439,X @ $0443 = #$A0                                     A:A0 X:0A Y:81 S:F9 P:NvUBdIzc 
      $8EF6:08        PHP                                                            A:A0 X:0A Y:81 S:F9 P:NvUBdIzc 
       $8EF7:A9 80     LDA #$80                                                       A:A0 X:0A Y:81 S:F8 P:NvUBdIzc 
       $8EF9:C5 15     CMP $0015 = #$00                                               A:80 X:0A Y:81 S:F8 P:NvUBdIzc 
       $8EFB:A9 00     LDA #$00                                                       A:80 X:0A Y:81 S:F8 P:NvUBdIzC 
       $8EFD:E9 00     SBC #$00                                                       A:00 X:0A Y:81 S:F8 P:nvUBdIZC 
       $8EFF:28        PLP                                                            A:00 X:0A Y:81 S:F8 P:nvUBdIZC 
      $8F00:7D 2A 04  ADC $042A,X @ $0434 = #$06                                     A:00 X:0A Y:81 S:F9 P:NvUBdIzc 
      $8F03:9D 2A 04  STA $042A,X @ $0434 = #$06                                     A:06 X:0A Y:81 S:F9 P:nvUBdIzc 
      $8F06:10 41     BPL $8F49                                                      A:06 X:0A Y:81 S:F9 P:nvUBdIzc 
      $8F49:60        RTS (from $8DC1) ----------------------------------------------A:06 X:0A Y:81 S:F9 P:nvUBdIzc 
    $AB23:20 71 E4  JSR $E471                                                      A:06 X:0A Y:81 S:FB P:nvUBdIzc 
      $E471:A5 10     LDA $0010 = #$03                                               A:06 X:0A Y:81 S:F9 P:nvUBdIzc 
      $E473:C9 01     CMP #$01                                                       A:03 X:0A Y:81 S:F9 P:nvUBdIzc 
      $E475:D0 36     BNE $E4AD                                                      A:03 X:0A Y:81 S:F9 P:nvUBdIzC 
      $E4AD:A2 12     LDX #$12                                                       A:03 X:0A Y:81 S:F9 P:nvUBdIzC 
      $E4AF:A0 05     LDY #$05                                                       A:03 X:12 Y:81 S:F9 P:nvUBdIzC 
      $E4B1:4C CB FF  JMP $FFCB                                                      A:03 X:12 Y:05 S:F9 P:nvUBdIzC 
      $FFCB:A9 00     LDA #$00                                                       A:03 X:12 Y:05 S:F9 P:nvUBdIzC 
      $FFCD:09 00     ORA #$00                                                       A:00 X:12 Y:05 S:F9 P:nvUBdIZC 
      $FFCF:85 2D     STA $002D = #$00                                               A:00 X:12 Y:05 S:F9 P:nvUBdIZC 
      $FFD1:A5 13     LDA $0013 = #$06                                               A:00 X:12 Y:05 S:F9 P:nvUBdIZC 
      $FFD3:48        PHA                                                            A:06 X:12 Y:05 S:F9 P:nvUBdIzC 
       $FFD4:86 13     STX $0013 = #$06                                               A:06 X:12 Y:05 S:F8 P:nvUBdIzC 
       $FFD6:B9 B3 FF  LDA $FFB3,Y @ $FFB8 = #$05                                     A:06 X:12 Y:05 S:F8 P:nvUBdIzC 
       $FFD9:99 B3 FF  STA $FFB3,Y @ $FFB8 = #$05                                     A:05 X:12 Y:05 S:F8 P:nvUBdIzC 
       $FFDC:20 00 80  JSR $8000                                                      A:05 X:12 Y:05 S:F8 P:nvUBdIzC 
         $8000:6C 13 00  JMP ($0013) = $8012                                            A:05 X:12 Y:05 S:F6 P:nvUBdIzC 
         $8012:4C 39 BC  JMP $BC39                                                      A:05 X:12 Y:05 S:F6 P:nvUBdIzC 
         $BC39:A9 00     LDA #$00                                                       A:05 X:12 Y:05 S:F6 P:nvUBdIzC 
         $BC3B:85 D9     STA $00D9 = #$00                                               A:00 X:12 Y:05 S:F6 P:nvUBdIZC 
         $BC3D:85 DA     STA $00DA = #$00                                               A:00 X:12 Y:05 S:F6 P:nvUBdIZC 
         $BC3F:A6 82     LDX $0082 = #$0A                                               A:00 X:12 Y:05 S:F6 P:nvUBdIZC 
         $BC41:E0 02     CPX #$02                                                       A:00 X:0A Y:05 S:F6 P:nvUBdIzC 
         $BC43:B0 0E     BCS $BC53                                                      A:00 X:0A Y:05 S:F6 P:nvUBdIzC 
         $BC53:A5 10     LDA $0010 = #$03                                               A:00 X:0A Y:05 S:F6 P:nvUBdIzC 
         $BC55:C9 03     CMP #$03                                                       A:03 X:0A Y:05 S:F6 P:nvUBdIzC 
         $BC57:F0 79     BEQ $BCD2                                                      A:03 X:0A Y:05 S:F6 P:nvUBdIZC 
         $BCD2:20 22 B4  JSR $B422                                                      A:03 X:0A Y:05 S:F6 P:nvUBdIZC 
           $B422:A9 C0     LDA #$C0                                                       A:03 X:0A Y:05 S:F4 P:nvUBdIZC 
           $B424:85 15     STA $0015 = #$00                                               A:C0 X:0A Y:05 S:F4 P:NvUBdIzC 
           $B426:BC EE 03  LDY $03EE,X @ $03F8 = #$4A                                     A:C0 X:0A Y:05 S:F4 P:NvUBdIzC 
           $B429:A5 10     LDA $0010 = #$03                                               A:C0 X:0A Y:4A S:F4 P:nvUBdIzC 
           $B42B:C9 0C     CMP #$0C                                                       A:03 X:0A Y:4A S:F4 P:nvUBdIzC 
           $B42D:F0 EA     BEQ $B419                                                      A:03 X:0A Y:4A S:F4 P:NvUBdIzc 
           $B42F:C9 03     CMP #$03                                                       A:03 X:0A Y:4A S:F4 P:NvUBdIzc 
           $B431:F0 08     BEQ $B43B                                                      A:03 X:0A Y:4A S:F4 P:nvUBdIZC 
           $B43B:BD 1B 04  LDA $041B,X @ $0425 = #$BF                                     A:03 X:0A Y:4A S:F4 P:nvUBdIZC 
           $B43E:10 18     BPL $B458                                                      A:BF X:0A Y:4A S:F4 P:NvUBdIzC 
           $B440:C5 15     CMP $0015 = #$C0                                               A:BF X:0A Y:4A S:F4 P:NvUBdIzC 
           $B442:B0 05     BCS $B449                                                      A:BF X:0A Y:4A S:F4 P:NvUBdIzc 
           $B444:A5 15     LDA $0015 = #$C0                                               A:BF X:0A Y:4A S:F4 P:NvUBdIzc 
           $B446:9D 1B 04  STA $041B,X @ $0425 = #$BF                                     A:C0 X:0A Y:4A S:F4 P:NvUBdIzc 
           $B449:38        SEC                                                            A:C0 X:0A Y:4A S:F4 P:NvUBdIzc 
           $B44A:E9 28     SBC #$28                                                       A:C0 X:0A Y:4A S:F4 P:NvUBdIzC 
           $B44C:C5 15     CMP $0015 = #$C0                                               A:98 X:0A Y:4A S:F4 P:NvUBdIzC 
           $B44E:90 08     BCC $B458                                                      A:98 X:0A Y:4A S:F4 P:NvUBdIzc 
           $B458:A5 10     LDA $0010 = #$03                                               A:98 X:0A Y:4A S:F4 P:NvUBdIzc 
           $B45A:C9 03     CMP #$03                                                       A:03 X:0A Y:4A S:F4 P:nvUBdIzc 
           $B45C:F0 06     BEQ $B464                                                      A:03 X:0A Y:4A S:F4 P:nvUBdIZC 
           $B464:B9 6B 81  LDA $816B,Y @ $81B5 = #$00                                     A:03 X:0A Y:4A S:F4 P:nvUBdIZC 
           $B467:A8        TAY                                                            A:00 X:0A Y:4A S:F4 P:nvUBdIZC 
           $B468:A5 E3     LDA $00E3 = #$00                                               A:00 X:0A Y:00 S:F4 P:nvUBdIZC 
           $B46A:F0 02     BEQ $B46E                                                      A:00 X:0A Y:00 S:F4 P:nvUBdIZC 
           $B46E:84 15     STY $0015 = #$C0                                               A:00 X:0A Y:00 S:F4 P:nvUBdIZC 
           $B470:BD FD 03  LDA $03FD,X @ $0407 = #$38                                     A:00 X:0A Y:00 S:F4 P:nvUBdIZC 
           $B473:29 E0     AND #$E0                                                       A:38 X:0A Y:00 S:F4 P:nvUBdIzC 
           $B475:46 15     LSR $0015 = #$00                                               A:20 X:0A Y:00 S:F4 P:nvUBdIzC 
           $B477:6A        ROR                                                            A:20 X:0A Y:00 S:F4 P:nvUBdIZc 
           $B478:46 15     LSR $0015 = #$00                                               A:10 X:0A Y:00 S:F4 P:nvUBdIzc 
           $B47A:6A        ROR                                                            A:10 X:0A Y:00 S:F4 P:nvUBdIZc 
           $B47B:46 15     LSR $0015 = #$00                                               A:08 X:0A Y:00 S:F4 P:nvUBdIzc 
           $B47D:6A        ROR                                                            A:08 X:0A Y:00 S:F4 P:nvUBdIZc 
           $B47E:85 17     STA $0017 = #$09                                               A:04 X:0A Y:00 S:F4 P:nvUBdIzc 
           $B480:A9 02     LDA #$02                                                       A:04 X:0A Y:00 S:F4 P:nvUBdIzc 
           $B482:85 1B     STA $001B = #$01                                               A:02 X:0A Y:00 S:F4 P:nvUBdIzc 
           $B484:A0 00     LDY #$00                                                       A:02 X:0A Y:00 S:F4 P:nvUBdIzc 
           $B486:A5 10     LDA $0010 = #$03                                               A:02 X:0A Y:00 S:F4 P:nvUBdIZc 
           $B488:C9 03     CMP #$03                                                       A:03 X:0A Y:00 S:F4 P:nvUBdIzc 
           $B48A:F0 1D     BEQ $B4A9                                                      A:03 X:0A Y:00 S:F4 P:nvUBdIZC 
           $B4A9:84 1A     STY $001A = #$9F                                               A:03 X:0A Y:00 S:F4 P:nvUBdIZC 
           $B4AB:A4 10     LDY $0010 = #$03                                               A:03 X:0A Y:00 S:F4 P:nvUBdIZC 
           $B4AD:A5 17     LDA $0017 = #$04                                               A:03 X:0A Y:03 S:F4 P:nvUBdIzC 
           $B4AF:18        CLC                                                            A:04 X:0A Y:03 S:F4 P:nvUBdIzC 
           $B4B0:79 E9 BD  ADC $BDE9,Y @ $BDEC = #$BD                                     A:04 X:0A Y:03 S:F4 P:nvUBdIzc 
           $B4B3:85 19     STA $0019 = #$D8                                               A:C1 X:0A Y:03 S:F4 P:NvUBdIzc 
           $B4B5:A5 1A     LDA $001A = #$00                                               A:C1 X:0A Y:03 S:F4 P:NvUBdIzc 
           $B4B7:79 F5 BD  ADC $BDF5,Y @ $BDF8 = #$BF                                     A:00 X:0A Y:03 S:F4 P:nvUBdIZc 
           $B4BA:85 1A     STA $001A = #$00                                               A:BF X:0A Y:03 S:F4 P:NvUBdIzc 
           $B4BC:A0 00     LDY #$00                                                       A:BF X:0A Y:03 S:F4 P:NvUBdIzc 
           $B4BE:60        RTS (from $B422) ----------------------------------------------A:BF X:0A Y:00 S:F4 P:nvUBdIZc 
         $BCD5:84 1F     STY $001F = #$00                                               A:BF X:0A Y:00 S:F6 P:nvUBdIZc 
         $BCD7:A5 10     LDA $0010 = #$03                                               A:BF X:0A Y:00 S:F6 P:nvUBdIZc 
         $BCD9:C9 0C     CMP #$0C                                                       A:03 X:0A Y:00 S:F6 P:nvUBdIzc 
         $BCDB:D0 03     BNE $BCE0                                                      A:03 X:0A Y:00 S:F6 P:NvUBdIzc 
         $BCE0:B1 19     LDA ($19),Y @ $BFC1 = #$3A                                     A:03 X:0A Y:00 S:F6 P:NvUBdIzc 
         $BCE2:85 15     STA $0015 = #$00                                               A:3A X:0A Y:00 S:F6 P:nvUBdIzc 
         $BCE4:C8        INY                                                            A:3A X:0A Y:00 S:F6 P:nvUBdIzc 
         $BCE5:11 19     ORA ($19),Y @ $BFC2 = #$40                                     A:3A X:0A Y:01 S:F6 P:nvUBdIzc 
         $BCE7:F0 56     BEQ $BD3F                                                      A:7A X:0A Y:01 S:F6 P:nvUBdIzc 
         $BCE9:20 02 BE  JSR $BE02                                                      A:7A X:0A Y:01 S:F6 P:nvUBdIzc 
           $BE02:A9 00     LDA #$00                                                       A:7A X:0A Y:01 S:F4 P:nvUBdIzc 
           $BE04:06 15     ASL $0015 = #$3A                                               A:00 X:0A Y:01 S:F4 P:nvUBdIZc 
           $BE06:2A        ROL                                                            A:00 X:0A Y:01 S:F4 P:nvUBdIzc 
           $BE07:06 15     ASL $0015 = #$74                                               A:00 X:0A Y:01 S:F4 P:nvUBdIZc 
           $BE09:2A        ROL                                                            A:00 X:0A Y:01 S:F4 P:NvUBdIzc 
           $BE0A:85 16     STA $0016 = #$FF                                               A:00 X:0A Y:01 S:F4 P:nvUBdIZc 
           $BE0C:B1 19     LDA ($19),Y @ $BFC2 = #$40                                     A:00 X:0A Y:01 S:F4 P:nvUBdIZc 
           $BE0E:29 0F     AND #$0F                                                       A:40 X:0A Y:01 S:F4 P:nvUBdIzc 
           $BE10:F0 2A     BEQ $BE3C                                                      A:00 X:0A Y:01 S:F4 P:nvUBdIZc 
           $BE3C:60        RTS (from $BE02) ----------------------------------------------A:00 X:0A Y:01 S:F4 P:nvUBdIZc 
         $BCEC:BD 1B 04  LDA $041B,X @ $0425 = #$C0                                     A:00 X:0A Y:01 S:F6 P:nvUBdIZc 
         $BCEF:38        SEC                                                            A:C0 X:0A Y:01 S:F6 P:NvUBdIzc 
         $BCF0:E5 15     SBC $0015 = #$E8                                               A:C0 X:0A Y:01 S:F6 P:NvUBdIzC 
         $BCF2:BD 0C 04  LDA $040C,X @ $0416 = #$FF                                     A:D8 X:0A Y:01 S:F6 P:NvUBdIzc 
         $BCF5:E5 16     SBC $0016 = #$00                                               A:FF X:0A Y:01 S:F6 P:NvUBdIzc 
         $BCF7:B0 46     BCS $BD3F                                                      A:FE X:0A Y:01 S:F6 P:NvUBdIzC 
         $BD3F:A5 1F     LDA $001F = #$00                                               A:FE X:0A Y:01 S:F6 P:NvUBdIzC 
         $BD41:85 DA     STA $00DA = #$00                                               A:00 X:0A Y:01 S:F6 P:nvUBdIZC 
         $BD43:F0 19     BEQ $BD5E                                                      A:00 X:0A Y:01 S:F6 P:nvUBdIZC 
         $BD5E:4C CC BD  JMP $BDCC                                                      A:00 X:0A Y:01 S:F6 P:nvUBdIZC 
         $BDCC:A9 08     LDA #$08                                                       A:00 X:0A Y:01 S:F6 P:nvUBdIZC 
         $BDCE:1D A2 04  ORA $04A2,X @ $04AC = #$C2                                     A:08 X:0A Y:01 S:F6 P:nvUBdIzC 
         $BDD1:9D A2 04  STA $04A2,X @ $04AC = #$C2                                     A:CA X:0A Y:01 S:F6 P:NvUBdIzC 
         $BDD4:A9 08     LDA #$08                                                       A:CA X:0A Y:01 S:F6 P:NvUBdIzC 
         $BDD6:D0 F0     BNE $BDC8                                                      A:08 X:0A Y:01 S:F6 P:nvUBdIzC 
         $BDC8:9D 75 04  STA $0475,X @ $047F = #$08                                     A:08 X:0A Y:01 S:F6 P:nvUBdIzC 
         $BDCB:60        RTS (from $8000) ----------------------------------------------A:08 X:0A Y:01 S:F6 P:nvUBdIzC 
       $FFDF:A4 2D     LDY $002D = #$00                                               A:08 X:0A Y:01 S:F8 P:nvUBdIzC 
       $FFE1:68        PLA                                                            A:08 X:0A Y:00 S:F8 P:nvUBdIZC 
      $FFE2:85 13     STA $0013 = #$12                                               A:06 X:0A Y:00 S:F9 P:nvUBdIzC 
      $FFE4:B9 B3 FF  LDA $FFB3,Y @ $FFB3 = #$00                                     A:06 X:0A Y:00 S:F9 P:nvUBdIzC 
      $FFE7:99 B3 FF  STA $FFB3,Y @ $FFB3 = #$00                                     A:00 X:0A Y:00 S:F9 P:nvUBdIZC 
      $FFEA:60        RTS (from $E471) ----------------------------------------------A:00 X:0A Y:00 S:F9 P:nvUBdIZC 
    $AB26:A5 10     LDA $0010 = #$03                                               A:00 X:0A Y:00 S:FB P:nvUBdIZC 
    $AB28:C9 02     CMP #$02                                                       A:03 X:0A Y:00 S:FB P:nvUBdIzC 
    $AB2A:F0 03     BEQ $AB2F                                                      A:03 X:0A Y:00 S:FB P:nvUBdIzC 
    $AB2C:20 66 CF  JSR $CF66                                                      A:03 X:0A Y:00 S:FB P:nvUBdIzC 
      $CF66:BD 56 05  LDA $0556,X @ $0560 = #$64                                     A:03 X:0A Y:00 S:F9 P:nvUBdIzC 
      $CF69:29 7F     AND #$7F                                                       A:64 X:0A Y:00 S:F9 P:nvUBdIzC 
      $CF6B:38        SEC                                                            A:64 X:0A Y:00 S:F9 P:nvUBdIzC 
      $CF6C:E9 31     SBC #$31                                                       A:64 X:0A Y:00 S:F9 P:nvUBdIzC 
      $CF6E:C9 20     CMP #$20                                                       A:33 X:0A Y:00 S:F9 P:nvUBdIzC 
      $CF70:90 1D     BCC $CF8F                                                      A:33 X:0A Y:00 S:F9 P:nvUBdIzC 
      $CF72:BD A2 04  LDA $04A2,X @ $04AC = #$CA                                     A:33 X:0A Y:00 S:F9 P:nvUBdIzC 
      $CF75:29 BF     AND #$BF                                                       A:CA X:0A Y:00 S:F9 P:NvUBdIzC 
      $CF77:9D A2 04  STA $04A2,X @ $04AC = #$CA                                     A:8A X:0A Y:00 S:F9 P:NvUBdIzC 
      $CF7A:BD FC 04  LDA $04FC,X @ $0506 = #$00                                     A:8A X:0A Y:00 S:F9 P:NvUBdIzC 
      $CF7D:C9 2C     CMP #$2C                                                       A:00 X:0A Y:00 S:F9 P:nvUBdIZC 
      $CF7F:F0 0E     BEQ $CF8F                                                      A:00 X:0A Y:00 S:F9 P:NvUBdIzc 
      $CF81:BD 56 05  LDA $0556,X @ $0560 = #$64                                     A:00 X:0A Y:00 S:F9 P:NvUBdIzc 
      $CF84:69 2F     ADC #$2F                                                       A:64 X:0A Y:00 S:F9 P:nvUBdIzc 
      $CF86:4A        LSR                                                            A:93 X:0A Y:00 S:F9 P:NVUBdIzc 
      $CF87:29 40     AND #$40                                                       A:49 X:0A Y:00 S:F9 P:nVUBdIzC 
      $CF89:1D A2 04  ORA $04A2,X @ $04AC = #$8A                                     A:40 X:0A Y:00 S:F9 P:nVUBdIzC 
      $CF8C:9D A2 04  STA $04A2,X @ $04AC = #$8A                                     A:CA X:0A Y:00 S:F9 P:NVUBdIzC 
      $CF8F:60        RTS (from $CF66) ----------------------------------------------A:CA X:0A Y:00 S:F9 P:NVUBdIzC 
    $AB2F:BD FC 04  LDA $04FC,X @ $0506 = #$00                                     A:CA X:0A Y:00 S:FB P:NVUBdIzC 
    $AB32:05 C8     ORA $00C8 = #$00                                               A:00 X:0A Y:00 S:FB P:nVUBdIZC 
    $AB34:D0 6C     BNE $ABA2                                                      A:00 X:0A Y:00 S:FB P:nVUBdIZC 
    $AB36:A5 10     LDA $0010 = #$03                                               A:00 X:0A Y:00 S:FB P:nVUBdIZC 
    $AB38:C9 0B     CMP #$0B                                                       A:03 X:0A Y:00 S:FB P:nVUBdIzC 
    $AB3A:D0 12     BNE $AB4E                                                      A:03 X:0A Y:00 S:FB P:NVUBdIzc 
    $AB4E:C9 02     CMP #$02                                                       A:03 X:0A Y:00 S:FB P:NVUBdIzc 
    $AB50:D0 51     BNE $ABA3                                                      A:03 X:0A Y:00 S:FB P:nVUBdIzC 
    $ABA3:BD D0 05  LDA $05D0,X @ $05DA = #$00                                     A:03 X:0A Y:00 S:FB P:nVUBdIzC 
    $ABA6:10 24     BPL $ABCC                                                      A:00 X:0A Y:00 S:FB P:nVUBdIZC 
    $ABCC:A5 10     LDA $0010 = #$03                                               A:00 X:0A Y:00 S:FB P:nVUBdIZC 
    $ABCE:C9 08     CMP #$08                                                       A:03 X:0A Y:00 S:FB P:nVUBdIzC 
    $ABD0:D0 1A     BNE $ABEC                                                      A:03 X:0A Y:00 S:FB P:NVUBdIzc 
    $ABEC:BD 38 05  LDA $0538,X @ $0542 = #$00                                     A:03 X:0A Y:00 S:FB P:NVUBdIzc 
    $ABEF:29 40     AND #$40                                                       A:00 X:0A Y:00 S:FB P:nVUBdIZc 
    $ABF1:F0 F6     BEQ $ABE9                                                      A:00 X:0A Y:00 S:FB P:nVUBdIZc 
    $ABE9:4C 85 AC  JMP $AC85                                                      A:00 X:0A Y:00 S:FB P:nVUBdIZc 
    $AC85:BD 75 04  LDA $0475,X @ $047F = #$08                                     A:00 X:0A Y:00 S:FB P:nVUBdIZc 
    $AC88:F0 19     BEQ $ACA3                                                      A:08 X:0A Y:00 S:FB P:nVUBdIzc 
    $AC8A:BC 38 05  LDY $0538,X @ $0542 = #$00                                     A:08 X:0A Y:00 S:FB P:nVUBdIzc 
    $AC8D:30 10     BMI $AC9F                                                      A:08 X:0A Y:00 S:FB P:nVUBdIZc 
    $AC8F:BD C0 04  LDA $04C0,X @ $04CA = #$00                                     A:08 X:0A Y:00 S:FB P:nVUBdIZc 
    $AC92:18        CLC                                                            A:00 X:0A Y:00 S:FB P:nVUBdIZc 
    $AC93:69 02     ADC #$02                                                       A:00 X:0A Y:00 S:FB P:nVUBdIZc 
    $AC95:C9 05     CMP #$05                                                       A:02 X:0A Y:00 S:FB P:nvUBdIzc 
    $AC97:A9 2D     LDA #$2D                                                       A:02 X:0A Y:00 S:FB P:NvUBdIzc 
    $AC99:90 E7     BCC $AC82                                                      A:2D X:0A Y:00 S:FB P:nvUBdIzc 
    $AC82:4C 88 AD  JMP $AD88                                                      A:2D X:0A Y:00 S:FB P:nvUBdIzc 
    $AD88:9D B5 03  STA $03B5,X @ $03BF = #$2D                                     A:2D X:0A Y:00 S:FB P:nvUBdIzc 
    $AD8B:60        RTS (from $88EC) ----------------------------------------------A:2D X:0A Y:00 S:FB P:nvUBdIzc 
  $87F6:A6 82     LDX $0082 = #$0A                                               A:2D X:0A Y:00 S:FD P:nvUBdIzc 
  $87F8:BD C1 03  LDA $03C1,X @ $03CB = #$81                                     A:2D X:0A Y:00 S:FD P:nvUBdIzc 
  $87FB:F0 CE     BEQ $87CB                                                      A:81 X:0A Y:00 S:FD P:NvUBdIzc 
  $87FD:1E A2 04  ASL $04A2,X @ $04AC = #$CA                                     A:81 X:0A Y:00 S:FD P:NvUBdIzc 
  $8800:A5 10     LDA $0010 = #$03                                               A:81 X:0A Y:00 S:FD P:NvUBdIzC 
  $8802:C9 05     CMP #$05                                                       A:03 X:0A Y:00 S:FD P:nvUBdIzC 
  $8804:F0 03     BEQ $8809                                                      A:03 X:0A Y:00 S:FD P:NvUBdIzc 
  $8806:4C 4E 88  JMP $884E                                                      A:03 X:0A Y:00 S:FD P:NvUBdIzc 
  $884E:C9 08     CMP #$08                                                       A:03 X:0A Y:00 S:FD P:NvUBdIzc 
  $8850:D0 2B     BNE $887D                                                      A:03 X:0A Y:00 S:FD P:NvUBdIzc 
  $887D:BD FD 03  LDA $03FD,X @ $0407 = #$38                                     A:03 X:0A Y:00 S:FD P:NvUBdIzc 
  $8880:38        SEC                                                            A:38 X:0A Y:00 S:FD P:nvUBdIzc 
  $8881:E5 87     SBC $0087 = #$DF                                               A:38 X:0A Y:00 S:FD P:nvUBdIzC 
  $8883:9D 84 04  STA $0484,X @ $048E = #$5A                                     A:59 X:0A Y:00 S:FD P:nvUBdIzc 
  $8886:BD EE 03  LDA $03EE,X @ $03F8 = #$4A                                     A:59 X:0A Y:00 S:FD P:nvUBdIzc 
  $8889:E5 88     SBC $0088 = #$FF                                               A:4A X:0A Y:00 S:FD P:nvUBdIzc 
  $888B:D0 52     BNE $88DF                                                      A:4A X:0A Y:00 S:FD P:nvUBdIzc 
  $88DF:38        SEC                                                            A:4A X:0A Y:00 S:FD P:nvUBdIzc 
  $88E0:7E A2 04  ROR $04A2,X @ $04AC = #$94                                     A:4A X:0A Y:00 S:FD P:nvUBdIzC 
  $88E3:E8        INX                                                            A:4A X:0A Y:00 S:FD P:NvUBdIzc 
  $88E4:E0 0F     CPX #$0F                                                       A:4A X:0B Y:00 S:FD P:nvUBdIzc 
  $88E6:F0 03     BEQ $88EB                                                      A:4A X:0B Y:00 S:FD P:NvUBdIzc 
  $88E8:4C C4 87  JMP $87C4                                                      A:4A X:0B Y:00 S:FD P:NvUBdIzc 
  $87C4:86 82     STX $0082 = #$0A                                               A:4A X:0B Y:00 S:FD P:NvUBdIzc 
  $87C6:BD C1 03  LDA $03C1,X @ $03CC = #$82                                     A:4A X:0B Y:00 S:FD P:NvUBdIzc 
  $87C9:D0 08     BNE $87D3                                                      A:82 X:0B Y:00 S:FD P:NvUBdIzc 
  $87D3:0A        ASL                                                            A:82 X:0B Y:00 S:FD P:NvUBdIzc 
  $87D4:A8        TAY                                                            A:04 X:0B Y:00 S:FD P:nvUBdIzC 
  $87D5:B9 8A 9B  LDA $9B8A,Y @ $9B8E = #$D8                                     A:04 X:0B Y:04 S:FD P:nvUBdIzC 
  $87D8:85 19     STA $0019 = #$C1                                               A:D8 X:0B Y:04 S:FD P:NvUBdIzC 
  $87DA:B9 8B 9B  LDA $9B8B,Y @ $9B8F = #$9F                                     A:D8 X:0B Y:04 S:FD P:NvUBdIzC 
  $87DD:85 1A     STA $001A = #$BF                                               A:9F X:0B Y:04 S:FD P:NvUBdIzC 
  $87DF:BD 39 04  LDA $0439,X @ $0444 = #$40                                     A:9F X:0B Y:04 S:FD P:NvUBdIzC 
  $87E2:85 AD     STA $00AD = #$A0                                               A:40 X:0B Y:04 S:FD P:nvUBdIzC 
  $87E4:BD 2A 04  LDA $042A,X @ $0435 = #$00                                     A:40 X:0B Y:04 S:FD P:nvUBdIzC 
  $87E7:85 AE     STA $00AE = #$06                                               A:00 X:0B Y:04 S:FD P:nvUBdIZC 
  $87E9:BD A2 04  LDA $04A2,X @ $04AD = #$C0                                     A:00 X:0B Y:04 S:FD P:nvUBdIZC 
  $87EC:85 81     STA $0081 = #$CA                                               A:C0 X:0B Y:04 S:FD P:NvUBdIzC 
  $87EE:29 F7     AND #$F7                                                       A:C0 X:0B Y:04 S:FD P:NvUBdIzC 
  $87F0:9D A2 04  STA $04A2,X @ $04AD = #$C0                                     A:C0 X:0B Y:04 S:FD P:NvUBdIzC 
  $87F3:20 EC 88  JSR $88EC                                                      A:C0 X:0B Y:04 S:FD P:NvUBdIzC 
    $88EC:6C 19 00  JMP ($0019) = $9FD8                                            A:C0 X:0B Y:04 S:FB P:NvUBdIzC 
    $9FD8:BD B2 05  LDA $05B2,X @ $05BD = #$00                                     A:C0 X:0B Y:04 S:FB P:NvUBdIzC 
    $9FDB:D0 C5     BNE $9FA2                                                      A:00 X:0B Y:04 S:FB P:nvUBdIZC 
    $9FDD:B5 EC     LDA $EC,X @ $00F7 = #$00                                       A:00 X:0B Y:04 S:FB P:nvUBdIZC 
    $9FDF:F0 02     BEQ $9FE3                                                      A:00 X:0B Y:04 S:FB P:nvUBdIZC 
    $9FE3:A4 10     LDY $0010 = #$03                                               A:00 X:0B Y:04 S:FB P:nvUBdIZC 
    $9FE5:B9 1B A0  LDA $A01B,Y @ $A01E = #$00                                     A:00 X:0B Y:03 S:FB P:nvUBdIzC 
    $9FE8:D0 03     BNE $9FED                                                      A:00 X:0B Y:03 S:FB P:nvUBdIZC 
    $9FEA:4C 92 A0  JMP $A092                                                      A:00 X:0B Y:03 S:FB P:nvUBdIZC 
    $A092:BD 29 05  LDA $0529,X @ $0534 = #$00                                     A:00 X:0B Y:03 S:FB P:nvUBdIZC 
    $A095:F0 03     BEQ $A09A                                                      A:00 X:0B Y:03 S:FB P:nvUBdIZC 
    $A09A:A9 FE     LDA #$FE                                                       A:00 X:0B Y:03 S:FB P:nvUBdIZC 
    $A09C:BC D0 05  LDY $05D0,X @ $05DB = #$00                                     A:FE X:0B Y:03 S:FB P:NvUBdIzC 
    $A09F:30 14     BMI $A0B5                                                      A:FE X:0B Y:00 S:FB P:nvUBdIZC 
    $A0A1:A9 FC     LDA #$FC                                                       A:FE X:0B Y:00 S:FB P:nvUBdIZC 
    $A0A3:A4 10     LDY $0010 = #$03                                               A:FC X:0B Y:00 S:FB P:NvUBdIzC 
    $A0A5:C0 04     CPY #$04                                                       A:FC X:0B Y:03 S:FB P:nvUBdIzC 
    $A0A7:D0 0C     BNE $A0B5                                                      A:FC X:0B Y:03 S:FB P:NvUBdIzc 
    $A0B5:20 6A D0  JSR $D06A                                                      A:FC X:0B Y:03 S:FB P:NvUBdIzc 
      $D06A:85 15     STA $0015 = #$E8                                               A:FC X:0B Y:03 S:F9 P:NvUBdIzc 
      $D06C:BD 65 05  LDA $0565,X @ $0570 = #$0A                                     A:FC X:0B Y:03 S:F9 P:NvUBdIzc 
      $D06F:C9 FF     CMP #$FF                                                       A:0A X:0B Y:03 S:F9 P:nvUBdIzc 
      $D071:F0 0A     BEQ $D07D                                                      A:0A X:0B Y:03 S:F9 P:nvUBdIzc 
      $D073:65 15     ADC $0015 = #$FC                                               A:0A X:0B Y:03 S:F9 P:nvUBdIzc 
      $D075:B0 02     BCS $D079                                                      A:06 X:0B Y:03 S:F9 P:nvUBdIzC 
      $D079:9D 65 05  STA $0565,X @ $0570 = #$0A                                     A:06 X:0B Y:03 S:F9 P:nvUBdIzC 
      $D07C:60        RTS (from $D06A) ----------------------------------------------A:06 X:0B Y:03 S:F9 P:nvUBdIzC 
    $A0B8:A5 C8     LDA $00C8 = #$00                                               A:06 X:0B Y:03 S:FB P:nvUBdIzC 
    $A0BA:F0 03     BEQ $A0BF                                                      A:00 X:0B Y:03 S:FB P:nvUBdIZC 
    $A0BF:A5 10     LDA $0010 = #$03                                               A:00 X:0B Y:03 S:FB P:nvUBdIZC 
    $A0C1:C9 03     CMP #$03                                                       A:03 X:0B Y:03 S:FB P:nvUBdIzC 
    $A0C3:D0 54     BNE $A119                                                      A:03 X:0B Y:03 S:FB P:nvUBdIZC 
    $A0C5:B5 E9     LDA $E9,X @ $00F4 = #$00                                       A:03 X:0B Y:03 S:FB P:nvUBdIZC 
    $A0C7:D0 50     BNE $A119                                                      A:00 X:0B Y:03 S:FB P:nvUBdIZC 
    $A0C9:BD A2 04  LDA $04A2,X @ $04AD = #$C0                                     A:00 X:0B Y:03 S:FB P:nvUBdIZC 
    $A0CC:10 4B     BPL $A119                                                      A:C0 X:0B Y:03 S:FB P:NvUBdIzC 
    $A0CE:A5 EB     LDA $00EB = #$00                                               A:C0 X:0B Y:03 S:FB P:NvUBdIzC 
    $A0D0:D0 47     BNE $A119                                                      A:00 X:0B Y:03 S:FB P:nvUBdIZC 
    $A0D2:BD 2A 04  LDA $042A,X @ $0435 = #$00                                     A:00 X:0B Y:03 S:FB P:nvUBdIZC 
    $A0D5:30 09     BMI $A0E0                                                      A:00 X:0B Y:03 S:FB P:nvUBdIZC 
    $A0D7:C9 01     CMP #$01                                                       A:00 X:0B Y:03 S:FB P:nvUBdIZC 
    $A0D9:F0 3E     BEQ $A119                                                      A:00 X:0B Y:03 S:FB P:NvUBdIzc 
    $A0DB:BD 39 04  LDA $0439,X @ $0444 = #$40                                     A:00 X:0B Y:03 S:FB P:NvUBdIzc 
    $A0DE:30 39     BMI $A119                                                      A:40 X:0B Y:03 S:FB P:nvUBdIzc 
Breakpoint 0 Hit at $A0E0: $00F4:EC-W--
    $A0E0:F6 E9     INC $E9,X @ $00F4 = #$00                                       A:40 X:0B Y:03 S:FB P:nvUBdIzc 
    $A0E2:A9 02     LDA #$02                                                       A:40 X:0B Y:03 S:FB P:nvUBdIzc 
    $A0E4:85 15     STA $0015 = #$FC                                               A:02 X:0B Y:03 S:FB P:nvUBdIzc 
    $A0E6:20 58 FE  JSR $FE58                                                      A:02 X:0B Y:03 S:FB P:nvUBdIzc 
      $FE58:A2 02     LDX #$02                                                       A:02 X:0B Y:03 S:F9 P:nvUBdIzc 
      $FE5A:BD C1 03  LDA $03C1,X @ $03C3 = #$82                                     A:02 X:02 Y:03 S:F9 P:nvUBdIzc 
      $FE5D:F0 06     BEQ $FE65                                                      A:82 X:02 Y:03 S:F9 P:NvUBdIzc 
      $FE5F:E8        INX                                                            A:82 X:02 Y:03 S:F9 P:NvUBdIzc 
      $FE60:E0 0F     CPX #$0F                                                       A:82 X:03 Y:03 S:F9 P:nvUBdIzc 
      $FE62:D0 F6     BNE $FE5A                                                      A:82 X:03 Y:03 S:F9 P:NvUBdIzc 
      $FE5A:BD C1 03  LDA $03C1,X @ $03C4 = #$04                                     A:82 X:03 Y:03 S:F9 P:NvUBdIzc 
