FCEUX 2.1.6-interim svn2687 - Trace Log File
  $8736:F5 24     SBC $24,X @ $0025 = #$85                                       A:3E X:01 Y:00 S:FD P:nvUBdIzc 
  $8738:7D 1B 04  ADC $041B,X @ $041C = #$C4                                     A:B8 X:01 Y:00 S:FD P:NVUBdIzc 
  $873B:65 0B     ADC $000B = #$6F                                               A:7C X:01 Y:00 S:FD P:nVUBdIzC 
  $873D:95 25     STA $25,X @ $0026 = #$71                                       A:EC X:01 Y:00 S:FD P:NVUBdIzc 
  $873F:CA        DEX                                                            A:EC X:01 Y:00 S:FD P:NVUBdIzc 
  $8740:10 E8     BPL $872A                                                      A:EC X:00 Y:00 S:FD P:nVUBdIZc 
  $872A:B5 25     LDA $25,X @ $0025 = #$85                                       A:EC X:00 Y:00 S:FD P:nVUBdIZc 
  $872C:65 0B     ADC $000B = #$6F                                               A:85 X:00 Y:00 S:FD P:NVUBdIzc 
  $872E:ED FD 03  SBC $03FD = #$F4                                               A:F4 X:00 Y:00 S:FD P:NvUBdIzc 
  $8731:4D 57 04  EOR $0457 = #$50                                               A:FF X:00 Y:00 S:FD P:NvUBdIzc 
  $8734:55 26     EOR $26,X @ $0026 = #$EC                                       A:AF X:00 Y:00 S:FD P:NvUBdIzc 
  $8736:F5 24     SBC $24,X @ $0024 = #$83                                       A:43 X:00 Y:00 S:FD P:nvUBdIzc 
  $8738:7D 1B 04  ADC $041B,X @ $041B = #$E4                                     A:BF X:00 Y:00 S:FD P:NVUBdIzc 
  $873B:65 0B     ADC $000B = #$6F                                               A:A3 X:00 Y:00 S:FD P:NvUBdIzC 
  $873D:95 25     STA $25,X @ $0025 = #$85                                       A:13 X:00 Y:00 S:FD P:nvUBdIzC 
  $873F:CA        DEX                                                            A:13 X:00 Y:00 S:FD P:nvUBdIzC 
  $8740:10 E8     BPL $872A                                                      A:13 X:FF Y:00 S:FD P:NvUBdIzC 
  $8742:60        RTS (from $8728) ----------------------------------------------A:13 X:FF Y:00 S:FD P:NvUBdIzC 
$8722:20 43 87  JSR $8743                                                      A:13 X:FF Y:00 S:FF P:NvUBdIzC 
  $8743:A5 25     LDA $0025 = #$13                                               A:13 X:FF Y:00 S:FD P:NvUBdIzC 
  $8745:45 28     EOR $0028 = #$FD                                               A:13 X:FF Y:00 S:FD P:nvUBdIzC 
  $8747:65 27     ADC $0027 = #$85                                               A:EE X:FF Y:00 S:FD P:NvUBdIzC 
  $8749:85 26     STA $0026 = #$EC                                               A:74 X:FF Y:00 S:FD P:nVUBdIzC 
  $874B:A5 27     LDA $0027 = #$85                                               A:74 X:FF Y:00 S:FD P:nVUBdIzC 
  $874D:2A        ROL                                                            A:85 X:FF Y:00 S:FD P:NVUBdIzC 
  $874E:E5 28     SBC $0028 = #$FD                                               A:0B X:FF Y:00 S:FD P:nVUBdIzC 
  $8750:85 27     STA $0027 = #$85                                               A:0E X:FF Y:00 S:FD P:nvUBdIzc 
  $8752:45 26     EOR $0026 = #$74                                               A:0E X:FF Y:00 S:FD P:nvUBdIzc 
  $8754:85 25     STA $0025 = #$13                                               A:7A X:FF Y:00 S:FD P:nvUBdIzc 
  $8756:60        RTS (from $8743) ----------------------------------------------A:7A X:FF Y:00 S:FD P:nvUBdIzc 
$8725:4C 1F 87  JMP $871F                                                      A:7A X:FF Y:00 S:FF P:nvUBdIzc 
$871F:20 28 87  JSR $8728                                                      A:7A X:FF Y:00 S:FF P:nvUBdIzc 
  $8728:A2 03     LDX #$03                                                       A:7A X:FF Y:00 S:FD P:nvUBdIzc 
     $FF98:86 76     STX $0076 = #$02                                               A:7A X:03 Y:00 S:FA P:nvUBdIzc 
     $FF9A:85 75     STA $0075 = #$44                                               A:7A X:03 Y:00 S:FA P:nvUBdIzc 
     $FF9C:A9 00     LDA #$00                                                       A:7A X:03 Y:00 S:FA P:nvUBdIzc 
     $FF9E:A2 00     LDX #$00                                                       A:00 X:03 Y:00 S:FA P:nvUBdIZc 
     $FFA0:8E B3 FF  STX $FFB3 = #$00                                               A:00 X:00 Y:00 S:FA P:nvUBdIZc 
     $FFA3:4C 75 FE  JMP $FE75                                                      A:00 X:00 Y:00 S:FA P:nvUBdIZc 
     $FE75:85 2E     STA $002E = #$00                                               A:00 X:00 Y:00 S:FA P:nvUBdIZc 
     $FE77:8E 01 20  STX $2001 = #$18                                               A:00 X:00 Y:00 S:FA P:nvUBdIZc 
     $FE7A:8E 03 20  STX $2003 = #$00                                               A:00 X:00 Y:00 S:FA P:nvUBdIZc 
     $FE7D:A9 02     LDA #$02                                                       A:00 X:00 Y:00 S:FA P:nvUBdIZc 
     $FE7F:8D 14 40  STA $4014 = #$02                                               A:02 X:00 Y:00 S:FA P:nvUBdIzc 
     $FE82:A5 09     LDA $0009 = #$90                                               A:02 X:00 Y:00 S:FA P:nvUBdIzc 
     $FE84:10 0D     BPL $FE93                                                      A:90 X:00 Y:00 S:FA P:NvUBdIzc 
     $FE86:29 7F     AND #$7F                                                       A:90 X:00 Y:00 S:FA P:NvUBdIzc 
     $FE88:8D 00 20  STA $2000 = #$90                                               A:10 X:00 Y:00 S:FA P:nvUBdIzc 
     $FE8B:AD 02 20  LDA $2002 = #$D0                                               A:10 X:00 Y:00 S:FA P:nvUBdIzc 
     $FE8E:CA        DEX                                                            A:D0 X:00 Y:00 S:FA P:NvUBdIzc 
     $FE8F:9A        TXS                                                            A:D0 X:FF Y:00 S:FA P:NvUBdIzc 
$FE90:6C 23 00  JMP ($0023) = $83A4                                            A:D0 X:FF Y:00 S:FF P:NvUBdIzc 
$83A4:20 08 81  JSR $8108                                                      A:D0 X:FF Y:00 S:FF P:NvUBdIzc 
  $8108:BA        TSX                                                            A:D0 X:FF Y:00 S:FD P:NvUBdIzc 
  $8109:86 2F     STX $002F = #$FD                                               A:D0 X:FD Y:00 S:FD P:NvUBdIzc 
  $810B:A5 30     LDA $0030 = #$01                                               A:D0 X:FD Y:00 S:FD P:NvUBdIzc 
  $810D:F0 C5     BEQ $80D4                                                      A:01 X:FD Y:00 S:FD P:nvUBdIzc 
  $810F:A9 04     LDA #$04                                                       A:01 X:FD Y:00 S:FD P:nvUBdIzc 
  $8111:8D 00 20  STA $2000 = #$10                                               A:04 X:FD Y:00 S:FD P:nvUBdIzc 
  $8114:85 15     STA $0015 = #$0F                                               A:04 X:FD Y:00 S:FD P:nvUBdIzc 
  $8116:A2 03     LDX #$03                                                       A:04 X:FD Y:00 S:FD P:nvUBdIzc 
  $8118:CA        DEX                                                            A:04 X:03 Y:00 S:FD P:nvUBdIzc 
  $8119:D0 FD     BNE $8118                                                      A:04 X:02 Y:00 S:FD P:nvUBdIzc 
  $8118:CA        DEX                                                            A:04 X:02 Y:00 S:FD P:nvUBdIzc 
  $8119:D0 FD     BNE $8118                                                      A:04 X:01 Y:00 S:FD P:nvUBdIzc 
  $8118:CA        DEX                                                            A:04 X:01 Y:00 S:FD P:nvUBdIzc 
  $8119:D0 FD     BNE $8118                                                      A:04 X:00 Y:00 S:FD P:nvUBdIZc 
  $811B:A9 20     LDA #$20                                                       A:04 X:00 Y:00 S:FD P:nvUBdIZc 
  $811D:8D 06 20  STA $2006 = #$19                                               A:20 X:00 Y:00 S:FD P:nvUBdIzc 
  $8120:A5 98     LDA $0098 = #$19                                               A:20 X:00 Y:00 S:FD P:nvUBdIzc 
  $8122:8D 06 20  STA $2006 = #$19                                               A:19 X:00 Y:00 S:FD P:nvUBdIzc 
  $8125:A0 02     LDY #$02                                                       A:19 X:00 Y:00 S:FD P:nvUBdIzc 
  $8127:A5 83     LDA $0083 = #$40                                               A:19 X:00 Y:02 S:FD P:nvUBdIzc 
  $8129:49 FF     EOR #$FF                                                       A:40 X:00 Y:02 S:FD P:nvUBdIzc 
  $812B:38        SEC                                                            A:BF X:00 Y:02 S:FD P:NvUBdIzc 
  $812C:E9 10     SBC #$10                                                       A:BF X:00 Y:02 S:FD P:NvUBdIzC 
  $812E:29 F8     AND #$F8                                                       A:AF X:00 Y:02 S:FD P:NvUBdIzC 
  $8130:4A        LSR                                                            A:A8 X:00 Y:02 S:FD P:NvUBdIzC 
  $8131:85 17     STA $0017 = #$2A                                               A:54 X:00 Y:02 S:FD P:nvUBdIzc 
  $8133:4A        LSR                                                            A:54 X:00 Y:02 S:FD P:nvUBdIzc 
  $8134:4A        LSR                                                            A:2A X:00 Y:02 S:FD P:nvUBdIzc 
  $8135:AA        TAX                                                            A:15 X:00 Y:02 S:FD P:nvUBdIzc 
  $8136:CA        DEX                                                            A:15 X:15 Y:02 S:FD P:nvUBdIzc 
  $8137:9A        TXS                                                            A:15 X:14 Y:02 S:FD P:nvUBdIzc 
           $8138:A5 17     LDA $0017 = #$54                                               A:15 X:14 Y:02 S:14 P:nvUBdIzc 
           $813A:18        CLC                                                            A:54 X:14 Y:02 S:14 P:nvUBdIzc 
           $813B:69 2E     ADC #$2E                                                       A:54 X:14 Y:02 S:14 P:nvUBdIzc 
           $813D:85 1F     STA $001F = #$00                                               A:82 X:14 Y:02 S:14 P:NVUBdIzc 
           $813F:A9 82     LDA #$82                                                       A:82 X:14 Y:02 S:14 P:NVUBdIzc 
           $8141:69 00     ADC #$00                                                       A:82 X:14 Y:02 S:14 P:NVUBdIzc 
           $8143:85 20     STA $0020 = #$40                                               A:82 X:14 Y:02 S:14 P:NvUBdIzc 
           $8145:6C 1F 00  JMP ($001F) = $8282                                            A:82 X:14 Y:02 S:14 P:NvUBdIzc 
           $8282:68        PLA                                                            A:82 X:14 Y:02 S:14 P:NvUBdIzc 
          $8283:8D 07 20  STA $2007 = #$00                                               A:A5 X:14 Y:02 S:15 P:NvUBdIzc 
          $8286:68        PLA                                                            A:A5 X:14 Y:02 S:15 P:NvUBdIzc 
         $8287:8D 07 20  STA $2007 = #$00                                               A:A7 X:14 Y:02 S:16 P:NvUBdIzc 
         $828A:68        PLA                                                            A:A7 X:14 Y:02 S:16 P:NvUBdIzc 
        $828B:8D 07 20  STA $2007 = #$00                                               A:0E X:14 Y:02 S:17 P:nvUBdIzc 
        $828E:68        PLA                                                            A:0E X:14 Y:02 S:17 P:nvUBdIzc 
       $828F:8D 07 20  STA $2007 = #$00                                               A:1A X:14 Y:02 S:18 P:nvUBdIzc 
       $8292:68        PLA                                                            A:1A X:14 Y:02 S:18 P:nvUBdIzc 
      $8293:8D 07 20  STA $2007 = #$00                                               A:26 X:14 Y:02 S:19 P:nvUBdIzc 
      $8296:68        PLA                                                            A:26 X:14 Y:02 S:19 P:nvUBdIzc 
     $8297:8D 07 20  STA $2007 = #$00                                               A:32 X:14 Y:02 S:1A P:nvUBdIzc 
     $829A:68        PLA                                                            A:32 X:14 Y:02 S:1A P:nvUBdIzc 
    $829B:8D 07 20  STA $2007 = #$00                                               A:3E X:14 Y:02 S:1B P:nvUBdIzc 
    $829E:68        PLA                                                            A:3E X:14 Y:02 S:1B P:nvUBdIzc 
   $829F:8D 07 20  STA $2007 = #$00                                               A:4A X:14 Y:02 S:1C P:nvUBdIzc 
   $82A2:68        PLA                                                            A:4A X:14 Y:02 S:1C P:nvUBdIzc 
  $82A3:8D 07 20  STA $2007 = #$00                                               A:00 X:14 Y:02 S:1D P:nvUBdIZc 
  $82A6:4C 48 81  JMP $8148                                                      A:00 X:14 Y:02 S:1D P:nvUBdIZc 
  $8148:88        DEY                                                            A:00 X:14 Y:02 S:1D P:nvUBdIZc 
  $8149:F0 4A     BEQ $8195                                                      A:00 X:14 Y:01 S:1D P:nvUBdIzc 
  $814B:A5 15     LDA $0015 = #$04                                               A:00 X:14 Y:01 S:1D P:nvUBdIzc 
  $814D:10 03     BPL $8152                                                      A:04 X:14 Y:01 S:1D P:nvUBdIzc 
  $8152:D0 37     BNE $818B                                                      A:04 X:14 Y:01 S:1D P:nvUBdIzc 
  $818B:A2 FF     LDX #$FF                                                       A:04 X:14 Y:01 S:1D P:nvUBdIzc 
  $818D:9A        TXS                                                            A:04 X:FF Y:01 S:1D P:NvUBdIzc 
$818E:A9 78     LDA #$78                                                       A:04 X:FF Y:01 S:FF P:NvUBdIzc 
$8190:38        SEC                                                            A:78 X:FF Y:01 S:FF P:nvUBdIzc 
$8191:E5 17     SBC $0017 = #$54                                               A:78 X:FF Y:01 S:FF P:nvUBdIzC 
$8193:B0 A5     BCS $813A                                                      A:24 X:FF Y:01 S:FF P:nvUBdIzC 
$813A:18        CLC                                                            A:24 X:FF Y:01 S:FF P:nvUBdIzC 
$813B:69 2E     ADC #$2E                                                       A:24 X:FF Y:01 S:FF P:nvUBdIzc 
$813D:85 1F     STA $001F = #$82                                               A:52 X:FF Y:01 S:FF P:nvUBdIzc 
$813F:A9 82     LDA #$82                                                       A:52 X:FF Y:01 S:FF P:nvUBdIzc 
$8141:69 00     ADC #$00                                                       A:82 X:FF Y:01 S:FF P:NvUBdIzc 
$8143:85 20     STA $0020 = #$82                                               A:82 X:FF Y:01 S:FF P:NvUBdIzc 
$8145:6C 1F 00  JMP ($001F) = $8252                                            A:82 X:FF Y:01 S:FF P:NvUBdIzc 
$8252:68        PLA                                                            A:82 X:FF Y:01 S:FF P:NvUBdIzc 
                               $8253:8D 07 20  STA $2007 = #$00                                               A:E4 X:FF Y:01 S:00 P:NvUBdIzc 
                               $8256:68        PLA                                                            A:E4 X:FF Y:01 S:00 P:NvUBdIzc 
                              $8257:8D 07 20  STA $2007 = #$00                                               A:00 X:FF Y:01 S:01 P:nvUBdIZc 
                              $825A:68        PLA                                                            A:00 X:FF Y:01 S:01 P:nvUBdIZc 
                             $825B:8D 07 20  STA $2007 = #$00                                               A:00 X:FF Y:01 S:02 P:nvUBdIZc 
                             $825E:68        PLA                                                            A:00 X:FF Y:01 S:02 P:nvUBdIZc 
                            $825F:8D 07 20  STA $2007 = #$00                                               A:83 X:FF Y:01 S:03 P:NvUBdIzc 
                            $8262:68        PLA                                                            A:83 X:FF Y:01 S:03 P:NvUBdIzc 
                           $8263:8D 07 20  STA $2007 = #$00                                               A:87 X:FF Y:01 S:04 P:NvUBdIzc 
                           $8266:68        PLA                                                            A:87 X:FF Y:01 S:04 P:NvUBdIzc 
                          $8267:8D 07 20  STA $2007 = #$00                                               A:8B X:FF Y:01 S:05 P:NvUBdIzc 
                          $826A:68        PLA                                                            A:8B X:FF Y:01 S:05 P:NvUBdIzc 
                         $826B:8D 07 20  STA $2007 = #$00                                               A:8F X:FF Y:01 S:06 P:NvUBdIzc 
                         $826E:68        PLA                                                            A:8F X:FF Y:01 S:06 P:NvUBdIzc 
                        $826F:8D 07 20  STA $2007 = #$00                                               A:66 X:FF Y:01 S:07 P:nvUBdIzc 
                        $8272:68        PLA                                                            A:66 X:FF Y:01 S:07 P:nvUBdIzc 
                       $8273:8D 07 20  STA $2007 = #$00                                               A:5A X:FF Y:01 S:08 P:nvUBdIzc 
                       $8276:68        PLA                                                            A:5A X:FF Y:01 S:08 P:nvUBdIzc 
                      $8277:8D 07 20  STA $2007 = #$00                                               A:5E X:FF Y:01 S:09 P:nvUBdIzc 
                      $827A:68        PLA                                                            A:5E X:FF Y:01 S:09 P:nvUBdIzc 
                     $827B:8D 07 20  STA $2007 = #$00                                               A:62 X:FF Y:01 S:0A P:nvUBdIzc 
                     $827E:68        PLA                                                            A:62 X:FF Y:01 S:0A P:nvUBdIzc 
                    $827F:8D 07 20  STA $2007 = #$00                                               A:56 X:FF Y:01 S:0B P:nvUBdIzc 
                    $8282:68        PLA                                                            A:56 X:FF Y:01 S:0B P:nvUBdIzc 
                   $8283:8D 07 20  STA $2007 = #$00                                               A:E8 X:FF Y:01 S:0C P:NvUBdIzc 
                   $8286:68        PLA                                                            A:E8 X:FF Y:01 S:0C P:NvUBdIzc 
                  $8287:8D 07 20  STA $2007 = #$00                                               A:6E X:FF Y:01 S:0D P:nvUBdIzc 
                  $828A:68        PLA                                                            A:6E X:FF Y:01 S:0D P:nvUBdIzc 
                 $828B:8D 07 20  STA $2007 = #$00                                               A:76 X:FF Y:01 S:0E P:nvUBdIzc 
                 $828E:68        PLA                                                            A:76 X:FF Y:01 S:0E P:nvUBdIzc 
                $828F:8D 07 20  STA $2007 = #$00                                               A:7A X:FF Y:01 S:0F P:nvUBdIzc 
                $8292:68        PLA                                                            A:7A X:FF Y:01 S:0F P:nvUBdIzc 
               $8293:8D 07 20  STA $2007 = #$00                                               A:7E X:FF Y:01 S:10 P:nvUBdIzc 
               $8296:68        PLA                                                            A:7E X:FF Y:01 S:10 P:nvUBdIzc 
              $8297:8D 07 20  STA $2007 = #$00                                               A:00 X:FF Y:01 S:11 P:nvUBdIZc 
              $829A:68        PLA                                                            A:00 X:FF Y:01 S:11 P:nvUBdIZc 
             $829B:8D 07 20  STA $2007 = #$00                                               A:02 X:FF Y:01 S:12 P:nvUBdIzc 
             $829E:68        PLA                                                            A:02 X:FF Y:01 S:12 P:nvUBdIzc 
            $829F:8D 07 20  STA $2007 = #$00                                               A:81 X:FF Y:01 S:13 P:NvUBdIzc 
            $82A2:68        PLA                                                            A:81 X:FF Y:01 S:13 P:NvUBdIzc 
           $82A3:8D 07 20  STA $2007 = #$00                                               A:81 X:FF Y:01 S:14 P:NvUBdIzc 
           $82A6:4C 48 81  JMP $8148                                                      A:81 X:FF Y:01 S:14 P:NvUBdIzc 
           $8148:88        DEY                                                            A:81 X:FF Y:01 S:14 P:NvUBdIzc 
           $8149:F0 4A     BEQ $8195                                                      A:81 X:FF Y:00 S:14 P:nvUBdIZc 
           $8195:A9 10     LDA #$10                                                       A:81 X:FF Y:00 S:14 P:nvUBdIZc 
           $8197:8D 00 20  STA $2000 = #$04                                               A:10 X:FF Y:00 S:14 P:nvUBdIzc 
           $819A:A5 15     LDA $0015 = #$04                                               A:10 X:FF Y:00 S:14 P:nvUBdIzc 
           $819C:30 1E     BMI $81BC                                                      A:04 X:FF Y:00 S:14 P:nvUBdIzc 
           $819E:A0 02     LDY #$02                                                       A:04 X:FF Y:00 S:14 P:nvUBdIzc 
           $81A0:A5 95     LDA $0095 = #$80                                               A:04 X:FF Y:02 S:14 P:nvUBdIzc 
           $81A2:85 15     STA $0015 = #$04                                               A:80 X:FF Y:02 S:14 P:NvUBdIzc 
           $81A4:C9 84     CMP #$84                                                       A:80 X:FF Y:02 S:14 P:NvUBdIzc 
           $81A6:B0 69     BCS $8211                                                      A:80 X:FF Y:02 S:14 P:NvUBdIzc 
           $81A8:C9 81     CMP #$81                                                       A:80 X:FF Y:02 S:14 P:NvUBdIzc 
           $81AA:B0 14     BCS $81C0                                                      A:80 X:FF Y:02 S:14 P:NvUBdIzc 
           $81AC:A9 23     LDA #$23                                                       A:80 X:FF Y:02 S:14 P:NvUBdIzc 
           $81AE:8D 06 20  STA $2006 = #$D9                                               A:23 X:FF Y:02 S:14 P:nvUBdIzc 
           $81B1:A9 C0     LDA #$C0                                                       A:23 X:FF Y:02 S:14 P:nvUBdIzc 
           $81B3:8D 06 20  STA $2006 = #$D9                                               A:C0 X:FF Y:02 S:14 P:NvUBdIzc 
           $81B6:A2 1F     LDX #$1F                                                       A:C0 X:FF Y:02 S:14 P:NvUBdIzc 
           $81B8:9A        TXS                                                            A:C0 X:1F Y:02 S:14 P:nvUBdIzc 
$81B9:4C 26 82  JMP $8226                                                      A:C0 X:1F Y:02 S:1F P:nvUBdIzc 
$8226:68        PLA                                                            A:C0 X:1F Y:02 S:1F P:nvUBdIzc 
                               $8227:8D 07 20  STA $2007 = #$00                                               A:00 X:1F Y:02 S:20 P:nvUBdIZc 
                               $822A:68        PLA                                                            A:00 X:1F Y:02 S:20 P:nvUBdIZc 
                              $822B:8D 07 20  STA $2007 = #$00                                               A:00 X:1F Y:02 S:21 P:nvUBdIZc 
                              $822E:68        PLA                                                            A:00 X:1F Y:02 S:21 P:nvUBdIZc 
                             $822F:8D 07 20  STA $2007 = #$00                                               A:00 X:1F Y:02 S:22 P:nvUBdIZc 
                             $8232:68        PLA                                                            A:00 X:1F Y:02 S:22 P:nvUBdIZc 
                            $8233:8D 07 20  STA $2007 = #$00                                               A:00 X:1F Y:02 S:23 P:nvUBdIZc 
                            $8236:68        PLA                                                            A:00 X:1F Y:02 S:23 P:nvUBdIZc 
                           $8237:8D 07 20  STA $2007 = #$00                                               A:00 X:1F Y:02 S:24 P:nvUBdIZc 
                           $823A:68        PLA                                                            A:00 X:1F Y:02 S:24 P:nvUBdIZc 
                          $823B:8D 07 20  STA $2007 = #$00                                               A:00 X:1F Y:02 S:25 P:nvUBdIZc 
                          $823E:68        PLA                                                            A:00 X:1F Y:02 S:25 P:nvUBdIZc 
                         $823F:8D 07 20  STA $2007 = #$00                                               A:00 X:1F Y:02 S:26 P:nvUBdIZc 
                         $8242:68        PLA                                                            A:00 X:1F Y:02 S:26 P:nvUBdIZc 
                        $8243:8D 07 20  STA $2007 = #$00                                               A:00 X:1F Y:02 S:27 P:nvUBdIZc 
                        $8246:68        PLA                                                            A:00 X:1F Y:02 S:27 P:nvUBdIZc 
                       $8247:8D 07 20  STA $2007 = #$00                                               A:F0 X:1F Y:02 S:28 P:NvUBdIzc 
                       $824A:68        PLA                                                            A:F0 X:1F Y:02 S:28 P:NvUBdIzc 
                      $824B:8D 07 20  STA $2007 = #$00                                               A:F0 X:1F Y:02 S:29 P:NvUBdIzc 
                      $824E:68        PLA                                                            A:F0 X:1F Y:02 S:29 P:NvUBdIzc 
                     $824F:8D 07 20  STA $2007 = #$00                                               A:F0 X:1F Y:02 S:2A P:NvUBdIzc 
                     $8252:68        PLA                                                            A:F0 X:1F Y:02 S:2A P:NvUBdIzc 
                    $8253:8D 07 20  STA $2007 = #$00                                               A:F0 X:1F Y:02 S:2B P:NvUBdIzc 
                    $8256:68        PLA                                                            A:F0 X:1F Y:02 S:2B P:NvUBdIzc 
                   $8257:8D 07 20  STA $2007 = #$00                                               A:F0 X:1F Y:02 S:2C P:NvUBdIzc 
                   $825A:68        PLA                                                            A:F0 X:1F Y:02 S:2C P:NvUBdIzc 
                  $825B:8D 07 20  STA $2007 = #$00                                               A:F0 X:1F Y:02 S:2D P:NvUBdIzc 
                  $825E:68        PLA                                                            A:F0 X:1F Y:02 S:2D P:NvUBdIzc 
                 $825F:8D 07 20  STA $2007 = #$00                                               A:F0 X:1F Y:02 S:2E P:NvUBdIzc 
                 $8262:68        PLA                                                            A:F0 X:1F Y:02 S:2E P:NvUBdIzc 
                $8263:8D 07 20  STA $2007 = #$00                                               A:F0 X:1F Y:02 S:2F P:NvUBdIzc 
                $8266:68        PLA                                                            A:F0 X:1F Y:02 S:2F P:NvUBdIzc 
               $8267:8D 07 20  STA $2007 = #$00                                               A:A4 X:1F Y:02 S:30 P:NvUBdIzc 
               $826A:68        PLA                                                            A:A4 X:1F Y:02 S:30 P:NvUBdIzc 
              $826B:8D 07 20  STA $2007 = #$00                                               A:A0 X:1F Y:02 S:31 P:NvUBdIzc 
              $826E:68        PLA                                                            A:A0 X:1F Y:02 S:31 P:NvUBdIzc 
             $826F:8D 07 20  STA $2007 = #$00                                               A:A0 X:1F Y:02 S:32 P:NvUBdIzc 
             $8272:68        PLA                                                            A:A0 X:1F Y:02 S:32 P:NvUBdIzc 
            $8273:8D 07 20  STA $2007 = #$00                                               A:A6 X:1F Y:02 S:33 P:NvUBdIzc 
            $8276:68        PLA                                                            A:A6 X:1F Y:02 S:33 P:NvUBdIzc 
           $8277:8D 07 20  STA $2007 = #$00                                               A:A0 X:1F Y:02 S:34 P:NvUBdIzc 
           $827A:68        PLA                                                            A:A0 X:1F Y:02 S:34 P:NvUBdIzc 
          $827B:8D 07 20  STA $2007 = #$00                                               A:A6 X:1F Y:02 S:35 P:NvUBdIzc 
          $827E:68        PLA                                                            A:A6 X:1F Y:02 S:35 P:NvUBdIzc 
         $827F:8D 07 20  STA $2007 = #$00                                               A:AC X:1F Y:02 S:36 P:NvUBdIzc 
         $8282:68        PLA                                                            A:AC X:1F Y:02 S:36 P:NvUBdIzc 
        $8283:8D 07 20  STA $2007 = #$00                                               A:A0 X:1F Y:02 S:37 P:NvUBdIzc 
        $8286:68        PLA                                                            A:A0 X:1F Y:02 S:37 P:NvUBdIzc 
       $8287:8D 07 20  STA $2007 = #$00                                               A:AA X:1F Y:02 S:38 P:NvUBdIzc 
       $828A:68        PLA                                                            A:AA X:1F Y:02 S:38 P:NvUBdIzc 
      $828B:8D 07 20  STA $2007 = #$00                                               A:AA X:1F Y:02 S:39 P:NvUBdIzc 
      $828E:68        PLA                                                            A:AA X:1F Y:02 S:39 P:NvUBdIzc 
     $828F:8D 07 20  STA $2007 = #$00                                               A:AA X:1F Y:02 S:3A P:NvUBdIzc 
     $8292:68        PLA                                                            A:AA X:1F Y:02 S:3A P:NvUBdIzc 
    $8293:8D 07 20  STA $2007 = #$00                                               A:AA X:1F Y:02 S:3B P:NvUBdIzc 
    $8296:68        PLA                                                            A:AA X:1F Y:02 S:3B P:NvUBdIzc 
   $8297:8D 07 20  STA $2007 = #$00                                               A:AA X:1F Y:02 S:3C P:NvUBdIzc 
   $829A:68        PLA                                                            A:AA X:1F Y:02 S:3C P:NvUBdIzc 
  $829B:8D 07 20  STA $2007 = #$00                                               A:AA X:1F Y:02 S:3D P:NvUBdIzc 
  $829E:68        PLA                                                            A:AA X:1F Y:02 S:3D P:NvUBdIzc 
 $829F:8D 07 20  STA $2007 = #$00                                               A:AA X:1F Y:02 S:3E P:NvUBdIzc 
 $82A2:68        PLA                                                            A:AA X:1F Y:02 S:3E P:NvUBdIzc 
$82A3:8D 07 20  STA $2007 = #$00                                               A:AA X:1F Y:02 S:3F P:NvUBdIzc 
$82A6:4C 48 81  JMP $8148                                                      A:AA X:1F Y:02 S:3F P:NvUBdIzc 
$8148:88        DEY                                                            A:AA X:1F Y:02 S:3F P:NvUBdIzc 
$8149:F0 4A     BEQ $8195                                                      A:AA X:1F Y:01 S:3F P:nvUBdIzc 
$814B:A5 15     LDA $0015 = #$80                                               A:AA X:1F Y:01 S:3F P:nvUBdIzc 
$814D:10 03     BPL $8152                                                      A:80 X:1F Y:01 S:3F P:NvUBdIzc 
$814F:4C 26 82  JMP $8226                                                      A:80 X:1F Y:01 S:3F P:NvUBdIzc 
$8226:68        PLA                                                            A:80 X:1F Y:01 S:3F P:NvUBdIzc 
                               $8227:8D 07 20  STA $2007 = #$00                                               A:55 X:1F Y:01 S:40 P:nvUBdIzc 
                               $822A:68        PLA                                                            A:55 X:1F Y:01 S:40 P:nvUBdIzc 
                              $822B:8D 07 20  STA $2007 = #$00                                               A:55 X:1F Y:01 S:41 P:nvUBdIzc 
                              $822E:68        PLA                                                            A:55 X:1F Y:01 S:41 P:nvUBdIzc 
                             $822F:8D 07 20  STA $2007 = #$00                                               A:55 X:1F Y:01 S:42 P:nvUBdIzc 
                             $8232:68        PLA                                                            A:55 X:1F Y:01 S:42 P:nvUBdIzc 
                            $8233:8D 07 20  STA $2007 = #$00                                               A:55 X:1F Y:01 S:43 P:nvUBdIzc 
                            $8236:68        PLA                                                            A:55 X:1F Y:01 S:43 P:nvUBdIzc 
                           $8237:8D 07 20  STA $2007 = #$00                                               A:55 X:1F Y:01 S:44 P:nvUBdIzc 
                           $823A:68        PLA                                                            A:55 X:1F Y:01 S:44 P:nvUBdIzc 
                          $823B:8D 07 20  STA $2007 = #$00                                               A:55 X:1F Y:01 S:45 P:nvUBdIzc 
                          $823E:68        PLA                                                            A:55 X:1F Y:01 S:45 P:nvUBdIzc 
                         $823F:8D 07 20  STA $2007 = #$00                                               A:55 X:1F Y:01 S:46 P:nvUBdIzc 
                         $8242:68        PLA                                                            A:55 X:1F Y:01 S:46 P:nvUBdIzc 
                        $8243:8D 07 20  STA $2007 = #$00                                               A:55 X:1F Y:01 S:47 P:nvUBdIzc 
                        $8246:68        PLA                                                            A:55 X:1F Y:01 S:47 P:nvUBdIzc 
                       $8247:8D 07 20  STA $2007 = #$00                                               A:55 X:1F Y:01 S:48 P:nvUBdIzc 
                       $824A:68        PLA                                                            A:55 X:1F Y:01 S:48 P:nvUBdIzc 
                      $824B:8D 07 20  STA $2007 = #$00                                               A:55 X:1F Y:01 S:49 P:nvUBdIzc 
                      $824E:68        PLA                                                            A:55 X:1F Y:01 S:49 P:nvUBdIzc 
                     $824F:8D 07 20  STA $2007 = #$00                                               A:55 X:1F Y:01 S:4A P:nvUBdIzc 
                     $8252:68        PLA                                                            A:55 X:1F Y:01 S:4A P:nvUBdIzc 
                    $8253:8D 07 20  STA $2007 = #$00                                               A:55 X:1F Y:01 S:4B P:nvUBdIzc 
                    $8256:68        PLA                                                            A:55 X:1F Y:01 S:4B P:nvUBdIzc 
                   $8257:8D 07 20  STA $2007 = #$00                                               A:55 X:1F Y:01 S:4C P:nvUBdIzc 
                   $825A:68        PLA                                                            A:55 X:1F Y:01 S:4C P:nvUBdIzc 
                  $825B:8D 07 20  STA $2007 = #$00                                               A:55 X:1F Y:01 S:4D P:nvUBdIzc 
                  $825E:68        PLA                                                            A:55 X:1F Y:01 S:4D P:nvUBdIzc 
                 $825F:8D 07 20  STA $2007 = #$00                                               A:55 X:1F Y:01 S:4E P:nvUBdIzc 
                 $8262:68        PLA                                                            A:55 X:1F Y:01 S:4E P:nvUBdIzc 
                $8263:8D 07 20  STA $2007 = #$00                                               A:55 X:1F Y:01 S:4F P:nvUBdIzc 
                $8266:68        PLA                                                            A:55 X:1F Y:01 S:4F P:nvUBdIzc 
               $8267:8D 07 20  STA $2007 = #$00                                               A:55 X:1F Y:01 S:50 P:nvUBdIzc 
               $826A:68        PLA                                                            A:55 X:1F Y:01 S:50 P:nvUBdIzc 
              $826B:8D 07 20  STA $2007 = #$00                                               A:55 X:1F Y:01 S:51 P:nvUBdIzc 
              $826E:68        PLA                                                            A:55 X:1F Y:01 S:51 P:nvUBdIzc 
             $826F:8D 07 20  STA $2007 = #$00                                               A:05 X:1F Y:01 S:52 P:nvUBdIzc 
             $8272:68        PLA                                                            A:05 X:1F Y:01 S:52 P:nvUBdIzc 
            $8273:8D 07 20  STA $2007 = #$00                                               A:05 X:1F Y:01 S:53 P:nvUBdIzc 
            $8276:68        PLA                                                            A:05 X:1F Y:01 S:53 P:nvUBdIzc 
           $8277:8D 07 20  STA $2007 = #$00                                               A:05 X:1F Y:01 S:54 P:nvUBdIzc 
           $827A:68        PLA                                                            A:05 X:1F Y:01 S:54 P:nvUBdIzc 
          $827B:8D 07 20  STA $2007 = #$00                                               A:05 X:1F Y:01 S:55 P:nvUBdIzc 
          $827E:68        PLA                                                            A:05 X:1F Y:01 S:55 P:nvUBdIzc 
         $827F:8D 07 20  STA $2007 = #$00                                               A:45 X:1F Y:01 S:56 P:nvUBdIzc 
         $8282:68        PLA                                                            A:45 X:1F Y:01 S:56 P:nvUBdIzc 
        $8283:8D 07 20  STA $2007 = #$00                                               A:55 X:1F Y:01 S:57 P:nvUBdIzc 
        $8286:68        PLA                                                            A:55 X:1F Y:01 S:57 P:nvUBdIzc 
       $8287:8D 07 20  STA $2007 = #$00                                               A:00 X:1F Y:01 S:58 P:nvUBdIZc 
       $828A:68        PLA                                                            A:00 X:1F Y:01 S:58 P:nvUBdIZc 
      $828B:8D 07 20  STA $2007 = #$00                                               A:00 X:1F Y:01 S:59 P:nvUBdIZc 
      $828E:68        PLA                                                            A:00 X:1F Y:01 S:59 P:nvUBdIZc 
     $828F:8D 07 20  STA $2007 = #$00                                               A:00 X:1F Y:01 S:5A P:nvUBdIZc 
     $8292:68        PLA                                                            A:00 X:1F Y:01 S:5A P:nvUBdIZc 
    $8293:8D 07 20  STA $2007 = #$00                                               A:00 X:1F Y:01 S:5B P:nvUBdIZc 
    $8296:68        PLA                                                            A:00 X:1F Y:01 S:5B P:nvUBdIZc 
   $8297:8D 07 20  STA $2007 = #$00                                               A:00 X:1F Y:01 S:5C P:nvUBdIZc 
   $829A:68        PLA                                                            A:00 X:1F Y:01 S:5C P:nvUBdIZc 
  $829B:8D 07 20  STA $2007 = #$00                                               A:00 X:1F Y:01 S:5D P:nvUBdIZc 
  $829E:68        PLA                                                            A:00 X:1F Y:01 S:5D P:nvUBdIZc 
 $829F:8D 07 20  STA $2007 = #$00                                               A:00 X:1F Y:01 S:5E P:nvUBdIZc 
 $82A2:68        PLA                                                            A:00 X:1F Y:01 S:5E P:nvUBdIZc 
$82A3:8D 07 20  STA $2007 = #$00                                               A:00 X:1F Y:01 S:5F P:nvUBdIZc 
$82A6:4C 48 81  JMP $8148                                                      A:00 X:1F Y:01 S:5F P:nvUBdIZc 
$8148:88        DEY                                                            A:00 X:1F Y:01 S:5F P:nvUBdIZc 
$8149:F0 4A     BEQ $8195                                                      A:00 X:1F Y:00 S:5F P:nvUBdIZc 
$8195:A9 10     LDA #$10                                                       A:00 X:1F Y:00 S:5F P:nvUBdIZc 
$8197:8D 00 20  STA $2000 = #$10                                               A:10 X:1F Y:00 S:5F P:nvUBdIzc 
$819A:A5 15     LDA $0015 = #$80                                               A:10 X:1F Y:00 S:5F P:nvUBdIzc 
$819C:30 1E     BMI $81BC                                                      A:80 X:1F Y:00 S:5F P:NvUBdIzc 
$81BC:A6 2F     LDX $002F = #$FD                                               A:80 X:1F Y:00 S:5F P:NvUBdIzc 
$81BE:9A        TXS                                                            A:80 X:FD Y:00 S:5F P:NvUBdIzc 
  $81BF:60        RTS (from $8108) ----------------------------------------------A:80 X:FD Y:00 S:FD P:NvUBdIzc 
$83A7:20 B5 85  JSR $85B5                                                      A:80 X:FD Y:00 S:FF P:NvUBdIzc 
  $85B5:A5 CC     LDA $00CC = #$00                                               A:80 X:FD Y:00 S:FD P:NvUBdIzc 
  $85B7:D0 D4     BNE $858D                                                      A:00 X:FD Y:00 S:FD P:nvUBdIZc 
  $85B9:AD 96 07  LDA $0796 = #$C0                                               A:00 X:FD Y:00 S:FD P:nvUBdIZc 
  $85BC:18        CLC                                                            A:C0 X:FD Y:00 S:FD P:NvUBdIzc 
  $85BD:69 10     ADC #$10                                                       A:C0 X:FD Y:00 S:FD P:NvUBdIzc 
  $85BF:B0 09     BCS $85CA                                                      A:D0 X:FD Y:00 S:FD P:NvUBdIzc 
  $85C1:EA        NOP                                                            A:D0 X:FD Y:00 S:FD P:NvUBdIzc 
  $85C2:4C C5 85  JMP $85C5                                                      A:D0 X:FD Y:00 S:FD P:NvUBdIzc 
  $85C5:EA        NOP                                                            A:D0 X:FD Y:00 S:FD P:NvUBdIzc 
  $85C6:EA        NOP                                                            A:D0 X:FD Y:00 S:FD P:NvUBdIzc 
  $85C7:4C BD 85  JMP $85BD                                                      A:D0 X:FD Y:00 S:FD P:NvUBdIzc 
  $85BD:69 10     ADC #$10                                                       A:D0 X:FD Y:00 S:FD P:NvUBdIzc 
  $85BF:B0 09     BCS $85CA                                                      A:E0 X:FD Y:00 S:FD P:NvUBdIzc 
  $85C1:EA        NOP                                                            A:E0 X:FD Y:00 S:FD P:NvUBdIzc 
  $85C2:4C C5 85  JMP $85C5                                                      A:E0 X:FD Y:00 S:FD P:NvUBdIzc 
  $85C5:EA        NOP                                                            A:E0 X:FD Y:00 S:FD P:NvUBdIzc 
  $85C6:EA        NOP                                                            A:E0 X:FD Y:00 S:FD P:NvUBdIzc 
  $85C7:4C BD 85  JMP $85BD                                                      A:E0 X:FD Y:00 S:FD P:NvUBdIzc 
  $85BD:69 10     ADC #$10                                                       A:E0 X:FD Y:00 S:FD P:NvUBdIzc 
  $85BF:B0 09     BCS $85CA                                                      A:F0 X:FD Y:00 S:FD P:NvUBdIzc 
  $85C1:EA        NOP                                                            A:F0 X:FD Y:00 S:FD P:NvUBdIzc 
  $85C2:4C C5 85  JMP $85C5                                                      A:F0 X:FD Y:00 S:FD P:NvUBdIzc 
  $85C5:EA        NOP                                                            A:F0 X:FD Y:00 S:FD P:NvUBdIzc 
  $85C6:EA        NOP                                                            A:F0 X:FD Y:00 S:FD P:NvUBdIzc 
  $85C7:4C BD 85  JMP $85BD                                                      A:F0 X:FD Y:00 S:FD P:NvUBdIzc 
  $85BD:69 10     ADC #$10                                                       A:F0 X:FD Y:00 S:FD P:NvUBdIzc 
  $85BF:B0 09     BCS $85CA                                                      A:00 X:FD Y:00 S:FD P:nvUBdIZC 
  $85CA:20 82 07  JSR $0782                                                      A:00 X:FD Y:00 S:FD P:nvUBdIZC 
    $0782:A9 12     LDA #$12                                                       A:00 X:FD Y:00 S:FB P:nvUBdIZC 
    $0784:8D C5 FF  STA $FFC5 = #$12                                               A:12 X:FD Y:00 S:FB P:nvUBdIzC 
    $0787:A5 9C     LDA $009C = #$00                                               A:12 X:FD Y:00 S:FB P:nvUBdIzC 
    $0789:8D 06 20  STA $2006 = #$00                                               A:00 X:FD Y:00 S:FB P:nvUBdIZC 
    $078C:A5 9D     LDA $009D = #$10                                               A:00 X:FD Y:00 S:FB P:nvUBdIZC 
    $078E:8D 06 20  STA $2006 = #$00                                               A:10 X:FD Y:00 S:FB P:nvUBdIzC 
    $0791:A9 00     LDA #$00                                                       A:10 X:FD Y:00 S:FB P:nvUBdIzC 
    $0793:18        CLC                                                            A:00 X:FD Y:00 S:FB P:nvUBdIZC 
    $0794:AA        TAX                                                            A:00 X:FD Y:00 S:FB P:nvUBdIZc 
    $0795:BC C0 9A  LDY $9AC0,X @ $9AC0 = #$00                                     A:00 X:00 Y:00 S:FB P:nvUBdIZc 
    $0798:8C 07 20  STY $2007 = #$00                                               A:00 X:00 Y:00 S:FB P:nvUBdIZc 
    $079B:BC C1 9A  LDY $9AC1,X @ $9AC1 = #$00                                     A:00 X:00 Y:00 S:FB P:nvUBdIZc 
    $079E:8C 07 20  STY $2007 = #$00                                               A:00 X:00 Y:00 S:FB P:nvUBdIZc 
    $07A1:BC C2 9A  LDY $9AC2,X @ $9AC2 = #$A0                                     A:00 X:00 Y:00 S:FB P:nvUBdIZc 
    $07A4:8C 07 20  STY $2007 = #$00                                               A:00 X:00 Y:A0 S:FB P:NvUBdIzc 
    $07A7:BC C3 9A  LDY $9AC3,X @ $9AC3 = #$20                                     A:00 X:00 Y:A0 S:FB P:NvUBdIzc 
    $07AA:8C 07 20  STY $2007 = #$00                                               A:00 X:00 Y:20 S:FB P:nvUBdIzc 
    $07AD:BC C4 9A  LDY $9AC4,X @ $9AC4 = #$13                                     A:00 X:00 Y:20 S:FB P:nvUBdIzc 
    $07B0:8C 07 20  STY $2007 = #$00                                               A:00 X:00 Y:13 S:FB P:nvUBdIzc 
    $07B3:BC C5 9A  LDY $9AC5,X @ $9AC5 = #$12                                     A:00 X:00 Y:13 S:FB P:nvUBdIzc 
    $07B6:8C 07 20  STY $2007 = #$00                                               A:00 X:00 Y:12 S:FB P:nvUBdIzc 
    $07B9:BC C6 9A  LDY $9AC6,X @ $9AC6 = #$B1                                     A:00 X:00 Y:12 S:FB P:nvUBdIzc 
    $07BC:8C 07 20  STY $2007 = #$00                                               A:00 X:00 Y:B1 S:FB P:NvUBdIzc 
    $07BF:BC C7 9A  LDY $9AC7,X @ $9AC7 = #$6C                                     A:00 X:00 Y:B1 S:FB P:NvUBdIzc 
    $07C2:8C 07 20  STY $2007 = #$00                                               A:00 X:00 Y:6C S:FB P:nvUBdIzc 
    $07C5:BC C8 9A  LDY $9AC8,X @ $9AC8 = #$0C                                     A:00 X:00 Y:6C S:FB P:nvUBdIzc 
    $07C8:8C 07 20  STY $2007 = #$00                                               A:00 X:00 Y:0C S:FB P:nvUBdIzc 
    $07CB:BC C9 9A  LDY $9AC9,X @ $9AC9 = #$16                                     A:00 X:00 Y:0C S:FB P:nvUBdIzc 
    $07CE:8C 07 20  STY $2007 = #$00                                               A:00 X:00 Y:16 S:FB P:nvUBdIzc 
    $07D1:BC CA 9A  LDY $9ACA,X @ $9ACA = #$52                                     A:00 X:00 Y:16 S:FB P:nvUBdIzc 
    $07D4:8C 07 20  STY $2007 = #$00                                               A:00 X:00 Y:52 S:FB P:nvUBdIzc 
    $07D7:BC CB 9A  LDY $9ACB,X @ $9ACB = #$D2                                     A:00 X:00 Y:52 S:FB P:nvUBdIzc 
    $07DA:8C 07 20  STY $2007 = #$00                                               A:00 X:00 Y:D2 S:FB P:NvUBdIzc 
    $07DD:BC CC 9A  LDY $9ACC,X @ $9ACC = #$EB                                     A:00 X:00 Y:D2 S:FB P:NvUBdIzc 
    $07E0:8C 07 20  STY $2007 = #$00                                               A:00 X:00 Y:EB S:FB P:NvUBdIzc 
    $07E3:BC CD 9A  LDY $9ACD,X @ $9ACD = #$EA                                     A:00 X:00 Y:EB S:FB P:NvUBdIzc 
    $07E6:8C 07 20  STY $2007 = #$00                                               A:00 X:00 Y:EA S:FB P:NvUBdIzc 
    $07E9:BC CE 9A  LDY $9ACE,X @ $9ACE = #$49                                     A:00 X:00 Y:EA S:FB P:NvUBdIzc 
    $07EC:8C 07 20  STY $2007 = #$00                                               A:00 X:00 Y:49 S:FB P:nvUBdIzc 
    $07EF:BC CF 9A  LDY $9ACF,X @ $9ACF = #$90                                     A:00 X:00 Y:49 S:FB P:nvUBdIzc 
    $07F2:8C 07 20  STY $2007 = #$00                                               A:00 X:00 Y:90 S:FB P:NvUBdIzc 
    $07F5:69 10     ADC #$10                                                       A:00 X:00 Y:90 S:FB P:NvUBdIzc 
    $07F7:AA        TAX                                                            A:10 X:00 Y:90 S:FB P:nvUBdIzc 
    $07F8:D0 9B     BNE $0795                                                      A:10 X:10 Y:90 S:FB P:nvUBdIzc 
    $0795:BC C0 9A  LDY $9AC0,X @ $9AD0 = #$22                                     A:10 X:10 Y:90 S:FB P:nvUBdIzc 
    $0798:8C 07 20  STY $2007 = #$00                                               A:10 X:10 Y:22 S:FB P:nvUBdIzc 
    $079B:BC C1 9A  LDY $9AC1,X @ $9AD1 = #$22                                     A:10 X:10 Y:22 S:FB P:nvUBdIzc 
    $079E:8C 07 20  STY $2007 = #$00                                               A:10 X:10 Y:22 S:FB P:nvUBdIzc 
    $07A1:BC C2 9A  LDY $9AC2,X @ $9AD2 = #$16                                     A:10 X:10 Y:22 S:FB P:nvUBdIzc 
    $07A4:8C 07 20  STY $2007 = #$00                                               A:10 X:10 Y:16 S:FB P:nvUBdIzc 
    $07A7:BC C3 9A  LDY $9AC3,X @ $9AD3 = #$0D                                     A:10 X:10 Y:16 S:FB P:nvUBdIzc 
    $07AA:8C 07 20  STY $2007 = #$00                                               A:10 X:10 Y:0D S:FB P:nvUBdIzc 
    $07AD:BC C4 9A  LDY $9AC4,X @ $9AD4 = #$5F                                     A:10 X:10 Y:0D S:FB P:nvUBdIzc 
    $07B0:8C 07 20  STY $2007 = #$00                                               A:10 X:10 Y:5F S:FB P:nvUBdIzc 
    $07B3:BC C5 9A  LDY $9AC5,X @ $9AD5 = #$30                                     A:10 X:10 Y:5F S:FB P:nvUBdIzc 
    $07B6:8C 07 20  STY $2007 = #$00                                               A:10 X:10 Y:30 S:FB P:nvUBdIzc 
    $07B9:BC C6 9A  LDY $9AC6,X @ $9AD6 = #$40                                     A:10 X:10 Y:30 S:FB P:nvUBdIzc 
    $07BC:8C 07 20  STY $2007 = #$00                                               A:10 X:10 Y:40 S:FB P:nvUBdIzc 
    $07BF:BC C7 9A  LDY $9AC7,X @ $9AD7 = #$80                                     A:10 X:10 Y:40 S:FB P:nvUBdIzc 
    $07C2:8C 07 20  STY $2007 = #$00                                               A:10 X:10 Y:80 S:FB P:NvUBdIzc 
    $07C5:BC C8 9A  LDY $9AC8,X @ $9AD8 = #$1D                                     A:10 X:10 Y:80 S:FB P:NvUBdIzc 
    $07C8:8C 07 20  STY $2007 = #$00                                               A:10 X:10 Y:1D S:FB P:nvUBdIzc 
    $07CB:BC C9 9A  LDY $9AC9,X @ $9AD9 = #$1D                                     A:10 X:10 Y:1D S:FB P:nvUBdIzc 
    $07CE:8C 07 20  STY $2007 = #$00                                               A:10 X:10 Y:1D S:FB P:nvUBdIzc 
    $07D1:BC CA 9A  LDY $9ACA,X @ $9ADA = #$29                                     A:10 X:10 Y:1D S:FB P:nvUBdIzc 
    $07D4:8C 07 20  STY $2007 = #$00                                               A:10 X:10 Y:29 S:FB P:nvUBdIzc 
    $07D7:BC CB 9A  LDY $9ACB,X @ $9ADB = #$72                                     A:10 X:10 Y:29 S:FB P:nvUBdIzc 
    $07DA:8C 07 20  STY $2007 = #$00                                               A:10 X:10 Y:72 S:FB P:nvUBdIzc 
    $07DD:BC CC 9A  LDY $9ACC,X @ $9ADC = #$20                                     A:10 X:10 Y:72 S:FB P:nvUBdIzc 
    $07E0:8C 07 20  STY $2007 = #$00                                               A:10 X:10 Y:20 S:FB P:nvUBdIzc 
    $07E3:BC CD 9A  LDY $9ACD,X @ $9ADD = #$40                                     A:10 X:10 Y:20 S:FB P:nvUBdIzc 
    $07E6:8C 07 20  STY $2007 = #$00                                               A:10 X:10 Y:40 S:FB P:nvUBdIzc 
    $07E9:BC CE 9A  LDY $9ACE,X @ $9ADE = #$00                                     A:10 X:10 Y:40 S:FB P:nvUBdIzc 
    $07EC:8C 07 20  STY $2007 = #$00                                               A:10 X:10 Y:00 S:FB P:nvUBdIZc 
    $07EF:BC CF 9A  LDY $9ACF,X @ $9ADF = #$00                                     A:10 X:10 Y:00 S:FB P:nvUBdIZc 
    $07F2:8C 07 20  STY $2007 = #$00                                               A:10 X:10 Y:00 S:FB P:nvUBdIZc 
    $07F5:69 10     ADC #$10                                                       A:10 X:10 Y:00 S:FB P:nvUBdIZc 
    $07F7:AA        TAX                                                            A:20 X:10 Y:00 S:FB P:nvUBdIzc 
    $07F8:D0 9B     BNE $0795                                                      A:20 X:20 Y:00 S:FB P:nvUBdIzc 
    $0795:BC C0 9A  LDY $9AC0,X @ $9AE0 = #$00                                     A:20 X:20 Y:00 S:FB P:nvUBdIzc 
    $0798:8C 07 20  STY $2007 = #$00                                               A:20 X:20 Y:00 S:FB P:nvUBdIZc 
    $079B:BC C1 9A  LDY $9AC1,X @ $9AE1 = #$00                                     A:20 X:20 Y:00 S:FB P:nvUBdIZc 
    $079E:8C 07 20  STY $2007 = #$00                                               A:20 X:20 Y:00 S:FB P:nvUBdIZc 
    $07A1:BC C2 9A  LDY $9AC2,X @ $9AE2 = #$00                                     A:20 X:20 Y:00 S:FB P:nvUBdIZc 
    $07A4:8C 07 20  STY $2007 = #$00                                               A:20 X:20 Y:00 S:FB P:nvUBdIZc 
    $07A7:BC C3 9A  LDY $9AC3,X @ $9AE3 = #$00                                     A:20 X:20 Y:00 S:FB P:nvUBdIZc 
    $07AA:8C 07 20  STY $2007 = #$00                                               A:20 X:20 Y:00 S:FB P:nvUBdIZc 
    $07AD:BC C4 9A  LDY $9AC4,X @ $9AE4 = #$04                                     A:20 X:20 Y:00 S:FB P:nvUBdIZc 
    $07B0:8C 07 20  STY $2007 = #$00                                               A:20 X:20 Y:04 S:FB P:nvUBdIzc 
    $07B3:BC C5 9A  LDY $9AC5,X @ $9AE5 = #$3E                                     A:20 X:20 Y:04 S:FB P:nvUBdIzc 
    $07B6:8C 07 20  STY $2007 = #$00                                               A:20 X:20 Y:3E S:FB P:nvUBdIzc 
    $07B9:BC C6 9A  LDY $9AC6,X @ $9AE6 = #$6F                                     A:20 X:20 Y:3E S:FB P:nvUBdIzc 
    $07BC:8C 07 20  STY $2007 = #$00                                               A:20 X:20 Y:6F S:FB P:nvUBdIzc 
    $07BF:BC C7 9A  LDY $9AC7,X @ $9AE7 = #$DF                                     A:20 X:20 Y:6F S:FB P:nvUBdIzc 
    $07C2:8C 07 20  STY $2007 = #$00                                               A:20 X:20 Y:DF S:FB P:NvUBdIzc 
    $07C5:BC C8 9A  LDY $9AC8,X @ $9AE8 = #$00                                     A:20 X:20 Y:DF S:FB P:NvUBdIzc 
    $07C8:8C 07 20  STY $2007 = #$00                                               A:20 X:20 Y:00 S:FB P:nvUBdIZc 
    $07CB:BC C9 9A  LDY $9AC9,X @ $9AE9 = #$00                                     A:20 X:20 Y:00 S:FB P:nvUBdIZc 
    $07CE:8C 07 20  STY $2007 = #$00                                               A:20 X:20 Y:00 S:FB P:nvUBdIZc 
    $07D1:BC CA 9A  LDY $9ACA,X @ $9AEA = #$00                                     A:20 X:20 Y:00 S:FB P:nvUBdIZc 
    $07D4:8C 07 20  STY $2007 = #$00                                               A:20 X:20 Y:00 S:FB P:nvUBdIZc 
    $07D7:BC CB 9A  LDY $9ACB,X @ $9AEB = #$00                                     A:20 X:20 Y:00 S:FB P:nvUBdIZc 
    $07DA:8C 07 20  STY $2007 = #$00                                               A:20 X:20 Y:00 S:FB P:nvUBdIZc 
    $07DD:BC CC 9A  LDY $9ACC,X @ $9AEC = #$00                                     A:20 X:20 Y:00 S:FB P:nvUBdIZc 
    $07E0:8C 07 20  STY $2007 = #$00                                               A:20 X:20 Y:00 S:FB P:nvUBdIZc 
    $07E3:BC CD 9A  LDY $9ACD,X @ $9AED = #$04                                     A:20 X:20 Y:00 S:FB P:nvUBdIZc 
    $07E6:8C 07 20  STY $2007 = #$00                                               A:20 X:20 Y:04 S:FB P:nvUBdIzc 
    $07E9:BC CE 9A  LDY $9ACE,X @ $9AEE = #$30                                     A:20 X:20 Y:04 S:FB P:nvUBdIzc 
    $07EC:8C 07 20  STY $2007 = #$00                                               A:20 X:20 Y:30 S:FB P:nvUBdIzc 
    $07EF:BC CF 9A  LDY $9ACF,X @ $9AEF = #$60                                     A:20 X:20 Y:30 S:FB P:nvUBdIzc 
    $07F2:8C 07 20  STY $2007 = #$00                                               A:20 X:20 Y:60 S:FB P:nvUBdIzc 
    $07F5:69 10     ADC #$10                                                       A:20 X:20 Y:60 S:FB P:nvUBdIzc 
    $07F7:AA        TAX                                                            A:30 X:20 Y:60 S:FB P:nvUBdIzc 
    $07F8:D0 9B     BNE $0795                                                      A:30 X:30 Y:60 S:FB P:nvUBdIzc 
    $0795:BC C0 9A  LDY $9AC0,X @ $9AF0 = #$3F                                     A:30 X:30 Y:60 S:FB P:nvUBdIzc 
    $0798:8C 07 20  STY $2007 = #$00                                               A:30 X:30 Y:3F S:FB P:nvUBdIzc 
    $079B:BC C1 9A  LDY $9AC1,X @ $9AF1 = #$7F                                     A:30 X:30 Y:3F S:FB P:nvUBdIzc 
    $079E:8C 07 20  STY $2007 = #$00                                               A:30 X:30 Y:7F S:FB P:nvUBdIzc 
    $07A1:BC C2 9A  LDY $9AC2,X @ $9AF2 = #$FC                                     A:30 X:30 Y:7F S:FB P:nvUBdIzc 
    $07A4:8C 07 20  STY $2007 = #$00                                               A:30 X:30 Y:FC S:FB P:NvUBdIzc 
    $07A7:BC C3 9A  LDY $9AC3,X @ $9AF3 = #$4B                                     A:30 X:30 Y:FC S:FB P:NvUBdIzc 
    $07AA:8C 07 20  STY $2007 = #$00                                               A:30 X:30 Y:4B S:FB P:nvUBdIzc 
    $07AD:BC C4 9A  LDY $9AC4,X @ $9AF4 = #$FA                                     A:30 X:30 Y:4B S:FB P:nvUBdIzc 
    $07B0:8C 07 20  STY $2007 = #$00                                               A:30 X:30 Y:FA S:FB P:NvUBdIzc 
    $07B3:BC C5 9A  LDY $9AC5,X @ $9AF5 = #$5C                                     A:30 X:30 Y:FA S:FB P:NvUBdIzc 
    $07B6:8C 07 20  STY $2007 = #$00                                               A:30 X:30 Y:5C S:FB P:nvUBdIzc 
    $07B9:BC C6 9A  LDY $9AC6,X @ $9AF6 = #$08                                     A:30 X:30 Y:5C S:FB P:nvUBdIzc 
    $07BC:8C 07 20  STY $2007 = #$00                                               A:30 X:30 Y:08 S:FB P:nvUBdIzc 
    $07BF:BC C7 9A  LDY $9AC7,X @ $9AF7 = #$00                                     A:30 X:30 Y:08 S:FB P:nvUBdIzc 
    $07C2:8C 07 20  STY $2007 = #$00                                               A:30 X:30 Y:00 S:FB P:nvUBdIZc 
    $07C5:BC C8 9A  LDY $9AC8,X @ $9AF8 = #$01                                     A:30 X:30 Y:00 S:FB P:nvUBdIZc 
    $07C8:8C 07 20  STY $2007 = #$00                                               A:30 X:30 Y:01 S:FB P:nvUBdIzc 
    $07CB:BC C9 9A  LDY $9AC9,X @ $9AF9 = #$3F                                     A:30 X:30 Y:01 S:FB P:nvUBdIzc 
    $07CE:8C 07 20  STY $2007 = #$00                                               A:30 X:30 Y:3F S:FB P:nvUBdIzc 
    $07D1:BC CA 9A  LDY $9ACA,X @ $9AFA = #$7F                                     A:30 X:30 Y:3F S:FB P:nvUBdIzc 
    $07D4:8C 07 20  STY $2007 = #$00                                               A:30 X:30 Y:7F S:FB P:nvUBdIzc 
    $07D7:BC CB 9A  LDY $9ACB,X @ $9AFB = #$3C                                     A:30 X:30 Y:7F S:FB P:nvUBdIzc 
    $07DA:8C 07 20  STY $2007 = #$00                                               A:30 X:30 Y:3C S:FB P:nvUBdIzc 
    $07DD:BC CC 9A  LDY $9ACC,X @ $9AFC = #$4C                                     A:30 X:30 Y:3C S:FB P:nvUBdIzc 
    $07E0:8C 07 20  STY $2007 = #$00                                               A:30 X:30 Y:4C S:FB P:nvUBdIzc 
    $07E3:BC CD 9A  LDY $9ACD,X @ $9AFD = #$08                                     A:30 X:30 Y:4C S:FB P:nvUBdIzc 
    $07E6:8C 07 20  STY $2007 = #$00                                               A:30 X:30 Y:08 S:FB P:nvUBdIzc 
    $07E9:BC CE 9A  LDY $9ACE,X @ $9AFE = #$00                                     A:30 X:30 Y:08 S:FB P:nvUBdIzc 
    $07EC:8C 07 20  STY $2007 = #$00                                               A:30 X:30 Y:00 S:FB P:nvUBdIZc 
    $07EF:BC CF 9A  LDY $9ACF,X @ $9AFF = #$00                                     A:30 X:30 Y:00 S:FB P:nvUBdIZc 
    $07F2:8C 07 20  STY $2007 = #$00                                               A:30 X:30 Y:00 S:FB P:nvUBdIZc 
    $07F5:69 10     ADC #$10                                                       A:30 X:30 Y:00 S:FB P:nvUBdIZc 
    $07F7:AA        TAX                                                            A:40 X:30 Y:00 S:FB P:nvUBdIzc 
    $07F8:D0 9B     BNE $0795                                                      A:40 X:40 Y:00 S:FB P:nvUBdIzc 
    $0795:BC C0 9A  LDY $9AC0,X @ $9B00 = #$A7                                     A:40 X:40 Y:00 S:FB P:nvUBdIzc 
    $0798:8C 07 20  STY $2007 = #$00                                               A:40 X:40 Y:A7 S:FB P:NvUBdIzc 
    $079B:BC C1 9A  LDY $9AC1,X @ $9B01 = #$2F                                     A:40 X:40 Y:A7 S:FB P:NvUBdIzc 
    $079E:8C 07 20  STY $2007 = #$00                                               A:40 X:40 Y:2F S:FB P:nvUBdIzc 
    $07A1:BC C2 9A  LDY $9AC2,X @ $9B02 = #$4F                                     A:40 X:40 Y:2F S:FB P:nvUBdIzc 
    $07A4:8C 07 20  STY $2007 = #$00                                               A:40 X:40 Y:4F S:FB P:nvUBdIzc 
    $07A7:BC C3 9A  LDY $9AC3,X @ $9B03 = #$CF                                     A:40 X:40 Y:4F S:FB P:nvUBdIzc 
    $07AA:8C 07 20  STY $2007 = #$00                                               A:40 X:40 Y:CF S:FB P:NvUBdIzc 
    $07AD:BC C4 9A  LDY $9AC4,X @ $9B04 = #$4E                                     A:40 X:40 Y:CF S:FB P:NvUBdIzc 
    $07B0:8C 07 20  STY $2007 = #$00                                               A:40 X:40 Y:4E S:FB P:nvUBdIzc 
    $07B3:BC C5 9A  LDY $9AC5,X @ $9B05 = #$45                                     A:40 X:40 Y:4E S:FB P:nvUBdIzc 
    $07B6:8C 07 20  STY $2007 = #$00                                               A:40 X:40 Y:45 S:FB P:nvUBdIzc 
    $07B9:BC C6 9A  LDY $9AC6,X @ $9B06 = #$A1                                     A:40 X:40 Y:45 S:FB P:nvUBdIzc 
    $07BC:8C 07 20  STY $2007 = #$00                                               A:40 X:40 Y:A1 S:FB P:NvUBdIzc 
    $07BF:BC C7 9A  LDY $9AC7,X @ $9B07 = #$81                                     A:40 X:40 Y:A1 S:FB P:NvUBdIzc 
    $07C2:8C 07 20  STY $2007 = #$00                                               A:40 X:40 Y:81 S:FB P:NvUBdIzc 
    $07C5:BC C8 9A  LDY $9AC8,X @ $9B08 = #$DE                                     A:40 X:40 Y:81 S:FB P:NvUBdIzc 
    $07C8:8C 07 20  STY $2007 = #$00                                               A:40 X:40 Y:DE S:FB P:NvUBdIzc 
    $07CB:BC C9 9A  LDY $9AC9,X @ $9B09 = #$DE                                     A:40 X:40 Y:DE S:FB P:NvUBdIzc 
    $07CE:8C 07 20  STY $2007 = #$00                                               A:40 X:40 Y:DE S:FB P:NvUBdIzc 
    $07D1:BC CA 9A  LDY $9ACA,X @ $9B0A = #$BE                                     A:40 X:40 Y:DE S:FB P:NvUBdIzc 
    $07D4:8C 07 20  STY $2007 = #$00                                               A:40 X:40 Y:BE S:FB P:NvUBdIzc 
    $07D7:BC CB 9A  LDY $9ACB,X @ $9B0B = #$3F                                     A:40 X:40 Y:BE S:FB P:NvUBdIzc 
    $07DA:8C 07 20  STY $2007 = #$00                                               A:40 X:40 Y:3F S:FB P:nvUBdIzc 
    $07DD:BC CC 9A  LDY $9ACC,X @ $9B0C = #$3F                                     A:40 X:40 Y:3F S:FB P:nvUBdIzc 
    $07E0:8C 07 20  STY $2007 = #$00                                               A:40 X:40 Y:3F S:FB P:nvUBdIzc 
    $07E3:BC CD 9A  LDY $9ACD,X @ $9B0D = #$3E                                     A:40 X:40 Y:3F S:FB P:nvUBdIzc 
    $07E6:8C 07 20  STY $2007 = #$00                                               A:40 X:40 Y:3E S:FB P:nvUBdIzc 
    $07E9:BC CE 9A  LDY $9ACE,X @ $9B0E = #$7E                                     A:40 X:40 Y:3E S:FB P:nvUBdIzc 
    $07EC:8C 07 20  STY $2007 = #$00                                               A:40 X:40 Y:7E S:FB P:nvUBdIzc 
    $07EF:BC CF 9A  LDY $9ACF,X @ $9B0F = #$7E                                     A:40 X:40 Y:7E S:FB P:nvUBdIzc 
    $07F2:8C 07 20  STY $2007 = #$00                                               A:40 X:40 Y:7E S:FB P:nvUBdIzc 
    $07F5:69 10     ADC #$10                                                       A:40 X:40 Y:7E S:FB P:nvUBdIzc 
    $07F7:AA        TAX                                                            A:50 X:40 Y:7E S:FB P:nvUBdIzc 
    $07F8:D0 9B     BNE $0795                                                      A:50 X:50 Y:7E S:FB P:nvUBdIzc 
    $0795:BC C0 9A  LDY $9AC0,X @ $9B10 = #$70                                     A:50 X:50 Y:7E S:FB P:nvUBdIzc 
    $0798:8C 07 20  STY $2007 = #$00                                               A:50 X:50 Y:70 S:FB P:nvUBdIzc 
    $079B:BC C1 9A  LDY $9AC1,X @ $9B11 = #$F0                                     A:50 X:50 Y:70 S:FB P:nvUBdIzc 
    $079E:8C 07 20  STY $2007 = #$00                                               A:50 X:50 Y:F0 S:FB P:NvUBdIzc 
    $07A1:BC C2 9A  LDY $9AC2,X @ $9B12 = #$F8                                     A:50 X:50 Y:F0 S:FB P:NvUBdIzc 
    $07A4:8C 07 20  STY $2007 = #$00                                               A:50 X:50 Y:F8 S:FB P:NvUBdIzc 
    $07A7:BC C3 9A  LDY $9AC3,X @ $9B13 = #$FC                                     A:50 X:50 Y:F8 S:FB P:NvUBdIzc 
    $07AA:8C 07 20  STY $2007 = #$00                                               A:50 X:50 Y:FC S:FB P:NvUBdIzc 
    $07AD:BC C4 9A  LDY $9AC4,X @ $9B14 = #$E6                                     A:50 X:50 Y:FC S:FB P:NvUBdIzc 
    $07B0:8C 07 20  STY $2007 = #$00                                               A:50 X:50 Y:E6 S:FB P:NvUBdIzc 
    $07B3:BC C5 9A  LDY $9AC5,X @ $9B15 = #$52                                     A:50 X:50 Y:E6 S:FB P:NvUBdIzc 
    $07B6:8C 07 20  STY $2007 = #$00                                               A:50 X:50 Y:52 S:FB P:nvUBdIzc 
    $07B9:BC C6 9A  LDY $9AC6,X @ $9B16 = #$1B                                     A:50 X:50 Y:52 S:FB P:nvUBdIzc 
    $07BC:8C 07 20  STY $2007 = #$00                                               A:50 X:50 Y:1B S:FB P:nvUBdIzc 
    $07BF:BC C7 9A  LDY $9AC7,X @ $9B17 = #$1B                                     A:50 X:50 Y:1B S:FB P:nvUBdIzc 
    $07C2:8C 07 20  STY $2007 = #$00                                               A:50 X:50 Y:1B S:FB P:nvUBdIzc 
    $07C5:BC C8 9A  LDY $9AC8,X @ $9B18 = #$E0                                     A:50 X:50 Y:1B S:FB P:nvUBdIzc 
    $07C8:8C 07 20  STY $2007 = #$00                                               A:50 X:50 Y:E0 S:FB P:NvUBdIzc 
    $07CB:BC C9 9A  LDY $9AC9,X @ $9B19 = #$E0                                     A:50 X:50 Y:E0 S:FB P:NvUBdIzc 
    $07CE:8C 07 20  STY $2007 = #$00                                               A:50 X:50 Y:E0 S:FB P:NvUBdIzc 
    $07D1:BC CA 9A  LDY $9ACA,X @ $9B1A = #$E0                                     A:50 X:50 Y:E0 S:FB P:NvUBdIzc 
    $07D4:8C 07 20  STY $2007 = #$00                                               A:50 X:50 Y:E0 S:FB P:NvUBdIzc 
    $07D7:BC CB 9A  LDY $9ACB,X @ $9B1B = #$F8                                     A:50 X:50 Y:E0 S:FB P:NvUBdIzc 
    $07DA:8C 07 20  STY $2007 = #$00                                               A:50 X:50 Y:F8 S:FB P:NvUBdIzc 
    $07DD:BC CC 9A  LDY $9ACC,X @ $9B1C = #$FC                                     A:50 X:50 Y:F8 S:FB P:NvUBdIzc 
    $07E0:8C 07 20  STY $2007 = #$00                                               A:50 X:50 Y:FC S:FB P:NvUBdIzc 
    $07E3:BC CD 9A  LDY $9ACD,X @ $9B1D = #$EC                                     A:50 X:50 Y:FC S:FB P:NvUBdIzc 
    $07E6:8C 07 20  STY $2007 = #$00                                               A:50 X:50 Y:EC S:FB P:NvUBdIzc 
    $07E9:BC CE 9A  LDY $9ACE,X @ $9B1E = #$E6                                     A:50 X:50 Y:EC S:FB P:NvUBdIzc 
    $07EC:8C 07 20  STY $2007 = #$00                                               A:50 X:50 Y:E6 S:FB P:NvUBdIzc 
    $07EF:BC CF 9A  LDY $9ACF,X @ $9B1F = #$E6                                     A:50 X:50 Y:E6 S:FB P:NvUBdIzc 
    $07F2:8C 07 20  STY $2007 = #$00                                               A:50 X:50 Y:E6 S:FB P:NvUBdIzc 
    $07F5:69 10     ADC #$10                                                       A:50 X:50 Y:E6 S:FB P:NvUBdIzc 
    $07F7:AA        TAX                                                            A:60 X:50 Y:E6 S:FB P:nvUBdIzc 
    $07F8:D0 9B     BNE $0795                                                      A:60 X:60 Y:E6 S:FB P:nvUBdIzc 
    $0795:BC C0 9A  LDY $9AC0,X @ $9B20 = #$05                                     A:60 X:60 Y:E6 S:FB P:nvUBdIzc 
    $0798:8C 07 20  STY $2007 = #$00                                               A:60 X:60 Y:05 S:FB P:nvUBdIzc 
    $079B:BC C1 9A  LDY $9AC1,X @ $9B21 = #$05                                     A:60 X:60 Y:05 S:FB P:nvUBdIzc 
    $079E:8C 07 20  STY $2007 = #$00                                               A:60 X:60 Y:05 S:FB P:nvUBdIzc 
    $07A1:BC C2 9A  LDY $9AC2,X @ $9B22 = #$0D                                     A:60 X:60 Y:05 S:FB P:nvUBdIzc 
    $07A4:8C 07 20  STY $2007 = #$00                                               A:60 X:60 Y:0D S:FB P:nvUBdIzc 
    $07A7:BC C3 9A  LDY $9AC3,X @ $9B23 = #$12                                     A:60 X:60 Y:0D S:FB P:nvUBdIzc 
    $07AA:8C 07 20  STY $2007 = #$00                                               A:60 X:60 Y:12 S:FB P:nvUBdIzc 
    $07AD:BC C4 9A  LDY $9AC4,X @ $9B24 = #$2C                                     A:60 X:60 Y:12 S:FB P:nvUBdIzc 
    $07B0:8C 07 20  STY $2007 = #$00                                               A:60 X:60 Y:2C S:FB P:nvUBdIzc 
    $07B3:BC C5 9A  LDY $9AC5,X @ $9B25 = #$5C                                     A:60 X:60 Y:2C S:FB P:nvUBdIzc 
    $07B6:8C 07 20  STY $2007 = #$00                                               A:60 X:60 Y:5C S:FB P:nvUBdIzc 
    $07B9:BC C6 9A  LDY $9AC6,X @ $9B26 = #$B8                                     A:60 X:60 Y:5C S:FB P:nvUBdIzc 
    $07BC:8C 07 20  STY $2007 = #$00                                               A:60 X:60 Y:B8 S:FB P:NvUBdIzc 
    $07BF:BC C7 9A  LDY $9AC7,X @ $9B27 = #$B8                                     A:60 X:60 Y:B8 S:FB P:NvUBdIzc 
    $07C2:8C 07 20  STY $2007 = #$00                                               A:60 X:60 Y:B8 S:FB P:NvUBdIzc 
    $07C5:BC C8 9A  LDY $9AC8,X @ $9B28 = #$03                                     A:60 X:60 Y:B8 S:FB P:NvUBdIzc 
    $07C8:8C 07 20  STY $2007 = #$00                                               A:60 X:60 Y:03 S:FB P:nvUBdIzc 
    $07CB:BC C9 9A  LDY $9AC9,X @ $9B29 = #$03                                     A:60 X:60 Y:03 S:FB P:nvUBdIzc 
    $07CE:8C 07 20  STY $2007 = #$00                                               A:60 X:60 Y:03 S:FB P:nvUBdIzc 
    $07D1:BC CA 9A  LDY $9ACA,X @ $9B2A = #$03                                     A:60 X:60 Y:03 S:FB P:nvUBdIzc 
    $07D4:8C 07 20  STY $2007 = #$00                                               A:60 X:60 Y:03 S:FB P:nvUBdIzc 
    $07D7:BC CB 9A  LDY $9ACB,X @ $9B2B = #$0F                                     A:60 X:60 Y:03 S:FB P:nvUBdIzc 
    $07DA:8C 07 20  STY $2007 = #$00                                               A:60 X:60 Y:0F S:FB P:nvUBdIzc 
    $07DD:BC CC 9A  LDY $9ACC,X @ $9B2C = #$1F                                     A:60 X:60 Y:0F S:FB P:nvUBdIzc 
    $07E0:8C 07 20  STY $2007 = #$00                                               A:60 X:60 Y:1F S:FB P:nvUBdIzc 
    $07E3:BC CD 9A  LDY $9ACD,X @ $9B2D = #$3F                                     A:60 X:60 Y:1F S:FB P:nvUBdIzc 
    $07E6:8C 07 20  STY $2007 = #$00                                               A:60 X:60 Y:3F S:FB P:nvUBdIzc 
    $07E9:BC CE 9A  LDY $9ACE,X @ $9B2E = #$7F                                     A:60 X:60 Y:3F S:FB P:nvUBdIzc 
    $07EC:8C 07 20  STY $2007 = #$00                                               A:60 X:60 Y:7F S:FB P:nvUBdIzc 
    $07EF:BC CF 9A  LDY $9ACF,X @ $9B2F = #$7F                                     A:60 X:60 Y:7F S:FB P:nvUBdIzc 
    $07F2:8C 07 20  STY $2007 = #$00                                               A:60 X:60 Y:7F S:FB P:nvUBdIzc 
    $07F5:69 10     ADC #$10                                                       A:60 X:60 Y:7F S:FB P:nvUBdIzc 
    $07F7:AA        TAX                                                            A:70 X:60 Y:7F S:FB P:nvUBdIzc 
    $07F8:D0 9B     BNE $0795                                                      A:70 X:70 Y:7F S:FB P:nvUBdIzc 
    $0795:BC C0 9A  LDY $9AC0,X @ $9B30 = #$02                                     A:70 X:70 Y:7F S:FB P:nvUBdIzc 
    $0798:8C 07 20  STY $2007 = #$00                                               A:70 X:70 Y:02 S:FB P:nvUBdIzc 
    $079B:BC C1 9A  LDY $9AC1,X @ $9B31 = #$02                                     A:70 X:70 Y:02 S:FB P:nvUBdIzc 
    $079E:8C 07 20  STY $2007 = #$00                                               A:70 X:70 Y:02 S:FB P:nvUBdIzc 
    $07A1:BC C2 9A  LDY $9AC2,X @ $9B32 = #$03                                     A:70 X:70 Y:02 S:FB P:nvUBdIzc 
    $07A4:8C 07 20  STY $2007 = #$00                                               A:70 X:70 Y:03 S:FB P:nvUBdIzc 
    $07A7:BC C3 9A  LDY $9AC3,X @ $9B33 = #$00                                     A:70 X:70 Y:03 S:FB P:nvUBdIzc 
    $07AA:8C 07 20  STY $2007 = #$00                                               A:70 X:70 Y:00 S:FB P:nvUBdIZc 
    $07AD:BC C4 9A  LDY $9AC4,X @ $9B34 = #$00                                     A:70 X:70 Y:00 S:FB P:nvUBdIZc 
    $07B0:8C 07 20  STY $2007 = #$00                                               A:70 X:70 Y:00 S:FB P:nvUBdIZc 
    $07B3:BC C5 9A  LDY $9AC5,X @ $9B35 = #$21                                     A:70 X:70 Y:00 S:FB P:nvUBdIZc 
    $07B6:8C 07 20  STY $2007 = #$00                                               A:70 X:70 Y:21 S:FB P:nvUBdIzc 
    $07B9:BC C6 9A  LDY $9AC6,X @ $9B36 = #$3E                                     A:70 X:70 Y:21 S:FB P:nvUBdIzc 
    $07BC:8C 07 20  STY $2007 = #$00                                               A:70 X:70 Y:3E S:FB P:nvUBdIzc 
    $07BF:BC C7 9A  LDY $9AC7,X @ $9B37 = #$38                                     A:70 X:70 Y:3E S:FB P:nvUBdIzc 
    $07C2:8C 07 20  STY $2007 = #$00                                               A:70 X:70 Y:38 S:FB P:nvUBdIzc 
    $07C5:BC C8 9A  LDY $9AC8,X @ $9B38 = #$FD                                     A:70 X:70 Y:38 S:FB P:nvUBdIzc 
    $07C8:8C 07 20  STY $2007 = #$00                                               A:70 X:70 Y:FD S:FB P:NvUBdIzc 
    $07CB:BC C9 9A  LDY $9AC9,X @ $9B39 = #$FD                                     A:70 X:70 Y:FD S:FB P:NvUBdIzc 
    $07CE:8C 07 20  STY $2007 = #$00                                               A:70 X:70 Y:FD S:FB P:NvUBdIzc 
    $07D1:BC CA 9A  LDY $9ACA,X @ $9B3A = #$FC                                     A:70 X:70 Y:FD S:FB P:NvUBdIzc 
    $07D4:8C 07 20  STY $2007 = #$00                                               A:70 X:70 Y:FC S:FB P:NvUBdIzc 
    $07D7:BC CB 9A  LDY $9ACB,X @ $9B3B = #$FF                                     A:70 X:70 Y:FC S:FB P:NvUBdIzc 
    $07DA:8C 07 20  STY $2007 = #$00                                               A:70 X:70 Y:FF S:FB P:NvUBdIzc 
    $07DD:BC CC 9A  LDY $9ACC,X @ $9B3C = #$FF                                     A:70 X:70 Y:FF S:FB P:NvUBdIzc 
    $07E0:8C 07 20  STY $2007 = #$00                                               A:70 X:70 Y:FF S:FB P:NvUBdIzc 
    $07E3:BC CD 9A  LDY $9ACD,X @ $9B3D = #$DE                                     A:70 X:70 Y:FF S:FB P:NvUBdIzc 
    $07E6:8C 07 20  STY $2007 = #$00                                               A:70 X:70 Y:DE S:FB P:NvUBdIzc 
    $07E9:BC CE 9A  LDY $9ACE,X @ $9B3E = #$C0                                     A:70 X:70 Y:DE S:FB P:NvUBdIzc 
    $07EC:8C 07 20  STY $2007 = #$00                                               A:70 X:70 Y:C0 S:FB P:NvUBdIzc 
    $07EF:BC CF 9A  LDY $9ACF,X @ $9B3F = #$C0                                     A:70 X:70 Y:C0 S:FB P:NvUBdIzc 
    $07F2:8C 07 20  STY $2007 = #$00                                               A:70 X:70 Y:C0 S:FB P:NvUBdIzc 
    $07F5:69 10     ADC #$10                                                       A:70 X:70 Y:C0 S:FB P:NvUBdIzc 
    $07F7:AA        TAX                                                            A:80 X:70 Y:C0 S:FB P:NVUBdIzc 
    $07F8:D0 9B     BNE $0795                                                      A:80 X:80 Y:C0 S:FB P:NVUBdIzc 
    $0795:BC C0 9A  LDY $9AC0,X @ $9B40 = #$12                                     A:80 X:80 Y:C0 S:FB P:NVUBdIzc 
    $0798:8C 07 20  STY $2007 = #$00                                               A:80 X:80 Y:12 S:FB P:nVUBdIzc 
    $079B:BC C1 9A  LDY $9AC1,X @ $9B41 = #$16                                     A:80 X:80 Y:12 S:FB P:nVUBdIzc 
    $079E:8C 07 20  STY $2007 = #$00                                               A:80 X:80 Y:16 S:FB P:nVUBdIzc 
    $07A1:BC C2 9A  LDY $9AC2,X @ $9B42 = #$1B                                     A:80 X:80 Y:16 S:FB P:nVUBdIzc 
    $07A4:8C 07 20  STY $2007 = #$00                                               A:80 X:80 Y:1B S:FB P:nVUBdIzc 
    $07A7:BC C3 9A  LDY $9AC3,X @ $9B43 = #$06                                     A:80 X:80 Y:1B S:FB P:nVUBdIzc 
    $07AA:8C 07 20  STY $2007 = #$00                                               A:80 X:80 Y:06 S:FB P:nVUBdIzc 
    $07AD:BC C4 9A  LDY $9AC4,X @ $9B44 = #$04                                     A:80 X:80 Y:06 S:FB P:nVUBdIzc 
    $07B0:8C 07 20  STY $2007 = #$00                                               A:80 X:80 Y:04 S:FB P:nVUBdIzc 
    $07B3:BC C5 9A  LDY $9AC5,X @ $9B45 = #$08                                     A:80 X:80 Y:04 S:FB P:nVUBdIzc 
    $07B6:8C 07 20  STY $2007 = #$00                                               A:80 X:80 Y:08 S:FB P:nVUBdIzc 
    $07B9:BC C6 9A  LDY $9AC6,X @ $9B46 = #$F0                                     A:80 X:80 Y:08 S:FB P:nVUBdIzc 
    $07BC:8C 07 20  STY $2007 = #$00                                               A:80 X:80 Y:F0 S:FB P:NVUBdIzc 
    $07BF:BC C7 9A  LDY $9AC7,X @ $9B47 = #$C0                                     A:80 X:80 Y:F0 S:FB P:NVUBdIzc 
    $07C2:8C 07 20  STY $2007 = #$00                                               A:80 X:80 Y:C0 S:FB P:NVUBdIzc 
    $07C5:BC C8 9A  LDY $9AC8,X @ $9B48 = #$EC                                     A:80 X:80 Y:C0 S:FB P:NVUBdIzc 
    $07C8:8C 07 20  STY $2007 = #$00                                               A:80 X:80 Y:EC S:FB P:NVUBdIzc 
    $07CB:BC C9 9A  LDY $9AC9,X @ $9B49 = #$E8                                     A:80 X:80 Y:EC S:FB P:NVUBdIzc 
    $07CE:8C 07 20  STY $2007 = #$00                                               A:80 X:80 Y:E8 S:FB P:NVUBdIzc 
    $07D1:BC CA 9A  LDY $9ACA,X @ $9B4A = #$E6                                     A:80 X:80 Y:E8 S:FB P:NVUBdIzc 
    $07D4:8C 07 20  STY $2007 = #$00                                               A:80 X:80 Y:E6 S:FB P:NVUBdIzc 
    $07D7:BC CB 9A  LDY $9ACB,X @ $9B4B = #$FC                                     A:80 X:80 Y:E6 S:FB P:NVUBdIzc 
    $07DA:8C 07 20  STY $2007 = #$00                                               A:80 X:80 Y:FC S:FB P:NVUBdIzc 
    $07DD:BC CC 9A  LDY $9ACC,X @ $9B4C = #$F8                                     A:80 X:80 Y:FC S:FB P:NVUBdIzc 
    $07E0:8C 07 20  STY $2007 = #$00                                               A:80 X:80 Y:F8 S:FB P:NVUBdIzc 
    $07E3:BC CD 9A  LDY $9ACD,X @ $9B4D = #$F0                                     A:80 X:80 Y:F8 S:FB P:NVUBdIzc 
    $07E6:8C 07 20  STY $2007 = #$00                                               A:80 X:80 Y:F0 S:FB P:NVUBdIzc 
    $07E9:BC CE 9A  LDY $9ACE,X @ $9B4E = #$00                                     A:80 X:80 Y:F0 S:FB P:NVUBdIzc 
    $07EC:8C 07 20  STY $2007 = #$00                                               A:80 X:80 Y:00 S:FB P:nVUBdIZc 
    $07EF:BC CF 9A  LDY $9ACF,X @ $9B4F = #$00                                     A:80 X:80 Y:00 S:FB P:nVUBdIZc 
    $07F2:8C 07 20  STY $2007 = #$00                                               A:80 X:80 Y:00 S:FB P:nVUBdIZc 
    $07F5:69 10     ADC #$10                                                       A:80 X:80 Y:00 S:FB P:nVUBdIZc 
    $07F7:AA        TAX                                                            A:90 X:80 Y:00 S:FB P:NvUBdIzc 
    $07F8:D0 9B     BNE $0795                                                      A:90 X:90 Y:00 S:FB P:NvUBdIzc 
    $0795:BC C0 9A  LDY $9AC0,X @ $9B50 = #$07                                     A:90 X:90 Y:00 S:FB P:NvUBdIzc 
    $0798:8C 07 20  STY $2007 = #$00                                               A:90 X:90 Y:07 S:FB P:nvUBdIzc 
    $079B:BC C1 9A  LDY $9AC1,X @ $9B51 = #$07                                     A:90 X:90 Y:07 S:FB P:nvUBdIzc 
    $079E:8C 07 20  STY $2007 = #$00                                               A:90 X:90 Y:07 S:FB P:nvUBdIzc 
    $07A1:BC C2 9A  LDY $9AC2,X @ $9B52 = #$0B                                     A:90 X:90 Y:07 S:FB P:nvUBdIzc 
    $07A4:8C 07 20  STY $2007 = #$00                                               A:90 X:90 Y:0B S:FB P:nvUBdIzc 
    $07A7:BC C3 9A  LDY $9AC3,X @ $9B53 = #$17                                     A:90 X:90 Y:0B S:FB P:nvUBdIzc 
    $07AA:8C 07 20  STY $2007 = #$00                                               A:90 X:90 Y:17 S:FB P:nvUBdIzc 
    $07AD:BC C4 9A  LDY $9AC4,X @ $9B54 = #$17                                     A:90 X:90 Y:17 S:FB P:nvUBdIzc 
    $07B0:8C 07 20  STY $2007 = #$00                                               A:90 X:90 Y:17 S:FB P:nvUBdIzc 
    $07B3:BC C5 9A  LDY $9AC5,X @ $9B55 = #$2D                                     A:90 X:90 Y:17 S:FB P:nvUBdIzc 
    $07B6:8C 07 20  STY $2007 = #$00                                               A:90 X:90 Y:2D S:FB P:nvUBdIzc 
    $07B9:BC C6 9A  LDY $9AC6,X @ $9B56 = #$68                                     A:90 X:90 Y:2D S:FB P:nvUBdIzc 
    $07BC:8C 07 20  STY $2007 = #$00                                               A:90 X:90 Y:68 S:FB P:nvUBdIzc 
    $07BF:BC C7 9A  LDY $9AC7,X @ $9B57 = #$93                                     A:90 X:90 Y:68 S:FB P:nvUBdIzc 
    $07C2:8C 07 20  STY $2007 = #$00                                               A:90 X:90 Y:93 S:FB P:NvUBdIzc 
    $07C5:BC C8 9A  LDY $9AC8,X @ $9B58 = #$03                                     A:90 X:90 Y:93 S:FB P:NvUBdIzc 
    $07C8:8C 07 20  STY $2007 = #$00                                               A:90 X:90 Y:03 S:FB P:nvUBdIzc 
    $07CB:BC C9 9A  LDY $9AC9,X @ $9B59 = #$03                                     A:90 X:90 Y:03 S:FB P:nvUBdIzc 
    $07CE:8C 07 20  STY $2007 = #$00                                               A:90 X:90 Y:03 S:FB P:nvUBdIzc 
    $07D1:BC CA 9A  LDY $9ACA,X @ $9B5A = #$05                                     A:90 X:90 Y:03 S:FB P:nvUBdIzc 
    $07D4:8C 07 20  STY $2007 = #$00                                               A:90 X:90 Y:05 S:FB P:nvUBdIzc 
    $07D7:BC CB 9A  LDY $9ACB,X @ $9B5B = #$0C                                     A:90 X:90 Y:05 S:FB P:nvUBdIzc 
    $07DA:8C 07 20  STY $2007 = #$00                                               A:90 X:90 Y:0C S:FB P:nvUBdIzc 
    $07DD:BC CC 9A  LDY $9ACC,X @ $9B5C = #$0D                                     A:90 X:90 Y:0C S:FB P:nvUBdIzc 
    $07E0:8C 07 20  STY $2007 = #$00                                               A:90 X:90 Y:0D S:FB P:nvUBdIzc 
    $07E3:BC CD 9A  LDY $9ACD,X @ $9B5D = #$1E                                     A:90 X:90 Y:0D S:FB P:nvUBdIzc 
    $07E6:8C 07 20  STY $2007 = #$00                                               A:90 X:90 Y:1E S:FB P:nvUBdIzc 
    $07E9:BC CE 9A  LDY $9ACE,X @ $9B5E = #$1F                                     A:90 X:90 Y:1E S:FB P:nvUBdIzc 
    $07EC:8C 07 20  STY $2007 = #$00                                               A:90 X:90 Y:1F S:FB P:nvUBdIzc 
    $07EF:BC CF 9A  LDY $9ACF,X @ $9B5F = #$7C                                     A:90 X:90 Y:1F S:FB P:nvUBdIzc 
    $07F2:8C 07 20  STY $2007 = #$00                                               A:90 X:90 Y:7C S:FB P:nvUBdIzc 
    $07F5:69 10     ADC #$10                                                       A:90 X:90 Y:7C S:FB P:nvUBdIzc 
    $07F7:AA        TAX                                                            A:A0 X:90 Y:7C S:FB P:NvUBdIzc 
    $07F8:D0 9B     BNE $0795                                                      A:A0 X:A0 Y:7C S:FB P:NvUBdIzc 
    $0795:BC C0 9A  LDY $9AC0,X @ $9B60 = #$C1                                     A:A0 X:A0 Y:7C S:FB P:NvUBdIzc 
    $0798:8C 07 20  STY $2007 = #$00                                               A:A0 X:A0 Y:C1 S:FB P:NvUBdIzc 
    $079B:BC C1 9A  LDY $9AC1,X @ $9B61 = #$D3                                     A:A0 X:A0 Y:C1 S:FB P:NvUBdIzc 
    $079E:8C 07 20  STY $2007 = #$00                                               A:A0 X:A0 Y:D3 S:FB P:NvUBdIzc 
    $07A1:BC C2 9A  LDY $9AC2,X @ $9B62 = #$93                                     A:A0 X:A0 Y:D3 S:FB P:NvUBdIzc 
    $07A4:8C 07 20  STY $2007 = #$00                                               A:A0 X:A0 Y:93 S:FB P:NvUBdIzc 
    $07A7:BC C3 9A  LDY $9AC3,X @ $9B63 = #$2B                                     A:A0 X:A0 Y:93 S:FB P:NvUBdIzc 
    $07AA:8C 07 20  STY $2007 = #$00                                               A:A0 X:A0 Y:2B S:FB P:nvUBdIzc 
    $07AD:BC C4 9A  LDY $9AC4,X @ $9B64 = #$F7                                     A:A0 X:A0 Y:2B S:FB P:nvUBdIzc 
    $07B0:8C 07 20  STY $2007 = #$00                                               A:A0 X:A0 Y:F7 S:FB P:NvUBdIzc 
    $07B3:BC C5 9A  LDY $9AC5,X @ $9B65 = #$E7                                     A:A0 X:A0 Y:F7 S:FB P:NvUBdIzc 
    $07B6:8C 07 20  STY $2007 = #$00                                               A:A0 X:A0 Y:E7 S:FB P:NvUBdIzc 
    $07B9:BC C6 9A  LDY $9AC6,X @ $9B66 = #$EC                                     A:A0 X:A0 Y:E7 S:FB P:NvUBdIzc 
    $07BC:8C 07 20  STY $2007 = #$00                                               A:A0 X:A0 Y:EC S:FB P:NvUBdIzc 
    $07BF:BC C7 9A  LDY $9AC7,X @ $9B67 = #$49                                     A:A0 X:A0 Y:EC S:FB P:NvUBdIzc 
    $07C2:8C 07 20  STY $2007 = #$00                                               A:A0 X:A0 Y:49 S:FB P:nvUBdIzc 
    $07C5:BC C8 9A  LDY $9AC8,X @ $9B68 = #$FF                                     A:A0 X:A0 Y:49 S:FB P:nvUBdIzc 
    $07C8:8C 07 20  STY $2007 = #$00                                               A:A0 X:A0 Y:FF S:FB P:NvUBdIzc 
    $07CB:BC C9 9A  LDY $9AC9,X @ $9B69 = #$EF                                     A:A0 X:A0 Y:FF S:FB P:NvUBdIzc 
    $07CE:8C 07 20  STY $2007 = #$00                                               A:A0 X:A0 Y:EF S:FB P:NvUBdIzc 
    $07D1:BC CA 9A  LDY $9ACA,X @ $9B6A = #$EF                                     A:A0 X:A0 Y:EF S:FB P:NvUBdIzc 
    $07D4:8C 07 20  STY $2007 = #$00                                               A:A0 X:A0 Y:EF S:FB P:NvUBdIzc 
    $07D7:BC CB 9A  LDY $9ACB,X @ $9B6B = #$C4                                     A:A0 X:A0 Y:EF S:FB P:NvUBdIzc 
    $07DA:8C 07 20  STY $2007 = #$00                                               A:A0 X:A0 Y:C4 S:FB P:NvUBdIzc 
    $07DD:BC CC 9A  LDY $9ACC,X @ $9B6C = #$09                                     A:A0 X:A0 Y:C4 S:FB P:NvUBdIzc 
    $07E0:8C 07 20  STY $2007 = #$00                                               A:A0 X:A0 Y:09 S:FB P:nvUBdIzc 
    $07E3:BC CD 9A  LDY $9ACD,X @ $9B6D = #$5C                                     A:A0 X:A0 Y:09 S:FB P:nvUBdIzc 
    $07E6:8C 07 20  STY $2007 = #$00                                               A:A0 X:A0 Y:5C S:FB P:nvUBdIzc 
    $07E9:BC CE 9A  LDY $9ACE,X @ $9B6E = #$1F                                     A:A0 X:A0 Y:5C S:FB P:nvUBdIzc 
    $07EC:8C 07 20  STY $2007 = #$00                                               A:A0 X:A0 Y:1F S:FB P:nvUBdIzc 
    $07EF:BC CF 9A  LDY $9ACF,X @ $9B6F = #$3E                                     A:A0 X:A0 Y:1F S:FB P:nvUBdIzc 
    $07F2:8C 07 20  STY $2007 = #$00                                               A:A0 X:A0 Y:3E S:FB P:nvUBdIzc 
    $07F5:69 10     ADC #$10                                                       A:A0 X:A0 Y:3E S:FB P:nvUBdIzc 
    $07F7:AA        TAX                                                            A:B0 X:A0 Y:3E S:FB P:NvUBdIzc 
    $07F8:D0 9B     BNE $0795                                                      A:B0 X:B0 Y:3E S:FB P:NvUBdIzc 
    $0795:BC C0 9A  LDY $9AC0,X @ $9B70 = #$0A                                     A:B0 X:B0 Y:3E S:FB P:NvUBdIzc 
    $0798:8C 07 20  STY $2007 = #$00                                               A:B0 X:B0 Y:0A S:FB P:nvUBdIzc 
    $079B:BC C1 9A  LDY $9AC1,X @ $9B71 = #$9E                                     A:B0 X:B0 Y:0A S:FB P:nvUBdIzc 
    $079E:8C 07 20  STY $2007 = #$00                                               A:B0 X:B0 Y:9E S:FB P:NvUBdIzc 
    $07A1:BC C2 9A  LDY $9AC2,X @ $9B72 = #$9E                                     A:B0 X:B0 Y:9E S:FB P:NvUBdIzc 
    $07A4:8C 07 20  STY $2007 = #$00                                               A:B0 X:B0 Y:9E S:FB P:NvUBdIzc 
    $07A7:BC C3 9A  LDY $9AC3,X @ $9B73 = #$5E                                     A:B0 X:B0 Y:9E S:FB P:NvUBdIzc 
    $07AA:8C 07 20  STY $2007 = #$00                                               A:B0 X:B0 Y:5E S:FB P:nvUBdIzc 
    $07AD:BC C4 9A  LDY $9AC4,X @ $9B74 = #$BF                                     A:B0 X:B0 Y:5E S:FB P:nvUBdIzc 
    $07B0:8C 07 20  STY $2007 = #$00                                               A:B0 X:B0 Y:BF S:FB P:NvUBdIzc 
    $07B3:BC C5 9A  LDY $9AC5,X @ $9B75 = #$3E                                     A:B0 X:B0 Y:BF S:FB P:NvUBdIzc 
    $07B6:8C 07 20  STY $2007 = #$00                                               A:B0 X:B0 Y:3E S:FB P:nvUBdIzc 
    $07B9:BC C6 9A  LDY $9AC6,X @ $9B76 = #$64                                     A:B0 X:B0 Y:3E S:FB P:nvUBdIzc 
    $07BC:8C 07 20  STY $2007 = #$00                                               A:B0 X:B0 Y:64 S:FB P:nvUBdIzc 
    $07BF:BC C7 9A  LDY $9AC7,X @ $9B77 = #$48                                     A:B0 X:B0 Y:64 S:FB P:nvUBdIzc 
    $07C2:8C 07 20  STY $2007 = #$00                                               A:B0 X:B0 Y:48 S:FB P:nvUBdIzc 
    $07C5:BC C8 9A  LDY $9AC8,X @ $9B78 = #$FC                                     A:B0 X:B0 Y:48 S:FB P:nvUBdIzc 
    $07C8:8C 07 20  STY $2007 = #$00                                               A:B0 X:B0 Y:FC S:FB P:NvUBdIzc 
    $07CB:BC C9 9A  LDY $9AC9,X @ $9B79 = #$7C                                     A:B0 X:B0 Y:FC S:FB P:NvUBdIzc 
    $07CE:8C 07 20  STY $2007 = #$00                                               A:B0 X:B0 Y:7C S:FB P:nvUBdIzc 
    $07D1:BC CA 9A  LDY $9ACA,X @ $9B7A = #$78                                     A:B0 X:B0 Y:7C S:FB P:nvUBdIzc 
    $07D4:8C 07 20  STY $2007 = #$00                                               A:B0 X:B0 Y:78 S:FB P:nvUBdIzc 
    $07D7:BC CB 9A  LDY $9ACB,X @ $9B7B = #$20                                     A:B0 X:B0 Y:78 S:FB P:nvUBdIzc 
    $07DA:8C 07 20  STY $2007 = #$00                                               A:B0 X:B0 Y:20 S:FB P:nvUBdIzc 
    $07DD:BC CC 9A  LDY $9ACC,X @ $9B7C = #$4A                                     A:B0 X:B0 Y:20 S:FB P:nvUBdIzc 
    $07E0:8C 07 20  STY $2007 = #$00                                               A:B0 X:B0 Y:4A S:FB P:nvUBdIzc 
    $07E3:BC CD 9A  LDY $9ACD,X @ $9B7D = #$E0                                     A:B0 X:B0 Y:4A S:FB P:nvUBdIzc 
    $07E6:8C 07 20  STY $2007 = #$00                                               A:B0 X:B0 Y:E0 S:FB P:NvUBdIzc 
    $07E9:BC CE 9A  LDY $9ACE,X @ $9B7E = #$F8                                     A:B0 X:B0 Y:E0 S:FB P:NvUBdIzc 
    $07EC:8C 07 20  STY $2007 = #$00                                               A:B0 X:B0 Y:F8 S:FB P:NvUBdIzc 
    $07EF:BC CF 9A  LDY $9ACF,X @ $9B7F = #$F0                                     A:B0 X:B0 Y:F8 S:FB P:NvUBdIzc 
    $07F2:8C 07 20  STY $2007 = #$00                                               A:B0 X:B0 Y:F0 S:FB P:NvUBdIzc 
    $07F5:69 10     ADC #$10                                                       A:B0 X:B0 Y:F0 S:FB P:NvUBdIzc 
    $07F7:AA        TAX                                                            A:C0 X:B0 Y:F0 S:FB P:NvUBdIzc 
    $07F8:D0 9B     BNE $0795                                                      A:C0 X:C0 Y:F0 S:FB P:NvUBdIzc 
    $0795:BC C0 9A  LDY $9AC0,X @ $9B80 = #$2C                                     A:C0 X:C0 Y:F0 S:FB P:NvUBdIzc 
    $0798:8C 07 20  STY $2007 = #$00                                               A:C0 X:C0 Y:2C S:FB P:nvUBdIzc 
    $079B:BC C1 9A  LDY $9AC1,X @ $9B81 = #$3B                                     A:C0 X:C0 Y:2C S:FB P:nvUBdIzc 
    $079E:8C 07 20  STY $2007 = #$00                                               A:C0 X:C0 Y:3B S:FB P:nvUBdIzc 
    $07A1:BC C2 9A  LDY $9AC2,X @ $9B82 = #$74                                     A:C0 X:C0 Y:3B S:FB P:nvUBdIzc 
    $07A4:8C 07 20  STY $2007 = #$00                                               A:C0 X:C0 Y:74 S:FB P:nvUBdIzc 
    $07A7:BC C3 9A  LDY $9AC3,X @ $9B83 = #$77                                     A:C0 X:C0 Y:74 S:FB P:nvUBdIzc 
    $07AA:8C 07 20  STY $2007 = #$00                                               A:C0 X:C0 Y:77 S:FB P:nvUBdIzc 
    $07AD:BC C4 9A  LDY $9AC4,X @ $9B84 = #$EF                                     A:C0 X:C0 Y:77 S:FB P:nvUBdIzc 
    $07B0:8C 07 20  STY $2007 = #$00                                               A:C0 X:C0 Y:EF S:FB P:NvUBdIzc 
    $07B3:BC C5 9A  LDY $9AC5,X @ $9B85 = #$E4                                     A:C0 X:C0 Y:EF S:FB P:NvUBdIzc 
    $07B6:8C 07 20  STY $2007 = #$00                                               A:C0 X:C0 Y:E4 S:FB P:NvUBdIzc 
    $07B9:BC C6 9A  LDY $9AC6,X @ $9B86 = #$7F                                     A:C0 X:C0 Y:E4 S:FB P:NvUBdIzc 
    $07BC:8C 07 20  STY $2007 = #$00                                               A:C0 X:C0 Y:7F S:FB P:nvUBdIzc 
    $07BF:BC C7 9A  LDY $9AC7,X @ $9B87 = #$37                                     A:C0 X:C0 Y:7F S:FB P:nvUBdIzc 
    $07C2:8C 07 20  STY $2007 = #$00                                               A:C0 X:C0 Y:37 S:FB P:nvUBdIzc 
    $07C5:BC C8 9A  LDY $9AC8,X @ $9B88 = #$1F                                     A:C0 X:C0 Y:37 S:FB P:nvUBdIzc 
    $07C8:8C 07 20  STY $2007 = #$00                                               A:C0 X:C0 Y:1F S:FB P:nvUBdIzc 
    $07CB:BC C9 9A  LDY $9AC9,X @ $9B89 = #$1C                                     A:C0 X:C0 Y:1F S:FB P:nvUBdIzc 
    $07CE:8C 07 20  STY $2007 = #$00                                               A:C0 X:C0 Y:1C S:FB P:nvUBdIzc 
    $07D1:BC CA 9A  LDY $9ACA,X @ $9B8A = #$38                                     A:C0 X:C0 Y:1C S:FB P:nvUBdIzc 
    $07D4:8C 07 20  STY $2007 = #$00                                               A:C0 X:C0 Y:38 S:FB P:nvUBdIzc 
    $07D7:BC CB 9A  LDY $9ACB,X @ $9B8B = #$38                                     A:C0 X:C0 Y:38 S:FB P:nvUBdIzc 
    $07DA:8C 07 20  STY $2007 = #$00                                               A:C0 X:C0 Y:38 S:FB P:nvUBdIzc 
    $07DD:BC CC 9A  LDY $9ACC,X @ $9B8C = #$7F                                     A:C0 X:C0 Y:38 S:FB P:nvUBdIzc 
    $07E0:8C 07 20  STY $2007 = #$00                                               A:C0 X:C0 Y:7F S:FB P:nvUBdIzc 
    $07E3:BC CD 9A  LDY $9ACD,X @ $9B8D = #$7F                                     A:C0 X:C0 Y:7F S:FB P:nvUBdIzc 
    $07E6:8C 07 20  STY $2007 = #$00                                               A:C0 X:C0 Y:7F S:FB P:nvUBdIzc 
    $07E9:BC CE 9A  LDY $9ACE,X @ $9B8E = #$37                                     A:C0 X:C0 Y:7F S:FB P:nvUBdIzc 
    $07EC:8C 07 20  STY $2007 = #$00                                               A:C0 X:C0 Y:37 S:FB P:nvUBdIzc 
    $07EF:BC CF 9A  LDY $9ACF,X @ $9B8F = #$00                                     A:C0 X:C0 Y:37 S:FB P:nvUBdIzc 
    $07F2:8C 07 20  STY $2007 = #$00                                               A:C0 X:C0 Y:00 S:FB P:nvUBdIZc 
    $07F5:69 10     ADC #$10                                                       A:C0 X:C0 Y:00 S:FB P:nvUBdIZc 
    $07F7:AA        TAX                                                            A:D0 X:C0 Y:00 S:FB P:NvUBdIzc 
    $07F8:D0 9B     BNE $0795                                                      A:D0 X:D0 Y:00 S:FB P:NvUBdIzc 
    $0795:BC C0 9A  LDY $9AC0,X @ $9B90 = #$8B                                     A:D0 X:D0 Y:00 S:FB P:NvUBdIzc 
    $0798:8C 07 20  STY $2007 = #$00                                               A:D0 X:D0 Y:8B S:FB P:NvUBdIzc 
    $079B:BC C1 9A  LDY $9AC1,X @ $9B91 = #$0A                                     A:D0 X:D0 Y:8B S:FB P:NvUBdIzc 
    $079E:8C 07 20  STY $2007 = #$00                                               A:D0 X:D0 Y:0A S:FB P:nvUBdIzc 
    $07A1:BC C2 9A  LDY $9AC2,X @ $9B92 = #$0B                                     A:D0 X:D0 Y:0A S:FB P:nvUBdIzc 
    $07A4:8C 07 20  STY $2007 = #$00                                               A:D0 X:D0 Y:0B S:FB P:nvUBdIzc 
    $07A7:BC C3 9A  LDY $9AC3,X @ $9B93 = #$97                                     A:D0 X:D0 Y:0B S:FB P:nvUBdIzc 
    $07AA:8C 07 20  STY $2007 = #$00                                               A:D0 X:D0 Y:97 S:FB P:NvUBdIzc 
    $07AD:BC C4 9A  LDY $9AC4,X @ $9B94 = #$EF                                     A:D0 X:D0 Y:97 S:FB P:NvUBdIzc 
    $07B0:8C 07 20  STY $2007 = #$00                                               A:D0 X:D0 Y:EF S:FB P:NvUBdIzc 
    $07B3:BC C5 9A  LDY $9AC5,X @ $9B95 = #$9F                                     A:D0 X:D0 Y:EF S:FB P:NvUBdIzc 
    $07B6:8C 07 20  STY $2007 = #$00                                               A:D0 X:D0 Y:9F S:FB P:NvUBdIzc 
    $07B9:BC C6 9A  LDY $9AC6,X @ $9B96 = #$C1                                     A:D0 X:D0 Y:9F S:FB P:NvUBdIzc 
    $07BC:8C 07 20  STY $2007 = #$00                                               A:D0 X:D0 Y:C1 S:FB P:NvUBdIzc 
    $07BF:BC C7 9A  LDY $9AC7,X @ $9B97 = #$80                                     A:D0 X:D0 Y:C1 S:FB P:NvUBdIzc 
    $07C2:8C 07 20  STY $2007 = #$00                                               A:D0 X:D0 Y:80 S:FB P:NvUBdIzc 
    $07C5:BC C8 9A  LDY $9AC8,X @ $9B98 = #$07                                     A:D0 X:D0 Y:80 S:FB P:NvUBdIzc 
    $07C8:8C 07 20  STY $2007 = #$00                                               A:D0 X:D0 Y:07 S:FB P:nvUBdIzc 
    $07CB:BC C9 9A  LDY $9AC9,X @ $9B99 = #$07                                     A:D0 X:D0 Y:07 S:FB P:nvUBdIzc 
    $07CE:8C 07 20  STY $2007 = #$00                                               A:D0 X:D0 Y:07 S:FB P:nvUBdIzc 
    $07D1:BC CA 9A  LDY $9ACA,X @ $9B9A = #$06                                     A:D0 X:D0 Y:07 S:FB P:nvUBdIzc 
    $07D4:8C 07 20  STY $2007 = #$00                                               A:D0 X:D0 Y:06 S:FB P:nvUBdIzc 
    $07D7:BC CB 9A  LDY $9ACB,X @ $9B9B = #$0E                                     A:D0 X:D0 Y:06 S:FB P:nvUBdIzc 
    $07DA:8C 07 20  STY $2007 = #$00                                               A:D0 X:D0 Y:0E S:FB P:nvUBdIzc 
    $07DD:BC CC 9A  LDY $9ACC,X @ $9B9C = #$8F                                     A:D0 X:D0 Y:0E S:FB P:nvUBdIzc 
    $07E0:8C 07 20  STY $2007 = #$00                                               A:D0 X:D0 Y:8F S:FB P:NvUBdIzc 
    $07E3:BC CD 9A  LDY $9ACD,X @ $9B9D = #$01                                     A:D0 X:D0 Y:8F S:FB P:NvUBdIzc 
    $07E6:8C 07 20  STY $2007 = #$00                                               A:D0 X:D0 Y:01 S:FB P:nvUBdIzc 
    $07E9:BC CE 9A  LDY $9ACE,X @ $9B9E = #$80                                     A:D0 X:D0 Y:01 S:FB P:nvUBdIzc 
    $07EC:8C 07 20  STY $2007 = #$00                                               A:D0 X:D0 Y:80 S:FB P:NvUBdIzc 
    $07EF:BC CF 9A  LDY $9ACF,X @ $9B9F = #$00                                     A:D0 X:D0 Y:80 S:FB P:NvUBdIzc 
    $07F2:8C 07 20  STY $2007 = #$00                                               A:D0 X:D0 Y:00 S:FB P:nvUBdIZc 
    $07F5:69 10     ADC #$10                                                       A:D0 X:D0 Y:00 S:FB P:nvUBdIZc 
    $07F7:AA        TAX                                                            A:E0 X:D0 Y:00 S:FB P:NvUBdIzc 
    $07F8:D0 9B     BNE $0795                                                      A:E0 X:E0 Y:00 S:FB P:NvUBdIzc 
    $0795:BC C0 9A  LDY $9AC0,X @ $9BA0 = #$40                                     A:E0 X:E0 Y:00 S:FB P:NvUBdIzc 
    $0798:8C 07 20  STY $2007 = #$00                                               A:E0 X:E0 Y:40 S:FB P:nvUBdIzc 
    $079B:BC C1 9A  LDY $9AC1,X @ $9BA1 = #$80                                     A:E0 X:E0 Y:40 S:FB P:nvUBdIzc 
    $079E:8C 07 20  STY $2007 = #$00                                               A:E0 X:E0 Y:80 S:FB P:NvUBdIzc 
    $07A1:BC C2 9A  LDY $9AC2,X @ $9BA2 = #$3C                                     A:E0 X:E0 Y:80 S:FB P:NvUBdIzc 
    $07A4:8C 07 20  STY $2007 = #$00                                               A:E0 X:E0 Y:3C S:FB P:nvUBdIzc 
    $07A7:BC C3 9A  LDY $9AC3,X @ $9BA3 = #$FE                                     A:E0 X:E0 Y:3C S:FB P:nvUBdIzc 
    $07AA:8C 07 20  STY $2007 = #$00                                               A:E0 X:E0 Y:FE S:FB P:NvUBdIzc 
    $07AD:BC C4 9A  LDY $9AC4,X @ $9BA4 = #$07                                     A:E0 X:E0 Y:FE S:FB P:NvUBdIzc 
    $07B0:8C 07 20  STY $2007 = #$00                                               A:E0 X:E0 Y:07 S:FB P:nvUBdIzc 
    $07B3:BC C5 9A  LDY $9AC5,X @ $9BA5 = #$ED                                     A:E0 X:E0 Y:07 S:FB P:nvUBdIzc 
    $07B6:8C 07 20  STY $2007 = #$00                                               A:E0 X:E0 Y:ED S:FB P:NvUBdIzc 
    $07B9:BC C6 9A  LDY $9AC6,X @ $9BA6 = #$F3                                     A:E0 X:E0 Y:ED S:FB P:NvUBdIzc 
    $07BC:8C 07 20  STY $2007 = #$00                                               A:E0 X:E0 Y:F3 S:FB P:NvUBdIzc 
    $07BF:BC C7 9A  LDY $9AC7,X @ $9BA7 = #$00                                     A:E0 X:E0 Y:F3 S:FB P:NvUBdIzc 
    $07C2:8C 07 20  STY $2007 = #$00                                               A:E0 X:E0 Y:00 S:FB P:nvUBdIZc 
    $07C5:BC C8 9A  LDY $9AC8,X @ $9BA8 = #$80                                     A:E0 X:E0 Y:00 S:FB P:nvUBdIZc 
    $07C8:8C 07 20  STY $2007 = #$00                                               A:E0 X:E0 Y:80 S:FB P:NvUBdIzc 
    $07CB:BC C9 9A  LDY $9AC9,X @ $9BA9 = #$00                                     A:E0 X:E0 Y:80 S:FB P:NvUBdIzc 
    $07CE:8C 07 20  STY $2007 = #$00                                               A:E0 X:E0 Y:00 S:FB P:nvUBdIZc 
    $07D1:BC CA 9A  LDY $9ACA,X @ $9BAA = #$00                                     A:E0 X:E0 Y:00 S:FB P:nvUBdIZc 
    $07D4:8C 07 20  STY $2007 = #$00                                               A:E0 X:E0 Y:00 S:FB P:nvUBdIZc 
    $07D7:BC CB 9A  LDY $9ACB,X @ $9BAB = #$3C                                     A:E0 X:E0 Y:00 S:FB P:nvUBdIZc 
    $07DA:8C 07 20  STY $2007 = #$00                                               A:E0 X:E0 Y:3C S:FB P:nvUBdIzc 
    $07DD:BC CC 9A  LDY $9ACC,X @ $9BAC = #$FE                                     A:E0 X:E0 Y:3C S:FB P:nvUBdIzc 
    $07E0:8C 07 20  STY $2007 = #$00                                               A:E0 X:E0 Y:FE S:FB P:NvUBdIzc 
    $07E3:BC CD 9A  LDY $9ACD,X @ $9BAD = #$F3                                     A:E0 X:E0 Y:FE S:FB P:NvUBdIzc 
    $07E6:8C 07 20  STY $2007 = #$00                                               A:E0 X:E0 Y:F3 S:FB P:NvUBdIzc 
    $07E9:BC CE 9A  LDY $9ACE,X @ $9BAE = #$00                                     A:E0 X:E0 Y:F3 S:FB P:NvUBdIzc 
    $07EC:8C 07 20  STY $2007 = #$00                                               A:E0 X:E0 Y:00 S:FB P:nvUBdIZc 
    $07EF:BC CF 9A  LDY $9ACF,X @ $9BAF = #$00                                     A:E0 X:E0 Y:00 S:FB P:nvUBdIZc 
    $07F2:8C 07 20  STY $2007 = #$00                                               A:E0 X:E0 Y:00 S:FB P:nvUBdIZc 
    $07F5:69 10     ADC #$10                                                       A:E0 X:E0 Y:00 S:FB P:nvUBdIZc 
    $07F7:AA        TAX                                                            A:F0 X:E0 Y:00 S:FB P:NvUBdIzc 
    $07F8:D0 9B     BNE $0795                                                      A:F0 X:F0 Y:00 S:FB P:NvUBdIzc 
    $0795:BC C0 9A  LDY $9AC0,X @ $9BB0 = #$0D                                     A:F0 X:F0 Y:00 S:FB P:NvUBdIzc 
    $0798:8C 07 20  STY $2007 = #$00                                               A:F0 X:F0 Y:0D S:FB P:nvUBdIzc 
    $079B:BC C1 9A  LDY $9AC1,X @ $9BB1 = #$0A                                     A:F0 X:F0 Y:0D S:FB P:nvUBdIzc 
    $079E:8C 07 20  STY $2007 = #$00                                               A:F0 X:F0 Y:0A S:FB P:nvUBdIzc 
    $07A1:BC C2 9A  LDY $9AC2,X @ $9BB2 = #$00                                     A:F0 X:F0 Y:0A S:FB P:nvUBdIzc 
    $07A4:8C 07 20  STY $2007 = #$00                                               A:F0 X:F0 Y:00 S:FB P:nvUBdIZc 
    $07A7:BC C3 9A  LDY $9AC3,X @ $9BB3 = #$20                                     A:F0 X:F0 Y:00 S:FB P:nvUBdIZc 
    $07AA:8C 07 20  STY $2007 = #$00                                               A:F0 X:F0 Y:20 S:FB P:nvUBdIzc 
    $07AD:BC C4 9A  LDY $9AC4,X @ $9BB4 = #$1E                                     A:F0 X:F0 Y:20 S:FB P:nvUBdIzc 
    $07B0:8C 07 20  STY $2007 = #$00                                               A:F0 X:F0 Y:1E S:FB P:nvUBdIzc 
    $07B3:BC C5 9A  LDY $9AC5,X @ $9BB5 = #$02                                     A:F0 X:F0 Y:1E S:FB P:nvUBdIzc 
    $07B6:8C 07 20  STY $2007 = #$00                                               A:F0 X:F0 Y:02 S:FB P:nvUBdIzc 
    $07B9:BC C6 9A  LDY $9AC6,X @ $9BB6 = #$48                                     A:F0 X:F0 Y:02 S:FB P:nvUBdIzc 
    $07BC:8C 07 20  STY $2007 = #$00                                               A:F0 X:F0 Y:48 S:FB P:nvUBdIzc 
    $07BF:BC C7 9A  LDY $9AC7,X @ $9BB7 = #$3C                                     A:F0 X:F0 Y:48 S:FB P:nvUBdIzc 
    $07C2:8C 07 20  STY $2007 = #$00                                               A:F0 X:F0 Y:3C S:FB P:nvUBdIzc 
    $07C5:BC C8 9A  LDY $9AC8,X @ $9BB8 = #$7D                                     A:F0 X:F0 Y:3C S:FB P:nvUBdIzc 
    $07C8:8C 07 20  STY $2007 = #$00                                               A:F0 X:F0 Y:7D S:FB P:nvUBdIzc 
    $07CB:BC C9 9A  LDY $9AC9,X @ $9BB9 = #$DA                                     A:F0 X:F0 Y:7D S:FB P:nvUBdIzc 
    $07CE:8C 07 20  STY $2007 = #$00                                               A:F0 X:F0 Y:DA S:FB P:NvUBdIzc 
    $07D1:BC CA 9A  LDY $9ACA,X @ $9BBA = #$61                                     A:F0 X:F0 Y:DA S:FB P:NvUBdIzc 
    $07D4:8C 07 20  STY $2007 = #$00                                               A:F0 X:F0 Y:61 S:FB P:nvUBdIzc 
    $07D7:BC CB 9A  LDY $9ACB,X @ $9BBB = #$1E                                     A:F0 X:F0 Y:61 S:FB P:nvUBdIzc 
    $07DA:8C 07 20  STY $2007 = #$00                                               A:F0 X:F0 Y:1E S:FB P:nvUBdIzc 
    $07DD:BC CC 9A  LDY $9ACC,X @ $9BBC = #$60                                     A:F0 X:F0 Y:1E S:FB P:nvUBdIzc 
    $07E0:8C 07 20  STY $2007 = #$00                                               A:F0 X:F0 Y:60 S:FB P:nvUBdIzc 
    $07E3:BC CD 9A  LDY $9ACD,X @ $9BBD = #$7C                                     A:F0 X:F0 Y:60 S:FB P:nvUBdIzc 
    $07E6:8C 07 20  STY $2007 = #$00                                               A:F0 X:F0 Y:7C S:FB P:nvUBdIzc 
    $07E9:BC CE 9A  LDY $9ACE,X @ $9BBE = #$34                                     A:F0 X:F0 Y:7C S:FB P:nvUBdIzc 
    $07EC:8C 07 20  STY $2007 = #$00                                               A:F0 X:F0 Y:34 S:FB P:nvUBdIzc 
    $07EF:BC CF 9A  LDY $9ACF,X @ $9BBF = #$00                                     A:F0 X:F0 Y:34 S:FB P:nvUBdIzc 
    $07F2:8C 07 20  STY $2007 = #$00                                               A:F0 X:F0 Y:00 S:FB P:nvUBdIZc 
    $07F5:69 10     ADC #$10                                                       A:F0 X:F0 Y:00 S:FB P:nvUBdIZc 
    $07F7:AA        TAX                                                            A:00 X:F0 Y:00 S:FB P:nvUBdIZC 
    $07F8:D0 9B     BNE $0795                                                      A:00 X:00 Y:00 S:FB P:nvUBdIZC 
    $07FA:A9 10     LDA #$10                                                       A:00 X:00 Y:00 S:FB P:nvUBdIZC 
    $07FC:8D C3 FF  STA $FFC3 = #$10                                               A:10 X:00 Y:00 S:FB P:nvUBdIzC 
    $07FF:60        RTS (from $0782) ----------------------------------------------A:10 X:00 Y:00 S:FB P:nvUBdIzC 
  $85CD:A5 96     LDA $0096 = #$00                                               A:10 X:00 Y:00 S:FD P:nvUBdIzC 
  $85CF:8D 06 20  STA $2006 = #$10                                               A:00 X:00 Y:00 S:FD P:nvUBdIZC 
  $85D2:A9 60     LDA #$60                                                       A:00 X:00 Y:00 S:FD P:nvUBdIZC 
  $85D4:8D 06 20  STA $2006 = #$10                                               A:60 X:00 Y:00 S:FD P:nvUBdIzC 
  $85D7:8E 05 20  STX $2005 = #$02                                               A:60 X:00 Y:00 S:FD P:nvUBdIzC 
  $85DA:8E 05 20  STX $2005 = #$00                                               A:60 X:00 Y:00 S:FD P:nvUBdIzC 
  $85DD:A9 08     LDA #$08                                                       A:60 X:00 Y:00 S:FD P:nvUBdIzC 
  $85DF:8D 01 20  STA $2001 = #$00                                               A:08 X:00 Y:00 S:FD P:nvUBdIzC 
  $85E2:A2 0F     LDX #$0F                                                       A:08 X:00 Y:00 S:FD P:nvUBdIzC 
  $85E4:CA        DEX                                                            A:08 X:0F Y:00 S:FD P:nvUBdIzC 
  $85E5:D0 FD     BNE $85E4                                                      A:08 X:0E Y:00 S:FD P:nvUBdIzC 
  $85E4:CA        DEX                                                            A:08 X:0E Y:00 S:FD P:nvUBdIzC 
  $85E5:D0 FD     BNE $85E4                                                      A:08 X:0D Y:00 S:FD P:nvUBdIzC 
  $85E4:CA        DEX                                                            A:08 X:0D Y:00 S:FD P:nvUBdIzC 
  $85E5:D0 FD     BNE $85E4                                                      A:08 X:0C Y:00 S:FD P:nvUBdIzC 
  $85E4:CA        DEX                                                            A:08 X:0C Y:00 S:FD P:nvUBdIzC 
  $85E5:D0 FD     BNE $85E4                                                      A:08 X:0B Y:00 S:FD P:nvUBdIzC 
  $85E4:CA        DEX                                                            A:08 X:0B Y:00 S:FD P:nvUBdIzC 
  $85E5:D0 FD     BNE $85E4                                                      A:08 X:0A Y:00 S:FD P:nvUBdIzC 
  $85E4:CA        DEX                                                            A:08 X:0A Y:00 S:FD P:nvUBdIzC 
  $85E5:D0 FD     BNE $85E4                                                      A:08 X:09 Y:00 S:FD P:nvUBdIzC 
  $85E4:CA        DEX                                                            A:08 X:09 Y:00 S:FD P:nvUBdIzC 
  $85E5:D0 FD     BNE $85E4                                                      A:08 X:08 Y:00 S:FD P:nvUBdIzC 
  $85E4:CA        DEX                                                            A:08 X:08 Y:00 S:FD P:nvUBdIzC 
  $85E5:D0 FD     BNE $85E4                                                      A:08 X:07 Y:00 S:FD P:nvUBdIzC 
  $85E4:CA        DEX                                                            A:08 X:07 Y:00 S:FD P:nvUBdIzC 
  $85E5:D0 FD     BNE $85E4                                                      A:08 X:06 Y:00 S:FD P:nvUBdIzC 
  $85E4:CA        DEX                                                            A:08 X:06 Y:00 S:FD P:nvUBdIzC 
  $85E5:D0 FD     BNE $85E4                                                      A:08 X:05 Y:00 S:FD P:nvUBdIzC 
  $85E4:CA        DEX                                                            A:08 X:05 Y:00 S:FD P:nvUBdIzC 
  $85E5:D0 FD     BNE $85E4                                                      A:08 X:04 Y:00 S:FD P:nvUBdIzC 
  $85E4:CA        DEX                                                            A:08 X:04 Y:00 S:FD P:nvUBdIzC 
  $85E5:D0 FD     BNE $85E4                                                      A:08 X:03 Y:00 S:FD P:nvUBdIzC 
  $85E4:CA        DEX                                                            A:08 X:03 Y:00 S:FD P:nvUBdIzC 
  $85E5:D0 FD     BNE $85E4                                                      A:08 X:02 Y:00 S:FD P:nvUBdIzC 
  $85E4:CA        DEX                                                            A:08 X:02 Y:00 S:FD P:nvUBdIzC 
  $85E5:D0 FD     BNE $85E4                                                      A:08 X:01 Y:00 S:FD P:nvUBdIzC 
  $85E4:CA        DEX                                                            A:08 X:01 Y:00 S:FD P:nvUBdIzC 
  $85E5:D0 FD     BNE $85E4                                                      A:08 X:00 Y:00 S:FD P:nvUBdIZC 
  $85E7:A5 84     LDA $0084 = #$63                                               A:08 X:00 Y:00 S:FD P:nvUBdIZC 
  $85E9:2A        ROL                                                            A:63 X:00 Y:00 S:FD P:nvUBdIzC 
  $85EA:2A        ROL                                                            A:C7 X:00 Y:00 S:FD P:NvUBdIzc 
  $85EB:A8        TAY                                                            A:8E X:00 Y:00 S:FD P:NvUBdIzC 
  $85EC:2A        ROL                                                            A:8E X:00 Y:8E S:FD P:NvUBdIzC 
  $85ED:AA        TAX                                                            A:1D X:00 Y:8E S:FD P:nvUBdIzC 
  $85EE:2A        ROL                                                            A:1D X:1D Y:8E S:FD P:nvUBdIzC 
  $85EF:29 30     AND #$30                                                       A:3B X:1D Y:8E S:FD P:nvUBdIzc 
  $85F1:85 15     STA $0015 = #$80                                               A:30 X:1D Y:8E S:FD P:nvUBdIzc 
  $85F3:8A        TXA                                                            A:30 X:1D Y:8E S:FD P:nvUBdIzc 
  $85F4:29 03     AND #$03                                                       A:1D X:1D Y:8E S:FD P:nvUBdIzc 
  $85F6:05 15     ORA $0015 = #$30                                               A:01 X:1D Y:8E S:FD P:nvUBdIzc 
  $85F8:85 85     STA $0085 = #$31                                               A:31 X:1D Y:8E S:FD P:nvUBdIzc 
  $85FA:98        TYA                                                            A:31 X:1D Y:8E S:FD P:nvUBdIzc 
  $85FB:29 E0     AND #$E0                                                       A:8E X:1D Y:8E S:FD P:NvUBdIzc 
  $85FD:85 86     STA $0086 = #$80                                               A:80 X:1D Y:8E S:FD P:NvUBdIzc 
  $85FF:A9 18     LDA #$18                                                       A:80 X:1D Y:8E S:FD P:NvUBdIzc 
  $8601:8D 01 20  STA $2001 = #$08                                               A:18 X:1D Y:8E S:FD P:nvUBdIzc 
  $8604:A2 4E     LDX #$4E                                                       A:18 X:1D Y:8E S:FD P:nvUBdIzc 
  $8606:A5 10     LDA $0010 = #$03                                               A:18 X:4E Y:8E S:FD P:nvUBdIzc 
  $8608:C9 06     CMP #$06                                                       A:03 X:4E Y:8E S:FD P:nvUBdIzc 
  $860A:F0 06     BEQ $8612                                                      A:03 X:4E Y:8E S:FD P:NvUBdIzc 
  $860C:C9 03     CMP #$03                                                       A:03 X:4E Y:8E S:FD P:NvUBdIzc 
  $860E:D0 09     BNE $8619                                                      A:03 X:4E Y:8E S:FD P:nvUBdIZC 
  $8610:A2 A6     LDX #$A6                                                       A:03 X:4E Y:8E S:FD P:nvUBdIZC 
  $8612:A0 02     LDY #$02                                                       A:03 X:A6 Y:8E S:FD P:NvUBdIzC 
  $8614:20 EB FF  JSR $FFEB                                                      A:03 X:A6 Y:02 S:FD P:nvUBdIzC 
    $FFEB:CA        DEX                                                            A:03 X:A6 Y:02 S:FB P:nvUBdIzC 
    $FFEC:D0 FD     BNE $FFEB                                                      A:03 X:A5 Y:02 S:FB P:NvUBdIzC 
    $FFEB:CA        DEX                                                            A:03 X:A5 Y:02 S:FB P:NvUBdIzC 
    $FFEC:D0 FD     BNE $FFEB                                                      A:03 X:A4 Y:02 S:FB P:NvUBdIzC 
    $FFEB:CA        DEX                                                            A:03 X:A4 Y:02 S:FB P:NvUBdIzC 
    $FFEC:D0 FD     BNE $FFEB                                                      A:03 X:A3 Y:02 S:FB P:NvUBdIzC 
    $FFEB:CA        DEX                                                            A:03 X:A3 Y:02 S:FB P:NvUBdIzC 
    $FFEC:D0 FD     BNE $FFEB                                                      A:03 X:A2 Y:02 S:FB P:NvUBdIzC 
    $FFEB:CA        DEX                                                            A:03 X:A2 Y:02 S:FB P:NvUBdIzC 
    $FFEC:D0 FD     BNE $FFEB                                                      A:03 X:A1 Y:02 S:FB P:NvUBdIzC 
    $FFEB:CA        DEX                                                            A:03 X:A1 Y:02 S:FB P:NvUBdIzC 
    $FFEC:D0 FD     BNE $FFEB                                                      A:03 X:A0 Y:02 S:FB P:NvUBdIzC 
    $FFEB:CA        DEX                                                            A:03 X:A0 Y:02 S:FB P:NvUBdIzC 
    $FFEC:D0 FD     BNE $FFEB                                                      A:03 X:9F Y:02 S:FB P:NvUBdIzC 
    $FFEB:CA        DEX                                                            A:03 X:9F Y:02 S:FB P:NvUBdIzC 
    $FFEC:D0 FD     BNE $FFEB                                                      A:03 X:9E Y:02 S:FB P:NvUBdIzC 
    $FFEB:CA        DEX                                                            A:03 X:9E Y:02 S:FB P:NvUBdIzC 
    $FFEC:D0 FD     BNE $FFEB                                                      A:03 X:9D Y:02 S:FB P:NvUBdIzC 
    $FFEB:CA        DEX                                                            A:03 X:9D Y:02 S:FB P:NvUBdIzC 
    $FFEC:D0 FD     BNE $FFEB                                                      A:03 X:9C Y:02 S:FB P:NvUBdIzC 
    $FFEB:CA        DEX                                                            A:03 X:9C Y:02 S:FB P:NvUBdIzC 
    $FFEC:D0 FD     BNE $FFEB                                                      A:03 X:9B Y:02 S:FB P:NvUBdIzC 
    $FFEB:CA        DEX                                                            A:03 X:9B Y:02 S:FB P:NvUBdIzC 
    $FFEC:D0 FD     BNE $FFEB                                                      A:03 X:9A Y:02 S:FB P:NvUBdIzC 
    $FFEB:CA        DEX                                                            A:03 X:9A Y:02 S:FB P:NvUBdIzC 
    $FFEC:D0 FD     BNE $FFEB                                                      A:03 X:99 Y:02 S:FB P:NvUBdIzC 
    $FFEB:CA        DEX                                                            A:03 X:99 Y:02 S:FB P:NvUBdIzC 
    $FFEC:D0 FD     BNE $FFEB                                                      A:03 X:98 Y:02 S:FB P:NvUBdIzC 
    $FFEB:CA        DEX                                                            A:03 X:98 Y:02 S:FB P:NvUBdIzC 
    $FFEC:D0 FD     BNE $FFEB                                                      A:03 X:97 Y:02 S:FB P:NvUBdIzC 
    $FFEB:CA        DEX                                                            A:03 X:97 Y:02 S:FB P:NvUBdIzC 
    $FFEC:D0 FD     BNE $FFEB                                                      A:03 X:96 Y:02 S:FB P:NvUBdIzC 
    $FFEB:CA        DEX                                                            A:03 X:96 Y:02 S:FB P:NvUBdIzC 
    $FFEC:D0 FD     BNE $FFEB                                                      A:03 X:95 Y:02 S:FB P:NvUBdIzC 
    $FFEB:CA        DEX                                                            A:03 X:95 Y:02 S:FB P:NvUBdIzC 
    $FFEC:D0 FD     BNE $FFEB                                                      A:03 X:94 Y:02 S:FB P:NvUBdIzC 
    $FFEB:CA        DEX                                                            A:03 X:94 Y:02 S:FB P:NvUBdIzC 
    $FFEC:D0 FD     BNE $FFEB                                                      A:03 X:93 Y:02 S:FB P:NvUBdIzC 
    $FFEB:CA        DEX                                                            A:03 X:93 Y:02 S:FB P:NvUBdIzC 
    $FFEC:D0 FD     BNE $FFEB                                                      A:03 X:92 Y:02 S:FB P:NvUBdIzC 
    $FFEB:CA        DEX                                                            A:03 X:92 Y:02 S:FB P:NvUBdIzC 
    $FFEC:D0 FD     BNE $FFEB                                                      A:03 X:91 Y:02 S:FB P:NvUBdIzC 
    $FFEB:CA        DEX                                                            A:03 X:91 Y:02 S:FB P:NvUBdIzC 
    $FFEC:D0 FD     BNE $FFEB                                                      A:03 X:90 Y:02 S:FB P:NvUBdIzC 
    $FFEB:CA        DEX                                                            A:03 X:90 Y:02 S:FB P:NvUBdIzC 
    $FFEC:D0 FD     BNE $FFEB                                                      A:03 X:8F Y:02 S:FB P:NvUBdIzC 
    $FFEB:CA        DEX                                                            A:03 X:8F Y:02 S:FB P:NvUBdIzC 
    $FFEC:D0 FD     BNE $FFEB                                                      A:03 X:8E Y:02 S:FB P:NvUBdIzC 
    $FFEB:CA        DEX                                                            A:03 X:8E Y:02 S:FB P:NvUBdIzC 
    $FFEC:D0 FD     BNE $FFEB                                                      A:03 X:8D Y:02 S:FB P:NvUBdIzC 
    $FFEB:CA        DEX                                                            A:03 X:8D Y:02 S:FB P:NvUBdIzC 
    $FFEC:D0 FD     BNE $FFEB                                                      A:03 X:8C Y:02 S:FB P:NvUBdIzC 
    $FFEB:CA        DEX                                                            A:03 X:8C Y:02 S:FB P:NvUBdIzC 
    $FFEC:D0 FD     BNE $FFEB                                                      A:03 X:8B Y:02 S:FB P:NvUBdIzC 
    $FFEB:CA        DEX                                                            A:03 X:8B Y:02 S:FB P:NvUBdIzC 
    $FFEC:D0 FD     BNE $FFEB                                                      A:03 X:8A Y:02 S:FB P:NvUBdIzC 
    $FFEB:CA        DEX                                                            A:03 X:8A Y:02 S:FB P:NvUBdIzC 
    $FFEC:D0 FD     BNE $FFEB                                                      A:03 X:89 Y:02 S:FB P:NvUBdIzC 
    $FFEB:CA        DEX                                                            A:03 X:89 Y:02 S:FB P:NvUBdIzC 
    $FFEC:D0 FD     BNE $FFEB                                                      A:03 X:88 Y:02 S:FB P:NvUBdIzC 
    $FFEB:CA        DEX                                                            A:03 X:88 Y:02 S:FB P:NvUBdIzC 
    $FFEC:D0 FD     BNE $FFEB                                                      A:03 X:87 Y:02 S:FB P:NvUBdIzC 
    $FFEB:CA        DEX                                                            A:03 X:87 Y:02 S:FB P:NvUBdIzC 
    $FFEC:D0 FD     BNE $FFEB                                                      A:03 X:86 Y:02 S:FB P:NvUBdIzC 
    $FFEB:CA        DEX                                                            A:03 X:86 Y:02 S:FB P:NvUBdIzC 
    $FFEC:D0 FD     BNE $FFEB                                                      A:03 X:85 Y:02 S:FB P:NvUBdIzC 
    $FFEB:CA        DEX                                                            A:03 X:85 Y:02 S:FB P:NvUBdIzC 
    $FFEC:D0 FD     BNE $FFEB                                                      A:03 X:84 Y:02 S:FB P:NvUBdIzC 
    $FFEB:CA        DEX                                                            A:03 X:84 Y:02 S:FB P:NvUBdIzC 
    $FFEC:D0 FD     BNE $FFEB                                                      A:03 X:83 Y:02 S:FB P:NvUBdIzC 
    $FFEB:CA        DEX                                                            A:03 X:83 Y:02 S:FB P:NvUBdIzC 
    $FFEC:D0 FD     BNE $FFEB                                                      A:03 X:82 Y:02 S:FB P:NvUBdIzC 
    $FFEB:CA        DEX                                                            A:03 X:82 Y:02 S:FB P:NvUBdIzC 
    $FFEC:D0 FD     BNE $FFEB                                                      A:03 X:81 Y:02 S:FB P:NvUBdIzC 
    $FFEB:CA        DEX                                                            A:03 X:81 Y:02 S:FB P:NvUBdIzC 
    $FFEC:D0 FD     BNE $FFEB                                                      A:03 X:80 Y:02 S:FB P:NvUBdIzC 
    $FFEB:CA        DEX                                                            A:03 X:80 Y:02 S:FB P:NvUBdIzC 
    $FFEC:D0 FD     BNE $FFEB                                                      A:03 X:7F Y:02 S:FB P:nvUBdIzC 
    $FFEB:CA        DEX                                                            A:03 X:7F Y:02 S:FB P:nvUBdIzC 
    $FFEC:D0 FD     BNE $FFEB                                                      A:03 X:7E Y:02 S:FB P:nvUBdIzC 
    $FFEB:CA        DEX                                                            A:03 X:7E Y:02 S:FB P:nvUBdIzC 
    $FFEC:D0 FD     BNE $FFEB                                                      A:03 X:7D Y:02 S:FB P:nvUBdIzC 
    $FFEB:CA        DEX                                                            A:03 X:7D Y:02 S:FB P:nvUBdIzC 
    $FFEC:D0 FD     BNE $FFEB                                                      A:03 X:7C Y:02 S:FB P:nvUBdIzC 
    $FFEB:CA        DEX                                                            A:03 X:7C Y:02 S:FB P:nvUBdIzC 
    $FFEC:D0 FD     BNE $FFEB                                                      A:03 X:7B Y:02 S:FB P:nvUBdIzC 
    $FFEB:CA        DEX                                                            A:03 X:7B Y:02 S:FB P:nvUBdIzC 
    $FFEC:D0 FD     BNE $FFEB                                                      A:03 X:7A Y:02 S:FB P:nvUBdIzC 
    $FFEB:CA        DEX                                                            A:03 X:7A Y:02 S:FB P:nvUBdIzC 
    $FFEC:D0 FD     BNE $FFEB                                                      A:03 X:79 Y:02 S:FB P:nvUBdIzC 
    $FFEB:CA        DEX                                                            A:03 X:79 Y:02 S:FB P:nvUBdIzC 
    $FFEC:D0 FD     BNE $FFEB                                                      A:03 X:78 Y:02 S:FB P:nvUBdIzC 
    $FFEB:CA        DEX                                                            A:03 X:78 Y:02 S:FB P:nvUBdIzC 
    $FFEC:D0 FD     BNE $FFEB                                                      A:03 X:77 Y:02 S:FB P:nvUBdIzC 
    $FFEB:CA        DEX                                                            A:03 X:77 Y:02 S:FB P:nvUBdIzC 
    $FFEC:D0 FD     BNE $FFEB                                                      A:03 X:76 Y:02 S:FB P:nvUBdIzC 
    $FFEB:CA        DEX                                                            A:03 X:76 Y:02 S:FB P:nvUBdIzC 
    $FFEC:D0 FD     BNE $FFEB                                                      A:03 X:75 Y:02 S:FB P:nvUBdIzC 
    $FFEB:CA        DEX                                                            A:03 X:75 Y:02 S:FB P:nvUBdIzC 
    $FFEC:D0 FD     BNE $FFEB                                                      A:03 X:74 Y:02 S:FB P:nvUBdIzC 
    $FFEB:CA        DEX                                                            A:03 X:74 Y:02 S:FB P:nvUBdIzC 
    $FFEC:D0 FD     BNE $FFEB                                                      A:03 X:73 Y:02 S:FB P:nvUBdIzC 
    $FFEB:CA        DEX                                                            A:03 X:73 Y:02 S:FB P:nvUBdIzC 
    $FFEC:D0 FD     BNE $FFEB                                                      A:03 X:72 Y:02 S:FB P:nvUBdIzC 
    $FFEB:CA        DEX                                                            A:03 X:72 Y:02 S:FB P:nvUBdIzC 
    $FFEC:D0 FD     BNE $FFEB                                                      A:03 X:71 Y:02 S:FB P:nvUBdIzC 
    $FFEB:CA        DEX                                                            A:03 X:71 Y:02 S:FB P:nvUBdIzC 
    $FFEC:D0 FD     BNE $FFEB                                                      A:03 X:70 Y:02 S:FB P:nvUBdIzC 
    $FFEB:CA        DEX                                                            A:03 X:70 Y:02 S:FB P:nvUBdIzC 
    $FFEC:D0 FD     BNE $FFEB                                                      A:03 X:6F Y:02 S:FB P:nvUBdIzC 
    $FFEB:CA        DEX                                                            A:03 X:6F Y:02 S:FB P:nvUBdIzC 
    $FFEC:D0 FD     BNE $FFEB                                                      A:03 X:6E Y:02 S:FB P:nvUBdIzC 
    $FFEB:CA        DEX                                                            A:03 X:6E Y:02 S:FB P:nvUBdIzC 
    $FFEC:D0 FD     BNE $FFEB                                                      A:03 X:6D Y:02 S:FB P:nvUBdIzC 
    $FFEB:CA        DEX                                                            A:03 X:6D Y:02 S:FB P:nvUBdIzC 
    $FFEC:D0 FD     BNE $FFEB                                                      A:03 X:6C Y:02 S:FB P:nvUBdIzC 
    $FFEB:CA        DEX                                                            A:03 X:6C Y:02 S:FB P:nvUBdIzC 
    $FFEC:D0 FD     BNE $FFEB                                                      A:03 X:6B Y:02 S:FB P:nvUBdIzC 
    $FFEB:CA        DEX                                                            A:03 X:6B Y:02 S:FB P:nvUBdIzC 
    $FFEC:D0 FD     BNE $FFEB                                                      A:03 X:6A Y:02 S:FB P:nvUBdIzC 
    $FFEB:CA        DEX                                                            A:03 X:6A Y:02 S:FB P:nvUBdIzC 
    $FFEC:D0 FD     BNE $FFEB                                                      A:03 X:69 Y:02 S:FB P:nvUBdIzC 
    $FFEB:CA        DEX                                                            A:03 X:69 Y:02 S:FB P:nvUBdIzC 
    $FFEC:D0 FD     BNE $FFEB                                                      A:03 X:68 Y:02 S:FB P:nvUBdIzC 
    $FFEB:CA        DEX                                                            A:03 X:68 Y:02 S:FB P:nvUBdIzC 
    $FFEC:D0 FD     BNE $FFEB                                                      A:03 X:67 Y:02 S:FB P:nvUBdIzC 
    $FFEB:CA        DEX                                                            A:03 X:67 Y:02 S:FB P:nvUBdIzC 
    $FFEC:D0 FD     BNE $FFEB                                                      A:03 X:66 Y:02 S:FB P:nvUBdIzC 
    $FFEB:CA        DEX                                                            A:03 X:66 Y:02 S:FB P:nvUBdIzC 
    $FFEC:D0 FD     BNE $FFEB                                                      A:03 X:65 Y:02 S:FB P:nvUBdIzC 
    $FFEB:CA        DEX                                                            A:03 X:65 Y:02 S:FB P:nvUBdIzC 
    $FFEC:D0 FD     BNE $FFEB                                                      A:03 X:64 Y:02 S:FB P:nvUBdIzC 
    $FFEB:CA        DEX                                                            A:03 X:64 Y:02 S:FB P:nvUBdIzC 
    $FFEC:D0 FD     BNE $FFEB                                                      A:03 X:63 Y:02 S:FB P:nvUBdIzC 
    $FFEB:CA        DEX                                                            A:03 X:63 Y:02 S:FB P:nvUBdIzC 
    $FFEC:D0 FD     BNE $FFEB                                                      A:03 X:62 Y:02 S:FB P:nvUBdIzC 
    $FFEB:CA        DEX                                                            A:03 X:62 Y:02 S:FB P:nvUBdIzC 
    $FFEC:D0 FD     BNE $FFEB                                                      A:03 X:61 Y:02 S:FB P:nvUBdIzC 
    $FFEB:CA        DEX                                                            A:03 X:61 Y:02 S:FB P:nvUBdIzC 
    $FFEC:D0 FD     BNE $FFEB                                                      A:03 X:60 Y:02 S:FB P:nvUBdIzC 
    $FFEB:CA        DEX                                                            A:03 X:60 Y:02 S:FB P:nvUBdIzC 
    $FFEC:D0 FD     BNE $FFEB                                                      A:03 X:5F Y:02 S:FB P:nvUBdIzC 
    $FFEB:CA        DEX                                                            A:03 X:5F Y:02 S:FB P:nvUBdIzC 
    $FFEC:D0 FD     BNE $FFEB                                                      A:03 X:5E Y:02 S:FB P:nvUBdIzC 
    $FFEB:CA        DEX                                                            A:03 X:5E Y:02 S:FB P:nvUBdIzC 
    $FFEC:D0 FD     BNE $FFEB                                                      A:03 X:5D Y:02 S:FB P:nvUBdIzC 
    $FFEB:CA        DEX                                                            A:03 X:5D Y:02 S:FB P:nvUBdIzC 
    $FFEC:D0 FD     BNE $FFEB                                                      A:03 X:5C Y:02 S:FB P:nvUBdIzC 
    $FFEB:CA        DEX                                                            A:03 X:5C Y:02 S:FB P:nvUBdIzC 
    $FFEC:D0 FD     BNE $FFEB                                                      A:03 X:5B Y:02 S:FB P:nvUBdIzC 
    $FFEB:CA        DEX                                                            A:03 X:5B Y:02 S:FB P:nvUBdIzC 
    $FFEC:D0 FD     BNE $FFEB                                                      A:03 X:5A Y:02 S:FB P:nvUBdIzC 
    $FFEB:CA        DEX                                                            A:03 X:5A Y:02 S:FB P:nvUBdIzC 
    $FFEC:D0 FD     BNE $FFEB                                                      A:03 X:59 Y:02 S:FB P:nvUBdIzC 
    $FFEB:CA        DEX                                                            A:03 X:59 Y:02 S:FB P:nvUBdIzC 
    $FFEC:D0 FD     BNE $FFEB                                                      A:03 X:58 Y:02 S:FB P:nvUBdIzC 
    $FFEB:CA        DEX                                                            A:03 X:58 Y:02 S:FB P:nvUBdIzC 
    $FFEC:D0 FD     BNE $FFEB                                                      A:03 X:57 Y:02 S:FB P:nvUBdIzC 
    $FFEB:CA        DEX                                                            A:03 X:57 Y:02 S:FB P:nvUBdIzC 
    $FFEC:D0 FD     BNE $FFEB                                                      A:03 X:56 Y:02 S:FB P:nvUBdIzC 
    $FFEB:CA        DEX                                                            A:03 X:56 Y:02 S:FB P:nvUBdIzC 
    $FFEC:D0 FD     BNE $FFEB                                                      A:03 X:55 Y:02 S:FB P:nvUBdIzC 
    $FFEB:CA        DEX                                                            A:03 X:55 Y:02 S:FB P:nvUBdIzC 
    $FFEC:D0 FD     BNE $FFEB                                                      A:03 X:54 Y:02 S:FB P:nvUBdIzC 
    $FFEB:CA        DEX                                                            A:03 X:54 Y:02 S:FB P:nvUBdIzC 
    $FFEC:D0 FD     BNE $FFEB                                                      A:03 X:53 Y:02 S:FB P:nvUBdIzC 
    $FFEB:CA        DEX                                                            A:03 X:53 Y:02 S:FB P:nvUBdIzC 
    $FFEC:D0 FD     BNE $FFEB                                                      A:03 X:52 Y:02 S:FB P:nvUBdIzC 
    $FFEB:CA        DEX                                                            A:03 X:52 Y:02 S:FB P:nvUBdIzC 
    $FFEC:D0 FD     BNE $FFEB                                                      A:03 X:51 Y:02 S:FB P:nvUBdIzC 
    $FFEB:CA        DEX                                                            A:03 X:51 Y:02 S:FB P:nvUBdIzC 
    $FFEC:D0 FD     BNE $FFEB                                                      A:03 X:50 Y:02 S:FB P:nvUBdIzC 
    $FFEB:CA        DEX                                                            A:03 X:50 Y:02 S:FB P:nvUBdIzC 
    $FFEC:D0 FD     BNE $FFEB                                                      A:03 X:4F Y:02 S:FB P:nvUBdIzC 
    $FFEB:CA        DEX                                                            A:03 X:4F Y:02 S:FB P:nvUBdIzC 
    $FFEC:D0 FD     BNE $FFEB                                                      A:03 X:4E Y:02 S:FB P:nvUBdIzC 
    $FFEB:CA        DEX                                                            A:03 X:4E Y:02 S:FB P:nvUBdIzC 
    $FFEC:D0 FD     BNE $FFEB                                                      A:03 X:4D Y:02 S:FB P:nvUBdIzC 
    $FFEB:CA        DEX                                                            A:03 X:4D Y:02 S:FB P:nvUBdIzC 
    $FFEC:D0 FD     BNE $FFEB                                                      A:03 X:4C Y:02 S:FB P:nvUBdIzC 
    $FFEB:CA        DEX                                                            A:03 X:4C Y:02 S:FB P:nvUBdIzC 
    $FFEC:D0 FD     BNE $FFEB                                                      A:03 X:4B Y:02 S:FB P:nvUBdIzC 
    $FFEB:CA        DEX                                                            A:03 X:4B Y:02 S:FB P:nvUBdIzC 
    $FFEC:D0 FD     BNE $FFEB                                                      A:03 X:4A Y:02 S:FB P:nvUBdIzC 
    $FFEB:CA        DEX                                                            A:03 X:4A Y:02 S:FB P:nvUBdIzC 
    $FFEC:D0 FD     BNE $FFEB                                                      A:03 X:49 Y:02 S:FB P:nvUBdIzC 
    $FFEB:CA        DEX                                                            A:03 X:49 Y:02 S:FB P:nvUBdIzC 
    $FFEC:D0 FD     BNE $FFEB                                                      A:03 X:48 Y:02 S:FB P:nvUBdIzC 
    $FFEB:CA        DEX                                                            A:03 X:48 Y:02 S:FB P:nvUBdIzC 
    $FFEC:D0 FD     BNE $FFEB                                                      A:03 X:47 Y:02 S:FB P:nvUBdIzC 
    $FFEB:CA        DEX                                                            A:03 X:47 Y:02 S:FB P:nvUBdIzC 
    $FFEC:D0 FD     BNE $FFEB                                                      A:03 X:46 Y:02 S:FB P:nvUBdIzC 
    $FFEB:CA        DEX                                                            A:03 X:46 Y:02 S:FB P:nvUBdIzC 
    $FFEC:D0 FD     BNE $FFEB                                                      A:03 X:45 Y:02 S:FB P:nvUBdIzC 
    $FFEB:CA        DEX                                                            A:03 X:45 Y:02 S:FB P:nvUBdIzC 
    $FFEC:D0 FD     BNE $FFEB                                                      A:03 X:44 Y:02 S:FB P:nvUBdIzC 
    $FFEB:CA        DEX                                                            A:03 X:44 Y:02 S:FB P:nvUBdIzC 
    $FFEC:D0 FD     BNE $FFEB                                                      A:03 X:43 Y:02 S:FB P:nvUBdIzC 
    $FFEB:CA        DEX                                                            A:03 X:43 Y:02 S:FB P:nvUBdIzC 
    $FFEC:D0 FD     BNE $FFEB                                                      A:03 X:42 Y:02 S:FB P:nvUBdIzC 
    $FFEB:CA        DEX                                                            A:03 X:42 Y:02 S:FB P:nvUBdIzC 
    $FFEC:D0 FD     BNE $FFEB                                                      A:03 X:41 Y:02 S:FB P:nvUBdIzC 
    $FFEB:CA        DEX                                                            A:03 X:41 Y:02 S:FB P:nvUBdIzC 
    $FFEC:D0 FD     BNE $FFEB                                                      A:03 X:40 Y:02 S:FB P:nvUBdIzC 
    $FFEB:CA        DEX                                                            A:03 X:40 Y:02 S:FB P:nvUBdIzC 
    $FFEC:D0 FD     BNE $FFEB                                                      A:03 X:3F Y:02 S:FB P:nvUBdIzC 
    $FFEB:CA        DEX                                                            A:03 X:3F Y:02 S:FB P:nvUBdIzC 
    $FFEC:D0 FD     BNE $FFEB                                                      A:03 X:3E Y:02 S:FB P:nvUBdIzC 
    $FFEB:CA        DEX                                                            A:03 X:3E Y:02 S:FB P:nvUBdIzC 
    $FFEC:D0 FD     BNE $FFEB                                                      A:03 X:3D Y:02 S:FB P:nvUBdIzC 
    $FFEB:CA        DEX                                                            A:03 X:3D Y:02 S:FB P:nvUBdIzC 
    $FFEC:D0 FD     BNE $FFEB                                                      A:03 X:3C Y:02 S:FB P:nvUBdIzC 
    $FFEB:CA        DEX                                                            A:03 X:3C Y:02 S:FB P:nvUBdIzC 
    $FFEC:D0 FD     BNE $FFEB                                                      A:03 X:3B Y:02 S:FB P:nvUBdIzC 
    $FFEB:CA        DEX                                                            A:03 X:3B Y:02 S:FB P:nvUBdIzC 
    $FFEC:D0 FD     BNE $FFEB                                                      A:03 X:3A Y:02 S:FB P:nvUBdIzC 
    $FFEB:CA        DEX                                                            A:03 X:3A Y:02 S:FB P:nvUBdIzC 
    $FFEC:D0 FD     BNE $FFEB                                                      A:03 X:39 Y:02 S:FB P:nvUBdIzC 
    $FFEB:CA        DEX                                                            A:03 X:39 Y:02 S:FB P:nvUBdIzC 
    $FFEC:D0 FD     BNE $FFEB                                                      A:03 X:38 Y:02 S:FB P:nvUBdIzC 
    $FFEB:CA        DEX                                                            A:03 X:38 Y:02 S:FB P:nvUBdIzC 
    $FFEC:D0 FD     BNE $FFEB                                                      A:03 X:37 Y:02 S:FB P:nvUBdIzC 
    $FFEB:CA        DEX                                                            A:03 X:37 Y:02 S:FB P:nvUBdIzC 
    $FFEC:D0 FD     BNE $FFEB                                                      A:03 X:36 Y:02 S:FB P:nvUBdIzC 
    $FFEB:CA        DEX                                                            A:03 X:36 Y:02 S:FB P:nvUBdIzC 
    $FFEC:D0 FD     BNE $FFEB                                                      A:03 X:35 Y:02 S:FB P:nvUBdIzC 
    $FFEB:CA        DEX                                                            A:03 X:35 Y:02 S:FB P:nvUBdIzC 
    $FFEC:D0 FD     BNE $FFEB                                                      A:03 X:34 Y:02 S:FB P:nvUBdIzC 
    $FFEB:CA        DEX                                                            A:03 X:34 Y:02 S:FB P:nvUBdIzC 
    $FFEC:D0 FD     BNE $FFEB                                                      A:03 X:33 Y:02 S:FB P:nvUBdIzC 
    $FFEB:CA        DEX                                                            A:03 X:33 Y:02 S:FB P:nvUBdIzC 
    $FFEC:D0 FD     BNE $FFEB                                                      A:03 X:32 Y:02 S:FB P:nvUBdIzC 
    $FFEB:CA        DEX                                                            A:03 X:32 Y:02 S:FB P:nvUBdIzC 
    $FFEC:D0 FD     BNE $FFEB                                                      A:03 X:31 Y:02 S:FB P:nvUBdIzC 
    $FFEB:CA        DEX                                                            A:03 X:31 Y:02 S:FB P:nvUBdIzC 
    $FFEC:D0 FD     BNE $FFEB                                                      A:03 X:30 Y:02 S:FB P:nvUBdIzC 
    $FFEB:CA        DEX                                                            A:03 X:30 Y:02 S:FB P:nvUBdIzC 
    $FFEC:D0 FD     BNE $FFEB                                                      A:03 X:2F Y:02 S:FB P:nvUBdIzC 
    $FFEB:CA        DEX                                                            A:03 X:2F Y:02 S:FB P:nvUBdIzC 
    $FFEC:D0 FD     BNE $FFEB                                                      A:03 X:2E Y:02 S:FB P:nvUBdIzC 
    $FFEB:CA        DEX                                                            A:03 X:2E Y:02 S:FB P:nvUBdIzC 
    $FFEC:D0 FD     BNE $FFEB                                                      A:03 X:2D Y:02 S:FB P:nvUBdIzC 
    $FFEB:CA        DEX                                                            A:03 X:2D Y:02 S:FB P:nvUBdIzC 
    $FFEC:D0 FD     BNE $FFEB                                                      A:03 X:2C Y:02 S:FB P:nvUBdIzC 
    $FFEB:CA        DEX                                                            A:03 X:2C Y:02 S:FB P:nvUBdIzC 
    $FFEC:D0 FD     BNE $FFEB                                                      A:03 X:2B Y:02 S:FB P:nvUBdIzC 
    $FFEB:CA        DEX                                                            A:03 X:2B Y:02 S:FB P:nvUBdIzC 
    $FFEC:D0 FD     BNE $FFEB                                                      A:03 X:2A Y:02 S:FB P:nvUBdIzC 
    $FFEB:CA        DEX                                                            A:03 X:2A Y:02 S:FB P:nvUBdIzC 
    $FFEC:D0 FD     BNE $FFEB                                                      A:03 X:29 Y:02 S:FB P:nvUBdIzC 
    $FFEB:CA        DEX                                                            A:03 X:29 Y:02 S:FB P:nvUBdIzC 
    $FFEC:D0 FD     BNE $FFEB                                                      A:03 X:28 Y:02 S:FB P:nvUBdIzC 
    $FFEB:CA        DEX                                                            A:03 X:28 Y:02 S:FB P:nvUBdIzC 
    $FFEC:D0 FD     BNE $FFEB                                                      A:03 X:27 Y:02 S:FB P:nvUBdIzC 
    $FFEB:CA        DEX                                                            A:03 X:27 Y:02 S:FB P:nvUBdIzC 
    $FFEC:D0 FD     BNE $FFEB                                                      A:03 X:26 Y:02 S:FB P:nvUBdIzC 
    $FFEB:CA        DEX                                                            A:03 X:26 Y:02 S:FB P:nvUBdIzC 
    $FFEC:D0 FD     BNE $FFEB                                                      A:03 X:25 Y:02 S:FB P:nvUBdIzC 
    $FFEB:CA        DEX                                                            A:03 X:25 Y:02 S:FB P:nvUBdIzC 
    $FFEC:D0 FD     BNE $FFEB                                                      A:03 X:24 Y:02 S:FB P:nvUBdIzC 
    $FFEB:CA        DEX                                                            A:03 X:24 Y:02 S:FB P:nvUBdIzC 
    $FFEC:D0 FD     BNE $FFEB                                                      A:03 X:23 Y:02 S:FB P:nvUBdIzC 
    $FFEB:CA        DEX                                                            A:03 X:23 Y:02 S:FB P:nvUBdIzC 
    $FFEC:D0 FD     BNE $FFEB                                                      A:03 X:22 Y:02 S:FB P:nvUBdIzC 
    $FFEB:CA        DEX                                                            A:03 X:22 Y:02 S:FB P:nvUBdIzC 
    $FFEC:D0 FD     BNE $FFEB                                                      A:03 X:21 Y:02 S:FB P:nvUBdIzC 
    $FFEB:CA        DEX                                                            A:03 X:21 Y:02 S:FB P:nvUBdIzC 
    $FFEC:D0 FD     BNE $FFEB                                                      A:03 X:20 Y:02 S:FB P:nvUBdIzC 
    $FFEB:CA        DEX                                                            A:03 X:20 Y:02 S:FB P:nvUBdIzC 
    $FFEC:D0 FD     BNE $FFEB                                                      A:03 X:1F Y:02 S:FB P:nvUBdIzC 
    $FFEB:CA        DEX                                                            A:03 X:1F Y:02 S:FB P:nvUBdIzC 
    $FFEC:D0 FD     BNE $FFEB                                                      A:03 X:1E Y:02 S:FB P:nvUBdIzC 
    $FFEB:CA        DEX                                                            A:03 X:1E Y:02 S:FB P:nvUBdIzC 
    $FFEC:D0 FD     BNE $FFEB                                                      A:03 X:1D Y:02 S:FB P:nvUBdIzC 
    $FFEB:CA        DEX                                                            A:03 X:1D Y:02 S:FB P:nvUBdIzC 
    $FFEC:D0 FD     BNE $FFEB                                                      A:03 X:1C Y:02 S:FB P:nvUBdIzC 
    $FFEB:CA        DEX                                                            A:03 X:1C Y:02 S:FB P:nvUBdIzC 
    $FFEC:D0 FD     BNE $FFEB                                                      A:03 X:1B Y:02 S:FB P:nvUBdIzC 
    $FFEB:CA        DEX                                                            A:03 X:1B Y:02 S:FB P:nvUBdIzC 
    $FFEC:D0 FD     BNE $FFEB                                                      A:03 X:1A Y:02 S:FB P:nvUBdIzC 
    $FFEB:CA        DEX                                                            A:03 X:1A Y:02 S:FB P:nvUBdIzC 
    $FFEC:D0 FD     BNE $FFEB                                                      A:03 X:19 Y:02 S:FB P:nvUBdIzC 
    $FFEB:CA        DEX                                                            A:03 X:19 Y:02 S:FB P:nvUBdIzC 
    $FFEC:D0 FD     BNE $FFEB                                                      A:03 X:18 Y:02 S:FB P:nvUBdIzC 
    $FFEB:CA        DEX                                                            A:03 X:18 Y:02 S:FB P:nvUBdIzC 
    $FFEC:D0 FD     BNE $FFEB                                                      A:03 X:17 Y:02 S:FB P:nvUBdIzC 
    $FFEB:CA        DEX                                                            A:03 X:17 Y:02 S:FB P:nvUBdIzC 
    $FFEC:D0 FD     BNE $FFEB                                                      A:03 X:16 Y:02 S:FB P:nvUBdIzC 
    $FFEB:CA        DEX                                                            A:03 X:16 Y:02 S:FB P:nvUBdIzC 
    $FFEC:D0 FD     BNE $FFEB                                                      A:03 X:15 Y:02 S:FB P:nvUBdIzC 
    $FFEB:CA        DEX                                                            A:03 X:15 Y:02 S:FB P:nvUBdIzC 
    $FFEC:D0 FD     BNE $FFEB                                                      A:03 X:14 Y:02 S:FB P:nvUBdIzC 
    $FFEB:CA        DEX                                                            A:03 X:14 Y:02 S:FB P:nvUBdIzC 
    $FFEC:D0 FD     BNE $FFEB                                                      A:03 X:13 Y:02 S:FB P:nvUBdIzC 
    $FFEB:CA        DEX                                                            A:03 X:13 Y:02 S:FB P:nvUBdIzC 
    $FFEC:D0 FD     BNE $FFEB                                                      A:03 X:12 Y:02 S:FB P:nvUBdIzC 
    $FFEB:CA        DEX                                                            A:03 X:12 Y:02 S:FB P:nvUBdIzC 
    $FFEC:D0 FD     BNE $FFEB                                                      A:03 X:11 Y:02 S:FB P:nvUBdIzC 
    $FFEB:CA        DEX                                                            A:03 X:11 Y:02 S:FB P:nvUBdIzC 
    $FFEC:D0 FD     BNE $FFEB                                                      A:03 X:10 Y:02 S:FB P:nvUBdIzC 
    $FFEB:CA        DEX                                                            A:03 X:10 Y:02 S:FB P:nvUBdIzC 
    $FFEC:D0 FD     BNE $FFEB                                                      A:03 X:0F Y:02 S:FB P:nvUBdIzC 
    $FFEB:CA        DEX                                                            A:03 X:0F Y:02 S:FB P:nvUBdIzC 
    $FFEC:D0 FD     BNE $FFEB                                                      A:03 X:0E Y:02 S:FB P:nvUBdIzC 
    $FFEB:CA        DEX                                                            A:03 X:0E Y:02 S:FB P:nvUBdIzC 
    $FFEC:D0 FD     BNE $FFEB                                                      A:03 X:0D Y:02 S:FB P:nvUBdIzC 
    $FFEB:CA        DEX                                                            A:03 X:0D Y:02 S:FB P:nvUBdIzC 
    $FFEC:D0 FD     BNE $FFEB                                                      A:03 X:0C Y:02 S:FB P:nvUBdIzC 
    $FFEB:CA        DEX                                                            A:03 X:0C Y:02 S:FB P:nvUBdIzC 
    $FFEC:D0 FD     BNE $FFEB                                                      A:03 X:0B Y:02 S:FB P:nvUBdIzC 
    $FFEB:CA        DEX                                                            A:03 X:0B Y:02 S:FB P:nvUBdIzC 
    $FFEC:D0 FD     BNE $FFEB                                                      A:03 X:0A Y:02 S:FB P:nvUBdIzC 
    $FFEB:CA        DEX                                                            A:03 X:0A Y:02 S:FB P:nvUBdIzC 
    $FFEC:D0 FD     BNE $FFEB                                                      A:03 X:09 Y:02 S:FB P:nvUBdIzC 
    $FFEB:CA        DEX                                                            A:03 X:09 Y:02 S:FB P:nvUBdIzC 
    $FFEC:D0 FD     BNE $FFEB                                                      A:03 X:08 Y:02 S:FB P:nvUBdIzC 
    $FFEB:CA        DEX                                                            A:03 X:08 Y:02 S:FB P:nvUBdIzC 
    $FFEC:D0 FD     BNE $FFEB                                                      A:03 X:07 Y:02 S:FB P:nvUBdIzC 
    $FFEB:CA        DEX                                                            A:03 X:07 Y:02 S:FB P:nvUBdIzC 
    $FFEC:D0 FD     BNE $FFEB                                                      A:03 X:06 Y:02 S:FB P:nvUBdIzC 
    $FFEB:CA        DEX                                                            A:03 X:06 Y:02 S:FB P:nvUBdIzC 
    $FFEC:D0 FD     BNE $FFEB                                                      A:03 X:05 Y:02 S:FB P:nvUBdIzC 
    $FFEB:CA        DEX                                                            A:03 X:05 Y:02 S:FB P:nvUBdIzC 
    $FFEC:D0 FD     BNE $FFEB                                                      A:03 X:04 Y:02 S:FB P:nvUBdIzC 
    $FFEB:CA        DEX                                                            A:03 X:04 Y:02 S:FB P:nvUBdIzC 
    $FFEC:D0 FD     BNE $FFEB                                                      A:03 X:03 Y:02 S:FB P:nvUBdIzC 
    $FFEB:CA        DEX                                                            A:03 X:03 Y:02 S:FB P:nvUBdIzC 
    $FFEC:D0 FD     BNE $FFEB                                                      A:03 X:02 Y:02 S:FB P:nvUBdIzC 
    $FFEB:CA        DEX                                                            A:03 X:02 Y:02 S:FB P:nvUBdIzC 
    $FFEC:D0 FD     BNE $FFEB                                                      A:03 X:01 Y:02 S:FB P:nvUBdIzC 
    $FFEB:CA        DEX                                                            A:03 X:01 Y:02 S:FB P:nvUBdIzC 
    $FFEC:D0 FD     BNE $FFEB                                                      A:03 X:00 Y:02 S:FB P:nvUBdIZC 
    $FFEE:88        DEY                                                            A:03 X:00 Y:02 S:FB P:nvUBdIZC 
    $FFEF:D0 FA     BNE $FFEB                                                      A:03 X:00 Y:01 S:FB P:nvUBdIzC 
    $FFEB:CA        DEX                                                            A:03 X:00 Y:01 S:FB P:nvUBdIzC 
    $FFEC:D0 FD     BNE $FFEB                                                      A:03 X:FF Y:01 S:FB P:NvUBdIzC 
    $FFEB:CA        DEX                                                            A:03 X:FF Y:01 S:FB P:NvUBdIzC 
    $FFEC:D0 FD     BNE $FFEB                                                      A:03 X:FE Y:01 S:FB P:NvUBdIzC 
    $FFEB:CA        DEX                                                            A:03 X:FE Y:01 S:FB P:NvUBdIzC 
    $FFEC:D0 FD     BNE $FFEB                                                      A:03 X:FD Y:01 S:FB P:NvUBdIzC 
    $FFEB:CA        DEX                                                            A:03 X:FD Y:01 S:FB P:NvUBdIzC 
    $FFEC:D0 FD     BNE $FFEB                                                      A:03 X:FC Y:01 S:FB P:NvUBdIzC 
    $FFEB:CA        DEX                                                            A:03 X:FC Y:01 S:FB P:NvUBdIzC 
    $FFEC:D0 FD     BNE $FFEB                                                      A:03 X:FB Y:01 S:FB P:NvUBdIzC 
    $FFEB:CA        DEX                                                            A:03 X:FB Y:01 S:FB P:NvUBdIzC 
    $FFEC:D0 FD     BNE $FFEB                                                      A:03 X:FA Y:01 S:FB P:NvUBdIzC 
    $FFEB:CA        DEX                                                            A:03 X:FA Y:01 S:FB P:NvUBdIzC 
    $FFEC:D0 FD     BNE $FFEB                                                      A:03 X:F9 Y:01 S:FB P:NvUBdIzC 
    $FFEB:CA        DEX                                                            A:03 X:F9 Y:01 S:FB P:NvUBdIzC 
    $FFEC:D0 FD     BNE $FFEB                                                      A:03 X:F8 Y:01 S:FB P:NvUBdIzC 
    $FFEB:CA        DEX                                                            A:03 X:F8 Y:01 S:FB P:NvUBdIzC 
    $FFEC:D0 FD     BNE $FFEB                                                      A:03 X:F7 Y:01 S:FB P:NvUBdIzC 
    $FFEB:CA        DEX                                                            A:03 X:F7 Y:01 S:FB P:NvUBdIzC 
    $FFEC:D0 FD     BNE $FFEB                                                      A:03 X:F6 Y:01 S:FB P:NvUBdIzC 
    $FFEB:CA        DEX                                                            A:03 X:F6 Y:01 S:FB P:NvUBdIzC 
    $FFEC:D0 FD     BNE $FFEB                                                      A:03 X:F5 Y:01 S:FB P:NvUBdIzC 
    $FFEB:CA        DEX                                                            A:03 X:F5 Y:01 S:FB P:NvUBdIzC 
    $FFEC:D0 FD     BNE $FFEB                                                      A:03 X:F4 Y:01 S:FB P:NvUBdIzC 
    $FFEB:CA        DEX                                                            A:03 X:F4 Y:01 S:FB P:NvUBdIzC 
    $FFEC:D0 FD     BNE $FFEB                                                      A:03 X:F3 Y:01 S:FB P:NvUBdIzC 
    $FFEB:CA        DEX                                                            A:03 X:F3 Y:01 S:FB P:NvUBdIzC 
    $FFEC:D0 FD     BNE $FFEB                                                      A:03 X:F2 Y:01 S:FB P:NvUBdIzC 
    $FFEB:CA        DEX                                                            A:03 X:F2 Y:01 S:FB P:NvUBdIzC 
    $FFEC:D0 FD     BNE $FFEB                                                      A:03 X:F1 Y:01 S:FB P:NvUBdIzC 
    $FFEB:CA        DEX                                                            A:03 X:F1 Y:01 S:FB P:NvUBdIzC 
    $FFEC:D0 FD     BNE $FFEB                                                      A:03 X:F0 Y:01 S:FB P:NvUBdIzC 
    $FFEB:CA        DEX                                                            A:03 X:F0 Y:01 S:FB P:NvUBdIzC 
    $FFEC:D0 FD     BNE $FFEB                                                      A:03 X:EF Y:01 S:FB P:NvUBdIzC 
    $FFEB:CA        DEX                                                            A:03 X:EF Y:01 S:FB P:NvUBdIzC 
    $FFEC:D0 FD     BNE $FFEB                                                      A:03 X:EE Y:01 S:FB P:NvUBdIzC 
    $FFEB:CA        DEX                                                            A:03 X:EE Y:01 S:FB P:NvUBdIzC 
    $FFEC:D0 FD     BNE $FFEB                                                      A:03 X:ED Y:01 S:FB P:NvUBdIzC 
    $FFEB:CA        DEX                                                            A:03 X:ED Y:01 S:FB P:NvUBdIzC 
    $FFEC:D0 FD     BNE $FFEB                                                      A:03 X:EC Y:01 S:FB P:NvUBdIzC 
    $FFEB:CA        DEX                                                            A:03 X:EC Y:01 S:FB P:NvUBdIzC 
    $FFEC:D0 FD     BNE $FFEB                                                      A:03 X:EB Y:01 S:FB P:NvUBdIzC 
    $FFEB:CA        DEX                                                            A:03 X:EB Y:01 S:FB P:NvUBdIzC 
    $FFEC:D0 FD     BNE $FFEB                                                      A:03 X:EA Y:01 S:FB P:NvUBdIzC 
    $FFEB:CA        DEX                                                            A:03 X:EA Y:01 S:FB P:NvUBdIzC 
    $FFEC:D0 FD     BNE $FFEB                                                      A:03 X:E9 Y:01 S:FB P:NvUBdIzC 
    $FFEB:CA        DEX                                                            A:03 X:E9 Y:01 S:FB P:NvUBdIzC 
    $FFEC:D0 FD     BNE $FFEB                                                      A:03 X:E8 Y:01 S:FB P:NvUBdIzC 
    $FFEB:CA        DEX                                                            A:03 X:E8 Y:01 S:FB P:NvUBdIzC 
    $FFEC:D0 FD     BNE $FFEB                                                      A:03 X:E7 Y:01 S:FB P:NvUBdIzC 
    $FFEB:CA        DEX                                                            A:03 X:E7 Y:01 S:FB P:NvUBdIzC 
    $FFEC:D0 FD     BNE $FFEB                                                      A:03 X:E6 Y:01 S:FB P:NvUBdIzC 
    $FFEB:CA        DEX                                                            A:03 X:E6 Y:01 S:FB P:NvUBdIzC 
    $FFEC:D0 FD     BNE $FFEB                                                      A:03 X:E5 Y:01 S:FB P:NvUBdIzC 
    $FFEB:CA        DEX                                                            A:03 X:E5 Y:01 S:FB P:NvUBdIzC 
    $FFEC:D0 FD     BNE $FFEB                                                      A:03 X:E4 Y:01 S:FB P:NvUBdIzC 
    $FFEB:CA        DEX                                                            A:03 X:E4 Y:01 S:FB P:NvUBdIzC 
    $FFEC:D0 FD     BNE $FFEB                                                      A:03 X:E3 Y:01 S:FB P:NvUBdIzC 
    $FFEB:CA        DEX                                                            A:03 X:E3 Y:01 S:FB P:NvUBdIzC 
    $FFEC:D0 FD     BNE $FFEB                                                      A:03 X:E2 Y:01 S:FB P:NvUBdIzC 
    $FFEB:CA        DEX                                                            A:03 X:E2 Y:01 S:FB P:NvUBdIzC 
    $FFEC:D0 FD     BNE $FFEB                                                      A:03 X:E1 Y:01 S:FB P:NvUBdIzC 
    $FFEB:CA        DEX                                                            A:03 X:E1 Y:01 S:FB P:NvUBdIzC 
    $FFEC:D0 FD     BNE $FFEB                                                      A:03 X:E0 Y:01 S:FB P:NvUBdIzC 
    $FFEB:CA        DEX                                                            A:03 X:E0 Y:01 S:FB P:NvUBdIzC 
    $FFEC:D0 FD     BNE $FFEB                                                      A:03 X:DF Y:01 S:FB P:NvUBdIzC 
    $FFEB:CA        DEX                                                            A:03 X:DF Y:01 S:FB P:NvUBdIzC 
    $FFEC:D0 FD     BNE $FFEB                                                      A:03 X:DE Y:01 S:FB P:NvUBdIzC 
    $FFEB:CA        DEX                                                            A:03 X:DE Y:01 S:FB P:NvUBdIzC 
    $FFEC:D0 FD     BNE $FFEB                                                      A:03 X:DD Y:01 S:FB P:NvUBdIzC 
    $FFEB:CA        DEX                                                            A:03 X:DD Y:01 S:FB P:NvUBdIzC 
    $FFEC:D0 FD     BNE $FFEB                                                      A:03 X:DC Y:01 S:FB P:NvUBdIzC 
    $FFEB:CA        DEX                                                            A:03 X:DC Y:01 S:FB P:NvUBdIzC 
    $FFEC:D0 FD     BNE $FFEB                                                      A:03 X:DB Y:01 S:FB P:NvUBdIzC 
    $FFEB:CA        DEX                                                            A:03 X:DB Y:01 S:FB P:NvUBdIzC 
    $FFEC:D0 FD     BNE $FFEB                                                      A:03 X:DA Y:01 S:FB P:NvUBdIzC 
    $FFEB:CA        DEX                                                            A:03 X:DA Y:01 S:FB P:NvUBdIzC 
    $FFEC:D0 FD     BNE $FFEB                                                      A:03 X:D9 Y:01 S:FB P:NvUBdIzC 
    $FFEB:CA        DEX                                                            A:03 X:D9 Y:01 S:FB P:NvUBdIzC 
    $FFEC:D0 FD     BNE $FFEB                                                      A:03 X:D8 Y:01 S:FB P:NvUBdIzC 
    $FFEB:CA        DEX                                                            A:03 X:D8 Y:01 S:FB P:NvUBdIzC 
    $FFEC:D0 FD     BNE $FFEB                                                      A:03 X:D7 Y:01 S:FB P:NvUBdIzC 
    $FFEB:CA        DEX                                                            A:03 X:D7 Y:01 S:FB P:NvUBdIzC 
    $FFEC:D0 FD     BNE $FFEB                                                      A:03 X:D6 Y:01 S:FB P:NvUBdIzC 
    $FFEB:CA        DEX                                                            A:03 X:D6 Y:01 S:FB P:NvUBdIzC 
    $FFEC:D0 FD     BNE $FFEB                                                      A:03 X:D5 Y:01 S:FB P:NvUBdIzC 
    $FFEB:CA        DEX                                                            A:03 X:D5 Y:01 S:FB P:NvUBdIzC 
    $FFEC:D0 FD     BNE $FFEB                                                      A:03 X:D4 Y:01 S:FB P:NvUBdIzC 
    $FFEB:CA        DEX                                                            A:03 X:D4 Y:01 S:FB P:NvUBdIzC 
    $FFEC:D0 FD     BNE $FFEB                                                      A:03 X:D3 Y:01 S:FB P:NvUBdIzC 
    $FFEB:CA        DEX                                                            A:03 X:D3 Y:01 S:FB P:NvUBdIzC 
    $FFEC:D0 FD     BNE $FFEB                                                      A:03 X:D2 Y:01 S:FB P:NvUBdIzC 
    $FFEB:CA        DEX                                                            A:03 X:D2 Y:01 S:FB P:NvUBdIzC 
    $FFEC:D0 FD     BNE $FFEB                                                      A:03 X:D1 Y:01 S:FB P:NvUBdIzC 
    $FFEB:CA        DEX                                                            A:03 X:D1 Y:01 S:FB P:NvUBdIzC 
    $FFEC:D0 FD     BNE $FFEB                                                      A:03 X:D0 Y:01 S:FB P:NvUBdIzC 
    $FFEB:CA        DEX                                                            A:03 X:D0 Y:01 S:FB P:NvUBdIzC 
    $FFEC:D0 FD     BNE $FFEB                                                      A:03 X:CF Y:01 S:FB P:NvUBdIzC 
    $FFEB:CA        DEX                                                            A:03 X:CF Y:01 S:FB P:NvUBdIzC 
    $FFEC:D0 FD     BNE $FFEB                                                      A:03 X:CE Y:01 S:FB P:NvUBdIzC 
    $FFEB:CA        DEX                                                            A:03 X:CE Y:01 S:FB P:NvUBdIzC 
    $FFEC:D0 FD     BNE $FFEB                                                      A:03 X:CD Y:01 S:FB P:NvUBdIzC 
    $FFEB:CA        DEX                                                            A:03 X:CD Y:01 S:FB P:NvUBdIzC 
    $FFEC:D0 FD     BNE $FFEB                                                      A:03 X:CC Y:01 S:FB P:NvUBdIzC 
    $FFEB:CA        DEX                                                            A:03 X:CC Y:01 S:FB P:NvUBdIzC 
    $FFEC:D0 FD     BNE $FFEB                                                      A:03 X:CB Y:01 S:FB P:NvUBdIzC 
    $FFEB:CA        DEX                                                            A:03 X:CB Y:01 S:FB P:NvUBdIzC 
    $FFEC:D0 FD     BNE $FFEB                                                      A:03 X:CA Y:01 S:FB P:NvUBdIzC 
    $FFEB:CA        DEX                                                            A:03 X:CA Y:01 S:FB P:NvUBdIzC 
    $FFEC:D0 FD     BNE $FFEB                                                      A:03 X:C9 Y:01 S:FB P:NvUBdIzC 
    $FFEB:CA        DEX                                                            A:03 X:C9 Y:01 S:FB P:NvUBdIzC 
    $FFEC:D0 FD     BNE $FFEB                                                      A:03 X:C8 Y:01 S:FB P:NvUBdIzC 
    $FFEB:CA        DEX                                                            A:03 X:C8 Y:01 S:FB P:NvUBdIzC 
    $FFEC:D0 FD     BNE $FFEB                                                      A:03 X:C7 Y:01 S:FB P:NvUBdIzC 
    $FFEB:CA        DEX                                                            A:03 X:C7 Y:01 S:FB P:NvUBdIzC 
    $FFEC:D0 FD     BNE $FFEB                                                      A:03 X:C6 Y:01 S:FB P:NvUBdIzC 
    $FFEB:CA        DEX                                                            A:03 X:C6 Y:01 S:FB P:NvUBdIzC 
    $FFEC:D0 FD     BNE $FFEB                                                      A:03 X:C5 Y:01 S:FB P:NvUBdIzC 
    $FFEB:CA        DEX                                                            A:03 X:C5 Y:01 S:FB P:NvUBdIzC 
    $FFEC:D0 FD     BNE $FFEB                                                      A:03 X:C4 Y:01 S:FB P:NvUBdIzC 
    $FFEB:CA        DEX                                                            A:03 X:C4 Y:01 S:FB P:NvUBdIzC 
    $FFEC:D0 FD     BNE $FFEB                                                      A:03 X:C3 Y:01 S:FB P:NvUBdIzC 
    $FFEB:CA        DEX                                                            A:03 X:C3 Y:01 S:FB P:NvUBdIzC 
    $FFEC:D0 FD     BNE $FFEB                                                      A:03 X:C2 Y:01 S:FB P:NvUBdIzC 
    $FFEB:CA        DEX                                                            A:03 X:C2 Y:01 S:FB P:NvUBdIzC 
    $FFEC:D0 FD     BNE $FFEB                                                      A:03 X:C1 Y:01 S:FB P:NvUBdIzC 
    $FFEB:CA        DEX                                                            A:03 X:C1 Y:01 S:FB P:NvUBdIzC 
    $FFEC:D0 FD     BNE $FFEB                                                      A:03 X:C0 Y:01 S:FB P:NvUBdIzC 
    $FFEB:CA        DEX                                                            A:03 X:C0 Y:01 S:FB P:NvUBdIzC 
    $FFEC:D0 FD     BNE $FFEB                                                      A:03 X:BF Y:01 S:FB P:NvUBdIzC 
    $FFEB:CA        DEX                                                            A:03 X:BF Y:01 S:FB P:NvUBdIzC 
    $FFEC:D0 FD     BNE $FFEB                                                      A:03 X:BE Y:01 S:FB P:NvUBdIzC 
    $FFEB:CA        DEX                                                            A:03 X:BE Y:01 S:FB P:NvUBdIzC 
    $FFEC:D0 FD     BNE $FFEB                                                      A:03 X:BD Y:01 S:FB P:NvUBdIzC 
    $FFEB:CA        DEX                                                            A:03 X:BD Y:01 S:FB P:NvUBdIzC 
    $FFEC:D0 FD     BNE $FFEB                                                      A:03 X:BC Y:01 S:FB P:NvUBdIzC 
    $FFEB:CA        DEX                                                            A:03 X:BC Y:01 S:FB P:NvUBdIzC 
    $FFEC:D0 FD     BNE $FFEB                                                      A:03 X:BB Y:01 S:FB P:NvUBdIzC 
    $FFEB:CA        DEX                                                            A:03 X:BB Y:01 S:FB P:NvUBdIzC 
    $FFEC:D0 FD     BNE $FFEB                                                      A:03 X:BA Y:01 S:FB P:NvUBdIzC 
    $FFEB:CA        DEX                                                            A:03 X:BA Y:01 S:FB P:NvUBdIzC 
    $FFEC:D0 FD     BNE $FFEB                                                      A:03 X:B9 Y:01 S:FB P:NvUBdIzC 
    $FFEB:CA        DEX                                                            A:03 X:B9 Y:01 S:FB P:NvUBdIzC 
    $FFEC:D0 FD     BNE $FFEB                                                      A:03 X:B8 Y:01 S:FB P:NvUBdIzC 
    $FFEB:CA        DEX                                                            A:03 X:B8 Y:01 S:FB P:NvUBdIzC 
    $FFEC:D0 FD     BNE $FFEB                                                      A:03 X:B7 Y:01 S:FB P:NvUBdIzC 
    $FFEB:CA        DEX                                                            A:03 X:B7 Y:01 S:FB P:NvUBdIzC 
    $FFEC:D0 FD     BNE $FFEB                                                      A:03 X:B6 Y:01 S:FB P:NvUBdIzC 
    $FFEB:CA        DEX                                                            A:03 X:B6 Y:01 S:FB P:NvUBdIzC 
    $FFEC:D0 FD     BNE $FFEB                                                      A:03 X:B5 Y:01 S:FB P:NvUBdIzC 
    $FFEB:CA        DEX                                                            A:03 X:B5 Y:01 S:FB P:NvUBdIzC 
    $FFEC:D0 FD     BNE $FFEB                                                      A:03 X:B4 Y:01 S:FB P:NvUBdIzC 
    $FFEB:CA        DEX                                                            A:03 X:B4 Y:01 S:FB P:NvUBdIzC 
    $FFEC:D0 FD     BNE $FFEB                                                      A:03 X:B3 Y:01 S:FB P:NvUBdIzC 
    $FFEB:CA        DEX                                                            A:03 X:B3 Y:01 S:FB P:NvUBdIzC 
    $FFEC:D0 FD     BNE $FFEB                                                      A:03 X:B2 Y:01 S:FB P:NvUBdIzC 
    $FFEB:CA        DEX                                                            A:03 X:B2 Y:01 S:FB P:NvUBdIzC 
    $FFEC:D0 FD     BNE $FFEB                                                      A:03 X:B1 Y:01 S:FB P:NvUBdIzC 
    $FFEB:CA        DEX                                                            A:03 X:B1 Y:01 S:FB P:NvUBdIzC 
    $FFEC:D0 FD     BNE $FFEB                                                      A:03 X:B0 Y:01 S:FB P:NvUBdIzC 
    $FFEB:CA        DEX                                                            A:03 X:B0 Y:01 S:FB P:NvUBdIzC 
    $FFEC:D0 FD     BNE $FFEB                                                      A:03 X:AF Y:01 S:FB P:NvUBdIzC 
    $FFEB:CA        DEX                                                            A:03 X:AF Y:01 S:FB P:NvUBdIzC 
    $FFEC:D0 FD     BNE $FFEB                                                      A:03 X:AE Y:01 S:FB P:NvUBdIzC 
    $FFEB:CA        DEX                                                            A:03 X:AE Y:01 S:FB P:NvUBdIzC 
    $FFEC:D0 FD     BNE $FFEB                                                      A:03 X:AD Y:01 S:FB P:NvUBdIzC 
    $FFEB:CA        DEX                                                            A:03 X:AD Y:01 S:FB P:NvUBdIzC 
    $FFEC:D0 FD     BNE $FFEB                                                      A:03 X:AC Y:01 S:FB P:NvUBdIzC 
    $FFEB:CA        DEX                                                            A:03 X:AC Y:01 S:FB P:NvUBdIzC 
    $FFEC:D0 FD     BNE $FFEB                                                      A:03 X:AB Y:01 S:FB P:NvUBdIzC 
    $FFEB:CA        DEX                                                            A:03 X:AB Y:01 S:FB P:NvUBdIzC 
    $FFEC:D0 FD     BNE $FFEB                                                      A:03 X:AA Y:01 S:FB P:NvUBdIzC 
    $FFEB:CA        DEX                                                            A:03 X:AA Y:01 S:FB P:NvUBdIzC 
    $FFEC:D0 FD     BNE $FFEB                                                      A:03 X:A9 Y:01 S:FB P:NvUBdIzC 
    $FFEB:CA        DEX                                                            A:03 X:A9 Y:01 S:FB P:NvUBdIzC 
    $FFEC:D0 FD     BNE $FFEB                                                      A:03 X:A8 Y:01 S:FB P:NvUBdIzC 
    $FFEB:CA        DEX                                                            A:03 X:A8 Y:01 S:FB P:NvUBdIzC 
    $FFEC:D0 FD     BNE $FFEB                                                      A:03 X:A7 Y:01 S:FB P:NvUBdIzC 
    $FFEB:CA        DEX                                                            A:03 X:A7 Y:01 S:FB P:NvUBdIzC 
    $FFEC:D0 FD     BNE $FFEB                                                      A:03 X:A6 Y:01 S:FB P:NvUBdIzC 
    $FFEB:CA        DEX                                                            A:03 X:A6 Y:01 S:FB P:NvUBdIzC 
    $FFEC:D0 FD     BNE $FFEB                                                      A:03 X:A5 Y:01 S:FB P:NvUBdIzC 
    $FFEB:CA        DEX                                                            A:03 X:A5 Y:01 S:FB P:NvUBdIzC 
    $FFEC:D0 FD     BNE $FFEB                                                      A:03 X:A4 Y:01 S:FB P:NvUBdIzC 
    $FFEB:CA        DEX                                                            A:03 X:A4 Y:01 S:FB P:NvUBdIzC 
    $FFEC:D0 FD     BNE $FFEB                                                      A:03 X:A3 Y:01 S:FB P:NvUBdIzC 
    $FFEB:CA        DEX                                                            A:03 X:A3 Y:01 S:FB P:NvUBdIzC 
    $FFEC:D0 FD     BNE $FFEB                                                      A:03 X:A2 Y:01 S:FB P:NvUBdIzC 
    $FFEB:CA        DEX                                                            A:03 X:A2 Y:01 S:FB P:NvUBdIzC 
    $FFEC:D0 FD     BNE $FFEB                                                      A:03 X:A1 Y:01 S:FB P:NvUBdIzC 
    $FFEB:CA        DEX                                                            A:03 X:A1 Y:01 S:FB P:NvUBdIzC 
    $FFEC:D0 FD     BNE $FFEB                                                      A:03 X:A0 Y:01 S:FB P:NvUBdIzC 
    $FFEB:CA        DEX                                                            A:03 X:A0 Y:01 S:FB P:NvUBdIzC 
    $FFEC:D0 FD     BNE $FFEB                                                      A:03 X:9F Y:01 S:FB P:NvUBdIzC 
    $FFEB:CA        DEX                                                            A:03 X:9F Y:01 S:FB P:NvUBdIzC 
    $FFEC:D0 FD     BNE $FFEB                                                      A:03 X:9E Y:01 S:FB P:NvUBdIzC 
    $FFEB:CA        DEX                                                            A:03 X:9E Y:01 S:FB P:NvUBdIzC 
    $FFEC:D0 FD     BNE $FFEB                                                      A:03 X:9D Y:01 S:FB P:NvUBdIzC 
    $FFEB:CA        DEX                                                            A:03 X:9D Y:01 S:FB P:NvUBdIzC 
    $FFEC:D0 FD     BNE $FFEB                                                      A:03 X:9C Y:01 S:FB P:NvUBdIzC 
    $FFEB:CA        DEX                                                            A:03 X:9C Y:01 S:FB P:NvUBdIzC 
    $FFEC:D0 FD     BNE $FFEB                                                      A:03 X:9B Y:01 S:FB P:NvUBdIzC 
    $FFEB:CA        DEX                                                            A:03 X:9B Y:01 S:FB P:NvUBdIzC 
    $FFEC:D0 FD     BNE $FFEB                                                      A:03 X:9A Y:01 S:FB P:NvUBdIzC 
    $FFEB:CA        DEX                                                            A:03 X:9A Y:01 S:FB P:NvUBdIzC 
    $FFEC:D0 FD     BNE $FFEB                                                      A:03 X:99 Y:01 S:FB P:NvUBdIzC 
    $FFEB:CA        DEX                                                            A:03 X:99 Y:01 S:FB P:NvUBdIzC 
    $FFEC:D0 FD     BNE $FFEB                                                      A:03 X:98 Y:01 S:FB P:NvUBdIzC 
    $FFEB:CA        DEX                                                            A:03 X:98 Y:01 S:FB P:NvUBdIzC 
    $FFEC:D0 FD     BNE $FFEB                                                      A:03 X:97 Y:01 S:FB P:NvUBdIzC 
    $FFEB:CA        DEX                                                            A:03 X:97 Y:01 S:FB P:NvUBdIzC 
    $FFEC:D0 FD     BNE $FFEB                                                      A:03 X:96 Y:01 S:FB P:NvUBdIzC 
    $FFEB:CA        DEX                                                            A:03 X:96 Y:01 S:FB P:NvUBdIzC 
    $FFEC:D0 FD     BNE $FFEB                                                      A:03 X:95 Y:01 S:FB P:NvUBdIzC 
    $FFEB:CA        DEX                                                            A:03 X:95 Y:01 S:FB P:NvUBdIzC 
    $FFEC:D0 FD     BNE $FFEB                                                      A:03 X:94 Y:01 S:FB P:NvUBdIzC 
    $FFEB:CA        DEX                                                            A:03 X:94 Y:01 S:FB P:NvUBdIzC 
    $FFEC:D0 FD     BNE $FFEB                                                      A:03 X:93 Y:01 S:FB P:NvUBdIzC 
    $FFEB:CA        DEX                                                            A:03 X:93 Y:01 S:FB P:NvUBdIzC 
    $FFEC:D0 FD     BNE $FFEB                                                      A:03 X:92 Y:01 S:FB P:NvUBdIzC 
    $FFEB:CA        DEX                                                            A:03 X:92 Y:01 S:FB P:NvUBdIzC 
    $FFEC:D0 FD     BNE $FFEB                                                      A:03 X:91 Y:01 S:FB P:NvUBdIzC 
    $FFEB:CA        DEX                                                            A:03 X:91 Y:01 S:FB P:NvUBdIzC 
    $FFEC:D0 FD     BNE $FFEB                                                      A:03 X:90 Y:01 S:FB P:NvUBdIzC 
    $FFEB:CA        DEX                                                            A:03 X:90 Y:01 S:FB P:NvUBdIzC 
    $FFEC:D0 FD     BNE $FFEB                                                      A:03 X:8F Y:01 S:FB P:NvUBdIzC 
    $FFEB:CA        DEX                                                            A:03 X:8F Y:01 S:FB P:NvUBdIzC 
    $FFEC:D0 FD     BNE $FFEB                                                      A:03 X:8E Y:01 S:FB P:NvUBdIzC 
    $FFEB:CA        DEX                                                            A:03 X:8E Y:01 S:FB P:NvUBdIzC 
    $FFEC:D0 FD     BNE $FFEB                                                      A:03 X:8D Y:01 S:FB P:NvUBdIzC 
    $FFEB:CA        DEX                                                            A:03 X:8D Y:01 S:FB P:NvUBdIzC 
    $FFEC:D0 FD     BNE $FFEB                                                      A:03 X:8C Y:01 S:FB P:NvUBdIzC 
    $FFEB:CA        DEX                                                            A:03 X:8C Y:01 S:FB P:NvUBdIzC 
    $FFEC:D0 FD     BNE $FFEB                                                      A:03 X:8B Y:01 S:FB P:NvUBdIzC 
    $FFEB:CA        DEX                                                            A:03 X:8B Y:01 S:FB P:NvUBdIzC 
    $FFEC:D0 FD     BNE $FFEB                                                      A:03 X:8A Y:01 S:FB P:NvUBdIzC 
    $FFEB:CA        DEX                                                            A:03 X:8A Y:01 S:FB P:NvUBdIzC 
    $FFEC:D0 FD     BNE $FFEB                                                      A:03 X:89 Y:01 S:FB P:NvUBdIzC 
    $FFEB:CA        DEX                                                            A:03 X:89 Y:01 S:FB P:NvUBdIzC 
    $FFEC:D0 FD     BNE $FFEB                                                      A:03 X:88 Y:01 S:FB P:NvUBdIzC 
    $FFEB:CA        DEX                                                            A:03 X:88 Y:01 S:FB P:NvUBdIzC 
    $FFEC:D0 FD     BNE $FFEB                                                      A:03 X:87 Y:01 S:FB P:NvUBdIzC 
    $FFEB:CA        DEX                                                            A:03 X:87 Y:01 S:FB P:NvUBdIzC 
    $FFEC:D0 FD     BNE $FFEB                                                      A:03 X:86 Y:01 S:FB P:NvUBdIzC 
    $FFEB:CA        DEX                                                            A:03 X:86 Y:01 S:FB P:NvUBdIzC 
    $FFEC:D0 FD     BNE $FFEB                                                      A:03 X:85 Y:01 S:FB P:NvUBdIzC 
    $FFEB:CA        DEX                                                            A:03 X:85 Y:01 S:FB P:NvUBdIzC 
    $FFEC:D0 FD     BNE $FFEB                                                      A:03 X:84 Y:01 S:FB P:NvUBdIzC 
    $FFEB:CA        DEX                                                            A:03 X:84 Y:01 S:FB P:NvUBdIzC 
    $FFEC:D0 FD     BNE $FFEB                                                      A:03 X:83 Y:01 S:FB P:NvUBdIzC 
    $FFEB:CA        DEX                                                            A:03 X:83 Y:01 S:FB P:NvUBdIzC 
    $FFEC:D0 FD     BNE $FFEB                                                      A:03 X:82 Y:01 S:FB P:NvUBdIzC 
    $FFEB:CA        DEX                                                            A:03 X:82 Y:01 S:FB P:NvUBdIzC 
    $FFEC:D0 FD     BNE $FFEB                                                      A:03 X:81 Y:01 S:FB P:NvUBdIzC 
    $FFEB:CA        DEX                                                            A:03 X:81 Y:01 S:FB P:NvUBdIzC 
    $FFEC:D0 FD     BNE $FFEB                                                      A:03 X:80 Y:01 S:FB P:NvUBdIzC 
    $FFEB:CA        DEX                                                            A:03 X:80 Y:01 S:FB P:NvUBdIzC 
    $FFEC:D0 FD     BNE $FFEB                                                      A:03 X:7F Y:01 S:FB P:nvUBdIzC 
    $FFEB:CA        DEX                                                            A:03 X:7F Y:01 S:FB P:nvUBdIzC 
    $FFEC:D0 FD     BNE $FFEB                                                      A:03 X:7E Y:01 S:FB P:nvUBdIzC 
    $FFEB:CA        DEX                                                            A:03 X:7E Y:01 S:FB P:nvUBdIzC 
    $FFEC:D0 FD     BNE $FFEB                                                      A:03 X:7D Y:01 S:FB P:nvUBdIzC 
    $FFEB:CA        DEX                                                            A:03 X:7D Y:01 S:FB P:nvUBdIzC 
    $FFEC:D0 FD     BNE $FFEB                                                      A:03 X:7C Y:01 S:FB P:nvUBdIzC 
    $FFEB:CA        DEX                                                            A:03 X:7C Y:01 S:FB P:nvUBdIzC 
    $FFEC:D0 FD     BNE $FFEB                                                      A:03 X:7B Y:01 S:FB P:nvUBdIzC 
    $FFEB:CA        DEX                                                            A:03 X:7B Y:01 S:FB P:nvUBdIzC 
    $FFEC:D0 FD     BNE $FFEB                                                      A:03 X:7A Y:01 S:FB P:nvUBdIzC 
    $FFEB:CA        DEX                                                            A:03 X:7A Y:01 S:FB P:nvUBdIzC 
    $FFEC:D0 FD     BNE $FFEB                                                      A:03 X:79 Y:01 S:FB P:nvUBdIzC 
    $FFEB:CA        DEX                                                            A:03 X:79 Y:01 S:FB P:nvUBdIzC 
    $FFEC:D0 FD     BNE $FFEB                                                      A:03 X:78 Y:01 S:FB P:nvUBdIzC 
    $FFEB:CA        DEX                                                            A:03 X:78 Y:01 S:FB P:nvUBdIzC 
    $FFEC:D0 FD     BNE $FFEB                                                      A:03 X:77 Y:01 S:FB P:nvUBdIzC 
    $FFEB:CA        DEX                                                            A:03 X:77 Y:01 S:FB P:nvUBdIzC 
    $FFEC:D0 FD     BNE $FFEB                                                      A:03 X:76 Y:01 S:FB P:nvUBdIzC 
    $FFEB:CA        DEX                                                            A:03 X:76 Y:01 S:FB P:nvUBdIzC 
    $FFEC:D0 FD     BNE $FFEB                                                      A:03 X:75 Y:01 S:FB P:nvUBdIzC 
    $FFEB:CA        DEX                                                            A:03 X:75 Y:01 S:FB P:nvUBdIzC 
    $FFEC:D0 FD     BNE $FFEB                                                      A:03 X:74 Y:01 S:FB P:nvUBdIzC 
    $FFEB:CA        DEX                                                            A:03 X:74 Y:01 S:FB P:nvUBdIzC 
    $FFEC:D0 FD     BNE $FFEB                                                      A:03 X:73 Y:01 S:FB P:nvUBdIzC 
    $FFEB:CA        DEX                                                            A:03 X:73 Y:01 S:FB P:nvUBdIzC 
    $FFEC:D0 FD     BNE $FFEB                                                      A:03 X:72 Y:01 S:FB P:nvUBdIzC 
    $FFEB:CA        DEX                                                            A:03 X:72 Y:01 S:FB P:nvUBdIzC 
    $FFEC:D0 FD     BNE $FFEB                                                      A:03 X:71 Y:01 S:FB P:nvUBdIzC 
    $FFEB:CA        DEX                                                            A:03 X:71 Y:01 S:FB P:nvUBdIzC 
    $FFEC:D0 FD     BNE $FFEB                                                      A:03 X:70 Y:01 S:FB P:nvUBdIzC 
    $FFEB:CA        DEX                                                            A:03 X:70 Y:01 S:FB P:nvUBdIzC 
    $FFEC:D0 FD     BNE $FFEB                                                      A:03 X:6F Y:01 S:FB P:nvUBdIzC 
    $FFEB:CA        DEX                                                            A:03 X:6F Y:01 S:FB P:nvUBdIzC 
    $FFEC:D0 FD     BNE $FFEB                                                      A:03 X:6E Y:01 S:FB P:nvUBdIzC 
    $FFEB:CA        DEX                                                            A:03 X:6E Y:01 S:FB P:nvUBdIzC 
    $FFEC:D0 FD     BNE $FFEB                                                      A:03 X:6D Y:01 S:FB P:nvUBdIzC 
    $FFEB:CA        DEX                                                            A:03 X:6D Y:01 S:FB P:nvUBdIzC 
    $FFEC:D0 FD     BNE $FFEB                                                      A:03 X:6C Y:01 S:FB P:nvUBdIzC 
    $FFEB:CA        DEX                                                            A:03 X:6C Y:01 S:FB P:nvUBdIzC 
    $FFEC:D0 FD     BNE $FFEB                                                      A:03 X:6B Y:01 S:FB P:nvUBdIzC 
    $FFEB:CA        DEX                                                            A:03 X:6B Y:01 S:FB P:nvUBdIzC 
    $FFEC:D0 FD     BNE $FFEB                                                      A:03 X:6A Y:01 S:FB P:nvUBdIzC 
    $FFEB:CA        DEX                                                            A:03 X:6A Y:01 S:FB P:nvUBdIzC 
    $FFEC:D0 FD     BNE $FFEB                                                      A:03 X:69 Y:01 S:FB P:nvUBdIzC 
    $FFEB:CA        DEX                                                            A:03 X:69 Y:01 S:FB P:nvUBdIzC 
    $FFEC:D0 FD     BNE $FFEB                                                      A:03 X:68 Y:01 S:FB P:nvUBdIzC 
    $FFEB:CA        DEX                                                            A:03 X:68 Y:01 S:FB P:nvUBdIzC 
    $FFEC:D0 FD     BNE $FFEB                                                      A:03 X:67 Y:01 S:FB P:nvUBdIzC 
    $FFEB:CA        DEX                                                            A:03 X:67 Y:01 S:FB P:nvUBdIzC 
    $FFEC:D0 FD     BNE $FFEB                                                      A:03 X:66 Y:01 S:FB P:nvUBdIzC 
    $FFEB:CA        DEX                                                            A:03 X:66 Y:01 S:FB P:nvUBdIzC 
    $FFEC:D0 FD     BNE $FFEB                                                      A:03 X:65 Y:01 S:FB P:nvUBdIzC 
    $FFEB:CA        DEX                                                            A:03 X:65 Y:01 S:FB P:nvUBdIzC 
    $FFEC:D0 FD     BNE $FFEB                                                      A:03 X:64 Y:01 S:FB P:nvUBdIzC 
    $FFEB:CA        DEX                                                            A:03 X:64 Y:01 S:FB P:nvUBdIzC 
    $FFEC:D0 FD     BNE $FFEB                                                      A:03 X:63 Y:01 S:FB P:nvUBdIzC 
    $FFEB:CA        DEX                                                            A:03 X:63 Y:01 S:FB P:nvUBdIzC 
    $FFEC:D0 FD     BNE $FFEB                                                      A:03 X:62 Y:01 S:FB P:nvUBdIzC 
    $FFEB:CA        DEX                                                            A:03 X:62 Y:01 S:FB P:nvUBdIzC 
    $FFEC:D0 FD     BNE $FFEB                                                      A:03 X:61 Y:01 S:FB P:nvUBdIzC 
    $FFEB:CA        DEX                                                            A:03 X:61 Y:01 S:FB P:nvUBdIzC 
    $FFEC:D0 FD     BNE $FFEB                                                      A:03 X:60 Y:01 S:FB P:nvUBdIzC 
    $FFEB:CA        DEX                                                            A:03 X:60 Y:01 S:FB P:nvUBdIzC 
    $FFEC:D0 FD     BNE $FFEB                                                      A:03 X:5F Y:01 S:FB P:nvUBdIzC 
    $FFEB:CA        DEX                                                            A:03 X:5F Y:01 S:FB P:nvUBdIzC 
    $FFEC:D0 FD     BNE $FFEB                                                      A:03 X:5E Y:01 S:FB P:nvUBdIzC 
    $FFEB:CA        DEX                                                            A:03 X:5E Y:01 S:FB P:nvUBdIzC 
    $FFEC:D0 FD     BNE $FFEB                                                      A:03 X:5D Y:01 S:FB P:nvUBdIzC 
    $FFEB:CA        DEX                                                            A:03 X:5D Y:01 S:FB P:nvUBdIzC 
    $FFEC:D0 FD     BNE $FFEB                                                      A:03 X:5C Y:01 S:FB P:nvUBdIzC 
    $FFEB:CA        DEX                                                            A:03 X:5C Y:01 S:FB P:nvUBdIzC 
    $FFEC:D0 FD     BNE $FFEB                                                      A:03 X:5B Y:01 S:FB P:nvUBdIzC 
    $FFEB:CA        DEX                                                            A:03 X:5B Y:01 S:FB P:nvUBdIzC 
    $FFEC:D0 FD     BNE $FFEB                                                      A:03 X:5A Y:01 S:FB P:nvUBdIzC 
    $FFEB:CA        DEX                                                            A:03 X:5A Y:01 S:FB P:nvUBdIzC 
    $FFEC:D0 FD     BNE $FFEB                                                      A:03 X:59 Y:01 S:FB P:nvUBdIzC 
    $FFEB:CA        DEX                                                            A:03 X:59 Y:01 S:FB P:nvUBdIzC 
    $FFEC:D0 FD     BNE $FFEB                                                      A:03 X:58 Y:01 S:FB P:nvUBdIzC 
    $FFEB:CA        DEX                                                            A:03 X:58 Y:01 S:FB P:nvUBdIzC 
    $FFEC:D0 FD     BNE $FFEB                                                      A:03 X:57 Y:01 S:FB P:nvUBdIzC 
    $FFEB:CA        DEX                                                            A:03 X:57 Y:01 S:FB P:nvUBdIzC 
    $FFEC:D0 FD     BNE $FFEB                                                      A:03 X:56 Y:01 S:FB P:nvUBdIzC 
    $FFEB:CA        DEX                                                            A:03 X:56 Y:01 S:FB P:nvUBdIzC 
    $FFEC:D0 FD     BNE $FFEB                                                      A:03 X:55 Y:01 S:FB P:nvUBdIzC 
    $FFEB:CA        DEX                                                            A:03 X:55 Y:01 S:FB P:nvUBdIzC 
    $FFEC:D0 FD     BNE $FFEB                                                      A:03 X:54 Y:01 S:FB P:nvUBdIzC 
    $FFEB:CA        DEX                                                            A:03 X:54 Y:01 S:FB P:nvUBdIzC 
    $FFEC:D0 FD     BNE $FFEB                                                      A:03 X:53 Y:01 S:FB P:nvUBdIzC 
    $FFEB:CA        DEX                                                            A:03 X:53 Y:01 S:FB P:nvUBdIzC 
    $FFEC:D0 FD     BNE $FFEB                                                      A:03 X:52 Y:01 S:FB P:nvUBdIzC 
    $FFEB:CA        DEX                                                            A:03 X:52 Y:01 S:FB P:nvUBdIzC 
    $FFEC:D0 FD     BNE $FFEB                                                      A:03 X:51 Y:01 S:FB P:nvUBdIzC 
    $FFEB:CA        DEX                                                            A:03 X:51 Y:01 S:FB P:nvUBdIzC 
    $FFEC:D0 FD     BNE $FFEB                                                      A:03 X:50 Y:01 S:FB P:nvUBdIzC 
    $FFEB:CA        DEX                                                            A:03 X:50 Y:01 S:FB P:nvUBdIzC 
    $FFEC:D0 FD     BNE $FFEB                                                      A:03 X:4F Y:01 S:FB P:nvUBdIzC 
    $FFEB:CA        DEX                                                            A:03 X:4F Y:01 S:FB P:nvUBdIzC 
    $FFEC:D0 FD     BNE $FFEB                                                      A:03 X:4E Y:01 S:FB P:nvUBdIzC 
    $FFEB:CA        DEX                                                            A:03 X:4E Y:01 S:FB P:nvUBdIzC 
    $FFEC:D0 FD     BNE $FFEB                                                      A:03 X:4D Y:01 S:FB P:nvUBdIzC 
    $FFEB:CA        DEX                                                            A:03 X:4D Y:01 S:FB P:nvUBdIzC 
    $FFEC:D0 FD     BNE $FFEB                                                      A:03 X:4C Y:01 S:FB P:nvUBdIzC 
    $FFEB:CA        DEX                                                            A:03 X:4C Y:01 S:FB P:nvUBdIzC 
    $FFEC:D0 FD     BNE $FFEB                                                      A:03 X:4B Y:01 S:FB P:nvUBdIzC 
    $FFEB:CA        DEX                                                            A:03 X:4B Y:01 S:FB P:nvUBdIzC 
    $FFEC:D0 FD     BNE $FFEB                                                      A:03 X:4A Y:01 S:FB P:nvUBdIzC 
    $FFEB:CA        DEX                                                            A:03 X:4A Y:01 S:FB P:nvUBdIzC 
    $FFEC:D0 FD     BNE $FFEB                                                      A:03 X:49 Y:01 S:FB P:nvUBdIzC 
    $FFEB:CA        DEX                                                            A:03 X:49 Y:01 S:FB P:nvUBdIzC 
    $FFEC:D0 FD     BNE $FFEB                                                      A:03 X:48 Y:01 S:FB P:nvUBdIzC 
    $FFEB:CA        DEX                                                            A:03 X:48 Y:01 S:FB P:nvUBdIzC 
    $FFEC:D0 FD     BNE $FFEB                                                      A:03 X:47 Y:01 S:FB P:nvUBdIzC 
    $FFEB:CA        DEX                                                            A:03 X:47 Y:01 S:FB P:nvUBdIzC 
    $FFEC:D0 FD     BNE $FFEB                                                      A:03 X:46 Y:01 S:FB P:nvUBdIzC 
    $FFEB:CA        DEX                                                            A:03 X:46 Y:01 S:FB P:nvUBdIzC 
    $FFEC:D0 FD     BNE $FFEB                                                      A:03 X:45 Y:01 S:FB P:nvUBdIzC 
    $FFEB:CA        DEX                                                            A:03 X:45 Y:01 S:FB P:nvUBdIzC 
    $FFEC:D0 FD     BNE $FFEB                                                      A:03 X:44 Y:01 S:FB P:nvUBdIzC 
    $FFEB:CA        DEX                                                            A:03 X:44 Y:01 S:FB P:nvUBdIzC 
    $FFEC:D0 FD     BNE $FFEB                                                      A:03 X:43 Y:01 S:FB P:nvUBdIzC 
    $FFEB:CA        DEX                                                            A:03 X:43 Y:01 S:FB P:nvUBdIzC 
    $FFEC:D0 FD     BNE $FFEB                                                      A:03 X:42 Y:01 S:FB P:nvUBdIzC 
    $FFEB:CA        DEX                                                            A:03 X:42 Y:01 S:FB P:nvUBdIzC 
    $FFEC:D0 FD     BNE $FFEB                                                      A:03 X:41 Y:01 S:FB P:nvUBdIzC 
    $FFEB:CA        DEX                                                            A:03 X:41 Y:01 S:FB P:nvUBdIzC 
    $FFEC:D0 FD     BNE $FFEB                                                      A:03 X:40 Y:01 S:FB P:nvUBdIzC 
    $FFEB:CA        DEX                                                            A:03 X:40 Y:01 S:FB P:nvUBdIzC 
    $FFEC:D0 FD     BNE $FFEB                                                      A:03 X:3F Y:01 S:FB P:nvUBdIzC 
    $FFEB:CA        DEX                                                            A:03 X:3F Y:01 S:FB P:nvUBdIzC 
    $FFEC:D0 FD     BNE $FFEB                                                      A:03 X:3E Y:01 S:FB P:nvUBdIzC 
    $FFEB:CA        DEX                                                            A:03 X:3E Y:01 S:FB P:nvUBdIzC 
    $FFEC:D0 FD     BNE $FFEB                                                      A:03 X:3D Y:01 S:FB P:nvUBdIzC 
    $FFEB:CA        DEX                                                            A:03 X:3D Y:01 S:FB P:nvUBdIzC 
    $FFEC:D0 FD     BNE $FFEB                                                      A:03 X:3C Y:01 S:FB P:nvUBdIzC 
    $FFEB:CA        DEX                                                            A:03 X:3C Y:01 S:FB P:nvUBdIzC 
    $FFEC:D0 FD     BNE $FFEB                                                      A:03 X:3B Y:01 S:FB P:nvUBdIzC 
    $FFEB:CA        DEX                                                            A:03 X:3B Y:01 S:FB P:nvUBdIzC 
    $FFEC:D0 FD     BNE $FFEB                                                      A:03 X:3A Y:01 S:FB P:nvUBdIzC 
    $FFEB:CA        DEX                                                            A:03 X:3A Y:01 S:FB P:nvUBdIzC 
    $FFEC:D0 FD     BNE $FFEB                                                      A:03 X:39 Y:01 S:FB P:nvUBdIzC 
    $FFEB:CA        DEX                                                            A:03 X:39 Y:01 S:FB P:nvUBdIzC 
    $FFEC:D0 FD     BNE $FFEB                                                      A:03 X:38 Y:01 S:FB P:nvUBdIzC 
    $FFEB:CA        DEX                                                            A:03 X:38 Y:01 S:FB P:nvUBdIzC 
    $FFEC:D0 FD     BNE $FFEB                                                      A:03 X:37 Y:01 S:FB P:nvUBdIzC 
    $FFEB:CA        DEX                                                            A:03 X:37 Y:01 S:FB P:nvUBdIzC 
    $FFEC:D0 FD     BNE $FFEB                                                      A:03 X:36 Y:01 S:FB P:nvUBdIzC 
    $FFEB:CA        DEX                                                            A:03 X:36 Y:01 S:FB P:nvUBdIzC 
    $FFEC:D0 FD     BNE $FFEB                                                      A:03 X:35 Y:01 S:FB P:nvUBdIzC 
    $FFEB:CA        DEX                                                            A:03 X:35 Y:01 S:FB P:nvUBdIzC 
    $FFEC:D0 FD     BNE $FFEB                                                      A:03 X:34 Y:01 S:FB P:nvUBdIzC 
    $FFEB:CA        DEX                                                            A:03 X:34 Y:01 S:FB P:nvUBdIzC 
    $FFEC:D0 FD     BNE $FFEB                                                      A:03 X:33 Y:01 S:FB P:nvUBdIzC 
    $FFEB:CA        DEX                                                            A:03 X:33 Y:01 S:FB P:nvUBdIzC 
    $FFEC:D0 FD     BNE $FFEB                                                      A:03 X:32 Y:01 S:FB P:nvUBdIzC 
    $FFEB:CA        DEX                                                            A:03 X:32 Y:01 S:FB P:nvUBdIzC 
    $FFEC:D0 FD     BNE $FFEB                                                      A:03 X:31 Y:01 S:FB P:nvUBdIzC 
    $FFEB:CA        DEX                                                            A:03 X:31 Y:01 S:FB P:nvUBdIzC 
    $FFEC:D0 FD     BNE $FFEB                                                      A:03 X:30 Y:01 S:FB P:nvUBdIzC 
    $FFEB:CA        DEX                                                            A:03 X:30 Y:01 S:FB P:nvUBdIzC 
    $FFEC:D0 FD     BNE $FFEB                                                      A:03 X:2F Y:01 S:FB P:nvUBdIzC 
    $FFEB:CA        DEX                                                            A:03 X:2F Y:01 S:FB P:nvUBdIzC 
    $FFEC:D0 FD     BNE $FFEB                                                      A:03 X:2E Y:01 S:FB P:nvUBdIzC 
    $FFEB:CA        DEX                                                            A:03 X:2E Y:01 S:FB P:nvUBdIzC 
    $FFEC:D0 FD     BNE $FFEB                                                      A:03 X:2D Y:01 S:FB P:nvUBdIzC 
    $FFEB:CA        DEX                                                            A:03 X:2D Y:01 S:FB P:nvUBdIzC 
    $FFEC:D0 FD     BNE $FFEB                                                      A:03 X:2C Y:01 S:FB P:nvUBdIzC 
    $FFEB:CA        DEX                                                            A:03 X:2C Y:01 S:FB P:nvUBdIzC 
    $FFEC:D0 FD     BNE $FFEB                                                      A:03 X:2B Y:01 S:FB P:nvUBdIzC 
    $FFEB:CA        DEX                                                            A:03 X:2B Y:01 S:FB P:nvUBdIzC 
    $FFEC:D0 FD     BNE $FFEB                                                      A:03 X:2A Y:01 S:FB P:nvUBdIzC 
    $FFEB:CA        DEX                                                            A:03 X:2A Y:01 S:FB P:nvUBdIzC 
    $FFEC:D0 FD     BNE $FFEB                                                      A:03 X:29 Y:01 S:FB P:nvUBdIzC 
    $FFEB:CA        DEX                                                            A:03 X:29 Y:01 S:FB P:nvUBdIzC 
    $FFEC:D0 FD     BNE $FFEB                                                      A:03 X:28 Y:01 S:FB P:nvUBdIzC 
    $FFEB:CA        DEX                                                            A:03 X:28 Y:01 S:FB P:nvUBdIzC 
    $FFEC:D0 FD     BNE $FFEB                                                      A:03 X:27 Y:01 S:FB P:nvUBdIzC 
    $FFEB:CA        DEX                                                            A:03 X:27 Y:01 S:FB P:nvUBdIzC 
    $FFEC:D0 FD     BNE $FFEB                                                      A:03 X:26 Y:01 S:FB P:nvUBdIzC 
    $FFEB:CA        DEX                                                            A:03 X:26 Y:01 S:FB P:nvUBdIzC 
    $FFEC:D0 FD     BNE $FFEB                                                      A:03 X:25 Y:01 S:FB P:nvUBdIzC 
    $FFEB:CA        DEX                                                            A:03 X:25 Y:01 S:FB P:nvUBdIzC 
    $FFEC:D0 FD     BNE $FFEB                                                      A:03 X:24 Y:01 S:FB P:nvUBdIzC 
    $FFEB:CA        DEX                                                            A:03 X:24 Y:01 S:FB P:nvUBdIzC 
    $FFEC:D0 FD     BNE $FFEB                                                      A:03 X:23 Y:01 S:FB P:nvUBdIzC 
    $FFEB:CA        DEX                                                            A:03 X:23 Y:01 S:FB P:nvUBdIzC 
    $FFEC:D0 FD     BNE $FFEB                                                      A:03 X:22 Y:01 S:FB P:nvUBdIzC 
    $FFEB:CA        DEX                                                            A:03 X:22 Y:01 S:FB P:nvUBdIzC 
    $FFEC:D0 FD     BNE $FFEB                                                      A:03 X:21 Y:01 S:FB P:nvUBdIzC 
    $FFEB:CA        DEX                                                            A:03 X:21 Y:01 S:FB P:nvUBdIzC 
    $FFEC:D0 FD     BNE $FFEB                                                      A:03 X:20 Y:01 S:FB P:nvUBdIzC 
    $FFEB:CA        DEX                                                            A:03 X:20 Y:01 S:FB P:nvUBdIzC 
    $FFEC:D0 FD     BNE $FFEB                                                      A:03 X:1F Y:01 S:FB P:nvUBdIzC 
    $FFEB:CA        DEX                                                            A:03 X:1F Y:01 S:FB P:nvUBdIzC 
    $FFEC:D0 FD     BNE $FFEB                                                      A:03 X:1E Y:01 S:FB P:nvUBdIzC 
    $FFEB:CA        DEX                                                            A:03 X:1E Y:01 S:FB P:nvUBdIzC 
    $FFEC:D0 FD     BNE $FFEB                                                      A:03 X:1D Y:01 S:FB P:nvUBdIzC 
    $FFEB:CA        DEX                                                            A:03 X:1D Y:01 S:FB P:nvUBdIzC 
    $FFEC:D0 FD     BNE $FFEB                                                      A:03 X:1C Y:01 S:FB P:nvUBdIzC 
    $FFEB:CA        DEX                                                            A:03 X:1C Y:01 S:FB P:nvUBdIzC 
    $FFEC:D0 FD     BNE $FFEB                                                      A:03 X:1B Y:01 S:FB P:nvUBdIzC 
    $FFEB:CA        DEX                                                            A:03 X:1B Y:01 S:FB P:nvUBdIzC 
    $FFEC:D0 FD     BNE $FFEB                                                      A:03 X:1A Y:01 S:FB P:nvUBdIzC 
    $FFEB:CA        DEX                                                            A:03 X:1A Y:01 S:FB P:nvUBdIzC 
    $FFEC:D0 FD     BNE $FFEB                                                      A:03 X:19 Y:01 S:FB P:nvUBdIzC 
    $FFEB:CA        DEX                                                            A:03 X:19 Y:01 S:FB P:nvUBdIzC 
    $FFEC:D0 FD     BNE $FFEB                                                      A:03 X:18 Y:01 S:FB P:nvUBdIzC 
    $FFEB:CA        DEX                                                            A:03 X:18 Y:01 S:FB P:nvUBdIzC 
    $FFEC:D0 FD     BNE $FFEB                                                      A:03 X:17 Y:01 S:FB P:nvUBdIzC 
    $FFEB:CA        DEX                                                            A:03 X:17 Y:01 S:FB P:nvUBdIzC 
    $FFEC:D0 FD     BNE $FFEB                                                      A:03 X:16 Y:01 S:FB P:nvUBdIzC 
    $FFEB:CA        DEX                                                            A:03 X:16 Y:01 S:FB P:nvUBdIzC 
    $FFEC:D0 FD     BNE $FFEB                                                      A:03 X:15 Y:01 S:FB P:nvUBdIzC 
    $FFEB:CA        DEX                                                            A:03 X:15 Y:01 S:FB P:nvUBdIzC 
    $FFEC:D0 FD     BNE $FFEB                                                      A:03 X:14 Y:01 S:FB P:nvUBdIzC 
    $FFEB:CA        DEX                                                            A:03 X:14 Y:01 S:FB P:nvUBdIzC 
    $FFEC:D0 FD     BNE $FFEB                                                      A:03 X:13 Y:01 S:FB P:nvUBdIzC 
    $FFEB:CA        DEX                                                            A:03 X:13 Y:01 S:FB P:nvUBdIzC 
    $FFEC:D0 FD     BNE $FFEB                                                      A:03 X:12 Y:01 S:FB P:nvUBdIzC 
    $FFEB:CA        DEX                                                            A:03 X:12 Y:01 S:FB P:nvUBdIzC 
    $FFEC:D0 FD     BNE $FFEB                                                      A:03 X:11 Y:01 S:FB P:nvUBdIzC 
    $FFEB:CA        DEX                                                            A:03 X:11 Y:01 S:FB P:nvUBdIzC 
    $FFEC:D0 FD     BNE $FFEB                                                      A:03 X:10 Y:01 S:FB P:nvUBdIzC 
    $FFEB:CA        DEX                                                            A:03 X:10 Y:01 S:FB P:nvUBdIzC 
    $FFEC:D0 FD     BNE $FFEB                                                      A:03 X:0F Y:01 S:FB P:nvUBdIzC 
    $FFEB:CA        DEX                                                            A:03 X:0F Y:01 S:FB P:nvUBdIzC 
    $FFEC:D0 FD     BNE $FFEB                                                      A:03 X:0E Y:01 S:FB P:nvUBdIzC 
    $FFEB:CA        DEX                                                            A:03 X:0E Y:01 S:FB P:nvUBdIzC 
    $FFEC:D0 FD     BNE $FFEB                                                      A:03 X:0D Y:01 S:FB P:nvUBdIzC 
    $FFEB:CA        DEX                                                            A:03 X:0D Y:01 S:FB P:nvUBdIzC 
    $FFEC:D0 FD     BNE $FFEB                                                      A:03 X:0C Y:01 S:FB P:nvUBdIzC 
    $FFEB:CA        DEX                                                            A:03 X:0C Y:01 S:FB P:nvUBdIzC 
    $FFEC:D0 FD     BNE $FFEB                                                      A:03 X:0B Y:01 S:FB P:nvUBdIzC 
    $FFEB:CA        DEX                                                            A:03 X:0B Y:01 S:FB P:nvUBdIzC 
    $FFEC:D0 FD     BNE $FFEB                                                      A:03 X:0A Y:01 S:FB P:nvUBdIzC 
    $FFEB:CA        DEX                                                            A:03 X:0A Y:01 S:FB P:nvUBdIzC 
    $FFEC:D0 FD     BNE $FFEB                                                      A:03 X:09 Y:01 S:FB P:nvUBdIzC 
    $FFEB:CA        DEX                                                            A:03 X:09 Y:01 S:FB P:nvUBdIzC 
    $FFEC:D0 FD     BNE $FFEB                                                      A:03 X:08 Y:01 S:FB P:nvUBdIzC 
    $FFEB:CA        DEX                                                            A:03 X:08 Y:01 S:FB P:nvUBdIzC 
    $FFEC:D0 FD     BNE $FFEB                                                      A:03 X:07 Y:01 S:FB P:nvUBdIzC 
    $FFEB:CA        DEX                                                            A:03 X:07 Y:01 S:FB P:nvUBdIzC 
    $FFEC:D0 FD     BNE $FFEB                                                      A:03 X:06 Y:01 S:FB P:nvUBdIzC 
    $FFEB:CA        DEX                                                            A:03 X:06 Y:01 S:FB P:nvUBdIzC 
    $FFEC:D0 FD     BNE $FFEB                                                      A:03 X:05 Y:01 S:FB P:nvUBdIzC 
    $FFEB:CA        DEX                                                            A:03 X:05 Y:01 S:FB P:nvUBdIzC 
    $FFEC:D0 FD     BNE $FFEB                                                      A:03 X:04 Y:01 S:FB P:nvUBdIzC 
    $FFEB:CA        DEX                                                            A:03 X:04 Y:01 S:FB P:nvUBdIzC 
    $FFEC:D0 FD     BNE $FFEB                                                      A:03 X:03 Y:01 S:FB P:nvUBdIzC 
    $FFEB:CA        DEX                                                            A:03 X:03 Y:01 S:FB P:nvUBdIzC 
    $FFEC:D0 FD     BNE $FFEB                                                      A:03 X:02 Y:01 S:FB P:nvUBdIzC 
    $FFEB:CA        DEX                                                            A:03 X:02 Y:01 S:FB P:nvUBdIzC 
    $FFEC:D0 FD     BNE $FFEB                                                      A:03 X:01 Y:01 S:FB P:nvUBdIzC 
    $FFEB:CA        DEX                                                            A:03 X:01 Y:01 S:FB P:nvUBdIzC 
    $FFEC:D0 FD     BNE $FFEB                                                      A:03 X:00 Y:01 S:FB P:nvUBdIZC 
    $FFEE:88        DEY                                                            A:03 X:00 Y:01 S:FB P:nvUBdIZC 
    $FFEF:D0 FA     BNE $FFEB                                                      A:03 X:00 Y:00 S:FB P:nvUBdIZC 
    $FFF1:60        RTS (from $FFEB) ----------------------------------------------A:03 X:00 Y:00 S:FB P:nvUBdIZC 
  $8617:F0 37     BEQ $8650                                                      A:03 X:00 Y:00 S:FD P:nvUBdIZC 
  $8650:A5 85     LDA $0085 = #$31                                               A:03 X:00 Y:00 S:FD P:nvUBdIZC 
  $8652:8D 06 20  STA $2006 = #$A0                                               A:31 X:00 Y:00 S:FD P:nvUBdIzC 
  $8655:A5 86     LDA $0086 = #$80                                               A:31 X:00 Y:00 S:FD P:nvUBdIzC 
  $8657:8D 06 20  STA $2006 = #$A0                                               A:80 X:00 Y:00 S:FD P:NvUBdIzC 
  $865A:A2 0C     LDX #$0C                                                       A:80 X:00 Y:00 S:FD P:NvUBdIzC 
  $865C:A5 87     LDA $0087 = #$CA                                               A:80 X:0C Y:00 S:FD P:nvUBdIzC 
  $865E:18        CLC                                                            A:CA X:0C Y:00 S:FD P:NvUBdIzC 
  $865F:65 D3     ADC $00D3 = #$00                                               A:CA X:0C Y:00 S:FD P:NvUBdIzc 
  $8661:A4 10     LDY $0010 = #$03                                               A:CA X:0C Y:00 S:FD P:NvUBdIzc 
  $8663:C0 06     CPY #$06                                                       A:CA X:0C Y:03 S:FD P:nvUBdIzc 
  $8665:F0 04     BEQ $866B                                                      A:CA X:0C Y:03 S:FD P:NvUBdIzc 
  $8667:C0 03     CPY #$03                                                       A:CA X:0C Y:03 S:FD P:NvUBdIzc 
  $8669:D0 09     BNE $8674                                                      A:CA X:0C Y:03 S:FD P:nvUBdIZC 
  $866B:4A        LSR                                                            A:CA X:0C Y:03 S:FD P:nvUBdIZC 
  $866C:85 CC     STA $00CC = #$00                                               A:65 X:0C Y:03 S:FD P:nvUBdIzc 
  $866E:4A        LSR                                                            A:65 X:0C Y:03 S:FD P:nvUBdIzc 
  $866F:18        CLC                                                            A:32 X:0C Y:03 S:FD P:nvUBdIzC 
  $8670:65 CC     ADC $00CC = #$65                                               A:32 X:0C Y:03 S:FD P:nvUBdIzc 
  $8672:A2 07     LDX #$07                                                       A:97 X:0C Y:03 S:FD P:NVUBdIzc 
  $8674:8D 05 20  STA $2005 = #$00                                               A:97 X:07 Y:03 S:FD P:nVUBdIzc 
  $8677:A0 01     LDY #$01                                                       A:97 X:07 Y:03 S:FD P:nVUBdIzc 
  $8679:20 EB FF  JSR $FFEB                                                      A:97 X:07 Y:01 S:FD P:nVUBdIzc 
    $FFEB:CA        DEX                                                            A:97 X:07 Y:01 S:FB P:nVUBdIzc 
    $FFEC:D0 FD     BNE $FFEB                                                      A:97 X:06 Y:01 S:FB P:nVUBdIzc 
    $FFEB:CA        DEX                                                            A:97 X:06 Y:01 S:FB P:nVUBdIzc 
    $FFEC:D0 FD     BNE $FFEB                                                      A:97 X:05 Y:01 S:FB P:nVUBdIzc 
    $FFEB:CA        DEX                                                            A:97 X:05 Y:01 S:FB P:nVUBdIzc 
    $FFEC:D0 FD     BNE $FFEB                                                      A:97 X:04 Y:01 S:FB P:nVUBdIzc 
    $FFEB:CA        DEX                                                            A:97 X:04 Y:01 S:FB P:nVUBdIzc 
    $FFEC:D0 FD     BNE $FFEB                                                      A:97 X:03 Y:01 S:FB P:nVUBdIzc 
    $FFEB:CA        DEX                                                            A:97 X:03 Y:01 S:FB P:nVUBdIzc 
    $FFEC:D0 FD     BNE $FFEB                                                      A:97 X:02 Y:01 S:FB P:nVUBdIzc 
    $FFEB:CA        DEX                                                            A:97 X:02 Y:01 S:FB P:nVUBdIzc 
    $FFEC:D0 FD     BNE $FFEB                                                      A:97 X:01 Y:01 S:FB P:nVUBdIzc 
    $FFEB:CA        DEX                                                            A:97 X:01 Y:01 S:FB P:nVUBdIzc 
    $FFEC:D0 FD     BNE $FFEB                                                      A:97 X:00 Y:01 S:FB P:nVUBdIZc 
    $FFEE:88        DEY                                                            A:97 X:00 Y:01 S:FB P:nVUBdIZc 
    $FFEF:D0 FA     BNE $FFEB                                                      A:97 X:00 Y:00 S:FB P:nVUBdIZc 
    $FFF1:60        RTS (from $FFEB) ----------------------------------------------A:97 X:00 Y:00 S:FB P:nVUBdIZc 
  $867C:8E B3 FF  STX $FFB3 = #$00                                               A:97 X:00 Y:00 S:FD P:nVUBdIZc 
  $867F:A5 09     LDA $0009 = #$90                                               A:97 X:00 Y:00 S:FD P:nVUBdIZc 
  $8681:10 2C     BPL $86AF                                                      A:90 X:00 Y:00 S:FD P:NVUBdIzc 
  $8683:20 78 8D  JSR $8D78                                                      A:90 X:00 Y:00 S:FD P:NVUBdIzc 
    $8D78:A2 01     LDX #$01                                                       A:90 X:00 Y:00 S:FB P:NVUBdIzc 
    $8D7A:8E 16 40  STX $4016 = #$01                                               A:90 X:01 Y:00 S:FB P:nVUBdIzc 
    $8D7D:CA        DEX                                                            A:90 X:01 Y:00 S:FB P:nVUBdIzc 
    $8D7E:8E 16 40  STX $4016 = #$C1                                               A:90 X:00 Y:00 S:FB P:nVUBdIZc 
    $8D81:A2 08     LDX #$08                                                       A:90 X:00 Y:00 S:FB P:nVUBdIZc 
    $8D83:AD 16 40  LDA $4016 = #$00                                               A:90 X:08 Y:00 S:FB P:nVUBdIzc 
    $8D86:6A        ROR                                                            A:40 X:08 Y:00 S:FB P:nVUBdIzc 
    $8D87:26 15     ROL $0015 = #$30                                               A:20 X:08 Y:00 S:FB P:nVUBdIzc 
    $8D89:AD 17 40  LDA $4017 = #$00                                               A:20 X:08 Y:00 S:FB P:nVUBdIzc 
    $8D8C:6A        ROR                                                            A:40 X:08 Y:00 S:FB P:nVUBdIzc 
    $8D8D:26 16     ROL $0016 = #$FF                                               A:20 X:08 Y:00 S:FB P:nVUBdIzc 
    $8D8F:CA        DEX                                                            A:20 X:08 Y:00 S:FB P:NVUBdIzC 
    $8D90:D0 F1     BNE $8D83                                                      A:20 X:07 Y:00 S:FB P:nVUBdIzC 
    $8D83:AD 16 40  LDA $4016 = #$C0                                               A:20 X:07 Y:00 S:FB P:nVUBdIzC 
    $8D86:6A        ROR                                                            A:40 X:07 Y:00 S:FB P:nVUBdIzC 
    $8D87:26 15     ROL $0015 = #$60                                               A:A0 X:07 Y:00 S:FB P:NVUBdIzc 
    $8D89:AD 17 40  LDA $4017 = #$40                                               A:A0 X:07 Y:00 S:FB P:NVUBdIzc 
    $8D8C:6A        ROR                                                            A:40 X:07 Y:00 S:FB P:nVUBdIzc 
    $8D8D:26 16     ROL $0016 = #$FE                                               A:20 X:07 Y:00 S:FB P:nVUBdIzc 
    $8D8F:CA        DEX                                                            A:20 X:07 Y:00 S:FB P:NVUBdIzC 
    $8D90:D0 F1     BNE $8D83                                                      A:20 X:06 Y:00 S:FB P:nVUBdIzC 
    $8D83:AD 16 40  LDA $4016 = #$C0                                               A:20 X:06 Y:00 S:FB P:nVUBdIzC 
    $8D86:6A        ROR                                                            A:40 X:06 Y:00 S:FB P:nVUBdIzC 
    $8D87:26 15     ROL $0015 = #$C0                                               A:A0 X:06 Y:00 S:FB P:NVUBdIzc 
    $8D89:AD 17 40  LDA $4017 = #$C0                                               A:A0 X:06 Y:00 S:FB P:NVUBdIzC 
    $8D8C:6A        ROR                                                            A:40 X:06 Y:00 S:FB P:nVUBdIzC 
    $8D8D:26 16     ROL $0016 = #$FC                                               A:A0 X:06 Y:00 S:FB P:NVUBdIzc 
    $8D8F:CA        DEX                                                            A:A0 X:06 Y:00 S:FB P:NVUBdIzC 
    $8D90:D0 F1     BNE $8D83                                                      A:A0 X:05 Y:00 S:FB P:nVUBdIzC 
    $8D83:AD 16 40  LDA $4016 = #$C0                                               A:A0 X:05 Y:00 S:FB P:nVUBdIzC 
    $8D86:6A        ROR                                                            A:40 X:05 Y:00 S:FB P:nVUBdIzC 
    $8D87:26 15     ROL $0015 = #$80                                               A:A0 X:05 Y:00 S:FB P:NVUBdIzc 
    $8D89:AD 17 40  LDA $4017 = #$80                                               A:A0 X:05 Y:00 S:FB P:nVUBdIZC 
    $8D8C:6A        ROR                                                            A:40 X:05 Y:00 S:FB P:nVUBdIzC 
    $8D8D:26 16     ROL $0016 = #$F8                                               A:A0 X:05 Y:00 S:FB P:NVUBdIzc 
    $8D8F:CA        DEX                                                            A:A0 X:05 Y:00 S:FB P:NVUBdIzC 
    $8D90:D0 F1     BNE $8D83                                                      A:A0 X:04 Y:00 S:FB P:nVUBdIzC 
    $8D83:AD 16 40  LDA $4016 = #$C1                                               A:A0 X:04 Y:00 S:FB P:nVUBdIzC 
    $8D86:6A        ROR                                                            A:41 X:04 Y:00 S:FB P:nVUBdIzC 
    $8D87:26 15     ROL $0015 = #$00                                               A:A0 X:04 Y:00 S:FB P:NVUBdIzC 
    $8D89:AD 17 40  LDA $4017 = #$01                                               A:A0 X:04 Y:00 S:FB P:nVUBdIzc 
    $8D8C:6A        ROR                                                            A:41 X:04 Y:00 S:FB P:nVUBdIzc 
    $8D8D:26 16     ROL $0016 = #$F0                                               A:20 X:04 Y:00 S:FB P:nVUBdIzC 
    $8D8F:CA        DEX                                                            A:20 X:04 Y:00 S:FB P:NVUBdIzC 
    $8D90:D0 F1     BNE $8D83                                                      A:20 X:03 Y:00 S:FB P:nVUBdIzC 
    $8D83:AD 16 40  LDA $4016 = #$C1                                               A:20 X:03 Y:00 S:FB P:nVUBdIzC 
    $8D86:6A        ROR                                                            A:41 X:03 Y:00 S:FB P:nVUBdIzC 
    $8D87:26 15     ROL $0015 = #$01                                               A:A0 X:03 Y:00 S:FB P:NVUBdIzC 
    $8D89:AD 17 40  LDA $4017 = #$01                                               A:A0 X:03 Y:00 S:FB P:nVUBdIzc 
    $8D8C:6A        ROR                                                            A:41 X:03 Y:00 S:FB P:nVUBdIzc 
    $8D8D:26 16     ROL $0016 = #$E1                                               A:20 X:03 Y:00 S:FB P:nVUBdIzC 
    $8D8F:CA        DEX                                                            A:20 X:03 Y:00 S:FB P:NVUBdIzC 
    $8D90:D0 F1     BNE $8D83                                                      A:20 X:02 Y:00 S:FB P:nVUBdIzC 
    $8D83:AD 16 40  LDA $4016 = #$C1                                               A:20 X:02 Y:00 S:FB P:nVUBdIzC 
    $8D86:6A        ROR                                                            A:41 X:02 Y:00 S:FB P:nVUBdIzC 
    $8D87:26 15     ROL $0015 = #$03                                               A:A0 X:02 Y:00 S:FB P:NVUBdIzC 
    $8D89:AD 17 40  LDA $4017 = #$01                                               A:A0 X:02 Y:00 S:FB P:nVUBdIzc 
    $8D8C:6A        ROR                                                            A:41 X:02 Y:00 S:FB P:nVUBdIzc 
    $8D8D:26 16     ROL $0016 = #$C3                                               A:20 X:02 Y:00 S:FB P:nVUBdIzC 
    $8D8F:CA        DEX                                                            A:20 X:02 Y:00 S:FB P:NVUBdIzC 
    $8D90:D0 F1     BNE $8D83                                                      A:20 X:01 Y:00 S:FB P:nVUBdIzC 
    $8D83:AD 16 40  LDA $4016 = #$C1                                               A:20 X:01 Y:00 S:FB P:nVUBdIzC 
    $8D86:6A        ROR                                                            A:41 X:01 Y:00 S:FB P:nVUBdIzC 
    $8D87:26 15     ROL $0015 = #$07                                               A:A0 X:01 Y:00 S:FB P:NVUBdIzC 
    $8D89:AD 17 40  LDA $4017 = #$01                                               A:A0 X:01 Y:00 S:FB P:nVUBdIzc 
    $8D8C:6A        ROR                                                            A:41 X:01 Y:00 S:FB P:nVUBdIzc 
    $8D8D:26 16     ROL $0016 = #$87                                               A:20 X:01 Y:00 S:FB P:nVUBdIzC 
    $8D8F:CA        DEX                                                            A:20 X:01 Y:00 S:FB P:nVUBdIzC 
    $8D90:D0 F1     BNE $8D83                                                      A:20 X:00 Y:00 S:FB P:nVUBdIZC 
    $8D92:A5 15     LDA $0015 = #$0F                                               A:20 X:00 Y:00 S:FB P:nVUBdIZC 
    $8D94:AA        TAX                                                            A:0F X:00 Y:00 S:FB P:nVUBdIzC 
    $8D95:45 29     EOR $0029 = #$00                                               A:0F X:0F Y:00 S:FB P:nVUBdIzC 
    $8D97:86 29     STX $0029 = #$00                                               A:0F X:0F Y:00 S:FB P:nVUBdIzC 
    $8D99:25 15     AND $0015 = #$0F                                               A:0F X:0F Y:00 S:FB P:nVUBdIzC 
    $8D9B:85 2B     STA $002B = #$00                                               A:0F X:0F Y:00 S:FB P:nVUBdIzC 
    $8D9D:A5 16     LDA $0016 = #$0F                                               A:0F X:0F Y:00 S:FB P:nVUBdIzC 
    $8D9F:AA        TAX                                                            A:0F X:0F Y:00 S:FB P:nVUBdIzC 
    $8DA0:45 2A     EOR $002A = #$00                                               A:0F X:0F Y:00 S:FB P:nVUBdIzC 
    $8DA2:86 2A     STX $002A = #$00                                               A:0F X:0F Y:00 S:FB P:nVUBdIzC 
    $8DA4:25 16     AND $0016 = #$0F                                               A:0F X:0F Y:00 S:FB P:nVUBdIzC 
    $8DA6:85 2C     STA $002C = #$00                                               A:0F X:0F Y:00 S:FB P:nVUBdIzC 
    $8DA8:60        RTS (from $8D78) ----------------------------------------------A:0F X:0F Y:00 S:FB P:nVUBdIzC 
  $8686:A4 10     LDY $0010 = #$03                                               A:0F X:0F Y:00 S:FD P:nVUBdIzC 
  $8688:B9 B8 86  LDA $86B8,Y @ $86BB = #$00                                     A:0F X:0F Y:03 S:FD P:nVUBdIzC 
  $868B:85 CC     STA $00CC = #$65                                               A:00 X:0F Y:03 S:FD P:nVUBdIZC 
  $868D:98        TYA                                                            A:00 X:0F Y:03 S:FD P:nVUBdIZC 
  $868E:C9 03     CMP #$03                                                       A:03 X:0F Y:03 S:FD P:nVUBdIzC 
  $8690:D0 35     BNE $86C7                                                      A:03 X:0F Y:03 S:FD P:nVUBdIZC 
  $8692:A2 28     LDX #$28                                                       A:03 X:0F Y:03 S:FD P:nVUBdIZC 
  $8694:A0 03     LDY #$03                                                       A:03 X:28 Y:03 S:FD P:nVUBdIzC 
  $8696:20 EB FF  JSR $FFEB                                                      A:03 X:28 Y:03 S:FD P:nVUBdIzC 
    $FFEB:CA        DEX                                                            A:03 X:28 Y:03 S:FB P:nVUBdIzC 
    $FFEC:D0 FD     BNE $FFEB                                                      A:03 X:27 Y:03 S:FB P:nVUBdIzC 
    $FFEB:CA        DEX                                                            A:03 X:27 Y:03 S:FB P:nVUBdIzC 
    $FFEC:D0 FD     BNE $FFEB                                                      A:03 X:26 Y:03 S:FB P:nVUBdIzC 
    $FFEB:CA        DEX                                                            A:03 X:26 Y:03 S:FB P:nVUBdIzC 
    $FFEC:D0 FD     BNE $FFEB                                                      A:03 X:25 Y:03 S:FB P:nVUBdIzC 
    $FFEB:CA        DEX                                                            A:03 X:25 Y:03 S:FB P:nVUBdIzC 
    $FFEC:D0 FD     BNE $FFEB                                                      A:03 X:24 Y:03 S:FB P:nVUBdIzC 
    $FFEB:CA        DEX                                                            A:03 X:24 Y:03 S:FB P:nVUBdIzC 
    $FFEC:D0 FD     BNE $FFEB                                                      A:03 X:23 Y:03 S:FB P:nVUBdIzC 
    $FFEB:CA        DEX                                                            A:03 X:23 Y:03 S:FB P:nVUBdIzC 
    $FFEC:D0 FD     BNE $FFEB                                                      A:03 X:22 Y:03 S:FB P:nVUBdIzC 
    $FFEB:CA        DEX                                                            A:03 X:22 Y:03 S:FB P:nVUBdIzC 
    $FFEC:D0 FD     BNE $FFEB                                                      A:03 X:21 Y:03 S:FB P:nVUBdIzC 
    $FFEB:CA        DEX                                                            A:03 X:21 Y:03 S:FB P:nVUBdIzC 
    $FFEC:D0 FD     BNE $FFEB                                                      A:03 X:20 Y:03 S:FB P:nVUBdIzC 
    $FFEB:CA        DEX                                                            A:03 X:20 Y:03 S:FB P:nVUBdIzC 
    $FFEC:D0 FD     BNE $FFEB                                                      A:03 X:1F Y:03 S:FB P:nVUBdIzC 
    $FFEB:CA        DEX                                                            A:03 X:1F Y:03 S:FB P:nVUBdIzC 
    $FFEC:D0 FD     BNE $FFEB                                                      A:03 X:1E Y:03 S:FB P:nVUBdIzC 
    $FFEB:CA        DEX                                                            A:03 X:1E Y:03 S:FB P:nVUBdIzC 
    $FFEC:D0 FD     BNE $FFEB                                                      A:03 X:1D Y:03 S:FB P:nVUBdIzC 
    $FFEB:CA        DEX                                                            A:03 X:1D Y:03 S:FB P:nVUBdIzC 
    $FFEC:D0 FD     BNE $FFEB                                                      A:03 X:1C Y:03 S:FB P:nVUBdIzC 
    $FFEB:CA        DEX                                                            A:03 X:1C Y:03 S:FB P:nVUBdIzC 
    $FFEC:D0 FD     BNE $FFEB                                                      A:03 X:1B Y:03 S:FB P:nVUBdIzC 
    $FFEB:CA        DEX                                                            A:03 X:1B Y:03 S:FB P:nVUBdIzC 
    $FFEC:D0 FD     BNE $FFEB                                                      A:03 X:1A Y:03 S:FB P:nVUBdIzC 
    $FFEB:CA        DEX                                                            A:03 X:1A Y:03 S:FB P:nVUBdIzC 
    $FFEC:D0 FD     BNE $FFEB                                                      A:03 X:19 Y:03 S:FB P:nVUBdIzC 
    $FFEB:CA        DEX                                                            A:03 X:19 Y:03 S:FB P:nVUBdIzC 
    $FFEC:D0 FD     BNE $FFEB                                                      A:03 X:18 Y:03 S:FB P:nVUBdIzC 
    $FFEB:CA        DEX                                                            A:03 X:18 Y:03 S:FB P:nVUBdIzC 
    $FFEC:D0 FD     BNE $FFEB                                                      A:03 X:17 Y:03 S:FB P:nVUBdIzC 
    $FFEB:CA        DEX                                                            A:03 X:17 Y:03 S:FB P:nVUBdIzC 
    $FFEC:D0 FD     BNE $FFEB                                                      A:03 X:16 Y:03 S:FB P:nVUBdIzC 
    $FFEB:CA        DEX                                                            A:03 X:16 Y:03 S:FB P:nVUBdIzC 
    $FFEC:D0 FD     BNE $FFEB                                                      A:03 X:15 Y:03 S:FB P:nVUBdIzC 
    $FFEB:CA        DEX                                                            A:03 X:15 Y:03 S:FB P:nVUBdIzC 
    $FFEC:D0 FD     BNE $FFEB                                                      A:03 X:14 Y:03 S:FB P:nVUBdIzC 
    $FFEB:CA        DEX                                                            A:03 X:14 Y:03 S:FB P:nVUBdIzC 
    $FFEC:D0 FD     BNE $FFEB                                                      A:03 X:13 Y:03 S:FB P:nVUBdIzC 
    $FFEB:CA        DEX                                                            A:03 X:13 Y:03 S:FB P:nVUBdIzC 
    $FFEC:D0 FD     BNE $FFEB                                                      A:03 X:12 Y:03 S:FB P:nVUBdIzC 
    $FFEB:CA        DEX                                                            A:03 X:12 Y:03 S:FB P:nVUBdIzC 
    $FFEC:D0 FD     BNE $FFEB                                                      A:03 X:11 Y:03 S:FB P:nVUBdIzC 
    $FFEB:CA        DEX                                                            A:03 X:11 Y:03 S:FB P:nVUBdIzC 
    $FFEC:D0 FD     BNE $FFEB                                                      A:03 X:10 Y:03 S:FB P:nVUBdIzC 
    $FFEB:CA        DEX                                                            A:03 X:10 Y:03 S:FB P:nVUBdIzC 
    $FFEC:D0 FD     BNE $FFEB                                                      A:03 X:0F Y:03 S:FB P:nVUBdIzC 
    $FFEB:CA        DEX                                                            A:03 X:0F Y:03 S:FB P:nVUBdIzC 
    $FFEC:D0 FD     BNE $FFEB                                                      A:03 X:0E Y:03 S:FB P:nVUBdIzC 
    $FFEB:CA        DEX                                                            A:03 X:0E Y:03 S:FB P:nVUBdIzC 
    $FFEC:D0 FD     BNE $FFEB                                                      A:03 X:0D Y:03 S:FB P:nVUBdIzC 
    $FFEB:CA        DEX                                                            A:03 X:0D Y:03 S:FB P:nVUBdIzC 
    $FFEC:D0 FD     BNE $FFEB                                                      A:03 X:0C Y:03 S:FB P:nVUBdIzC 
    $FFEB:CA        DEX                                                            A:03 X:0C Y:03 S:FB P:nVUBdIzC 
    $FFEC:D0 FD     BNE $FFEB                                                      A:03 X:0B Y:03 S:FB P:nVUBdIzC 
    $FFEB:CA        DEX                                                            A:03 X:0B Y:03 S:FB P:nVUBdIzC 
    $FFEC:D0 FD     BNE $FFEB                                                      A:03 X:0A Y:03 S:FB P:nVUBdIzC 
    $FFEB:CA        DEX                                                            A:03 X:0A Y:03 S:FB P:nVUBdIzC 
    $FFEC:D0 FD     BNE $FFEB                                                      A:03 X:09 Y:03 S:FB P:nVUBdIzC 
    $FFEB:CA        DEX                                                            A:03 X:09 Y:03 S:FB P:nVUBdIzC 
    $FFEC:D0 FD     BNE $FFEB                                                      A:03 X:08 Y:03 S:FB P:nVUBdIzC 
    $FFEB:CA        DEX                                                            A:03 X:08 Y:03 S:FB P:nVUBdIzC 
    $FFEC:D0 FD     BNE $FFEB                                                      A:03 X:07 Y:03 S:FB P:nVUBdIzC 
    $FFEB:CA        DEX                                                            A:03 X:07 Y:03 S:FB P:nVUBdIzC 
    $FFEC:D0 FD     BNE $FFEB                                                      A:03 X:06 Y:03 S:FB P:nVUBdIzC 
    $FFEB:CA        DEX                                                            A:03 X:06 Y:03 S:FB P:nVUBdIzC 
    $FFEC:D0 FD     BNE $FFEB                                                      A:03 X:05 Y:03 S:FB P:nVUBdIzC 
    $FFEB:CA        DEX                                                            A:03 X:05 Y:03 S:FB P:nVUBdIzC 
    $FFEC:D0 FD     BNE $FFEB                                                      A:03 X:04 Y:03 S:FB P:nVUBdIzC 
    $FFEB:CA        DEX                                                            A:03 X:04 Y:03 S:FB P:nVUBdIzC 
    $FFEC:D0 FD     BNE $FFEB                                                      A:03 X:03 Y:03 S:FB P:nVUBdIzC 
    $FFEB:CA        DEX                                                            A:03 X:03 Y:03 S:FB P:nVUBdIzC 
    $FFEC:D0 FD     BNE $FFEB                                                      A:03 X:02 Y:03 S:FB P:nVUBdIzC 
    $FFEB:CA        DEX                                                            A:03 X:02 Y:03 S:FB P:nVUBdIzC 
    $FFEC:D0 FD     BNE $FFEB                                                      A:03 X:01 Y:03 S:FB P:nVUBdIzC 
    $FFEB:CA        DEX                                                            A:03 X:01 Y:03 S:FB P:nVUBdIzC 
    $FFEC:D0 FD     BNE $FFEB                                                      A:03 X:00 Y:03 S:FB P:nVUBdIZC 
    $FFEE:88        DEY                                                            A:03 X:00 Y:03 S:FB P:nVUBdIZC 
    $FFEF:D0 FA     BNE $FFEB                                                      A:03 X:00 Y:02 S:FB P:nVUBdIzC 
    $FFEB:CA        DEX                                                            A:03 X:00 Y:02 S:FB P:nVUBdIzC 
    $FFEC:D0 FD     BNE $FFEB                                                      A:03 X:FF Y:02 S:FB P:NVUBdIzC 
    $FFEB:CA        DEX                                                            A:03 X:FF Y:02 S:FB P:NVUBdIzC 
    $FFEC:D0 FD     BNE $FFEB                                                      A:03 X:FE Y:02 S:FB P:NVUBdIzC 
    $FFEB:CA        DEX                                                            A:03 X:FE Y:02 S:FB P:NVUBdIzC 
    $FFEC:D0 FD     BNE $FFEB                                                      A:03 X:FD Y:02 S:FB P:NVUBdIzC 
    $FFEB:CA        DEX                                                            A:03 X:FD Y:02 S:FB P:NVUBdIzC 
    $FFEC:D0 FD     BNE $FFEB                                                      A:03 X:FC Y:02 S:FB P:NVUBdIzC 
    $FFEB:CA        DEX                                                            A:03 X:FC Y:02 S:FB P:NVUBdIzC 
    $FFEC:D0 FD     BNE $FFEB                                                      A:03 X:FB Y:02 S:FB P:NVUBdIzC 
    $FFEB:CA        DEX                                                            A:03 X:FB Y:02 S:FB P:NVUBdIzC 
    $FFEC:D0 FD     BNE $FFEB                                                      A:03 X:FA Y:02 S:FB P:NVUBdIzC 
    $FFEB:CA        DEX                                                            A:03 X:FA Y:02 S:FB P:NVUBdIzC 
    $FFEC:D0 FD     BNE $FFEB                                                      A:03 X:F9 Y:02 S:FB P:NVUBdIzC 
    $FFEB:CA        DEX                                                            A:03 X:F9 Y:02 S:FB P:NVUBdIzC 
    $FFEC:D0 FD     BNE $FFEB                                                      A:03 X:F8 Y:02 S:FB P:NVUBdIzC 
    $FFEB:CA        DEX                                                            A:03 X:F8 Y:02 S:FB P:NVUBdIzC 
    $FFEC:D0 FD     BNE $FFEB                                                      A:03 X:F7 Y:02 S:FB P:NVUBdIzC 
    $FFEB:CA        DEX                                                            A:03 X:F7 Y:02 S:FB P:NVUBdIzC 
    $FFEC:D0 FD     BNE $FFEB                                                      A:03 X:F6 Y:02 S:FB P:NVUBdIzC 
    $FFEB:CA        DEX                                                            A:03 X:F6 Y:02 S:FB P:NVUBdIzC 
    $FFEC:D0 FD     BNE $FFEB                                                      A:03 X:F5 Y:02 S:FB P:NVUBdIzC 
    $FFEB:CA        DEX                                                            A:03 X:F5 Y:02 S:FB P:NVUBdIzC 
    $FFEC:D0 FD     BNE $FFEB                                                      A:03 X:F4 Y:02 S:FB P:NVUBdIzC 
    $FFEB:CA        DEX                                                            A:03 X:F4 Y:02 S:FB P:NVUBdIzC 
    $FFEC:D0 FD     BNE $FFEB                                                      A:03 X:F3 Y:02 S:FB P:NVUBdIzC 
    $FFEB:CA        DEX                                                            A:03 X:F3 Y:02 S:FB P:NVUBdIzC 
    $FFEC:D0 FD     BNE $FFEB                                                      A:03 X:F2 Y:02 S:FB P:NVUBdIzC 
    $FFEB:CA        DEX                                                            A:03 X:F2 Y:02 S:FB P:NVUBdIzC 
    $FFEC:D0 FD     BNE $FFEB                                                      A:03 X:F1 Y:02 S:FB P:NVUBdIzC 
    $FFEB:CA        DEX                                                            A:03 X:F1 Y:02 S:FB P:NVUBdIzC 
    $FFEC:D0 FD     BNE $FFEB                                                      A:03 X:F0 Y:02 S:FB P:NVUBdIzC 
    $FFEB:CA        DEX                                                            A:03 X:F0 Y:02 S:FB P:NVUBdIzC 
    $FFEC:D0 FD     BNE $FFEB                                                      A:03 X:EF Y:02 S:FB P:NVUBdIzC 
    $FFEB:CA        DEX                                                            A:03 X:EF Y:02 S:FB P:NVUBdIzC 
    $FFEC:D0 FD     BNE $FFEB                                                      A:03 X:EE Y:02 S:FB P:NVUBdIzC 
    $FFEB:CA        DEX                                                            A:03 X:EE Y:02 S:FB P:NVUBdIzC 
    $FFEC:D0 FD     BNE $FFEB                                                      A:03 X:ED Y:02 S:FB P:NVUBdIzC 
    $FFEB:CA        DEX                                                            A:03 X:ED Y:02 S:FB P:NVUBdIzC 
    $FFEC:D0 FD     BNE $FFEB                                                      A:03 X:EC Y:02 S:FB P:NVUBdIzC 
    $FFEB:CA        DEX                                                            A:03 X:EC Y:02 S:FB P:NVUBdIzC 
    $FFEC:D0 FD     BNE $FFEB                                                      A:03 X:EB Y:02 S:FB P:NVUBdIzC 
    $FFEB:CA        DEX                                                            A:03 X:EB Y:02 S:FB P:NVUBdIzC 
    $FFEC:D0 FD     BNE $FFEB                                                      A:03 X:EA Y:02 S:FB P:NVUBdIzC 
    $FFEB:CA        DEX                                                            A:03 X:EA Y:02 S:FB P:NVUBdIzC 
    $FFEC:D0 FD     BNE $FFEB                                                      A:03 X:E9 Y:02 S:FB P:NVUBdIzC 
    $FFEB:CA        DEX                                                            A:03 X:E9 Y:02 S:FB P:NVUBdIzC 
    $FFEC:D0 FD     BNE $FFEB                                                      A:03 X:E8 Y:02 S:FB P:NVUBdIzC 
    $FFEB:CA        DEX                                                            A:03 X:E8 Y:02 S:FB P:NVUBdIzC 
    $FFEC:D0 FD     BNE $FFEB                                                      A:03 X:E7 Y:02 S:FB P:NVUBdIzC 
    $FFEB:CA        DEX                                                            A:03 X:E7 Y:02 S:FB P:NVUBdIzC 
    $FFEC:D0 FD     BNE $FFEB                                                      A:03 X:E6 Y:02 S:FB P:NVUBdIzC 
    $FFEB:CA        DEX                                                            A:03 X:E6 Y:02 S:FB P:NVUBdIzC 
    $FFEC:D0 FD     BNE $FFEB                                                      A:03 X:E5 Y:02 S:FB P:NVUBdIzC 
    $FFEB:CA        DEX                                                            A:03 X:E5 Y:02 S:FB P:NVUBdIzC 
    $FFEC:D0 FD     BNE $FFEB                                                      A:03 X:E4 Y:02 S:FB P:NVUBdIzC 
    $FFEB:CA        DEX                                                            A:03 X:E4 Y:02 S:FB P:NVUBdIzC 
    $FFEC:D0 FD     BNE $FFEB                                                      A:03 X:E3 Y:02 S:FB P:NVUBdIzC 
    $FFEB:CA        DEX                                                            A:03 X:E3 Y:02 S:FB P:NVUBdIzC 
    $FFEC:D0 FD     BNE $FFEB                                                      A:03 X:E2 Y:02 S:FB P:NVUBdIzC 
    $FFEB:CA        DEX                                                            A:03 X:E2 Y:02 S:FB P:NVUBdIzC 
    $FFEC:D0 FD     BNE $FFEB                                                      A:03 X:E1 Y:02 S:FB P:NVUBdIzC 
    $FFEB:CA        DEX                                                            A:03 X:E1 Y:02 S:FB P:NVUBdIzC 
    $FFEC:D0 FD     BNE $FFEB                                                      A:03 X:E0 Y:02 S:FB P:NVUBdIzC 
    $FFEB:CA        DEX                                                            A:03 X:E0 Y:02 S:FB P:NVUBdIzC 
    $FFEC:D0 FD     BNE $FFEB                                                      A:03 X:DF Y:02 S:FB P:NVUBdIzC 
    $FFEB:CA        DEX                                                            A:03 X:DF Y:02 S:FB P:NVUBdIzC 
    $FFEC:D0 FD     BNE $FFEB                                                      A:03 X:DE Y:02 S:FB P:NVUBdIzC 
    $FFEB:CA        DEX                                                            A:03 X:DE Y:02 S:FB P:NVUBdIzC 
    $FFEC:D0 FD     BNE $FFEB                                                      A:03 X:DD Y:02 S:FB P:NVUBdIzC 
    $FFEB:CA        DEX                                                            A:03 X:DD Y:02 S:FB P:NVUBdIzC 
    $FFEC:D0 FD     BNE $FFEB                                                      A:03 X:DC Y:02 S:FB P:NVUBdIzC 
    $FFEB:CA        DEX                                                            A:03 X:DC Y:02 S:FB P:NVUBdIzC 
    $FFEC:D0 FD     BNE $FFEB                                                      A:03 X:DB Y:02 S:FB P:NVUBdIzC 
    $FFEB:CA        DEX                                                            A:03 X:DB Y:02 S:FB P:NVUBdIzC 
    $FFEC:D0 FD     BNE $FFEB                                                      A:03 X:DA Y:02 S:FB P:NVUBdIzC 
    $FFEB:CA        DEX                                                            A:03 X:DA Y:02 S:FB P:NVUBdIzC 
    $FFEC:D0 FD     BNE $FFEB                                                      A:03 X:D9 Y:02 S:FB P:NVUBdIzC 
    $FFEB:CA        DEX                                                            A:03 X:D9 Y:02 S:FB P:NVUBdIzC 
    $FFEC:D0 FD     BNE $FFEB                                                      A:03 X:D8 Y:02 S:FB P:NVUBdIzC 
    $FFEB:CA        DEX                                                            A:03 X:D8 Y:02 S:FB P:NVUBdIzC 
    $FFEC:D0 FD     BNE $FFEB                                                      A:03 X:D7 Y:02 S:FB P:NVUBdIzC 
    $FFEB:CA        DEX                                                            A:03 X:D7 Y:02 S:FB P:NVUBdIzC 
    $FFEC:D0 FD     BNE $FFEB                                                      A:03 X:D6 Y:02 S:FB P:NVUBdIzC 
    $FFEB:CA        DEX                                                            A:03 X:D6 Y:02 S:FB P:NVUBdIzC 
    $FFEC:D0 FD     BNE $FFEB                                                      A:03 X:D5 Y:02 S:FB P:NVUBdIzC 
    $FFEB:CA        DEX                                                            A:03 X:D5 Y:02 S:FB P:NVUBdIzC 
    $FFEC:D0 FD     BNE $FFEB                                                      A:03 X:D4 Y:02 S:FB P:NVUBdIzC 
    $FFEB:CA        DEX                                                            A:03 X:D4 Y:02 S:FB P:NVUBdIzC 
    $FFEC:D0 FD     BNE $FFEB                                                      A:03 X:D3 Y:02 S:FB P:NVUBdIzC 
    $FFEB:CA        DEX                                                            A:03 X:D3 Y:02 S:FB P:NVUBdIzC 
    $FFEC:D0 FD     BNE $FFEB                                                      A:03 X:D2 Y:02 S:FB P:NVUBdIzC 
    $FFEB:CA        DEX                                                            A:03 X:D2 Y:02 S:FB P:NVUBdIzC 
    $FFEC:D0 FD     BNE $FFEB                                                      A:03 X:D1 Y:02 S:FB P:NVUBdIzC 
    $FFEB:CA        DEX                                                            A:03 X:D1 Y:02 S:FB P:NVUBdIzC 
    $FFEC:D0 FD     BNE $FFEB                                                      A:03 X:D0 Y:02 S:FB P:NVUBdIzC 
    $FFEB:CA        DEX                                                            A:03 X:D0 Y:02 S:FB P:NVUBdIzC 
    $FFEC:D0 FD     BNE $FFEB                                                      A:03 X:CF Y:02 S:FB P:NVUBdIzC 
    $FFEB:CA        DEX                                                            A:03 X:CF Y:02 S:FB P:NVUBdIzC 
    $FFEC:D0 FD     BNE $FFEB                                                      A:03 X:CE Y:02 S:FB P:NVUBdIzC 
    $FFEB:CA        DEX                                                            A:03 X:CE Y:02 S:FB P:NVUBdIzC 
    $FFEC:D0 FD     BNE $FFEB                                                      A:03 X:CD Y:02 S:FB P:NVUBdIzC 
    $FFEB:CA        DEX                                                            A:03 X:CD Y:02 S:FB P:NVUBdIzC 
    $FFEC:D0 FD     BNE $FFEB                                                      A:03 X:CC Y:02 S:FB P:NVUBdIzC 
    $FFEB:CA        DEX                                                            A:03 X:CC Y:02 S:FB P:NVUBdIzC 
    $FFEC:D0 FD     BNE $FFEB                                                      A:03 X:CB Y:02 S:FB P:NVUBdIzC 
    $FFEB:CA        DEX                                                            A:03 X:CB Y:02 S:FB P:NVUBdIzC 
    $FFEC:D0 FD     BNE $FFEB                                                      A:03 X:CA Y:02 S:FB P:NVUBdIzC 
    $FFEB:CA        DEX                                                            A:03 X:CA Y:02 S:FB P:NVUBdIzC 
    $FFEC:D0 FD     BNE $FFEB                                                      A:03 X:C9 Y:02 S:FB P:NVUBdIzC 
    $FFEB:CA        DEX                                                            A:03 X:C9 Y:02 S:FB P:NVUBdIzC 
    $FFEC:D0 FD     BNE $FFEB                                                      A:03 X:C8 Y:02 S:FB P:NVUBdIzC 
    $FFEB:CA        DEX                                                            A:03 X:C8 Y:02 S:FB P:NVUBdIzC 
    $FFEC:D0 FD     BNE $FFEB                                                      A:03 X:C7 Y:02 S:FB P:NVUBdIzC 
    $FFEB:CA        DEX                                                            A:03 X:C7 Y:02 S:FB P:NVUBdIzC 
    $FFEC:D0 FD     BNE $FFEB                                                      A:03 X:C6 Y:02 S:FB P:NVUBdIzC 
    $FFEB:CA        DEX                                                            A:03 X:C6 Y:02 S:FB P:NVUBdIzC 
    $FFEC:D0 FD     BNE $FFEB                                                      A:03 X:C5 Y:02 S:FB P:NVUBdIzC 
    $FFEB:CA        DEX                                                            A:03 X:C5 Y:02 S:FB P:NVUBdIzC 
    $FFEC:D0 FD     BNE $FFEB                                                      A:03 X:C4 Y:02 S:FB P:NVUBdIzC 
    $FFEB:CA        DEX                                                            A:03 X:C4 Y:02 S:FB P:NVUBdIzC 
    $FFEC:D0 FD     BNE $FFEB                                                      A:03 X:C3 Y:02 S:FB P:NVUBdIzC 
    $FFEB:CA        DEX                                                            A:03 X:C3 Y:02 S:FB P:NVUBdIzC 
    $FFEC:D0 FD     BNE $FFEB                                                      A:03 X:C2 Y:02 S:FB P:NVUBdIzC 
    $FFEB:CA        DEX                                                            A:03 X:C2 Y:02 S:FB P:NVUBdIzC 
    $FFEC:D0 FD     BNE $FFEB                                                      A:03 X:C1 Y:02 S:FB P:NVUBdIzC 
    $FFEB:CA        DEX                                                            A:03 X:C1 Y:02 S:FB P:NVUBdIzC 
    $FFEC:D0 FD     BNE $FFEB                                                      A:03 X:C0 Y:02 S:FB P:NVUBdIzC 
    $FFEB:CA        DEX                                                            A:03 X:C0 Y:02 S:FB P:NVUBdIzC 
    $FFEC:D0 FD     BNE $FFEB                                                      A:03 X:BF Y:02 S:FB P:NVUBdIzC 
    $FFEB:CA        DEX                                                            A:03 X:BF Y:02 S:FB P:NVUBdIzC 
    $FFEC:D0 FD     BNE $FFEB                                                      A:03 X:BE Y:02 S:FB P:NVUBdIzC 
    $FFEB:CA        DEX                                                            A:03 X:BE Y:02 S:FB P:NVUBdIzC 
    $FFEC:D0 FD     BNE $FFEB                                                      A:03 X:BD Y:02 S:FB P:NVUBdIzC 
    $FFEB:CA        DEX                                                            A:03 X:BD Y:02 S:FB P:NVUBdIzC 
    $FFEC:D0 FD     BNE $FFEB                                                      A:03 X:BC Y:02 S:FB P:NVUBdIzC 
    $FFEB:CA        DEX                                                            A:03 X:BC Y:02 S:FB P:NVUBdIzC 
    $FFEC:D0 FD     BNE $FFEB                                                      A:03 X:BB Y:02 S:FB P:NVUBdIzC 
    $FFEB:CA        DEX                                                            A:03 X:BB Y:02 S:FB P:NVUBdIzC 
    $FFEC:D0 FD     BNE $FFEB                                                      A:03 X:BA Y:02 S:FB P:NVUBdIzC 
    $FFEB:CA        DEX                                                            A:03 X:BA Y:02 S:FB P:NVUBdIzC 
    $FFEC:D0 FD     BNE $FFEB                                                      A:03 X:B9 Y:02 S:FB P:NVUBdIzC 
    $FFEB:CA        DEX                                                            A:03 X:B9 Y:02 S:FB P:NVUBdIzC 
    $FFEC:D0 FD     BNE $FFEB                                                      A:03 X:B8 Y:02 S:FB P:NVUBdIzC 
    $FFEB:CA        DEX                                                            A:03 X:B8 Y:02 S:FB P:NVUBdIzC 
    $FFEC:D0 FD     BNE $FFEB                                                      A:03 X:B7 Y:02 S:FB P:NVUBdIzC 
    $FFEB:CA        DEX                                                            A:03 X:B7 Y:02 S:FB P:NVUBdIzC 
    $FFEC:D0 FD     BNE $FFEB                                                      A:03 X:B6 Y:02 S:FB P:NVUBdIzC 
    $FFEB:CA        DEX                                                            A:03 X:B6 Y:02 S:FB P:NVUBdIzC 
    $FFEC:D0 FD     BNE $FFEB                                                      A:03 X:B5 Y:02 S:FB P:NVUBdIzC 
    $FFEB:CA        DEX                                                            A:03 X:B5 Y:02 S:FB P:NVUBdIzC 
    $FFEC:D0 FD     BNE $FFEB                                                      A:03 X:B4 Y:02 S:FB P:NVUBdIzC 
    $FFEB:CA        DEX                                                            A:03 X:B4 Y:02 S:FB P:NVUBdIzC 
    $FFEC:D0 FD     BNE $FFEB                                                      A:03 X:B3 Y:02 S:FB P:NVUBdIzC 
    $FFEB:CA        DEX                                                            A:03 X:B3 Y:02 S:FB P:NVUBdIzC 
    $FFEC:D0 FD     BNE $FFEB                                                      A:03 X:B2 Y:02 S:FB P:NVUBdIzC 
    $FFEB:CA        DEX                                                            A:03 X:B2 Y:02 S:FB P:NVUBdIzC 
    $FFEC:D0 FD     BNE $FFEB                                                      A:03 X:B1 Y:02 S:FB P:NVUBdIzC 
    $FFEB:CA        DEX                                                            A:03 X:B1 Y:02 S:FB P:NVUBdIzC 
    $FFEC:D0 FD     BNE $FFEB                                                      A:03 X:B0 Y:02 S:FB P:NVUBdIzC 
    $FFEB:CA        DEX                                                            A:03 X:B0 Y:02 S:FB P:NVUBdIzC 
    $FFEC:D0 FD     BNE $FFEB                                                      A:03 X:AF Y:02 S:FB P:NVUBdIzC 
    $FFEB:CA        DEX                                                            A:03 X:AF Y:02 S:FB P:NVUBdIzC 
    $FFEC:D0 FD     BNE $FFEB                                                      A:03 X:AE Y:02 S:FB P:NVUBdIzC 
    $FFEB:CA        DEX                                                            A:03 X:AE Y:02 S:FB P:NVUBdIzC 
    $FFEC:D0 FD     BNE $FFEB                                                      A:03 X:AD Y:02 S:FB P:NVUBdIzC 
    $FFEB:CA        DEX                                                            A:03 X:AD Y:02 S:FB P:NVUBdIzC 
    $FFEC:D0 FD     BNE $FFEB                                                      A:03 X:AC Y:02 S:FB P:NVUBdIzC 
    $FFEB:CA        DEX                                                            A:03 X:AC Y:02 S:FB P:NVUBdIzC 
    $FFEC:D0 FD     BNE $FFEB                                                      A:03 X:AB Y:02 S:FB P:NVUBdIzC 
    $FFEB:CA        DEX                                                            A:03 X:AB Y:02 S:FB P:NVUBdIzC 
    $FFEC:D0 FD     BNE $FFEB                                                      A:03 X:AA Y:02 S:FB P:NVUBdIzC 
    $FFEB:CA        DEX                                                            A:03 X:AA Y:02 S:FB P:NVUBdIzC 
    $FFEC:D0 FD     BNE $FFEB                                                      A:03 X:A9 Y:02 S:FB P:NVUBdIzC 
    $FFEB:CA        DEX                                                            A:03 X:A9 Y:02 S:FB P:NVUBdIzC 
    $FFEC:D0 FD     BNE $FFEB                                                      A:03 X:A8 Y:02 S:FB P:NVUBdIzC 
    $FFEB:CA        DEX                                                            A:03 X:A8 Y:02 S:FB P:NVUBdIzC 
    $FFEC:D0 FD     BNE $FFEB                                                      A:03 X:A7 Y:02 S:FB P:NVUBdIzC 
    $FFEB:CA        DEX                                                            A:03 X:A7 Y:02 S:FB P:NVUBdIzC 
    $FFEC:D0 FD     BNE $FFEB                                                      A:03 X:A6 Y:02 S:FB P:NVUBdIzC 
    $FFEB:CA        DEX                                                            A:03 X:A6 Y:02 S:FB P:NVUBdIzC 
    $FFEC:D0 FD     BNE $FFEB                                                      A:03 X:A5 Y:02 S:FB P:NVUBdIzC 
    $FFEB:CA        DEX                                                            A:03 X:A5 Y:02 S:FB P:NVUBdIzC 
    $FFEC:D0 FD     BNE $FFEB                                                      A:03 X:A4 Y:02 S:FB P:NVUBdIzC 
    $FFEB:CA        DEX                                                            A:03 X:A4 Y:02 S:FB P:NVUBdIzC 
    $FFEC:D0 FD     BNE $FFEB                                                      A:03 X:A3 Y:02 S:FB P:NVUBdIzC 
    $FFEB:CA        DEX                                                            A:03 X:A3 Y:02 S:FB P:NVUBdIzC 
    $FFEC:D0 FD     BNE $FFEB                                                      A:03 X:A2 Y:02 S:FB P:NVUBdIzC 
    $FFEB:CA        DEX                                                            A:03 X:A2 Y:02 S:FB P:NVUBdIzC 
    $FFEC:D0 FD     BNE $FFEB                                                      A:03 X:A1 Y:02 S:FB P:NVUBdIzC 
    $FFEB:CA        DEX                                                            A:03 X:A1 Y:02 S:FB P:NVUBdIzC 
    $FFEC:D0 FD     BNE $FFEB                                                      A:03 X:A0 Y:02 S:FB P:NVUBdIzC 
    $FFEB:CA        DEX                                                            A:03 X:A0 Y:02 S:FB P:NVUBdIzC 
    $FFEC:D0 FD     BNE $FFEB                                                      A:03 X:9F Y:02 S:FB P:NVUBdIzC 
    $FFEB:CA        DEX                                                            A:03 X:9F Y:02 S:FB P:NVUBdIzC 
    $FFEC:D0 FD     BNE $FFEB                                                      A:03 X:9E Y:02 S:FB P:NVUBdIzC 
    $FFEB:CA        DEX                                                            A:03 X:9E Y:02 S:FB P:NVUBdIzC 
    $FFEC:D0 FD     BNE $FFEB                                                      A:03 X:9D Y:02 S:FB P:NVUBdIzC 
    $FFEB:CA        DEX                                                            A:03 X:9D Y:02 S:FB P:NVUBdIzC 
    $FFEC:D0 FD     BNE $FFEB                                                      A:03 X:9C Y:02 S:FB P:NVUBdIzC 
    $FFEB:CA        DEX                                                            A:03 X:9C Y:02 S:FB P:NVUBdIzC 
    $FFEC:D0 FD     BNE $FFEB                                                      A:03 X:9B Y:02 S:FB P:NVUBdIzC 
    $FFEB:CA        DEX                                                            A:03 X:9B Y:02 S:FB P:NVUBdIzC 
    $FFEC:D0 FD     BNE $FFEB                                                      A:03 X:9A Y:02 S:FB P:NVUBdIzC 
    $FFEB:CA        DEX                                                            A:03 X:9A Y:02 S:FB P:NVUBdIzC 
    $FFEC:D0 FD     BNE $FFEB                                                      A:03 X:99 Y:02 S:FB P:NVUBdIzC 
    $FFEB:CA        DEX                                                            A:03 X:99 Y:02 S:FB P:NVUBdIzC 
    $FFEC:D0 FD     BNE $FFEB                                                      A:03 X:98 Y:02 S:FB P:NVUBdIzC 
    $FFEB:CA        DEX                                                            A:03 X:98 Y:02 S:FB P:NVUBdIzC 
    $FFEC:D0 FD     BNE $FFEB                                                      A:03 X:97 Y:02 S:FB P:NVUBdIzC 
    $FFEB:CA        DEX                                                            A:03 X:97 Y:02 S:FB P:NVUBdIzC 
    $FFEC:D0 FD     BNE $FFEB                                                      A:03 X:96 Y:02 S:FB P:NVUBdIzC 
    $FFEB:CA        DEX                                                            A:03 X:96 Y:02 S:FB P:NVUBdIzC 
    $FFEC:D0 FD     BNE $FFEB                                                      A:03 X:95 Y:02 S:FB P:NVUBdIzC 
    $FFEB:CA        DEX                                                            A:03 X:95 Y:02 S:FB P:NVUBdIzC 
    $FFEC:D0 FD     BNE $FFEB                                                      A:03 X:94 Y:02 S:FB P:NVUBdIzC 
    $FFEB:CA        DEX                                                            A:03 X:94 Y:02 S:FB P:NVUBdIzC 
    $FFEC:D0 FD     BNE $FFEB                                                      A:03 X:93 Y:02 S:FB P:NVUBdIzC 
    $FFEB:CA        DEX                                                            A:03 X:93 Y:02 S:FB P:NVUBdIzC 
    $FFEC:D0 FD     BNE $FFEB                                                      A:03 X:92 Y:02 S:FB P:NVUBdIzC 
    $FFEB:CA        DEX                                                            A:03 X:92 Y:02 S:FB P:NVUBdIzC 
    $FFEC:D0 FD     BNE $FFEB                                                      A:03 X:91 Y:02 S:FB P:NVUBdIzC 
    $FFEB:CA        DEX                                                            A:03 X:91 Y:02 S:FB P:NVUBdIzC 
    $FFEC:D0 FD     BNE $FFEB                                                      A:03 X:90 Y:02 S:FB P:NVUBdIzC 
    $FFEB:CA        DEX                                                            A:03 X:90 Y:02 S:FB P:NVUBdIzC 
    $FFEC:D0 FD     BNE $FFEB                                                      A:03 X:8F Y:02 S:FB P:NVUBdIzC 
    $FFEB:CA        DEX                                                            A:03 X:8F Y:02 S:FB P:NVUBdIzC 
    $FFEC:D0 FD     BNE $FFEB                                                      A:03 X:8E Y:02 S:FB P:NVUBdIzC 
    $FFEB:CA        DEX                                                            A:03 X:8E Y:02 S:FB P:NVUBdIzC 
    $FFEC:D0 FD     BNE $FFEB                                                      A:03 X:8D Y:02 S:FB P:NVUBdIzC 
    $FFEB:CA        DEX                                                            A:03 X:8D Y:02 S:FB P:NVUBdIzC 
    $FFEC:D0 FD     BNE $FFEB                                                      A:03 X:8C Y:02 S:FB P:NVUBdIzC 
    $FFEB:CA        DEX                                                            A:03 X:8C Y:02 S:FB P:NVUBdIzC 
    $FFEC:D0 FD     BNE $FFEB                                                      A:03 X:8B Y:02 S:FB P:NVUBdIzC 
    $FFEB:CA        DEX                                                            A:03 X:8B Y:02 S:FB P:NVUBdIzC 
    $FFEC:D0 FD     BNE $FFEB                                                      A:03 X:8A Y:02 S:FB P:NVUBdIzC 
    $FFEB:CA        DEX                                                            A:03 X:8A Y:02 S:FB P:NVUBdIzC 
    $FFEC:D0 FD     BNE $FFEB                                                      A:03 X:89 Y:02 S:FB P:NVUBdIzC 
    $FFEB:CA        DEX                                                            A:03 X:89 Y:02 S:FB P:NVUBdIzC 
    $FFEC:D0 FD     BNE $FFEB                                                      A:03 X:88 Y:02 S:FB P:NVUBdIzC 
    $FFEB:CA        DEX                                                            A:03 X:88 Y:02 S:FB P:NVUBdIzC 
    $FFEC:D0 FD     BNE $FFEB                                                      A:03 X:87 Y:02 S:FB P:NVUBdIzC 
    $FFEB:CA        DEX                                                            A:03 X:87 Y:02 S:FB P:NVUBdIzC 
    $FFEC:D0 FD     BNE $FFEB                                                      A:03 X:86 Y:02 S:FB P:NVUBdIzC 
    $FFEB:CA        DEX                                                            A:03 X:86 Y:02 S:FB P:NVUBdIzC 
    $FFEC:D0 FD     BNE $FFEB                                                      A:03 X:85 Y:02 S:FB P:NVUBdIzC 
    $FFEB:CA        DEX                                                            A:03 X:85 Y:02 S:FB P:NVUBdIzC 
    $FFEC:D0 FD     BNE $FFEB                                                      A:03 X:84 Y:02 S:FB P:NVUBdIzC 
    $FFEB:CA        DEX                                                            A:03 X:84 Y:02 S:FB P:NVUBdIzC 
    $FFEC:D0 FD     BNE $FFEB                                                      A:03 X:83 Y:02 S:FB P:NVUBdIzC 
    $FFEB:CA        DEX                                                            A:03 X:83 Y:02 S:FB P:NVUBdIzC 
    $FFEC:D0 FD     BNE $FFEB                                                      A:03 X:82 Y:02 S:FB P:NVUBdIzC 
    $FFEB:CA        DEX                                                            A:03 X:82 Y:02 S:FB P:NVUBdIzC 
    $FFEC:D0 FD     BNE $FFEB                                                      A:03 X:81 Y:02 S:FB P:NVUBdIzC 
    $FFEB:CA        DEX                                                            A:03 X:81 Y:02 S:FB P:NVUBdIzC 
    $FFEC:D0 FD     BNE $FFEB                                                      A:03 X:80 Y:02 S:FB P:NVUBdIzC 
    $FFEB:CA        DEX                                                            A:03 X:80 Y:02 S:FB P:NVUBdIzC 
    $FFEC:D0 FD     BNE $FFEB                                                      A:03 X:7F Y:02 S:FB P:nVUBdIzC 
    $FFEB:CA        DEX                                                            A:03 X:7F Y:02 S:FB P:nVUBdIzC 
    $FFEC:D0 FD     BNE $FFEB                                                      A:03 X:7E Y:02 S:FB P:nVUBdIzC 
    $FFEB:CA        DEX                                                            A:03 X:7E Y:02 S:FB P:nVUBdIzC 
    $FFEC:D0 FD     BNE $FFEB                                                      A:03 X:7D Y:02 S:FB P:nVUBdIzC 
    $FFEB:CA        DEX                                                            A:03 X:7D Y:02 S:FB P:nVUBdIzC 
    $FFEC:D0 FD     BNE $FFEB                                                      A:03 X:7C Y:02 S:FB P:nVUBdIzC 
    $FFEB:CA        DEX                                                            A:03 X:7C Y:02 S:FB P:nVUBdIzC 
    $FFEC:D0 FD     BNE $FFEB                                                      A:03 X:7B Y:02 S:FB P:nVUBdIzC 
    $FFEB:CA        DEX                                                            A:03 X:7B Y:02 S:FB P:nVUBdIzC 
    $FFEC:D0 FD     BNE $FFEB                                                      A:03 X:7A Y:02 S:FB P:nVUBdIzC 
    $FFEB:CA        DEX                                                            A:03 X:7A Y:02 S:FB P:nVUBdIzC 
    $FFEC:D0 FD     BNE $FFEB                                                      A:03 X:79 Y:02 S:FB P:nVUBdIzC 
    $FFEB:CA        DEX                                                            A:03 X:79 Y:02 S:FB P:nVUBdIzC 
    $FFEC:D0 FD     BNE $FFEB                                                      A:03 X:78 Y:02 S:FB P:nVUBdIzC 
    $FFEB:CA        DEX                                                            A:03 X:78 Y:02 S:FB P:nVUBdIzC 
    $FFEC:D0 FD     BNE $FFEB                                                      A:03 X:77 Y:02 S:FB P:nVUBdIzC 
    $FFEB:CA        DEX                                                            A:03 X:77 Y:02 S:FB P:nVUBdIzC 
    $FFEC:D0 FD     BNE $FFEB                                                      A:03 X:76 Y:02 S:FB P:nVUBdIzC 
    $FFEB:CA        DEX                                                            A:03 X:76 Y:02 S:FB P:nVUBdIzC 
    $FFEC:D0 FD     BNE $FFEB                                                      A:03 X:75 Y:02 S:FB P:nVUBdIzC 
    $FFEB:CA        DEX                                                            A:03 X:75 Y:02 S:FB P:nVUBdIzC 
    $FFEC:D0 FD     BNE $FFEB                                                      A:03 X:74 Y:02 S:FB P:nVUBdIzC 
    $FFEB:CA        DEX                                                            A:03 X:74 Y:02 S:FB P:nVUBdIzC 
    $FFEC:D0 FD     BNE $FFEB                                                      A:03 X:73 Y:02 S:FB P:nVUBdIzC 
    $FFEB:CA        DEX                                                            A:03 X:73 Y:02 S:FB P:nVUBdIzC 
    $FFEC:D0 FD     BNE $FFEB                                                      A:03 X:72 Y:02 S:FB P:nVUBdIzC 
    $FFEB:CA        DEX                                                            A:03 X:72 Y:02 S:FB P:nVUBdIzC 
    $FFEC:D0 FD     BNE $FFEB                                                      A:03 X:71 Y:02 S:FB P:nVUBdIzC 
    $FFEB:CA        DEX                                                            A:03 X:71 Y:02 S:FB P:nVUBdIzC 
    $FFEC:D0 FD     BNE $FFEB                                                      A:03 X:70 Y:02 S:FB P:nVUBdIzC 
    $FFEB:CA        DEX                                                            A:03 X:70 Y:02 S:FB P:nVUBdIzC 
    $FFEC:D0 FD     BNE $FFEB                                                      A:03 X:6F Y:02 S:FB P:nVUBdIzC 
    $FFEB:CA        DEX                                                            A:03 X:6F Y:02 S:FB P:nVUBdIzC 
    $FFEC:D0 FD     BNE $FFEB                                                      A:03 X:6E Y:02 S:FB P:nVUBdIzC 
    $FFEB:CA        DEX                                                            A:03 X:6E Y:02 S:FB P:nVUBdIzC 
    $FFEC:D0 FD     BNE $FFEB                                                      A:03 X:6D Y:02 S:FB P:nVUBdIzC 
    $FFEB:CA        DEX                                                            A:03 X:6D Y:02 S:FB P:nVUBdIzC 
    $FFEC:D0 FD     BNE $FFEB                                                      A:03 X:6C Y:02 S:FB P:nVUBdIzC 
    $FFEB:CA        DEX                                                            A:03 X:6C Y:02 S:FB P:nVUBdIzC 
    $FFEC:D0 FD     BNE $FFEB                                                      A:03 X:6B Y:02 S:FB P:nVUBdIzC 
    $FFEB:CA        DEX                                                            A:03 X:6B Y:02 S:FB P:nVUBdIzC 
    $FFEC:D0 FD     BNE $FFEB                                                      A:03 X:6A Y:02 S:FB P:nVUBdIzC 
    $FFEB:CA        DEX                                                            A:03 X:6A Y:02 S:FB P:nVUBdIzC 
    $FFEC:D0 FD     BNE $FFEB                                                      A:03 X:69 Y:02 S:FB P:nVUBdIzC 
    $FFEB:CA        DEX                                                            A:03 X:69 Y:02 S:FB P:nVUBdIzC 
    $FFEC:D0 FD     BNE $FFEB                                                      A:03 X:68 Y:02 S:FB P:nVUBdIzC 
    $FFEB:CA        DEX                                                            A:03 X:68 Y:02 S:FB P:nVUBdIzC 
    $FFEC:D0 FD     BNE $FFEB                                                      A:03 X:67 Y:02 S:FB P:nVUBdIzC 
    $FFEB:CA        DEX                                                            A:03 X:67 Y:02 S:FB P:nVUBdIzC 
    $FFEC:D0 FD     BNE $FFEB                                                      A:03 X:66 Y:02 S:FB P:nVUBdIzC 
    $FFEB:CA        DEX                                                            A:03 X:66 Y:02 S:FB P:nVUBdIzC 
    $FFEC:D0 FD     BNE $FFEB                                                      A:03 X:65 Y:02 S:FB P:nVUBdIzC 
    $FFEB:CA        DEX                                                            A:03 X:65 Y:02 S:FB P:nVUBdIzC 
    $FFEC:D0 FD     BNE $FFEB                                                      A:03 X:64 Y:02 S:FB P:nVUBdIzC 
    $FFEB:CA        DEX                                                            A:03 X:64 Y:02 S:FB P:nVUBdIzC 
    $FFEC:D0 FD     BNE $FFEB                                                      A:03 X:63 Y:02 S:FB P:nVUBdIzC 
    $FFEB:CA        DEX                                                            A:03 X:63 Y:02 S:FB P:nVUBdIzC 
    $FFEC:D0 FD     BNE $FFEB                                                      A:03 X:62 Y:02 S:FB P:nVUBdIzC 
    $FFEB:CA        DEX                                                            A:03 X:62 Y:02 S:FB P:nVUBdIzC 
    $FFEC:D0 FD     BNE $FFEB                                                      A:03 X:61 Y:02 S:FB P:nVUBdIzC 
    $FFEB:CA        DEX                                                            A:03 X:61 Y:02 S:FB P:nVUBdIzC 
    $FFEC:D0 FD     BNE $FFEB                                                      A:03 X:60 Y:02 S:FB P:nVUBdIzC 
    $FFEB:CA        DEX                                                            A:03 X:60 Y:02 S:FB P:nVUBdIzC 
    $FFEC:D0 FD     BNE $FFEB                                                      A:03 X:5F Y:02 S:FB P:nVUBdIzC 
    $FFEB:CA        DEX                                                            A:03 X:5F Y:02 S:FB P:nVUBdIzC 
    $FFEC:D0 FD     BNE $FFEB                                                      A:03 X:5E Y:02 S:FB P:nVUBdIzC 
    $FFEB:CA        DEX                                                            A:03 X:5E Y:02 S:FB P:nVUBdIzC 
    $FFEC:D0 FD     BNE $FFEB                                                      A:03 X:5D Y:02 S:FB P:nVUBdIzC 
    $FFEB:CA        DEX                                                            A:03 X:5D Y:02 S:FB P:nVUBdIzC 
    $FFEC:D0 FD     BNE $FFEB                                                      A:03 X:5C Y:02 S:FB P:nVUBdIzC 
    $FFEB:CA        DEX                                                            A:03 X:5C Y:02 S:FB P:nVUBdIzC 
    $FFEC:D0 FD     BNE $FFEB                                                      A:03 X:5B Y:02 S:FB P:nVUBdIzC 
    $FFEB:CA        DEX                                                            A:03 X:5B Y:02 S:FB P:nVUBdIzC 
    $FFEC:D0 FD     BNE $FFEB                                                      A:03 X:5A Y:02 S:FB P:nVUBdIzC 
    $FFEB:CA        DEX                                                            A:03 X:5A Y:02 S:FB P:nVUBdIzC 
    $FFEC:D0 FD     BNE $FFEB                                                      A:03 X:59 Y:02 S:FB P:nVUBdIzC 
    $FFEB:CA        DEX                                                            A:03 X:59 Y:02 S:FB P:nVUBdIzC 
    $FFEC:D0 FD     BNE $FFEB                                                      A:03 X:58 Y:02 S:FB P:nVUBdIzC 
    $FFEB:CA        DEX                                                            A:03 X:58 Y:02 S:FB P:nVUBdIzC 
    $FFEC:D0 FD     BNE $FFEB                                                      A:03 X:57 Y:02 S:FB P:nVUBdIzC 
    $FFEB:CA        DEX                                                            A:03 X:57 Y:02 S:FB P:nVUBdIzC 
    $FFEC:D0 FD     BNE $FFEB                                                      A:03 X:56 Y:02 S:FB P:nVUBdIzC 
    $FFEB:CA        DEX                                                            A:03 X:56 Y:02 S:FB P:nVUBdIzC 
    $FFEC:D0 FD     BNE $FFEB                                                      A:03 X:55 Y:02 S:FB P:nVUBdIzC 
    $FFEB:CA        DEX                                                            A:03 X:55 Y:02 S:FB P:nVUBdIzC 
    $FFEC:D0 FD     BNE $FFEB                                                      A:03 X:54 Y:02 S:FB P:nVUBdIzC 
    $FFEB:CA        DEX                                                            A:03 X:54 Y:02 S:FB P:nVUBdIzC 
    $FFEC:D0 FD     BNE $FFEB                                                      A:03 X:53 Y:02 S:FB P:nVUBdIzC 
    $FFEB:CA        DEX                                                            A:03 X:53 Y:02 S:FB P:nVUBdIzC 
    $FFEC:D0 FD     BNE $FFEB                                                      A:03 X:52 Y:02 S:FB P:nVUBdIzC 
    $FFEB:CA        DEX                                                            A:03 X:52 Y:02 S:FB P:nVUBdIzC 
    $FFEC:D0 FD     BNE $FFEB                                                      A:03 X:51 Y:02 S:FB P:nVUBdIzC 
    $FFEB:CA        DEX                                                            A:03 X:51 Y:02 S:FB P:nVUBdIzC 
    $FFEC:D0 FD     BNE $FFEB                                                      A:03 X:50 Y:02 S:FB P:nVUBdIzC 
    $FFEB:CA        DEX                                                            A:03 X:50 Y:02 S:FB P:nVUBdIzC 
    $FFEC:D0 FD     BNE $FFEB                                                      A:03 X:4F Y:02 S:FB P:nVUBdIzC 
    $FFEB:CA        DEX                                                            A:03 X:4F Y:02 S:FB P:nVUBdIzC 
    $FFEC:D0 FD     BNE $FFEB                                                      A:03 X:4E Y:02 S:FB P:nVUBdIzC 
    $FFEB:CA        DEX                                                            A:03 X:4E Y:02 S:FB P:nVUBdIzC 
    $FFEC:D0 FD     BNE $FFEB                                                      A:03 X:4D Y:02 S:FB P:nVUBdIzC 
    $FFEB:CA        DEX                                                            A:03 X:4D Y:02 S:FB P:nVUBdIzC 
    $FFEC:D0 FD     BNE $FFEB                                                      A:03 X:4C Y:02 S:FB P:nVUBdIzC 
    $FFEB:CA        DEX                                                            A:03 X:4C Y:02 S:FB P:nVUBdIzC 
    $FFEC:D0 FD     BNE $FFEB                                                      A:03 X:4B Y:02 S:FB P:nVUBdIzC 
    $FFEB:CA        DEX                                                            A:03 X:4B Y:02 S:FB P:nVUBdIzC 
    $FFEC:D0 FD     BNE $FFEB                                                      A:03 X:4A Y:02 S:FB P:nVUBdIzC 
    $FFEB:CA        DEX                                                            A:03 X:4A Y:02 S:FB P:nVUBdIzC 
    $FFEC:D0 FD     BNE $FFEB                                                      A:03 X:49 Y:02 S:FB P:nVUBdIzC 
    $FFEB:CA        DEX                                                            A:03 X:49 Y:02 S:FB P:nVUBdIzC 
    $FFEC:D0 FD     BNE $FFEB                                                      A:03 X:48 Y:02 S:FB P:nVUBdIzC 
    $FFEB:CA        DEX                                                            A:03 X:48 Y:02 S:FB P:nVUBdIzC 
    $FFEC:D0 FD     BNE $FFEB                                                      A:03 X:47 Y:02 S:FB P:nVUBdIzC 
    $FFEB:CA        DEX                                                            A:03 X:47 Y:02 S:FB P:nVUBdIzC 
    $FFEC:D0 FD     BNE $FFEB                                                      A:03 X:46 Y:02 S:FB P:nVUBdIzC 
    $FFEB:CA        DEX                                                            A:03 X:46 Y:02 S:FB P:nVUBdIzC 
    $FFEC:D0 FD     BNE $FFEB                                                      A:03 X:45 Y:02 S:FB P:nVUBdIzC 
    $FFEB:CA        DEX                                                            A:03 X:45 Y:02 S:FB P:nVUBdIzC 
    $FFEC:D0 FD     BNE $FFEB                                                      A:03 X:44 Y:02 S:FB P:nVUBdIzC 
    $FFEB:CA        DEX                                                            A:03 X:44 Y:02 S:FB P:nVUBdIzC 
    $FFEC:D0 FD     BNE $FFEB                                                      A:03 X:43 Y:02 S:FB P:nVUBdIzC 
    $FFEB:CA        DEX                                                            A:03 X:43 Y:02 S:FB P:nVUBdIzC 
    $FFEC:D0 FD     BNE $FFEB                                                      A:03 X:42 Y:02 S:FB P:nVUBdIzC 
    $FFEB:CA        DEX                                                            A:03 X:42 Y:02 S:FB P:nVUBdIzC 
    $FFEC:D0 FD     BNE $FFEB                                                      A:03 X:41 Y:02 S:FB P:nVUBdIzC 
    $FFEB:CA        DEX                                                            A:03 X:41 Y:02 S:FB P:nVUBdIzC 
    $FFEC:D0 FD     BNE $FFEB                                                      A:03 X:40 Y:02 S:FB P:nVUBdIzC 
    $FFEB:CA        DEX                                                            A:03 X:40 Y:02 S:FB P:nVUBdIzC 
    $FFEC:D0 FD     BNE $FFEB                                                      A:03 X:3F Y:02 S:FB P:nVUBdIzC 
    $FFEB:CA        DEX                                                            A:03 X:3F Y:02 S:FB P:nVUBdIzC 
    $FFEC:D0 FD     BNE $FFEB                                                      A:03 X:3E Y:02 S:FB P:nVUBdIzC 
    $FFEB:CA        DEX                                                            A:03 X:3E Y:02 S:FB P:nVUBdIzC 
    $FFEC:D0 FD     BNE $FFEB                                                      A:03 X:3D Y:02 S:FB P:nVUBdIzC 
    $FFEB:CA        DEX                                                            A:03 X:3D Y:02 S:FB P:nVUBdIzC 
    $FFEC:D0 FD     BNE $FFEB                                                      A:03 X:3C Y:02 S:FB P:nVUBdIzC 
    $FFEB:CA        DEX                                                            A:03 X:3C Y:02 S:FB P:nVUBdIzC 
    $FFEC:D0 FD     BNE $FFEB                                                      A:03 X:3B Y:02 S:FB P:nVUBdIzC 
    $FFEB:CA        DEX                                                            A:03 X:3B Y:02 S:FB P:nVUBdIzC 
    $FFEC:D0 FD     BNE $FFEB                                                      A:03 X:3A Y:02 S:FB P:nVUBdIzC 
    $FFEB:CA        DEX                                                            A:03 X:3A Y:02 S:FB P:nVUBdIzC 
    $FFEC:D0 FD     BNE $FFEB                                                      A:03 X:39 Y:02 S:FB P:nVUBdIzC 
    $FFEB:CA        DEX                                                            A:03 X:39 Y:02 S:FB P:nVUBdIzC 
    $FFEC:D0 FD     BNE $FFEB                                                      A:03 X:38 Y:02 S:FB P:nVUBdIzC 
    $FFEB:CA        DEX                                                            A:03 X:38 Y:02 S:FB P:nVUBdIzC 
    $FFEC:D0 FD     BNE $FFEB                                                      A:03 X:37 Y:02 S:FB P:nVUBdIzC 
    $FFEB:CA        DEX                                                            A:03 X:37 Y:02 S:FB P:nVUBdIzC 
    $FFEC:D0 FD     BNE $FFEB                                                      A:03 X:36 Y:02 S:FB P:nVUBdIzC 
    $FFEB:CA        DEX                                                            A:03 X:36 Y:02 S:FB P:nVUBdIzC 
    $FFEC:D0 FD     BNE $FFEB                                                      A:03 X:35 Y:02 S:FB P:nVUBdIzC 
    $FFEB:CA        DEX                                                            A:03 X:35 Y:02 S:FB P:nVUBdIzC 
    $FFEC:D0 FD     BNE $FFEB                                                      A:03 X:34 Y:02 S:FB P:nVUBdIzC 
    $FFEB:CA        DEX                                                            A:03 X:34 Y:02 S:FB P:nVUBdIzC 
    $FFEC:D0 FD     BNE $FFEB                                                      A:03 X:33 Y:02 S:FB P:nVUBdIzC 
    $FFEB:CA        DEX                                                            A:03 X:33 Y:02 S:FB P:nVUBdIzC 
    $FFEC:D0 FD     BNE $FFEB                                                      A:03 X:32 Y:02 S:FB P:nVUBdIzC 
    $FFEB:CA        DEX                                                            A:03 X:32 Y:02 S:FB P:nVUBdIzC 
    $FFEC:D0 FD     BNE $FFEB                                                      A:03 X:31 Y:02 S:FB P:nVUBdIzC 
    $FFEB:CA        DEX                                                            A:03 X:31 Y:02 S:FB P:nVUBdIzC 
    $FFEC:D0 FD     BNE $FFEB                                                      A:03 X:30 Y:02 S:FB P:nVUBdIzC 
    $FFEB:CA        DEX                                                            A:03 X:30 Y:02 S:FB P:nVUBdIzC 
    $FFEC:D0 FD     BNE $FFEB                                                      A:03 X:2F Y:02 S:FB P:nVUBdIzC 
    $FFEB:CA        DEX                                                            A:03 X:2F Y:02 S:FB P:nVUBdIzC 
    $FFEC:D0 FD     BNE $FFEB                                                      A:03 X:2E Y:02 S:FB P:nVUBdIzC 
    $FFEB:CA        DEX                                                            A:03 X:2E Y:02 S:FB P:nVUBdIzC 
    $FFEC:D0 FD     BNE $FFEB                                                      A:03 X:2D Y:02 S:FB P:nVUBdIzC 
    $FFEB:CA        DEX                                                            A:03 X:2D Y:02 S:FB P:nVUBdIzC 
    $FFEC:D0 FD     BNE $FFEB                                                      A:03 X:2C Y:02 S:FB P:nVUBdIzC 
    $FFEB:CA        DEX                                                            A:03 X:2C Y:02 S:FB P:nVUBdIzC 
    $FFEC:D0 FD     BNE $FFEB                                                      A:03 X:2B Y:02 S:FB P:nVUBdIzC 
    $FFEB:CA        DEX                                                            A:03 X:2B Y:02 S:FB P:nVUBdIzC 
    $FFEC:D0 FD     BNE $FFEB                                                      A:03 X:2A Y:02 S:FB P:nVUBdIzC 
    $FFEB:CA        DEX                                                            A:03 X:2A Y:02 S:FB P:nVUBdIzC 
    $FFEC:D0 FD     BNE $FFEB                                                      A:03 X:29 Y:02 S:FB P:nVUBdIzC 
    $FFEB:CA        DEX                                                            A:03 X:29 Y:02 S:FB P:nVUBdIzC 
    $FFEC:D0 FD     BNE $FFEB                                                      A:03 X:28 Y:02 S:FB P:nVUBdIzC 
    $FFEB:CA        DEX                                                            A:03 X:28 Y:02 S:FB P:nVUBdIzC 
    $FFEC:D0 FD     BNE $FFEB                                                      A:03 X:27 Y:02 S:FB P:nVUBdIzC 
    $FFEB:CA        DEX                                                            A:03 X:27 Y:02 S:FB P:nVUBdIzC 
    $FFEC:D0 FD     BNE $FFEB                                                      A:03 X:26 Y:02 S:FB P:nVUBdIzC 
    $FFEB:CA        DEX                                                            A:03 X:26 Y:02 S:FB P:nVUBdIzC 
    $FFEC:D0 FD     BNE $FFEB                                                      A:03 X:25 Y:02 S:FB P:nVUBdIzC 
    $FFEB:CA        DEX                                                            A:03 X:25 Y:02 S:FB P:nVUBdIzC 
    $FFEC:D0 FD     BNE $FFEB                                                      A:03 X:24 Y:02 S:FB P:nVUBdIzC 
    $FFEB:CA        DEX                                                            A:03 X:24 Y:02 S:FB P:nVUBdIzC 
    $FFEC:D0 FD     BNE $FFEB                                                      A:03 X:23 Y:02 S:FB P:nVUBdIzC 
    $FFEB:CA        DEX                                                            A:03 X:23 Y:02 S:FB P:nVUBdIzC 
    $FFEC:D0 FD     BNE $FFEB                                                      A:03 X:22 Y:02 S:FB P:nVUBdIzC 
    $FFEB:CA        DEX                                                            A:03 X:22 Y:02 S:FB P:nVUBdIzC 
    $FFEC:D0 FD     BNE $FFEB                                                      A:03 X:21 Y:02 S:FB P:nVUBdIzC 
    $FFEB:CA        DEX                                                            A:03 X:21 Y:02 S:FB P:nVUBdIzC 
    $FFEC:D0 FD     BNE $FFEB                                                      A:03 X:20 Y:02 S:FB P:nVUBdIzC 
    $FFEB:CA        DEX                                                            A:03 X:20 Y:02 S:FB P:nVUBdIzC 
    $FFEC:D0 FD     BNE $FFEB                                                      A:03 X:1F Y:02 S:FB P:nVUBdIzC 
    $FFEB:CA        DEX                                                            A:03 X:1F Y:02 S:FB P:nVUBdIzC 
    $FFEC:D0 FD     BNE $FFEB                                                      A:03 X:1E Y:02 S:FB P:nVUBdIzC 
    $FFEB:CA        DEX                                                            A:03 X:1E Y:02 S:FB P:nVUBdIzC 
    $FFEC:D0 FD     BNE $FFEB                                                      A:03 X:1D Y:02 S:FB P:nVUBdIzC 
    $FFEB:CA        DEX                                                            A:03 X:1D Y:02 S:FB P:nVUBdIzC 
    $FFEC:D0 FD     BNE $FFEB                                                      A:03 X:1C Y:02 S:FB P:nVUBdIzC 
    $FFEB:CA        DEX                                                            A:03 X:1C Y:02 S:FB P:nVUBdIzC 
    $FFEC:D0 FD     BNE $FFEB                                                      A:03 X:1B Y:02 S:FB P:nVUBdIzC 
    $FFEB:CA        DEX                                                            A:03 X:1B Y:02 S:FB P:nVUBdIzC 
    $FFEC:D0 FD     BNE $FFEB                                                      A:03 X:1A Y:02 S:FB P:nVUBdIzC 
    $FFEB:CA        DEX                                                            A:03 X:1A Y:02 S:FB P:nVUBdIzC 
    $FFEC:D0 FD     BNE $FFEB                                                      A:03 X:19 Y:02 S:FB P:nVUBdIzC 
    $FFEB:CA        DEX                                                            A:03 X:19 Y:02 S:FB P:nVUBdIzC 
    $FFEC:D0 FD     BNE $FFEB                                                      A:03 X:18 Y:02 S:FB P:nVUBdIzC 
    $FFEB:CA        DEX                                                            A:03 X:18 Y:02 S:FB P:nVUBdIzC 
    $FFEC:D0 FD     BNE $FFEB                                                      A:03 X:17 Y:02 S:FB P:nVUBdIzC 
    $FFEB:CA        DEX                                                            A:03 X:17 Y:02 S:FB P:nVUBdIzC 
    $FFEC:D0 FD     BNE $FFEB                                                      A:03 X:16 Y:02 S:FB P:nVUBdIzC 
    $FFEB:CA        DEX                                                            A:03 X:16 Y:02 S:FB P:nVUBdIzC 
    $FFEC:D0 FD     BNE $FFEB                                                      A:03 X:15 Y:02 S:FB P:nVUBdIzC 
    $FFEB:CA        DEX                                                            A:03 X:15 Y:02 S:FB P:nVUBdIzC 
    $FFEC:D0 FD     BNE $FFEB                                                      A:03 X:14 Y:02 S:FB P:nVUBdIzC 
    $FFEB:CA        DEX                                                            A:03 X:14 Y:02 S:FB P:nVUBdIzC 
    $FFEC:D0 FD     BNE $FFEB                                                      A:03 X:13 Y:02 S:FB P:nVUBdIzC 
    $FFEB:CA        DEX                                                            A:03 X:13 Y:02 S:FB P:nVUBdIzC 
    $FFEC:D0 FD     BNE $FFEB                                                      A:03 X:12 Y:02 S:FB P:nVUBdIzC 
    $FFEB:CA        DEX                                                            A:03 X:12 Y:02 S:FB P:nVUBdIzC 
    $FFEC:D0 FD     BNE $FFEB                                                      A:03 X:11 Y:02 S:FB P:nVUBdIzC 
    $FFEB:CA        DEX                                                            A:03 X:11 Y:02 S:FB P:nVUBdIzC 
    $FFEC:D0 FD     BNE $FFEB                                                      A:03 X:10 Y:02 S:FB P:nVUBdIzC 
    $FFEB:CA        DEX                                                            A:03 X:10 Y:02 S:FB P:nVUBdIzC 
    $FFEC:D0 FD     BNE $FFEB                                                      A:03 X:0F Y:02 S:FB P:nVUBdIzC 
    $FFEB:CA        DEX                                                            A:03 X:0F Y:02 S:FB P:nVUBdIzC 
    $FFEC:D0 FD     BNE $FFEB                                                      A:03 X:0E Y:02 S:FB P:nVUBdIzC 
    $FFEB:CA        DEX                                                            A:03 X:0E Y:02 S:FB P:nVUBdIzC 
    $FFEC:D0 FD     BNE $FFEB                                                      A:03 X:0D Y:02 S:FB P:nVUBdIzC 
    $FFEB:CA        DEX                                                            A:03 X:0D Y:02 S:FB P:nVUBdIzC 
    $FFEC:D0 FD     BNE $FFEB                                                      A:03 X:0C Y:02 S:FB P:nVUBdIzC 
    $FFEB:CA        DEX                                                            A:03 X:0C Y:02 S:FB P:nVUBdIzC 
    $FFEC:D0 FD     BNE $FFEB                                                      A:03 X:0B Y:02 S:FB P:nVUBdIzC 
    $FFEB:CA        DEX                                                            A:03 X:0B Y:02 S:FB P:nVUBdIzC 
    $FFEC:D0 FD     BNE $FFEB                                                      A:03 X:0A Y:02 S:FB P:nVUBdIzC 
    $FFEB:CA        DEX                                                            A:03 X:0A Y:02 S:FB P:nVUBdIzC 
    $FFEC:D0 FD     BNE $FFEB                                                      A:03 X:09 Y:02 S:FB P:nVUBdIzC 
    $FFEB:CA        DEX                                                            A:03 X:09 Y:02 S:FB P:nVUBdIzC 
    $FFEC:D0 FD     BNE $FFEB                                                      A:03 X:08 Y:02 S:FB P:nVUBdIzC 
    $FFEB:CA        DEX                                                            A:03 X:08 Y:02 S:FB P:nVUBdIzC 
    $FFEC:D0 FD     BNE $FFEB                                                      A:03 X:07 Y:02 S:FB P:nVUBdIzC 
    $FFEB:CA        DEX                                                            A:03 X:07 Y:02 S:FB P:nVUBdIzC 
    $FFEC:D0 FD     BNE $FFEB                                                      A:03 X:06 Y:02 S:FB P:nVUBdIzC 
    $FFEB:CA        DEX                                                            A:03 X:06 Y:02 S:FB P:nVUBdIzC 
    $FFEC:D0 FD     BNE $FFEB                                                      A:03 X:05 Y:02 S:FB P:nVUBdIzC 
    $FFEB:CA        DEX                                                            A:03 X:05 Y:02 S:FB P:nVUBdIzC 
    $FFEC:D0 FD     BNE $FFEB                                                      A:03 X:04 Y:02 S:FB P:nVUBdIzC 
    $FFEB:CA        DEX                                                            A:03 X:04 Y:02 S:FB P:nVUBdIzC 
    $FFEC:D0 FD     BNE $FFEB                                                      A:03 X:03 Y:02 S:FB P:nVUBdIzC 
    $FFEB:CA        DEX                                                            A:03 X:03 Y:02 S:FB P:nVUBdIzC 
    $FFEC:D0 FD     BNE $FFEB                                                      A:03 X:02 Y:02 S:FB P:nVUBdIzC 
    $FFEB:CA        DEX                                                            A:03 X:02 Y:02 S:FB P:nVUBdIzC 
    $FFEC:D0 FD     BNE $FFEB                                                      A:03 X:01 Y:02 S:FB P:nVUBdIzC 
    $FFEB:CA        DEX                                                            A:03 X:01 Y:02 S:FB P:nVUBdIzC 
    $FFEC:D0 FD     BNE $FFEB                                                      A:03 X:00 Y:02 S:FB P:nVUBdIZC 
    $FFEE:88        DEY                                                            A:03 X:00 Y:02 S:FB P:nVUBdIZC 
    $FFEF:D0 FA     BNE $FFEB                                                      A:03 X:00 Y:01 S:FB P:nVUBdIzC 
    $FFEB:CA        DEX                                                            A:03 X:00 Y:01 S:FB P:nVUBdIzC 
    $FFEC:D0 FD     BNE $FFEB                                                      A:03 X:FF Y:01 S:FB P:NVUBdIzC 
    $FFEB:CA        DEX                                                            A:03 X:FF Y:01 S:FB P:NVUBdIzC 
    $FFEC:D0 FD     BNE $FFEB                                                      A:03 X:FE Y:01 S:FB P:NVUBdIzC 
    $FFEB:CA        DEX                                                            A:03 X:FE Y:01 S:FB P:NVUBdIzC 
    $FFEC:D0 FD     BNE $FFEB                                                      A:03 X:FD Y:01 S:FB P:NVUBdIzC 
    $FFEB:CA        DEX                                                            A:03 X:FD Y:01 S:FB P:NVUBdIzC 
    $FFEC:D0 FD     BNE $FFEB                                                      A:03 X:FC Y:01 S:FB P:NVUBdIzC 
    $FFEB:CA        DEX                                                            A:03 X:FC Y:01 S:FB P:NVUBdIzC 
    $FFEC:D0 FD     BNE $FFEB                                                      A:03 X:FB Y:01 S:FB P:NVUBdIzC 
    $FFEB:CA        DEX                                                            A:03 X:FB Y:01 S:FB P:NVUBdIzC 
    $FFEC:D0 FD     BNE $FFEB                                                      A:03 X:FA Y:01 S:FB P:NVUBdIzC 
    $FFEB:CA        DEX                                                            A:03 X:FA Y:01 S:FB P:NVUBdIzC 
    $FFEC:D0 FD     BNE $FFEB                                                      A:03 X:F9 Y:01 S:FB P:NVUBdIzC 
    $FFEB:CA        DEX                                                            A:03 X:F9 Y:01 S:FB P:NVUBdIzC 
    $FFEC:D0 FD     BNE $FFEB                                                      A:03 X:F8 Y:01 S:FB P:NVUBdIzC 
    $FFEB:CA        DEX                                                            A:03 X:F8 Y:01 S:FB P:NVUBdIzC 
    $FFEC:D0 FD     BNE $FFEB                                                      A:03 X:F7 Y:01 S:FB P:NVUBdIzC 
    $FFEB:CA        DEX                                                            A:03 X:F7 Y:01 S:FB P:NVUBdIzC 
    $FFEC:D0 FD     BNE $FFEB                                                      A:03 X:F6 Y:01 S:FB P:NVUBdIzC 
    $FFEB:CA        DEX                                                            A:03 X:F6 Y:01 S:FB P:NVUBdIzC 
    $FFEC:D0 FD     BNE $FFEB                                                      A:03 X:F5 Y:01 S:FB P:NVUBdIzC 
    $FFEB:CA        DEX                                                            A:03 X:F5 Y:01 S:FB P:NVUBdIzC 
    $FFEC:D0 FD     BNE $FFEB                                                      A:03 X:F4 Y:01 S:FB P:NVUBdIzC 
    $FFEB:CA        DEX                                                            A:03 X:F4 Y:01 S:FB P:NVUBdIzC 
    $FFEC:D0 FD     BNE $FFEB                                                      A:03 X:F3 Y:01 S:FB P:NVUBdIzC 
    $FFEB:CA        DEX                                                            A:03 X:F3 Y:01 S:FB P:NVUBdIzC 
    $FFEC:D0 FD     BNE $FFEB                                                      A:03 X:F2 Y:01 S:FB P:NVUBdIzC 
    $FFEB:CA        DEX                                                            A:03 X:F2 Y:01 S:FB P:NVUBdIzC 
    $FFEC:D0 FD     BNE $FFEB                                                      A:03 X:F1 Y:01 S:FB P:NVUBdIzC 
    $FFEB:CA        DEX                                                            A:03 X:F1 Y:01 S:FB P:NVUBdIzC 
    $FFEC:D0 FD     BNE $FFEB                                                      A:03 X:F0 Y:01 S:FB P:NVUBdIzC 
    $FFEB:CA        DEX                                                            A:03 X:F0 Y:01 S:FB P:NVUBdIzC 
    $FFEC:D0 FD     BNE $FFEB                                                      A:03 X:EF Y:01 S:FB P:NVUBdIzC 
    $FFEB:CA        DEX                                                            A:03 X:EF Y:01 S:FB P:NVUBdIzC 
    $FFEC:D0 FD     BNE $FFEB                                                      A:03 X:EE Y:01 S:FB P:NVUBdIzC 
    $FFEB:CA        DEX                                                            A:03 X:EE Y:01 S:FB P:NVUBdIzC 
    $FFEC:D0 FD     BNE $FFEB                                                      A:03 X:ED Y:01 S:FB P:NVUBdIzC 
    $FFEB:CA        DEX                                                            A:03 X:ED Y:01 S:FB P:NVUBdIzC 
    $FFEC:D0 FD     BNE $FFEB                                                      A:03 X:EC Y:01 S:FB P:NVUBdIzC 
    $FFEB:CA        DEX                                                            A:03 X:EC Y:01 S:FB P:NVUBdIzC 
    $FFEC:D0 FD     BNE $FFEB                                                      A:03 X:EB Y:01 S:FB P:NVUBdIzC 
    $FFEB:CA        DEX                                                            A:03 X:EB Y:01 S:FB P:NVUBdIzC 
    $FFEC:D0 FD     BNE $FFEB                                                      A:03 X:EA Y:01 S:FB P:NVUBdIzC 
    $FFEB:CA        DEX                                                            A:03 X:EA Y:01 S:FB P:NVUBdIzC 
    $FFEC:D0 FD     BNE $FFEB                                                      A:03 X:E9 Y:01 S:FB P:NVUBdIzC 
    $FFEB:CA        DEX                                                            A:03 X:E9 Y:01 S:FB P:NVUBdIzC 
    $FFEC:D0 FD     BNE $FFEB                                                      A:03 X:E8 Y:01 S:FB P:NVUBdIzC 
    $FFEB:CA        DEX                                                            A:03 X:E8 Y:01 S:FB P:NVUBdIzC 
    $FFEC:D0 FD     BNE $FFEB                                                      A:03 X:E7 Y:01 S:FB P:NVUBdIzC 
    $FFEB:CA        DEX                                                            A:03 X:E7 Y:01 S:FB P:NVUBdIzC 
    $FFEC:D0 FD     BNE $FFEB                                                      A:03 X:E6 Y:01 S:FB P:NVUBdIzC 
    $FFEB:CA        DEX                                                            A:03 X:E6 Y:01 S:FB P:NVUBdIzC 
    $FFEC:D0 FD     BNE $FFEB                                                      A:03 X:E5 Y:01 S:FB P:NVUBdIzC 
    $FFEB:CA        DEX                                                            A:03 X:E5 Y:01 S:FB P:NVUBdIzC 
    $FFEC:D0 FD     BNE $FFEB                                                      A:03 X:E4 Y:01 S:FB P:NVUBdIzC 
    $FFEB:CA        DEX                                                            A:03 X:E4 Y:01 S:FB P:NVUBdIzC 
    $FFEC:D0 FD     BNE $FFEB                                                      A:03 X:E3 Y:01 S:FB P:NVUBdIzC 
    $FFEB:CA        DEX                                                            A:03 X:E3 Y:01 S:FB P:NVUBdIzC 
    $FFEC:D0 FD     BNE $FFEB                                                      A:03 X:E2 Y:01 S:FB P:NVUBdIzC 
    $FFEB:CA        DEX                                                            A:03 X:E2 Y:01 S:FB P:NVUBdIzC 
    $FFEC:D0 FD     BNE $FFEB                                                      A:03 X:E1 Y:01 S:FB P:NVUBdIzC 
    $FFEB:CA        DEX                                                            A:03 X:E1 Y:01 S:FB P:NVUBdIzC 
    $FFEC:D0 FD     BNE $FFEB                                                      A:03 X:E0 Y:01 S:FB P:NVUBdIzC 
    $FFEB:CA        DEX                                                            A:03 X:E0 Y:01 S:FB P:NVUBdIzC 
    $FFEC:D0 FD     BNE $FFEB                                                      A:03 X:DF Y:01 S:FB P:NVUBdIzC 
    $FFEB:CA        DEX                                                            A:03 X:DF Y:01 S:FB P:NVUBdIzC 
    $FFEC:D0 FD     BNE $FFEB                                                      A:03 X:DE Y:01 S:FB P:NVUBdIzC 
    $FFEB:CA        DEX                                                            A:03 X:DE Y:01 S:FB P:NVUBdIzC 
    $FFEC:D0 FD     BNE $FFEB                                                      A:03 X:DD Y:01 S:FB P:NVUBdIzC 
    $FFEB:CA        DEX                                                            A:03 X:DD Y:01 S:FB P:NVUBdIzC 
    $FFEC:D0 FD     BNE $FFEB                                                      A:03 X:DC Y:01 S:FB P:NVUBdIzC 
    $FFEB:CA        DEX                                                            A:03 X:DC Y:01 S:FB P:NVUBdIzC 
    $FFEC:D0 FD     BNE $FFEB                                                      A:03 X:DB Y:01 S:FB P:NVUBdIzC 
    $FFEB:CA        DEX                                                            A:03 X:DB Y:01 S:FB P:NVUBdIzC 
    $FFEC:D0 FD     BNE $FFEB                                                      A:03 X:DA Y:01 S:FB P:NVUBdIzC 
    $FFEB:CA        DEX                                                            A:03 X:DA Y:01 S:FB P:NVUBdIzC 
    $FFEC:D0 FD     BNE $FFEB                                                      A:03 X:D9 Y:01 S:FB P:NVUBdIzC 
    $FFEB:CA        DEX                                                            A:03 X:D9 Y:01 S:FB P:NVUBdIzC 
    $FFEC:D0 FD     BNE $FFEB                                                      A:03 X:D8 Y:01 S:FB P:NVUBdIzC 
    $FFEB:CA        DEX                                                            A:03 X:D8 Y:01 S:FB P:NVUBdIzC 
    $FFEC:D0 FD     BNE $FFEB                                                      A:03 X:D7 Y:01 S:FB P:NVUBdIzC 
    $FFEB:CA        DEX                                                            A:03 X:D7 Y:01 S:FB P:NVUBdIzC 
    $FFEC:D0 FD     BNE $FFEB                                                      A:03 X:D6 Y:01 S:FB P:NVUBdIzC 
    $FFEB:CA        DEX                                                            A:03 X:D6 Y:01 S:FB P:NVUBdIzC 
    $FFEC:D0 FD     BNE $FFEB                                                      A:03 X:D5 Y:01 S:FB P:NVUBdIzC 
    $FFEB:CA        DEX                                                            A:03 X:D5 Y:01 S:FB P:NVUBdIzC 
    $FFEC:D0 FD     BNE $FFEB                                                      A:03 X:D4 Y:01 S:FB P:NVUBdIzC 
    $FFEB:CA        DEX                                                            A:03 X:D4 Y:01 S:FB P:NVUBdIzC 
    $FFEC:D0 FD     BNE $FFEB                                                      A:03 X:D3 Y:01 S:FB P:NVUBdIzC 
    $FFEB:CA        DEX                                                            A:03 X:D3 Y:01 S:FB P:NVUBdIzC 
    $FFEC:D0 FD     BNE $FFEB                                                      A:03 X:D2 Y:01 S:FB P:NVUBdIzC 
    $FFEB:CA        DEX                                                            A:03 X:D2 Y:01 S:FB P:NVUBdIzC 
    $FFEC:D0 FD     BNE $FFEB                                                      A:03 X:D1 Y:01 S:FB P:NVUBdIzC 
    $FFEB:CA        DEX                                                            A:03 X:D1 Y:01 S:FB P:NVUBdIzC 
    $FFEC:D0 FD     BNE $FFEB                                                      A:03 X:D0 Y:01 S:FB P:NVUBdIzC 
    $FFEB:CA        DEX                                                            A:03 X:D0 Y:01 S:FB P:NVUBdIzC 
    $FFEC:D0 FD     BNE $FFEB                                                      A:03 X:CF Y:01 S:FB P:NVUBdIzC 
    $FFEB:CA        DEX                                                            A:03 X:CF Y:01 S:FB P:NVUBdIzC 
    $FFEC:D0 FD     BNE $FFEB                                                      A:03 X:CE Y:01 S:FB P:NVUBdIzC 
    $FFEB:CA        DEX                                                            A:03 X:CE Y:01 S:FB P:NVUBdIzC 
    $FFEC:D0 FD     BNE $FFEB                                                      A:03 X:CD Y:01 S:FB P:NVUBdIzC 
    $FFEB:CA        DEX                                                            A:03 X:CD Y:01 S:FB P:NVUBdIzC 
    $FFEC:D0 FD     BNE $FFEB                                                      A:03 X:CC Y:01 S:FB P:NVUBdIzC 
    $FFEB:CA        DEX                                                            A:03 X:CC Y:01 S:FB P:NVUBdIzC 
    $FFEC:D0 FD     BNE $FFEB                                                      A:03 X:CB Y:01 S:FB P:NVUBdIzC 
    $FFEB:CA        DEX                                                            A:03 X:CB Y:01 S:FB P:NVUBdIzC 
    $FFEC:D0 FD     BNE $FFEB                                                      A:03 X:CA Y:01 S:FB P:NVUBdIzC 
    $FFEB:CA        DEX                                                            A:03 X:CA Y:01 S:FB P:NVUBdIzC 
    $FFEC:D0 FD     BNE $FFEB                                                      A:03 X:C9 Y:01 S:FB P:NVUBdIzC 
    $FFEB:CA        DEX                                                            A:03 X:C9 Y:01 S:FB P:NVUBdIzC 
    $FFEC:D0 FD     BNE $FFEB                                                      A:03 X:C8 Y:01 S:FB P:NVUBdIzC 
    $FFEB:CA        DEX                                                            A:03 X:C8 Y:01 S:FB P:NVUBdIzC 
    $FFEC:D0 FD     BNE $FFEB                                                      A:03 X:C7 Y:01 S:FB P:NVUBdIzC 
    $FFEB:CA        DEX                                                            A:03 X:C7 Y:01 S:FB P:NVUBdIzC 
    $FFEC:D0 FD     BNE $FFEB                                                      A:03 X:C6 Y:01 S:FB P:NVUBdIzC 
    $FFEB:CA        DEX                                                            A:03 X:C6 Y:01 S:FB P:NVUBdIzC 
    $FFEC:D0 FD     BNE $FFEB                                                      A:03 X:C5 Y:01 S:FB P:NVUBdIzC 
    $FFEB:CA        DEX                                                            A:03 X:C5 Y:01 S:FB P:NVUBdIzC 
    $FFEC:D0 FD     BNE $FFEB                                                      A:03 X:C4 Y:01 S:FB P:NVUBdIzC 
    $FFEB:CA        DEX                                                            A:03 X:C4 Y:01 S:FB P:NVUBdIzC 
    $FFEC:D0 FD     BNE $FFEB                                                      A:03 X:C3 Y:01 S:FB P:NVUBdIzC 
    $FFEB:CA        DEX                                                            A:03 X:C3 Y:01 S:FB P:NVUBdIzC 
    $FFEC:D0 FD     BNE $FFEB                                                      A:03 X:C2 Y:01 S:FB P:NVUBdIzC 
    $FFEB:CA        DEX                                                            A:03 X:C2 Y:01 S:FB P:NVUBdIzC 
    $FFEC:D0 FD     BNE $FFEB                                                      A:03 X:C1 Y:01 S:FB P:NVUBdIzC 
    $FFEB:CA        DEX                                                            A:03 X:C1 Y:01 S:FB P:NVUBdIzC 
    $FFEC:D0 FD     BNE $FFEB                                                      A:03 X:C0 Y:01 S:FB P:NVUBdIzC 
    $FFEB:CA        DEX                                                            A:03 X:C0 Y:01 S:FB P:NVUBdIzC 
    $FFEC:D0 FD     BNE $FFEB                                                      A:03 X:BF Y:01 S:FB P:NVUBdIzC 
    $FFEB:CA        DEX                                                            A:03 X:BF Y:01 S:FB P:NVUBdIzC 
    $FFEC:D0 FD     BNE $FFEB                                                      A:03 X:BE Y:01 S:FB P:NVUBdIzC 
    $FFEB:CA        DEX                                                            A:03 X:BE Y:01 S:FB P:NVUBdIzC 
    $FFEC:D0 FD     BNE $FFEB                                                      A:03 X:BD Y:01 S:FB P:NVUBdIzC 
    $FFEB:CA        DEX                                                            A:03 X:BD Y:01 S:FB P:NVUBdIzC 
    $FFEC:D0 FD     BNE $FFEB                                                      A:03 X:BC Y:01 S:FB P:NVUBdIzC 
    $FFEB:CA        DEX                                                            A:03 X:BC Y:01 S:FB P:NVUBdIzC 
    $FFEC:D0 FD     BNE $FFEB                                                      A:03 X:BB Y:01 S:FB P:NVUBdIzC 
    $FFEB:CA        DEX                                                            A:03 X:BB Y:01 S:FB P:NVUBdIzC 
    $FFEC:D0 FD     BNE $FFEB                                                      A:03 X:BA Y:01 S:FB P:NVUBdIzC 
    $FFEB:CA        DEX                                                            A:03 X:BA Y:01 S:FB P:NVUBdIzC 
    $FFEC:D0 FD     BNE $FFEB                                                      A:03 X:B9 Y:01 S:FB P:NVUBdIzC 
    $FFEB:CA        DEX                                                            A:03 X:B9 Y:01 S:FB P:NVUBdIzC 
    $FFEC:D0 FD     BNE $FFEB                                                      A:03 X:B8 Y:01 S:FB P:NVUBdIzC 
    $FFEB:CA        DEX                                                            A:03 X:B8 Y:01 S:FB P:NVUBdIzC 
    $FFEC:D0 FD     BNE $FFEB                                                      A:03 X:B7 Y:01 S:FB P:NVUBdIzC 
    $FFEB:CA        DEX                                                            A:03 X:B7 Y:01 S:FB P:NVUBdIzC 
    $FFEC:D0 FD     BNE $FFEB                                                      A:03 X:B6 Y:01 S:FB P:NVUBdIzC 
    $FFEB:CA        DEX                                                            A:03 X:B6 Y:01 S:FB P:NVUBdIzC 
    $FFEC:D0 FD     BNE $FFEB                                                      A:03 X:B5 Y:01 S:FB P:NVUBdIzC 
    $FFEB:CA        DEX                                                            A:03 X:B5 Y:01 S:FB P:NVUBdIzC 
    $FFEC:D0 FD     BNE $FFEB                                                      A:03 X:B4 Y:01 S:FB P:NVUBdIzC 
    $FFEB:CA        DEX                                                            A:03 X:B4 Y:01 S:FB P:NVUBdIzC 
    $FFEC:D0 FD     BNE $FFEB                                                      A:03 X:B3 Y:01 S:FB P:NVUBdIzC 
    $FFEB:CA        DEX                                                            A:03 X:B3 Y:01 S:FB P:NVUBdIzC 
    $FFEC:D0 FD     BNE $FFEB                                                      A:03 X:B2 Y:01 S:FB P:NVUBdIzC 
    $FFEB:CA        DEX                                                            A:03 X:B2 Y:01 S:FB P:NVUBdIzC 
    $FFEC:D0 FD     BNE $FFEB                                                      A:03 X:B1 Y:01 S:FB P:NVUBdIzC 
    $FFEB:CA        DEX                                                            A:03 X:B1 Y:01 S:FB P:NVUBdIzC 
    $FFEC:D0 FD     BNE $FFEB                                                      A:03 X:B0 Y:01 S:FB P:NVUBdIzC 
    $FFEB:CA        DEX                                                            A:03 X:B0 Y:01 S:FB P:NVUBdIzC 
    $FFEC:D0 FD     BNE $FFEB                                                      A:03 X:AF Y:01 S:FB P:NVUBdIzC 
    $FFEB:CA        DEX                                                            A:03 X:AF Y:01 S:FB P:NVUBdIzC 
    $FFEC:D0 FD     BNE $FFEB                                                      A:03 X:AE Y:01 S:FB P:NVUBdIzC 
    $FFEB:CA        DEX                                                            A:03 X:AE Y:01 S:FB P:NVUBdIzC 
    $FFEC:D0 FD     BNE $FFEB                                                      A:03 X:AD Y:01 S:FB P:NVUBdIzC 
    $FFEB:CA        DEX                                                            A:03 X:AD Y:01 S:FB P:NVUBdIzC 
    $FFEC:D0 FD     BNE $FFEB                                                      A:03 X:AC Y:01 S:FB P:NVUBdIzC 
    $FFEB:CA        DEX                                                            A:03 X:AC Y:01 S:FB P:NVUBdIzC 
    $FFEC:D0 FD     BNE $FFEB                                                      A:03 X:AB Y:01 S:FB P:NVUBdIzC 
    $FFEB:CA        DEX                                                            A:03 X:AB Y:01 S:FB P:NVUBdIzC 
    $FFEC:D0 FD     BNE $FFEB                                                      A:03 X:AA Y:01 S:FB P:NVUBdIzC 
    $FFEB:CA        DEX                                                            A:03 X:AA Y:01 S:FB P:NVUBdIzC 
    $FFEC:D0 FD     BNE $FFEB                                                      A:03 X:A9 Y:01 S:FB P:NVUBdIzC 
    $FFEB:CA        DEX                                                            A:03 X:A9 Y:01 S:FB P:NVUBdIzC 
    $FFEC:D0 FD     BNE $FFEB                                                      A:03 X:A8 Y:01 S:FB P:NVUBdIzC 
    $FFEB:CA        DEX                                                            A:03 X:A8 Y:01 S:FB P:NVUBdIzC 
    $FFEC:D0 FD     BNE $FFEB                                                      A:03 X:A7 Y:01 S:FB P:NVUBdIzC 
    $FFEB:CA        DEX                                                            A:03 X:A7 Y:01 S:FB P:NVUBdIzC 
    $FFEC:D0 FD     BNE $FFEB                                                      A:03 X:A6 Y:01 S:FB P:NVUBdIzC 
    $FFEB:CA        DEX                                                            A:03 X:A6 Y:01 S:FB P:NVUBdIzC 
    $FFEC:D0 FD     BNE $FFEB                                                      A:03 X:A5 Y:01 S:FB P:NVUBdIzC 
    $FFEB:CA        DEX                                                            A:03 X:A5 Y:01 S:FB P:NVUBdIzC 
    $FFEC:D0 FD     BNE $FFEB                                                      A:03 X:A4 Y:01 S:FB P:NVUBdIzC 
    $FFEB:CA        DEX                                                            A:03 X:A4 Y:01 S:FB P:NVUBdIzC 
    $FFEC:D0 FD     BNE $FFEB                                                      A:03 X:A3 Y:01 S:FB P:NVUBdIzC 
    $FFEB:CA        DEX                                                            A:03 X:A3 Y:01 S:FB P:NVUBdIzC 
    $FFEC:D0 FD     BNE $FFEB                                                      A:03 X:A2 Y:01 S:FB P:NVUBdIzC 
    $FFEB:CA        DEX                                                            A:03 X:A2 Y:01 S:FB P:NVUBdIzC 
    $FFEC:D0 FD     BNE $FFEB                                                      A:03 X:A1 Y:01 S:FB P:NVUBdIzC 
    $FFEB:CA        DEX                                                            A:03 X:A1 Y:01 S:FB P:NVUBdIzC 
    $FFEC:D0 FD     BNE $FFEB                                                      A:03 X:A0 Y:01 S:FB P:NVUBdIzC 
    $FFEB:CA        DEX                                                            A:03 X:A0 Y:01 S:FB P:NVUBdIzC 
    $FFEC:D0 FD     BNE $FFEB                                                      A:03 X:9F Y:01 S:FB P:NVUBdIzC 
    $FFEB:CA        DEX                                                            A:03 X:9F Y:01 S:FB P:NVUBdIzC 
    $FFEC:D0 FD     BNE $FFEB                                                      A:03 X:9E Y:01 S:FB P:NVUBdIzC 
    $FFEB:CA        DEX                                                            A:03 X:9E Y:01 S:FB P:NVUBdIzC 
    $FFEC:D0 FD     BNE $FFEB                                                      A:03 X:9D Y:01 S:FB P:NVUBdIzC 
    $FFEB:CA        DEX                                                            A:03 X:9D Y:01 S:FB P:NVUBdIzC 
    $FFEC:D0 FD     BNE $FFEB                                                      A:03 X:9C Y:01 S:FB P:NVUBdIzC 
    $FFEB:CA        DEX                                                            A:03 X:9C Y:01 S:FB P:NVUBdIzC 
    $FFEC:D0 FD     BNE $FFEB                                                      A:03 X:9B Y:01 S:FB P:NVUBdIzC 
    $FFEB:CA        DEX                                                            A:03 X:9B Y:01 S:FB P:NVUBdIzC 
    $FFEC:D0 FD     BNE $FFEB                                                      A:03 X:9A Y:01 S:FB P:NVUBdIzC 
    $FFEB:CA        DEX                                                            A:03 X:9A Y:01 S:FB P:NVUBdIzC 
    $FFEC:D0 FD     BNE $FFEB                                                      A:03 X:99 Y:01 S:FB P:NVUBdIzC 
    $FFEB:CA        DEX                                                            A:03 X:99 Y:01 S:FB P:NVUBdIzC 
    $FFEC:D0 FD     BNE $FFEB                                                      A:03 X:98 Y:01 S:FB P:NVUBdIzC 
    $FFEB:CA        DEX                                                            A:03 X:98 Y:01 S:FB P:NVUBdIzC 
    $FFEC:D0 FD     BNE $FFEB                                                      A:03 X:97 Y:01 S:FB P:NVUBdIzC 
    $FFEB:CA        DEX                                                            A:03 X:97 Y:01 S:FB P:NVUBdIzC 
    $FFEC:D0 FD     BNE $FFEB                                                      A:03 X:96 Y:01 S:FB P:NVUBdIzC 
    $FFEB:CA        DEX                                                            A:03 X:96 Y:01 S:FB P:NVUBdIzC 
    $FFEC:D0 FD     BNE $FFEB                                                      A:03 X:95 Y:01 S:FB P:NVUBdIzC 
    $FFEB:CA        DEX                                                            A:03 X:95 Y:01 S:FB P:NVUBdIzC 
    $FFEC:D0 FD     BNE $FFEB                                                      A:03 X:94 Y:01 S:FB P:NVUBdIzC 
    $FFEB:CA        DEX                                                            A:03 X:94 Y:01 S:FB P:NVUBdIzC 
    $FFEC:D0 FD     BNE $FFEB                                                      A:03 X:93 Y:01 S:FB P:NVUBdIzC 
    $FFEB:CA        DEX                                                            A:03 X:93 Y:01 S:FB P:NVUBdIzC 
    $FFEC:D0 FD     BNE $FFEB                                                      A:03 X:92 Y:01 S:FB P:NVUBdIzC 
    $FFEB:CA        DEX                                                            A:03 X:92 Y:01 S:FB P:NVUBdIzC 
    $FFEC:D0 FD     BNE $FFEB                                                      A:03 X:91 Y:01 S:FB P:NVUBdIzC 
    $FFEB:CA        DEX                                                            A:03 X:91 Y:01 S:FB P:NVUBdIzC 
    $FFEC:D0 FD     BNE $FFEB                                                      A:03 X:90 Y:01 S:FB P:NVUBdIzC 
    $FFEB:CA        DEX                                                            A:03 X:90 Y:01 S:FB P:NVUBdIzC 
    $FFEC:D0 FD     BNE $FFEB                                                      A:03 X:8F Y:01 S:FB P:NVUBdIzC 
    $FFEB:CA        DEX                                                            A:03 X:8F Y:01 S:FB P:NVUBdIzC 
    $FFEC:D0 FD     BNE $FFEB                                                      A:03 X:8E Y:01 S:FB P:NVUBdIzC 
    $FFEB:CA        DEX                                                            A:03 X:8E Y:01 S:FB P:NVUBdIzC 
    $FFEC:D0 FD     BNE $FFEB                                                      A:03 X:8D Y:01 S:FB P:NVUBdIzC 
    $FFEB:CA        DEX                                                            A:03 X:8D Y:01 S:FB P:NVUBdIzC 
    $FFEC:D0 FD     BNE $FFEB                                                      A:03 X:8C Y:01 S:FB P:NVUBdIzC 
    $FFEB:CA        DEX                                                            A:03 X:8C Y:01 S:FB P:NVUBdIzC 
    $FFEC:D0 FD     BNE $FFEB                                                      A:03 X:8B Y:01 S:FB P:NVUBdIzC 
    $FFEB:CA        DEX                                                            A:03 X:8B Y:01 S:FB P:NVUBdIzC 
    $FFEC:D0 FD     BNE $FFEB                                                      A:03 X:8A Y:01 S:FB P:NVUBdIzC 
    $FFEB:CA        DEX                                                            A:03 X:8A Y:01 S:FB P:NVUBdIzC 
    $FFEC:D0 FD     BNE $FFEB                                                      A:03 X:89 Y:01 S:FB P:NVUBdIzC 
    $FFEB:CA        DEX                                                            A:03 X:89 Y:01 S:FB P:NVUBdIzC 
    $FFEC:D0 FD     BNE $FFEB                                                      A:03 X:88 Y:01 S:FB P:NVUBdIzC 
    $FFEB:CA        DEX                                                            A:03 X:88 Y:01 S:FB P:NVUBdIzC 
    $FFEC:D0 FD     BNE $FFEB                                                      A:03 X:87 Y:01 S:FB P:NVUBdIzC 
    $FFEB:CA        DEX                                                            A:03 X:87 Y:01 S:FB P:NVUBdIzC 
    $FFEC:D0 FD     BNE $FFEB                                                      A:03 X:86 Y:01 S:FB P:NVUBdIzC 
    $FFEB:CA        DEX                                                            A:03 X:86 Y:01 S:FB P:NVUBdIzC 
    $FFEC:D0 FD     BNE $FFEB                                                      A:03 X:85 Y:01 S:FB P:NVUBdIzC 
    $FFEB:CA        DEX                                                            A:03 X:85 Y:01 S:FB P:NVUBdIzC 
    $FFEC:D0 FD     BNE $FFEB                                                      A:03 X:84 Y:01 S:FB P:NVUBdIzC 
    $FFEB:CA        DEX                                                            A:03 X:84 Y:01 S:FB P:NVUBdIzC 
    $FFEC:D0 FD     BNE $FFEB                                                      A:03 X:83 Y:01 S:FB P:NVUBdIzC 
    $FFEB:CA        DEX                                                            A:03 X:83 Y:01 S:FB P:NVUBdIzC 
    $FFEC:D0 FD     BNE $FFEB                                                      A:03 X:82 Y:01 S:FB P:NVUBdIzC 
    $FFEB:CA        DEX                                                            A:03 X:82 Y:01 S:FB P:NVUBdIzC 
    $FFEC:D0 FD     BNE $FFEB                                                      A:03 X:81 Y:01 S:FB P:NVUBdIzC 
    $FFEB:CA        DEX                                                            A:03 X:81 Y:01 S:FB P:NVUBdIzC 
    $FFEC:D0 FD     BNE $FFEB                                                      A:03 X:80 Y:01 S:FB P:NVUBdIzC 
    $FFEB:CA        DEX                                                            A:03 X:80 Y:01 S:FB P:NVUBdIzC 
    $FFEC:D0 FD     BNE $FFEB                                                      A:03 X:7F Y:01 S:FB P:nVUBdIzC 
    $FFEB:CA        DEX                                                            A:03 X:7F Y:01 S:FB P:nVUBdIzC 
    $FFEC:D0 FD     BNE $FFEB                                                      A:03 X:7E Y:01 S:FB P:nVUBdIzC 
    $FFEB:CA        DEX                                                            A:03 X:7E Y:01 S:FB P:nVUBdIzC 
    $FFEC:D0 FD     BNE $FFEB                                                      A:03 X:7D Y:01 S:FB P:nVUBdIzC 
    $FFEB:CA        DEX                                                            A:03 X:7D Y:01 S:FB P:nVUBdIzC 
    $FFEC:D0 FD     BNE $FFEB                                                      A:03 X:7C Y:01 S:FB P:nVUBdIzC 
    $FFEB:CA        DEX                                                            A:03 X:7C Y:01 S:FB P:nVUBdIzC 
    $FFEC:D0 FD     BNE $FFEB                                                      A:03 X:7B Y:01 S:FB P:nVUBdIzC 
    $FFEB:CA        DEX                                                            A:03 X:7B Y:01 S:FB P:nVUBdIzC 
    $FFEC:D0 FD     BNE $FFEB                                                      A:03 X:7A Y:01 S:FB P:nVUBdIzC 
    $FFEB:CA        DEX                                                            A:03 X:7A Y:01 S:FB P:nVUBdIzC 
    $FFEC:D0 FD     BNE $FFEB                                                      A:03 X:79 Y:01 S:FB P:nVUBdIzC 
    $FFEB:CA        DEX                                                            A:03 X:79 Y:01 S:FB P:nVUBdIzC 
    $FFEC:D0 FD     BNE $FFEB                                                      A:03 X:78 Y:01 S:FB P:nVUBdIzC 
    $FFEB:CA        DEX                                                            A:03 X:78 Y:01 S:FB P:nVUBdIzC 
    $FFEC:D0 FD     BNE $FFEB                                                      A:03 X:77 Y:01 S:FB P:nVUBdIzC 
    $FFEB:CA        DEX                                                            A:03 X:77 Y:01 S:FB P:nVUBdIzC 
    $FFEC:D0 FD     BNE $FFEB                                                      A:03 X:76 Y:01 S:FB P:nVUBdIzC 
    $FFEB:CA        DEX                                                            A:03 X:76 Y:01 S:FB P:nVUBdIzC 
    $FFEC:D0 FD     BNE $FFEB                                                      A:03 X:75 Y:01 S:FB P:nVUBdIzC 
    $FFEB:CA        DEX                                                            A:03 X:75 Y:01 S:FB P:nVUBdIzC 
    $FFEC:D0 FD     BNE $FFEB                                                      A:03 X:74 Y:01 S:FB P:nVUBdIzC 
    $FFEB:CA        DEX                                                            A:03 X:74 Y:01 S:FB P:nVUBdIzC 
    $FFEC:D0 FD     BNE $FFEB                                                      A:03 X:73 Y:01 S:FB P:nVUBdIzC 
    $FFEB:CA        DEX                                                            A:03 X:73 Y:01 S:FB P:nVUBdIzC 
    $FFEC:D0 FD     BNE $FFEB                                                      A:03 X:72 Y:01 S:FB P:nVUBdIzC 
    $FFEB:CA        DEX                                                            A:03 X:72 Y:01 S:FB P:nVUBdIzC 
    $FFEC:D0 FD     BNE $FFEB                                                      A:03 X:71 Y:01 S:FB P:nVUBdIzC 
    $FFEB:CA        DEX                                                            A:03 X:71 Y:01 S:FB P:nVUBdIzC 
    $FFEC:D0 FD     BNE $FFEB                                                      A:03 X:70 Y:01 S:FB P:nVUBdIzC 
    $FFEB:CA        DEX                                                            A:03 X:70 Y:01 S:FB P:nVUBdIzC 
    $FFEC:D0 FD     BNE $FFEB                                                      A:03 X:6F Y:01 S:FB P:nVUBdIzC 
    $FFEB:CA        DEX                                                            A:03 X:6F Y:01 S:FB P:nVUBdIzC 
    $FFEC:D0 FD     BNE $FFEB                                                      A:03 X:6E Y:01 S:FB P:nVUBdIzC 
    $FFEB:CA        DEX                                                            A:03 X:6E Y:01 S:FB P:nVUBdIzC 
    $FFEC:D0 FD     BNE $FFEB                                                      A:03 X:6D Y:01 S:FB P:nVUBdIzC 
    $FFEB:CA        DEX                                                            A:03 X:6D Y:01 S:FB P:nVUBdIzC 
    $FFEC:D0 FD     BNE $FFEB                                                      A:03 X:6C Y:01 S:FB P:nVUBdIzC 
    $FFEB:CA        DEX                                                            A:03 X:6C Y:01 S:FB P:nVUBdIzC 
    $FFEC:D0 FD     BNE $FFEB                                                      A:03 X:6B Y:01 S:FB P:nVUBdIzC 
    $FFEB:CA        DEX                                                            A:03 X:6B Y:01 S:FB P:nVUBdIzC 
    $FFEC:D0 FD     BNE $FFEB                                                      A:03 X:6A Y:01 S:FB P:nVUBdIzC 
    $FFEB:CA        DEX                                                            A:03 X:6A Y:01 S:FB P:nVUBdIzC 
    $FFEC:D0 FD     BNE $FFEB                                                      A:03 X:69 Y:01 S:FB P:nVUBdIzC 
    $FFEB:CA        DEX                                                            A:03 X:69 Y:01 S:FB P:nVUBdIzC 
    $FFEC:D0 FD     BNE $FFEB                                                      A:03 X:68 Y:01 S:FB P:nVUBdIzC 
    $FFEB:CA        DEX                                                            A:03 X:68 Y:01 S:FB P:nVUBdIzC 
    $FFEC:D0 FD     BNE $FFEB                                                      A:03 X:67 Y:01 S:FB P:nVUBdIzC 
    $FFEB:CA        DEX                                                            A:03 X:67 Y:01 S:FB P:nVUBdIzC 
    $FFEC:D0 FD     BNE $FFEB                                                      A:03 X:66 Y:01 S:FB P:nVUBdIzC 
    $FFEB:CA        DEX                                                            A:03 X:66 Y:01 S:FB P:nVUBdIzC 
    $FFEC:D0 FD     BNE $FFEB                                                      A:03 X:65 Y:01 S:FB P:nVUBdIzC 
    $FFEB:CA        DEX                                                            A:03 X:65 Y:01 S:FB P:nVUBdIzC 
    $FFEC:D0 FD     BNE $FFEB                                                      A:03 X:64 Y:01 S:FB P:nVUBdIzC 
    $FFEB:CA        DEX                                                            A:03 X:64 Y:01 S:FB P:nVUBdIzC 
    $FFEC:D0 FD     BNE $FFEB                                                      A:03 X:63 Y:01 S:FB P:nVUBdIzC 
    $FFEB:CA        DEX                                                            A:03 X:63 Y:01 S:FB P:nVUBdIzC 
    $FFEC:D0 FD     BNE $FFEB                                                      A:03 X:62 Y:01 S:FB P:nVUBdIzC 
    $FFEB:CA        DEX                                                            A:03 X:62 Y:01 S:FB P:nVUBdIzC 
    $FFEC:D0 FD     BNE $FFEB                                                      A:03 X:61 Y:01 S:FB P:nVUBdIzC 
    $FFEB:CA        DEX                                                            A:03 X:61 Y:01 S:FB P:nVUBdIzC 
    $FFEC:D0 FD     BNE $FFEB                                                      A:03 X:60 Y:01 S:FB P:nVUBdIzC 
    $FFEB:CA        DEX                                                            A:03 X:60 Y:01 S:FB P:nVUBdIzC 
    $FFEC:D0 FD     BNE $FFEB                                                      A:03 X:5F Y:01 S:FB P:nVUBdIzC 
    $FFEB:CA        DEX                                                            A:03 X:5F Y:01 S:FB P:nVUBdIzC 
    $FFEC:D0 FD     BNE $FFEB                                                      A:03 X:5E Y:01 S:FB P:nVUBdIzC 
    $FFEB:CA        DEX                                                            A:03 X:5E Y:01 S:FB P:nVUBdIzC 
    $FFEC:D0 FD     BNE $FFEB                                                      A:03 X:5D Y:01 S:FB P:nVUBdIzC 
    $FFEB:CA        DEX                                                            A:03 X:5D Y:01 S:FB P:nVUBdIzC 
    $FFEC:D0 FD     BNE $FFEB                                                      A:03 X:5C Y:01 S:FB P:nVUBdIzC 
    $FFEB:CA        DEX                                                            A:03 X:5C Y:01 S:FB P:nVUBdIzC 
    $FFEC:D0 FD     BNE $FFEB                                                      A:03 X:5B Y:01 S:FB P:nVUBdIzC 
    $FFEB:CA        DEX                                                            A:03 X:5B Y:01 S:FB P:nVUBdIzC 
    $FFEC:D0 FD     BNE $FFEB                                                      A:03 X:5A Y:01 S:FB P:nVUBdIzC 
    $FFEB:CA        DEX                                                            A:03 X:5A Y:01 S:FB P:nVUBdIzC 
    $FFEC:D0 FD     BNE $FFEB                                                      A:03 X:59 Y:01 S:FB P:nVUBdIzC 
    $FFEB:CA        DEX                                                            A:03 X:59 Y:01 S:FB P:nVUBdIzC 
    $FFEC:D0 FD     BNE $FFEB                                                      A:03 X:58 Y:01 S:FB P:nVUBdIzC 
    $FFEB:CA        DEX                                                            A:03 X:58 Y:01 S:FB P:nVUBdIzC 
    $FFEC:D0 FD     BNE $FFEB                                                      A:03 X:57 Y:01 S:FB P:nVUBdIzC 
    $FFEB:CA        DEX                                                            A:03 X:57 Y:01 S:FB P:nVUBdIzC 
    $FFEC:D0 FD     BNE $FFEB                                                      A:03 X:56 Y:01 S:FB P:nVUBdIzC 
    $FFEB:CA        DEX                                                            A:03 X:56 Y:01 S:FB P:nVUBdIzC 
    $FFEC:D0 FD     BNE $FFEB                                                      A:03 X:55 Y:01 S:FB P:nVUBdIzC 
    $FFEB:CA        DEX                                                            A:03 X:55 Y:01 S:FB P:nVUBdIzC 
    $FFEC:D0 FD     BNE $FFEB                                                      A:03 X:54 Y:01 S:FB P:nVUBdIzC 
    $FFEB:CA        DEX                                                            A:03 X:54 Y:01 S:FB P:nVUBdIzC 
    $FFEC:D0 FD     BNE $FFEB                                                      A:03 X:53 Y:01 S:FB P:nVUBdIzC 
    $FFEB:CA        DEX                                                            A:03 X:53 Y:01 S:FB P:nVUBdIzC 
    $FFEC:D0 FD     BNE $FFEB                                                      A:03 X:52 Y:01 S:FB P:nVUBdIzC 
    $FFEB:CA        DEX                                                            A:03 X:52 Y:01 S:FB P:nVUBdIzC 
    $FFEC:D0 FD     BNE $FFEB                                                      A:03 X:51 Y:01 S:FB P:nVUBdIzC 
    $FFEB:CA        DEX                                                            A:03 X:51 Y:01 S:FB P:nVUBdIzC 
    $FFEC:D0 FD     BNE $FFEB                                                      A:03 X:50 Y:01 S:FB P:nVUBdIzC 
    $FFEB:CA        DEX                                                            A:03 X:50 Y:01 S:FB P:nVUBdIzC 
    $FFEC:D0 FD     BNE $FFEB                                                      A:03 X:4F Y:01 S:FB P:nVUBdIzC 
    $FFEB:CA        DEX                                                            A:03 X:4F Y:01 S:FB P:nVUBdIzC 
    $FFEC:D0 FD     BNE $FFEB                                                      A:03 X:4E Y:01 S:FB P:nVUBdIzC 
    $FFEB:CA        DEX                                                            A:03 X:4E Y:01 S:FB P:nVUBdIzC 
    $FFEC:D0 FD     BNE $FFEB                                                      A:03 X:4D Y:01 S:FB P:nVUBdIzC 
    $FFEB:CA        DEX                                                            A:03 X:4D Y:01 S:FB P:nVUBdIzC 
    $FFEC:D0 FD     BNE $FFEB                                                      A:03 X:4C Y:01 S:FB P:nVUBdIzC 
    $FFEB:CA        DEX                                                            A:03 X:4C Y:01 S:FB P:nVUBdIzC 
    $FFEC:D0 FD     BNE $FFEB                                                      A:03 X:4B Y:01 S:FB P:nVUBdIzC 
    $FFEB:CA        DEX                                                            A:03 X:4B Y:01 S:FB P:nVUBdIzC 
    $FFEC:D0 FD     BNE $FFEB                                                      A:03 X:4A Y:01 S:FB P:nVUBdIzC 
    $FFEB:CA        DEX                                                            A:03 X:4A Y:01 S:FB P:nVUBdIzC 
    $FFEC:D0 FD     BNE $FFEB                                                      A:03 X:49 Y:01 S:FB P:nVUBdIzC 
    $FFEB:CA        DEX                                                            A:03 X:49 Y:01 S:FB P:nVUBdIzC 
    $FFEC:D0 FD     BNE $FFEB                                                      A:03 X:48 Y:01 S:FB P:nVUBdIzC 
    $FFEB:CA        DEX                                                            A:03 X:48 Y:01 S:FB P:nVUBdIzC 
    $FFEC:D0 FD     BNE $FFEB                                                      A:03 X:47 Y:01 S:FB P:nVUBdIzC 
    $FFEB:CA        DEX                                                            A:03 X:47 Y:01 S:FB P:nVUBdIzC 
    $FFEC:D0 FD     BNE $FFEB                                                      A:03 X:46 Y:01 S:FB P:nVUBdIzC 
    $FFEB:CA        DEX                                                            A:03 X:46 Y:01 S:FB P:nVUBdIzC 
    $FFEC:D0 FD     BNE $FFEB                                                      A:03 X:45 Y:01 S:FB P:nVUBdIzC 
    $FFEB:CA        DEX                                                            A:03 X:45 Y:01 S:FB P:nVUBdIzC 
    $FFEC:D0 FD     BNE $FFEB                                                      A:03 X:44 Y:01 S:FB P:nVUBdIzC 
    $FFEB:CA        DEX                                                            A:03 X:44 Y:01 S:FB P:nVUBdIzC 
    $FFEC:D0 FD     BNE $FFEB                                                      A:03 X:43 Y:01 S:FB P:nVUBdIzC 
    $FFEB:CA        DEX                                                            A:03 X:43 Y:01 S:FB P:nVUBdIzC 
    $FFEC:D0 FD     BNE $FFEB                                                      A:03 X:42 Y:01 S:FB P:nVUBdIzC 
    $FFEB:CA        DEX                                                            A:03 X:42 Y:01 S:FB P:nVUBdIzC 
    $FFEC:D0 FD     BNE $FFEB                                                      A:03 X:41 Y:01 S:FB P:nVUBdIzC 
    $FFEB:CA        DEX                                                            A:03 X:41 Y:01 S:FB P:nVUBdIzC 
    $FFEC:D0 FD     BNE $FFEB                                                      A:03 X:40 Y:01 S:FB P:nVUBdIzC 
    $FFEB:CA        DEX                                                            A:03 X:40 Y:01 S:FB P:nVUBdIzC 
    $FFEC:D0 FD     BNE $FFEB                                                      A:03 X:3F Y:01 S:FB P:nVUBdIzC 
    $FFEB:CA        DEX                                                            A:03 X:3F Y:01 S:FB P:nVUBdIzC 
    $FFEC:D0 FD     BNE $FFEB                                                      A:03 X:3E Y:01 S:FB P:nVUBdIzC 
    $FFEB:CA        DEX                                                            A:03 X:3E Y:01 S:FB P:nVUBdIzC 
    $FFEC:D0 FD     BNE $FFEB                                                      A:03 X:3D Y:01 S:FB P:nVUBdIzC 
    $FFEB:CA        DEX                                                            A:03 X:3D Y:01 S:FB P:nVUBdIzC 
    $FFEC:D0 FD     BNE $FFEB                                                      A:03 X:3C Y:01 S:FB P:nVUBdIzC 
    $FFEB:CA        DEX                                                            A:03 X:3C Y:01 S:FB P:nVUBdIzC 
    $FFEC:D0 FD     BNE $FFEB                                                      A:03 X:3B Y:01 S:FB P:nVUBdIzC 
    $FFEB:CA        DEX                                                            A:03 X:3B Y:01 S:FB P:nVUBdIzC 
    $FFEC:D0 FD     BNE $FFEB                                                      A:03 X:3A Y:01 S:FB P:nVUBdIzC 
    $FFEB:CA        DEX                                                            A:03 X:3A Y:01 S:FB P:nVUBdIzC 
    $FFEC:D0 FD     BNE $FFEB                                                      A:03 X:39 Y:01 S:FB P:nVUBdIzC 
    $FFEB:CA        DEX                                                            A:03 X:39 Y:01 S:FB P:nVUBdIzC 
    $FFEC:D0 FD     BNE $FFEB                                                      A:03 X:38 Y:01 S:FB P:nVUBdIzC 
    $FFEB:CA        DEX                                                            A:03 X:38 Y:01 S:FB P:nVUBdIzC 
    $FFEC:D0 FD     BNE $FFEB                                                      A:03 X:37 Y:01 S:FB P:nVUBdIzC 
    $FFEB:CA        DEX                                                            A:03 X:37 Y:01 S:FB P:nVUBdIzC 
    $FFEC:D0 FD     BNE $FFEB                                                      A:03 X:36 Y:01 S:FB P:nVUBdIzC 
    $FFEB:CA        DEX                                                            A:03 X:36 Y:01 S:FB P:nVUBdIzC 
    $FFEC:D0 FD     BNE $FFEB                                                      A:03 X:35 Y:01 S:FB P:nVUBdIzC 
    $FFEB:CA        DEX                                                            A:03 X:35 Y:01 S:FB P:nVUBdIzC 
    $FFEC:D0 FD     BNE $FFEB                                                      A:03 X:34 Y:01 S:FB P:nVUBdIzC 
    $FFEB:CA        DEX                                                            A:03 X:34 Y:01 S:FB P:nVUBdIzC 
    $FFEC:D0 FD     BNE $FFEB                                                      A:03 X:33 Y:01 S:FB P:nVUBdIzC 
    $FFEB:CA        DEX                                                            A:03 X:33 Y:01 S:FB P:nVUBdIzC 
    $FFEC:D0 FD     BNE $FFEB                                                      A:03 X:32 Y:01 S:FB P:nVUBdIzC 
    $FFEB:CA        DEX                                                            A:03 X:32 Y:01 S:FB P:nVUBdIzC 
    $FFEC:D0 FD     BNE $FFEB                                                      A:03 X:31 Y:01 S:FB P:nVUBdIzC 
    $FFEB:CA        DEX                                                            A:03 X:31 Y:01 S:FB P:nVUBdIzC 
    $FFEC:D0 FD     BNE $FFEB                                                      A:03 X:30 Y:01 S:FB P:nVUBdIzC 
    $FFEB:CA        DEX                                                            A:03 X:30 Y:01 S:FB P:nVUBdIzC 
    $FFEC:D0 FD     BNE $FFEB                                                      A:03 X:2F Y:01 S:FB P:nVUBdIzC 
    $FFEB:CA        DEX                                                            A:03 X:2F Y:01 S:FB P:nVUBdIzC 
    $FFEC:D0 FD     BNE $FFEB                                                      A:03 X:2E Y:01 S:FB P:nVUBdIzC 
    $FFEB:CA        DEX                                                            A:03 X:2E Y:01 S:FB P:nVUBdIzC 
    $FFEC:D0 FD     BNE $FFEB                                                      A:03 X:2D Y:01 S:FB P:nVUBdIzC 
    $FFEB:CA        DEX                                                            A:03 X:2D Y:01 S:FB P:nVUBdIzC 
    $FFEC:D0 FD     BNE $FFEB                                                      A:03 X:2C Y:01 S:FB P:nVUBdIzC 
    $FFEB:CA        DEX                                                            A:03 X:2C Y:01 S:FB P:nVUBdIzC 
    $FFEC:D0 FD     BNE $FFEB                                                      A:03 X:2B Y:01 S:FB P:nVUBdIzC 
    $FFEB:CA        DEX                                                            A:03 X:2B Y:01 S:FB P:nVUBdIzC 
    $FFEC:D0 FD     BNE $FFEB                                                      A:03 X:2A Y:01 S:FB P:nVUBdIzC 
    $FFEB:CA        DEX                                                            A:03 X:2A Y:01 S:FB P:nVUBdIzC 
    $FFEC:D0 FD     BNE $FFEB                                                      A:03 X:29 Y:01 S:FB P:nVUBdIzC 
    $FFEB:CA        DEX                                                            A:03 X:29 Y:01 S:FB P:nVUBdIzC 
    $FFEC:D0 FD     BNE $FFEB                                                      A:03 X:28 Y:01 S:FB P:nVUBdIzC 
    $FFEB:CA        DEX                                                            A:03 X:28 Y:01 S:FB P:nVUBdIzC 
    $FFEC:D0 FD     BNE $FFEB                                                      A:03 X:27 Y:01 S:FB P:nVUBdIzC 
    $FFEB:CA        DEX                                                            A:03 X:27 Y:01 S:FB P:nVUBdIzC 
    $FFEC:D0 FD     BNE $FFEB                                                      A:03 X:26 Y:01 S:FB P:nVUBdIzC 
    $FFEB:CA        DEX                                                            A:03 X:26 Y:01 S:FB P:nVUBdIzC 
    $FFEC:D0 FD     BNE $FFEB                                                      A:03 X:25 Y:01 S:FB P:nVUBdIzC 
    $FFEB:CA        DEX                                                            A:03 X:25 Y:01 S:FB P:nVUBdIzC 
    $FFEC:D0 FD     BNE $FFEB                                                      A:03 X:24 Y:01 S:FB P:nVUBdIzC 
    $FFEB:CA        DEX                                                            A:03 X:24 Y:01 S:FB P:nVUBdIzC 
    $FFEC:D0 FD     BNE $FFEB                                                      A:03 X:23 Y:01 S:FB P:nVUBdIzC 
    $FFEB:CA        DEX                                                            A:03 X:23 Y:01 S:FB P:nVUBdIzC 
    $FFEC:D0 FD     BNE $FFEB                                                      A:03 X:22 Y:01 S:FB P:nVUBdIzC 
    $FFEB:CA        DEX                                                            A:03 X:22 Y:01 S:FB P:nVUBdIzC 
    $FFEC:D0 FD     BNE $FFEB                                                      A:03 X:21 Y:01 S:FB P:nVUBdIzC 
    $FFEB:CA        DEX                                                            A:03 X:21 Y:01 S:FB P:nVUBdIzC 
    $FFEC:D0 FD     BNE $FFEB                                                      A:03 X:20 Y:01 S:FB P:nVUBdIzC 
    $FFEB:CA        DEX                                                            A:03 X:20 Y:01 S:FB P:nVUBdIzC 
    $FFEC:D0 FD     BNE $FFEB                                                      A:03 X:1F Y:01 S:FB P:nVUBdIzC 
    $FFEB:CA        DEX                                                            A:03 X:1F Y:01 S:FB P:nVUBdIzC 
    $FFEC:D0 FD     BNE $FFEB                                                      A:03 X:1E Y:01 S:FB P:nVUBdIzC 
    $FFEB:CA        DEX                                                            A:03 X:1E Y:01 S:FB P:nVUBdIzC 
    $FFEC:D0 FD     BNE $FFEB                                                      A:03 X:1D Y:01 S:FB P:nVUBdIzC 
    $FFEB:CA        DEX                                                            A:03 X:1D Y:01 S:FB P:nVUBdIzC 
    $FFEC:D0 FD     BNE $FFEB                                                      A:03 X:1C Y:01 S:FB P:nVUBdIzC 
    $FFEB:CA        DEX                                                            A:03 X:1C Y:01 S:FB P:nVUBdIzC 
    $FFEC:D0 FD     BNE $FFEB                                                      A:03 X:1B Y:01 S:FB P:nVUBdIzC 
    $FFEB:CA        DEX                                                            A:03 X:1B Y:01 S:FB P:nVUBdIzC 
    $FFEC:D0 FD     BNE $FFEB                                                      A:03 X:1A Y:01 S:FB P:nVUBdIzC 
    $FFEB:CA        DEX                                                            A:03 X:1A Y:01 S:FB P:nVUBdIzC 
    $FFEC:D0 FD     BNE $FFEB                                                      A:03 X:19 Y:01 S:FB P:nVUBdIzC 
    $FFEB:CA        DEX                                                            A:03 X:19 Y:01 S:FB P:nVUBdIzC 
    $FFEC:D0 FD     BNE $FFEB                                                      A:03 X:18 Y:01 S:FB P:nVUBdIzC 
    $FFEB:CA        DEX                                                            A:03 X:18 Y:01 S:FB P:nVUBdIzC 
    $FFEC:D0 FD     BNE $FFEB                                                      A:03 X:17 Y:01 S:FB P:nVUBdIzC 
    $FFEB:CA        DEX                                                            A:03 X:17 Y:01 S:FB P:nVUBdIzC 
    $FFEC:D0 FD     BNE $FFEB                                                      A:03 X:16 Y:01 S:FB P:nVUBdIzC 
    $FFEB:CA        DEX                                                            A:03 X:16 Y:01 S:FB P:nVUBdIzC 
    $FFEC:D0 FD     BNE $FFEB                                                      A:03 X:15 Y:01 S:FB P:nVUBdIzC 
    $FFEB:CA        DEX                                                            A:03 X:15 Y:01 S:FB P:nVUBdIzC 
    $FFEC:D0 FD     BNE $FFEB                                                      A:03 X:14 Y:01 S:FB P:nVUBdIzC 
    $FFEB:CA        DEX                                                            A:03 X:14 Y:01 S:FB P:nVUBdIzC 
    $FFEC:D0 FD     BNE $FFEB                                                      A:03 X:13 Y:01 S:FB P:nVUBdIzC 
    $FFEB:CA        DEX                                                            A:03 X:13 Y:01 S:FB P:nVUBdIzC 
    $FFEC:D0 FD     BNE $FFEB                                                      A:03 X:12 Y:01 S:FB P:nVUBdIzC 
    $FFEB:CA        DEX                                                            A:03 X:12 Y:01 S:FB P:nVUBdIzC 
    $FFEC:D0 FD     BNE $FFEB                                                      A:03 X:11 Y:01 S:FB P:nVUBdIzC 
    $FFEB:CA        DEX                                                            A:03 X:11 Y:01 S:FB P:nVUBdIzC 
    $FFEC:D0 FD     BNE $FFEB                                                      A:03 X:10 Y:01 S:FB P:nVUBdIzC 
    $FFEB:CA        DEX                                                            A:03 X:10 Y:01 S:FB P:nVUBdIzC 
    $FFEC:D0 FD     BNE $FFEB                                                      A:03 X:0F Y:01 S:FB P:nVUBdIzC 
    $FFEB:CA        DEX                                                            A:03 X:0F Y:01 S:FB P:nVUBdIzC 
    $FFEC:D0 FD     BNE $FFEB                                                      A:03 X:0E Y:01 S:FB P:nVUBdIzC 
    $FFEB:CA        DEX                                                            A:03 X:0E Y:01 S:FB P:nVUBdIzC 
    $FFEC:D0 FD     BNE $FFEB                                                      A:03 X:0D Y:01 S:FB P:nVUBdIzC 
    $FFEB:CA        DEX                                                            A:03 X:0D Y:01 S:FB P:nVUBdIzC 
    $FFEC:D0 FD     BNE $FFEB                                                      A:03 X:0C Y:01 S:FB P:nVUBdIzC 
    $FFEB:CA        DEX                                                            A:03 X:0C Y:01 S:FB P:nVUBdIzC 
    $FFEC:D0 FD     BNE $FFEB                                                      A:03 X:0B Y:01 S:FB P:nVUBdIzC 
    $FFEB:CA        DEX                                                            A:03 X:0B Y:01 S:FB P:nVUBdIzC 
    $FFEC:D0 FD     BNE $FFEB                                                      A:03 X:0A Y:01 S:FB P:nVUBdIzC 
    $FFEB:CA        DEX                                                            A:03 X:0A Y:01 S:FB P:nVUBdIzC 
    $FFEC:D0 FD     BNE $FFEB                                                      A:03 X:09 Y:01 S:FB P:nVUBdIzC 
    $FFEB:CA        DEX                                                            A:03 X:09 Y:01 S:FB P:nVUBdIzC 
    $FFEC:D0 FD     BNE $FFEB                                                      A:03 X:08 Y:01 S:FB P:nVUBdIzC 
    $FFEB:CA        DEX                                                            A:03 X:08 Y:01 S:FB P:nVUBdIzC 
    $FFEC:D0 FD     BNE $FFEB                                                      A:03 X:07 Y:01 S:FB P:nVUBdIzC 
    $FFEB:CA        DEX                                                            A:03 X:07 Y:01 S:FB P:nVUBdIzC 
    $FFEC:D0 FD     BNE $FFEB                                                      A:03 X:06 Y:01 S:FB P:nVUBdIzC 
    $FFEB:CA        DEX                                                            A:03 X:06 Y:01 S:FB P:nVUBdIzC 
    $FFEC:D0 FD     BNE $FFEB                                                      A:03 X:05 Y:01 S:FB P:nVUBdIzC 
    $FFEB:CA        DEX                                                            A:03 X:05 Y:01 S:FB P:nVUBdIzC 
    $FFEC:D0 FD     BNE $FFEB                                                      A:03 X:04 Y:01 S:FB P:nVUBdIzC 
    $FFEB:CA        DEX                                                            A:03 X:04 Y:01 S:FB P:nVUBdIzC 
    $FFEC:D0 FD     BNE $FFEB                                                      A:03 X:03 Y:01 S:FB P:nVUBdIzC 
    $FFEB:CA        DEX                                                            A:03 X:03 Y:01 S:FB P:nVUBdIzC 
    $FFEC:D0 FD     BNE $FFEB                                                      A:03 X:02 Y:01 S:FB P:nVUBdIzC 
    $FFEB:CA        DEX                                                            A:03 X:02 Y:01 S:FB P:nVUBdIzC 
    $FFEC:D0 FD     BNE $FFEB                                                      A:03 X:01 Y:01 S:FB P:nVUBdIzC 
    $FFEB:CA        DEX                                                            A:03 X:01 Y:01 S:FB P:nVUBdIzC 
    $FFEC:D0 FD     BNE $FFEB                                                      A:03 X:00 Y:01 S:FB P:nVUBdIZC 
    $FFEE:88        DEY                                                            A:03 X:00 Y:01 S:FB P:nVUBdIZC 
    $FFEF:D0 FA     BNE $FFEB                                                      A:03 X:00 Y:00 S:FB P:nVUBdIZC 
    $FFF1:60        RTS (from $FFEB) ----------------------------------------------A:03 X:00 Y:00 S:FB P:nVUBdIZC 
  $8699:AD 02 20  LDA $2002 = #$17                                               A:03 X:00 Y:00 S:FD P:nVUBdIZC 
  $869C:A5 87     LDA $0087 = #$CA                                               A:17 X:00 Y:00 S:FD P:nVUBdIzC 
  $869E:A4 09     LDY $0009 = #$90                                               A:CA X:00 Y:00 S:FD P:NVUBdIzC 
  $86A0:10 05     BPL $86A7                                                      A:CA X:00 Y:90 S:FD P:NVUBdIzC 
  $86A2:A4 F6     LDY $00F6 = #$00                                               A:CA X:00 Y:90 S:FD P:NVUBdIzC 
  $86A4:D0 01     BNE $86A7                                                      A:CA X:00 Y:00 S:FD P:nVUBdIZC 
  $86A6:4A        LSR                                                            A:CA X:00 Y:00 S:FD P:nVUBdIZC 
  $86A7:8D 05 20  STA $2005 = #$07                                               A:65 X:00 Y:00 S:FD P:nVUBdIzc 
  $86AA:A9 00     LDA #$00                                                       A:65 X:00 Y:00 S:FD P:nVUBdIzc 
  $86AC:4C 84 FF  JMP $FF84                                                      A:00 X:00 Y:00 S:FD P:nVUBdIZc 
  $FF84:85 3E     STA $003E = #$00                                               A:00 X:00 Y:00 S:FD P:nVUBdIZc 
  $FF86:29 10     AND #$10                                                       A:00 X:00 Y:00 S:FD P:nVUBdIZc 
  $FF88:09 03     ORA #$03                                                       A:00 X:00 Y:00 S:FD P:nVUBdIZc 
  $FF8A:A8        TAY                                                            A:03 X:00 Y:00 S:FD P:nVUBdIzc 
  $FF8B:99 B3 FF  STA $FFB3,Y @ $FFB6 = #$03                                     A:03 X:00 Y:03 S:FD P:nVUBdIzc 
  $FF8E:20 65 88  JSR $8865                                                      A:03 X:00 Y:03 S:FD P:nVUBdIzc 
    $8865:A5 32     LDA $0032 = #$56                                               A:03 X:00 Y:03 S:FB P:nVUBdIzc 
    $8867:18        CLC                                                            A:56 X:00 Y:03 S:FB P:nVUBdIzc 
    $8868:65 33     ADC $0033 = #$8A                                               A:56 X:00 Y:03 S:FB P:nVUBdIzc 
    $886A:85 32     STA $0032 = #$56                                               A:E0 X:00 Y:03 S:FB P:NvUBdIzc 
    $886C:6A        ROR                                                            A:E0 X:00 Y:03 S:FB P:NvUBdIzc 
    $886D:85 34     STA $0034 = #$AB                                               A:70 X:00 Y:03 S:FB P:nvUBdIzc 
    $886F:A2 00     LDX #$00                                                       A:70 X:00 Y:03 S:FB P:nvUBdIzc 
    $8871:BD 01 03  LDA $0301,X @ $0301 = #$01                                     A:70 X:00 Y:03 S:FB P:nvUBdIZc 
    $8874:F0 03     BEQ $8879                                                      A:01 X:00 Y:03 S:FB P:nvUBdIzc 
    $8876:20 8A 88  JSR $888A                                                      A:01 X:00 Y:03 S:FB P:nvUBdIzc 
      $888A:A5 34     LDA $0034 = #$70                                               A:01 X:00 Y:03 S:F9 P:nvUBdIzc 
      $888C:30 03     BMI $8891                                                      A:70 X:00 Y:03 S:F9 P:nvUBdIzc 
      $888E:4C 48 89  JMP $8948                                                      A:70 X:00 Y:03 S:F9 P:nvUBdIzc 
      $8948:BD 24 03  LDA $0324,X @ $0324 = #$9C                                     A:70 X:00 Y:03 S:F9 P:nvUBdIzc 
      $894B:85 3A     STA $003A = #$FF                                               A:9C X:00 Y:03 S:F9 P:NvUBdIzc 
      $894D:BD A1 03  LDA $03A1,X @ $03A1 = #$00                                     A:9C X:00 Y:03 S:F9 P:NvUBdIzc 
      $8950:F0 48     BEQ $899A                                                      A:00 X:00 Y:03 S:F9 P:nvUBdIZc 
      $899A:BD 61 03  LDA $0361,X @ $0361 = #$00                                     A:00 X:00 Y:03 S:F9 P:nvUBdIZc 
      $899D:F0 41     BEQ $89E0                                                      A:00 X:00 Y:03 S:F9 P:nvUBdIZc 
      $89E0:BD 93 03  LDA $0393,X @ $0393 = #$00                                     A:00 X:00 Y:03 S:F9 P:nvUBdIZc 
      $89E3:F0 6A     BEQ $8A4F                                                      A:00 X:00 Y:03 S:F9 P:nvUBdIZc 
      $8A4F:BD 11 03  LDA $0311,X @ $0311 = #$00                                     A:00 X:00 Y:03 S:F9 P:nvUBdIZc 
      $8A52:F0 0B     BEQ $8A5F                                                      A:00 X:00 Y:03 S:F9 P:nvUBdIZc 
      $8A5F:BD 21 03  LDA $0321,X @ $0321 = #$77                                     A:00 X:00 Y:03 S:F9 P:nvUBdIZc 
      $8A62:29 E0     AND #$E0                                                       A:77 X:00 Y:03 S:F9 P:nvUBdIzc 
      $8A64:1D 52 03  ORA $0352,X @ $0352 = #$12                                     A:60 X:00 Y:03 S:F9 P:nvUBdIzc 
      $8A67:9D 00 40  STA $4000,X @ $4000 = #$12                                     A:72 X:00 Y:03 S:F9 P:nvUBdIzc 
      $8A6A:BD 23 03  LDA $0323,X @ $0323 = #$35                                     A:72 X:00 Y:03 S:F9 P:nvUBdIzc 
      $8A6D:9D 02 40  STA $4002,X @ $4002 = #$35                                     A:35 X:00 Y:03 S:F9 P:nvUBdIzc 
      $8A70:BD 24 03  LDA $0324,X @ $0324 = #$9C                                     A:35 X:00 Y:03 S:F9 P:nvUBdIzc 
      $8A73:C5 3A     CMP $003A = #$9C                                               A:9C X:00 Y:03 S:F9 P:NvUBdIzc 
      $8A75:F0 03     BEQ $8A7A                                                      A:9C X:00 Y:03 S:F9 P:nvUBdIZC 
      $8A7A:60        RTS (from $888A) ----------------------------------------------A:9C X:00 Y:03 S:F9 P:nvUBdIZC 
    $8879:BD 11 03  LDA $0311,X @ $0311 = #$00                                     A:9C X:00 Y:03 S:FB P:nvUBdIZC 
    $887C:F0 03     BEQ $8881                                                      A:00 X:00 Y:03 S:FB P:nvUBdIZC 
    $8881:E8        INX                                                            A:00 X:00 Y:03 S:FB P:nvUBdIZC 
    $8882:E8        INX                                                            A:00 X:01 Y:03 S:FB P:nvUBdIzC 
    $8883:E8        INX                                                            A:00 X:02 Y:03 S:FB P:nvUBdIzC 
    $8884:E8        INX                                                            A:00 X:03 Y:03 S:FB P:nvUBdIzC 
    $8885:E0 10     CPX #$10                                                       A:00 X:04 Y:03 S:FB P:nvUBdIzC 
    $8887:90 E8     BCC $8871                                                      A:00 X:04 Y:03 S:FB P:NvUBdIzc 
    $8871:BD 01 03  LDA $0301,X @ $0305 = #$0A                                     A:00 X:04 Y:03 S:FB P:NvUBdIzc 
    $8874:F0 03     BEQ $8879                                                      A:0A X:04 Y:03 S:FB P:nvUBdIzc 
    $8876:20 8A 88  JSR $888A                                                      A:0A X:04 Y:03 S:FB P:nvUBdIzc 
      $888A:A5 34     LDA $0034 = #$70                                               A:0A X:04 Y:03 S:F9 P:nvUBdIzc 
      $888C:30 03     BMI $8891                                                      A:70 X:04 Y:03 S:F9 P:nvUBdIzc 
      $888E:4C 48 89  JMP $8948                                                      A:70 X:04 Y:03 S:F9 P:nvUBdIzc 
      $8948:BD 24 03  LDA $0324,X @ $0328 = #$9E                                     A:70 X:04 Y:03 S:F9 P:nvUBdIzc 
      $894B:85 3A     STA $003A = #$9C                                               A:9E X:04 Y:03 S:F9 P:NvUBdIzc 
      $894D:BD A1 03  LDA $03A1,X @ $03A5 = #$00                                     A:9E X:04 Y:03 S:F9 P:NvUBdIzc 
      $8950:F0 48     BEQ $899A                                                      A:00 X:04 Y:03 S:F9 P:nvUBdIZc 
      $899A:BD 61 03  LDA $0361,X @ $0365 = #$00                                     A:00 X:04 Y:03 S:F9 P:nvUBdIZc 
      $899D:F0 41     BEQ $89E0                                                      A:00 X:04 Y:03 S:F9 P:nvUBdIZc 
      $89E0:BD 93 03  LDA $0393,X @ $0397 = #$00                                     A:00 X:04 Y:03 S:F9 P:nvUBdIZc 
      $89E3:F0 6A     BEQ $8A4F                                                      A:00 X:04 Y:03 S:F9 P:nvUBdIZc 
      $8A4F:BD 11 03  LDA $0311,X @ $0315 = #$00                                     A:00 X:04 Y:03 S:F9 P:nvUBdIZc 
      $8A52:F0 0B     BEQ $8A5F                                                      A:00 X:04 Y:03 S:F9 P:nvUBdIZc 
      $8A5F:BD 21 03  LDA $0321,X @ $0325 = #$77                                     A:00 X:04 Y:03 S:F9 P:nvUBdIZc 
      $8A62:29 E0     AND #$E0                                                       A:77 X:04 Y:03 S:F9 P:nvUBdIzc 
      $8A64:1D 52 03  ORA $0352,X @ $0356 = #$12                                     A:60 X:04 Y:03 S:F9 P:nvUBdIzc 
      $8A67:9D 00 40  STA $4000,X @ $4004 = #$12                                     A:72 X:04 Y:03 S:F9 P:nvUBdIzc 
      $8A6A:BD 23 03  LDA $0323,X @ $0327 = #$4D                                     A:72 X:04 Y:03 S:F9 P:nvUBdIzc 
      $8A6D:9D 02 40  STA $4002,X @ $4006 = #$4D                                     A:4D X:04 Y:03 S:F9 P:nvUBdIzc 
      $8A70:BD 24 03  LDA $0324,X @ $0328 = #$9E                                     A:4D X:04 Y:03 S:F9 P:nvUBdIzc 
      $8A73:C5 3A     CMP $003A = #$9E                                               A:9E X:04 Y:03 S:F9 P:NvUBdIzc 
      $8A75:F0 03     BEQ $8A7A                                                      A:9E X:04 Y:03 S:F9 P:nvUBdIZC 
      $8A7A:60        RTS (from $888A) ----------------------------------------------A:9E X:04 Y:03 S:F9 P:nvUBdIZC 
    $8879:BD 11 03  LDA $0311,X @ $0315 = #$00                                     A:9E X:04 Y:03 S:FB P:nvUBdIZC 
    $887C:F0 03     BEQ $8881                                                      A:00 X:04 Y:03 S:FB P:nvUBdIZC 
    $8881:E8        INX                                                            A:00 X:04 Y:03 S:FB P:nvUBdIZC 
    $8882:E8        INX                                                            A:00 X:05 Y:03 S:FB P:nvUBdIzC 
    $8883:E8        INX                                                            A:00 X:06 Y:03 S:FB P:nvUBdIzC 
    $8884:E8        INX                                                            A:00 X:07 Y:03 S:FB P:nvUBdIzC 
    $8885:E0 10     CPX #$10                                                       A:00 X:08 Y:03 S:FB P:nvUBdIzC 
    $8887:90 E8     BCC $8871                                                      A:00 X:08 Y:03 S:FB P:NvUBdIzc 
    $8871:BD 01 03  LDA $0301,X @ $0309 = #$0C                                     A:00 X:08 Y:03 S:FB P:NvUBdIzc 
    $8874:F0 03     BEQ $8879                                                      A:0C X:08 Y:03 S:FB P:nvUBdIzc 
    $8876:20 8A 88  JSR $888A                                                      A:0C X:08 Y:03 S:FB P:nvUBdIzc 
      $888A:A5 34     LDA $0034 = #$70                                               A:0C X:08 Y:03 S:F9 P:nvUBdIzc 
      $888C:30 03     BMI $8891                                                      A:70 X:08 Y:03 S:F9 P:nvUBdIzc 
      $888E:4C 48 89  JMP $8948                                                      A:70 X:08 Y:03 S:F9 P:nvUBdIzc 
      $8948:BD 24 03  LDA $0324,X @ $032C = #$4B                                     A:70 X:08 Y:03 S:F9 P:nvUBdIzc 
      $894B:85 3A     STA $003A = #$9E                                               A:4B X:08 Y:03 S:F9 P:nvUBdIzc 
      $894D:BD A1 03  LDA $03A1,X @ $03A9 = #$00                                     A:4B X:08 Y:03 S:F9 P:nvUBdIzc 
      $8950:F0 48     BEQ $899A                                                      A:00 X:08 Y:03 S:F9 P:nvUBdIZc 
      $899A:BD 61 03  LDA $0361,X @ $0369 = #$01                                     A:00 X:08 Y:03 S:F9 P:nvUBdIZc 
      $899D:F0 41     BEQ $89E0                                                      A:01 X:08 Y:03 S:F9 P:nvUBdIzc 
      $899F:DE 64 03  DEC $0364,X @ $036C = #$01                                     A:01 X:08 Y:03 S:F9 P:nvUBdIzc 
      $89A2:D0 3C     BNE $89E0                                                      A:01 X:08 Y:03 S:F9 P:nvUBdIZc 
      $89A4:BD 63 03  LDA $0363,X @ $036B = #$01                                     A:01 X:08 Y:03 S:F9 P:nvUBdIZc 
      $89A7:9D 64 03  STA $0364,X @ $036C = #$00                                     A:01 X:08 Y:03 S:F9 P:nvUBdIzc 
      $89AA:BD 24 03  LDA $0324,X @ $032C = #$4B                                     A:01 X:08 Y:03 S:F9 P:nvUBdIzc 
      $89AD:29 07     AND #$07                                                       A:4B X:08 Y:03 S:F9 P:nvUBdIzc 
      $89AF:1D 23 03  ORA $0323,X @ $032B = #$26                                     A:03 X:08 Y:03 S:F9 P:nvUBdIzc 
      $89B2:F0 2C     BEQ $89E0                                                      A:27 X:08 Y:03 S:F9 P:nvUBdIzc 
      $89B4:A0 00     LDY #$00                                                       A:27 X:08 Y:03 S:F9 P:nvUBdIzc 
      $89B6:BD 44 03  LDA $0344,X @ $034C = #$FF                                     A:27 X:08 Y:00 S:F9 P:nvUBdIZc 
      $89B9:10 01     BPL $89BC                                                      A:FF X:08 Y:00 S:F9 P:NvUBdIzc 
      $89BB:88        DEY                                                            A:FF X:08 Y:00 S:F9 P:NvUBdIzc 
      $89BC:18        CLC                                                            A:FF X:08 Y:FF S:F9 P:NvUBdIzc 
      $89BD:7D 23 03  ADC $0323,X @ $032B = #$26                                     A:FF X:08 Y:FF S:F9 P:NvUBdIzc 
      $89C0:9D 23 03  STA $0323,X @ $032B = #$26                                     A:25 X:08 Y:FF S:F9 P:nvUBdIzC 
      $89C3:98        TYA                                                            A:25 X:08 Y:FF S:F9 P:nvUBdIzC 
      $89C4:7D 24 03  ADC $0324,X @ $032C = #$4B                                     A:FF X:08 Y:FF S:F9 P:NvUBdIzC 
      $89C7:9D 24 03  STA $0324,X @ $032C = #$4B                                     A:4B X:08 Y:FF S:F9 P:nvUBdIzC 
      $89CA:DE 62 03  DEC $0362,X @ $036A = #$01                                     A:4B X:08 Y:FF S:F9 P:nvUBdIzC 
      $89CD:D0 11     BNE $89E0                                                      A:4B X:08 Y:FF S:F9 P:nvUBdIZC 
      $89CF:BD 61 03  LDA $0361,X @ $0369 = #$01                                     A:4B X:08 Y:FF S:F9 P:nvUBdIZC 
      $89D2:9D 62 03  STA $0362,X @ $036A = #$00                                     A:01 X:08 Y:FF S:F9 P:nvUBdIzC 
      $89D5:DE 44 03  DEC $0344,X @ $034C = #$FF                                     A:01 X:08 Y:FF S:F9 P:nvUBdIzC 
      $89D8:BD 44 03  LDA $0344,X @ $034C = #$FE                                     A:01 X:08 Y:FF S:F9 P:NvUBdIzC 
      $89DB:49 FF     EOR #$FF                                                       A:FE X:08 Y:FF S:F9 P:NvUBdIzC 
      $89DD:9D 44 03  STA $0344,X @ $034C = #$FE                                     A:01 X:08 Y:FF S:F9 P:nvUBdIzC 
      $89E0:BD 93 03  LDA $0393,X @ $039B = #$00                                     A:01 X:08 Y:FF S:F9 P:nvUBdIzC 
      $89E3:F0 6A     BEQ $8A4F                                                      A:00 X:08 Y:FF S:F9 P:nvUBdIZC 
      $8A4F:BD 11 03  LDA $0311,X @ $0319 = #$00                                     A:00 X:08 Y:FF S:F9 P:nvUBdIZC 
      $8A52:F0 0B     BEQ $8A5F                                                      A:00 X:08 Y:FF S:F9 P:nvUBdIZC 
      $8A5F:BD 21 03  LDA $0321,X @ $0329 = #$1F                                     A:00 X:08 Y:FF S:F9 P:nvUBdIZC 
      $8A62:29 E0     AND #$E0                                                       A:1F X:08 Y:FF S:F9 P:nvUBdIzC 
      $8A64:1D 52 03  ORA $0352,X @ $035A = #$1F                                     A:00 X:08 Y:FF S:F9 P:nvUBdIZC 
      $8A67:9D 00 40  STA $4000,X @ $4008 = #$1F                                     A:1F X:08 Y:FF S:F9 P:nvUBdIzC 
      $8A6A:BD 23 03  LDA $0323,X @ $032B = #$25                                     A:1F X:08 Y:FF S:F9 P:nvUBdIzC 
      $8A6D:9D 02 40  STA $4002,X @ $400A = #$25                                     A:25 X:08 Y:FF S:F9 P:nvUBdIzC 
      $8A70:BD 24 03  LDA $0324,X @ $032C = #$4B                                     A:25 X:08 Y:FF S:F9 P:nvUBdIzC 
      $8A73:C5 3A     CMP $003A = #$4B                                               A:4B X:08 Y:FF S:F9 P:nvUBdIzC 
      $8A75:F0 03     BEQ $8A7A                                                      A:4B X:08 Y:FF S:F9 P:nvUBdIZC 
      $8A7A:60        RTS (from $888A) ----------------------------------------------A:4B X:08 Y:FF S:F9 P:nvUBdIZC 
    $8879:BD 11 03  LDA $0311,X @ $0319 = #$00                                     A:4B X:08 Y:FF S:FB P:nvUBdIZC 
    $887C:F0 03     BEQ $8881                                                      A:00 X:08 Y:FF S:FB P:nvUBdIZC 
    $8881:E8        INX                                                            A:00 X:08 Y:FF S:FB P:nvUBdIZC 
    $8882:E8        INX                                                            A:00 X:09 Y:FF S:FB P:nvUBdIzC 
    $8883:E8        INX                                                            A:00 X:0A Y:FF S:FB P:nvUBdIzC 
    $8884:E8        INX                                                            A:00 X:0B Y:FF S:FB P:nvUBdIzC 
    $8885:E0 10     CPX #$10                                                       A:00 X:0C Y:FF S:FB P:nvUBdIzC 
    $8887:90 E8     BCC $8871                                                      A:00 X:0C Y:FF S:FB P:NvUBdIzc 
    $8871:BD 01 03  LDA $0301,X @ $030D = #$0E                                     A:00 X:0C Y:FF S:FB P:NvUBdIzc 
    $8874:F0 03     BEQ $8879                                                      A:0E X:0C Y:FF S:FB P:nvUBdIzc 
    $8876:20 8A 88  JSR $888A                                                      A:0E X:0C Y:FF S:FB P:nvUBdIzc 
      $888A:A5 34     LDA $0034 = #$70                                               A:0E X:0C Y:FF S:F9 P:nvUBdIzc 
      $888C:30 03     BMI $8891                                                      A:70 X:0C Y:FF S:F9 P:nvUBdIzc 
      $888E:4C 48 89  JMP $8948                                                      A:70 X:0C Y:FF S:F9 P:nvUBdIzc 
      $8948:BD 24 03  LDA $0324,X @ $0330 = #$28                                     A:70 X:0C Y:FF S:F9 P:nvUBdIzc 
      $894B:85 3A     STA $003A = #$4B                                               A:28 X:0C Y:FF S:F9 P:nvUBdIzc 
      $894D:BD A1 03  LDA $03A1,X @ $03AD = #$00                                     A:28 X:0C Y:FF S:F9 P:nvUBdIzc 
      $8950:F0 48     BEQ $899A                                                      A:00 X:0C Y:FF S:F9 P:nvUBdIZc 
      $899A:BD 61 03  LDA $0361,X @ $036D = #$00                                     A:00 X:0C Y:FF S:F9 P:nvUBdIZc 
      $899D:F0 41     BEQ $89E0                                                      A:00 X:0C Y:FF S:F9 P:nvUBdIZc 
      $89E0:BD 93 03  LDA $0393,X @ $039F = #$00                                     A:00 X:0C Y:FF S:F9 P:nvUBdIZc 
      $89E3:F0 6A     BEQ $8A4F                                                      A:00 X:0C Y:FF S:F9 P:nvUBdIZc 
      $8A4F:BD 11 03  LDA $0311,X @ $031D = #$00                                     A:00 X:0C Y:FF S:F9 P:nvUBdIZc 
      $8A52:F0 0B     BEQ $8A5F                                                      A:00 X:0C Y:FF S:F9 P:nvUBdIZc 
      $8A5F:BD 21 03  LDA $0321,X @ $032D = #$0A                                     A:00 X:0C Y:FF S:F9 P:nvUBdIZc 
      $8A62:29 E0     AND #$E0                                                       A:0A X:0C Y:FF S:F9 P:nvUBdIzc 
      $8A64:1D 52 03  ORA $0352,X @ $035E = #$12                                     A:00 X:0C Y:FF S:F9 P:nvUBdIZc 
      $8A67:9D 00 40  STA $4000,X @ $400C = #$12                                     A:12 X:0C Y:FF S:F9 P:nvUBdIzc 
      $8A6A:BD 23 03  LDA $0323,X @ $032F = #$01                                     A:12 X:0C Y:FF S:F9 P:nvUBdIzc 
      $8A6D:9D 02 40  STA $4002,X @ $400E = #$01                                     A:01 X:0C Y:FF S:F9 P:nvUBdIzc 
      $8A70:BD 24 03  LDA $0324,X @ $0330 = #$28                                     A:01 X:0C Y:FF S:F9 P:nvUBdIzc 
      $8A73:C5 3A     CMP $003A = #$28                                               A:28 X:0C Y:FF S:F9 P:nvUBdIzc 
      $8A75:F0 03     BEQ $8A7A                                                      A:28 X:0C Y:FF S:F9 P:nvUBdIZC 
      $8A7A:60        RTS (from $888A) ----------------------------------------------A:28 X:0C Y:FF S:F9 P:nvUBdIZC 
    $8879:BD 11 03  LDA $0311,X @ $031D = #$00                                     A:28 X:0C Y:FF S:FB P:nvUBdIZC 
    $887C:F0 03     BEQ $8881                                                      A:00 X:0C Y:FF S:FB P:nvUBdIZC 
    $8881:E8        INX                                                            A:00 X:0C Y:FF S:FB P:nvUBdIZC 
    $8882:E8        INX                                                            A:00 X:0D Y:FF S:FB P:nvUBdIzC 
    $8883:E8        INX                                                            A:00 X:0E Y:FF S:FB P:nvUBdIzC 
    $8884:E8        INX                                                            A:00 X:0F Y:FF S:FB P:nvUBdIzC 
    $8885:E0 10     CPX #$10                                                       A:00 X:10 Y:FF S:FB P:nvUBdIzC 
    $8887:90 E8     BCC $8871                                                      A:00 X:10 Y:FF S:FB P:nvUBdIZC 
    $8889:60        RTS (from $8865) ----------------------------------------------A:00 X:10 Y:FF S:FB P:nvUBdIZC 
  $FF91:A5 3E     LDA $003E = #$00                                               A:00 X:10 Y:FF S:FD P:nvUBdIZC 
  $FF93:A8        TAY                                                            A:00 X:10 Y:FF S:FD P:nvUBdIZC 
  $FF94:99 B3 FF  STA $FFB3,Y @ $FFB3 = #$00                                     A:00 X:10 Y:00 S:FD P:nvUBdIZC 
  $FF97:60        RTS (from $85B5) ----------------------------------------------A:00 X:10 Y:00 S:FD P:nvUBdIZC 
$83AA:A9 10     LDA #$10                                                       A:00 X:10 Y:00 S:FF P:nvUBdIZC 
$83AC:85 09     STA $0009 = #$90                                               A:10 X:10 Y:00 S:FF P:nvUBdIzC 
$83AE:09 80     ORA #$80                                                       A:10 X:10 Y:00 S:FF P:nvUBdIzC 
$83B0:8D 00 20  STA $2000 = #$10                                               A:90 X:10 Y:00 S:FF P:NvUBdIzC 
$83B3:A2 4B     LDX #$4B                                                       A:90 X:10 Y:00 S:FF P:NvUBdIzC 
$83B5:A0 03     LDY #$03                                                       A:90 X:4B Y:00 S:FF P:nvUBdIzC 
$83B7:20 CB FF  JSR $FFCB                                                      A:90 X:4B Y:03 S:FF P:nvUBdIzC 
  $FFCB:A9 00     LDA #$00                                                       A:90 X:4B Y:03 S:FD P:nvUBdIzC 
  $FFCD:09 00     ORA #$00                                                       A:00 X:4B Y:03 S:FD P:nvUBdIZC 
  $FFCF:85 2D     STA $002D = #$00                                               A:00 X:4B Y:03 S:FD P:nvUBdIZC 
  $FFD1:A5 13     LDA $0013 = #$06                                               A:00 X:4B Y:03 S:FD P:nvUBdIZC 
  $FFD3:48        PHA                                                            A:06 X:4B Y:03 S:FD P:nvUBdIzC 
   $FFD4:86 13     STX $0013 = #$06                                               A:06 X:4B Y:03 S:FC P:nvUBdIzC 
   $FFD6:B9 B3 FF  LDA $FFB3,Y @ $FFB6 = #$03                                     A:06 X:4B Y:03 S:FC P:nvUBdIzC 
   $FFD9:99 B3 FF  STA $FFB3,Y @ $FFB6 = #$03                                     A:03 X:4B Y:03 S:FC P:nvUBdIzC 
   $FFDC:20 00 80  JSR $8000                                                      A:03 X:4B Y:03 S:FC P:nvUBdIzC 
     $8000:6C 13 00  JMP ($0013) = $804B                                            A:03 X:4B Y:03 S:FA P:nvUBdIzC 
     $804B:4C 77 D1  JMP $D177                                                      A:03 X:4B Y:03 S:FA P:nvUBdIzC 
     $D177:A5 95     LDA $0095 = #$80                                               A:03 X:4B Y:03 S:FA P:nvUBdIzC 
     $D179:C9 83     CMP #$83                                                       A:80 X:4B Y:03 S:FA P:NvUBdIzC 
     $D17B:F0 04     BEQ $D181                                                      A:80 X:4B Y:03 S:FA P:NvUBdIzc 
     $D17D:C9 82     CMP #$82                                                       A:80 X:4B Y:03 S:FA P:NvUBdIzc 
     $D17F:D0 62     BNE $D1E3                                                      A:80 X:4B Y:03 S:FA P:NvUBdIzc 
     $D1E3:49 88     EOR #$88                                                       A:80 X:4B Y:03 S:FA P:NvUBdIzc 
     $D1E5:D0 14     BNE $D1FB                                                      A:08 X:4B Y:03 S:FA P:nvUBdIzc 
     $D1FB:60        RTS (from $8000) ----------------------------------------------A:08 X:4B Y:03 S:FA P:nvUBdIzc 
   $FFDF:A4 2D     LDY $002D = #$00                                               A:08 X:4B Y:03 S:FC P:nvUBdIzc 
   $FFE1:68        PLA                                                            A:08 X:4B Y:00 S:FC P:nvUBdIZc 
  $FFE2:85 13     STA $0013 = #$4B                                               A:06 X:4B Y:00 S:FD P:nvUBdIzc 
  $FFE4:B9 B3 FF  LDA $FFB3,Y @ $FFB3 = #$00                                     A:06 X:4B Y:00 S:FD P:nvUBdIzc 
  $FFE7:99 B3 FF  STA $FFB3,Y @ $FFB3 = #$00                                     A:00 X:4B Y:00 S:FD P:nvUBdIZc 
  $FFEA:60        RTS (from $FFCB) ----------------------------------------------A:00 X:4B Y:00 S:FD P:nvUBdIZc 
$83BA:A5 2B     LDA $002B = #$0F                                               A:00 X:4B Y:00 S:FF P:nvUBdIZc 
$83BC:05 2C     ORA $002C = #$0F                                               A:0F X:4B Y:00 S:FF P:nvUBdIzc 
$83BE:29 10     AND #$10                                                       A:0F X:4B Y:00 S:FF P:nvUBdIzc 
$83C0:F0 14     BEQ $83D6                                                      A:00 X:4B Y:00 S:FF P:nvUBdIZc 
$83D6:A5 F6     LDA $00F6 = #$00                                               A:00 X:4B Y:00 S:FF P:nvUBdIZc 
$83D8:F0 29     BEQ $8403                                                      A:00 X:4B Y:00 S:FF P:nvUBdIZc 
$8403:A5 EB     LDA $00EB = #$00                                               A:00 X:4B Y:00 S:FF P:nvUBdIZc 
$8405:C9 7E     CMP #$7E                                                       A:00 X:4B Y:00 S:FF P:nvUBdIZc 
$8407:90 22     BCC $842B                                                      A:00 X:4B Y:00 S:FF P:NvUBdIzc 
$842B:20 A3 87  JSR $87A3                                                      A:00 X:4B Y:00 S:FF P:NvUBdIzc 
  $87A3:A2 12     LDX #$12                                                       A:00 X:4B Y:00 S:FD P:NvUBdIzc 
  $87A5:A0 02     LDY #$02                                                       A:00 X:12 Y:00 S:FD P:nvUBdIzc 
  $87A7:4C CB FF  JMP $FFCB                                                      A:00 X:12 Y:02 S:FD P:nvUBdIzc 
  $FFCB:A9 00     LDA #$00                                                       A:00 X:12 Y:02 S:FD P:nvUBdIzc 
  $FFCD:09 00     ORA #$00                                                       A:00 X:12 Y:02 S:FD P:nvUBdIZc 
  $FFCF:85 2D     STA $002D = #$00                                               A:00 X:12 Y:02 S:FD P:nvUBdIZc 
  $FFD1:A5 13     LDA $0013 = #$06                                               A:00 X:12 Y:02 S:FD P:nvUBdIZc 
  $FFD3:48        PHA                                                            A:06 X:12 Y:02 S:FD P:nvUBdIzc 
   $FFD4:86 13     STX $0013 = #$06                                               A:06 X:12 Y:02 S:FC P:nvUBdIzc 
   $FFD6:B9 B3 FF  LDA $FFB3,Y @ $FFB5 = #$02                                     A:06 X:12 Y:02 S:FC P:nvUBdIzc 
   $FFD9:99 B3 FF  STA $FFB3,Y @ $FFB5 = #$02                                     A:02 X:12 Y:02 S:FC P:nvUBdIzc 
   $FFDC:20 00 80  JSR $8000                                                      A:02 X:12 Y:02 S:FC P:nvUBdIzc 
     $8000:6C 13 00  JMP ($0013) = $8012                                            A:02 X:12 Y:02 S:FA P:nvUBdIzc 
     $8012:4C 3F F2  JMP $F23F                                                      A:02 X:12 Y:02 S:FA P:nvUBdIzc 
     $F23F:A5 D2     LDA $00D2 = #$00                                               A:02 X:12 Y:02 S:FA P:nvUBdIzc 
     $F241:F0 0D     BEQ $F250                                                      A:00 X:12 Y:02 S:FA P:nvUBdIZc 
     $F250:A5 10     LDA $0010 = #$03                                               A:00 X:12 Y:02 S:FA P:nvUBdIZc 
     $F252:C9 02     CMP #$02                                                       A:03 X:12 Y:02 S:FA P:nvUBdIzc 
     $F254:D0 2E     BNE $F284                                                      A:03 X:12 Y:02 S:FA P:nvUBdIzC 
     $F284:C9 0C     CMP #$0C                                                       A:03 X:12 Y:02 S:FA P:nvUBdIzC 
     $F286:F0 08     BEQ $F290                                                      A:03 X:12 Y:02 S:FA P:NvUBdIzc 
     $F288:C9 06     CMP #$06                                                       A:03 X:12 Y:02 S:FA P:NvUBdIzc 
     $F28A:F0 04     BEQ $F290                                                      A:03 X:12 Y:02 S:FA P:NvUBdIzc 
     $F28C:C9 03     CMP #$03                                                       A:03 X:12 Y:02 S:FA P:NvUBdIzc 
     $F28E:D0 F1     BNE $F281                                                      A:03 X:12 Y:02 S:FA P:nvUBdIZC 
     $F290:A0 01     LDY #$01                                                       A:03 X:12 Y:02 S:FA P:nvUBdIZC 
     $F292:B9 C1 03  LDA $03C1,Y @ $03C2 = #$02                                     A:03 X:12 Y:01 S:FA P:nvUBdIzC 
     $F295:F0 07     BEQ $F29E                                                      A:02 X:12 Y:01 S:FA P:nvUBdIzC 
     $F297:B9 38 05  LDA $0538,Y @ $0539 = #$43                                     A:02 X:12 Y:01 S:FA P:nvUBdIzC 
     $F29A:29 40     AND #$40                                                       A:43 X:12 Y:01 S:FA P:nvUBdIzC 
     $F29C:F0 E3     BEQ $F281                                                      A:40 X:12 Y:01 S:FA P:nvUBdIzC 
     $F29E:88        DEY                                                            A:40 X:12 Y:01 S:FA P:nvUBdIzC 
     $F29F:10 F1     BPL $F292                                                      A:40 X:12 Y:00 S:FA P:nvUBdIZC 
     $F292:B9 C1 03  LDA $03C1,Y @ $03C1 = #$01                                     A:40 X:12 Y:00 S:FA P:nvUBdIZC 
     $F295:F0 07     BEQ $F29E                                                      A:01 X:12 Y:00 S:FA P:nvUBdIzC 
     $F297:B9 38 05  LDA $0538,Y @ $0538 = #$00                                     A:01 X:12 Y:00 S:FA P:nvUBdIzC 
     $F29A:29 40     AND #$40                                                       A:00 X:12 Y:00 S:FA P:nvUBdIZC 
     $F29C:F0 E3     BEQ $F281                                                      A:00 X:12 Y:00 S:FA P:nvUBdIZC 
     $F281:4C 78 F3  JMP $F378                                                      A:00 X:12 Y:00 S:FA P:nvUBdIZC 
     $F378:A5 C8     LDA $00C8 = #$00                                               A:00 X:12 Y:00 S:FA P:nvUBdIZC 
     $F37A:D0 F9     BNE $F375                                                      A:00 X:12 Y:00 S:FA P:nvUBdIZC 
     $F37C:A5 D1     LDA $00D1 = #$00                                               A:00 X:12 Y:00 S:FA P:nvUBdIZC 
     $F37E:F0 4B     BEQ $F3CB                                                      A:00 X:12 Y:00 S:FA P:nvUBdIZC 
     $F3CB:A5 10     LDA $0010 = #$03                                               A:00 X:12 Y:00 S:FA P:nvUBdIZC 
     $F3CD:C9 05     CMP #$05                                                       A:03 X:12 Y:00 S:FA P:nvUBdIzC 
     $F3CF:D0 3E     BNE $F40F                                                      A:03 X:12 Y:00 S:FA P:NvUBdIzc 
     $F40F:A5 B2     LDA $00B2 = #$15                                               A:03 X:12 Y:00 S:FA P:NvUBdIzc 
     $F411:F0 06     BEQ $F419                                                      A:15 X:12 Y:00 S:FA P:nvUBdIzc 
     $F413:C6 B2     DEC $00B2 = #$15                                               A:15 X:12 Y:00 S:FA P:nvUBdIzc 
     $F415:C9 1E     CMP #$1E                                                       A:15 X:12 Y:00 S:FA P:nvUBdIzc 
     $F417:F0 F3     BEQ $F40C                                                      A:15 X:12 Y:00 S:FA P:NvUBdIzc 
     $F419:AD C1 03  LDA $03C1 = #$01                                               A:15 X:12 Y:00 S:FA P:NvUBdIzc 
     $F41C:F0 28     BEQ $F446                                                      A:01 X:12 Y:00 S:FA P:nvUBdIzc 
     $F41E:AD 84 04  LDA $0484 = #$2A                                               A:01 X:12 Y:00 S:FA P:nvUBdIzc 
     $F421:AE C2 03  LDX $03C2 = #$02                                               A:2A X:12 Y:00 S:FA P:nvUBdIzc 
     $F424:F0 28     BEQ $F44E                                                      A:2A X:02 Y:00 S:FA P:nvUBdIzc 
     $F426:A6 10     LDX $0010 = #$03                                               A:2A X:02 Y:00 S:FA P:nvUBdIzc 
     $F428:E0 04     CPX #$04                                                       A:2A X:03 Y:00 S:FA P:nvUBdIzc 
     $F42A:F0 08     BEQ $F434                                                      A:2A X:03 Y:00 S:FA P:NvUBdIzc 
     $F42C:E0 0B     CPX #$0B                                                       A:2A X:03 Y:00 S:FA P:NvUBdIzc 
     $F42E:F0 04     BEQ $F434                                                      A:2A X:03 Y:00 S:FA P:NvUBdIzc 
     $F430:E0 08     CPX #$08                                                       A:2A X:03 Y:00 S:FA P:NvUBdIzc 
     $F432:D0 0B     BNE $F43F                                                      A:2A X:03 Y:00 S:FA P:NvUBdIzc 
     $F43F:CD 85 04  CMP $0485 = #$85                                               A:2A X:03 Y:00 S:FA P:NvUBdIzc 
     $F442:B0 0A     BCS $F44E                                                      A:2A X:03 Y:00 S:FA P:NvUBdIzc 
     $F444:90 05     BCC $F44B                                                      A:2A X:03 Y:00 S:FA P:NvUBdIzc 
     $F44B:AD 85 04  LDA $0485 = #$85                                               A:2A X:03 Y:00 S:FA P:NvUBdIzc 
     $F44E:A2 03     LDX #$03                                                       A:85 X:03 Y:00 S:FA P:NvUBdIzc 
     $F450:A4 10     LDY $0010 = #$03                                               A:85 X:03 Y:00 S:FA P:nvUBdIzc 
     $F452:C0 0D     CPY #$0D                                                       A:85 X:03 Y:03 S:FA P:nvUBdIzc 
     $F454:F0 1B     BEQ $F471                                                      A:85 X:03 Y:03 S:FA P:NvUBdIzc 
     $F456:C0 0A     CPY #$0A                                                       A:85 X:03 Y:03 S:FA P:NvUBdIzc 
     $F458:F0 17     BEQ $F471                                                      A:85 X:03 Y:03 S:FA P:NvUBdIzc 
     $F45A:C0 0B     CPY #$0B                                                       A:85 X:03 Y:03 S:FA P:NvUBdIzc 
     $F45C:F0 13     BEQ $F471                                                      A:85 X:03 Y:03 S:FA P:NvUBdIzc 
     $F45E:C0 07     CPY #$07                                                       A:85 X:03 Y:03 S:FA P:NvUBdIzc 
     $F460:F0 0F     BEQ $F471                                                      A:85 X:03 Y:03 S:FA P:NvUBdIzc 
     $F462:C0 08     CPY #$08                                                       A:85 X:03 Y:03 S:FA P:NvUBdIzc 
     $F464:F0 0B     BEQ $F471                                                      A:85 X:03 Y:03 S:FA P:NvUBdIzc 
     $F466:C0 09     CPY #$09                                                       A:85 X:03 Y:03 S:FA P:NvUBdIzc 
     $F468:F0 07     BEQ $F471                                                      A:85 X:03 Y:03 S:FA P:NvUBdIzc 
     $F46A:C0 04     CPY #$04                                                       A:85 X:03 Y:03 S:FA P:NvUBdIzc 
     $F46C:F0 03     BEQ $F471                                                      A:85 X:03 Y:03 S:FA P:NvUBdIzc 
     $F46E:4C 0C F5  JMP $F50C                                                      A:85 X:03 Y:03 S:FA P:NvUBdIzc 
     $F50C:A4 B2     LDY $00B2 = #$14                                               A:85 X:03 Y:03 S:FA P:NvUBdIzc 
     $F50E:D0 09     BNE $F519                                                      A:85 X:03 Y:14 S:FA P:nvUBdIzc 
     $F519:A2 01     LDX #$01                                                       A:85 X:03 Y:14 S:FA P:nvUBdIzc 
     $F51B:C9 80     CMP #$80                                                       A:85 X:01 Y:14 S:FA P:nvUBdIzc 
     $F51D:B0 03     BCS $F522                                                      A:85 X:01 Y:14 S:FA P:nvUBdIzC 
     $F522:A0 00     LDY #$00                                                       A:85 X:01 Y:14 S:FA P:nvUBdIzC 
     $F524:18        CLC                                                            A:85 X:01 Y:00 S:FA P:nvUBdIZC 
     $F525:8A        TXA                                                            A:85 X:01 Y:00 S:FA P:nvUBdIZc 
     $F526:65 87     ADC $0087 = #$CA                                               A:01 X:01 Y:00 S:FA P:nvUBdIzc 
     $F528:85 87     STA $0087 = #$CA                                               A:CB X:01 Y:00 S:FA P:NvUBdIzc 
     $F52A:98        TYA                                                            A:CB X:01 Y:00 S:FA P:NvUBdIzc 
     $F52B:65 88     ADC $0088 = #$05                                               A:00 X:01 Y:00 S:FA P:nvUBdIZc 
     $F52D:85 88     STA $0088 = #$05                                               A:05 X:01 Y:00 S:FA P:nvUBdIzc 
     $F52F:C9 FF     CMP #$FF                                                       A:05 X:01 Y:00 S:FA P:nvUBdIzc 
     $F531:D0 09     BNE $F53C                                                      A:05 X:01 Y:00 S:FA P:nvUBdIzc 
     $F53C:A4 10     LDY $0010 = #$03                                               A:05 X:01 Y:00 S:FA P:nvUBdIzc 
     $F53E:D9 C6 F5  CMP $F5C6,Y @ $F5C9 = #$FC                                     A:05 X:01 Y:03 S:FA P:nvUBdIzc 
     $F541:90 F6     BCC $F539                                                      A:05 X:01 Y:03 S:FA P:nvUBdIzc 
     $F539:4C D3 F5  JMP $F5D3                                                      A:05 X:01 Y:03 S:FA P:nvUBdIzc 
     $F5D3:A5 10     LDA $0010 = #$03                                               A:05 X:01 Y:03 S:FA P:nvUBdIzc 
     $F5D5:C9 02     CMP #$02                                                       A:03 X:01 Y:03 S:FA P:nvUBdIzc 
     $F5D7:F0 22     BEQ $F5FB                                                      A:03 X:01 Y:03 S:FA P:nvUBdIzC 
     $F5D9:C9 05     CMP #$05                                                       A:03 X:01 Y:03 S:FA P:nvUBdIzC 
     $F5DB:F0 1E     BEQ $F5FB                                                      A:03 X:01 Y:03 S:FA P:NvUBdIzc 
     $F5DD:C9 07     CMP #$07                                                       A:03 X:01 Y:03 S:FA P:NvUBdIzc 
     $F5DF:F0 1A     BEQ $F5FB                                                      A:03 X:01 Y:03 S:FA P:NvUBdIzc 
     $F5E1:C9 09     CMP #$09                                                       A:03 X:01 Y:03 S:FA P:NvUBdIzc 
     $F5E3:F0 16     BEQ $F5FB                                                      A:03 X:01 Y:03 S:FA P:NvUBdIzc 
     $F5E5:C9 04     CMP #$04                                                       A:03 X:01 Y:03 S:FA P:NvUBdIzc 
     $F5E7:F0 12     BEQ $F5FB                                                      A:03 X:01 Y:03 S:FA P:NvUBdIzc 
     $F5E9:C9 0A     CMP #$0A                                                       A:03 X:01 Y:03 S:FA P:NvUBdIzc 
     $F5EB:F0 0E     BEQ $F5FB                                                      A:03 X:01 Y:03 S:FA P:NvUBdIzc 
     $F5ED:C9 0B     CMP #$0B                                                       A:03 X:01 Y:03 S:FA P:NvUBdIzc 
     $F5EF:F0 0A     BEQ $F5FB                                                      A:03 X:01 Y:03 S:FA P:NvUBdIzc 
     $F5F1:C9 08     CMP #$08                                                       A:03 X:01 Y:03 S:FA P:NvUBdIzc 
     $F5F3:F0 06     BEQ $F5FB                                                      A:03 X:01 Y:03 S:FA P:NvUBdIzc 
     $F5F5:20 6F F7  JSR $F76F                                                      A:03 X:01 Y:03 S:FA P:NvUBdIzc 
       $F76F:A4 B0     LDY $00B0 = #$00                                               A:03 X:01 Y:03 S:F8 P:NvUBdIzc 
       $F771:A5 10     LDA $0010 = #$03                                               A:03 X:01 Y:00 S:F8 P:nvUBdIZc 
       $F773:C9 0C     CMP #$0C                                                       A:03 X:01 Y:00 S:F8 P:nvUBdIzc 
       $F775:F0 F0     BEQ $F767                                                      A:03 X:01 Y:00 S:F8 P:NvUBdIzc 
       $F777:C9 02     CMP #$02                                                       A:03 X:01 Y:00 S:F8 P:NvUBdIzc 
       $F779:B0 17     BCS $F792                                                      A:03 X:01 Y:00 S:F8 P:nvUBdIzC 
       $F792:60        RTS (from $F76F) ----------------------------------------------A:03 X:01 Y:00 S:F8 P:nvUBdIzC 
     $F5F8:20 A6 F7  JSR $F7A6                                                      A:03 X:01 Y:00 S:FA P:nvUBdIzC 
       $F7A6:A5 C8     LDA $00C8 = #$00                                               A:03 X:01 Y:00 S:F8 P:nvUBdIzC 
       $F7A8:F0 0C     BEQ $F7B6                                                      A:00 X:01 Y:00 S:F8 P:nvUBdIZC 
       $F7B6:A5 89     LDA $0089 = #$F0                                               A:00 X:01 Y:00 S:F8 P:nvUBdIZC 
       $F7B8:38        SEC                                                            A:F0 X:01 Y:00 S:F8 P:NvUBdIzC 
       $F7B9:E5 B1     SBC $00B1 = #$F0                                               A:F0 X:01 Y:00 S:F8 P:NvUBdIzC 
       $F7BB:F0 33     BEQ $F7F0                                                      A:00 X:01 Y:00 S:F8 P:nvUBdIZC 
       $F7F0:60        RTS (from $F7A6) ----------------------------------------------A:00 X:01 Y:00 S:F8 P:nvUBdIZC 
     $F5FB:60        RTS (from $8000) ----------------------------------------------A:00 X:01 Y:00 S:FA P:nvUBdIZC 
   $FFDF:A4 2D     LDY $002D = #$00                                               A:00 X:01 Y:00 S:FC P:nvUBdIZC 
   $FFE1:68        PLA                                                            A:00 X:01 Y:00 S:FC P:nvUBdIZC 
  $FFE2:85 13     STA $0013 = #$12                                               A:06 X:01 Y:00 S:FD P:nvUBdIzC 
  $FFE4:B9 B3 FF  LDA $FFB3,Y @ $FFB3 = #$00                                     A:06 X:01 Y:00 S:FD P:nvUBdIzC 
  $FFE7:99 B3 FF  STA $FFB3,Y @ $FFB3 = #$00                                     A:00 X:01 Y:00 S:FD P:nvUBdIZC 
  $FFEA:60        RTS (from $87A3) ----------------------------------------------A:00 X:01 Y:00 S:FD P:nvUBdIZC 
$842E:20 51 FE  JSR $FE51                                                      A:00 X:01 Y:00 S:FF P:nvUBdIZC 
  $FE51:A2 1E     LDX #$1E                                                       A:00 X:01 Y:00 S:FD P:nvUBdIZC 
  $FE53:A0 03     LDY #$03                                                       A:00 X:1E Y:00 S:FD P:nvUBdIzC 
  $FE55:4C CB FF  JMP $FFCB                                                      A:00 X:1E Y:03 S:FD P:nvUBdIzC 
  $FFCB:A9 00     LDA #$00                                                       A:00 X:1E Y:03 S:FD P:nvUBdIzC 
  $FFCD:09 00     ORA #$00                                                       A:00 X:1E Y:03 S:FD P:nvUBdIZC 
  $FFCF:85 2D     STA $002D = #$00                                               A:00 X:1E Y:03 S:FD P:nvUBdIZC 
  $FFD1:A5 13     LDA $0013 = #$06                                               A:00 X:1E Y:03 S:FD P:nvUBdIZC 
  $FFD3:48        PHA                                                            A:06 X:1E Y:03 S:FD P:nvUBdIzC 
   $FFD4:86 13     STX $0013 = #$06                                               A:06 X:1E Y:03 S:FC P:nvUBdIzC 
   $FFD6:B9 B3 FF  LDA $FFB3,Y @ $FFB6 = #$03                                     A:06 X:1E Y:03 S:FC P:nvUBdIzC 
   $FFD9:99 B3 FF  STA $FFB3,Y @ $FFB6 = #$03                                     A:03 X:1E Y:03 S:FC P:nvUBdIzC 
   $FFDC:20 00 80  JSR $8000                                                      A:03 X:1E Y:03 S:FC P:nvUBdIzC 
     $8000:6C 13 00  JMP ($0013) = $801E                                            A:03 X:1E Y:03 S:FA P:nvUBdIzC 
     $801E:4C C0 D2  JMP $D2C0                                                      A:03 X:1E Y:03 S:FA P:nvUBdIzC 
     $D2C0:A0 00     LDY #$00                                                       A:03 X:1E Y:03 S:FA P:nvUBdIzC 
     $D2C2:B1 B7     LDA ($B7),Y @ $EDE3 = #$18                                     A:03 X:1E Y:00 S:FA P:nvUBdIZC 
     $D2C4:C9 FF     CMP #$FF                                                       A:18 X:1E Y:00 S:FA P:nvUBdIzC 
     $D2C6:D0 0B     BNE $D2D3                                                      A:18 X:1E Y:00 S:FA P:nvUBdIzc 
     $D2D3:C9 FE     CMP #$FE                                                       A:18 X:1E Y:00 S:FA P:nvUBdIzc 
     $D2D5:F0 E8     BEQ $D2BF                                                      A:18 X:1E Y:00 S:FA P:nvUBdIzc 
     $D2D7:A0 02     LDY #$02                                                       A:18 X:1E Y:00 S:FA P:nvUBdIzc 
     $D2D9:A5 10     LDA $0010 = #$03                                               A:18 X:1E Y:02 S:FA P:nvUBdIzc 
     $D2DB:C9 0B     CMP #$0B                                                       A:03 X:1E Y:02 S:FA P:nvUBdIzc 
     $D2DD:F0 04     BEQ $D2E3                                                      A:03 X:1E Y:02 S:FA P:NvUBdIzc 
     $D2DF:C9 04     CMP #$04                                                       A:03 X:1E Y:02 S:FA P:NvUBdIzc 
     $D2E1:D0 1B     BNE $D2FE                                                      A:03 X:1E Y:02 S:FA P:NvUBdIzc 
     $D2FE:C9 07     CMP #$07                                                       A:03 X:1E Y:02 S:FA P:NvUBdIzc 
     $D300:F0 04     BEQ $D306                                                      A:03 X:1E Y:02 S:FA P:NvUBdIzc 
     $D302:C9 05     CMP #$05                                                       A:03 X:1E Y:02 S:FA P:NvUBdIzc 
     $D304:D0 0D     BNE $D313                                                      A:03 X:1E Y:02 S:FA P:NvUBdIzc 
     $D313:C9 09     CMP #$09                                                       A:03 X:1E Y:02 S:FA P:NvUBdIzc 
     $D315:F0 04     BEQ $D31B                                                      A:03 X:1E Y:02 S:FA P:NvUBdIzc 
     $D317:C9 02     CMP #$02                                                       A:03 X:1E Y:02 S:FA P:NvUBdIzc 
     $D319:D0 09     BNE $D324                                                      A:03 X:1E Y:02 S:FA P:nvUBdIzC 
     $D324:A6 88     LDX $0088 = #$05                                               A:03 X:1E Y:02 S:FA P:nvUBdIzC 
     $D326:A5 87     LDA $0087 = #$CB                                               A:03 X:05 Y:02 S:FA P:nvUBdIzC 
     $D328:38        SEC                                                            A:CB X:05 Y:02 S:FA P:NvUBdIzC 
     $D329:F1 B7     SBC ($B7),Y @ $EDE5 = #$D0                                     A:CB X:05 Y:02 S:FA P:NvUBdIzC 
     $D32B:88        DEY                                                            A:FB X:05 Y:02 S:FA P:NvUBdIzc 
     $D32C:8A        TXA                                                            A:FB X:05 Y:01 S:FA P:nvUBdIzc 
     $D32D:F1 B7     SBC ($B7),Y @ $EDE4 = #$05                                     A:05 X:05 Y:01 S:FA P:nvUBdIzc 
     $D32F:90 60     BCC $D391                                                      A:FF X:05 Y:01 S:FA P:NvUBdIzc 
     $D391:60        RTS (from $8000) ----------------------------------------------A:FF X:05 Y:01 S:FA P:NvUBdIzc 
   $FFDF:A4 2D     LDY $002D = #$00                                               A:FF X:05 Y:01 S:FC P:NvUBdIzc 
   $FFE1:68        PLA                                                            A:FF X:05 Y:00 S:FC P:nvUBdIZc 
  $FFE2:85 13     STA $0013 = #$1E                                               A:06 X:05 Y:00 S:FD P:nvUBdIzc 
  $FFE4:B9 B3 FF  LDA $FFB3,Y @ $FFB3 = #$00                                     A:06 X:05 Y:00 S:FD P:nvUBdIzc 
  $FFE7:99 B3 FF  STA $FFB3,Y @ $FFB3 = #$00                                     A:00 X:05 Y:00 S:FD P:nvUBdIZc 
  $FFEA:60        RTS (from $FE51) ----------------------------------------------A:00 X:05 Y:00 S:FD P:nvUBdIZc 
$8431:A9 00     LDA #$00                                                       A:00 X:05 Y:00 S:FF P:nvUBdIZc 
$8433:85 B6     STA $00B6 = #$00                                               A:00 X:05 Y:00 S:FF P:nvUBdIZc 
$8435:A5 10     LDA $0010 = #$03                                               A:00 X:05 Y:00 S:FF P:nvUBdIZc 
$8437:C9 08     CMP #$08                                                       A:03 X:05 Y:00 S:FF P:nvUBdIzc 
$8439:F0 19     BEQ $8454                                                      A:03 X:05 Y:00 S:FF P:NvUBdIzc 
$843B:A5 E3     LDA $00E3 = #$00                                               A:03 X:05 Y:00 S:FF P:NvUBdIzc 
$843D:D0 15     BNE $8454                                                      A:00 X:05 Y:00 S:FF P:nvUBdIZc 
$843F:A5 10     LDA $0010 = #$03                                               A:00 X:05 Y:00 S:FF P:nvUBdIZc 
$8441:C9 06     CMP #$06                                                       A:03 X:05 Y:00 S:FF P:nvUBdIzc 
$8443:D0 0C     BNE $8451                                                      A:03 X:05 Y:00 S:FF P:NvUBdIzc 
$8451:20 57 87  JSR $8757                                                      A:03 X:05 Y:00 S:FF P:NvUBdIzc 
  $8757:A2 03     LDX #$03                                                       A:03 X:05 Y:00 S:FD P:NvUBdIzc 
  $8759:A0 05     LDY #$05                                                       A:03 X:03 Y:00 S:FD P:nvUBdIzc 
  $875B:4C CB FF  JMP $FFCB                                                      A:03 X:03 Y:05 S:FD P:nvUBdIzc 
  $FFCB:A9 00     LDA #$00                                                       A:03 X:03 Y:05 S:FD P:nvUBdIzc 
  $FFCD:09 00     ORA #$00                                                       A:00 X:03 Y:05 S:FD P:nvUBdIZc 
  $FFCF:85 2D     STA $002D = #$00                                               A:00 X:03 Y:05 S:FD P:nvUBdIZc 
  $FFD1:A5 13     LDA $0013 = #$06                                               A:00 X:03 Y:05 S:FD P:nvUBdIZc 
  $FFD3:48        PHA                                                            A:06 X:03 Y:05 S:FD P:nvUBdIzc 
   $FFD4:86 13     STX $0013 = #$06                                               A:06 X:03 Y:05 S:FC P:nvUBdIzc 
   $FFD6:B9 B3 FF  LDA $FFB3,Y @ $FFB8 = #$05                                     A:06 X:03 Y:05 S:FC P:nvUBdIzc 
   $FFD9:99 B3 FF  STA $FFB3,Y @ $FFB8 = #$05                                     A:05 X:03 Y:05 S:FC P:nvUBdIzc 
   $FFDC:20 00 80  JSR $8000                                                      A:05 X:03 Y:05 S:FC P:nvUBdIzc 
     $8000:6C 13 00  JMP ($0013) = $8003                                            A:05 X:03 Y:05 S:FA P:nvUBdIzc 
     $8003:4C 6F 83  JMP $836F                                                      A:05 X:03 Y:05 S:FA P:nvUBdIzc 
     $836F:A9 00     LDA #$00                                                       A:05 X:03 Y:05 S:FA P:nvUBdIzc 
     $8371:85 B6     STA $00B6 = #$00                                               A:00 X:03 Y:05 S:FA P:nvUBdIZc 
     $8373:A5 87     LDA $0087 = #$CB                                               A:00 X:03 Y:05 S:FA P:nvUBdIZc 
     $8375:AA        TAX                                                            A:CB X:03 Y:05 S:FA P:NvUBdIzc 
     $8376:45 93     EOR $0093 = #$C8                                               A:CB X:CB Y:05 S:FA P:NvUBdIzc 
     $8378:29 F8     AND #$F8                                                       A:03 X:CB Y:05 S:FA P:nvUBdIzc 
     $837A:F0 0B     BEQ $8387                                                      A:00 X:CB Y:05 S:FA P:nvUBdIZc 
     $8387:A5 89     LDA $0089 = #$F0                                               A:00 X:CB Y:05 S:FA P:nvUBdIZc 
     $8389:AA        TAX                                                            A:F0 X:CB Y:05 S:FA P:NvUBdIzc 
     $838A:45 94     EOR $0094 = #$F0                                               A:F0 X:F0 Y:05 S:FA P:NvUBdIzc 
     $838C:29 F8     AND #$F8                                                       A:00 X:F0 Y:05 S:FA P:nvUBdIZc 
     $838E:F0 CD     BEQ $835D                                                      A:00 X:F0 Y:05 S:FA P:nvUBdIZc 
     $835D:A5 EF     LDA $00EF = #$00                                               A:00 X:F0 Y:05 S:FA P:nvUBdIZc 
     $835F:F0 0D     BEQ $836E                                                      A:00 X:F0 Y:05 S:FA P:nvUBdIZc 
     $836E:60        RTS (from $8000) ----------------------------------------------A:00 X:F0 Y:05 S:FA P:nvUBdIZc 
   $FFDF:A4 2D     LDY $002D = #$00                                               A:00 X:F0 Y:05 S:FC P:nvUBdIZc 
   $FFE1:68        PLA                                                            A:00 X:F0 Y:00 S:FC P:nvUBdIZc 
  $FFE2:85 13     STA $0013 = #$03                                               A:06 X:F0 Y:00 S:FD P:nvUBdIzc 
  $FFE4:B9 B3 FF  LDA $FFB3,Y @ $FFB3 = #$00                                     A:06 X:F0 Y:00 S:FD P:nvUBdIzc 
  $FFE7:99 B3 FF  STA $FFB3,Y @ $FFB3 = #$00                                     A:00 X:F0 Y:00 S:FD P:nvUBdIZc 
  $FFEA:60        RTS (from $8757) ----------------------------------------------A:00 X:F0 Y:00 S:FD P:nvUBdIZc 
$8454:A2 45     LDX #$45                                                       A:00 X:F0 Y:00 S:FF P:nvUBdIZc 
$8456:A0 03     LDY #$03                                                       A:00 X:45 Y:00 S:FF P:nvUBdIzc 
$8458:20 CB FF  JSR $FFCB                                                      A:00 X:45 Y:03 S:FF P:nvUBdIzc 
  $FFCB:A9 00     LDA #$00                                                       A:00 X:45 Y:03 S:FD P:nvUBdIzc 
  $FFCD:09 00     ORA #$00                                                       A:00 X:45 Y:03 S:FD P:nvUBdIZc 
  $FFCF:85 2D     STA $002D = #$00                                               A:00 X:45 Y:03 S:FD P:nvUBdIZc 
  $FFD1:A5 13     LDA $0013 = #$06                                               A:00 X:45 Y:03 S:FD P:nvUBdIZc 
  $FFD3:48        PHA                                                            A:06 X:45 Y:03 S:FD P:nvUBdIzc 
   $FFD4:86 13     STX $0013 = #$06                                               A:06 X:45 Y:03 S:FC P:nvUBdIzc 
   $FFD6:B9 B3 FF  LDA $FFB3,Y @ $FFB6 = #$03                                     A:06 X:45 Y:03 S:FC P:nvUBdIzc 
   $FFD9:99 B3 FF  STA $FFB3,Y @ $FFB6 = #$03                                     A:03 X:45 Y:03 S:FC P:nvUBdIzc 
   $FFDC:20 00 80  JSR $8000                                                      A:03 X:45 Y:03 S:FC P:nvUBdIzc 
     $8000:6C 13 00  JMP ($0013) = $8045                                            A:03 X:45 Y:03 S:FA P:nvUBdIzc 
     $8045:4C 44 D1  JMP $D144                                                      A:03 X:45 Y:03 S:FA P:nvUBdIzc 
     $D144:A6 10     LDX $0010 = #$03                                               A:03 X:45 Y:03 S:FA P:nvUBdIzc 
     $D146:A5 F5     LDA $00F5 = #$00                                               A:03 X:03 Y:03 S:FA P:nvUBdIzc 
     $D148:F0 02     BEQ $D14C                                                      A:00 X:03 Y:03 S:FA P:nvUBdIZc 
     $D14C:18        CLC                                                            A:00 X:03 Y:03 S:FA P:nvUBdIZc 
     $D14D:7D 36 D1  ADC $D136,X @ $D139 = #$23                                     A:00 X:03 Y:03 S:FA P:nvUBdIZc 
     $D150:18        CLC                                                            A:23 X:03 Y:03 S:FA P:nvUBdIzc 
     $D151:65 83     ADC $0083 = #$40                                               A:23 X:03 Y:03 S:FA P:nvUBdIzc 
     $D153:B0 04     BCS $D159                                                      A:63 X:03 Y:03 S:FA P:nvUBdIzc 
     $D155:C9 F0     CMP #$F0                                                       A:63 X:03 Y:03 S:FA P:nvUBdIzc 
     $D157:90 02     BCC $D15B                                                      A:63 X:03 Y:03 S:FA P:nvUBdIzc 
     $D15B:85 84     STA $0084 = #$63                                               A:63 X:03 Y:03 S:FA P:nvUBdIzc 
     $D15D:A5 95     LDA $0095 = #$80                                               A:63 X:03 Y:03 S:FA P:nvUBdIzc 
     $D15F:C9 80     CMP #$80                                                       A:80 X:03 Y:03 S:FA P:NvUBdIzc 
     $D161:D0 14     BNE $D177                                                      A:80 X:03 Y:03 S:FA P:nvUBdIZC 
     $D163:A5 96     LDA $0096 = #$00                                               A:80 X:03 Y:03 S:FA P:nvUBdIZC 
     $D165:F0 02     BEQ $D169                                                      A:00 X:03 Y:03 S:FA P:nvUBdIZC 
     $D169:E5 84     SBC $0084 = #$63                                               A:00 X:03 Y:03 S:FA P:nvUBdIZC 
     $D16B:C9 D0     CMP #$D0                                                       A:9D X:03 Y:03 S:FA P:NvUBdIzc 
     $D16D:90 08     BCC $D177                                                      A:9D X:03 Y:03 S:FA P:NvUBdIzc 
     $D177:A5 95     LDA $0095 = #$80                                               A:9D X:03 Y:03 S:FA P:NvUBdIzc 
     $D179:C9 83     CMP #$83                                                       A:80 X:03 Y:03 S:FA P:NvUBdIzc 
     $D17B:F0 04     BEQ $D181                                                      A:80 X:03 Y:03 S:FA P:NvUBdIzc 
     $D17D:C9 82     CMP #$82                                                       A:80 X:03 Y:03 S:FA P:NvUBdIzc 
     $D17F:D0 62     BNE $D1E3                                                      A:80 X:03 Y:03 S:FA P:NvUBdIzc 
     $D1E3:49 88     EOR #$88                                                       A:80 X:03 Y:03 S:FA P:NvUBdIzc 
     $D1E5:D0 14     BNE $D1FB                                                      A:08 X:03 Y:03 S:FA P:nvUBdIzc 
     $D1FB:60        RTS (from $8000) ----------------------------------------------A:08 X:03 Y:03 S:FA P:nvUBdIzc 
   $FFDF:A4 2D     LDY $002D = #$00                                               A:08 X:03 Y:03 S:FC P:nvUBdIzc 
   $FFE1:68        PLA                                                            A:08 X:03 Y:00 S:FC P:nvUBdIZc 
  $FFE2:85 13     STA $0013 = #$45                                               A:06 X:03 Y:00 S:FD P:nvUBdIzc 
  $FFE4:B9 B3 FF  LDA $FFB3,Y @ $FFB3 = #$00                                     A:06 X:03 Y:00 S:FD P:nvUBdIzc 
  $FFE7:99 B3 FF  STA $FFB3,Y @ $FFB3 = #$00                                     A:00 X:03 Y:00 S:FD P:nvUBdIZc 
  $FFEA:60        RTS (from $FFCB) ----------------------------------------------A:00 X:03 Y:00 S:FD P:nvUBdIZc 
$845B:20 C2 87  JSR $87C2                                                      A:00 X:03 Y:00 S:FF P:nvUBdIZc 
  $87C2:A2 00     LDX #$00                                                       A:00 X:03 Y:00 S:FD P:nvUBdIZc 
  $87C4:86 82     STX $0082 = #$0E                                               A:00 X:00 Y:00 S:FD P:nvUBdIZc 
  $87C6:BD C1 03  LDA $03C1,X @ $03C1 = #$01                                     A:00 X:00 Y:00 S:FD P:nvUBdIZc 
  $87C9:D0 08     BNE $87D3                                                      A:01 X:00 Y:00 S:FD P:nvUBdIzc 
  $87D3:0A        ASL                                                            A:01 X:00 Y:00 S:FD P:nvUBdIzc 
  $87D4:A8        TAY                                                            A:02 X:00 Y:00 S:FD P:nvUBdIzc 
  $87D5:B9 8A 9B  LDA $9B8A,Y @ $9B8C = #$D8                                     A:02 X:00 Y:02 S:FD P:nvUBdIzc 
  $87D8:85 19     STA $0019 = #$54                                               A:D8 X:00 Y:02 S:FD P:NvUBdIzc 
  $87DA:B9 8B 9B  LDA $9B8B,Y @ $9B8D = #$9F                                     A:D8 X:00 Y:02 S:FD P:NvUBdIzc 
  $87DD:85 1A     STA $001A = #$CC                                               A:9F X:00 Y:02 S:FD P:NvUBdIzc 
  $87DF:BD 39 04  LDA $0439,X @ $0439 = #$50                                     A:9F X:00 Y:02 S:FD P:NvUBdIzc 
  $87E2:85 AD     STA $00AD = #$D6                                               A:50 X:00 Y:02 S:FD P:nvUBdIzc 
  $87E4:BD 2A 04  LDA $042A,X @ $042A = #$00                                     A:50 X:00 Y:02 S:FD P:nvUBdIzc 
  $87E7:85 AE     STA $00AE = #$FF                                               A:00 X:00 Y:02 S:FD P:nvUBdIZc 
  $87E9:BD A2 04  LDA $04A2,X @ $04A2 = #$08                                     A:00 X:00 Y:02 S:FD P:nvUBdIZc 
  $87EC:85 81     STA $0081 = #$08                                               A:08 X:00 Y:02 S:FD P:nvUBdIzc 
  $87EE:29 F7     AND #$F7                                                       A:08 X:00 Y:02 S:FD P:nvUBdIzc 
  $87F0:9D A2 04  STA $04A2,X @ $04A2 = #$08                                     A:00 X:00 Y:02 S:FD P:nvUBdIZc 
  $87F3:20 EC 88  JSR $88EC                                                      A:00 X:00 Y:02 S:FD P:nvUBdIZc 
    $88EC:6C 19 00  JMP ($0019) = $9FD8                                            A:00 X:00 Y:02 S:FB P:nvUBdIZc 
    $9FD8:BD B2 05  LDA $05B2,X @ $05B2 = #$00                                     A:00 X:00 Y:02 S:FB P:nvUBdIZc 
    $9FDB:D0 C5     BNE $9FA2                                                      A:00 X:00 Y:02 S:FB P:nvUBdIZc 
    $9FDD:B5 EC     LDA $EC,X @ $00EC = #$00                                       A:00 X:00 Y:02 S:FB P:nvUBdIZc 
    $9FDF:F0 02     BEQ $9FE3                                                      A:00 X:00 Y:02 S:FB P:nvUBdIZc 
    $9FE3:A4 10     LDY $0010 = #$03                                               A:00 X:00 Y:02 S:FB P:nvUBdIZc 
    $9FE5:B9 1B A0  LDA $A01B,Y @ $A01E = #$00                                     A:00 X:00 Y:03 S:FB P:nvUBdIzc 
    $9FE8:D0 03     BNE $9FED                                                      A:00 X:00 Y:03 S:FB P:nvUBdIZc 
    $9FEA:4C 92 A0  JMP $A092                                                      A:00 X:00 Y:03 S:FB P:nvUBdIZc 
    $A092:BD 29 05  LDA $0529,X @ $0529 = #$00                                     A:00 X:00 Y:03 S:FB P:nvUBdIZc 
    $A095:F0 03     BEQ $A09A                                                      A:00 X:00 Y:03 S:FB P:nvUBdIZc 
    $A09A:A9 FE     LDA #$FE                                                       A:00 X:00 Y:03 S:FB P:nvUBdIZc 
    $A09C:BC D0 05  LDY $05D0,X @ $05D0 = #$00                                     A:FE X:00 Y:03 S:FB P:NvUBdIzc 
    $A09F:30 14     BMI $A0B5                                                      A:FE X:00 Y:00 S:FB P:nvUBdIZc 
    $A0A1:A9 FC     LDA #$FC                                                       A:FE X:00 Y:00 S:FB P:nvUBdIZc 
    $A0A3:A4 10     LDY $0010 = #$03                                               A:FC X:00 Y:00 S:FB P:NvUBdIzc 
    $A0A5:C0 04     CPY #$04                                                       A:FC X:00 Y:03 S:FB P:nvUBdIzc 
    $A0A7:D0 0C     BNE $A0B5                                                      A:FC X:00 Y:03 S:FB P:NvUBdIzc 
    $A0B5:20 6A D0  JSR $D06A                                                      A:FC X:00 Y:03 S:FB P:NvUBdIzc 
      $D06A:85 15     STA $0015 = #$0F                                               A:FC X:00 Y:03 S:F9 P:NvUBdIzc 
      $D06C:BD 65 05  LDA $0565,X @ $0565 = #$A8                                     A:FC X:00 Y:03 S:F9 P:NvUBdIzc 
      $D06F:C9 FF     CMP #$FF                                                       A:A8 X:00 Y:03 S:F9 P:NvUBdIzc 
      $D071:F0 0A     BEQ $D07D                                                      A:A8 X:00 Y:03 S:F9 P:NvUBdIzc 
      $D073:65 15     ADC $0015 = #$FC                                               A:A8 X:00 Y:03 S:F9 P:NvUBdIzc 
      $D075:B0 02     BCS $D079                                                      A:A4 X:00 Y:03 S:F9 P:NvUBdIzC 
      $D079:9D 65 05  STA $0565,X @ $0565 = #$A8                                     A:A4 X:00 Y:03 S:F9 P:NvUBdIzC 
      $D07C:60        RTS (from $D06A) ----------------------------------------------A:A4 X:00 Y:03 S:F9 P:NvUBdIzC 
    $A0B8:A5 C8     LDA $00C8 = #$00                                               A:A4 X:00 Y:03 S:FB P:NvUBdIzC 
    $A0BA:F0 03     BEQ $A0BF                                                      A:00 X:00 Y:03 S:FB P:nvUBdIZC 
    $A0BF:A5 10     LDA $0010 = #$03                                               A:00 X:00 Y:03 S:FB P:nvUBdIZC 
    $A0C1:C9 03     CMP #$03                                                       A:03 X:00 Y:03 S:FB P:nvUBdIzC 
    $A0C3:D0 54     BNE $A119                                                      A:03 X:00 Y:03 S:FB P:nvUBdIZC 
    $A0C5:B5 E9     LDA $E9,X @ $00E9 = #$00                                       A:03 X:00 Y:03 S:FB P:nvUBdIZC 
    $A0C7:D0 50     BNE $A119                                                      A:00 X:00 Y:03 S:FB P:nvUBdIZC 
    $A0C9:BD A2 04  LDA $04A2,X @ $04A2 = #$00                                     A:00 X:00 Y:03 S:FB P:nvUBdIZC 
    $A0CC:10 4B     BPL $A119                                                      A:00 X:00 Y:03 S:FB P:nvUBdIZC 
    $A119:BD 83 05  LDA $0583,X @ $0583 = #$00                                     A:00 X:00 Y:03 S:FB P:nvUBdIZC 
    $A11C:F0 03     BEQ $A121                                                      A:00 X:00 Y:03 S:FB P:nvUBdIZC 
    $A121:BD 47 05  LDA $0547,X @ $0547 = #$00                                     A:00 X:00 Y:03 S:FB P:nvUBdIZC 
    $A124:D0 03     BNE $A129                                                      A:00 X:00 Y:03 S:FB P:nvUBdIZC 
    $A126:4C 6D A3  JMP $A36D                                                      A:00 X:00 Y:03 S:FB P:nvUBdIZC 
    $A36D:BD 74 05  LDA $0574,X @ $0574 = #$00                                     A:00 X:00 Y:03 S:FB P:nvUBdIZC 
    $A370:F0 F8     BEQ $A36A                                                      A:00 X:00 Y:03 S:FB P:nvUBdIZC 
    $A36A:4C 44 A4  JMP $A444                                                      A:00 X:00 Y:03 S:FB P:nvUBdIZC 
    $A444:B5 29     LDA $29,X @ $0029 = #$0F                                       A:00 X:00 Y:03 S:FB P:nvUBdIZC 
    $A446:29 40     AND #$40                                                       A:0F X:00 Y:03 S:FB P:nvUBdIzC 
    $A448:F0 2B     BEQ $A475                                                      A:00 X:00 Y:03 S:FB P:nvUBdIZC 
    $A475:4C F6 A4  JMP $A4F6                                                      A:00 X:00 Y:03 S:FB P:nvUBdIZC 
    $A4F6:4C AF A6  JMP $A6AF                                                      A:00 X:00 Y:03 S:FB P:nvUBdIZC 
    $A6AF:BD FC 04  LDA $04FC,X @ $04FC = #$16                                     A:00 X:00 Y:03 S:FB P:nvUBdIZC 
    $A6B2:F0 08     BEQ $A6BC                                                      A:16 X:00 Y:03 S:FB P:nvUBdIzC 
    $A6B4:A9 01     LDA #$01                                                       A:16 X:00 Y:03 S:FB P:nvUBdIzC 
    $A6B6:20 F6 DA  JSR $DAF6                                                      A:01 X:00 Y:03 S:FB P:nvUBdIzC 
      $DAF6:25 0B     AND $000B = #$6F                                               A:01 X:00 Y:03 S:F9 P:nvUBdIzC 
      $DAF8:D0 03     BNE $DAFD                                                      A:01 X:00 Y:03 S:F9 P:nvUBdIzC 
      $DAFD:BC FC 04  LDY $04FC,X @ $04FC = #$16                                     A:01 X:00 Y:03 S:F9 P:nvUBdIzC 
      $DB00:84 15     STY $0015 = #$FC                                               A:01 X:00 Y:16 S:F9 P:nvUBdIzC 
      $DB02:A0 FF     LDY #$FF                                                       A:01 X:00 Y:16 S:F9 P:nvUBdIzC 
      $DB04:A9 03     LDA #$03                                                       A:01 X:00 Y:FF S:F9 P:NvUBdIzC 
      $DB06:20 6E FF  JSR $FF6E                                                      A:03 X:00 Y:FF S:F9 P:nvUBdIzC 
        $FF6E:8D B6 FF  STA $FFB6 = #$03                                               A:03 X:00 Y:FF S:F7 P:nvUBdIzC 
        $FF71:20 7A E0  JSR $E07A                                                      A:03 X:00 Y:FF S:F7 P:nvUBdIzC 
          $E07A:C0 FF     CPY #$FF                                                       A:03 X:00 Y:FF S:F5 P:nvUBdIzC 
          $E07C:D0 0F     BNE $E08D                                                      A:03 X:00 Y:FF S:F5 P:nvUBdIZC 
          $E07E:A4 15     LDY $0015 = #$16                                               A:03 X:00 Y:FF S:F5 P:nvUBdIZC 
          $E080:B9 9E E0  LDA $E09E,Y @ $E0B4 = #$C8                                     A:03 X:00 Y:16 S:F5 P:nvUBdIzC 
          $E083:85 19     STA $0019 = #$D8                                               A:C8 X:00 Y:16 S:F5 P:NvUBdIzC 
          $E085:B9 9F E0  LDA $E09F,Y @ $E0B5 = #$E2                                     A:C8 X:00 Y:16 S:F5 P:NvUBdIzC 
          $E088:85 1A     STA $001A = #$9F                                               A:E2 X:00 Y:16 S:F5 P:NvUBdIzC 
          $E08A:BC 0B 05  LDY $050B,X @ $050B = #$0E                                     A:E2 X:00 Y:16 S:F5 P:NvUBdIzC 
          $E08D:B1 19     LDA ($19),Y @ $E2D6 = #$23                                     A:E2 X:00 Y:0E S:F5 P:nvUBdIzC 
          $E08F:85 78     STA $0078 = #$23                                               A:23 X:00 Y:0E S:F5 P:nvUBdIzC 
          $E091:C8        INY                                                            A:23 X:00 Y:0E S:F5 P:nvUBdIzC 
          $E092:B1 19     LDA ($19),Y @ $E2D7 = #$E2                                     A:23 X:00 Y:0F S:F5 P:nvUBdIzC 
          $E094:85 79     STA $0079 = #$E2                                               A:E2 X:00 Y:0F S:F5 P:NvUBdIzC 
          $E096:C8        INY                                                            A:E2 X:00 Y:0F S:F5 P:NvUBdIzC 
          $E097:B1 19     LDA ($19),Y @ $E2D8 = #$04                                     A:E2 X:00 Y:10 S:F5 P:nvUBdIzC 
          $E099:85 7A     STA $007A = #$04                                               A:04 X:00 Y:10 S:F5 P:nvUBdIzC 
          $E09B:88        DEY                                                            A:04 X:00 Y:10 S:F5 P:nvUBdIzC 
          $E09C:88        DEY                                                            A:04 X:00 Y:0F S:F5 P:nvUBdIzC 
          $E09D:A9 00     LDA #$00                                                       A:04 X:00 Y:0E S:F5 P:nvUBdIzC 
          $E09F:60        RTS (from $E07A) ----------------------------------------------A:00 X:00 Y:0E S:F5 P:nvUBdIZC 
        $FF74:8D B3 FF  STA $FFB3 = #$00                                               A:00 X:00 Y:0E S:F7 P:nvUBdIZC 
        $FF77:60        RTS (from $FF6E) ----------------------------------------------A:00 X:00 Y:0E S:F7 P:nvUBdIZC 
      $DB09:A5 78     LDA $0078 = #$23                                               A:00 X:00 Y:0E S:F9 P:nvUBdIZC 
      $DB0B:F0 D0     BEQ $DADD                                                      A:23 X:00 Y:0E S:F9 P:nvUBdIzC 
      $DB0D:C9 E0     CMP #$E0                                                       A:23 X:00 Y:0E S:F9 P:nvUBdIzC 
      $DB0F:90 18     BCC $DB29                                                      A:23 X:00 Y:0E S:F9 P:nvUBdIzc 
      $DB29:E0 02     CPX #$02                                                       A:23 X:00 Y:0E S:F9 P:nvUBdIzc 
      $DB2B:B0 05     BCS $DB32                                                      A:23 X:00 Y:0E S:F9 P:NvUBdIzc 
      $DB2D:9D B5 03  STA $03B5,X @ $03B5 = #$23                                     A:23 X:00 Y:0E S:F9 P:NvUBdIzc 
      $DB30:90 03     BCC $DB35                                                      A:23 X:00 Y:0E S:F9 P:NvUBdIzc 
      $DB35:98        TYA                                                            A:23 X:00 Y:0E S:F9 P:NvUBdIzc 
      $DB36:9D 0B 05  STA $050B,X @ $050B = #$0E                                     A:0E X:00 Y:0E S:F9 P:nvUBdIzc 
      $DB39:60        RTS (from $DAF6) ----------------------------------------------A:0E X:00 Y:0E S:F9 P:nvUBdIzc 
    $A6B9:4C 9B A8  JMP $A89B                                                      A:0E X:00 Y:0E S:FB P:nvUBdIzc 
    $A89B:20 A1 A8  JSR $A8A1                                                      A:0E X:00 Y:0E S:FB P:nvUBdIzc 
      $A8A1:A5 10     LDA $0010 = #$03                                               A:0E X:00 Y:0E S:F9 P:nvUBdIzc 
      $A8A3:C9 04     CMP #$04                                                       A:03 X:00 Y:0E S:F9 P:nvUBdIzc 
      $A8A5:D0 68     BNE $A90F                                                      A:03 X:00 Y:0E S:F9 P:NvUBdIzc 
      $A90F:4C 4C 8F  JMP $8F4C                                                      A:03 X:00 Y:0E S:F9 P:NvUBdIzc 
      $8F4C:BD 65 05  LDA $0565,X @ $0565 = #$A4                                     A:03 X:00 Y:0E S:F9 P:NvUBdIzc 
      $8F4F:29 F0     AND #$F0                                                       A:A4 X:00 Y:0E S:F9 P:NvUBdIzc 
      $8F51:F0 43     BEQ $8F96                                                      A:A0 X:00 Y:0E S:F9 P:NvUBdIzc 
      $8F53:85 15     STA $0015 = #$16                                               A:A0 X:00 Y:0E S:F9 P:NvUBdIzc 
      $8F55:BD 56 05  LDA $0556,X @ $0556 = #$00                                     A:A0 X:00 Y:0E S:F9 P:NvUBdIzc 
      $8F58:4A        LSR                                                            A:00 X:00 Y:0E S:F9 P:nvUBdIZc 
      $8F59:4A        LSR                                                            A:00 X:00 Y:0E S:F9 P:nvUBdIZc 
      $8F5A:29 0F     AND #$0F                                                       A:00 X:00 Y:0E S:F9 P:nvUBdIZc 
      $8F5C:85 17     STA $0017 = #$54                                               A:00 X:00 Y:0E S:F9 P:nvUBdIZc 
      $8F5E:F0 06     BEQ $8F66                                                      A:00 X:00 Y:0E S:F9 P:nvUBdIZc 
      $8F66:A8        TAY                                                            A:00 X:00 Y:0E S:F9 P:nvUBdIZc 
      $8F67:29 07     AND #$07                                                       A:00 X:00 Y:00 S:F9 P:nvUBdIZc 
      $8F69:85 21     STA $0021 = #$00                                               A:00 X:00 Y:00 S:F9 P:nvUBdIZc 
      $8F6B:98        TYA                                                            A:00 X:00 Y:00 S:F9 P:nvUBdIZc 
      $8F6C:29 F8     AND #$F8                                                       A:00 X:00 Y:00 S:F9 P:nvUBdIZc 
      $8F6E:85 22     STA $0022 = #$00                                               A:00 X:00 Y:00 S:F9 P:nvUBdIZc 
      $8F70:A5 17     LDA $0017 = #$00                                               A:00 X:00 Y:00 S:F9 P:nvUBdIZc 
      $8F72:49 0F     EOR #$0F                                                       A:00 X:00 Y:00 S:F9 P:nvUBdIZc 
      $8F74:05 15     ORA $0015 = #$A0                                               A:0F X:00 Y:00 S:F9 P:nvUBdIzc 
      $8F76:A8        TAY                                                            A:AF X:00 Y:00 S:F9 P:NvUBdIzc 
      $8F77:B9 3A 90  LDA $903A,Y @ $90E9 = #$AA                                     A:AF X:00 Y:AF S:F9 P:NvUBdIzc 
      $8F7A:A8        TAY                                                            A:AA X:00 Y:AF S:F9 P:NvUBdIzc 
      $8F7B:29 07     AND #$07                                                       A:AA X:00 Y:AA S:F9 P:NvUBdIzc 
      $8F7D:85 1B     STA $001B = #$00                                               A:02 X:00 Y:AA S:F9 P:nvUBdIzc 
      $8F7F:98        TYA                                                            A:02 X:00 Y:AA S:F9 P:nvUBdIzc 
      $8F80:29 F8     AND #$F8                                                       A:AA X:00 Y:AA S:F9 P:NvUBdIzc 
      $8F82:85 1C     STA $001C = #$A8                                               A:A8 X:00 Y:AA S:F9 P:NvUBdIzc 
      $8F84:BD 56 05  LDA $0556,X @ $0556 = #$00                                     A:A8 X:00 Y:AA S:F9 P:NvUBdIzc 
      $8F87:29 C0     AND #$C0                                                       A:00 X:00 Y:AA S:F9 P:nvUBdIZc 
      $8F89:F0 65     BEQ $8FF0                                                      A:00 X:00 Y:AA S:F9 P:nvUBdIZc 
      $8FF0:BD 48 04  LDA $0448,X @ $0448 = #$90                                     A:00 X:00 Y:AA S:F9 P:nvUBdIZc 
      $8FF3:18        CLC                                                            A:90 X:00 Y:AA S:F9 P:NvUBdIzc 
      $8FF4:65 1C     ADC $001C = #$A8                                               A:90 X:00 Y:AA S:F9 P:NvUBdIzc 
      $8FF6:9D 48 04  STA $0448,X @ $0448 = #$90                                     A:38 X:00 Y:AA S:F9 P:nVUBdIzC 
      $8FF9:BD FD 03  LDA $03FD,X @ $03FD = #$F4                                     A:38 X:00 Y:AA S:F9 P:nVUBdIzC 
      $8FFC:65 1B     ADC $001B = #$02                                               A:F4 X:00 Y:AA S:F9 P:NVUBdIzC 
      $8FFE:9D FD 03  STA $03FD,X @ $03FD = #$F4                                     A:F7 X:00 Y:AA S:F9 P:NvUBdIzc 
      $9001:90 03     BCC $9006                                                      A:F7 X:00 Y:AA S:F9 P:NvUBdIzc 
      $9006:BD 57 04  LDA $0457,X @ $0457 = #$50                                     A:F7 X:00 Y:AA S:F9 P:NvUBdIzc 
      $9009:38        SEC                                                            A:50 X:00 Y:AA S:F9 P:nvUBdIzc 
      $900A:E5 22     SBC $0022 = #$00                                               A:50 X:00 Y:AA S:F9 P:nvUBdIzC 
      $900C:9D 57 04  STA $0457,X @ $0457 = #$50                                     A:50 X:00 Y:AA S:F9 P:nvUBdIzC 
      $900F:BD 1B 04  LDA $041B,X @ $041B = #$E4                                     A:50 X:00 Y:AA S:F9 P:nvUBdIzC 
      $9012:E5 21     SBC $0021 = #$00                                               A:E4 X:00 Y:AA S:F9 P:NvUBdIzC 
      $9014:9D 1B 04  STA $041B,X @ $041B = #$E4                                     A:E4 X:00 Y:AA S:F9 P:NvUBdIzC 
      $9017:B0 03     BCS $901C                                                      A:E4 X:00 Y:AA S:F9 P:NvUBdIzC 
      $901C:60        RTS (from $A8A1) ----------------------------------------------A:E4 X:00 Y:AA S:F9 P:NvUBdIzC 
    $A89E:4C 15 A9  JMP $A915                                                      A:E4 X:00 Y:AA S:FB P:NvUBdIzC 
    $A915:A5 EB     LDA $00EB = #$00                                               A:E4 X:00 Y:AA S:FB P:NvUBdIzC 
    $A917:D0 09     BNE $A922                                                      A:00 X:00 Y:AA S:FB P:nvUBdIZC 
    $A919:A5 10     LDA $0010 = #$03                                               A:00 X:00 Y:AA S:FB P:nvUBdIZC 
    $A91B:C9 05     CMP #$05                                                       A:03 X:00 Y:AA S:FB P:nvUBdIzC 
    $A91D:F0 03     BEQ $A922                                                      A:03 X:00 Y:AA S:FB P:NvUBdIzc 
    $A91F:20 12 9E  JSR $9E12                                                      A:03 X:00 Y:AA S:FB P:NvUBdIzc 
      $9E12:BD FD 03  LDA $03FD,X @ $03FD = #$F7                                     A:03 X:00 Y:AA S:F9 P:NvUBdIzc 
      $9E15:38        SEC                                                            A:F7 X:00 Y:AA S:F9 P:NvUBdIzc 
      $9E16:E5 87     SBC $0087 = #$CB                                               A:F7 X:00 Y:AA S:F9 P:NvUBdIzC 
      $9E18:A8        TAY                                                            A:2C X:00 Y:AA S:F9 P:nvUBdIzC 
      $9E19:C0 1A     CPY #$1A                                                       A:2C X:00 Y:2C S:F9 P:nvUBdIzC 
      $9E1B:B0 09     BCS $9E26                                                      A:2C X:00 Y:2C S:F9 P:nvUBdIzC 
      $9E26:A9 16     LDA #$16                                                       A:2C X:00 Y:2C S:F9 P:nvUBdIzC 
      $9E28:C0 16     CPY #$16                                                       A:16 X:00 Y:2C S:F9 P:nvUBdIzC 
      $9E2A:90 06     BCC $9E32                                                      A:16 X:00 Y:2C S:F9 P:nvUBdIzC 
      $9E2C:C0 EF     CPY #$EF                                                       A:16 X:00 Y:2C S:F9 P:nvUBdIzC 
      $9E2E:90 1D     BCC $9E4D                                                      A:16 X:00 Y:2C S:F9 P:nvUBdIzc 
      $9E4D:60        RTS (from $9E12) ----------------------------------------------A:16 X:00 Y:2C S:F9 P:nvUBdIzc 
    $A922:A5 10     LDA $0010 = #$03                                               A:16 X:00 Y:2C S:FB P:nvUBdIzc 
    $A924:C9 02     CMP #$02                                                       A:03 X:00 Y:2C S:FB P:nvUBdIzc 
    $A926:F0 EA     BEQ $A912                                                      A:03 X:00 Y:2C S:FB P:nvUBdIzC 
    $A928:B5 2B     LDA $2B,X @ $002B = #$0F                                       A:03 X:00 Y:2C S:FB P:nvUBdIzC 
    $A92A:10 E6     BPL $A912                                                      A:0F X:00 Y:2C S:FB P:nvUBdIzC 
    $A912:4C CB A9  JMP $A9CB                                                      A:0F X:00 Y:2C S:FB P:nvUBdIzC 
    $A9CB:A5 C8     LDA $00C8 = #$00                                               A:0F X:00 Y:2C S:FB P:nvUBdIzC 
    $A9CD:D0 6E     BNE $AA3D                                                      A:00 X:00 Y:2C S:FB P:nvUBdIZC 
    $A9CF:BD 38 05  LDA $0538,X @ $0538 = #$00                                     A:00 X:00 Y:2C S:FB P:nvUBdIZC 
    $A9D2:29 40     AND #$40                                                       A:00 X:00 Y:2C S:FB P:nvUBdIZC 
    $A9D4:F0 36     BEQ $AA0C                                                      A:00 X:00 Y:2C S:FB P:nvUBdIZC 
    $AA0C:4C 0A AB  JMP $AB0A                                                      A:00 X:00 Y:2C S:FB P:nvUBdIZC 
    $AB0A:BD FC 04  LDA $04FC,X @ $04FC = #$16                                     A:00 X:00 Y:2C S:FB P:nvUBdIZC 
    $AB0D:F0 05     BEQ $AB14                                                      A:16 X:00 Y:2C S:FB P:nvUBdIzC 
    $AB0F:BD D0 05  LDA $05D0,X @ $05D0 = #$00                                     A:16 X:00 Y:2C S:FB P:nvUBdIzC 
    $AB12:30 0F     BMI $AB23                                                      A:00 X:00 Y:2C S:FB P:nvUBdIZC 
    $AB14:BD BB 03  LDA $03BB,X @ $03BB = #$00                                     A:00 X:00 Y:2C S:FB P:nvUBdIZC 
    $AB17:C9 C0     CMP #$C0                                                       A:00 X:00 Y:2C S:FB P:nvUBdIZC 
    $AB19:F0 05     BEQ $AB20                                                      A:00 X:00 Y:2C S:FB P:nvUBdIzc 
    $AB1B:35 29     AND $29,X @ $0029 = #$0F                                       A:00 X:00 Y:2C S:FB P:nvUBdIzc 
    $AB1D:9D BB 03  STA $03BB,X @ $03BB = #$00                                     A:00 X:00 Y:2C S:FB P:nvUBdIZc 
    $AB20:20 C1 8D  JSR $8DC1                                                      A:00 X:00 Y:2C S:FB P:nvUBdIZc 
      $8DC1:A4 10     LDY $0010 = #$03                                               A:00 X:00 Y:2C S:F9 P:nvUBdIZc 
      $8DC3:C0 02     CPY #$02                                                       A:00 X:00 Y:03 S:F9 P:nvUBdIzc 
      $8DC5:D0 7B     BNE $8E42                                                      A:00 X:00 Y:03 S:F9 P:nvUBdIzC 
      $8E42:BC FC 04  LDY $04FC,X @ $04FC = #$16                                     A:00 X:00 Y:03 S:F9 P:nvUBdIzC 
      $8E45:D0 03     BNE $8E4A                                                      A:00 X:00 Y:16 S:F9 P:nvUBdIzC 
      $8E4A:A9 B0     LDA #$B0                                                       A:00 X:00 Y:16 S:F9 P:nvUBdIzC 
      $8E4C:85 15     STA $0015 = #$A0                                               A:B0 X:00 Y:16 S:F9 P:NvUBdIzC 
      $8E4E:A9 D8     LDA #$D8                                                       A:B0 X:00 Y:16 S:F9 P:NvUBdIzC 
      $8E50:D0 08     BNE $8E5A                                                      A:D8 X:00 Y:16 S:F9 P:NvUBdIzC 
      $8E5A:A4 10     LDY $0010 = #$03                                               A:D8 X:00 Y:16 S:F9 P:NvUBdIzC 
      $8E5C:C0 06     CPY #$06                                                       A:D8 X:00 Y:03 S:F9 P:nvUBdIzC 
      $8E5E:F0 08     BEQ $8E68                                                      A:D8 X:00 Y:03 S:F9 P:NvUBdIzc 
      $8E60:C0 0C     CPY #$0C                                                       A:D8 X:00 Y:03 S:F9 P:NvUBdIzc 
      $8E62:F0 04     BEQ $8E68                                                      A:D8 X:00 Y:03 S:F9 P:NvUBdIzc 
      $8E64:C0 03     CPY #$03                                                       A:D8 X:00 Y:03 S:F9 P:NvUBdIzc 
      $8E66:D0 14     BNE $8E7C                                                      A:D8 X:00 Y:03 S:F9 P:nvUBdIZC 
      $8E68:BC 38 05  LDY $0538,X @ $0538 = #$00                                     A:D8 X:00 Y:03 S:F9 P:nvUBdIZC 
      $8E6B:30 0F     BMI $8E7C                                                      A:D8 X:00 Y:00 S:F9 P:nvUBdIZC 
      $8E6D:C0 40     CPY #$40                                                       A:D8 X:00 Y:00 S:F9 P:nvUBdIZC 
      $8E6F:90 0B     BCC $8E7C                                                      A:D8 X:00 Y:00 S:F9 P:NvUBdIzc 
      $8E7C:BC C1 03  LDY $03C1,X @ $03C1 = #$01                                     A:D8 X:00 Y:00 S:F9 P:NvUBdIzc 
      $8E7F:B9 09 9D  LDA $9D09,Y @ $9D0A = #$04                                     A:D8 X:00 Y:01 S:F9 P:nvUBdIzc 
      $8E82:29 0F     AND #$0F                                                       A:04 X:00 Y:01 S:F9 P:nvUBdIzc 
      $8E84:E0 02     CPX #$02                                                       A:04 X:00 Y:01 S:F9 P:nvUBdIzc 
      $8E86:B0 20     BCS $8EA8                                                      A:04 X:00 Y:01 S:F9 P:NvUBdIzc 
      $8E88:BC 74 05  LDY $0574,X @ $0574 = #$00                                     A:04 X:00 Y:01 S:F9 P:NvUBdIzc 
      $8E8B:30 1B     BMI $8EA8                                                      A:04 X:00 Y:00 S:F9 P:nvUBdIZc 
      $8E8D:BC 29 05  LDY $0529,X @ $0529 = #$00                                     A:04 X:00 Y:00 S:F9 P:nvUBdIZc 
      $8E90:30 16     BMI $8EA8                                                      A:04 X:00 Y:00 S:F9 P:nvUBdIZc 
      $8E92:BC D0 05  LDY $05D0,X @ $05D0 = #$00                                     A:04 X:00 Y:00 S:F9 P:nvUBdIZc 
      $8E95:F0 11     BEQ $8EA8                                                      A:04 X:00 Y:00 S:F9 P:nvUBdIZc 
      $8EA8:85 1F     STA $001F = #$52                                               A:04 X:00 Y:00 S:F9 P:nvUBdIZc 
      $8EAA:BD 75 04  LDA $0475,X @ $0475 = #$08                                     A:04 X:00 Y:00 S:F9 P:nvUBdIZc 
      $8EAD:85 AF     STA $00AF = #$01                                               A:08 X:00 Y:00 S:F9 P:nvUBdIzc 
      $8EAF:A5 15     LDA $0015 = #$B0                                               A:08 X:00 Y:00 S:F9 P:nvUBdIzc 
      $8EB1:C9 80     CMP #$80                                                       A:B0 X:00 Y:00 S:F9 P:NvUBdIzc 
      $8EB3:B0 15     BCS $8ECA                                                      A:B0 X:00 Y:00 S:F9 P:nvUBdIzC 
      $8ECA:7D CF 04  ADC $04CF,X @ $04CF = #$75                                     A:B0 X:00 Y:00 S:F9 P:nvUBdIzC 
      $8ECD:9D CF 04  STA $04CF,X @ $04CF = #$75                                     A:26 X:00 Y:00 S:F9 P:nvUBdIzC 
      $8ED0:B0 12     BCS $8EE4                                                      A:26 X:00 Y:00 S:F9 P:nvUBdIzC 
      $8EE4:18        CLC                                                            A:26 X:00 Y:00 S:F9 P:nvUBdIzC 
      $8EE5:7D 66 04  ADC $0466,X @ $0466 = #$27                                     A:26 X:00 Y:00 S:F9 P:nvUBdIzc 
      $8EE8:9D 66 04  STA $0466,X @ $0466 = #$27                                     A:4D X:00 Y:00 S:F9 P:nvUBdIzc 
      $8EEB:BD C0 04  LDA $04C0,X @ $04C0 = #$02                                     A:4D X:00 Y:00 S:F9 P:nvUBdIzc 
      $8EEE:85 15     STA $0015 = #$B0                                               A:02 X:00 Y:00 S:F9 P:nvUBdIzc 
      $8EF0:7D 39 04  ADC $0439,X @ $0439 = #$50                                     A:02 X:00 Y:00 S:F9 P:nvUBdIzc 
      $8EF3:9D 39 04  STA $0439,X @ $0439 = #$50                                     A:52 X:00 Y:00 S:F9 P:nvUBdIzc 
      $8EF6:08        PHP                                                            A:52 X:00 Y:00 S:F9 P:nvUBdIzc 
       $8EF7:A9 80     LDA #$80                                                       A:52 X:00 Y:00 S:F8 P:nvUBdIzc 
       $8EF9:C5 15     CMP $0015 = #$02                                               A:80 X:00 Y:00 S:F8 P:NvUBdIzc 
       $8EFB:A9 00     LDA #$00                                                       A:80 X:00 Y:00 S:F8 P:nvUBdIzC 
       $8EFD:E9 00     SBC #$00                                                       A:00 X:00 Y:00 S:F8 P:nvUBdIZC 
       $8EFF:28        PLP                                                            A:00 X:00 Y:00 S:F8 P:nvUBdIZC 
      $8F00:7D 2A 04  ADC $042A,X @ $042A = #$00                                     A:00 X:00 Y:00 S:F9 P:nvUBdIzc 
      $8F03:9D 2A 04  STA $042A,X @ $042A = #$00                                     A:00 X:00 Y:00 S:F9 P:nvUBdIZc 
      $8F06:10 41     BPL $8F49                                                      A:00 X:00 Y:00 S:F9 P:nvUBdIZc 
      $8F49:60        RTS (from $8DC1) ----------------------------------------------A:00 X:00 Y:00 S:F9 P:nvUBdIZc 
    $AB23:20 71 E4  JSR $E471                                                      A:00 X:00 Y:00 S:FB P:nvUBdIZc 
      $E471:A5 10     LDA $0010 = #$03                                               A:00 X:00 Y:00 S:F9 P:nvUBdIZc 
      $E473:C9 01     CMP #$01                                                       A:03 X:00 Y:00 S:F9 P:nvUBdIzc 
      $E475:D0 36     BNE $E4AD                                                      A:03 X:00 Y:00 S:F9 P:nvUBdIzC 
      $E4AD:A2 12     LDX #$12                                                       A:03 X:00 Y:00 S:F9 P:nvUBdIzC 
      $E4AF:A0 05     LDY #$05                                                       A:03 X:12 Y:00 S:F9 P:nvUBdIzC 
      $E4B1:4C CB FF  JMP $FFCB                                                      A:03 X:12 Y:05 S:F9 P:nvUBdIzC 
      $FFCB:A9 00     LDA #$00                                                       A:03 X:12 Y:05 S:F9 P:nvUBdIzC 
      $FFCD:09 00     ORA #$00                                                       A:00 X:12 Y:05 S:F9 P:nvUBdIZC 
      $FFCF:85 2D     STA $002D = #$00                                               A:00 X:12 Y:05 S:F9 P:nvUBdIZC 
      $FFD1:A5 13     LDA $0013 = #$06                                               A:00 X:12 Y:05 S:F9 P:nvUBdIZC 
      $FFD3:48        PHA                                                            A:06 X:12 Y:05 S:F9 P:nvUBdIzC 
       $FFD4:86 13     STX $0013 = #$06                                               A:06 X:12 Y:05 S:F8 P:nvUBdIzC 
       $FFD6:B9 B3 FF  LDA $FFB3,Y @ $FFB8 = #$05                                     A:06 X:12 Y:05 S:F8 P:nvUBdIzC 
       $FFD9:99 B3 FF  STA $FFB3,Y @ $FFB8 = #$05                                     A:05 X:12 Y:05 S:F8 P:nvUBdIzC 
       $FFDC:20 00 80  JSR $8000                                                      A:05 X:12 Y:05 S:F8 P:nvUBdIzC 
         $8000:6C 13 00  JMP ($0013) = $8012                                            A:05 X:12 Y:05 S:F6 P:nvUBdIzC 
         $8012:4C 39 BC  JMP $BC39                                                      A:05 X:12 Y:05 S:F6 P:nvUBdIzC 
         $BC39:A9 00     LDA #$00                                                       A:05 X:12 Y:05 S:F6 P:nvUBdIzC 
         $BC3B:85 D9     STA $00D9 = #$00                                               A:00 X:12 Y:05 S:F6 P:nvUBdIZC 
         $BC3D:85 DA     STA $00DA = #$00                                               A:00 X:12 Y:05 S:F6 P:nvUBdIZC 
         $BC3F:A6 82     LDX $0082 = #$00                                               A:00 X:12 Y:05 S:F6 P:nvUBdIZC 
         $BC41:E0 02     CPX #$02                                                       A:00 X:00 Y:05 S:F6 P:nvUBdIZC 
         $BC43:B0 0E     BCS $BC53                                                      A:00 X:00 Y:05 S:F6 P:NvUBdIzc 
         $BC45:BD CE 05  LDA $05CE,X @ $05CE = #$00                                     A:00 X:00 Y:05 S:F6 P:NvUBdIzc 
         $BC48:F0 09     BEQ $BC53                                                      A:00 X:00 Y:05 S:F6 P:nvUBdIZc 
         $BC53:A5 10     LDA $0010 = #$03                                               A:00 X:00 Y:05 S:F6 P:nvUBdIZc 
         $BC55:C9 03     CMP #$03                                                       A:03 X:00 Y:05 S:F6 P:nvUBdIzc 
         $BC57:F0 79     BEQ $BCD2                                                      A:03 X:00 Y:05 S:F6 P:nvUBdIZC 
         $BCD2:20 22 B4  JSR $B422                                                      A:03 X:00 Y:05 S:F6 P:nvUBdIZC 
           $B422:A9 C0     LDA #$C0                                                       A:03 X:00 Y:05 S:F4 P:nvUBdIZC 
           $B424:85 15     STA $0015 = #$02                                               A:C0 X:00 Y:05 S:F4 P:NvUBdIzC 
           $B426:BC EE 03  LDY $03EE,X @ $03EE = #$05                                     A:C0 X:00 Y:05 S:F4 P:NvUBdIzC 
           $B429:A5 10     LDA $0010 = #$03                                               A:C0 X:00 Y:05 S:F4 P:nvUBdIzC 
           $B42B:C9 0C     CMP #$0C                                                       A:03 X:00 Y:05 S:F4 P:nvUBdIzC 
           $B42D:F0 EA     BEQ $B419                                                      A:03 X:00 Y:05 S:F4 P:NvUBdIzc 
           $B42F:C9 03     CMP #$03                                                       A:03 X:00 Y:05 S:F4 P:NvUBdIzc 
           $B431:F0 08     BEQ $B43B                                                      A:03 X:00 Y:05 S:F4 P:nvUBdIZC 
           $B43B:BD 1B 04  LDA $041B,X @ $041B = #$E4                                     A:03 X:00 Y:05 S:F4 P:nvUBdIZC 
           $B43E:10 18     BPL $B458                                                      A:E4 X:00 Y:05 S:F4 P:NvUBdIzC 
           $B440:C5 15     CMP $0015 = #$C0                                               A:E4 X:00 Y:05 S:F4 P:NvUBdIzC 
           $B442:B0 05     BCS $B449                                                      A:E4 X:00 Y:05 S:F4 P:nvUBdIzC 
           $B449:38        SEC                                                            A:E4 X:00 Y:05 S:F4 P:nvUBdIzC 
           $B44A:E9 28     SBC #$28                                                       A:E4 X:00 Y:05 S:F4 P:nvUBdIzC 
           $B44C:C5 15     CMP $0015 = #$C0                                               A:BC X:00 Y:05 S:F4 P:NvUBdIzC 
           $B44E:90 08     BCC $B458                                                      A:BC X:00 Y:05 S:F4 P:NvUBdIzc 
           $B458:A5 10     LDA $0010 = #$03                                               A:BC X:00 Y:05 S:F4 P:NvUBdIzc 
           $B45A:C9 03     CMP #$03                                                       A:03 X:00 Y:05 S:F4 P:nvUBdIzc 
           $B45C:F0 06     BEQ $B464                                                      A:03 X:00 Y:05 S:F4 P:nvUBdIZC 
           $B464:B9 6B 81  LDA $816B,Y @ $8170 = #$02                                     A:03 X:00 Y:05 S:F4 P:nvUBdIZC 
           $B467:A8        TAY                                                            A:02 X:00 Y:05 S:F4 P:nvUBdIzC 
           $B468:A5 E3     LDA $00E3 = #$00                                               A:02 X:00 Y:02 S:F4 P:nvUBdIzC 
           $B46A:F0 02     BEQ $B46E                                                      A:00 X:00 Y:02 S:F4 P:nvUBdIZC 
           $B46E:84 15     STY $0015 = #$C0                                               A:00 X:00 Y:02 S:F4 P:nvUBdIZC 
           $B470:BD FD 03  LDA $03FD,X @ $03FD = #$F7                                     A:00 X:00 Y:02 S:F4 P:nvUBdIZC 
           $B473:29 E0     AND #$E0                                                       A:F7 X:00 Y:02 S:F4 P:NvUBdIzC 
           $B475:46 15     LSR $0015 = #$02                                               A:E0 X:00 Y:02 S:F4 P:NvUBdIzC 
           $B477:6A        ROR                                                            A:E0 X:00 Y:02 S:F4 P:nvUBdIzc 
           $B478:46 15     LSR $0015 = #$01                                               A:70 X:00 Y:02 S:F4 P:nvUBdIzc 
           $B47A:6A        ROR                                                            A:70 X:00 Y:02 S:F4 P:nvUBdIZC 
           $B47B:46 15     LSR $0015 = #$00                                               A:B8 X:00 Y:02 S:F4 P:NvUBdIzc 
           $B47D:6A        ROR                                                            A:B8 X:00 Y:02 S:F4 P:nvUBdIZc 
           $B47E:85 17     STA $0017 = #$00                                               A:5C X:00 Y:02 S:F4 P:nvUBdIzc 
           $B480:A9 02     LDA #$02                                                       A:5C X:00 Y:02 S:F4 P:nvUBdIzc 
           $B482:85 1B     STA $001B = #$02                                               A:02 X:00 Y:02 S:F4 P:nvUBdIzc 
           $B484:A0 00     LDY #$00                                                       A:02 X:00 Y:02 S:F4 P:nvUBdIzc 
           $B486:A5 10     LDA $0010 = #$03                                               A:02 X:00 Y:00 S:F4 P:nvUBdIZc 
           $B488:C9 03     CMP #$03                                                       A:03 X:00 Y:00 S:F4 P:nvUBdIzc 
           $B48A:F0 1D     BEQ $B4A9                                                      A:03 X:00 Y:00 S:F4 P:nvUBdIZC 
           $B4A9:84 1A     STY $001A = #$E2                                               A:03 X:00 Y:00 S:F4 P:nvUBdIZC 
           $B4AB:A4 10     LDY $0010 = #$03                                               A:03 X:00 Y:00 S:F4 P:nvUBdIZC 
           $B4AD:A5 17     LDA $0017 = #$5C                                               A:03 X:00 Y:03 S:F4 P:nvUBdIzC 
           $B4AF:18        CLC                                                            A:5C X:00 Y:03 S:F4 P:nvUBdIzC 
           $B4B0:79 E9 BD  ADC $BDE9,Y @ $BDEC = #$BD                                     A:5C X:00 Y:03 S:F4 P:nvUBdIzc 
           $B4B3:85 19     STA $0019 = #$C8                                               A:19 X:00 Y:03 S:F4 P:nvUBdIzC 
           $B4B5:A5 1A     LDA $001A = #$00                                               A:19 X:00 Y:03 S:F4 P:nvUBdIzC 
           $B4B7:79 F5 BD  ADC $BDF5,Y @ $BDF8 = #$BF                                     A:00 X:00 Y:03 S:F4 P:nvUBdIZC 
           $B4BA:85 1A     STA $001A = #$00                                               A:C0 X:00 Y:03 S:F4 P:NvUBdIzc 
           $B4BC:A0 00     LDY #$00                                                       A:C0 X:00 Y:03 S:F4 P:NvUBdIzc 
           $B4BE:60        RTS (from $B422) ----------------------------------------------A:C0 X:00 Y:00 S:F4 P:nvUBdIZc 
         $BCD5:84 1F     STY $001F = #$04                                               A:C0 X:00 Y:00 S:F6 P:nvUBdIZc 
         $BCD7:A5 10     LDA $0010 = #$03                                               A:C0 X:00 Y:00 S:F6 P:nvUBdIZc 
         $BCD9:C9 0C     CMP #$0C                                                       A:03 X:00 Y:00 S:F6 P:nvUBdIzc 
         $BCDB:D0 03     BNE $BCE0                                                      A:03 X:00 Y:00 S:F6 P:NvUBdIzc 
         $BCE0:B1 19     LDA ($19),Y @ $C019 = #$3A                                     A:03 X:00 Y:00 S:F6 P:NvUBdIzc 
         $BCE2:85 15     STA $0015 = #$00                                               A:3A X:00 Y:00 S:F6 P:nvUBdIzc 
         $BCE4:C8        INY                                                            A:3A X:00 Y:00 S:F6 P:nvUBdIzc 
         $BCE5:11 19     ORA ($19),Y @ $C01A = #$40                                     A:3A X:00 Y:01 S:F6 P:nvUBdIzc 
         $BCE7:F0 56     BEQ $BD3F                                                      A:7A X:00 Y:01 S:F6 P:nvUBdIzc 
         $BCE9:20 02 BE  JSR $BE02                                                      A:7A X:00 Y:01 S:F6 P:nvUBdIzc 
           $BE02:A9 00     LDA #$00                                                       A:7A X:00 Y:01 S:F4 P:nvUBdIzc 
           $BE04:06 15     ASL $0015 = #$3A                                               A:00 X:00 Y:01 S:F4 P:nvUBdIZc 
           $BE06:2A        ROL                                                            A:00 X:00 Y:01 S:F4 P:nvUBdIzc 
           $BE07:06 15     ASL $0015 = #$74                                               A:00 X:00 Y:01 S:F4 P:nvUBdIZc 
           $BE09:2A        ROL                                                            A:00 X:00 Y:01 S:F4 P:NvUBdIzc 
           $BE0A:85 16     STA $0016 = #$0F                                               A:00 X:00 Y:01 S:F4 P:nvUBdIZc 
           $BE0C:B1 19     LDA ($19),Y @ $C01A = #$40                                     A:00 X:00 Y:01 S:F4 P:nvUBdIZc 
           $BE0E:29 0F     AND #$0F                                                       A:40 X:00 Y:01 S:F4 P:nvUBdIzc 
           $BE10:F0 2A     BEQ $BE3C                                                      A:00 X:00 Y:01 S:F4 P:nvUBdIZc 
           $BE3C:60        RTS (from $BE02) ----------------------------------------------A:00 X:00 Y:01 S:F4 P:nvUBdIZc 
         $BCEC:BD 1B 04  LDA $041B,X @ $041B = #$E4                                     A:00 X:00 Y:01 S:F6 P:nvUBdIZc 
         $BCEF:38        SEC                                                            A:E4 X:00 Y:01 S:F6 P:NvUBdIzc 
         $BCF0:E5 15     SBC $0015 = #$E8                                               A:E4 X:00 Y:01 S:F6 P:NvUBdIzC 
         $BCF2:BD 0C 04  LDA $040C,X @ $040C = #$00                                     A:FC X:00 Y:01 S:F6 P:NvUBdIzc 
         $BCF5:E5 16     SBC $0016 = #$00                                               A:00 X:00 Y:01 S:F6 P:nvUBdIZc 
         $BCF7:B0 46     BCS $BD3F                                                      A:FF X:00 Y:01 S:F6 P:NvUBdIzc 
         $BCF9:A5 1F     LDA $001F = #$00                                               A:FF X:00 Y:01 S:F6 P:NvUBdIzc 
         $BCFB:85 20     STA $0020 = #$82                                               A:00 X:00 Y:01 S:F6 P:nvUBdIZc 
         $BCFD:A5 10     LDA $0010 = #$03                                               A:00 X:00 Y:01 S:F6 P:nvUBdIZc 
         $BCFF:C9 0C     CMP #$0C                                                       A:03 X:00 Y:01 S:F6 P:nvUBdIzc 
         $BD01:D0 13     BNE $BD16                                                      A:03 X:00 Y:01 S:F6 P:NvUBdIzc 
         $BD16:B1 19     LDA ($19),Y @ $C01A = #$40                                     A:03 X:00 Y:01 S:F6 P:NvUBdIzc 
         $BD18:29 F0     AND #$F0                                                       A:40 X:00 Y:01 S:F6 P:nvUBdIzc 
         $BD1A:85 1F     STA $001F = #$00                                               A:40 X:00 Y:01 S:F6 P:nvUBdIzc 
         $BD1C:E9 0A     SBC #$0A                                                       A:40 X:00 Y:01 S:F6 P:nvUBdIzc 
         $BD1E:FD 39 04  SBC $0439,X @ $0439 = #$52                                     A:35 X:00 Y:01 S:F6 P:nvUBdIzC 
         $BD21:90 0F     BCC $BD32                                                      A:E3 X:00 Y:01 S:F6 P:NvUBdIzc 
         $BD32:A5 15     LDA $0015 = #$E8                                               A:E3 X:00 Y:01 S:F6 P:NvUBdIzc 
         $BD34:85 17     STA $0017 = #$5C                                               A:E8 X:00 Y:01 S:F6 P:NvUBdIzc 
         $BD36:A5 16     LDA $0016 = #$00                                               A:E8 X:00 Y:01 S:F6 P:NvUBdIzc 
         $BD38:85 18     STA $0018 = #$23                                               A:00 X:00 Y:01 S:F6 P:nvUBdIZc 
         $BD3A:C8        INY                                                            A:00 X:00 Y:01 S:F6 P:nvUBdIZc 
         $BD3B:C6 1B     DEC $001B = #$02                                               A:00 X:00 Y:02 S:F6 P:nvUBdIzc 
         $BD3D:D0 A1     BNE $BCE0                                                      A:00 X:00 Y:02 S:F6 P:nvUBdIzc 
         $BCE0:B1 19     LDA ($19),Y @ $C01B = #$37                                     A:00 X:00 Y:02 S:F6 P:nvUBdIzc 
         $BCE2:85 15     STA $0015 = #$E8                                               A:37 X:00 Y:02 S:F6 P:nvUBdIzc 
         $BCE4:C8        INY                                                            A:37 X:00 Y:02 S:F6 P:nvUBdIzc 
         $BCE5:11 19     ORA ($19),Y @ $C01C = #$01                                     A:37 X:00 Y:03 S:F6 P:nvUBdIzc 
         $BCE7:F0 56     BEQ $BD3F                                                      A:37 X:00 Y:03 S:F6 P:nvUBdIzc 
         $BCE9:20 02 BE  JSR $BE02                                                      A:37 X:00 Y:03 S:F6 P:nvUBdIzc 
           $BE02:A9 00     LDA #$00                                                       A:37 X:00 Y:03 S:F4 P:nvUBdIzc 
           $BE04:06 15     ASL $0015 = #$37                                               A:00 X:00 Y:03 S:F4 P:nvUBdIZc 
           $BE06:2A        ROL                                                            A:00 X:00 Y:03 S:F4 P:nvUBdIzc 
           $BE07:06 15     ASL $0015 = #$6E                                               A:00 X:00 Y:03 S:F4 P:nvUBdIZc 
           $BE09:2A        ROL                                                            A:00 X:00 Y:03 S:F4 P:NvUBdIzc 
           $BE0A:85 16     STA $0016 = #$00                                               A:00 X:00 Y:03 S:F4 P:nvUBdIZc 
           $BE0C:B1 19     LDA ($19),Y @ $C01C = #$01                                     A:00 X:00 Y:03 S:F4 P:nvUBdIZc 
           $BE0E:29 0F     AND #$0F                                                       A:01 X:00 Y:03 S:F4 P:nvUBdIzc 
           $BE10:F0 2A     BEQ $BE3C                                                      A:01 X:00 Y:03 S:F4 P:nvUBdIzc 
           $BE12:C9 01     CMP #$01                                                       A:01 X:00 Y:03 S:F4 P:nvUBdIzc 
           $BE14:F0 0C     BEQ $BE22                                                      A:01 X:00 Y:03 S:F4 P:nvUBdIZC 
           $BE22:BD FD 03  LDA $03FD,X @ $03FD = #$F7                                     A:01 X:00 Y:03 S:F4 P:nvUBdIZC 
           $BE25:29 1F     AND #$1F                                                       A:F7 X:00 Y:03 S:F4 P:NvUBdIzC 
           $BE27:85 8B     STA $008B = #$00                                               A:17 X:00 Y:03 S:F4 P:nvUBdIzC 
           $BE29:A5 10     LDA $0010 = #$03                                               A:17 X:00 Y:03 S:F4 P:nvUBdIzC 
           $BE2B:C9 06     CMP #$06                                                       A:03 X:00 Y:03 S:F4 P:nvUBdIzC 
           $BE2D:D0 02     BNE $BE31                                                      A:03 X:00 Y:03 S:F4 P:NvUBdIzc 
           $BE31:A5 8B     LDA $008B = #$17                                               A:03 X:00 Y:03 S:F4 P:NvUBdIzc 
           $BE33:18        CLC                                                            A:17 X:00 Y:03 S:F4 P:nvUBdIzc 
           $BE34:65 15     ADC $0015 = #$DC                                               A:17 X:00 Y:03 S:F4 P:nvUBdIzc 
           $BE36:85 15     STA $0015 = #$DC                                               A:F3 X:00 Y:03 S:F4 P:NvUBdIzc 
           $BE38:90 02     BCC $BE3C                                                      A:F3 X:00 Y:03 S:F4 P:NvUBdIzc 
           $BE3C:60        RTS (from $BE02) ----------------------------------------------A:F3 X:00 Y:03 S:F4 P:NvUBdIzc 
         $BCEC:BD 1B 04  LDA $041B,X @ $041B = #$E4                                     A:F3 X:00 Y:03 S:F6 P:NvUBdIzc 
         $BCEF:38        SEC                                                            A:E4 X:00 Y:03 S:F6 P:NvUBdIzc 
         $BCF0:E5 15     SBC $0015 = #$F3                                               A:E4 X:00 Y:03 S:F6 P:NvUBdIzC 
         $BCF2:BD 0C 04  LDA $040C,X @ $040C = #$00                                     A:F1 X:00 Y:03 S:F6 P:NvUBdIzc 
         $BCF5:E5 16     SBC $0016 = #$00                                               A:00 X:00 Y:03 S:F6 P:nvUBdIZc 
         $BCF7:B0 46     BCS $BD3F                                                      A:FF X:00 Y:03 S:F6 P:NvUBdIzc 
         $BCF9:A5 1F     LDA $001F = #$40                                               A:FF X:00 Y:03 S:F6 P:NvUBdIzc 
         $BCFB:85 20     STA $0020 = #$00                                               A:40 X:00 Y:03 S:F6 P:nvUBdIzc 
         $BCFD:A5 10     LDA $0010 = #$03                                               A:40 X:00 Y:03 S:F6 P:nvUBdIzc 
         $BCFF:C9 0C     CMP #$0C                                                       A:03 X:00 Y:03 S:F6 P:nvUBdIzc 
         $BD01:D0 13     BNE $BD16                                                      A:03 X:00 Y:03 S:F6 P:NvUBdIzc 
         $BD16:B1 19     LDA ($19),Y @ $C01C = #$01                                     A:03 X:00 Y:03 S:F6 P:NvUBdIzc 
         $BD18:29 F0     AND #$F0                                                       A:01 X:00 Y:03 S:F6 P:nvUBdIzc 
         $BD1A:85 1F     STA $001F = #$40                                               A:00 X:00 Y:03 S:F6 P:nvUBdIZc 
         $BD1C:E9 0A     SBC #$0A                                                       A:00 X:00 Y:03 S:F6 P:nvUBdIZc 
         $BD1E:FD 39 04  SBC $0439,X @ $0439 = #$52                                     A:F5 X:00 Y:03 S:F6 P:NvUBdIzc 
         $BD21:90 0F     BCC $BD32                                                      A:A2 X:00 Y:03 S:F6 P:NvUBdIzC 
         $BD23:A5 10     LDA $0010 = #$03                                               A:A2 X:00 Y:03 S:F6 P:NvUBdIzC 
         $BD25:C9 03     CMP #$03                                                       A:03 X:00 Y:03 S:F6 P:nvUBdIzC 
         $BD27:F0 09     BEQ $BD32                                                      A:03 X:00 Y:03 S:F6 P:nvUBdIZC 
         $BD32:A5 15     LDA $0015 = #$F3                                               A:03 X:00 Y:03 S:F6 P:nvUBdIZC 
         $BD34:85 17     STA $0017 = #$E8                                               A:F3 X:00 Y:03 S:F6 P:NvUBdIzC 
         $BD36:A5 16     LDA $0016 = #$00                                               A:F3 X:00 Y:03 S:F6 P:NvUBdIzC 
         $BD38:85 18     STA $0018 = #$00                                               A:00 X:00 Y:03 S:F6 P:nvUBdIZC 
         $BD3A:C8        INY                                                            A:00 X:00 Y:03 S:F6 P:nvUBdIZC 
         $BD3B:C6 1B     DEC $001B = #$01                                               A:00 X:00 Y:04 S:F6 P:nvUBdIzC 
         $BD3D:D0 A1     BNE $BCE0                                                      A:00 X:00 Y:04 S:F6 P:nvUBdIZC 
         $BD3F:A5 1F     LDA $001F = #$00                                               A:00 X:00 Y:04 S:F6 P:nvUBdIZC 
         $BD41:85 DA     STA $00DA = #$00                                               A:00 X:00 Y:04 S:F6 P:nvUBdIZC 
         $BD43:F0 19     BEQ $BD5E                                                      A:00 X:00 Y:04 S:F6 P:nvUBdIZC 
         $BD5E:4C CC BD  JMP $BDCC                                                      A:00 X:00 Y:04 S:F6 P:nvUBdIZC 
         $BDCC:A9 08     LDA #$08                                                       A:00 X:00 Y:04 S:F6 P:nvUBdIZC 
         $BDCE:1D A2 04  ORA $04A2,X @ $04A2 = #$00                                     A:08 X:00 Y:04 S:F6 P:nvUBdIzC 
         $BDD1:9D A2 04  STA $04A2,X @ $04A2 = #$00                                     A:08 X:00 Y:04 S:F6 P:nvUBdIzC 
         $BDD4:A9 08     LDA #$08                                                       A:08 X:00 Y:04 S:F6 P:nvUBdIzC 
         $BDD6:D0 F0     BNE $BDC8                                                      A:08 X:00 Y:04 S:F6 P:nvUBdIzC 
         $BDC8:9D 75 04  STA $0475,X @ $0475 = #$08                                     A:08 X:00 Y:04 S:F6 P:nvUBdIzC 
         $BDCB:60        RTS (from $8000) ----------------------------------------------A:08 X:00 Y:04 S:F6 P:nvUBdIzC 
       $FFDF:A4 2D     LDY $002D = #$00                                               A:08 X:00 Y:04 S:F8 P:nvUBdIzC 
       $FFE1:68        PLA                                                            A:08 X:00 Y:00 S:F8 P:nvUBdIZC 
      $FFE2:85 13     STA $0013 = #$12                                               A:06 X:00 Y:00 S:F9 P:nvUBdIzC 
      $FFE4:B9 B3 FF  LDA $FFB3,Y @ $FFB3 = #$00                                     A:06 X:00 Y:00 S:F9 P:nvUBdIzC 
      $FFE7:99 B3 FF  STA $FFB3,Y @ $FFB3 = #$00                                     A:00 X:00 Y:00 S:F9 P:nvUBdIZC 
      $FFEA:60        RTS (from $E471) ----------------------------------------------A:00 X:00 Y:00 S:F9 P:nvUBdIZC 
    $AB26:A5 10     LDA $0010 = #$03                                               A:00 X:00 Y:00 S:FB P:nvUBdIZC 
    $AB28:C9 02     CMP #$02                                                       A:03 X:00 Y:00 S:FB P:nvUBdIzC 
    $AB2A:F0 03     BEQ $AB2F                                                      A:03 X:00 Y:00 S:FB P:nvUBdIzC 
    $AB2C:20 66 CF  JSR $CF66                                                      A:03 X:00 Y:00 S:FB P:nvUBdIzC 
      $CF66:BD 56 05  LDA $0556,X @ $0556 = #$00                                     A:03 X:00 Y:00 S:F9 P:nvUBdIzC 
      $CF69:29 7F     AND #$7F                                                       A:00 X:00 Y:00 S:F9 P:nvUBdIZC 
      $CF6B:38        SEC                                                            A:00 X:00 Y:00 S:F9 P:nvUBdIZC 
      $CF6C:E9 31     SBC #$31                                                       A:00 X:00 Y:00 S:F9 P:nvUBdIZC 
      $CF6E:C9 20     CMP #$20                                                       A:CF X:00 Y:00 S:F9 P:NvUBdIzc 
      $CF70:90 1D     BCC $CF8F                                                      A:CF X:00 Y:00 S:F9 P:NvUBdIzC 
      $CF72:BD A2 04  LDA $04A2,X @ $04A2 = #$08                                     A:CF X:00 Y:00 S:F9 P:NvUBdIzC 
      $CF75:29 BF     AND #$BF                                                       A:08 X:00 Y:00 S:F9 P:nvUBdIzC 
      $CF77:9D A2 04  STA $04A2,X @ $04A2 = #$08                                     A:08 X:00 Y:00 S:F9 P:nvUBdIzC 
      $CF7A:BD FC 04  LDA $04FC,X @ $04FC = #$16                                     A:08 X:00 Y:00 S:F9 P:nvUBdIzC 
      $CF7D:C9 2C     CMP #$2C                                                       A:16 X:00 Y:00 S:F9 P:nvUBdIzC 
      $CF7F:F0 0E     BEQ $CF8F                                                      A:16 X:00 Y:00 S:F9 P:NvUBdIzc 
      $CF81:BD 56 05  LDA $0556,X @ $0556 = #$00                                     A:16 X:00 Y:00 S:F9 P:NvUBdIzc 
      $CF84:69 2F     ADC #$2F                                                       A:00 X:00 Y:00 S:F9 P:nvUBdIZc 
      $CF86:4A        LSR                                                            A:2F X:00 Y:00 S:F9 P:nvUBdIzc 
      $CF87:29 40     AND #$40                                                       A:17 X:00 Y:00 S:F9 P:nvUBdIzC 
      $CF89:1D A2 04  ORA $04A2,X @ $04A2 = #$08                                     A:00 X:00 Y:00 S:F9 P:nvUBdIZC 
      $CF8C:9D A2 04  STA $04A2,X @ $04A2 = #$08                                     A:08 X:00 Y:00 S:F9 P:nvUBdIzC 
      $CF8F:60        RTS (from $CF66) ----------------------------------------------A:08 X:00 Y:00 S:F9 P:nvUBdIzC 
    $AB2F:BD FC 04  LDA $04FC,X @ $04FC = #$16                                     A:08 X:00 Y:00 S:FB P:nvUBdIzC 
    $AB32:05 C8     ORA $00C8 = #$00                                               A:16 X:00 Y:00 S:FB P:nvUBdIzC 
    $AB34:D0 6C     BNE $ABA2                                                      A:16 X:00 Y:00 S:FB P:nvUBdIzC 
    $ABA2:60        RTS (from $88EC) ----------------------------------------------A:16 X:00 Y:00 S:FB P:nvUBdIzC 
  $87F6:A6 82     LDX $0082 = #$00                                               A:16 X:00 Y:00 S:FD P:nvUBdIzC 
  $87F8:BD C1 03  LDA $03C1,X @ $03C1 = #$01                                     A:16 X:00 Y:00 S:FD P:nvUBdIZC 
  $87FB:F0 CE     BEQ $87CB                                                      A:01 X:00 Y:00 S:FD P:nvUBdIzC 
  $87FD:1E A2 04  ASL $04A2,X @ $04A2 = #$08                                     A:01 X:00 Y:00 S:FD P:nvUBdIzC 
  $8800:A5 10     LDA $0010 = #$03                                               A:01 X:00 Y:00 S:FD P:nvUBdIzc 
  $8802:C9 05     CMP #$05                                                       A:03 X:00 Y:00 S:FD P:nvUBdIzc 
  $8804:F0 03     BEQ $8809                                                      A:03 X:00 Y:00 S:FD P:NvUBdIzc 
  $8806:4C 4E 88  JMP $884E                                                      A:03 X:00 Y:00 S:FD P:NvUBdIzc 
  $884E:C9 08     CMP #$08                                                       A:03 X:00 Y:00 S:FD P:NvUBdIzc 
  $8850:D0 2B     BNE $887D                                                      A:03 X:00 Y:00 S:FD P:NvUBdIzc 
  $887D:BD FD 03  LDA $03FD,X @ $03FD = #$F7                                     A:03 X:00 Y:00 S:FD P:NvUBdIzc 
  $8880:38        SEC                                                            A:F7 X:00 Y:00 S:FD P:NvUBdIzc 
  $8881:E5 87     SBC $0087 = #$CB                                               A:F7 X:00 Y:00 S:FD P:NvUBdIzC 
  $8883:9D 84 04  STA $0484,X @ $0484 = #$2A                                     A:2C X:00 Y:00 S:FD P:nvUBdIzC 
  $8886:BD EE 03  LDA $03EE,X @ $03EE = #$05                                     A:2C X:00 Y:00 S:FD P:nvUBdIzC 
  $8889:E5 88     SBC $0088 = #$05                                               A:05 X:00 Y:00 S:FD P:nvUBdIzC 
  $888B:D0 52     BNE $88DF                                                      A:00 X:00 Y:00 S:FD P:nvUBdIZC 
  $888D:BD 1B 04  LDA $041B,X @ $041B = #$E4                                     A:00 X:00 Y:00 S:FD P:nvUBdIZC 
  $8890:38        SEC                                                            A:E4 X:00 Y:00 S:FD P:NvUBdIzC 
  $8891:FD 39 04  SBC $0439,X @ $0439 = #$52                                     A:E4 X:00 Y:00 S:FD P:NvUBdIzC 
  $8894:85 15     STA $0015 = #$F3                                               A:92 X:00 Y:00 S:FD P:NvUBdIzC 
  $8896:BD 0C 04  LDA $040C,X @ $040C = #$00                                     A:92 X:00 Y:00 S:FD P:NvUBdIzC 
  $8899:FD 2A 04  SBC $042A,X @ $042A = #$00                                     A:00 X:00 Y:00 S:FD P:nvUBdIZC 
  $889C:85 16     STA $0016 = #$00                                               A:00 X:00 Y:00 S:FD P:nvUBdIZC 
  $889E:A5 F5     LDA $00F5 = #$00                                               A:00 X:00 Y:00 S:FD P:nvUBdIZC 
  $88A0:F0 0B     BEQ $88AD                                                      A:00 X:00 Y:00 S:FD P:nvUBdIZC 
  $88AD:A5 15     LDA $0015 = #$92                                               A:00 X:00 Y:00 S:FD P:nvUBdIZC 
  $88AF:18        CLC                                                            A:92 X:00 Y:00 S:FD P:NvUBdIzC 
  $88B0:7D 75 04  ADC $0475,X @ $0475 = #$08                                     A:92 X:00 Y:00 S:FD P:NvUBdIzc 
  $88B3:90 02     BCC $88B7                                                      A:9A X:00 Y:00 S:FD P:NvUBdIzc 
  $88B7:38        SEC                                                            A:9A X:00 Y:00 S:FD P:NvUBdIzc 
  $88B8:E5 89     SBC $0089 = #$F0                                               A:9A X:00 Y:00 S:FD P:NvUBdIzC 
  $88BA:9D 93 04  STA $0493,X @ $0493 = #$AC                                     A:AA X:00 Y:00 S:FD P:NvUBdIzc 
  $88BD:A5 16     LDA $0016 = #$00                                               A:AA X:00 Y:00 S:FD P:NvUBdIzc 
  $88BF:E5 8A     SBC $008A = #$FF                                               A:00 X:00 Y:00 S:FD P:nvUBdIZc 
  $88C1:D0 03     BNE $88C6                                                      A:00 X:00 Y:00 S:FD P:nvUBdIZc 
  $88C3:18        CLC                                                            A:00 X:00 Y:00 S:FD P:nvUBdIZc 
  $88C4:90 1A     BCC $88E0                                                      A:00 X:00 Y:00 S:FD P:nvUBdIZc 
  $88E0:7E A2 04  ROR $04A2,X @ $04A2 = #$10                                     A:00 X:00 Y:00 S:FD P:nvUBdIZc 
  $88E3:E8        INX                                                            A:00 X:00 Y:00 S:FD P:nvUBdIzc 
  $88E4:E0 0F     CPX #$0F                                                       A:00 X:01 Y:00 S:FD P:nvUBdIzc 
  $88E6:F0 03     BEQ $88EB                                                      A:00 X:01 Y:00 S:FD P:NvUBdIzc 
  $88E8:4C C4 87  JMP $87C4                                                      A:00 X:01 Y:00 S:FD P:NvUBdIzc 
  $87C4:86 82     STX $0082 = #$00                                               A:00 X:01 Y:00 S:FD P:NvUBdIzc 
  $87C6:BD C1 03  LDA $03C1,X @ $03C2 = #$02                                     A:00 X:01 Y:00 S:FD P:NvUBdIzc 
  $87C9:D0 08     BNE $87D3                                                      A:02 X:01 Y:00 S:FD P:nvUBdIzc 
  $87D3:0A        ASL                                                            A:02 X:01 Y:00 S:FD P:nvUBdIzc 
  $87D4:A8        TAY                                                            A:04 X:01 Y:00 S:FD P:nvUBdIzc 
  $87D5:B9 8A 9B  LDA $9B8A,Y @ $9B8E = #$D8                                     A:04 X:01 Y:04 S:FD P:nvUBdIzc 
  $87D8:85 19     STA $0019 = #$19                                               A:D8 X:01 Y:04 S:FD P:NvUBdIzc 
  $87DA:B9 8B 9B  LDA $9B8B,Y @ $9B8F = #$9F                                     A:D8 X:01 Y:04 S:FD P:NvUBdIzc 
  $87DD:85 1A     STA $001A = #$C0                                               A:9F X:01 Y:04 S:FD P:NvUBdIzc 
  $87DF:BD 39 04  LDA $0439,X @ $043A = #$D2                                     A:9F X:01 Y:04 S:FD P:NvUBdIzc 
  $87E2:85 AD     STA $00AD = #$50                                               A:D2 X:01 Y:04 S:FD P:NvUBdIzc 
  $87E4:BD 2A 04  LDA $042A,X @ $042B = #$FF                                     A:D2 X:01 Y:04 S:FD P:NvUBdIzc 
  $87E7:85 AE     STA $00AE = #$00                                               A:FF X:01 Y:04 S:FD P:NvUBdIzc 
  $87E9:BD A2 04  LDA $04A2,X @ $04A3 = #$88                                     A:FF X:01 Y:04 S:FD P:NvUBdIzc 
  $87EC:85 81     STA $0081 = #$08                                               A:88 X:01 Y:04 S:FD P:NvUBdIzc 
  $87EE:29 F7     AND #$F7                                                       A:88 X:01 Y:04 S:FD P:NvUBdIzc 
  $87F0:9D A2 04  STA $04A2,X @ $04A3 = #$88                                     A:80 X:01 Y:04 S:FD P:NvUBdIzc 
  $87F3:20 EC 88  JSR $88EC                                                      A:80 X:01 Y:04 S:FD P:NvUBdIzc 
    $88EC:6C 19 00  JMP ($0019) = $9FD8                                            A:80 X:01 Y:04 S:FB P:NvUBdIzc 
    $9FD8:BD B2 05  LDA $05B2,X @ $05B3 = #$00                                     A:80 X:01 Y:04 S:FB P:NvUBdIzc 
    $9FDB:D0 C5     BNE $9FA2                                                      A:00 X:01 Y:04 S:FB P:nvUBdIZc 
    $9FDD:B5 EC     LDA $EC,X @ $00ED = #$00                                       A:00 X:01 Y:04 S:FB P:nvUBdIZc 
    $9FDF:F0 02     BEQ $9FE3                                                      A:00 X:01 Y:04 S:FB P:nvUBdIZc 
    $9FE3:A4 10     LDY $0010 = #$03                                               A:00 X:01 Y:04 S:FB P:nvUBdIZc 
    $9FE5:B9 1B A0  LDA $A01B,Y @ $A01E = #$00                                     A:00 X:01 Y:03 S:FB P:nvUBdIzc 
    $9FE8:D0 03     BNE $9FED                                                      A:00 X:01 Y:03 S:FB P:nvUBdIZc 
    $9FEA:4C 92 A0  JMP $A092                                                      A:00 X:01 Y:03 S:FB P:nvUBdIZc 
    $A092:BD 29 05  LDA $0529,X @ $052A = #$00                                     A:00 X:01 Y:03 S:FB P:nvUBdIZc 
    $A095:F0 03     BEQ $A09A                                                      A:00 X:01 Y:03 S:FB P:nvUBdIZc 
    $A09A:A9 FE     LDA #$FE                                                       A:00 X:01 Y:03 S:FB P:nvUBdIZc 
    $A09C:BC D0 05  LDY $05D0,X @ $05D1 = #$00                                     A:FE X:01 Y:03 S:FB P:NvUBdIzc 
    $A09F:30 14     BMI $A0B5                                                      A:FE X:01 Y:00 S:FB P:nvUBdIZc 
    $A0A1:A9 FC     LDA #$FC                                                       A:FE X:01 Y:00 S:FB P:nvUBdIZc 
    $A0A3:A4 10     LDY $0010 = #$03                                               A:FC X:01 Y:00 S:FB P:NvUBdIzc 
    $A0A5:C0 04     CPY #$04                                                       A:FC X:01 Y:03 S:FB P:nvUBdIzc 
    $A0A7:D0 0C     BNE $A0B5                                                      A:FC X:01 Y:03 S:FB P:NvUBdIzc 
    $A0B5:20 6A D0  JSR $D06A                                                      A:FC X:01 Y:03 S:FB P:NvUBdIzc 
      $D06A:85 15     STA $0015 = #$92                                               A:FC X:01 Y:03 S:F9 P:NvUBdIzc 
      $D06C:BD 65 05  LDA $0565,X @ $0566 = #$00                                     A:FC X:01 Y:03 S:F9 P:NvUBdIzc 
      $D06F:C9 FF     CMP #$FF                                                       A:00 X:01 Y:03 S:F9 P:nvUBdIZc 
      $D071:F0 0A     BEQ $D07D                                                      A:00 X:01 Y:03 S:F9 P:nvUBdIzc 
      $D073:65 15     ADC $0015 = #$FC                                               A:00 X:01 Y:03 S:F9 P:nvUBdIzc 
      $D075:B0 02     BCS $D079                                                      A:FC X:01 Y:03 S:F9 P:NvUBdIzc 
      $D077:A9 00     LDA #$00                                                       A:FC X:01 Y:03 S:F9 P:NvUBdIzc 
      $D079:9D 65 05  STA $0565,X @ $0566 = #$00                                     A:00 X:01 Y:03 S:F9 P:nvUBdIZc 
      $D07C:60        RTS (from $D06A) ----------------------------------------------A:00 X:01 Y:03 S:F9 P:nvUBdIZc 
    $A0B8:A5 C8     LDA $00C8 = #$00                                               A:00 X:01 Y:03 S:FB P:nvUBdIZc 
    $A0BA:F0 03     BEQ $A0BF                                                      A:00 X:01 Y:03 S:FB P:nvUBdIZc 
    $A0BF:A5 10     LDA $0010 = #$03                                               A:00 X:01 Y:03 S:FB P:nvUBdIZc 
    $A0C1:C9 03     CMP #$03                                                       A:03 X:01 Y:03 S:FB P:nvUBdIzc 
    $A0C3:D0 54     BNE $A119                                                      A:03 X:01 Y:03 S:FB P:nvUBdIZC 
    $A0C5:B5 E9     LDA $E9,X @ $00EA = #$00                                       A:03 X:01 Y:03 S:FB P:nvUBdIZC 
    $A0C7:D0 50     BNE $A119                                                      A:00 X:01 Y:03 S:FB P:nvUBdIZC 
    $A0C9:BD A2 04  LDA $04A2,X @ $04A3 = #$80                                     A:00 X:01 Y:03 S:FB P:nvUBdIZC 
    $A0CC:10 4B     BPL $A119                                                      A:80 X:01 Y:03 S:FB P:NvUBdIzC 
    $A0CE:A5 EB     LDA $00EB = #$00                                               A:80 X:01 Y:03 S:FB P:NvUBdIzC 
    $A0D0:D0 47     BNE $A119                                                      A:00 X:01 Y:03 S:FB P:nvUBdIZC 
    $A0D2:BD 2A 04  LDA $042A,X @ $042B = #$FF                                     A:00 X:01 Y:03 S:FB P:nvUBdIZC 
    $A0D5:30 09     BMI $A0E0                                                      A:FF X:01 Y:03 S:FB P:NvUBdIzC 
Breakpoint 4 Hit at $A0E0: $A0E0:EC--X- Condition:K==#0
    $A0E0:F6 E9     INC $E9,X @ $00EA = #$00                                       A:FF X:01 Y:03 S:FB P:NvUBdIzC 
    $A0E2:A9 02     LDA #$02                                                       A:FF X:01 Y:03 S:FB P:nvUBdIzC 
    $A0E4:85 15     STA $0015 = #$FC                                               A:02 X:01 Y:03 S:FB P:nvUBdIzC 
    $A0E6:20 58 FE  JSR $FE58                                                      A:02 X:01 Y:03 S:FB P:nvUBdIzC 
      $FE58:A2 02     LDX #$02                                                       A:02 X:01 Y:03 S:F9 P:nvUBdIzC 
      $FE5A:BD C1 03  LDA $03C1,X @ $03C3 = #$18                                     A:02 X:02 Y:03 S:F9 P:nvUBdIzC 
      $FE5D:F0 06     BEQ $FE65                                                      A:18 X:02 Y:03 S:F9 P:nvUBdIzC 
      $FE5F:E8        INX                                                            A:18 X:02 Y:03 S:F9 P:nvUBdIzC 
      $FE60:E0 0F     CPX #$0F                                                       A:18 X:03 Y:03 S:F9 P:nvUBdIzC 
      $FE62:D0 F6     BNE $FE5A                                                      A:18 X:03 Y:03 S:F9 P:NvUBdIzc 
      $FE5A:BD C1 03  LDA $03C1,X @ $03C4 = #$00                                     A:18 X:03 Y:03 S:F9 P:NvUBdIzc 
      $FE5D:F0 06     BEQ $FE65                                                      A:00 X:03 Y:03 S:F9 P:nvUBdIZc 
      $FE65:60        RTS (from $FE58) ----------------------------------------------A:00 X:03 Y:03 S:F9 P:nvUBdIZc 
    $A0E9:A4 82     LDY $0082 = #$01                                               A:00 X:03 Y:03 S:FB P:nvUBdIZc 
    $A0EB:20 6D B1  JSR $B16D                                                      A:00 X:03 Y:01 S:FB P:nvUBdIzc 
      $B16D:B9 2A 04  LDA $042A,Y @ $042B = #$FF                                     A:00 X:03 Y:01 S:F9 P:nvUBdIzc 
      $B170:9D 2A 04  STA $042A,X @ $042D = #$00                                     A:FF X:03 Y:01 S:F9 P:NvUBdIzc 
      $B173:B9 39 04  LDA $0439,Y @ $043A = #$D2                                     A:FF X:03 Y:01 S:F9 P:NvUBdIzc 
      $B176:9D 39 04  STA $0439,X @ $043C = #$00                                     A:D2 X:03 Y:01 S:F9 P:NvUBdIzc 
      $B179:B9 EE 03  LDA $03EE,Y @ $03EF = #$06                                     A:D2 X:03 Y:01 S:F9 P:NvUBdIzc 
      $B17C:9D EE 03  STA $03EE,X @ $03F1 = #$00                                     A:06 X:03 Y:01 S:F9 P:nvUBdIzc 
      $B17F:B9 FD 03  LDA $03FD,Y @ $03FE = #$4F                                     A:06 X:03 Y:01 S:F9 P:nvUBdIzc 
      $B182:9D FD 03  STA $03FD,X @ $0400 = #$00                                     A:4F X:03 Y:01 S:F9 P:nvUBdIzc 
      $B185:B9 0C 04  LDA $040C,Y @ $040D = #$00                                     A:4F X:03 Y:01 S:F9 P:nvUBdIzc 
      $B188:9D 0C 04  STA $040C,X @ $040F = #$00                                     A:00 X:03 Y:01 S:F9 P:nvUBdIZc 
      $B18B:B9 1B 04  LDA $041B,Y @ $041C = #$C4                                     A:00 X:03 Y:01 S:F9 P:nvUBdIZc 
      $B18E:9D 1B 04  STA $041B,X @ $041E = #$00                                     A:C4 X:03 Y:01 S:F9 P:NvUBdIzc 
      $B191:60        RTS (from $B16D) ----------------------------------------------A:C4 X:03 Y:01 S:F9 P:NvUBdIzc 
    $A0EE:A9 2C     LDA #$2C                                                       A:C4 X:03 Y:01 S:FB P:NvUBdIzc 
    $A0F0:9D C1 03  STA $03C1,X @ $03C4 = #$00                                     A:2C X:03 Y:01 S:FB P:nvUBdIzc 
    $A0F3:A9 59     LDA #$59                                                       A:2C X:03 Y:01 S:FB P:nvUBdIzc 
    $A0F5:9D D0 03  STA $03D0,X @ $03D3 = #$00                                     A:59 X:03 Y:01 S:FB P:nvUBdIzc 
    $A0F8:A9 30     LDA #$30                                                       A:59 X:03 Y:01 S:FB P:nvUBdIzc 
    $A0FA:05 15     ORA $0015 = #$02                                               A:30 X:03 Y:01 S:FB P:nvUBdIzc 
    $A0FC:9D DE 04  STA $04DE,X @ $04E1 = #$00                                     A:32 X:03 Y:01 S:FB P:nvUBdIzc 
    $A0FF:A4 15     LDY $0015 = #$02                                               A:32 X:03 Y:01 S:FB P:nvUBdIzc 
    $A101:B9 8E A1  LDA $A18E,Y @ $A190 = #$04                                     A:32 X:03 Y:02 S:FB P:nvUBdIzc 
    $A104:9D C0 04  STA $04C0,X @ $04C3 = #$00                                     A:04 X:03 Y:02 S:FB P:nvUBdIzc 
    $A107:B9 91 A1  LDA $A191,Y @ $A193 = #$00                                     A:04 X:03 Y:02 S:FB P:nvUBdIzc 
    $A10A:9D 56 05  STA $0556,X @ $0559 = #$00                                     A:00 X:03 Y:02 S:FB P:nvUBdIZc 
    $A10D:B9 94 A1  LDA $A194,Y @ $A196 = #$00                                     A:00 X:03 Y:02 S:FB P:nvUBdIZc 
    $A110:9D 65 05  STA $0565,X @ $0568 = #$00                                     A:00 X:03 Y:02 S:FB P:nvUBdIZc 
    $A113:C6 15     DEC $0015 = #$02                                               A:00 X:03 Y:02 S:FB P:nvUBdIZc 
    $A115:10 CF     BPL $A0E6                                                      A:00 X:03 Y:02 S:FB P:nvUBdIzc 
    $A0E6:20 58 FE  JSR $FE58                                                      A:00 X:03 Y:02 S:FB P:nvUBdIzc 
      $FE58:A2 02     LDX #$02                                                       A:00 X:03 Y:02 S:F9 P:nvUBdIzc 
      $FE5A:BD C1 03  LDA $03C1,X @ $03C3 = #$18                                     A:00 X:02 Y:02 S:F9 P:nvUBdIzc 
      $FE5D:F0 06     BEQ $FE65                                                      A:18 X:02 Y:02 S:F9 P:nvUBdIzc 
      $FE5F:E8        INX                                                            A:18 X:02 Y:02 S:F9 P:nvUBdIzc 
      $FE60:E0 0F     CPX #$0F                                                       A:18 X:03 Y:02 S:F9 P:nvUBdIzc 
      $FE62:D0 F6     BNE $FE5A                                                      A:18 X:03 Y:02 S:F9 P:NvUBdIzc 
      $FE5A:BD C1 03  LDA $03C1,X @ $03C4 = #$2C                                     A:18 X:03 Y:02 S:F9 P:NvUBdIzc 
      $FE5D:F0 06     BEQ $FE65                                                      A:2C X:03 Y:02 S:F9 P:nvUBdIzc 
      $FE5F:E8        INX                                                            A:2C X:03 Y:02 S:F9 P:nvUBdIzc 
      $FE60:E0 0F     CPX #$0F                                                       A:2C X:04 Y:02 S:F9 P:nvUBdIzc 
      $FE62:D0 F6     BNE $FE5A                                                      A:2C X:04 Y:02 S:F9 P:NvUBdIzc 
      $FE5A:BD C1 03  LDA $03C1,X @ $03C5 = #$00                                     A:2C X:04 Y:02 S:F9 P:NvUBdIzc 
      $FE5D:F0 06     BEQ $FE65                                                      A:00 X:04 Y:02 S:F9 P:nvUBdIZc 
      $FE65:60        RTS (from $FE58) ----------------------------------------------A:00 X:04 Y:02 S:F9 P:nvUBdIZc 
    $A0E9:A4 82     LDY $0082 = #$01                                               A:00 X:04 Y:02 S:FB P:nvUBdIZc 
    $A0EB:20 6D B1  JSR $B16D                                                      A:00 X:04 Y:01 S:FB P:nvUBdIzc 
      $B16D:B9 2A 04  LDA $042A,Y @ $042B = #$FF                                     A:00 X:04 Y:01 S:F9 P:nvUBdIzc 
      $B170:9D 2A 04  STA $042A,X @ $042E = #$00                                     A:FF X:04 Y:01 S:F9 P:NvUBdIzc 
      $B173:B9 39 04  LDA $0439,Y @ $043A = #$D2                                     A:FF X:04 Y:01 S:F9 P:NvUBdIzc 
      $B176:9D 39 04  STA $0439,X @ $043D = #$00                                     A:D2 X:04 Y:01 S:F9 P:NvUBdIzc 
      $B179:B9 EE 03  LDA $03EE,Y @ $03EF = #$06                                     A:D2 X:04 Y:01 S:F9 P:NvUBdIzc 
      $B17C:9D EE 03  STA $03EE,X @ $03F2 = #$00                                     A:06 X:04 Y:01 S:F9 P:nvUBdIzc 
      $B17F:B9 FD 03  LDA $03FD,Y @ $03FE = #$4F                                     A:06 X:04 Y:01 S:F9 P:nvUBdIzc 
      $B182:9D FD 03  STA $03FD,X @ $0401 = #$00                                     A:4F X:04 Y:01 S:F9 P:nvUBdIzc 
      $B185:B9 0C 04  LDA $040C,Y @ $040D = #$00                                     A:4F X:04 Y:01 S:F9 P:nvUBdIzc 
      $B188:9D 0C 04  STA $040C,X @ $0410 = #$00                                     A:00 X:04 Y:01 S:F9 P:nvUBdIZc 
      $B18B:B9 1B 04  LDA $041B,Y @ $041C = #$C4                                     A:00 X:04 Y:01 S:F9 P:nvUBdIZc 
      $B18E:9D 1B 04  STA $041B,X @ $041F = #$00                                     A:C4 X:04 Y:01 S:F9 P:NvUBdIzc 
      $B191:60        RTS (from $B16D) ----------------------------------------------A:C4 X:04 Y:01 S:F9 P:NvUBdIzc 
    $A0EE:A9 2C     LDA #$2C                                                       A:C4 X:04 Y:01 S:FB P:NvUBdIzc 
    $A0F0:9D C1 03  STA $03C1,X @ $03C5 = #$00                                     A:2C X:04 Y:01 S:FB P:nvUBdIzc 
    $A0F3:A9 59     LDA #$59                                                       A:2C X:04 Y:01 S:FB P:nvUBdIzc 
    $A0F5:9D D0 03  STA $03D0,X @ $03D4 = #$00                                     A:59 X:04 Y:01 S:FB P:nvUBdIzc 
    $A0F8:A9 30     LDA #$30                                                       A:59 X:04 Y:01 S:FB P:nvUBdIzc 
    $A0FA:05 15     ORA $0015 = #$01                                               A:30 X:04 Y:01 S:FB P:nvUBdIzc 
    $A0FC:9D DE 04  STA $04DE,X @ $04E2 = #$00                                     A:31 X:04 Y:01 S:FB P:nvUBdIzc 
    $A0FF:A4 15     LDY $0015 = #$01                                               A:31 X:04 Y:01 S:FB P:nvUBdIzc 
    $A101:B9 8E A1  LDA $A18E,Y @ $A18F = #$05                                     A:31 X:04 Y:01 S:FB P:nvUBdIzc 
    $A104:9D C0 04  STA $04C0,X @ $04C4 = #$00                                     A:05 X:04 Y:01 S:FB P:nvUBdIzc 
    $A107:B9 91 A1  LDA $A191,Y @ $A192 = #$80                                     A:05 X:04 Y:01 S:FB P:nvUBdIzc 
    $A10A:9D 56 05  STA $0556,X @ $055A = #$00                                     A:80 X:04 Y:01 S:FB P:NvUBdIzc 
    $A10D:B9 94 A1  LDA $A194,Y @ $A195 = #$40                                     A:80 X:04 Y:01 S:FB P:NvUBdIzc 
    $A110:9D 65 05  STA $0565,X @ $0569 = #$00                                     A:40 X:04 Y:01 S:FB P:nvUBdIzc 
    $A113:C6 15     DEC $0015 = #$01                                               A:40 X:04 Y:01 S:FB P:nvUBdIzc 
    $A115:10 CF     BPL $A0E6                                                      A:40 X:04 Y:01 S:FB P:nvUBdIZc 
    $A0E6:20 58 FE  JSR $FE58                                                      A:40 X:04 Y:01 S:FB P:nvUBdIZc 
      $FE58:A2 02     LDX #$02                                                       A:40 X:04 Y:01 S:F9 P:nvUBdIZc 
      $FE5A:BD C1 03  LDA $03C1,X @ $03C3 = #$18                                     A:40 X:02 Y:01 S:F9 P:nvUBdIzc 
      $FE5D:F0 06     BEQ $FE65                                                      A:18 X:02 Y:01 S:F9 P:nvUBdIzc 
      $FE5F:E8        INX                                                            A:18 X:02 Y:01 S:F9 P:nvUBdIzc 
      $FE60:E0 0F     CPX #$0F                                                       A:18 X:03 Y:01 S:F9 P:nvUBdIzc 
      $FE62:D0 F6     BNE $FE5A                                                      A:18 X:03 Y:01 S:F9 P:NvUBdIzc 
      $FE5A:BD C1 03  LDA $03C1,X @ $03C4 = #$2C                                     A:18 X:03 Y:01 S:F9 P:NvUBdIzc 
      $FE5D:F0 06     BEQ $FE65                                                      A:2C X:03 Y:01 S:F9 P:nvUBdIzc 
      $FE5F:E8        INX                                                            A:2C X:03 Y:01 S:F9 P:nvUBdIzc 
      $FE60:E0 0F     CPX #$0F                                                       A:2C X:04 Y:01 S:F9 P:nvUBdIzc 
      $FE62:D0 F6     BNE $FE5A                                                      A:2C X:04 Y:01 S:F9 P:NvUBdIzc 
      $FE5A:BD C1 03  LDA $03C1,X @ $03C5 = #$2C                                     A:2C X:04 Y:01 S:F9 P:NvUBdIzc 
      $FE5D:F0 06     BEQ $FE65                                                      A:2C X:04 Y:01 S:F9 P:nvUBdIzc 
      $FE5F:E8        INX                                                            A:2C X:04 Y:01 S:F9 P:nvUBdIzc 
      $FE60:E0 0F     CPX #$0F                                                       A:2C X:05 Y:01 S:F9 P:nvUBdIzc 
      $FE62:D0 F6     BNE $FE5A                                                      A:2C X:05 Y:01 S:F9 P:NvUBdIzc 
      $FE5A:BD C1 03  LDA $03C1,X @ $03C6 = #$00                                     A:2C X:05 Y:01 S:F9 P:NvUBdIzc 
      $FE5D:F0 06     BEQ $FE65                                                      A:00 X:05 Y:01 S:F9 P:nvUBdIZc 
      $FE65:60        RTS (from $FE58) ----------------------------------------------A:00 X:05 Y:01 S:F9 P:nvUBdIZc 
    $A0E9:A4 82     LDY $0082 = #$01                                               A:00 X:05 Y:01 S:FB P:nvUBdIZc 
    $A0EB:20 6D B1  JSR $B16D                                                      A:00 X:05 Y:01 S:FB P:nvUBdIzc 
      $B16D:B9 2A 04  LDA $042A,Y @ $042B = #$FF                                     A:00 X:05 Y:01 S:F9 P:nvUBdIzc 
      $B170:9D 2A 04  STA $042A,X @ $042F = #$00                                     A:FF X:05 Y:01 S:F9 P:NvUBdIzc 
      $B173:B9 39 04  LDA $0439,Y @ $043A = #$D2                                     A:FF X:05 Y:01 S:F9 P:NvUBdIzc 
      $B176:9D 39 04  STA $0439,X @ $043E = #$00                                     A:D2 X:05 Y:01 S:F9 P:NvUBdIzc 
      $B179:B9 EE 03  LDA $03EE,Y @ $03EF = #$06                                     A:D2 X:05 Y:01 S:F9 P:NvUBdIzc 
      $B17C:9D EE 03  STA $03EE,X @ $03F3 = #$00                                     A:06 X:05 Y:01 S:F9 P:nvUBdIzc 
      $B17F:B9 FD 03  LDA $03FD,Y @ $03FE = #$4F                                     A:06 X:05 Y:01 S:F9 P:nvUBdIzc 
      $B182:9D FD 03  STA $03FD,X @ $0402 = #$00                                     A:4F X:05 Y:01 S:F9 P:nvUBdIzc 
      $B185:B9 0C 04  LDA $040C,Y @ $040D = #$00                                     A:4F X:05 Y:01 S:F9 P:nvUBdIzc 
      $B188:9D 0C 04  STA $040C,X @ $0411 = #$00                                     A:00 X:05 Y:01 S:F9 P:nvUBdIZc 
      $B18B:B9 1B 04  LDA $041B,Y @ $041C = #$C4                                     A:00 X:05 Y:01 S:F9 P:nvUBdIZc 
      $B18E:9D 1B 04  STA $041B,X @ $0420 = #$00                                     A:C4 X:05 Y:01 S:F9 P:NvUBdIzc 
      $B191:60        RTS (from $B16D) ----------------------------------------------A:C4 X:05 Y:01 S:F9 P:NvUBdIzc 
    $A0EE:A9 2C     LDA #$2C                                                       A:C4 X:05 Y:01 S:FB P:NvUBdIzc 
    $A0F0:9D C1 03  STA $03C1,X @ $03C6 = #$00                                     A:2C X:05 Y:01 S:FB P:nvUBdIzc 
    $A0F3:A9 59     LDA #$59                                                       A:2C X:05 Y:01 S:FB P:nvUBdIzc 
    $A0F5:9D D0 03  STA $03D0,X @ $03D5 = #$00                                     A:59 X:05 Y:01 S:FB P:nvUBdIzc 
    $A0F8:A9 30     LDA #$30                                                       A:59 X:05 Y:01 S:FB P:nvUBdIzc 
    $A0FA:05 15     ORA $0015 = #$00                                               A:30 X:05 Y:01 S:FB P:nvUBdIzc 
    $A0FC:9D DE 04  STA $04DE,X @ $04E3 = #$00                                     A:30 X:05 Y:01 S:FB P:nvUBdIzc 
    $A0FF:A4 15     LDY $0015 = #$00                                               A:30 X:05 Y:01 S:FB P:nvUBdIzc 
    $A101:B9 8E A1  LDA $A18E,Y @ $A18E = #$05                                     A:30 X:05 Y:00 S:FB P:nvUBdIZc 
    $A104:9D C0 04  STA $04C0,X @ $04C5 = #$00                                     A:05 X:05 Y:00 S:FB P:nvUBdIzc 
    $A107:B9 91 A1  LDA $A191,Y @ $A191 = #$00                                     A:05 X:05 Y:00 S:FB P:nvUBdIzc 
    $A10A:9D 56 05  STA $0556,X @ $055B = #$00                                     A:00 X:05 Y:00 S:FB P:nvUBdIZc 
    $A10D:B9 94 A1  LDA $A194,Y @ $A194 = #$40                                     A:00 X:05 Y:00 S:FB P:nvUBdIZc 
    $A110:9D 65 05  STA $0565,X @ $056A = #$00                                     A:40 X:05 Y:00 S:FB P:nvUBdIzc 
    $A113:C6 15     DEC $0015 = #$00                                               A:40 X:05 Y:00 S:FB P:nvUBdIzc 
    $A115:10 CF     BPL $A0E6                                                      A:40 X:05 Y:00 S:FB P:NvUBdIzc 
    $A117:A6 82     LDX $0082 = #$01                                               A:40 X:05 Y:00 S:FB P:NvUBdIzc 
    $A119:BD 83 05  LDA $0583,X @ $0584 = #$00                                     A:40 X:01 Y:00 S:FB P:nvUBdIzc 
    $A11C:F0 03     BEQ $A121                                                      A:00 X:01 Y:00 S:FB P:nvUBdIZc 
    $A121:BD 47 05  LDA $0547,X @ $0548 = #$00                                     A:00 X:01 Y:00 S:FB P:nvUBdIZc 
    $A124:D0 03     BNE $A129                                                      A:00 X:01 Y:00 S:FB P:nvUBdIZc 
    $A126:4C 6D A3  JMP $A36D                                                      A:00 X:01 Y:00 S:FB P:nvUBdIZc 
    $A36D:BD 74 05  LDA $0574,X @ $0575 = #$00                                     A:00 X:01 Y:00 S:FB P:nvUBdIZc 
    $A370:F0 F8     BEQ $A36A                                                      A:00 X:01 Y:00 S:FB P:nvUBdIZc 
    $A36A:4C 44 A4  JMP $A444                                                      A:00 X:01 Y:00 S:FB P:nvUBdIZc 
    $A444:B5 29     LDA $29,X @ $002A = #$0F                                       A:00 X:01 Y:00 S:FB P:nvUBdIZc 
    $A446:29 40     AND #$40                                                       A:0F X:01 Y:00 S:FB P:nvUBdIzc 
    $A448:F0 2B     BEQ $A475                                                      A:00 X:01 Y:00 S:FB P:nvUBdIZc 
    $A475:4C F6 A4  JMP $A4F6                                                      A:00 X:01 Y:00 S:FB P:nvUBdIZc 
    $A4F6:4C AF A6  JMP $A6AF                                                      A:00 X:01 Y:00 S:FB P:nvUBdIZc 
    $A6AF:BD FC 04  LDA $04FC,X @ $04FD = #$00                                     A:00 X:01 Y:00 S:FB P:nvUBdIZc 
    $A6B2:F0 08     BEQ $A6BC                                                      A:00 X:01 Y:00 S:FB P:nvUBdIZc 
    $A6BC:A5 10     LDA $0010 = #$03                                               A:00 X:01 Y:00 S:FB P:nvUBdIZc 
    $A6BE:C9 0A     CMP #$0A                                                       A:03 X:01 Y:00 S:FB P:nvUBdIzc 
    $A6C0:D0 55     BNE $A717                                                      A:03 X:01 Y:00 S:FB P:NvUBdIzc 
    $A717:BD A2 04  LDA $04A2,X @ $04A3 = #$80                                     A:03 X:01 Y:00 S:FB P:NvUBdIzc 
    $A71A:29 10     AND #$10                                                       A:80 X:01 Y:00 S:FB P:NvUBdIzc 
    $A71C:F0 15     BEQ $A733                                                      A:00 X:01 Y:00 S:FB P:nvUBdIZc 
    $A733:BD B1 03  LDA $03B1,X @ $03B2 = #$02                                     A:00 X:01 Y:00 S:FB P:nvUBdIZc 
    $A736:38        SEC                                                            A:02 X:01 Y:00 S:FB P:nvUBdIzc 
    $A737:E9 04     SBC #$04                                                       A:02 X:01 Y:00 S:FB P:nvUBdIzC 
    $A739:90 34     BCC $A76F                                                      A:FE X:01 Y:00 S:FB P:NvUBdIzc 
    $A76F:B5 2B     LDA $2B,X @ $002C = #$0F                                       A:FE X:01 Y:00 S:FB P:NvUBdIzc 
    $A771:29 03     AND #$03                                                       A:0F X:01 Y:00 S:FB P:nvUBdIzc 
    $A773:F0 05     BEQ $A77A                                                      A:03 X:01 Y:00 S:FB P:nvUBdIzc 
    $A775:09 38     ORA #$38                                                       A:03 X:01 Y:00 S:FB P:nvUBdIzc 
    $A777:9D B1 03  STA $03B1,X @ $03B2 = #$02                                     A:3B X:01 Y:00 S:FB P:nvUBdIzc 
    $A77A:BD B0 05  LDA $05B0,X @ $05B1 = #$00                                     A:3B X:01 Y:00 S:FB P:nvUBdIzc 
    $A77D:30 15     BMI $A794                                                      A:00 X:01 Y:00 S:FB P:nvUBdIZc 
    $A77F:A4 10     LDY $0010 = #$03                                               A:00 X:01 Y:00 S:FB P:nvUBdIZc 
    $A781:C0 06     CPY #$06                                                       A:00 X:01 Y:03 S:FB P:nvUBdIzc 
    $A783:D0 08     BNE $A78D                                                      A:00 X:01 Y:03 S:FB P:NvUBdIzc 
    $A78D:B9 0E 9F  LDA $9F0E,Y @ $9F11 = #$0F                                     A:00 X:01 Y:03 S:FB P:NvUBdIzc 
    $A790:35 29     AND $29,X @ $002A = #$0F                                       A:0F X:01 Y:03 S:FB P:nvUBdIzc 
    $A792:D0 03     BNE $A797                                                      A:0F X:01 Y:03 S:FB P:nvUBdIzc 
    $A797:A8        TAY                                                            A:0F X:01 Y:03 S:FB P:nvUBdIzc 
    $A798:B9 AF 9E  LDA $9EAF,Y @ $9EBE = #$00                                     A:0F X:01 Y:0F S:FB P:nvUBdIzc 
    $A79B:38        SEC                                                            A:00 X:01 Y:0F S:FB P:nvUBdIZc 
    $A79C:FD 56 05  SBC $0556,X @ $0557 = #$7C                                     A:00 X:01 Y:0F S:FB P:nvUBdIZC 
    $A79F:F0 32     BEQ $A7D3                                                      A:84 X:01 Y:0F S:FB P:NvUBdIzc 
    $A7A1:C9 41     CMP #$41                                                       A:84 X:01 Y:0F S:FB P:NvUBdIzc 
    $A7A3:90 13     BCC $A7B8                                                      A:84 X:01 Y:0F S:FB P:nvUBdIzC 
    $A7A5:C9 C0     CMP #$C0                                                       A:84 X:01 Y:0F S:FB P:nvUBdIzC 
    $A7A7:B0 0F     BCS $A7B8                                                      A:84 X:01 Y:0F S:FB P:NvUBdIzc 
    $A7A9:A9 F8     LDA #$F8                                                       A:84 X:01 Y:0F S:FB P:NvUBdIzc 
    $A7AB:20 6A D0  JSR $D06A                                                      A:F8 X:01 Y:0F S:FB P:NvUBdIzc 
      $D06A:85 15     STA $0015 = #$FF                                               A:F8 X:01 Y:0F S:F9 P:NvUBdIzc 
      $D06C:BD 65 05  LDA $0565,X @ $0566 = #$00                                     A:F8 X:01 Y:0F S:F9 P:NvUBdIzc 
      $D06F:C9 FF     CMP #$FF                                                       A:00 X:01 Y:0F S:F9 P:nvUBdIZc 
      $D071:F0 0A     BEQ $D07D                                                      A:00 X:01 Y:0F S:F9 P:nvUBdIzc 
      $D073:65 15     ADC $0015 = #$F8                                               A:00 X:01 Y:0F S:F9 P:nvUBdIzc 
      $D075:B0 02     BCS $D079                                                      A:F8 X:01 Y:0F S:F9 P:NvUBdIzc 
      $D077:A9 00     LDA #$00                                                       A:F8 X:01 Y:0F S:F9 P:NvUBdIzc 
      $D079:9D 65 05  STA $0565,X @ $0566 = #$00                                     A:00 X:01 Y:0F S:F9 P:nvUBdIZc 
      $D07C:60        RTS (from $D06A) ----------------------------------------------A:00 X:01 Y:0F S:F9 P:nvUBdIZc 
    $A7AE:BD 65 05  LDA $0565,X @ $0566 = #$00                                     A:00 X:01 Y:0F S:FB P:nvUBdIZc 
    $A7B1:C9 20     CMP #$20                                                       A:00 X:01 Y:0F S:FB P:nvUBdIZc 
    $A7B3:90 0A     BCC $A7BF                                                      A:00 X:01 Y:0F S:FB P:NvUBdIzc 
    $A7BF:B9 AF 9E  LDA $9EAF,Y @ $9EBE = #$00                                     A:00 X:01 Y:0F S:FB P:NvUBdIzc 
    $A7C2:4C D0 A7  JMP $A7D0                                                      A:00 X:01 Y:0F S:FB P:nvUBdIZc 
    $A7D0:9D 56 05  STA $0556,X @ $0557 = #$7C                                     A:00 X:01 Y:0F S:FB P:nvUBdIZc 
    $A7D3:BD D0 05  LDA $05D0,X @ $05D1 = #$00                                     A:00 X:01 Y:0F S:FB P:nvUBdIZc 
    $A7D6:F0 03     BEQ $A7DB                                                      A:00 X:01 Y:0F S:FB P:nvUBdIZc 
    $A7DB:BD A2 04  LDA $04A2,X @ $04A3 = #$80                                     A:00 X:01 Y:0F S:FB P:nvUBdIZc 
    $A7DE:29 10     AND #$10                                                       A:80 X:01 Y:0F S:FB P:NvUBdIzc 
    $A7E0:F0 0E     BEQ $A7F0                                                      A:00 X:01 Y:0F S:FB P:nvUBdIZc 
    $A7F0:A0 40     LDY #$40                                                       A:00 X:01 Y:0F S:FB P:nvUBdIZc 
    $A7F2:BD 56 05  LDA $0556,X @ $0557 = #$00                                     A:00 X:01 Y:40 S:FB P:nvUBdIzc 
    $A7F5:29 7F     AND #$7F                                                       A:00 X:01 Y:40 S:FB P:nvUBdIZc 
    $A7F7:38        SEC                                                            A:00 X:01 Y:40 S:FB P:nvUBdIZc 
    $A7F8:E9 21     SBC #$21                                                       A:00 X:01 Y:40 S:FB P:nvUBdIZC 
    $A7FA:C9 3D     CMP #$3D                                                       A:DF X:01 Y:40 S:FB P:NvUBdIzc 
    $A7FC:90 06     BCC $A804                                                      A:DF X:01 Y:40 S:FB P:NvUBdIzC 
    $A7FE:A4 10     LDY $0010 = #$03                                               A:DF X:01 Y:40 S:FB P:NvUBdIzC 
    $A800:B9 1C 9F  LDA $9F1C,Y @ $9F1F = #$80                                     A:DF X:01 Y:03 S:FB P:nvUBdIzC 
    $A803:A8        TAY                                                            A:80 X:01 Y:03 S:FB P:NvUBdIzC 
    $A804:BD 38 05  LDA $0538,X @ $0539 = #$43                                     A:80 X:01 Y:80 S:FB P:NvUBdIzC 
    $A807:C9 40     CMP #$40                                                       A:43 X:01 Y:80 S:FB P:nvUBdIzC 
    $A809:90 36     BCC $A841                                                      A:43 X:01 Y:80 S:FB P:nvUBdIzC 
    $A80B:29 40     AND #$40                                                       A:43 X:01 Y:80 S:FB P:nvUBdIzC 
    $A80D:F0 2A     BEQ $A839                                                      A:40 X:01 Y:80 S:FB P:nvUBdIzC 
    $A80F:A5 10     LDA $0010 = #$03                                               A:40 X:01 Y:80 S:FB P:nvUBdIzC 
    $A811:C9 03     CMP #$03                                                       A:03 X:01 Y:80 S:FB P:nvUBdIzC 
    $A813:F0 2C     BEQ $A841                                                      A:03 X:01 Y:80 S:FB P:nvUBdIZC 
    $A841:BD 38 05  LDA $0538,X @ $0539 = #$43                                     A:03 X:01 Y:80 S:FB P:nvUBdIZC 
    $A844:29 40     AND #$40                                                       A:43 X:01 Y:80 S:FB P:nvUBdIzC 
    $A846:D0 07     BNE $A84F                                                      A:40 X:01 Y:80 S:FB P:nvUBdIzC 
    $A84F:BD D0 05  LDA $05D0,X @ $05D1 = #$00                                     A:40 X:01 Y:80 S:FB P:nvUBdIzC 
    $A852:F0 06     BEQ $A85A                                                      A:00 X:01 Y:80 S:FB P:nvUBdIZC 
    $A85A:A5 10     LDA $0010 = #$03                                               A:00 X:01 Y:80 S:FB P:nvUBdIZC 
    $A85C:C9 04     CMP #$04                                                       A:03 X:01 Y:80 S:FB P:nvUBdIzC 
    $A85E:D0 04     BNE $A864                                                      A:03 X:01 Y:80 S:FB P:NvUBdIzc 
    $A864:A9 0A     LDA #$0A                                                       A:03 X:01 Y:80 S:FB P:NvUBdIzc 
    $A866:18        CLC                                                            A:0A X:01 Y:80 S:FB P:nvUBdIzc 
    $A867:7D 65 05  ADC $0565,X @ $0566 = #$00                                     A:0A X:01 Y:80 S:FB P:nvUBdIzc 
    $A86A:9D 65 05  STA $0565,X @ $0566 = #$00                                     A:0A X:01 Y:80 S:FB P:nvUBdIzc 
    $A86D:98        TYA                                                            A:0A X:01 Y:80 S:FB P:nvUBdIzc 
    $A86E:DD 65 05  CMP $0565,X @ $0566 = #$0A                                     A:80 X:01 Y:80 S:FB P:NvUBdIzc 
    $A871:B0 03     BCS $A876                                                      A:80 X:01 Y:80 S:FB P:nvUBdIzC 
    $A876:BD 65 05  LDA $0565,X @ $0566 = #$0A                                     A:80 X:01 Y:80 S:FB P:nvUBdIzC 
    $A879:C9 80     CMP #$80                                                       A:0A X:01 Y:80 S:FB P:nvUBdIzC 
    $A87B:90 1E     BCC $A89B                                                      A:0A X:01 Y:80 S:FB P:NvUBdIzc 
    $A89B:20 A1 A8  JSR $A8A1                                                      A:0A X:01 Y:80 S:FB P:NvUBdIzc 
      $A8A1:A5 10     LDA $0010 = #$03                                               A:0A X:01 Y:80 S:F9 P:NvUBdIzc 
      $A8A3:C9 04     CMP #$04                                                       A:03 X:01 Y:80 S:F9 P:nvUBdIzc 
      $A8A5:D0 68     BNE $A90F                                                      A:03 X:01 Y:80 S:F9 P:NvUBdIzc 
      $A90F:4C 4C 8F  JMP $8F4C                                                      A:03 X:01 Y:80 S:F9 P:NvUBdIzc 
      $8F4C:BD 65 05  LDA $0565,X @ $0566 = #$0A                                     A:03 X:01 Y:80 S:F9 P:NvUBdIzc 
      $8F4F:29 F0     AND #$F0                                                       A:0A X:01 Y:80 S:F9 P:nvUBdIzc 
      $8F51:F0 43     BEQ $8F96                                                      A:00 X:01 Y:80 S:F9 P:nvUBdIZc 
      $8F96:60        RTS (from $A8A1) ----------------------------------------------A:00 X:01 Y:80 S:F9 P:nvUBdIZc 
    $A89E:4C 15 A9  JMP $A915                                                      A:00 X:01 Y:80 S:FB P:nvUBdIZc 
    $A915:A5 EB     LDA $00EB = #$00                                               A:00 X:01 Y:80 S:FB P:nvUBdIZc 
    $A917:D0 09     BNE $A922                                                      A:00 X:01 Y:80 S:FB P:nvUBdIZc 
    $A919:A5 10     LDA $0010 = #$03                                               A:00 X:01 Y:80 S:FB P:nvUBdIZc 
    $A91B:C9 05     CMP #$05                                                       A:03 X:01 Y:80 S:FB P:nvUBdIzc 
    $A91D:F0 03     BEQ $A922                                                      A:03 X:01 Y:80 S:FB P:NvUBdIzc 
    $A91F:20 12 9E  JSR $9E12                                                      A:03 X:01 Y:80 S:FB P:NvUBdIzc 
      $9E12:BD FD 03  LDA $03FD,X @ $03FE = #$4F                                     A:03 X:01 Y:80 S:F9 P:NvUBdIzc 
      $9E15:38        SEC                                                            A:4F X:01 Y:80 S:F9 P:nvUBdIzc 
      $9E16:E5 87     SBC $0087 = #$CB                                               A:4F X:01 Y:80 S:F9 P:nvUBdIzC 
      $9E18:A8        TAY                                                            A:84 X:01 Y:80 S:F9 P:NVUBdIzc 
      $9E19:C0 1A     CPY #$1A                                                       A:84 X:01 Y:84 S:F9 P:NVUBdIzc 
      $9E1B:B0 09     BCS $9E26                                                      A:84 X:01 Y:84 S:F9 P:nVUBdIzC 
      $9E26:A9 16     LDA #$16                                                       A:84 X:01 Y:84 S:F9 P:nVUBdIzC 
      $9E28:C0 16     CPY #$16                                                       A:16 X:01 Y:84 S:F9 P:nVUBdIzC 
      $9E2A:90 06     BCC $9E32                                                      A:16 X:01 Y:84 S:F9 P:nVUBdIzC 
      $9E2C:C0 EF     CPY #$EF                                                       A:16 X:01 Y:84 S:F9 P:nVUBdIzC 
      $9E2E:90 1D     BCC $9E4D                                                      A:16 X:01 Y:84 S:F9 P:NVUBdIzc 
      $9E4D:60        RTS (from $9E12) ----------------------------------------------A:16 X:01 Y:84 S:F9 P:NVUBdIzc 
    $A922:A5 10     LDA $0010 = #$03                                               A:16 X:01 Y:84 S:FB P:NVUBdIzc 
    $A924:C9 02     CMP #$02                                                       A:03 X:01 Y:84 S:FB P:nVUBdIzc 
    $A926:F0 EA     BEQ $A912                                                      A:03 X:01 Y:84 S:FB P:nVUBdIzC 
    $A928:B5 2B     LDA $2B,X @ $002C = #$0F                                       A:03 X:01 Y:84 S:FB P:nVUBdIzC 
    $A92A:10 E6     BPL $A912                                                      A:0F X:01 Y:84 S:FB P:nVUBdIzC 
    $A912:4C CB A9  JMP $A9CB                                                      A:0F X:01 Y:84 S:FB P:nVUBdIzC 
    $A9CB:A5 C8     LDA $00C8 = #$00                                               A:0F X:01 Y:84 S:FB P:nVUBdIzC 
    $A9CD:D0 6E     BNE $AA3D                                                      A:00 X:01 Y:84 S:FB P:nVUBdIZC 
    $A9CF:BD 38 05  LDA $0538,X @ $0539 = #$43                                     A:00 X:01 Y:84 S:FB P:nVUBdIZC 
    $A9D2:29 40     AND #$40                                                       A:43 X:01 Y:84 S:FB P:nVUBdIzC 
    $A9D4:F0 36     BEQ $AA0C                                                      A:40 X:01 Y:84 S:FB P:nVUBdIzC 
    $A9D6:A5 10     LDA $0010 = #$03                                               A:40 X:01 Y:84 S:FB P:nVUBdIzC 
    $A9D8:C9 0C     CMP #$0C                                                       A:03 X:01 Y:84 S:FB P:nVUBdIzC 
    $A9DA:D0 33     BNE $AA0F                                                      A:03 X:01 Y:84 S:FB P:NVUBdIzc 
    $AA0F:C9 03     CMP #$03                                                       A:03 X:01 Y:84 S:FB P:NVUBdIzc 
    $AA11:F0 6E     BEQ $AA81                                                      A:03 X:01 Y:84 S:FB P:nVUBdIZC 
    $AA81:A5 10     LDA $0010 = #$03                                               A:03 X:01 Y:84 S:FB P:nVUBdIZC 
    $AA83:C9 06     CMP #$06                                                       A:03 X:01 Y:84 S:FB P:nVUBdIzC 
    $AA85:D0 42     BNE $AAC9                                                      A:03 X:01 Y:84 S:FB P:NVUBdIzc 
    $AAC9:BD 75 04  LDA $0475,X @ $0476 = #$08                                     A:03 X:01 Y:84 S:FB P:NVUBdIzc 
    $AACC:F0 09     BEQ $AAD7                                                      A:08 X:01 Y:84 S:FB P:nVUBdIzc 
    $AACE:A5 81     LDA $0081 = #$88                                               A:08 X:01 Y:84 S:FB P:nVUBdIzc 
    $AAD0:29 08     AND #$08                                                       A:88 X:01 Y:84 S:FB P:NVUBdIzc 
    $AAD2:1D BD 03  ORA $03BD,X @ $03BE = #$00                                     A:08 X:01 Y:84 S:FB P:nVUBdIzc 
    $AAD5:D0 33     BNE $AB0A                                                      A:08 X:01 Y:84 S:FB P:nVUBdIzc 
    $AB0A:BD FC 04  LDA $04FC,X @ $04FD = #$00                                     A:08 X:01 Y:84 S:FB P:nVUBdIzc 
    $AB0D:F0 05     BEQ $AB14                                                      A:00 X:01 Y:84 S:FB P:nVUBdIZc 
    $AB14:BD BB 03  LDA $03BB,X @ $03BC = #$00                                     A:00 X:01 Y:84 S:FB P:nVUBdIZc 
    $AB17:C9 C0     CMP #$C0                                                       A:00 X:01 Y:84 S:FB P:nVUBdIZc 
    $AB19:F0 05     BEQ $AB20                                                      A:00 X:01 Y:84 S:FB P:nVUBdIzc 
    $AB1B:35 29     AND $29,X @ $002A = #$0F                                       A:00 X:01 Y:84 S:FB P:nVUBdIzc 
    $AB1D:9D BB 03  STA $03BB,X @ $03BC = #$00                                     A:00 X:01 Y:84 S:FB P:nVUBdIZc 
    $AB20:20 C1 8D  JSR $8DC1                                                      A:00 X:01 Y:84 S:FB P:nVUBdIZc 
      $8DC1:A4 10     LDY $0010 = #$03                                               A:00 X:01 Y:84 S:F9 P:nVUBdIZc 
      $8DC3:C0 02     CPY #$02                                                       A:00 X:01 Y:03 S:F9 P:nVUBdIzc 
      $8DC5:D0 7B     BNE $8E42                                                      A:00 X:01 Y:03 S:F9 P:nVUBdIzC 
      $8E42:BC FC 04  LDY $04FC,X @ $04FD = #$00                                     A:00 X:01 Y:03 S:F9 P:nVUBdIzC 
      $8E45:D0 03     BNE $8E4A                                                      A:00 X:01 Y:00 S:F9 P:nVUBdIZC 
      $8E47:2A        ROL                                                            A:00 X:01 Y:00 S:F9 P:nVUBdIZC 
      $8E48:B0 08     BCS $8E52                                                      A:01 X:01 Y:00 S:F9 P:nVUBdIzc 
      $8E4A:A9 B0     LDA #$B0                                                       A:01 X:01 Y:00 S:F9 P:nVUBdIzc 
      $8E4C:85 15     STA $0015 = #$F8                                               A:B0 X:01 Y:00 S:F9 P:NVUBdIzc 
      $8E4E:A9 D8     LDA #$D8                                                       A:B0 X:01 Y:00 S:F9 P:NVUBdIzc 
      $8E50:D0 08     BNE $8E5A                                                      A:D8 X:01 Y:00 S:F9 P:NVUBdIzc 
      $8E5A:A4 10     LDY $0010 = #$03                                               A:D8 X:01 Y:00 S:F9 P:NVUBdIzc 
      $8E5C:C0 06     CPY #$06                                                       A:D8 X:01 Y:03 S:F9 P:nVUBdIzc 
      $8E5E:F0 08     BEQ $8E68                                                      A:D8 X:01 Y:03 S:F9 P:NVUBdIzc 
      $8E60:C0 0C     CPY #$0C                                                       A:D8 X:01 Y:03 S:F9 P:NVUBdIzc 
      $8E62:F0 04     BEQ $8E68                                                      A:D8 X:01 Y:03 S:F9 P:NVUBdIzc 
      $8E64:C0 03     CPY #$03                                                       A:D8 X:01 Y:03 S:F9 P:NVUBdIzc 
      $8E66:D0 14     BNE $8E7C                                                      A:D8 X:01 Y:03 S:F9 P:nVUBdIZC 
      $8E68:BC 38 05  LDY $0538,X @ $0539 = #$43                                     A:D8 X:01 Y:03 S:F9 P:nVUBdIZC 
      $8E6B:30 0F     BMI $8E7C                                                      A:D8 X:01 Y:43 S:F9 P:nVUBdIzC 
      $8E6D:C0 40     CPY #$40                                                       A:D8 X:01 Y:43 S:F9 P:nVUBdIzC 
      $8E6F:90 0B     BCC $8E7C                                                      A:D8 X:01 Y:43 S:F9 P:nVUBdIzC 
      $8E71:A9 E8     LDA #$E8                                                       A:D8 X:01 Y:43 S:F9 P:nVUBdIzC 
      $8E73:BC BB 03  LDY $03BB,X @ $03BC = #$00                                     A:E8 X:01 Y:43 S:F9 P:NVUBdIzC 
      $8E76:10 02     BPL $8E7A                                                      A:E8 X:01 Y:00 S:F9 P:nVUBdIZC 
      $8E7A:85 15     STA $0015 = #$B0                                               A:E8 X:01 Y:00 S:F9 P:nVUBdIZC 
      $8E7C:BC C1 03  LDY $03C1,X @ $03C2 = #$02                                     A:E8 X:01 Y:00 S:F9 P:nVUBdIZC 
      $8E7F:B9 09 9D  LDA $9D09,Y @ $9D0B = #$04                                     A:E8 X:01 Y:02 S:F9 P:nVUBdIzC 
      $8E82:29 0F     AND #$0F                                                       A:04 X:01 Y:02 S:F9 P:nVUBdIzC 
      $8E84:E0 02     CPX #$02                                                       A:04 X:01 Y:02 S:F9 P:nVUBdIzC 
      $8E86:B0 20     BCS $8EA8                                                      A:04 X:01 Y:02 S:F9 P:NVUBdIzc 
      $8E88:BC 74 05  LDY $0574,X @ $0575 = #$00                                     A:04 X:01 Y:02 S:F9 P:NVUBdIzc 
      $8E8B:30 1B     BMI $8EA8                                                      A:04 X:01 Y:00 S:F9 P:nVUBdIZc 
      $8E8D:BC 29 05  LDY $0529,X @ $052A = #$00                                     A:04 X:01 Y:00 S:F9 P:nVUBdIZc 
      $8E90:30 16     BMI $8EA8                                                      A:04 X:01 Y:00 S:F9 P:nVUBdIZc 
      $8E92:BC D0 05  LDY $05D0,X @ $05D1 = #$00                                     A:04 X:01 Y:00 S:F9 P:nVUBdIZc 
      $8E95:F0 11     BEQ $8EA8                                                      A:04 X:01 Y:00 S:F9 P:nVUBdIZc 
      $8EA8:85 1F     STA $001F = #$00                                               A:04 X:01 Y:00 S:F9 P:nVUBdIZc 
      $8EAA:BD 75 04  LDA $0475,X @ $0476 = #$08                                     A:04 X:01 Y:00 S:F9 P:nVUBdIZc 
      $8EAD:85 AF     STA $00AF = #$08                                               A:08 X:01 Y:00 S:F9 P:nVUBdIzc 
      $8EAF:A5 15     LDA $0015 = #$E8                                               A:08 X:01 Y:00 S:F9 P:nVUBdIzc 
      $8EB1:C9 80     CMP #$80                                                       A:E8 X:01 Y:00 S:F9 P:NVUBdIzc 
      $8EB3:B0 15     BCS $8ECA                                                      A:E8 X:01 Y:00 S:F9 P:nVUBdIzC 
      $8ECA:7D CF 04  ADC $04CF,X @ $04D0 = #$00                                     A:E8 X:01 Y:00 S:F9 P:nVUBdIzC 
      $8ECD:9D CF 04  STA $04CF,X @ $04D0 = #$00                                     A:E9 X:01 Y:00 S:F9 P:NvUBdIzc 
      $8ED0:B0 12     BCS $8EE4                                                      A:E9 X:01 Y:00 S:F9 P:NvUBdIzc 
      $8ED2:A5 1F     LDA $001F = #$04                                               A:E9 X:01 Y:00 S:F9 P:NvUBdIzc 
      $8ED4:7D C0 04  ADC $04C0,X @ $04C1 = #$FC                                     A:04 X:01 Y:00 S:F9 P:nvUBdIzc 
      $8ED7:D0 05     BNE $8EDE                                                      A:00 X:01 Y:00 S:F9 P:nvUBdIZC 
      $8ED9:9D CF 04  STA $04CF,X @ $04D0 = #$E9                                     A:00 X:01 Y:00 S:F9 P:nvUBdIZC 
      $8EDC:F0 06     BEQ $8EE4                                                      A:00 X:01 Y:00 S:F9 P:nvUBdIZC 
      $8EE4:18        CLC                                                            A:00 X:01 Y:00 S:F9 P:nvUBdIZC 
      $8EE5:7D 66 04  ADC $0466,X @ $0467 = #$D5                                     A:00 X:01 Y:00 S:F9 P:nvUBdIZc 
      $8EE8:9D 66 04  STA $0466,X @ $0467 = #$D5                                     A:D5 X:01 Y:00 S:F9 P:NvUBdIzc 
      $8EEB:BD C0 04  LDA $04C0,X @ $04C1 = #$FC                                     A:D5 X:01 Y:00 S:F9 P:NvUBdIzc 
      $8EEE:85 15     STA $0015 = #$E8                                               A:FC X:01 Y:00 S:F9 P:NvUBdIzc 
      $8EF0:7D 39 04  ADC $0439,X @ $043A = #$D2                                     A:FC X:01 Y:00 S:F9 P:NvUBdIzc 
      $8EF3:9D 39 04  STA $0439,X @ $043A = #$D2                                     A:CE X:01 Y:00 S:F9 P:NvUBdIzC 
      $8EF6:08        PHP                                                            A:CE X:01 Y:00 S:F9 P:NvUBdIzC 
       $8EF7:A9 80     LDA #$80                                                       A:CE X:01 Y:00 S:F8 P:NvUBdIzC 
       $8EF9:C5 15     CMP $0015 = #$FC                                               A:80 X:01 Y:00 S:F8 P:NvUBdIzC 
       $8EFB:A9 00     LDA #$00                                                       A:80 X:01 Y:00 S:F8 P:NvUBdIzc 
       $8EFD:E9 00     SBC #$00                                                       A:00 X:01 Y:00 S:F8 P:nvUBdIZc 
       $8EFF:28        PLP                                                            A:FF X:01 Y:00 S:F8 P:NvUBdIzc 
      $8F00:7D 2A 04  ADC $042A,X @ $042B = #$FF                                     A:FF X:01 Y:00 S:F9 P:NvUBdIzC 
      $8F03:9D 2A 04  STA $042A,X @ $042B = #$FF                                     A:FF X:01 Y:00 S:F9 P:NvUBdIzC 
      $8F06:10 41     BPL $8F49                                                      A:FF X:01 Y:00 S:F9 P:NvUBdIzC 
      $8F08:C9 FF     CMP #$FF                                                       A:FF X:01 Y:00 S:F9 P:NvUBdIzC 
      $8F0A:D0 0F     BNE $8F1B                                                      A:FF X:01 Y:00 S:F9 P:nvUBdIZC 
      $8F0C:BD BF 03  LDA $03BF,X @ $03C0 = #$00                                     A:FF X:01 Y:00 S:F9 P:nvUBdIZC 
      $8F0F:2A        ROL                                                            A:00 X:01 Y:00 S:F9 P:nvUBdIZC 
      $8F10:A9 D0     LDA #$D0                                                       A:01 X:01 Y:00 S:F9 P:nvUBdIzc 
      $8F12:90 02     BCC $8F16                                                      A:D0 X:01 Y:00 S:F9 P:NvUBdIzc 
      $8F16:DD 39 04  CMP $0439,X @ $043A = #$CE                                     A:D0 X:01 Y:00 S:F9 P:NvUBdIzc 
      $8F19:90 2E     BCC $8F49                                                      A:D0 X:01 Y:00 S:F9 P:nvUBdIzC 
      $8F1B:BD 74 05  LDA $0574,X @ $0575 = #$00                                     A:D0 X:01 Y:00 S:F9 P:nvUBdIzC 
      $8F1E:29 80     AND #$80                                                       A:00 X:01 Y:00 S:F9 P:nvUBdIZC 
      $8F20:E0 02     CPX #$02                                                       A:00 X:01 Y:00 S:F9 P:nvUBdIZC 
      $8F22:B0 05     BCS $8F29                                                      A:00 X:01 Y:00 S:F9 P:NvUBdIzc 
      $8F24:1D B2 05  ORA $05B2,X @ $05B3 = #$00                                     A:00 X:01 Y:00 S:F9 P:NvUBdIzc 
      $8F27:05 E4     ORA $00E4 = #$00                                               A:00 X:01 Y:00 S:F9 P:nvUBdIZc 
      $8F29:05 EB     ORA $00EB = #$00                                               A:00 X:01 Y:00 S:F9 P:nvUBdIZc 
      $8F2B:D0 17     BNE $8F44                                                      A:00 X:01 Y:00 S:F9 P:nvUBdIZc 
      $8F2D:A9 D0     LDA #$D0                                                       A:00 X:01 Y:00 S:F9 P:nvUBdIZc 
      $8F2F:9D 74 05  STA $0574,X @ $0575 = #$00                                     A:D0 X:01 Y:00 S:F9 P:NvUBdIzc 
      $8F32:A9 00     LDA #$00                                                       A:D0 X:01 Y:00 S:F9 P:NvUBdIzc 
      $8F34:9D 1A 05  STA $051A,X @ $051B = #$2F                                     A:00 X:01 Y:00 S:F9 P:nvUBdIZc 
      $8F37:E0 02     CPX #$02                                                       A:00 X:01 Y:00 S:F9 P:nvUBdIZc 
      $8F39:B0 09     BCS $8F44                                                      A:00 X:01 Y:00 S:F9 P:NvUBdIzc 
      $8F3B:E6 D0     INC $00D0 = #$00                                               A:00 X:01 Y:00 S:F9 P:NvUBdIzc 
      $8F3D:86 92     STX $0092 = #$10                                               A:00 X:01 Y:00 S:F9 P:nvUBdIzc 
      $8F3F:20 28 A0  JSR $A028                                                      A:00 X:01 Y:00 S:F9 P:nvUBdIzc 
        $A028:A9 89     LDA #$89                                                       A:00 X:01 Y:00 S:F7 P:nvUBdIzc 
        $A02A:4C F6 B7  JMP $B7F6                                                      A:89 X:01 Y:00 S:F7 P:NvUBdIzc 
        $B7F6:48        PHA                                                            A:89 X:01 Y:00 S:F7 P:NvUBdIzc 
         $B7F7:A2 0C     LDX #$0C                                                       A:89 X:01 Y:00 S:F6 P:NvUBdIzc 
         $B7F9:20 E1 84  JSR $84E1                                                      A:89 X:0C Y:00 S:F6 P:nvUBdIzc 
           $84E1:85 39     STA $0039 = #$00                                               A:89 X:0C Y:00 S:F4 P:nvUBdIzc 
           $84E3:A0 03     LDY #$03                                                       A:89 X:0C Y:00 S:F4 P:nvUBdIzc 
           $84E5:4C CB FF  JMP $FFCB                                                      A:89 X:0C Y:03 S:F4 P:nvUBdIzc 
           $FFCB:A9 00     LDA #$00                                                       A:89 X:0C Y:03 S:F4 P:nvUBdIzc 
           $FFCD:09 00     ORA #$00                                                       A:00 X:0C Y:03 S:F4 P:nvUBdIZc 
           $FFCF:85 2D     STA $002D = #$00                                               A:00 X:0C Y:03 S:F4 P:nvUBdIZc 
           $FFD1:A5 13     LDA $0013 = #$06                                               A:00 X:0C Y:03 S:F4 P:nvUBdIZc 
           $FFD3:48        PHA                                                            A:06 X:0C Y:03 S:F4 P:nvUBdIzc 
            $FFD4:86 13     STX $0013 = #$06                                               A:06 X:0C Y:03 S:F3 P:nvUBdIzc 
            $FFD6:B9 B3 FF  LDA $FFB3,Y @ $FFB6 = #$03                                     A:06 X:0C Y:03 S:F3 P:nvUBdIzc 
            $FFD9:99 B3 FF  STA $FFB3,Y @ $FFB6 = #$03                                     A:03 X:0C Y:03 S:F3 P:nvUBdIzc 
            $FFDC:20 00 80  JSR $8000                                                      A:03 X:0C Y:03 S:F3 P:nvUBdIzc 
              $8000:6C 13 00  JMP ($0013) = $800C                                            A:03 X:0C Y:03 S:F1 P:nvUBdIzc 
              $800C:4C 7B 8A  JMP $8A7B                                                      A:03 X:0C Y:03 S:F1 P:nvUBdIzc 
              $8A7B:A2 00     LDX #$00                                                       A:03 X:0C Y:03 S:F1 P:nvUBdIzc 
              $8A7D:F0 0A     BEQ $8A89                                                      A:03 X:00 Y:03 S:F1 P:nvUBdIZc 
              $8A89:BD 11 03  LDA $0311,X @ $0311 = #$00                                     A:03 X:00 Y:03 S:F1 P:nvUBdIZc 
              $8A8C:29 FE     AND #$FE                                                       A:00 X:00 Y:03 S:F1 P:nvUBdIZc 
              $8A8E:C9 7A     CMP #$7A                                                       A:00 X:00 Y:03 S:F1 P:nvUBdIZc 
              $8A90:F0 11     BEQ $8AA3                                                      A:00 X:00 Y:03 S:F1 P:NvUBdIzc 
              $8A92:A5 39     LDA $0039 = #$89                                               A:00 X:00 Y:03 S:F1 P:NvUBdIzc 
              $8A94:DD 11 03  CMP $0311,X @ $0311 = #$00                                     A:89 X:00 Y:03 S:F1 P:NvUBdIzc 
              $8A97:F0 E1     BEQ $8A7A                                                      A:89 X:00 Y:03 S:F1 P:NvUBdIzC 
              $8A99:48        PHA                                                            A:89 X:00 Y:03 S:F1 P:NvUBdIzC 
               $8A9A:A9 55     LDA #$55                                                       A:89 X:00 Y:03 S:F0 P:NvUBdIzC 
               $8A9C:9D 32 03  STA $0332,X @ $0332 = #$08                                     A:55 X:00 Y:03 S:F0 P:nvUBdIzC 
               $8A9F:68        PLA                                                            A:55 X:00 Y:03 S:F0 P:nvUBdIzC 
              $8AA0:9D 11 03  STA $0311,X @ $0311 = #$00                                     A:89 X:00 Y:03 S:F1 P:NvUBdIzC 
              $8AA3:60        RTS (from $8000) ----------------------------------------------A:89 X:00 Y:03 S:F1 P:NvUBdIzC 
            $FFDF:A4 2D     LDY $002D = #$00                                               A:89 X:00 Y:03 S:F3 P:NvUBdIzC 
            $FFE1:68        PLA                                                            A:89 X:00 Y:00 S:F3 P:nvUBdIZC 
           $FFE2:85 13     STA $0013 = #$0C                                               A:06 X:00 Y:00 S:F4 P:nvUBdIzC 
           $FFE4:B9 B3 FF  LDA $FFB3,Y @ $FFB3 = #$00                                     A:06 X:00 Y:00 S:F4 P:nvUBdIzC 
           $FFE7:99 B3 FF  STA $FFB3,Y @ $FFB3 = #$00                                     A:00 X:00 Y:00 S:F4 P:nvUBdIZC 
           $FFEA:60        RTS (from $84E1) ----------------------------------------------A:00 X:00 Y:00 S:F4 P:nvUBdIZC 
         $B7FC:68        PLA                                                            A:00 X:00 Y:00 S:F6 P:nvUBdIZC 
        $B7FD:A2 0F     LDX #$0F                                                       A:89 X:00 Y:00 S:F7 P:NvUBdIzC 
        $B7FF:4C 4A 91  JMP $914A                                                      A:89 X:0F Y:00 S:F7 P:nvUBdIzC 
        $914A:20 E1 84  JSR $84E1                                                      A:89 X:0F Y:00 S:F7 P:nvUBdIzC 
          $84E1:85 39     STA $0039 = #$89                                               A:89 X:0F Y:00 S:F5 P:nvUBdIzC 
          $84E3:A0 03     LDY #$03                                                       A:89 X:0F Y:00 S:F5 P:nvUBdIzC 
          $84E5:4C CB FF  JMP $FFCB                                                      A:89 X:0F Y:03 S:F5 P:nvUBdIzC 
          $FFCB:A9 00     LDA #$00                                                       A:89 X:0F Y:03 S:F5 P:nvUBdIzC 
          $FFCD:09 00     ORA #$00                                                       A:00 X:0F Y:03 S:F5 P:nvUBdIZC 
          $FFCF:85 2D     STA $002D = #$00                                               A:00 X:0F Y:03 S:F5 P:nvUBdIZC 
          $FFD1:A5 13     LDA $0013 = #$06                                               A:00 X:0F Y:03 S:F5 P:nvUBdIZC 
          $FFD3:48        PHA                                                            A:06 X:0F Y:03 S:F5 P:nvUBdIzC 
           $FFD4:86 13     STX $0013 = #$06                                               A:06 X:0F Y:03 S:F4 P:nvUBdIzC 
           $FFD6:B9 B3 FF  LDA $FFB3,Y @ $FFB6 = #$03                                     A:06 X:0F Y:03 S:F4 P:nvUBdIzC 
           $FFD9:99 B3 FF  STA $FFB3,Y @ $FFB6 = #$03                                     A:03 X:0F Y:03 S:F4 P:nvUBdIzC 
           $FFDC:20 00 80  JSR $8000                                                      A:03 X:0F Y:03 S:F4 P:nvUBdIzC 
             $8000:6C 13 00  JMP ($0013) = $800F                                            A:03 X:0F Y:03 S:F2 P:nvUBdIzC 
             $800F:4C 7F 8A  JMP $8A7F                                                      A:03 X:0F Y:03 S:F2 P:nvUBdIzC 
             $8A7F:A2 04     LDX #$04                                                       A:03 X:0F Y:03 S:F2 P:nvUBdIzC 
             $8A81:D0 06     BNE $8A89                                                      A:03 X:04 Y:03 S:F2 P:nvUBdIzC 
             $8A89:BD 11 03  LDA $0311,X @ $0315 = #$00                                     A:03 X:04 Y:03 S:F2 P:nvUBdIzC 
             $8A8C:29 FE     AND #$FE                                                       A:00 X:04 Y:03 S:F2 P:nvUBdIZC 
             $8A8E:C9 7A     CMP #$7A                                                       A:00 X:04 Y:03 S:F2 P:nvUBdIZC 
             $8A90:F0 11     BEQ $8AA3                                                      A:00 X:04 Y:03 S:F2 P:NvUBdIzc 
             $8A92:A5 39     LDA $0039 = #$89                                               A:00 X:04 Y:03 S:F2 P:NvUBdIzc 
             $8A94:DD 11 03  CMP $0311,X @ $0315 = #$00                                     A:89 X:04 Y:03 S:F2 P:NvUBdIzc 
             $8A97:F0 E1     BEQ $8A7A                                                      A:89 X:04 Y:03 S:F2 P:NvUBdIzC 
             $8A99:48        PHA                                                            A:89 X:04 Y:03 S:F2 P:NvUBdIzC 
              $8A9A:A9 55     LDA #$55                                                       A:89 X:04 Y:03 S:F1 P:NvUBdIzC 
              $8A9C:9D 32 03  STA $0332,X @ $0336 = #$FA                                     A:55 X:04 Y:03 S:F1 P:nvUBdIzC 
              $8A9F:68        PLA                                                            A:55 X:04 Y:03 S:F1 P:nvUBdIzC 
             $8AA0:9D 11 03  STA $0311,X @ $0315 = #$00                                     A:89 X:04 Y:03 S:F2 P:NvUBdIzC 
             $8AA3:60        RTS (from $8000) ----------------------------------------------A:89 X:04 Y:03 S:F2 P:NvUBdIzC 
           $FFDF:A4 2D     LDY $002D = #$00                                               A:89 X:04 Y:03 S:F4 P:NvUBdIzC 
           $FFE1:68        PLA                                                            A:89 X:04 Y:00 S:F4 P:nvUBdIZC 
          $FFE2:85 13     STA $0013 = #$0F                                               A:06 X:04 Y:00 S:F5 P:nvUBdIzC 
          $FFE4:B9 B3 FF  LDA $FFB3,Y @ $FFB3 = #$00                                     A:06 X:04 Y:00 S:F5 P:nvUBdIzC 
          $FFE7:99 B3 FF  STA $FFB3,Y @ $FFB3 = #$00                                     A:00 X:04 Y:00 S:F5 P:nvUBdIZC 
          $FFEA:60        RTS (from $84E1) ----------------------------------------------A:00 X:04 Y:00 S:F5 P:nvUBdIZC 
        $914D:A6 82     LDX $0082 = #$01                                               A:00 X:04 Y:00 S:F7 P:nvUBdIZC 
        $914F:60        RTS (from $A028) ----------------------------------------------A:00 X:01 Y:00 S:F7 P:nvUBdIzC 
      $8F42:A6 92     LDX $0092 = #$01                                               A:00 X:01 Y:00 S:F9 P:nvUBdIzC 
      $8F44:A9 00     LDA #$00                                                       A:00 X:01 Y:00 S:F9 P:nvUBdIzC 
      $8F46:9D 47 05  STA $0547,X @ $0548 = #$00                                     A:00 X:01 Y:00 S:F9 P:nvUBdIZC 
      $8F49:60        RTS (from $8DC1) ----------------------------------------------A:00 X:01 Y:00 S:F9 P:nvUBdIZC 
    $AB23:20 71 E4  JSR $E471                                                      A:00 X:01 Y:00 S:FB P:nvUBdIZC 
      $E471:A5 10     LDA $0010 = #$03                                               A:00 X:01 Y:00 S:F9 P:nvUBdIZC 
      $E473:C9 01     CMP #$01                                                       A:03 X:01 Y:00 S:F9 P:nvUBdIzC 
      $E475:D0 36     BNE $E4AD                                                      A:03 X:01 Y:00 S:F9 P:nvUBdIzC 
      $E4AD:A2 12     LDX #$12                                                       A:03 X:01 Y:00 S:F9 P:nvUBdIzC 
      $E4AF:A0 05     LDY #$05                                                       A:03 X:12 Y:00 S:F9 P:nvUBdIzC 
      $E4B1:4C CB FF  JMP $FFCB                                                      A:03 X:12 Y:05 S:F9 P:nvUBdIzC 
      $FFCB:A9 00     LDA #$00                                                       A:03 X:12 Y:05 S:F9 P:nvUBdIzC 
      $FFCD:09 00     ORA #$00                                                       A:00 X:12 Y:05 S:F9 P:nvUBdIZC 
      $FFCF:85 2D     STA $002D = #$00                                               A:00 X:12 Y:05 S:F9 P:nvUBdIZC 
      $FFD1:A5 13     LDA $0013 = #$06                                               A:00 X:12 Y:05 S:F9 P:nvUBdIZC 
      $FFD3:48        PHA                                                            A:06 X:12 Y:05 S:F9 P:nvUBdIzC 
       $FFD4:86 13     STX $0013 = #$06                                               A:06 X:12 Y:05 S:F8 P:nvUBdIzC 
       $FFD6:B9 B3 FF  LDA $FFB3,Y @ $FFB8 = #$05                                     A:06 X:12 Y:05 S:F8 P:nvUBdIzC 
       $FFD9:99 B3 FF  STA $FFB3,Y @ $FFB8 = #$05                                     A:05 X:12 Y:05 S:F8 P:nvUBdIzC 
       $FFDC:20 00 80  JSR $8000                                                      A:05 X:12 Y:05 S:F8 P:nvUBdIzC 
         $8000:6C 13 00  JMP ($0013) = $8012                                            A:05 X:12 Y:05 S:F6 P:nvUBdIzC 
         $8012:4C 39 BC  JMP $BC39                                                      A:05 X:12 Y:05 S:F6 P:nvUBdIzC 
         $BC39:A9 00     LDA #$00                                                       A:05 X:12 Y:05 S:F6 P:nvUBdIzC 
         $BC3B:85 D9     STA $00D9 = #$00                                               A:00 X:12 Y:05 S:F6 P:nvUBdIZC 
         $BC3D:85 DA     STA $00DA = #$00                                               A:00 X:12 Y:05 S:F6 P:nvUBdIZC 
         $BC3F:A6 82     LDX $0082 = #$01                                               A:00 X:12 Y:05 S:F6 P:nvUBdIZC 
         $BC41:E0 02     CPX #$02                                                       A:00 X:01 Y:05 S:F6 P:nvUBdIzC 
         $BC43:B0 0E     BCS $BC53                                                      A:00 X:01 Y:05 S:F6 P:NvUBdIzc 
         $BC45:BD CE 05  LDA $05CE,X @ $05CF = #$00                                     A:00 X:01 Y:05 S:F6 P:NvUBdIzc 
         $BC48:F0 09     BEQ $BC53                                                      A:00 X:01 Y:05 S:F6 P:nvUBdIZc 
         $BC53:A5 10     LDA $0010 = #$03                                               A:00 X:01 Y:05 S:F6 P:nvUBdIZc 
         $BC55:C9 03     CMP #$03                                                       A:03 X:01 Y:05 S:F6 P:nvUBdIzc 
         $BC57:F0 79     BEQ $BCD2                                                      A:03 X:01 Y:05 S:F6 P:nvUBdIZC 
         $BCD2:20 22 B4  JSR $B422                                                      A:03 X:01 Y:05 S:F6 P:nvUBdIZC 
           $B422:A9 C0     LDA #$C0                                                       A:03 X:01 Y:05 S:F4 P:nvUBdIZC 
           $B424:85 15     STA $0015 = #$FC                                               A:C0 X:01 Y:05 S:F4 P:NvUBdIzC 
           $B426:BC EE 03  LDY $03EE,X @ $03EF = #$06                                     A:C0 X:01 Y:05 S:F4 P:NvUBdIzC 
           $B429:A5 10     LDA $0010 = #$03                                               A:C0 X:01 Y:06 S:F4 P:nvUBdIzC 
           $B42B:C9 0C     CMP #$0C                                                       A:03 X:01 Y:06 S:F4 P:nvUBdIzC 
           $B42D:F0 EA     BEQ $B419                                                      A:03 X:01 Y:06 S:F4 P:NvUBdIzc 
           $B42F:C9 03     CMP #$03                                                       A:03 X:01 Y:06 S:F4 P:NvUBdIzc 
           $B431:F0 08     BEQ $B43B                                                      A:03 X:01 Y:06 S:F4 P:nvUBdIZC 
           $B43B:BD 1B 04  LDA $041B,X @ $041C = #$C4                                     A:03 X:01 Y:06 S:F4 P:nvUBdIZC 
           $B43E:10 18     BPL $B458                                                      A:C4 X:01 Y:06 S:F4 P:NvUBdIzC 
           $B440:C5 15     CMP $0015 = #$C0                                               A:C4 X:01 Y:06 S:F4 P:NvUBdIzC 
           $B442:B0 05     BCS $B449                                                      A:C4 X:01 Y:06 S:F4 P:nvUBdIzC 
           $B449:38        SEC                                                            A:C4 X:01 Y:06 S:F4 P:nvUBdIzC 
           $B44A:E9 28     SBC #$28                                                       A:C4 X:01 Y:06 S:F4 P:nvUBdIzC 
           $B44C:C5 15     CMP $0015 = #$C0                                               A:9C X:01 Y:06 S:F4 P:NvUBdIzC 
           $B44E:90 08     BCC $B458                                                      A:9C X:01 Y:06 S:F4 P:NvUBdIzc 
           $B458:A5 10     LDA $0010 = #$03                                               A:9C X:01 Y:06 S:F4 P:NvUBdIzc 
           $B45A:C9 03     CMP #$03                                                       A:03 X:01 Y:06 S:F4 P:nvUBdIzc 
           $B45C:F0 06     BEQ $B464                                                      A:03 X:01 Y:06 S:F4 P:nvUBdIZC 
           $B464:B9 6B 81  LDA $816B,Y @ $8171 = #$04                                     A:03 X:01 Y:06 S:F4 P:nvUBdIZC 
           $B467:A8        TAY                                                            A:04 X:01 Y:06 S:F4 P:nvUBdIzC 
           $B468:A5 E3     LDA $00E3 = #$00                                               A:04 X:01 Y:04 S:F4 P:nvUBdIzC 
           $B46A:F0 02     BEQ $B46E                                                      A:00 X:01 Y:04 S:F4 P:nvUBdIZC 
           $B46E:84 15     STY $0015 = #$C0                                               A:00 X:01 Y:04 S:F4 P:nvUBdIZC 
           $B470:BD FD 03  LDA $03FD,X @ $03FE = #$4F                                     A:00 X:01 Y:04 S:F4 P:nvUBdIZC 
           $B473:29 E0     AND #$E0                                                       A:4F X:01 Y:04 S:F4 P:nvUBdIzC 
           $B475:46 15     LSR $0015 = #$04                                               A:40 X:01 Y:04 S:F4 P:nvUBdIzC 
           $B477:6A        ROR                                                            A:40 X:01 Y:04 S:F4 P:nvUBdIzc 
           $B478:46 15     LSR $0015 = #$02                                               A:20 X:01 Y:04 S:F4 P:nvUBdIzc 
           $B47A:6A        ROR                                                            A:20 X:01 Y:04 S:F4 P:nvUBdIzc 
           $B47B:46 15     LSR $0015 = #$01                                               A:10 X:01 Y:04 S:F4 P:nvUBdIzc 
           $B47D:6A        ROR                                                            A:10 X:01 Y:04 S:F4 P:nvUBdIZC 
           $B47E:85 17     STA $0017 = #$F3                                               A:88 X:01 Y:04 S:F4 P:NvUBdIzc 
           $B480:A9 02     LDA #$02                                                       A:88 X:01 Y:04 S:F4 P:NvUBdIzc 
           $B482:85 1B     STA $001B = #$00                                               A:02 X:01 Y:04 S:F4 P:nvUBdIzc 
           $B484:A0 00     LDY #$00                                                       A:02 X:01 Y:04 S:F4 P:nvUBdIzc 
           $B486:A5 10     LDA $0010 = #$03                                               A:02 X:01 Y:00 S:F4 P:nvUBdIZc 
           $B488:C9 03     CMP #$03                                                       A:03 X:01 Y:00 S:F4 P:nvUBdIzc 
           $B48A:F0 1D     BEQ $B4A9                                                      A:03 X:01 Y:00 S:F4 P:nvUBdIZC 
           $B4A9:84 1A     STY $001A = #$9F                                               A:03 X:01 Y:00 S:F4 P:nvUBdIZC 
           $B4AB:A4 10     LDY $0010 = #$03                                               A:03 X:01 Y:00 S:F4 P:nvUBdIZC 
           $B4AD:A5 17     LDA $0017 = #$88                                               A:03 X:01 Y:03 S:F4 P:nvUBdIzC 
           $B4AF:18        CLC                                                            A:88 X:01 Y:03 S:F4 P:NvUBdIzC 
           $B4B0:79 E9 BD  ADC $BDE9,Y @ $BDEC = #$BD                                     A:88 X:01 Y:03 S:F4 P:NvUBdIzc 
           $B4B3:85 19     STA $0019 = #$D8                                               A:45 X:01 Y:03 S:F4 P:nVUBdIzC 
           $B4B5:A5 1A     LDA $001A = #$00                                               A:45 X:01 Y:03 S:F4 P:nVUBdIzC 
           $B4B7:79 F5 BD  ADC $BDF5,Y @ $BDF8 = #$BF                                     A:00 X:01 Y:03 S:F4 P:nVUBdIZC 
           $B4BA:85 1A     STA $001A = #$00                                               A:C0 X:01 Y:03 S:F4 P:NvUBdIzc 
           $B4BC:A0 00     LDY #$00                                                       A:C0 X:01 Y:03 S:F4 P:NvUBdIzc 
           $B4BE:60        RTS (from $B422) ----------------------------------------------A:C0 X:01 Y:00 S:F4 P:nvUBdIZc 
         $BCD5:84 1F     STY $001F = #$04                                               A:C0 X:01 Y:00 S:F6 P:nvUBdIZc 
         $BCD7:A5 10     LDA $0010 = #$03                                               A:C0 X:01 Y:00 S:F6 P:nvUBdIZc 
         $BCD9:C9 0C     CMP #$0C                                                       A:03 X:01 Y:00 S:F6 P:nvUBdIzc 
         $BCDB:D0 03     BNE $BCE0                                                      A:03 X:01 Y:00 S:F6 P:NvUBdIzc 
         $BCE0:B1 19     LDA ($19),Y @ $C045 = #$3A                                     A:03 X:01 Y:00 S:F6 P:NvUBdIzc 
         $BCE2:85 15     STA $0015 = #$00                                               A:3A X:01 Y:00 S:F6 P:nvUBdIzc 
         $BCE4:C8        INY                                                            A:3A X:01 Y:00 S:F6 P:nvUBdIzc 
         $BCE5:11 19     ORA ($19),Y @ $C046 = #$40                                     A:3A X:01 Y:01 S:F6 P:nvUBdIzc 
         $BCE7:F0 56     BEQ $BD3F                                                      A:7A X:01 Y:01 S:F6 P:nvUBdIzc 
         $BCE9:20 02 BE  JSR $BE02                                                      A:7A X:01 Y:01 S:F6 P:nvUBdIzc 
           $BE02:A9 00     LDA #$00                                                       A:7A X:01 Y:01 S:F4 P:nvUBdIzc 
           $BE04:06 15     ASL $0015 = #$3A                                               A:00 X:01 Y:01 S:F4 P:nvUBdIZc 
           $BE06:2A        ROL                                                            A:00 X:01 Y:01 S:F4 P:nvUBdIzc 
           $BE07:06 15     ASL $0015 = #$74                                               A:00 X:01 Y:01 S:F4 P:nvUBdIZc 
           $BE09:2A        ROL                                                            A:00 X:01 Y:01 S:F4 P:NvUBdIzc 
           $BE0A:85 16     STA $0016 = #$00                                               A:00 X:01 Y:01 S:F4 P:nvUBdIZc 
           $BE0C:B1 19     LDA ($19),Y @ $C046 = #$40                                     A:00 X:01 Y:01 S:F4 P:nvUBdIZc 
           $BE0E:29 0F     AND #$0F                                                       A:40 X:01 Y:01 S:F4 P:nvUBdIzc 
           $BE10:F0 2A     BEQ $BE3C                                                      A:00 X:01 Y:01 S:F4 P:nvUBdIZc 
           $BE3C:60        RTS (from $BE02) ----------------------------------------------A:00 X:01 Y:01 S:F4 P:nvUBdIZc 
         $BCEC:BD 1B 04  LDA $041B,X @ $041C = #$C4                                     A:00 X:01 Y:01 S:F6 P:nvUBdIZc 
         $BCEF:38        SEC                                                            A:C4 X:01 Y:01 S:F6 P:NvUBdIzc 
         $BCF0:E5 15     SBC $0015 = #$E8                                               A:C4 X:01 Y:01 S:F6 P:NvUBdIzC 
         $BCF2:BD 0C 04  LDA $040C,X @ $040D = #$00                                     A:DC X:01 Y:01 S:F6 P:NvUBdIzc 
         $BCF5:E5 16     SBC $0016 = #$00                                               A:00 X:01 Y:01 S:F6 P:nvUBdIZc 
         $BCF7:B0 46     BCS $BD3F                                                      A:FF X:01 Y:01 S:F6 P:NvUBdIzc 
         $BCF9:A5 1F     LDA $001F = #$00                                               A:FF X:01 Y:01 S:F6 P:NvUBdIzc 
         $BCFB:85 20     STA $0020 = #$40                                               A:00 X:01 Y:01 S:F6 P:nvUBdIZc 
         $BCFD:A5 10     LDA $0010 = #$03                                               A:00 X:01 Y:01 S:F6 P:nvUBdIZc 
         $BCFF:C9 0C     CMP #$0C                                                       A:03 X:01 Y:01 S:F6 P:nvUBdIzc 
         $BD01:D0 13     BNE $BD16                                                      A:03 X:01 Y:01 S:F6 P:NvUBdIzc 
         $BD16:B1 19     LDA ($19),Y @ $C046 = #$40                                     A:03 X:01 Y:01 S:F6 P:NvUBdIzc 
         $BD18:29 F0     AND #$F0                                                       A:40 X:01 Y:01 S:F6 P:nvUBdIzc 
         $BD1A:85 1F     STA $001F = #$00                                               A:40 X:01 Y:01 S:F6 P:nvUBdIzc 
         $BD1C:E9 0A     SBC #$0A                                                       A:40 X:01 Y:01 S:F6 P:nvUBdIzc 
         $BD1E:FD 39 04  SBC $0439,X @ $043A = #$CE                                     A:35 X:01 Y:01 S:F6 P:nvUBdIzC 
         $BD21:90 0F     BCC $BD32                                                      A:67 X:01 Y:01 S:F6 P:nvUBdIzc 
         $BD32:A5 15     LDA $0015 = #$E8                                               A:67 X:01 Y:01 S:F6 P:nvUBdIzc 
         $BD34:85 17     STA $0017 = #$88                                               A:E8 X:01 Y:01 S:F6 P:NvUBdIzc 
         $BD36:A5 16     LDA $0016 = #$00                                               A:E8 X:01 Y:01 S:F6 P:NvUBdIzc 
         $BD38:85 18     STA $0018 = #$00                                               A:00 X:01 Y:01 S:F6 P:nvUBdIZc 
         $BD3A:C8        INY                                                            A:00 X:01 Y:01 S:F6 P:nvUBdIZc 
         $BD3B:C6 1B     DEC $001B = #$02                                               A:00 X:01 Y:02 S:F6 P:nvUBdIzc 
         $BD3D:D0 A1     BNE $BCE0                                                      A:00 X:01 Y:02 S:F6 P:nvUBdIzc 
         $BCE0:B1 19     LDA ($19),Y @ $C047 = #$32                                     A:00 X:01 Y:02 S:F6 P:nvUBdIzc 
         $BCE2:85 15     STA $0015 = #$E8                                               A:32 X:01 Y:02 S:F6 P:nvUBdIzc 
         $BCE4:C8        INY                                                            A:32 X:01 Y:02 S:F6 P:nvUBdIzc 
         $BCE5:11 19     ORA ($19),Y @ $C048 = #$00                                     A:32 X:01 Y:03 S:F6 P:nvUBdIzc 
         $BCE7:F0 56     BEQ $BD3F                                                      A:32 X:01 Y:03 S:F6 P:nvUBdIzc 
         $BCE9:20 02 BE  JSR $BE02                                                      A:32 X:01 Y:03 S:F6 P:nvUBdIzc 
           $BE02:A9 00     LDA #$00                                                       A:32 X:01 Y:03 S:F4 P:nvUBdIzc 
           $BE04:06 15     ASL $0015 = #$32                                               A:00 X:01 Y:03 S:F4 P:nvUBdIZc 
           $BE06:2A        ROL                                                            A:00 X:01 Y:03 S:F4 P:nvUBdIzc 
           $BE07:06 15     ASL $0015 = #$64                                               A:00 X:01 Y:03 S:F4 P:nvUBdIZc 
           $BE09:2A        ROL                                                            A:00 X:01 Y:03 S:F4 P:NvUBdIzc 
           $BE0A:85 16     STA $0016 = #$00                                               A:00 X:01 Y:03 S:F4 P:nvUBdIZc 
           $BE0C:B1 19     LDA ($19),Y @ $C048 = #$00                                     A:00 X:01 Y:03 S:F4 P:nvUBdIZc 
           $BE0E:29 0F     AND #$0F                                                       A:00 X:01 Y:03 S:F4 P:nvUBdIZc 
           $BE10:F0 2A     BEQ $BE3C                                                      A:00 X:01 Y:03 S:F4 P:nvUBdIZc 
           $BE3C:60        RTS (from $BE02) ----------------------------------------------A:00 X:01 Y:03 S:F4 P:nvUBdIZc 
         $BCEC:BD 1B 04  LDA $041B,X @ $041C = #$C4                                     A:00 X:01 Y:03 S:F6 P:nvUBdIZc 
         $BCEF:38        SEC                                                            A:C4 X:01 Y:03 S:F6 P:NvUBdIzc 
         $BCF0:E5 15     SBC $0015 = #$C8                                               A:C4 X:01 Y:03 S:F6 P:NvUBdIzC 
         $BCF2:BD 0C 04  LDA $040C,X @ $040D = #$00                                     A:FC X:01 Y:03 S:F6 P:NvUBdIzc 
         $BCF5:E5 16     SBC $0016 = #$00                                               A:00 X:01 Y:03 S:F6 P:nvUBdIZc 
         $BCF7:B0 46     BCS $BD3F                                                      A:FF X:01 Y:03 S:F6 P:NvUBdIzc 
         $BCF9:A5 1F     LDA $001F = #$40                                               A:FF X:01 Y:03 S:F6 P:NvUBdIzc 
         $BCFB:85 20     STA $0020 = #$00                                               A:40 X:01 Y:03 S:F6 P:nvUBdIzc 
         $BCFD:A5 10     LDA $0010 = #$03                                               A:40 X:01 Y:03 S:F6 P:nvUBdIzc 
         $BCFF:C9 0C     CMP #$0C                                                       A:03 X:01 Y:03 S:F6 P:nvUBdIzc 
         $BD01:D0 13     BNE $BD16                                                      A:03 X:01 Y:03 S:F6 P:NvUBdIzc 
         $BD16:B1 19     LDA ($19),Y @ $C048 = #$00                                     A:03 X:01 Y:03 S:F6 P:NvUBdIzc 
         $BD18:29 F0     AND #$F0                                                       A:00 X:01 Y:03 S:F6 P:nvUBdIZc 
         $BD1A:85 1F     STA $001F = #$40                                               A:00 X:01 Y:03 S:F6 P:nvUBdIZc 
         $BD1C:E9 0A     SBC #$0A                                                       A:00 X:01 Y:03 S:F6 P:nvUBdIZc 
         $BD1E:FD 39 04  SBC $0439,X @ $043A = #$CE                                     A:F5 X:01 Y:03 S:F6 P:NvUBdIzc 
         $BD21:90 0F     BCC $BD32                                                      A:26 X:01 Y:03 S:F6 P:nvUBdIzC 
         $BD23:A5 10     LDA $0010 = #$03                                               A:26 X:01 Y:03 S:F6 P:nvUBdIzC 
         $BD25:C9 03     CMP #$03                                                       A:03 X:01 Y:03 S:F6 P:nvUBdIzC 
         $BD27:F0 09     BEQ $BD32                                                      A:03 X:01 Y:03 S:F6 P:nvUBdIZC 
         $BD32:A5 15     LDA $0015 = #$C8                                               A:03 X:01 Y:03 S:F6 P:nvUBdIZC 
         $BD34:85 17     STA $0017 = #$E8                                               A:C8 X:01 Y:03 S:F6 P:NvUBdIzC 
         $BD36:A5 16     LDA $0016 = #$00                                               A:C8 X:01 Y:03 S:F6 P:NvUBdIzC 
         $BD38:85 18     STA $0018 = #$00                                               A:00 X:01 Y:03 S:F6 P:nvUBdIZC 
         $BD3A:C8        INY                                                            A:00 X:01 Y:03 S:F6 P:nvUBdIZC 
         $BD3B:C6 1B     DEC $001B = #$01                                               A:00 X:01 Y:04 S:F6 P:nvUBdIzC 
         $BD3D:D0 A1     BNE $BCE0                                                      A:00 X:01 Y:04 S:F6 P:nvUBdIZC 
         $BD3F:A5 1F     LDA $001F = #$00                                               A:00 X:01 Y:04 S:F6 P:nvUBdIZC 
         $BD41:85 DA     STA $00DA = #$00                                               A:00 X:01 Y:04 S:F6 P:nvUBdIZC 
         $BD43:F0 19     BEQ $BD5E                                                      A:00 X:01 Y:04 S:F6 P:nvUBdIZC 
         $BD5E:4C CC BD  JMP $BDCC                                                      A:00 X:01 Y:04 S:F6 P:nvUBdIZC 
         $BDCC:A9 08     LDA #$08                                                       A:00 X:01 Y:04 S:F6 P:nvUBdIZC 
         $BDCE:1D A2 04  ORA $04A2,X @ $04A3 = #$80                                     A:08 X:01 Y:04 S:F6 P:nvUBdIzC 
         $BDD1:9D A2 04  STA $04A2,X @ $04A3 = #$80                                     A:88 X:01 Y:04 S:F6 P:NvUBdIzC 
         $BDD4:A9 08     LDA #$08                                                       A:88 X:01 Y:04 S:F6 P:NvUBdIzC 
         $BDD6:D0 F0     BNE $BDC8                                                      A:08 X:01 Y:04 S:F6 P:nvUBdIzC 
         $BDC8:9D 75 04  STA $0475,X @ $0476 = #$08                                     A:08 X:01 Y:04 S:F6 P:nvUBdIzC 
         $BDCB:60        RTS (from $8000) ----------------------------------------------A:08 X:01 Y:04 S:F6 P:nvUBdIzC 
       $FFDF:A4 2D     LDY $002D = #$00                                               A:08 X:01 Y:04 S:F8 P:nvUBdIzC 
       $FFE1:68        PLA                                                            A:08 X:01 Y:00 S:F8 P:nvUBdIZC 
      $FFE2:85 13     STA $0013 = #$12                                               A:06 X:01 Y:00 S:F9 P:nvUBdIzC 
      $FFE4:B9 B3 FF  LDA $FFB3,Y @ $FFB3 = #$00                                     A:06 X:01 Y:00 S:F9 P:nvUBdIzC 
      $FFE7:99 B3 FF  STA $FFB3,Y @ $FFB3 = #$00                                     A:00 X:01 Y:00 S:F9 P:nvUBdIZC 
      $FFEA:60        RTS (from $E471) ----------------------------------------------A:00 X:01 Y:00 S:F9 P:nvUBdIZC 
    $AB26:A5 10     LDA $0010 = #$03                                               A:00 X:01 Y:00 S:FB P:nvUBdIZC 
    $AB28:C9 02     CMP #$02                                                       A:03 X:01 Y:00 S:FB P:nvUBdIzC 
    $AB2A:F0 03     BEQ $AB2F                                                      A:03 X:01 Y:00 S:FB P:nvUBdIzC 
    $AB2C:20 66 CF  JSR $CF66                                                      A:03 X:01 Y:00 S:FB P:nvUBdIzC 
      $CF66:BD 56 05  LDA $0556,X @ $0557 = #$00                                     A:03 X:01 Y:00 S:F9 P:nvUBdIzC 
      $CF69:29 7F     AND #$7F                                                       A:00 X:01 Y:00 S:F9 P:nvUBdIZC 
      $CF6B:38        SEC                                                            A:00 X:01 Y:00 S:F9 P:nvUBdIZC 
      $CF6C:E9 31     SBC #$31                                                       A:00 X:01 Y:00 S:F9 P:nvUBdIZC 
      $CF6E:C9 20     CMP #$20                                                       A:CF X:01 Y:00 S:F9 P:NvUBdIzc 
      $CF70:90 1D     BCC $CF8F                                                      A:CF X:01 Y:00 S:F9 P:NvUBdIzC 
      $CF72:BD A2 04  LDA $04A2,X @ $04A3 = #$88                                     A:CF X:01 Y:00 S:F9 P:NvUBdIzC 
      $CF75:29 BF     AND #$BF                                                       A:88 X:01 Y:00 S:F9 P:NvUBdIzC 
      $CF77:9D A2 04  STA $04A2,X @ $04A3 = #$88                                     A:88 X:01 Y:00 S:F9 P:NvUBdIzC 
      $CF7A:BD FC 04  LDA $04FC,X @ $04FD = #$00                                     A:88 X:01 Y:00 S:F9 P:NvUBdIzC 
      $CF7D:C9 2C     CMP #$2C                                                       A:00 X:01 Y:00 S:F9 P:nvUBdIZC 
      $CF7F:F0 0E     BEQ $CF8F                                                      A:00 X:01 Y:00 S:F9 P:NvUBdIzc 
      $CF81:BD 56 05  LDA $0556,X @ $0557 = #$00                                     A:00 X:01 Y:00 S:F9 P:NvUBdIzc 
      $CF84:69 2F     ADC #$2F                                                       A:00 X:01 Y:00 S:F9 P:nvUBdIZc 
      $CF86:4A        LSR                                                            A:2F X:01 Y:00 S:F9 P:nvUBdIzc 
      $CF87:29 40     AND #$40                                                       A:17 X:01 Y:00 S:F9 P:nvUBdIzC 
      $CF89:1D A2 04  ORA $04A2,X @ $04A3 = #$88                                     A:00 X:01 Y:00 S:F9 P:nvUBdIZC 
      $CF8C:9D A2 04  STA $04A2,X @ $04A3 = #$88                                     A:88 X:01 Y:00 S:F9 P:NvUBdIzC 
      $CF8F:60        RTS (from $CF66) ----------------------------------------------A:88 X:01 Y:00 S:F9 P:NvUBdIzC 
    $AB2F:BD FC 04  LDA $04FC,X @ $04FD = #$00                                     A:88 X:01 Y:00 S:FB P:NvUBdIzC 
    $AB32:05 C8     ORA $00C8 = #$00                                               A:00 X:01 Y:00 S:FB P:nvUBdIZC 
    $AB34:D0 6C     BNE $ABA2                                                      A:00 X:01 Y:00 S:FB P:nvUBdIZC 
    $AB36:A5 10     LDA $0010 = #$03                                               A:00 X:01 Y:00 S:FB P:nvUBdIZC 
    $AB38:C9 0B     CMP #$0B                                                       A:03 X:01 Y:00 S:FB P:nvUBdIzC 
    $AB3A:D0 12     BNE $AB4E                                                      A:03 X:01 Y:00 S:FB P:NvUBdIzc 
    $AB4E:C9 02     CMP #$02                                                       A:03 X:01 Y:00 S:FB P:NvUBdIzc 
    $AB50:D0 51     BNE $ABA3                                                      A:03 X:01 Y:00 S:FB P:nvUBdIzC 
    $ABA3:BD D0 05  LDA $05D0,X @ $05D1 = #$00                                     A:03 X:01 Y:00 S:FB P:nvUBdIzC 
    $ABA6:10 24     BPL $ABCC                                                      A:00 X:01 Y:00 S:FB P:nvUBdIZC 
    $ABCC:A5 10     LDA $0010 = #$03                                               A:00 X:01 Y:00 S:FB P:nvUBdIZC 
    $ABCE:C9 08     CMP #$08                                                       A:03 X:01 Y:00 S:FB P:nvUBdIzC 
    $ABD0:D0 1A     BNE $ABEC                                                      A:03 X:01 Y:00 S:FB P:NvUBdIzc 
    $ABEC:BD 38 05  LDA $0538,X @ $0539 = #$43                                     A:03 X:01 Y:00 S:FB P:NvUBdIzc 
    $ABEF:29 40     AND #$40                                                       A:43 X:01 Y:00 S:FB P:nvUBdIzc 
    $ABF1:F0 F6     BEQ $ABE9                                                      A:40 X:01 Y:00 S:FB P:nvUBdIzc 
    $ABF3:A4 10     LDY $0010 = #$03                                               A:40 X:01 Y:00 S:FB P:nvUBdIzc 
    $ABF5:C0 03     CPY #$03                                                       A:40 X:01 Y:03 S:FB P:nvUBdIzc 
    $ABF7:F0 33     BEQ $AC2C                                                      A:40 X:01 Y:03 S:FB P:nvUBdIZC 
    $AC2C:BD A2 04  LDA $04A2,X @ $04A3 = #$88                                     A:40 X:01 Y:03 S:FB P:nvUBdIZC 
    $AC2F:29 BF     AND #$BF                                                       A:88 X:01 Y:03 S:FB P:NvUBdIzC 
    $AC31:9D A2 04  STA $04A2,X @ $04A3 = #$88                                     A:88 X:01 Y:03 S:FB P:NvUBdIzC 
    $AC34:BD BD 03  LDA $03BD,X @ $03BE = #$00                                     A:88 X:01 Y:03 S:FB P:NvUBdIzC 
    $AC37:C9 01     CMP #$01                                                       A:00 X:01 Y:03 S:FB P:nvUBdIZC 
    $AC39:A9 3A     LDA #$3A                                                       A:00 X:01 Y:03 S:FB P:NvUBdIzc 
    $AC3B:90 45     BCC $AC82                                                      A:3A X:01 Y:03 S:FB P:nvUBdIzc 
    $AC82:4C 88 AD  JMP $AD88                                                      A:3A X:01 Y:03 S:FB P:nvUBdIzc 
    $AD88:9D B5 03  STA $03B5,X @ $03B6 = #$3A                                     A:3A X:01 Y:03 S:FB P:nvUBdIzc 
    $AD8B:60        RTS (from $88EC) ----------------------------------------------A:3A X:01 Y:03 S:FB P:nvUBdIzc 
  $87F6:A6 82     LDX $0082 = #$01                                               A:3A X:01 Y:03 S:FD P:nvUBdIzc 
  $87F8:BD C1 03  LDA $03C1,X @ $03C2 = #$02                                     A:3A X:01 Y:03 S:FD P:nvUBdIzc 
  $87FB:F0 CE     BEQ $87CB                                                      A:02 X:01 Y:03 S:FD P:nvUBdIzc 
  $87FD:1E A2 04  ASL $04A2,X @ $04A3 = #$88                                     A:02 X:01 Y:03 S:FD P:nvUBdIzc 
  $8800:A5 10     LDA $0010 = #$03                                               A:02 X:01 Y:03 S:FD P:nvUBdIzC 
  $8802:C9 05     CMP #$05                                                       A:03 X:01 Y:03 S:FD P:nvUBdIzC 
  $8804:F0 03     BEQ $8809                                                      A:03 X:01 Y:03 S:FD P:NvUBdIzc 
  $8806:4C 4E 88  JMP $884E                                                      A:03 X:01 Y:03 S:FD P:NvUBdIzc 
  $884E:C9 08     CMP #$08                                                       A:03 X:01 Y:03 S:FD P:NvUBdIzc 
  $8850:D0 2B     BNE $887D                                                      A:03 X:01 Y:03 S:FD P:NvUBdIzc 
  $887D:BD FD 03  LDA $03FD,X @ $03FE = #$4F                                     A:03 X:01 Y:03 S:FD P:NvUBdIzc 
  $8880:38        SEC                                                            A:4F X:01 Y:03 S:FD P:nvUBdIzc 
  $8881:E5 87     SBC $0087 = #$CB                                               A:4F X:01 Y:03 S:FD P:nvUBdIzC 
  $8883:9D 84 04  STA $0484,X @ $0485 = #$85                                     A:84 X:01 Y:03 S:FD P:NVUBdIzc 
  $8886:BD EE 03  LDA $03EE,X @ $03EF = #$06                                     A:84 X:01 Y:03 S:FD P:NVUBdIzc 
  $8889:E5 88     SBC $0088 = #$05                                               A:06 X:01 Y:03 S:FD P:nVUBdIzc 
  $888B:D0 52     BNE $88DF                                                      A:00 X:01 Y:03 S:FD P:nvUBdIZC 
  $888D:BD 1B 04  LDA $041B,X @ $041C = #$C4                                     A:00 X:01 Y:03 S:FD P:nvUBdIZC 
  $8890:38        SEC                                                            A:C4 X:01 Y:03 S:FD P:NvUBdIzC 
  $8891:FD 39 04  SBC $0439,X @ $043A = #$CE                                     A:C4 X:01 Y:03 S:FD P:NvUBdIzC 
  $8894:85 15     STA $0015 = #$C8                                               A:F6 X:01 Y:03 S:FD P:NvUBdIzc 
  $8896:BD 0C 04  LDA $040C,X @ $040D = #$00                                     A:F6 X:01 Y:03 S:FD P:NvUBdIzc 
  $8899:FD 2A 04  SBC $042A,X @ $042B = #$FF                                     A:00 X:01 Y:03 S:FD P:nvUBdIZc 
  $889C:85 16     STA $0016 = #$00                                               A:00 X:01 Y:03 S:FD P:nvUBdIZc 
  $889E:A5 F5     LDA $00F5 = #$00                                               A:00 X:01 Y:03 S:FD P:nvUBdIZc 
  $88A0:F0 0B     BEQ $88AD                                                      A:00 X:01 Y:03 S:FD P:nvUBdIZc 
  $88AD:A5 15     LDA $0015 = #$F6                                               A:00 X:01 Y:03 S:FD P:nvUBdIZc 
  $88AF:18        CLC                                                            A:F6 X:01 Y:03 S:FD P:NvUBdIzc 
  $88B0:7D 75 04  ADC $0475,X @ $0476 = #$08                                     A:F6 X:01 Y:03 S:FD P:NvUBdIzc 
  $88B3:90 02     BCC $88B7                                                      A:FE X:01 Y:03 S:FD P:NvUBdIzc 
  $88B7:38        SEC                                                            A:FE X:01 Y:03 S:FD P:NvUBdIzc 
  $88B8:E5 89     SBC $0089 = #$F0                                               A:FE X:01 Y:03 S:FD P:NvUBdIzC 
  $88BA:9D 93 04  STA $0493,X @ $0494 = #$0A                                     A:0E X:01 Y:03 S:FD P:nvUBdIzC 
  $88BD:A5 16     LDA $0016 = #$00                                               A:0E X:01 Y:03 S:FD P:nvUBdIzC 
  $88BF:E5 8A     SBC $008A = #$FF                                               A:00 X:01 Y:03 S:FD P:nvUBdIZC 
  $88C1:D0 03     BNE $88C6                                                      A:01 X:01 Y:03 S:FD P:nvUBdIzc 
  $88C6:C9 01     CMP #$01                                                       A:01 X:01 Y:03 S:FD P:nvUBdIzc 
  $88C8:D0 15     BNE $88DF                                                      A:01 X:01 Y:03 S:FD P:nvUBdIZC 
  $88CA:BD 93 04  LDA $0493,X @ $0494 = #$0E                                     A:01 X:01 Y:03 S:FD P:nvUBdIZC 
  $88CD:FD 75 04  SBC $0475,X @ $0476 = #$08                                     A:0E X:01 Y:03 S:FD P:nvUBdIzC 
  $88D0:B0 0E     BCS $88E0                                                      A:06 X:01 Y:03 S:FD P:nvUBdIzC 
  $88E0:7E A2 04  ROR $04A2,X @ $04A3 = #$10                                     A:06 X:01 Y:03 S:FD P:nvUBdIzC 
  $88E3:E8        INX                                                            A:06 X:01 Y:03 S:FD P:NvUBdIzc 
  $88E4:E0 0F     CPX #$0F                                                       A:06 X:02 Y:03 S:FD P:nvUBdIzc 
  $88E6:F0 03     BEQ $88EB                                                      A:06 X:02 Y:03 S:FD P:NvUBdIzc 
  $88E8:4C C4 87  JMP $87C4                                                      A:06 X:02 Y:03 S:FD P:NvUBdIzc 
  $87C4:86 82     STX $0082 = #$01                                               A:06 X:02 Y:03 S:FD P:NvUBdIzc 
  $87C6:BD C1 03  LDA $03C1,X @ $03C3 = #$18                                     A:06 X:02 Y:03 S:FD P:NvUBdIzc 
  $87C9:D0 08     BNE $87D3                                                      A:18 X:02 Y:03 S:FD P:nvUBdIzc 
  $87D3:0A        ASL                                                            A:18 X:02 Y:03 S:FD P:nvUBdIzc 
  $87D4:A8        TAY                                                            A:30 X:02 Y:03 S:FD P:nvUBdIzc 
  $87D5:B9 8A 9B  LDA $9B8A,Y @ $9BBA = #$E6                                     A:30 X:02 Y:30 S:FD P:nvUBdIzc 
  $87D8:85 19     STA $0019 = #$45                                               A:E6 X:02 Y:30 S:FD P:NvUBdIzc 
  $87DA:B9 8B 9B  LDA $9B8B,Y @ $9BBB = #$B2                                     A:E6 X:02 Y:30 S:FD P:NvUBdIzc 
  $87DD:85 1A     STA $001A = #$C0                                               A:B2 X:02 Y:30 S:FD P:NvUBdIzc 
  $87DF:BD 39 04  LDA $0439,X @ $043B = #$D2                                     A:B2 X:02 Y:30 S:FD P:NvUBdIzc 
  $87E2:85 AD     STA $00AD = #$D2                                               A:D2 X:02 Y:30 S:FD P:NvUBdIzc 
  $87E4:BD 2A 04  LDA $042A,X @ $042C = #$FF                                     A:D2 X:02 Y:30 S:FD P:NvUBdIzc 
  $87E7:85 AE     STA $00AE = #$FF                                               A:FF X:02 Y:30 S:FD P:NvUBdIzc 
  $87E9:BD A2 04  LDA $04A2,X @ $04A4 = #$88                                     A:FF X:02 Y:30 S:FD P:NvUBdIzc 
  $87EC:85 81     STA $0081 = #$88                                               A:88 X:02 Y:30 S:FD P:NvUBdIzc 
  $87EE:29 F7     AND #$F7                                                       A:88 X:02 Y:30 S:FD P:NvUBdIzc 
  $87F0:9D A2 04  STA $04A2,X @ $04A4 = #$88                                     A:80 X:02 Y:30 S:FD P:NvUBdIzc 
  $87F3:20 EC 88  JSR $88EC                                                      A:80 X:02 Y:30 S:FD P:NvUBdIzc 
    $88EC:6C 19 00  JMP ($0019) = $B2E6                                            A:80 X:02 Y:30 S:FB P:NvUBdIzc 
    $B2E6:BD 47 05  LDA $0547,X @ $0549 = #$00                                     A:80 X:02 Y:30 S:FB P:NvUBdIzc 
    $B2E9:F0 12     BEQ $B2FD                                                      A:00 X:02 Y:30 S:FB P:nvUBdIZc 
    $B2FD:BD 29 05  LDA $0529,X @ $052B = #$42                                     A:00 X:02 Y:30 S:FB P:nvUBdIZc 
    $B300:C9 40     CMP #$40                                                       A:42 X:02 Y:30 S:FB P:nvUBdIzc 
    $B302:B0 DF     BCS $B2E3                                                      A:42 X:02 Y:30 S:FB P:nvUBdIzC 
    $B2E3:4C 42 B2  JMP $B242                                                      A:42 X:02 Y:30 S:FB P:nvUBdIzC 
    $B242:20 EF 88  JSR $88EF                                                      A:42 X:02 Y:30 S:FB P:nvUBdIzC 
      $88EF:29 1F     AND #$1F                                                       A:42 X:02 Y:30 S:F9 P:nvUBdIzC 
      $88F1:A8        TAY                                                            A:02 X:02 Y:30 S:F9 P:nvUBdIzC 
      $88F2:88        DEY                                                            A:02 X:02 Y:02 S:F9 P:nvUBdIzC 
      $88F3:84 15     STY $0015 = #$F6                                               A:02 X:02 Y:01 S:F9 P:nvUBdIzC 
      $88F5:B9 47 05  LDA $0547,Y @ $0548 = #$00                                     A:02 X:02 Y:01 S:F9 P:nvUBdIzC 
      $88F8:F0 43     BEQ $893D                                                      A:00 X:02 Y:01 S:F9 P:nvUBdIZC 
      $893D:20 6D B1  JSR $B16D                                                      A:00 X:02 Y:01 S:F9 P:nvUBdIZC 
        $B16D:B9 2A 04  LDA $042A,Y @ $042B = #$FF                                     A:00 X:02 Y:01 S:F7 P:nvUBdIZC 
        $B170:9D 2A 04  STA $042A,X @ $042C = #$FF                                     A:FF X:02 Y:01 S:F7 P:NvUBdIzC 
        $B173:B9 39 04  LDA $0439,Y @ $043A = #$CE                                     A:FF X:02 Y:01 S:F7 P:NvUBdIzC 
        $B176:9D 39 04  STA $0439,X @ $043B = #$D2                                     A:CE X:02 Y:01 S:F7 P:NvUBdIzC 
        $B179:B9 EE 03  LDA $03EE,Y @ $03EF = #$06                                     A:CE X:02 Y:01 S:F7 P:NvUBdIzC 
        $B17C:9D EE 03  STA $03EE,X @ $03F0 = #$06                                     A:06 X:02 Y:01 S:F7 P:nvUBdIzC 
        $B17F:B9 FD 03  LDA $03FD,Y @ $03FE = #$4F                                     A:06 X:02 Y:01 S:F7 P:nvUBdIzC 
        $B182:9D FD 03  STA $03FD,X @ $03FF = #$4F                                     A:4F X:02 Y:01 S:F7 P:nvUBdIzC 
        $B185:B9 0C 04  LDA $040C,Y @ $040D = #$00                                     A:4F X:02 Y:01 S:F7 P:nvUBdIzC 
        $B188:9D 0C 04  STA $040C,X @ $040E = #$00                                     A:00 X:02 Y:01 S:F7 P:nvUBdIZC 
        $B18B:B9 1B 04  LDA $041B,Y @ $041C = #$C4                                     A:00 X:02 Y:01 S:F7 P:nvUBdIZC 
        $B18E:9D 1B 04  STA $041B,X @ $041D = #$C4                                     A:C4 X:02 Y:01 S:F7 P:NvUBdIzC 
        $B191:60        RTS (from $B16D) ----------------------------------------------A:C4 X:02 Y:01 S:F7 P:NvUBdIzC 
      $8940:BD A2 04  LDA $04A2,X @ $04A4 = #$80                                     A:C4 X:02 Y:01 S:F9 P:NvUBdIzC 
      $8943:29 03     AND #$03                                                       A:80 X:02 Y:01 S:F9 P:NvUBdIzC 
      $8945:19 A2 04  ORA $04A2,Y @ $04A3 = #$88                                     A:00 X:02 Y:01 S:F9 P:nvUBdIZC 
      $8948:09 08     ORA #$08                                                       A:88 X:02 Y:01 S:F9 P:NvUBdIzC 
      $894A:9D A2 04  STA $04A2,X @ $04A4 = #$80                                     A:88 X:02 Y:01 S:F9 P:NvUBdIzC 
      $894D:B9 B5 03  LDA $03B5,Y @ $03B6 = #$3A                                     A:88 X:02 Y:01 S:F9 P:NvUBdIzC 
      $8950:A8        TAY                                                            A:3A X:02 Y:01 S:F9 P:nvUBdIzC 
      $8951:A5 10     LDA $0010 = #$03                                               A:3A X:02 Y:3A S:F9 P:nvUBdIzC 
      $8953:C9 04     CMP #$04                                                       A:03 X:02 Y:3A S:F9 P:nvUBdIzC 
      $8955:B9 29 89  LDA $8929,Y @ $8963 = #$2B                                     A:03 X:02 Y:3A S:F9 P:NvUBdIzc 
      $8958:90 03     BCC $895D                                                      A:2B X:02 Y:3A S:F9 P:nvUBdIzc 
      $895D:9D D0 03  STA $03D0,X @ $03D2 = #$2B                                     A:2B X:02 Y:3A S:F9 P:nvUBdIzc 
      $8960:60        RTS (from $88EF) ----------------------------------------------A:2B X:02 Y:3A S:F9 P:nvUBdIzc 
    $B245:C9 2C     CMP #$2C                                                       A:2B X:02 Y:3A S:FB P:nvUBdIzc 
    $B247:D0 12     BNE $B25B                                                      A:2B X:02 Y:3A S:FB P:NvUBdIzc 
    $B25B:A4 15     LDY $0015 = #$01                                               A:2B X:02 Y:3A S:FB P:NvUBdIzc 
    $B25D:A5 10     LDA $0010 = #$03                                               A:2B X:02 Y:01 S:FB P:nvUBdIzc 
    $B25F:C9 0A     CMP #$0A                                                       A:03 X:02 Y:01 S:FB P:nvUBdIzc 
    $B261:F0 C7     BEQ $B22A                                                      A:03 X:02 Y:01 S:FB P:NvUBdIzc 
    $B263:A5 D5     LDA $00D5 = #$00                                               A:03 X:02 Y:01 S:FB P:NvUBdIzc 
    $B265:05 D4     ORA $00D4 = #$00                                               A:00 X:02 Y:01 S:FB P:nvUBdIZc 
    $B267:F0 05     BEQ $B26E                                                      A:00 X:02 Y:01 S:FB P:nvUBdIZc 
    $B26E:05 E4     ORA $00E4 = #$00                                               A:00 X:02 Y:01 S:FB P:nvUBdIZc 
    $B270:D0 13     BNE $B285                                                      A:00 X:02 Y:01 S:FB P:nvUBdIZc 
    $B272:BD FD 03  LDA $03FD,X @ $03FF = #$4F                                     A:00 X:02 Y:01 S:FB P:nvUBdIZc 
    $B275:38        SEC                                                            A:4F X:02 Y:01 S:FB P:nvUBdIzc 
    $B276:E5 87     SBC $0087 = #$CB                                               A:4F X:02 Y:01 S:FB P:nvUBdIzC 
    $B278:C9 60     CMP #$60                                                       A:84 X:02 Y:01 S:FB P:NVUBdIzc 
    $B27A:B0 09     BCS $B285                                                      A:84 X:02 Y:01 S:FB P:nVUBdIzC 
    $B285:A5 10     LDA $0010 = #$03                                               A:84 X:02 Y:01 S:FB P:nVUBdIzC 
    $B287:C9 0C     CMP #$0C                                                       A:03 X:02 Y:01 S:FB P:nVUBdIzC 
    $B289:D0 3E     BNE $B2C9                                                      A:03 X:02 Y:01 S:FB P:NVUBdIzc 
    $B2C9:60        RTS (from $88EC) ----------------------------------------------A:03 X:02 Y:01 S:FB P:NVUBdIzc 
  $87F6:A6 82     LDX $0082 = #$02                                               A:03 X:02 Y:01 S:FD P:NVUBdIzc 
  $87F8:BD C1 03  LDA $03C1,X @ $03C3 = #$18                                     A:03 X:02 Y:01 S:FD P:nVUBdIzc 
  $87FB:F0 CE     BEQ $87CB                                                      A:18 X:02 Y:01 S:FD P:nVUBdIzc 
  $87FD:1E A2 04  ASL $04A2,X @ $04A4 = #$88                                     A:18 X:02 Y:01 S:FD P:nVUBdIzc 
  $8800:A5 10     LDA $0010 = #$03                                               A:18 X:02 Y:01 S:FD P:nVUBdIzC 
  $8802:C9 05     CMP #$05                                                       A:03 X:02 Y:01 S:FD P:nVUBdIzC 
  $8804:F0 03     BEQ $8809                                                      A:03 X:02 Y:01 S:FD P:NVUBdIzc 
  $8806:4C 4E 88  JMP $884E                                                      A:03 X:02 Y:01 S:FD P:NVUBdIzc 
  $884E:C9 08     CMP #$08                                                       A:03 X:02 Y:01 S:FD P:NVUBdIzc 
  $8850:D0 2B     BNE $887D                                                      A:03 X:02 Y:01 S:FD P:NVUBdIzc 
  $887D:BD FD 03  LDA $03FD,X @ $03FF = #$4F                                     A:03 X:02 Y:01 S:FD P:NVUBdIzc 
  $8880:38        SEC                                                            A:4F X:02 Y:01 S:FD P:nVUBdIzc 
  $8881:E5 87     SBC $0087 = #$CB                                               A:4F X:02 Y:01 S:FD P:nVUBdIzC 
  $8883:9D 84 04  STA $0484,X @ $0486 = #$85                                     A:84 X:02 Y:01 S:FD P:NVUBdIzc 
  $8886:BD EE 03  LDA $03EE,X @ $03F0 = #$06                                     A:84 X:02 Y:01 S:FD P:NVUBdIzc 
  $8889:E5 88     SBC $0088 = #$05                                               A:06 X:02 Y:01 S:FD P:nVUBdIzc 
  $888B:D0 52     BNE $88DF                                                      A:00 X:02 Y:01 S:FD P:nvUBdIZC 
  $888D:BD 1B 04  LDA $041B,X @ $041D = #$C4                                     A:00 X:02 Y:01 S:FD P:nvUBdIZC 
  $8890:38        SEC                                                            A:C4 X:02 Y:01 S:FD P:NvUBdIzC 
  $8891:FD 39 04  SBC $0439,X @ $043B = #$CE                                     A:C4 X:02 Y:01 S:FD P:NvUBdIzC 
  $8894:85 15     STA $0015 = #$01                                               A:F6 X:02 Y:01 S:FD P:NvUBdIzc 
  $8896:BD 0C 04  LDA $040C,X @ $040E = #$00                                     A:F6 X:02 Y:01 S:FD P:NvUBdIzc 
  $8899:FD 2A 04  SBC $042A,X @ $042C = #$FF                                     A:00 X:02 Y:01 S:FD P:nvUBdIZc 
  $889C:85 16     STA $0016 = #$00                                               A:00 X:02 Y:01 S:FD P:nvUBdIZc 
  $889E:A5 F5     LDA $00F5 = #$00                                               A:00 X:02 Y:01 S:FD P:nvUBdIZc 
  $88A0:F0 0B     BEQ $88AD                                                      A:00 X:02 Y:01 S:FD P:nvUBdIZc 
  $88AD:A5 15     LDA $0015 = #$F6                                               A:00 X:02 Y:01 S:FD P:nvUBdIZc 
  $88AF:18        CLC                                                            A:F6 X:02 Y:01 S:FD P:NvUBdIzc 
  $88B0:7D 75 04  ADC $0475,X @ $0477 = #$00                                     A:F6 X:02 Y:01 S:FD P:NvUBdIzc 
  $88B3:90 02     BCC $88B7                                                      A:F6 X:02 Y:01 S:FD P:NvUBdIzc 
  $88B7:38        SEC                                                            A:F6 X:02 Y:01 S:FD P:NvUBdIzc 
  $88B8:E5 89     SBC $0089 = #$F0                                               A:F6 X:02 Y:01 S:FD P:NvUBdIzC 
  $88BA:9D 93 04  STA $0493,X @ $0495 = #$02                                     A:06 X:02 Y:01 S:FD P:nvUBdIzC 
  $88BD:A5 16     LDA $0016 = #$00                                               A:06 X:02 Y:01 S:FD P:nvUBdIzC 
  $88BF:E5 8A     SBC $008A = #$FF                                               A:00 X:02 Y:01 S:FD P:nvUBdIZC 
  $88C1:D0 03     BNE $88C6                                                      A:01 X:02 Y:01 S:FD P:nvUBdIzc 
  $88C6:C9 01     CMP #$01                                                       A:01 X:02 Y:01 S:FD P:nvUBdIzc 
  $88C8:D0 15     BNE $88DF                                                      A:01 X:02 Y:01 S:FD P:nvUBdIZC 
  $88CA:BD 93 04  LDA $0493,X @ $0495 = #$06                                     A:01 X:02 Y:01 S:FD P:nvUBdIZC 
  $88CD:FD 75 04  SBC $0475,X @ $0477 = #$00                                     A:06 X:02 Y:01 S:FD P:nvUBdIzC 
  $88D0:B0 0E     BCS $88E0                                                      A:06 X:02 Y:01 S:FD P:nvUBdIzC 
  $88E0:7E A2 04  ROR $04A2,X @ $04A4 = #$10                                     A:06 X:02 Y:01 S:FD P:nvUBdIzC 
  $88E3:E8        INX                                                            A:06 X:02 Y:01 S:FD P:NvUBdIzc 
  $88E4:E0 0F     CPX #$0F                                                       A:06 X:03 Y:01 S:FD P:nvUBdIzc 
  $88E6:F0 03     BEQ $88EB                                                      A:06 X:03 Y:01 S:FD P:NvUBdIzc 
  $88E8:4C C4 87  JMP $87C4                                                      A:06 X:03 Y:01 S:FD P:NvUBdIzc 
  $87C4:86 82     STX $0082 = #$02                                               A:06 X:03 Y:01 S:FD P:NvUBdIzc 
  $87C6:BD C1 03  LDA $03C1,X @ $03C4 = #$2C                                     A:06 X:03 Y:01 S:FD P:NvUBdIzc 
  $87C9:D0 08     BNE $87D3                                                      A:2C X:03 Y:01 S:FD P:nvUBdIzc 
  $87D3:0A        ASL                                                            A:2C X:03 Y:01 S:FD P:nvUBdIzc 
  $87D4:A8        TAY                                                            A:58 X:03 Y:01 S:FD P:nvUBdIzc 
  $87D5:B9 8A 9B  LDA $9B8A,Y @ $9BE2 = #$AE                                     A:58 X:03 Y:58 S:FD P:nvUBdIzc 
  $87D8:85 19     STA $0019 = #$E6                                               A:AE X:03 Y:58 S:FD P:NvUBdIzc 
  $87DA:B9 8B 9B  LDA $9B8B,Y @ $9BE3 = #$B9                                     A:AE X:03 Y:58 S:FD P:NvUBdIzc 
  $87DD:85 1A     STA $001A = #$B2                                               A:B9 X:03 Y:58 S:FD P:NvUBdIzc 
  $87DF:BD 39 04  LDA $0439,X @ $043C = #$D2                                     A:B9 X:03 Y:58 S:FD P:NvUBdIzc 
  $87E2:85 AD     STA $00AD = #$D2                                               A:D2 X:03 Y:58 S:FD P:NvUBdIzc 
  $87E4:BD 2A 04  LDA $042A,X @ $042D = #$FF                                     A:D2 X:03 Y:58 S:FD P:NvUBdIzc 
  $87E7:85 AE     STA $00AE = #$FF                                               A:FF X:03 Y:58 S:FD P:NvUBdIzc 
  $87E9:BD A2 04  LDA $04A2,X @ $04A5 = #$80                                     A:FF X:03 Y:58 S:FD P:NvUBdIzc 
  $87EC:85 81     STA $0081 = #$88                                               A:80 X:03 Y:58 S:FD P:NvUBdIzc 
  $87EE:29 F7     AND #$F7                                                       A:80 X:03 Y:58 S:FD P:NvUBdIzc 
  $87F0:9D A2 04  STA $04A2,X @ $04A5 = #$80                                     A:80 X:03 Y:58 S:FD P:NvUBdIzc 
  $87F3:20 EC 88  JSR $88EC                                                      A:80 X:03 Y:58 S:FD P:NvUBdIzc 
    $88EC:6C 19 00  JMP ($0019) = $B9AE                                            A:80 X:03 Y:58 S:FB P:NvUBdIzc 
    $B9AE:A5 D5     LDA $00D5 = #$00                                               A:80 X:03 Y:58 S:FB P:NvUBdIzc 
    $B9B0:20 20 B9  JSR $B920                                                      A:00 X:03 Y:58 S:FB P:nvUBdIZc 
      $B920:18        CLC                                                            A:00 X:03 Y:58 S:F9 P:nvUBdIZc 
      $B921:7D FD 03  ADC $03FD,X @ $0400 = #$4F                                     A:00 X:03 Y:58 S:F9 P:nvUBdIZc 
      $B924:9D FD 03  STA $03FD,X @ $0400 = #$4F                                     A:4F X:03 Y:58 S:F9 P:nvUBdIzc 
      $B927:90 03     BCC $B92C                                                      A:4F X:03 Y:58 S:F9 P:nvUBdIzc 
      $B92C:60        RTS (from $B920) ----------------------------------------------A:4F X:03 Y:58 S:F9 P:nvUBdIzc 
    $B9B3:20 4C 8F  JSR $8F4C                                                      A:4F X:03 Y:58 S:FB P:nvUBdIzc 
      $8F4C:BD 65 05  LDA $0565,X @ $0568 = #$00                                     A:4F X:03 Y:58 S:F9 P:nvUBdIzc 
      $8F4F:29 F0     AND #$F0                                                       A:00 X:03 Y:58 S:F9 P:nvUBdIZc 
      $8F51:F0 43     BEQ $8F96                                                      A:00 X:03 Y:58 S:F9 P:nvUBdIZc 
      $8F96:60        RTS (from $8F4C) ----------------------------------------------A:00 X:03 Y:58 S:F9 P:nvUBdIZc 
    $B9B6:A9 D0     LDA #$D0                                                       A:00 X:03 Y:58 S:FB P:nvUBdIZc 
    $B9B8:20 7A 8E  JSR $8E7A                                                      A:D0 X:03 Y:58 S:FB P:NvUBdIzc 
      $8E7A:85 15     STA $0015 = #$F6                                               A:D0 X:03 Y:58 S:F9 P:NvUBdIzc 
      $8E7C:BC C1 03  LDY $03C1,X @ $03C4 = #$2C                                     A:D0 X:03 Y:58 S:F9 P:NvUBdIzc 
      $8E7F:B9 09 9D  LDA $9D09,Y @ $9D35 = #$04                                     A:D0 X:03 Y:2C S:F9 P:nvUBdIzc 
      $8E82:29 0F     AND #$0F                                                       A:04 X:03 Y:2C S:F9 P:nvUBdIzc 
      $8E84:E0 02     CPX #$02                                                       A:04 X:03 Y:2C S:F9 P:nvUBdIzc 
      $8E86:B0 20     BCS $8EA8                                                      A:04 X:03 Y:2C S:F9 P:nvUBdIzC 
      $8EA8:85 1F     STA $001F = #$00                                               A:04 X:03 Y:2C S:F9 P:nvUBdIzC 
      $8EAA:BD 75 04  LDA $0475,X @ $0478 = #$00                                     A:04 X:03 Y:2C S:F9 P:nvUBdIzC 
      $8EAD:85 AF     STA $00AF = #$08                                               A:00 X:03 Y:2C S:F9 P:nvUBdIZC 
      $8EAF:A5 15     LDA $0015 = #$D0                                               A:00 X:03 Y:2C S:F9 P:nvUBdIZC 
      $8EB1:C9 80     CMP #$80                                                       A:D0 X:03 Y:2C S:F9 P:NvUBdIzC 
      $8EB3:B0 15     BCS $8ECA                                                      A:D0 X:03 Y:2C S:F9 P:nvUBdIzC 
      $8ECA:7D CF 04  ADC $04CF,X @ $04D2 = #$00                                     A:D0 X:03 Y:2C S:F9 P:nvUBdIzC 
      $8ECD:9D CF 04  STA $04CF,X @ $04D2 = #$00                                     A:D1 X:03 Y:2C S:F9 P:NvUBdIzc 
      $8ED0:B0 12     BCS $8EE4                                                      A:D1 X:03 Y:2C S:F9 P:NvUBdIzc 
      $8ED2:A5 1F     LDA $001F = #$04                                               A:D1 X:03 Y:2C S:F9 P:NvUBdIzc 
      $8ED4:7D C0 04  ADC $04C0,X @ $04C3 = #$04                                     A:04 X:03 Y:2C S:F9 P:nvUBdIzc 
      $8ED7:D0 05     BNE $8EDE                                                      A:08 X:03 Y:2C S:F9 P:nvUBdIzc 
      $8EDE:DE C0 04  DEC $04C0,X @ $04C3 = #$04                                     A:08 X:03 Y:2C S:F9 P:nvUBdIzc 
      $8EE1:BD CF 04  LDA $04CF,X @ $04D2 = #$D1                                     A:08 X:03 Y:2C S:F9 P:nvUBdIzc 
      $8EE4:18        CLC                                                            A:D1 X:03 Y:2C S:F9 P:NvUBdIzc 
      $8EE5:7D 66 04  ADC $0466,X @ $0469 = #$00                                     A:D1 X:03 Y:2C S:F9 P:NvUBdIzc 
      $8EE8:9D 66 04  STA $0466,X @ $0469 = #$00                                     A:D1 X:03 Y:2C S:F9 P:NvUBdIzc 
      $8EEB:BD C0 04  LDA $04C0,X @ $04C3 = #$03                                     A:D1 X:03 Y:2C S:F9 P:NvUBdIzc 
      $8EEE:85 15     STA $0015 = #$D0                                               A:03 X:03 Y:2C S:F9 P:nvUBdIzc 
      $8EF0:7D 39 04  ADC $0439,X @ $043C = #$D2                                     A:03 X:03 Y:2C S:F9 P:nvUBdIzc 
      $8EF3:9D 39 04  STA $0439,X @ $043C = #$D2                                     A:D5 X:03 Y:2C S:F9 P:NvUBdIzc 
      $8EF6:08        PHP                                                            A:D5 X:03 Y:2C S:F9 P:NvUBdIzc 
       $8EF7:A9 80     LDA #$80                                                       A:D5 X:03 Y:2C S:F8 P:NvUBdIzc 
       $8EF9:C5 15     CMP $0015 = #$03                                               A:80 X:03 Y:2C S:F8 P:NvUBdIzc 
       $8EFB:A9 00     LDA #$00                                                       A:80 X:03 Y:2C S:F8 P:nvUBdIzC 
       $8EFD:E9 00     SBC #$00                                                       A:00 X:03 Y:2C S:F8 P:nvUBdIZC 
       $8EFF:28        PLP                                                            A:00 X:03 Y:2C S:F8 P:nvUBdIZC 
      $8F00:7D 2A 04  ADC $042A,X @ $042D = #$FF                                     A:00 X:03 Y:2C S:F9 P:NvUBdIzc 
      $8F03:9D 2A 04  STA $042A,X @ $042D = #$FF                                     A:FF X:03 Y:2C S:F9 P:NvUBdIzc 
      $8F06:10 41     BPL $8F49                                                      A:FF X:03 Y:2C S:F9 P:NvUBdIzc 
      $8F08:C9 FF     CMP #$FF                                                       A:FF X:03 Y:2C S:F9 P:NvUBdIzc 
      $8F0A:D0 0F     BNE $8F1B                                                      A:FF X:03 Y:2C S:F9 P:nvUBdIZC 
      $8F0C:BD BF 03  LDA $03BF,X @ $03C2 = #$02                                     A:FF X:03 Y:2C S:F9 P:nvUBdIZC 
      $8F0F:2A        ROL                                                            A:02 X:03 Y:2C S:F9 P:nvUBdIzC 
      $8F10:A9 D0     LDA #$D0                                                       A:05 X:03 Y:2C S:F9 P:nvUBdIzc 
      $8F12:90 02     BCC $8F16                                                      A:D0 X:03 Y:2C S:F9 P:NvUBdIzc 
      $8F16:DD 39 04  CMP $0439,X @ $043C = #$D5                                     A:D0 X:03 Y:2C S:F9 P:NvUBdIzc 
      $8F19:90 2E     BCC $8F49                                                      A:D0 X:03 Y:2C S:F9 P:NvUBdIzc 
      $8F49:60        RTS (from $8E7A) ----------------------------------------------A:D0 X:03 Y:2C S:F9 P:NvUBdIzc 
    $B9BB:DE DE 04  DEC $04DE,X @ $04E1 = #$32                                     A:D0 X:03 Y:2C S:FB P:NvUBdIzc 
    $B9BE:F0 EB     BEQ $B9AB                                                      A:D0 X:03 Y:2C S:FB P:nvUBdIzc 
    $B9C0:60        RTS (from $88EC) ----------------------------------------------A:D0 X:03 Y:2C S:FB P:nvUBdIzc 
  $87F6:A6 82     LDX $0082 = #$03                                               A:D0 X:03 Y:2C S:FD P:nvUBdIzc 
  $87F8:BD C1 03  LDA $03C1,X @ $03C4 = #$2C                                     A:D0 X:03 Y:2C S:FD P:nvUBdIzc 
  $87FB:F0 CE     BEQ $87CB                                                      A:2C X:03 Y:2C S:FD P:nvUBdIzc 
  $87FD:1E A2 04  ASL $04A2,X @ $04A5 = #$80                                     A:2C X:03 Y:2C S:FD P:nvUBdIzc 
  $8800:A5 10     LDA $0010 = #$03                                               A:2C X:03 Y:2C S:FD P:nvUBdIZC 
  $8802:C9 05     CMP #$05                                                       A:03 X:03 Y:2C S:FD P:nvUBdIzC 
  $8804:F0 03     BEQ $8809                                                      A:03 X:03 Y:2C S:FD P:NvUBdIzc 
  $8806:4C 4E 88  JMP $884E                                                      A:03 X:03 Y:2C S:FD P:NvUBdIzc 
  $884E:C9 08     CMP #$08                                                       A:03 X:03 Y:2C S:FD P:NvUBdIzc 
  $8850:D0 2B     BNE $887D                                                      A:03 X:03 Y:2C S:FD P:NvUBdIzc 
  $887D:BD FD 03  LDA $03FD,X @ $0400 = #$4F                                     A:03 X:03 Y:2C S:FD P:NvUBdIzc 
  $8880:38        SEC                                                            A:4F X:03 Y:2C S:FD P:nvUBdIzc 
  $8881:E5 87     SBC $0087 = #$CB                                               A:4F X:03 Y:2C S:FD P:nvUBdIzC 
  $8883:9D 84 04  STA $0484,X @ $0487 = #$00                                     A:84 X:03 Y:2C S:FD P:NVUBdIzc 
  $8886:BD EE 03  LDA $03EE,X @ $03F1 = #$06                                     A:84 X:03 Y:2C S:FD P:NVUBdIzc 
  $8889:E5 88     SBC $0088 = #$05                                               A:06 X:03 Y:2C S:FD P:nVUBdIzc 
  $888B:D0 52     BNE $88DF                                                      A:00 X:03 Y:2C S:FD P:nvUBdIZC 
  $888D:BD 1B 04  LDA $041B,X @ $041E = #$C4                                     A:00 X:03 Y:2C S:FD P:nvUBdIZC 
  $8890:38        SEC                                                            A:C4 X:03 Y:2C S:FD P:NvUBdIzC 
  $8891:FD 39 04  SBC $0439,X @ $043C = #$D5                                     A:C4 X:03 Y:2C S:FD P:NvUBdIzC 
  $8894:85 15     STA $0015 = #$03                                               A:EF X:03 Y:2C S:FD P:NvUBdIzc 
  $8896:BD 0C 04  LDA $040C,X @ $040F = #$00                                     A:EF X:03 Y:2C S:FD P:NvUBdIzc 
  $8899:FD 2A 04  SBC $042A,X @ $042D = #$FF                                     A:00 X:03 Y:2C S:FD P:nvUBdIZc 
  $889C:85 16     STA $0016 = #$00                                               A:00 X:03 Y:2C S:FD P:nvUBdIZc 
  $889E:A5 F5     LDA $00F5 = #$00                                               A:00 X:03 Y:2C S:FD P:nvUBdIZc 
  $88A0:F0 0B     BEQ $88AD                                                      A:00 X:03 Y:2C S:FD P:nvUBdIZc 
  $88AD:A5 15     LDA $0015 = #$EF                                               A:00 X:03 Y:2C S:FD P:nvUBdIZc 
  $88AF:18        CLC                                                            A:EF X:03 Y:2C S:FD P:NvUBdIzc 
  $88B0:7D 75 04  ADC $0475,X @ $0478 = #$00                                     A:EF X:03 Y:2C S:FD P:NvUBdIzc 
  $88B3:90 02     BCC $88B7                                                      A:EF X:03 Y:2C S:FD P:NvUBdIzc 
  $88B7:38        SEC                                                            A:EF X:03 Y:2C S:FD P:NvUBdIzc 
  $88B8:E5 89     SBC $0089 = #$F0                                               A:EF X:03 Y:2C S:FD P:NvUBdIzC 
  $88BA:9D 93 04  STA $0493,X @ $0496 = #$00                                     A:FF X:03 Y:2C S:FD P:NvUBdIzc 
  $88BD:A5 16     LDA $0016 = #$00                                               A:FF X:03 Y:2C S:FD P:NvUBdIzc 
  $88BF:E5 8A     SBC $008A = #$FF                                               A:00 X:03 Y:2C S:FD P:nvUBdIZc 
  $88C1:D0 03     BNE $88C6                                                      A:00 X:03 Y:2C S:FD P:nvUBdIZc 
  $88C3:18        CLC                                                            A:00 X:03 Y:2C S:FD P:nvUBdIZc 
  $88C4:90 1A     BCC $88E0                                                      A:00 X:03 Y:2C S:FD P:nvUBdIZc 
  $88E0:7E A2 04  ROR $04A2,X @ $04A5 = #$00                                     A:00 X:03 Y:2C S:FD P:nvUBdIZc 
  $88E3:E8        INX                                                            A:00 X:03 Y:2C S:FD P:nvUBdIZc 
  $88E4:E0 0F     CPX #$0F                                                       A:00 X:04 Y:2C S:FD P:nvUBdIzc 
  $88E6:F0 03     BEQ $88EB                                                      A:00 X:04 Y:2C S:FD P:NvUBdIzc 
  $88E8:4C C4 87  JMP $87C4                                                      A:00 X:04 Y:2C S:FD P:NvUBdIzc 
  $87C4:86 82     STX $0082 = #$03                                               A:00 X:04 Y:2C S:FD P:NvUBdIzc 
  $87C6:BD C1 03  LDA $03C1,X @ $03C5 = #$2C                                     A:00 X:04 Y:2C S:FD P:NvUBdIzc 
  $87C9:D0 08     BNE $87D3                                                      A:2C X:04 Y:2C S:FD P:nvUBdIzc 
  $87D3:0A        ASL                                                            A:2C X:04 Y:2C S:FD P:nvUBdIzc 
  $87D4:A8        TAY                                                            A:58 X:04 Y:2C S:FD P:nvUBdIzc 
  $87D5:B9 8A 9B  LDA $9B8A,Y @ $9BE2 = #$AE                                     A:58 X:04 Y:58 S:FD P:nvUBdIzc 
  $87D8:85 19     STA $0019 = #$AE                                               A:AE X:04 Y:58 S:FD P:NvUBdIzc 
  $87DA:B9 8B 9B  LDA $9B8B,Y @ $9BE3 = #$B9                                     A:AE X:04 Y:58 S:FD P:NvUBdIzc 
  $87DD:85 1A     STA $001A = #$B9                                               A:B9 X:04 Y:58 S:FD P:NvUBdIzc 
  $87DF:BD 39 04  LDA $0439,X @ $043D = #$D2                                     A:B9 X:04 Y:58 S:FD P:NvUBdIzc 
  $87E2:85 AD     STA $00AD = #$D2                                               A:D2 X:04 Y:58 S:FD P:NvUBdIzc 
  $87E4:BD 2A 04  LDA $042A,X @ $042E = #$FF                                     A:D2 X:04 Y:58 S:FD P:NvUBdIzc 
  $87E7:85 AE     STA $00AE = #$FF                                               A:FF X:04 Y:58 S:FD P:NvUBdIzc 
  $87E9:BD A2 04  LDA $04A2,X @ $04A6 = #$80                                     A:FF X:04 Y:58 S:FD P:NvUBdIzc 
  $87EC:85 81     STA $0081 = #$80                                               A:80 X:04 Y:58 S:FD P:NvUBdIzc 
  $87EE:29 F7     AND #$F7                                                       A:80 X:04 Y:58 S:FD P:NvUBdIzc 
  $87F0:9D A2 04  STA $04A2,X @ $04A6 = #$80                                     A:80 X:04 Y:58 S:FD P:NvUBdIzc 
  $87F3:20 EC 88  JSR $88EC                                                      A:80 X:04 Y:58 S:FD P:NvUBdIzc 
    $88EC:6C 19 00  JMP ($0019) = $B9AE                                            A:80 X:04 Y:58 S:FB P:NvUBdIzc 
    $B9AE:A5 D5     LDA $00D5 = #$00                                               A:80 X:04 Y:58 S:FB P:NvUBdIzc 
    $B9B0:20 20 B9  JSR $B920                                                      A:00 X:04 Y:58 S:FB P:nvUBdIZc 
      $B920:18        CLC                                                            A:00 X:04 Y:58 S:F9 P:nvUBdIZc 
      $B921:7D FD 03  ADC $03FD,X @ $0401 = #$4F                                     A:00 X:04 Y:58 S:F9 P:nvUBdIZc 
      $B924:9D FD 03  STA $03FD,X @ $0401 = #$4F                                     A:4F X:04 Y:58 S:F9 P:nvUBdIzc 
      $B927:90 03     BCC $B92C                                                      A:4F X:04 Y:58 S:F9 P:nvUBdIzc 
      $B92C:60        RTS (from $B920) ----------------------------------------------A:4F X:04 Y:58 S:F9 P:nvUBdIzc 
    $B9B3:20 4C 8F  JSR $8F4C                                                      A:4F X:04 Y:58 S:FB P:nvUBdIzc 
      $8F4C:BD 65 05  LDA $0565,X @ $0569 = #$40                                     A:4F X:04 Y:58 S:F9 P:nvUBdIzc 
      $8F4F:29 F0     AND #$F0                                                       A:40 X:04 Y:58 S:F9 P:nvUBdIzc 
      $8F51:F0 43     BEQ $8F96                                                      A:40 X:04 Y:58 S:F9 P:nvUBdIzc 
      $8F53:85 15     STA $0015 = #$EF                                               A:40 X:04 Y:58 S:F9 P:nvUBdIzc 
      $8F55:BD 56 05  LDA $0556,X @ $055A = #$80                                     A:40 X:04 Y:58 S:F9 P:nvUBdIzc 
      $8F58:4A        LSR                                                            A:80 X:04 Y:58 S:F9 P:NvUBdIzc 
      $8F59:4A        LSR                                                            A:40 X:04 Y:58 S:F9 P:nvUBdIzc 
      $8F5A:29 0F     AND #$0F                                                       A:20 X:04 Y:58 S:F9 P:nvUBdIzc 
      $8F5C:85 17     STA $0017 = #$C8                                               A:00 X:04 Y:58 S:F9 P:nvUBdIZc 
      $8F5E:F0 06     BEQ $8F66                                                      A:00 X:04 Y:58 S:F9 P:nvUBdIZc 
      $8F66:A8        TAY                                                            A:00 X:04 Y:58 S:F9 P:nvUBdIZc 
      $8F67:29 07     AND #$07                                                       A:00 X:04 Y:00 S:F9 P:nvUBdIZc 
      $8F69:85 21     STA $0021 = #$00                                               A:00 X:04 Y:00 S:F9 P:nvUBdIZc 
      $8F6B:98        TYA                                                            A:00 X:04 Y:00 S:F9 P:nvUBdIZc 
      $8F6C:29 F8     AND #$F8                                                       A:00 X:04 Y:00 S:F9 P:nvUBdIZc 
      $8F6E:85 22     STA $0022 = #$00                                               A:00 X:04 Y:00 S:F9 P:nvUBdIZc 
      $8F70:A5 17     LDA $0017 = #$00                                               A:00 X:04 Y:00 S:F9 P:nvUBdIZc 
      $8F72:49 0F     EOR #$0F                                                       A:00 X:04 Y:00 S:F9 P:nvUBdIZc 
      $8F74:05 15     ORA $0015 = #$40                                               A:0F X:04 Y:00 S:F9 P:nvUBdIzc 
      $8F76:A8        TAY                                                            A:4F X:04 Y:00 S:F9 P:nvUBdIzc 
      $8F77:B9 3A 90  LDA $903A,Y @ $9089 = #$01                                     A:4F X:04 Y:4F S:F9 P:nvUBdIzc 
      $8F7A:A8        TAY                                                            A:01 X:04 Y:4F S:F9 P:nvUBdIzc 
      $8F7B:29 07     AND #$07                                                       A:01 X:04 Y:01 S:F9 P:nvUBdIzc 
      $8F7D:85 1B     STA $001B = #$00                                               A:01 X:04 Y:01 S:F9 P:nvUBdIzc 
      $8F7F:98        TYA                                                            A:01 X:04 Y:01 S:F9 P:nvUBdIzc 
      $8F80:29 F8     AND #$F8                                                       A:01 X:04 Y:01 S:F9 P:nvUBdIzc 
      $8F82:85 1C     STA $001C = #$A8                                               A:00 X:04 Y:01 S:F9 P:nvUBdIZc 
      $8F84:BD 56 05  LDA $0556,X @ $055A = #$80                                     A:00 X:04 Y:01 S:F9 P:nvUBdIZc 
      $8F87:29 C0     AND #$C0                                                       A:80 X:04 Y:01 S:F9 P:NvUBdIzc 
      $8F89:F0 65     BEQ $8FF0                                                      A:80 X:04 Y:01 S:F9 P:NvUBdIzc 
      $8F8B:C9 C0     CMP #$C0                                                       A:80 X:04 Y:01 S:F9 P:NvUBdIzc 
      $8F8D:F0 08     BEQ $8F97                                                      A:80 X:04 Y:01 S:F9 P:NvUBdIzc 
      $8F8F:C9 80     CMP #$80                                                       A:80 X:04 Y:01 S:F9 P:NvUBdIzc 
      $8F91:F0 31     BEQ $8FC4                                                      A:80 X:04 Y:01 S:F9 P:nvUBdIZC 
      $8FC4:BD 48 04  LDA $0448,X @ $044C = #$00                                     A:80 X:04 Y:01 S:F9 P:nvUBdIZC 
      $8FC7:E5 1C     SBC $001C = #$00                                               A:00 X:04 Y:01 S:F9 P:nvUBdIZC 
      $8FC9:9D 48 04  STA $0448,X @ $044C = #$00                                     A:00 X:04 Y:01 S:F9 P:nvUBdIZC 
      $8FCC:BD FD 03  LDA $03FD,X @ $0401 = #$4F                                     A:00 X:04 Y:01 S:F9 P:nvUBdIZC 
      $8FCF:E5 1B     SBC $001B = #$01                                               A:4F X:04 Y:01 S:F9 P:nvUBdIzC 
      $8FD1:9D FD 03  STA $03FD,X @ $0401 = #$4F                                     A:4E X:04 Y:01 S:F9 P:nvUBdIzC 
      $8FD4:B0 03     BCS $8FD9                                                      A:4E X:04 Y:01 S:F9 P:nvUBdIzC 
      $8FD9:BD 57 04  LDA $0457,X @ $045B = #$00                                     A:4E X:04 Y:01 S:F9 P:nvUBdIzC 
      $8FDC:18        CLC                                                            A:00 X:04 Y:01 S:F9 P:nvUBdIZC 
      $8FDD:65 22     ADC $0022 = #$00                                               A:00 X:04 Y:01 S:F9 P:nvUBdIZc 
      $8FDF:9D 57 04  STA $0457,X @ $045B = #$00                                     A:00 X:04 Y:01 S:F9 P:nvUBdIZc 
      $8FE2:BD 1B 04  LDA $041B,X @ $041F = #$C4                                     A:00 X:04 Y:01 S:F9 P:nvUBdIZc 
      $8FE5:65 21     ADC $0021 = #$00                                               A:C4 X:04 Y:01 S:F9 P:NvUBdIzc 
      $8FE7:9D 1B 04  STA $041B,X @ $041F = #$C4                                     A:C4 X:04 Y:01 S:F9 P:NvUBdIzc 
      $8FEA:90 03     BCC $8FEF                                                      A:C4 X:04 Y:01 S:F9 P:NvUBdIzc 
      $8FEF:60        RTS (from $8F4C) ----------------------------------------------A:C4 X:04 Y:01 S:F9 P:NvUBdIzc 
    $B9B6:A9 D0     LDA #$D0                                                       A:C4 X:04 Y:01 S:FB P:NvUBdIzc 
    $B9B8:20 7A 8E  JSR $8E7A                                                      A:D0 X:04 Y:01 S:FB P:NvUBdIzc 
      $8E7A:85 15     STA $0015 = #$40                                               A:D0 X:04 Y:01 S:F9 P:NvUBdIzc 
      $8E7C:BC C1 03  LDY $03C1,X @ $03C5 = #$2C                                     A:D0 X:04 Y:01 S:F9 P:NvUBdIzc 
      $8E7F:B9 09 9D  LDA $9D09,Y @ $9D35 = #$04                                     A:D0 X:04 Y:2C S:F9 P:nvUBdIzc 
      $8E82:29 0F     AND #$0F                                                       A:04 X:04 Y:2C S:F9 P:nvUBdIzc 
      $8E84:E0 02     CPX #$02                                                       A:04 X:04 Y:2C S:F9 P:nvUBdIzc 
      $8E86:B0 20     BCS $8EA8                                                      A:04 X:04 Y:2C S:F9 P:nvUBdIzC 
      $8EA8:85 1F     STA $001F = #$04                                               A:04 X:04 Y:2C S:F9 P:nvUBdIzC 
      $8EAA:BD 75 04  LDA $0475,X @ $0479 = #$00                                     A:04 X:04 Y:2C S:F9 P:nvUBdIzC 
      $8EAD:85 AF     STA $00AF = #$00                                               A:00 X:04 Y:2C S:F9 P:nvUBdIZC 
      $8EAF:A5 15     LDA $0015 = #$D0                                               A:00 X:04 Y:2C S:F9 P:nvUBdIZC 
      $8EB1:C9 80     CMP #$80                                                       A:D0 X:04 Y:2C S:F9 P:NvUBdIzC 
      $8EB3:B0 15     BCS $8ECA                                                      A:D0 X:04 Y:2C S:F9 P:nvUBdIzC 
      $8ECA:7D CF 04  ADC $04CF,X @ $04D3 = #$00                                     A:D0 X:04 Y:2C S:F9 P:nvUBdIzC 
      $8ECD:9D CF 04  STA $04CF,X @ $04D3 = #$00                                     A:D1 X:04 Y:2C S:F9 P:NvUBdIzc 
      $8ED0:B0 12     BCS $8EE4                                                      A:D1 X:04 Y:2C S:F9 P:NvUBdIzc 
      $8ED2:A5 1F     LDA $001F = #$04                                               A:D1 X:04 Y:2C S:F9 P:NvUBdIzc 
      $8ED4:7D C0 04  ADC $04C0,X @ $04C4 = #$05                                     A:04 X:04 Y:2C S:F9 P:nvUBdIzc 
      $8ED7:D0 05     BNE $8EDE                                                      A:09 X:04 Y:2C S:F9 P:nvUBdIzc 
      $8EDE:DE C0 04  DEC $04C0,X @ $04C4 = #$05                                     A:09 X:04 Y:2C S:F9 P:nvUBdIzc 
      $8EE1:BD CF 04  LDA $04CF,X @ $04D3 = #$D1                                     A:09 X:04 Y:2C S:F9 P:nvUBdIzc 
      $8EE4:18        CLC                                                            A:D1 X:04 Y:2C S:F9 P:NvUBdIzc 
      $8EE5:7D 66 04  ADC $0466,X @ $046A = #$00                                     A:D1 X:04 Y:2C S:F9 P:NvUBdIzc 
      $8EE8:9D 66 04  STA $0466,X @ $046A = #$00                                     A:D1 X:04 Y:2C S:F9 P:NvUBdIzc 
      $8EEB:BD C0 04  LDA $04C0,X @ $04C4 = #$04                                     A:D1 X:04 Y:2C S:F9 P:NvUBdIzc 
      $8EEE:85 15     STA $0015 = #$D0                                               A:04 X:04 Y:2C S:F9 P:nvUBdIzc 
      $8EF0:7D 39 04  ADC $0439,X @ $043D = #$D2                                     A:04 X:04 Y:2C S:F9 P:nvUBdIzc 
      $8EF3:9D 39 04  STA $0439,X @ $043D = #$D2                                     A:D6 X:04 Y:2C S:F9 P:NvUBdIzc 
      $8EF6:08        PHP                                                            A:D6 X:04 Y:2C S:F9 P:NvUBdIzc 
       $8EF7:A9 80     LDA #$80                                                       A:D6 X:04 Y:2C S:F8 P:NvUBdIzc 
       $8EF9:C5 15     CMP $0015 = #$04                                               A:80 X:04 Y:2C S:F8 P:NvUBdIzc 
       $8EFB:A9 00     LDA #$00                                                       A:80 X:04 Y:2C S:F8 P:nvUBdIzC 
       $8EFD:E9 00     SBC #$00                                                       A:00 X:04 Y:2C S:F8 P:nvUBdIZC 
       $8EFF:28        PLP                                                            A:00 X:04 Y:2C S:F8 P:nvUBdIZC 
      $8F00:7D 2A 04  ADC $042A,X @ $042E = #$FF                                     A:00 X:04 Y:2C S:F9 P:NvUBdIzc 
      $8F03:9D 2A 04  STA $042A,X @ $042E = #$FF                                     A:FF X:04 Y:2C S:F9 P:NvUBdIzc 
      $8F06:10 41     BPL $8F49                                                      A:FF X:04 Y:2C S:F9 P:NvUBdIzc 
      $8F08:C9 FF     CMP #$FF                                                       A:FF X:04 Y:2C S:F9 P:NvUBdIzc 
      $8F0A:D0 0F     BNE $8F1B                                                      A:FF X:04 Y:2C S:F9 P:nvUBdIZC 
      $8F0C:BD BF 03  LDA $03BF,X @ $03C3 = #$18                                     A:FF X:04 Y:2C S:F9 P:nvUBdIZC 
      $8F0F:2A        ROL                                                            A:18 X:04 Y:2C S:F9 P:nvUBdIzC 
      $8F10:A9 D0     LDA #$D0                                                       A:31 X:04 Y:2C S:F9 P:nvUBdIzc 
      $8F12:90 02     BCC $8F16                                                      A:D0 X:04 Y:2C S:F9 P:NvUBdIzc 
      $8F16:DD 39 04  CMP $0439,X @ $043D = #$D6                                     A:D0 X:04 Y:2C S:F9 P:NvUBdIzc 
      $8F19:90 2E     BCC $8F49                                                      A:D0 X:04 Y:2C S:F9 P:NvUBdIzc 
      $8F49:60        RTS (from $8E7A) ----------------------------------------------A:D0 X:04 Y:2C S:F9 P:NvUBdIzc 
    $B9BB:DE DE 04  DEC $04DE,X @ $04E2 = #$31                                     A:D0 X:04 Y:2C S:FB P:NvUBdIzc 
    $B9BE:F0 EB     BEQ $B9AB                                                      A:D0 X:04 Y:2C S:FB P:nvUBdIzc 
    $B9C0:60        RTS (from $88EC) ----------------------------------------------A:D0 X:04 Y:2C S:FB P:nvUBdIzc 
  $87F6:A6 82     LDX $0082 = #$04                                               A:D0 X:04 Y:2C S:FD P:nvUBdIzc 
  $87F8:BD C1 03  LDA $03C1,X @ $03C5 = #$2C                                     A:D0 X:04 Y:2C S:FD P:nvUBdIzc 
  $87FB:F0 CE     BEQ $87CB                                                      A:2C X:04 Y:2C S:FD P:nvUBdIzc 
  $87FD:1E A2 04  ASL $04A2,X @ $04A6 = #$80                                     A:2C X:04 Y:2C S:FD P:nvUBdIzc 
  $8800:A5 10     LDA $0010 = #$03                                               A:2C X:04 Y:2C S:FD P:nvUBdIZC 
  $8802:C9 05     CMP #$05                                                       A:03 X:04 Y:2C S:FD P:nvUBdIzC 
  $8804:F0 03     BEQ $8809                                                      A:03 X:04 Y:2C S:FD P:NvUBdIzc 
  $8806:4C 4E 88  JMP $884E                                                      A:03 X:04 Y:2C S:FD P:NvUBdIzc 
  $884E:C9 08     CMP #$08                                                       A:03 X:04 Y:2C S:FD P:NvUBdIzc 
  $8850:D0 2B     BNE $887D                                                      A:03 X:04 Y:2C S:FD P:NvUBdIzc 
  $887D:BD FD 03  LDA $03FD,X @ $0401 = #$4E                                     A:03 X:04 Y:2C S:FD P:NvUBdIzc 
  $8880:38        SEC                                                            A:4E X:04 Y:2C S:FD P:nvUBdIzc 
  $8881:E5 87     SBC $0087 = #$CB                                               A:4E X:04 Y:2C S:FD P:nvUBdIzC 
  $8883:9D 84 04  STA $0484,X @ $0488 = #$00                                     A:83 X:04 Y:2C S:FD P:NVUBdIzc 
  $8886:BD EE 03  LDA $03EE,X @ $03F2 = #$06                                     A:83 X:04 Y:2C S:FD P:NVUBdIzc 
  $8889:E5 88     SBC $0088 = #$05                                               A:06 X:04 Y:2C S:FD P:nVUBdIzc 
  $888B:D0 52     BNE $88DF                                                      A:00 X:04 Y:2C S:FD P:nvUBdIZC 
  $888D:BD 1B 04  LDA $041B,X @ $041F = #$C4                                     A:00 X:04 Y:2C S:FD P:nvUBdIZC 
  $8890:38        SEC                                                            A:C4 X:04 Y:2C S:FD P:NvUBdIzC 
  $8891:FD 39 04  SBC $0439,X @ $043D = #$D6                                     A:C4 X:04 Y:2C S:FD P:NvUBdIzC 
  $8894:85 15     STA $0015 = #$04                                               A:EE X:04 Y:2C S:FD P:NvUBdIzc 
  $8896:BD 0C 04  LDA $040C,X @ $0410 = #$00                                     A:EE X:04 Y:2C S:FD P:NvUBdIzc 
  $8899:FD 2A 04  SBC $042A,X @ $042E = #$FF                                     A:00 X:04 Y:2C S:FD P:nvUBdIZc 
  $889C:85 16     STA $0016 = #$00                                               A:00 X:04 Y:2C S:FD P:nvUBdIZc 
  $889E:A5 F5     LDA $00F5 = #$00                                               A:00 X:04 Y:2C S:FD P:nvUBdIZc 
  $88A0:F0 0B     BEQ $88AD                                                      A:00 X:04 Y:2C S:FD P:nvUBdIZc 
  $88AD:A5 15     LDA $0015 = #$EE                                               A:00 X:04 Y:2C S:FD P:nvUBdIZc 
  $88AF:18        CLC                                                            A:EE X:04 Y:2C S:FD P:NvUBdIzc 
  $88B0:7D 75 04  ADC $0475,X @ $0479 = #$00                                     A:EE X:04 Y:2C S:FD P:NvUBdIzc 
  $88B3:90 02     BCC $88B7                                                      A:EE X:04 Y:2C S:FD P:NvUBdIzc 
  $88B7:38        SEC                                                            A:EE X:04 Y:2C S:FD P:NvUBdIzc 
  $88B8:E5 89     SBC $0089 = #$F0                                               A:EE X:04 Y:2C S:FD P:NvUBdIzC 
  $88BA:9D 93 04  STA $0493,X @ $0497 = #$00                                     A:FE X:04 Y:2C S:FD P:NvUBdIzc 
  $88BD:A5 16     LDA $0016 = #$00                                               A:FE X:04 Y:2C S:FD P:NvUBdIzc 
  $88BF:E5 8A     SBC $008A = #$FF                                               A:00 X:04 Y:2C S:FD P:nvUBdIZc 
  $88C1:D0 03     BNE $88C6                                                      A:00 X:04 Y:2C S:FD P:nvUBdIZc 
  $88C3:18        CLC                                                            A:00 X:04 Y:2C S:FD P:nvUBdIZc 
  $88C4:90 1A     BCC $88E0                                                      A:00 X:04 Y:2C S:FD P:nvUBdIZc 
  $88E0:7E A2 04  ROR $04A2,X @ $04A6 = #$00                                     A:00 X:04 Y:2C S:FD P:nvUBdIZc 
  $88E3:E8        INX                                                            A:00 X:04 Y:2C S:FD P:nvUBdIZc 
  $88E4:E0 0F     CPX #$0F                                                       A:00 X:05 Y:2C S:FD P:nvUBdIzc 
  $88E6:F0 03     BEQ $88EB                                                      A:00 X:05 Y:2C S:FD P:NvUBdIzc 
  $88E8:4C C4 87  JMP $87C4                                                      A:00 X:05 Y:2C S:FD P:NvUBdIzc 
  $87C4:86 82     STX $0082 = #$04                                               A:00 X:05 Y:2C S:FD P:NvUBdIzc 
  $87C6:BD C1 03  LDA $03C1,X @ $03C6 = #$2C                                     A:00 X:05 Y:2C S:FD P:NvUBdIzc 
  $87C9:D0 08     BNE $87D3                                                      A:2C X:05 Y:2C S:FD P:nvUBdIzc 
  $87D3:0A        ASL                                                            A:2C X:05 Y:2C S:FD P:nvUBdIzc 
  $87D4:A8        TAY                                                            A:58 X:05 Y:2C S:FD P:nvUBdIzc 
  $87D5:B9 8A 9B  LDA $9B8A,Y @ $9BE2 = #$AE                                     A:58 X:05 Y:58 S:FD P:nvUBdIzc 
  $87D8:85 19     STA $0019 = #$AE                                               A:AE X:05 Y:58 S:FD P:NvUBdIzc 
  $87DA:B9 8B 9B  LDA $9B8B,Y @ $9BE3 = #$B9                                     A:AE X:05 Y:58 S:FD P:NvUBdIzc 
  $87DD:85 1A     STA $001A = #$B9                                               A:B9 X:05 Y:58 S:FD P:NvUBdIzc 
  $87DF:BD 39 04  LDA $0439,X @ $043E = #$D2                                     A:B9 X:05 Y:58 S:FD P:NvUBdIzc 
  $87E2:85 AD     STA $00AD = #$D2                                               A:D2 X:05 Y:58 S:FD P:NvUBdIzc 
  $87E4:BD 2A 04  LDA $042A,X @ $042F = #$FF                                     A:D2 X:05 Y:58 S:FD P:NvUBdIzc 
  $87E7:85 AE     STA $00AE = #$FF                                               A:FF X:05 Y:58 S:FD P:NvUBdIzc 
  $87E9:BD A2 04  LDA $04A2,X @ $04A7 = #$80                                     A:FF X:05 Y:58 S:FD P:NvUBdIzc 
  $87EC:85 81     STA $0081 = #$80                                               A:80 X:05 Y:58 S:FD P:NvUBdIzc 
  $87EE:29 F7     AND #$F7                                                       A:80 X:05 Y:58 S:FD P:NvUBdIzc 
  $87F0:9D A2 04  STA $04A2,X @ $04A7 = #$80                                     A:80 X:05 Y:58 S:FD P:NvUBdIzc 
  $87F3:20 EC 88  JSR $88EC                                                      A:80 X:05 Y:58 S:FD P:NvUBdIzc 
    $88EC:6C 19 00  JMP ($0019) = $B9AE                                            A:80 X:05 Y:58 S:FB P:NvUBdIzc 
    $B9AE:A5 D5     LDA $00D5 = #$00                                               A:80 X:05 Y:58 S:FB P:NvUBdIzc 
    $B9B0:20 20 B9  JSR $B920                                                      A:00 X:05 Y:58 S:FB P:nvUBdIZc 
      $B920:18        CLC                                                            A:00 X:05 Y:58 S:F9 P:nvUBdIZc 
      $B921:7D FD 03  ADC $03FD,X @ $0402 = #$4F                                     A:00 X:05 Y:58 S:F9 P:nvUBdIZc 
      $B924:9D FD 03  STA $03FD,X @ $0402 = #$4F                                     A:4F X:05 Y:58 S:F9 P:nvUBdIzc 
      $B927:90 03     BCC $B92C                                                      A:4F X:05 Y:58 S:F9 P:nvUBdIzc 
      $B92C:60        RTS (from $B920) ----------------------------------------------A:4F X:05 Y:58 S:F9 P:nvUBdIzc 
    $B9B3:20 4C 8F  JSR $8F4C                                                      A:4F X:05 Y:58 S:FB P:nvUBdIzc 
      $8F4C:BD 65 05  LDA $0565,X @ $056A = #$40                                     A:4F X:05 Y:58 S:F9 P:nvUBdIzc 
      $8F4F:29 F0     AND #$F0                                                       A:40 X:05 Y:58 S:F9 P:nvUBdIzc 
      $8F51:F0 43     BEQ $8F96                                                      A:40 X:05 Y:58 S:F9 P:nvUBdIzc 
      $8F53:85 15     STA $0015 = #$EE                                               A:40 X:05 Y:58 S:F9 P:nvUBdIzc 
      $8F55:BD 56 05  LDA $0556,X @ $055B = #$00                                     A:40 X:05 Y:58 S:F9 P:nvUBdIzc 
      $8F58:4A        LSR                                                            A:00 X:05 Y:58 S:F9 P:nvUBdIZc 
      $8F59:4A        LSR                                                            A:00 X:05 Y:58 S:F9 P:nvUBdIZc 
      $8F5A:29 0F     AND #$0F                                                       A:00 X:05 Y:58 S:F9 P:nvUBdIZc 
      $8F5C:85 17     STA $0017 = #$00                                               A:00 X:05 Y:58 S:F9 P:nvUBdIZc 
      $8F5E:F0 06     BEQ $8F66                                                      A:00 X:05 Y:58 S:F9 P:nvUBdIZc 
      $8F66:A8        TAY                                                            A:00 X:05 Y:58 S:F9 P:nvUBdIZc 
      $8F67:29 07     AND #$07                                                       A:00 X:05 Y:00 S:F9 P:nvUBdIZc 
      $8F69:85 21     STA $0021 = #$00                                               A:00 X:05 Y:00 S:F9 P:nvUBdIZc 
      $8F6B:98        TYA                                                            A:00 X:05 Y:00 S:F9 P:nvUBdIZc 
      $8F6C:29 F8     AND #$F8                                                       A:00 X:05 Y:00 S:F9 P:nvUBdIZc 
      $8F6E:85 22     STA $0022 = #$00                                               A:00 X:05 Y:00 S:F9 P:nvUBdIZc 
      $8F70:A5 17     LDA $0017 = #$00                                               A:00 X:05 Y:00 S:F9 P:nvUBdIZc 
      $8F72:49 0F     EOR #$0F                                                       A:00 X:05 Y:00 S:F9 P:nvUBdIZc 
      $8F74:05 15     ORA $0015 = #$40                                               A:0F X:05 Y:00 S:F9 P:nvUBdIzc 
      $8F76:A8        TAY                                                            A:4F X:05 Y:00 S:F9 P:nvUBdIzc 
      $8F77:B9 3A 90  LDA $903A,Y @ $9089 = #$01                                     A:4F X:05 Y:4F S:F9 P:nvUBdIzc 
      $8F7A:A8        TAY                                                            A:01 X:05 Y:4F S:F9 P:nvUBdIzc 
      $8F7B:29 07     AND #$07                                                       A:01 X:05 Y:01 S:F9 P:nvUBdIzc 
      $8F7D:85 1B     STA $001B = #$01                                               A:01 X:05 Y:01 S:F9 P:nvUBdIzc 
      $8F7F:98        TYA                                                            A:01 X:05 Y:01 S:F9 P:nvUBdIzc 
      $8F80:29 F8     AND #$F8                                                       A:01 X:05 Y:01 S:F9 P:nvUBdIzc 
      $8F82:85 1C     STA $001C = #$00                                               A:00 X:05 Y:01 S:F9 P:nvUBdIZc 
      $8F84:BD 56 05  LDA $0556,X @ $055B = #$00                                     A:00 X:05 Y:01 S:F9 P:nvUBdIZc 
      $8F87:29 C0     AND #$C0                                                       A:00 X:05 Y:01 S:F9 P:nvUBdIZc 
      $8F89:F0 65     BEQ $8FF0                                                      A:00 X:05 Y:01 S:F9 P:nvUBdIZc 
      $8FF0:BD 48 04  LDA $0448,X @ $044D = #$00                                     A:00 X:05 Y:01 S:F9 P:nvUBdIZc 
      $8FF3:18        CLC                                                            A:00 X:05 Y:01 S:F9 P:nvUBdIZc 
      $8FF4:65 1C     ADC $001C = #$00                                               A:00 X:05 Y:01 S:F9 P:nvUBdIZc 
      $8FF6:9D 48 04  STA $0448,X @ $044D = #$00                                     A:00 X:05 Y:01 S:F9 P:nvUBdIZc 
      $8FF9:BD FD 03  LDA $03FD,X @ $0402 = #$4F                                     A:00 X:05 Y:01 S:F9 P:nvUBdIZc 
      $8FFC:65 1B     ADC $001B = #$01                                               A:4F X:05 Y:01 S:F9 P:nvUBdIzc 
      $8FFE:9D FD 03  STA $03FD,X @ $0402 = #$4F                                     A:50 X:05 Y:01 S:F9 P:nvUBdIzc 
      $9001:90 03     BCC $9006                                                      A:50 X:05 Y:01 S:F9 P:nvUBdIzc 
      $9006:BD 57 04  LDA $0457,X @ $045C = #$00                                     A:50 X:05 Y:01 S:F9 P:nvUBdIzc 
      $9009:38        SEC                                                            A:00 X:05 Y:01 S:F9 P:nvUBdIZc 
      $900A:E5 22     SBC $0022 = #$00                                               A:00 X:05 Y:01 S:F9 P:nvUBdIZC 
      $900C:9D 57 04  STA $0457,X @ $045C = #$00                                     A:00 X:05 Y:01 S:F9 P:nvUBdIZC 
      $900F:BD 1B 04  LDA $041B,X @ $0420 = #$C4                                     A:00 X:05 Y:01 S:F9 P:nvUBdIZC 
      $9012:E5 21     SBC $0021 = #$00                                               A:C4 X:05 Y:01 S:F9 P:NvUBdIzC 
      $9014:9D 1B 04  STA $041B,X @ $0420 = #$C4                                     A:C4 X:05 Y:01 S:F9 P:NvUBdIzC 
      $9017:B0 03     BCS $901C                                                      A:C4 X:05 Y:01 S:F9 P:NvUBdIzC 
      $901C:60        RTS (from $8F4C) ----------------------------------------------A:C4 X:05 Y:01 S:F9 P:NvUBdIzC 
    $B9B6:A9 D0     LDA #$D0                                                       A:C4 X:05 Y:01 S:FB P:NvUBdIzC 
    $B9B8:20 7A 8E  JSR $8E7A                                                      A:D0 X:05 Y:01 S:FB P:NvUBdIzC 
      $8E7A:85 15     STA $0015 = #$40                                               A:D0 X:05 Y:01 S:F9 P:NvUBdIzC 
      $8E7C:BC C1 03  LDY $03C1,X @ $03C6 = #$2C                                     A:D0 X:05 Y:01 S:F9 P:NvUBdIzC 
      $8E7F:B9 09 9D  LDA $9D09,Y @ $9D35 = #$04                                     A:D0 X:05 Y:2C S:F9 P:nvUBdIzC 
      $8E82:29 0F     AND #$0F                                                       A:04 X:05 Y:2C S:F9 P:nvUBdIzC 
      $8E84:E0 02     CPX #$02                                                       A:04 X:05 Y:2C S:F9 P:nvUBdIzC 
      $8E86:B0 20     BCS $8EA8                                                      A:04 X:05 Y:2C S:F9 P:nvUBdIzC 
      $8EA8:85 1F     STA $001F = #$04                                               A:04 X:05 Y:2C S:F9 P:nvUBdIzC 
      $8EAA:BD 75 04  LDA $0475,X @ $047A = #$00                                     A:04 X:05 Y:2C S:F9 P:nvUBdIzC 
      $8EAD:85 AF     STA $00AF = #$00                                               A:00 X:05 Y:2C S:F9 P:nvUBdIZC 
      $8EAF:A5 15     LDA $0015 = #$D0                                               A:00 X:05 Y:2C S:F9 P:nvUBdIZC 
      $8EB1:C9 80     CMP #$80                                                       A:D0 X:05 Y:2C S:F9 P:NvUBdIzC 
      $8EB3:B0 15     BCS $8ECA                                                      A:D0 X:05 Y:2C S:F9 P:nvUBdIzC 
      $8ECA:7D CF 04  ADC $04CF,X @ $04D4 = #$00                                     A:D0 X:05 Y:2C S:F9 P:nvUBdIzC 
      $8ECD:9D CF 04  STA $04CF,X @ $04D4 = #$00                                     A:D1 X:05 Y:2C S:F9 P:NvUBdIzc 
      $8ED0:B0 12     BCS $8EE4                                                      A:D1 X:05 Y:2C S:F9 P:NvUBdIzc 
      $8ED2:A5 1F     LDA $001F = #$04                                               A:D1 X:05 Y:2C S:F9 P:NvUBdIzc 
      $8ED4:7D C0 04  ADC $04C0,X @ $04C5 = #$05                                     A:04 X:05 Y:2C S:F9 P:nvUBdIzc 
      $8ED7:D0 05     BNE $8EDE                                                      A:09 X:05 Y:2C S:F9 P:nvUBdIzc 
      $8EDE:DE C0 04  DEC $04C0,X @ $04C5 = #$05                                     A:09 X:05 Y:2C S:F9 P:nvUBdIzc 
      $8EE1:BD CF 04  LDA $04CF,X @ $04D4 = #$D1                                     A:09 X:05 Y:2C S:F9 P:nvUBdIzc 
      $8EE4:18        CLC                                                            A:D1 X:05 Y:2C S:F9 P:NvUBdIzc 
      $8EE5:7D 66 04  ADC $0466,X @ $046B = #$00                                     A:D1 X:05 Y:2C S:F9 P:NvUBdIzc 
      $8EE8:9D 66 04  STA $0466,X @ $046B = #$00                                     A:D1 X:05 Y:2C S:F9 P:NvUBdIzc 
      $8EEB:BD C0 04  LDA $04C0,X @ $04C5 = #$04                                     A:D1 X:05 Y:2C S:F9 P:NvUBdIzc 
      $8EEE:85 15     STA $0015 = #$D0                                               A:04 X:05 Y:2C S:F9 P:nvUBdIzc 
      $8EF0:7D 39 04  ADC $0439,X @ $043E = #$D2                                     A:04 X:05 Y:2C S:F9 P:nvUBdIzc 
      $8EF3:9D 39 04  STA $0439,X @ $043E = #$D2                                     A:D6 X:05 Y:2C S:F9 P:NvUBdIzc 
      $8EF6:08        PHP                                                            A:D6 X:05 Y:2C S:F9 P:NvUBdIzc 
       $8EF7:A9 80     LDA #$80                                                       A:D6 X:05 Y:2C S:F8 P:NvUBdIzc 
       $8EF9:C5 15     CMP $0015 = #$04                                               A:80 X:05 Y:2C S:F8 P:NvUBdIzc 
       $8EFB:A9 00     LDA #$00                                                       A:80 X:05 Y:2C S:F8 P:nvUBdIzC 
       $8EFD:E9 00     SBC #$00                                                       A:00 X:05 Y:2C S:F8 P:nvUBdIZC 
       $8EFF:28        PLP                                                            A:00 X:05 Y:2C S:F8 P:nvUBdIZC 
      $8F00:7D 2A 04  ADC $042A,X @ $042F = #$FF                                     A:00 X:05 Y:2C S:F9 P:NvUBdIzc 
      $8F03:9D 2A 04  STA $042A,X @ $042F = #$FF                                     A:FF X:05 Y:2C S:F9 P:NvUBdIzc 
      $8F06:10 41     BPL $8F49                                                      A:FF X:05 Y:2C S:F9 P:NvUBdIzc 
      $8F08:C9 FF     CMP #$FF                                                       A:FF X:05 Y:2C S:F9 P:NvUBdIzc 
      $8F0A:D0 0F     BNE $8F1B                                                      A:FF X:05 Y:2C S:F9 P:nvUBdIZC 
      $8F0C:BD BF 03  LDA $03BF,X @ $03C4 = #$2C                                     A:FF X:05 Y:2C S:F9 P:nvUBdIZC 
      $8F0F:2A        ROL                                                            A:2C X:05 Y:2C S:F9 P:nvUBdIzC 
      $8F10:A9 D0     LDA #$D0                                                       A:59 X:05 Y:2C S:F9 P:nvUBdIzc 
      $8F12:90 02     BCC $8F16                                                      A:D0 X:05 Y:2C S:F9 P:NvUBdIzc 
      $8F16:DD 39 04  CMP $0439,X @ $043E = #$D6                                     A:D0 X:05 Y:2C S:F9 P:NvUBdIzc 
      $8F19:90 2E     BCC $8F49                                                      A:D0 X:05 Y:2C S:F9 P:NvUBdIzc 
      $8F49:60        RTS (from $8E7A) ----------------------------------------------A:D0 X:05 Y:2C S:F9 P:NvUBdIzc 
    $B9BB:DE DE 04  DEC $04DE,X @ $04E3 = #$30                                     A:D0 X:05 Y:2C S:FB P:NvUBdIzc 
    $B9BE:F0 EB     BEQ $B9AB                                                      A:D0 X:05 Y:2C S:FB P:nvUBdIzc 
    $B9C0:60        RTS (from $88EC) ----------------------------------------------A:D0 X:05 Y:2C S:FB P:nvUBdIzc 
  $87F6:A6 82     LDX $0082 = #$05                                               A:D0 X:05 Y:2C S:FD P:nvUBdIzc 
  $87F8:BD C1 03  LDA $03C1,X @ $03C6 = #$2C                                     A:D0 X:05 Y:2C S:FD P:nvUBdIzc 
  $87FB:F0 CE     BEQ $87CB                                                      A:2C X:05 Y:2C S:FD P:nvUBdIzc 
  $87FD:1E A2 04  ASL $04A2,X @ $04A7 = #$80                                     A:2C X:05 Y:2C S:FD P:nvUBdIzc 
  $8800:A5 10     LDA $0010 = #$03                                               A:2C X:05 Y:2C S:FD P:nvUBdIZC 
  $8802:C9 05     CMP #$05                                                       A:03 X:05 Y:2C S:FD P:nvUBdIzC 
  $8804:F0 03     BEQ $8809                                                      A:03 X:05 Y:2C S:FD P:NvUBdIzc 
  $8806:4C 4E 88  JMP $884E                                                      A:03 X:05 Y:2C S:FD P:NvUBdIzc 
  $884E:C9 08     CMP #$08                                                       A:03 X:05 Y:2C S:FD P:NvUBdIzc 
  $8850:D0 2B     BNE $887D                                                      A:03 X:05 Y:2C S:FD P:NvUBdIzc 
  $887D:BD FD 03  LDA $03FD,X @ $0402 = #$50                                     A:03 X:05 Y:2C S:FD P:NvUBdIzc 
  $8880:38        SEC                                                            A:50 X:05 Y:2C S:FD P:nvUBdIzc 
  $8881:E5 87     SBC $0087 = #$CB                                               A:50 X:05 Y:2C S:FD P:nvUBdIzC 
  $8883:9D 84 04  STA $0484,X @ $0489 = #$00                                     A:85 X:05 Y:2C S:FD P:NVUBdIzc 
  $8886:BD EE 03  LDA $03EE,X @ $03F3 = #$06                                     A:85 X:05 Y:2C S:FD P:NVUBdIzc 
  $8889:E5 88     SBC $0088 = #$05                                               A:06 X:05 Y:2C S:FD P:nVUBdIzc 
  $888B:D0 52     BNE $88DF                                                      A:00 X:05 Y:2C S:FD P:nvUBdIZC 
  $888D:BD 1B 04  LDA $041B,X @ $0420 = #$C4                                     A:00 X:05 Y:2C S:FD P:nvUBdIZC 
  $8890:38        SEC                                                            A:C4 X:05 Y:2C S:FD P:NvUBdIzC 
  $8891:FD 39 04  SBC $0439,X @ $043E = #$D6                                     A:C4 X:05 Y:2C S:FD P:NvUBdIzC 
  $8894:85 15     STA $0015 = #$04                                               A:EE X:05 Y:2C S:FD P:NvUBdIzc 
  $8896:BD 0C 04  LDA $040C,X @ $0411 = #$00                                     A:EE X:05 Y:2C S:FD P:NvUBdIzc 
  $8899:FD 2A 04  SBC $042A,X @ $042F = #$FF                                     A:00 X:05 Y:2C S:FD P:nvUBdIZc 
  $889C:85 16     STA $0016 = #$00                                               A:00 X:05 Y:2C S:FD P:nvUBdIZc 
  $889E:A5 F5     LDA $00F5 = #$00                                               A:00 X:05 Y:2C S:FD P:nvUBdIZc 
  $88A0:F0 0B     BEQ $88AD                                                      A:00 X:05 Y:2C S:FD P:nvUBdIZc 
  $88AD:A5 15     LDA $0015 = #$EE                                               A:00 X:05 Y:2C S:FD P:nvUBdIZc 
  $88AF:18        CLC                                                            A:EE X:05 Y:2C S:FD P:NvUBdIzc 
  $88B0:7D 75 04  ADC $0475,X @ $047A = #$00                                     A:EE X:05 Y:2C S:FD P:NvUBdIzc 
  $88B3:90 02     BCC $88B7                                                      A:EE X:05 Y:2C S:FD P:NvUBdIzc 
  $88B7:38        SEC                                                            A:EE X:05 Y:2C S:FD P:NvUBdIzc 
  $88B8:E5 89     SBC $0089 = #$F0                                               A:EE X:05 Y:2C S:FD P:NvUBdIzC 
  $88BA:9D 93 04  STA $0493,X @ $0498 = #$00                                     A:FE X:05 Y:2C S:FD P:NvUBdIzc 
  $88BD:A5 16     LDA $0016 = #$00                                               A:FE X:05 Y:2C S:FD P:NvUBdIzc 
  $88BF:E5 8A     SBC $008A = #$FF                                               A:00 X:05 Y:2C S:FD P:nvUBdIZc 
  $88C1:D0 03     BNE $88C6                                                      A:00 X:05 Y:2C S:FD P:nvUBdIZc 
  $88C3:18        CLC                                                            A:00 X:05 Y:2C S:FD P:nvUBdIZc 
  $88C4:90 1A     BCC $88E0                                                      A:00 X:05 Y:2C S:FD P:nvUBdIZc 
  $88E0:7E A2 04  ROR $04A2,X @ $04A7 = #$00                                     A:00 X:05 Y:2C S:FD P:nvUBdIZc 
  $88E3:E8        INX                                                            A:00 X:05 Y:2C S:FD P:nvUBdIZc 
  $88E4:E0 0F     CPX #$0F                                                       A:00 X:06 Y:2C S:FD P:nvUBdIzc 
  $88E6:F0 03     BEQ $88EB                                                      A:00 X:06 Y:2C S:FD P:NvUBdIzc 
  $88E8:4C C4 87  JMP $87C4                                                      A:00 X:06 Y:2C S:FD P:NvUBdIzc 
  $87C4:86 82     STX $0082 = #$05                                               A:00 X:06 Y:2C S:FD P:NvUBdIzc 
  $87C6:BD C1 03  LDA $03C1,X @ $03C7 = #$00                                     A:00 X:06 Y:2C S:FD P:NvUBdIzc 
  $87C9:D0 08     BNE $87D3                                                      A:00 X:06 Y:2C S:FD P:nvUBdIZc 
  $87CB:A9 80     LDA #$80                                                       A:00 X:06 Y:2C S:FD P:nvUBdIZc 
  $87CD:9D A2 04  STA $04A2,X @ $04A8 = #$80                                     A:80 X:06 Y:2C S:FD P:NvUBdIzc 
  $87D0:4C E3 88  JMP $88E3                                                      A:80 X:06 Y:2C S:FD P:NvUBdIzc 
  $88E3:E8        INX                                                            A:80 X:06 Y:2C S:FD P:NvUBdIzc 
  $88E4:E0 0F     CPX #$0F                                                       A:80 X:07 Y:2C S:FD P:nvUBdIzc 
  $88E6:F0 03     BEQ $88EB                                                      A:80 X:07 Y:2C S:FD P:NvUBdIzc 
  $88E8:4C C4 87  JMP $87C4                                                      A:80 X:07 Y:2C S:FD P:NvUBdIzc 
  $87C4:86 82     STX $0082 = #$06                                               A:80 X:07 Y:2C S:FD P:NvUBdIzc 
  $87C6:BD C1 03  LDA $03C1,X @ $03C8 = #$00                                     A:80 X:07 Y:2C S:FD P:NvUBdIzc 
  $87C9:D0 08     BNE $87D3                                                      A:00 X:07 Y:2C S:FD P:nvUBdIZc 
  $87CB:A9 80     LDA #$80                                                       A:00 X:07 Y:2C S:FD P:nvUBdIZc 
  $87CD:9D A2 04  STA $04A2,X @ $04A9 = #$80                                     A:80 X:07 Y:2C S:FD P:NvUBdIzc 
  $87D0:4C E3 88  JMP $88E3                                                      A:80 X:07 Y:2C S:FD P:NvUBdIzc 
  $88E3:E8        INX                                                            A:80 X:07 Y:2C S:FD P:NvUBdIzc 
  $88E4:E0 0F     CPX #$0F                                                       A:80 X:08 Y:2C S:FD P:nvUBdIzc 
  $88E6:F0 03     BEQ $88EB                                                      A:80 X:08 Y:2C S:FD P:NvUBdIzc 
  $88E8:4C C4 87  JMP $87C4                                                      A:80 X:08 Y:2C S:FD P:NvUBdIzc 
  $87C4:86 82     STX $0082 = #$07                                               A:80 X:08 Y:2C S:FD P:NvUBdIzc 
  $87C6:BD C1 03  LDA $03C1,X @ $03C9 = #$00                                     A:80 X:08 Y:2C S:FD P:NvUBdIzc 
  $87C9:D0 08     BNE $87D3                                                      A:00 X:08 Y:2C S:FD P:nvUBdIZc 
  $87CB:A9 80     LDA #$80                                                       A:00 X:08 Y:2C S:FD P:nvUBdIZc 
  $87CD:9D A2 04  STA $04A2,X @ $04AA = #$80                                     A:80 X:08 Y:2C S:FD P:NvUBdIzc 
  $87D0:4C E3 88  JMP $88E3                                                      A:80 X:08 Y:2C S:FD P:NvUBdIzc 
  $88E3:E8        INX                                                            A:80 X:08 Y:2C S:FD P:NvUBdIzc 
  $88E4:E0 0F     CPX #$0F                                                       A:80 X:09 Y:2C S:FD P:nvUBdIzc 
  $88E6:F0 03     BEQ $88EB                                                      A:80 X:09 Y:2C S:FD P:NvUBdIzc 
  $88E8:4C C4 87  JMP $87C4                                                      A:80 X:09 Y:2C S:FD P:NvUBdIzc 
  $87C4:86 82     STX $0082 = #$08                                               A:80 X:09 Y:2C S:FD P:NvUBdIzc 
  $87C6:BD C1 03  LDA $03C1,X @ $03CA = #$00                                     A:80 X:09 Y:2C S:FD P:NvUBdIzc 
  $87C9:D0 08     BNE $87D3                                                      A:00 X:09 Y:2C S:FD P:nvUBdIZc 
  $87CB:A9 80     LDA #$80                                                       A:00 X:09 Y:2C S:FD P:nvUBdIZc 
  $87CD:9D A2 04  STA $04A2,X @ $04AB = #$80                                     A:80 X:09 Y:2C S:FD P:NvUBdIzc 
  $87D0:4C E3 88  JMP $88E3                                                      A:80 X:09 Y:2C S:FD P:NvUBdIzc 
  $88E3:E8        INX                                                            A:80 X:09 Y:2C S:FD P:NvUBdIzc 
  $88E4:E0 0F     CPX #$0F                                                       A:80 X:0A Y:2C S:FD P:nvUBdIzc 
  $88E6:F0 03     BEQ $88EB                                                      A:80 X:0A Y:2C S:FD P:NvUBdIzc 
  $88E8:4C C4 87  JMP $87C4                                                      A:80 X:0A Y:2C S:FD P:NvUBdIzc 
  $87C4:86 82     STX $0082 = #$09                                               A:80 X:0A Y:2C S:FD P:NvUBdIzc 
  $87C6:BD C1 03  LDA $03C1,X @ $03CB = #$00                                     A:80 X:0A Y:2C S:FD P:NvUBdIzc 
  $87C9:D0 08     BNE $87D3                                                      A:00 X:0A Y:2C S:FD P:nvUBdIZc 
  $87CB:A9 80     LDA #$80                                                       A:00 X:0A Y:2C S:FD P:nvUBdIZc 
  $87CD:9D A2 04  STA $04A2,X @ $04AC = #$80                                     A:80 X:0A Y:2C S:FD P:NvUBdIzc 
  $87D0:4C E3 88  JMP $88E3                                                      A:80 X:0A Y:2C S:FD P:NvUBdIzc 
  $88E3:E8        INX                                                            A:80 X:0A Y:2C S:FD P:NvUBdIzc 
  $88E4:E0 0F     CPX #$0F                                                       A:80 X:0B Y:2C S:FD P:nvUBdIzc 
  $88E6:F0 03     BEQ $88EB                                                      A:80 X:0B Y:2C S:FD P:NvUBdIzc 
  $88E8:4C C4 87  JMP $87C4                                                      A:80 X:0B Y:2C S:FD P:NvUBdIzc 
  $87C4:86 82     STX $0082 = #$0A                                               A:80 X:0B Y:2C S:FD P:NvUBdIzc 
  $87C6:BD C1 03  LDA $03C1,X @ $03CC = #$00                                     A:80 X:0B Y:2C S:FD P:NvUBdIzc 
  $87C9:D0 08     BNE $87D3                                                      A:00 X:0B Y:2C S:FD P:nvUBdIZc 
  $87CB:A9 80     LDA #$80                                                       A:00 X:0B Y:2C S:FD P:nvUBdIZc 
  $87CD:9D A2 04  STA $04A2,X @ $04AD = #$80                                     A:80 X:0B Y:2C S:FD P:NvUBdIzc 
  $87D0:4C E3 88  JMP $88E3                                                      A:80 X:0B Y:2C S:FD P:NvUBdIzc 
  $88E3:E8        INX                                                            A:80 X:0B Y:2C S:FD P:NvUBdIzc 
  $88E4:E0 0F     CPX #$0F                                                       A:80 X:0C Y:2C S:FD P:nvUBdIzc 
  $88E6:F0 03     BEQ $88EB                                                      A:80 X:0C Y:2C S:FD P:NvUBdIzc 
  $88E8:4C C4 87  JMP $87C4                                                      A:80 X:0C Y:2C S:FD P:NvUBdIzc 
  $87C4:86 82     STX $0082 = #$0B                                               A:80 X:0C Y:2C S:FD P:NvUBdIzc 
  $87C6:BD C1 03  LDA $03C1,X @ $03CD = #$00                                     A:80 X:0C Y:2C S:FD P:NvUBdIzc 
  $87C9:D0 08     BNE $87D3                                                      A:00 X:0C Y:2C S:FD P:nvUBdIZc 
  $87CB:A9 80     LDA #$80                                                       A:00 X:0C Y:2C S:FD P:nvUBdIZc 
  $87CD:9D A2 04  STA $04A2,X @ $04AE = #$80                                     A:80 X:0C Y:2C S:FD P:NvUBdIzc 
  $87D0:4C E3 88  JMP $88E3                                                      A:80 X:0C Y:2C S:FD P:NvUBdIzc 
  $88E3:E8        INX                                                            A:80 X:0C Y:2C S:FD P:NvUBdIzc 
  $88E4:E0 0F     CPX #$0F                                                       A:80 X:0D Y:2C S:FD P:nvUBdIzc 
  $88E6:F0 03     BEQ $88EB                                                      A:80 X:0D Y:2C S:FD P:NvUBdIzc 
  $88E8:4C C4 87  JMP $87C4                                                      A:80 X:0D Y:2C S:FD P:NvUBdIzc 
  $87C4:86 82     STX $0082 = #$0C                                               A:80 X:0D Y:2C S:FD P:NvUBdIzc 
  $87C6:BD C1 03  LDA $03C1,X @ $03CE = #$00                                     A:80 X:0D Y:2C S:FD P:NvUBdIzc 
  $87C9:D0 08     BNE $87D3                                                      A:00 X:0D Y:2C S:FD P:nvUBdIZc 
  $87CB:A9 80     LDA #$80                                                       A:00 X:0D Y:2C S:FD P:nvUBdIZc 
  $87CD:9D A2 04  STA $04A2,X @ $04AF = #$80                                     A:80 X:0D Y:2C S:FD P:NvUBdIzc 
  $87D0:4C E3 88  JMP $88E3                                                      A:80 X:0D Y:2C S:FD P:NvUBdIzc 
  $88E3:E8        INX                                                            A:80 X:0D Y:2C S:FD P:NvUBdIzc 
  $88E4:E0 0F     CPX #$0F                                                       A:80 X:0E Y:2C S:FD P:nvUBdIzc 
  $88E6:F0 03     BEQ $88EB                                                      A:80 X:0E Y:2C S:FD P:NvUBdIzc 
  $88E8:4C C4 87  JMP $87C4                                                      A:80 X:0E Y:2C S:FD P:NvUBdIzc 
  $87C4:86 82     STX $0082 = #$0D                                               A:80 X:0E Y:2C S:FD P:NvUBdIzc 
  $87C6:BD C1 03  LDA $03C1,X @ $03CF = #$00                                     A:80 X:0E Y:2C S:FD P:NvUBdIzc 
  $87C9:D0 08     BNE $87D3                                                      A:00 X:0E Y:2C S:FD P:nvUBdIZc 
  $87CB:A9 80     LDA #$80                                                       A:00 X:0E Y:2C S:FD P:nvUBdIZc 
  $87CD:9D A2 04  STA $04A2,X @ $04B0 = #$80                                     A:80 X:0E Y:2C S:FD P:NvUBdIzc 
  $87D0:4C E3 88  JMP $88E3                                                      A:80 X:0E Y:2C S:FD P:NvUBdIzc 
  $88E3:E8        INX                                                            A:80 X:0E Y:2C S:FD P:NvUBdIzc 
  $88E4:E0 0F     CPX #$0F                                                       A:80 X:0F Y:2C S:FD P:nvUBdIzc 
  $88E6:F0 03     BEQ $88EB                                                      A:80 X:0F Y:2C S:FD P:nvUBdIZC 
  $88EB:60        RTS (from $87C2) ----------------------------------------------A:80 X:0F Y:2C S:FD P:nvUBdIZC 
$845E:A5 10     LDA $0010 = #$03                                               A:80 X:0F Y:2C S:FF P:nvUBdIZC 
$8460:C9 08     CMP #$08                                                       A:03 X:0F Y:2C S:FF P:nvUBdIzC 
$8462:D0 03     BNE $8467                                                      A:03 X:0F Y:2C S:FF P:NvUBdIzc 
$8467:20 3A 85  JSR $853A                                                      A:03 X:0F Y:2C S:FF P:NvUBdIzc 
  $853A:A4 10     LDY $0010 = #$03                                               A:03 X:0F Y:2C S:FD P:NvUBdIzc 
  $853C:C0 06     CPY #$06                                                       A:03 X:0F Y:03 S:FD P:nvUBdIzc 
  $853E:F0 04     BEQ $8544                                                      A:03 X:0F Y:03 S:FD P:NvUBdIzc 
  $8540:C0 03     CPY #$03                                                       A:03 X:0F Y:03 S:FD P:NvUBdIzc 
  $8542:D0 21     BNE $8565                                                      A:03 X:0F Y:03 S:FD P:nvUBdIZC 
  $8544:A9 40     LDA #$40                                                       A:03 X:0F Y:03 S:FD P:nvUBdIZC 
  $8546:2C 02 20  BIT $2002 = #$10                                               A:40 X:0F Y:03 S:FD P:nvUBdIzC 
  $8549:D0 12     BNE $855D                                                      A:40 X:0F Y:03 S:FD P:nvUBdIZC 
  $854B:2C 02 20  BIT $2002 = #$10                                               A:40 X:0F Y:03 S:FD P:nvUBdIZC 
  $854E:F0 FB     BEQ $854B                                                      A:40 X:0F Y:03 S:FD P:nvUBdIZC 
  $854B:2C 02 20  BIT $2002 = #$10                                               A:40 X:0F Y:03 S:FD P:nvUBdIZC 
  $854E:F0 FB     BEQ $854B                                                      A:40 X:0F Y:03 S:FD P:nvUBdIZC 
  $854B:2C 02 20  BIT $2002 = #$10                                               A:40 X:0F Y:03 S:FD P:nvUBdIZC 
  $854E:F0 FB     BEQ $854B                                                      A:40 X:0F Y:03 S:FD P:nvUBdIZC 
  $854B:2C 02 20  BIT $2002 = #$10                                               A:40 X:0F Y:03 S:FD P:nvUBdIZC 
  $854E:F0 FB     BEQ $854B                                                      A:40 X:0F Y:03 S:FD P:nvUBdIZC 
  $854B:2C 02 20  BIT $2002 = #$10                                               A:40 X:0F Y:03 S:FD P:nvUBdIZC 
  $854E:F0 FB     BEQ $854B                                                      A:40 X:0F Y:03 S:FD P:nvUBdIZC 
  $854B:2C 02 20  BIT $2002 = #$10                                               A:40 X:0F Y:03 S:FD P:nvUBdIZC 
  $854E:F0 FB     BEQ $854B                                                      A:40 X:0F Y:03 S:FD P:nvUBdIZC 
  $854B:2C 02 20  BIT $2002 = #$10                                               A:40 X:0F Y:03 S:FD P:nvUBdIZC 
  $854E:F0 FB     BEQ $854B                                                      A:40 X:0F Y:03 S:FD P:nvUBdIZC 
  $854B:2C 02 20  BIT $2002 = #$10                                               A:40 X:0F Y:03 S:FD P:nvUBdIZC 
  $854E:F0 FB     BEQ $854B                                                      A:40 X:0F Y:03 S:FD P:nvUBdIZC 
  $854B:2C 02 20  BIT $2002 = #$10                                               A:40 X:0F Y:03 S:FD P:nvUBdIZC 
  $854E:F0 FB     BEQ $854B                                                      A:40 X:0F Y:03 S:FD P:nvUBdIZC 
  $854B:2C 02 20  BIT $2002 = #$10                                               A:40 X:0F Y:03 S:FD P:nvUBdIZC 
  $854E:F0 FB     BEQ $854B                                                      A:40 X:0F Y:03 S:FD P:nvUBdIZC 
  $854B:2C 02 20  BIT $2002 = #$10                                               A:40 X:0F Y:03 S:FD P:nvUBdIZC 
  $854E:F0 FB     BEQ $854B                                                      A:40 X:0F Y:03 S:FD P:nvUBdIZC 
  $854B:2C 02 20  BIT $2002 = #$10                                               A:40 X:0F Y:03 S:FD P:nvUBdIZC 
  $854E:F0 FB     BEQ $854B                                                      A:40 X:0F Y:03 S:FD P:nvUBdIZC 
  $854B:2C 02 20  BIT $2002 = #$10                                               A:40 X:0F Y:03 S:FD P:nvUBdIZC 
  $854E:F0 FB     BEQ $854B                                                      A:40 X:0F Y:03 S:FD P:nvUBdIZC 
  $854B:2C 02 20  BIT $2002 = #$10                                               A:40 X:0F Y:03 S:FD P:nvUBdIZC 
  $854E:F0 FB     BEQ $854B                                                      A:40 X:0F Y:03 S:FD P:nvUBdIZC 
  $854B:2C 02 20  BIT $2002 = #$10                                               A:40 X:0F Y:03 S:FD P:nvUBdIZC 
  $854E:F0 FB     BEQ $854B                                                      A:40 X:0F Y:03 S:FD P:nvUBdIZC 
  $854B:2C 02 20  BIT $2002 = #$10                                               A:40 X:0F Y:03 S:FD P:nvUBdIZC 
  $854E:F0 FB     BEQ $854B                                                      A:40 X:0F Y:03 S:FD P:nvUBdIZC 
  $854B:2C 02 20  BIT $2002 = #$10                                               A:40 X:0F Y:03 S:FD P:nvUBdIZC 
  $854E:F0 FB     BEQ $854B                                                      A:40 X:0F Y:03 S:FD P:nvUBdIZC 
  $854B:2C 02 20  BIT $2002 = #$10                                               A:40 X:0F Y:03 S:FD P:nvUBdIZC 
  $854E:F0 FB     BEQ $854B                                                      A:40 X:0F Y:03 S:FD P:nvUBdIZC 
  $854B:2C 02 20  BIT $2002 = #$10                                               A:40 X:0F Y:03 S:FD P:nvUBdIZC 
  $854E:F0 FB     BEQ $854B                                                      A:40 X:0F Y:03 S:FD P:nvUBdIZC 
  $854B:2C 02 20  BIT $2002 = #$10                                               A:40 X:0F Y:03 S:FD P:nvUBdIZC 
  $854E:F0 FB     BEQ $854B                                                      A:40 X:0F Y:03 S:FD P:nvUBdIZC 
  $854B:2C 02 20  BIT $2002 = #$10                                               A:40 X:0F Y:03 S:FD P:nvUBdIZC 
  $854E:F0 FB     BEQ $854B                                                      A:40 X:0F Y:03 S:FD P:nvUBdIZC 
  $854B:2C 02 20  BIT $2002 = #$10                                               A:40 X:0F Y:03 S:FD P:nvUBdIZC 
  $854E:F0 FB     BEQ $854B                                                      A:40 X:0F Y:03 S:FD P:nvUBdIZC 
  $854B:2C 02 20  BIT $2002 = #$10                                               A:40 X:0F Y:03 S:FD P:nvUBdIZC 
  $854E:F0 FB     BEQ $854B                                                      A:40 X:0F Y:03 S:FD P:nvUBdIZC 
  $854B:2C 02 20  BIT $2002 = #$10                                               A:40 X:0F Y:03 S:FD P:nvUBdIZC 
  $854E:F0 FB     BEQ $854B                                                      A:40 X:0F Y:03 S:FD P:nvUBdIZC 
  $854B:2C 02 20  BIT $2002 = #$10                                               A:40 X:0F Y:03 S:FD P:nvUBdIZC 
  $854E:F0 FB     BEQ $854B                                                      A:40 X:0F Y:03 S:FD P:nvUBdIZC 
  $854B:2C 02 20  BIT $2002 = #$10                                               A:40 X:0F Y:03 S:FD P:nvUBdIZC 
  $854E:F0 FB     BEQ $854B                                                      A:40 X:0F Y:03 S:FD P:nvUBdIZC 
  $854B:2C 02 20  BIT $2002 = #$10                                               A:40 X:0F Y:03 S:FD P:nvUBdIZC 
  $854E:F0 FB     BEQ $854B                                                      A:40 X:0F Y:03 S:FD P:nvUBdIZC 
  $854B:2C 02 20  BIT $2002 = #$10                                               A:40 X:0F Y:03 S:FD P:nvUBdIZC 
  $854E:F0 FB     BEQ $854B                                                      A:40 X:0F Y:03 S:FD P:nvUBdIZC 
  $854B:2C 02 20  BIT $2002 = #$10                                               A:40 X:0F Y:03 S:FD P:nvUBdIZC 
  $854E:F0 FB     BEQ $854B                                                      A:40 X:0F Y:03 S:FD P:nvUBdIZC 
  $854B:2C 02 20  BIT $2002 = #$10                                               A:40 X:0F Y:03 S:FD P:nvUBdIZC 
  $854E:F0 FB     BEQ $854B                                                      A:40 X:0F Y:03 S:FD P:nvUBdIZC 
  $854B:2C 02 20  BIT $2002 = #$10                                               A:40 X:0F Y:03 S:FD P:nvUBdIZC 
  $854E:F0 FB     BEQ $854B                                                      A:40 X:0F Y:03 S:FD P:nvUBdIZC 
  $854B:2C 02 20  BIT $2002 = #$10                                               A:40 X:0F Y:03 S:FD P:nvUBdIZC 
  $854E:F0 FB     BEQ $854B                                                      A:40 X:0F Y:03 S:FD P:nvUBdIZC 
  $854B:2C 02 20  BIT $2002 = #$10                                               A:40 X:0F Y:03 S:FD P:nvUBdIZC 
  $854E:F0 FB     BEQ $854B                                                      A:40 X:0F Y:03 S:FD P:nvUBdIZC 
  $854B:2C 02 20  BIT $2002 = #$10                                               A:40 X:0F Y:03 S:FD P:nvUBdIZC 
  $854E:F0 FB     BEQ $854B                                                      A:40 X:0F Y:03 S:FD P:nvUBdIZC 
  $854B:2C 02 20  BIT $2002 = #$10                                               A:40 X:0F Y:03 S:FD P:nvUBdIZC 
  $854E:F0 FB     BEQ $854B                                                      A:40 X:0F Y:03 S:FD P:nvUBdIZC 
  $854B:2C 02 20  BIT $2002 = #$10                                               A:40 X:0F Y:03 S:FD P:nvUBdIZC 
  $854E:F0 FB     BEQ $854B                                                      A:40 X:0F Y:03 S:FD P:nvUBdIZC 
  $854B:2C 02 20  BIT $2002 = #$10                                               A:40 X:0F Y:03 S:FD P:nvUBdIZC 
  $854E:F0 FB     BEQ $854B                                                      A:40 X:0F Y:03 S:FD P:nvUBdIZC 
  $854B:2C 02 20  BIT $2002 = #$10                                               A:40 X:0F Y:03 S:FD P:nvUBdIZC 
  $854E:F0 FB     BEQ $854B                                                      A:40 X:0F Y:03 S:FD P:nvUBdIZC 
  $854B:2C 02 20  BIT $2002 = #$10                                               A:40 X:0F Y:03 S:FD P:nvUBdIZC 
  $854E:F0 FB     BEQ $854B                                                      A:40 X:0F Y:03 S:FD P:nvUBdIZC 
  $854B:2C 02 20  BIT $2002 = #$10                                               A:40 X:0F Y:03 S:FD P:nvUBdIZC 
  $854E:F0 FB     BEQ $854B                                                      A:40 X:0F Y:03 S:FD P:nvUBdIZC 
  $854B:2C 02 20  BIT $2002 = #$10                                               A:40 X:0F Y:03 S:FD P:nvUBdIZC 
  $854E:F0 FB     BEQ $854B                                                      A:40 X:0F Y:03 S:FD P:nvUBdIZC 
  $854B:2C 02 20  BIT $2002 = #$10                                               A:40 X:0F Y:03 S:FD P:nvUBdIZC 
  $854E:F0 FB     BEQ $854B                                                      A:40 X:0F Y:03 S:FD P:nvUBdIZC 
  $854B:2C 02 20  BIT $2002 = #$10                                               A:40 X:0F Y:03 S:FD P:nvUBdIZC 
  $854E:F0 FB     BEQ $854B                                                      A:40 X:0F Y:03 S:FD P:nvUBdIZC 
  $854B:2C 02 20  BIT $2002 = #$10                                               A:40 X:0F Y:03 S:FD P:nvUBdIZC 
  $854E:F0 FB     BEQ $854B                                                      A:40 X:0F Y:03 S:FD P:nvUBdIZC 
  $854B:2C 02 20  BIT $2002 = #$10                                               A:40 X:0F Y:03 S:FD P:nvUBdIZC 
  $854E:F0 FB     BEQ $854B                                                      A:40 X:0F Y:03 S:FD P:nvUBdIZC 
  $854B:2C 02 20  BIT $2002 = #$10                                               A:40 X:0F Y:03 S:FD P:nvUBdIZC 
  $854E:F0 FB     BEQ $854B                                                      A:40 X:0F Y:03 S:FD P:nvUBdIZC 
  $854B:2C 02 20  BIT $2002 = #$10                                               A:40 X:0F Y:03 S:FD P:nvUBdIZC 
  $854E:F0 FB     BEQ $854B                                                      A:40 X:0F Y:03 S:FD P:nvUBdIZC 
  $854B:2C 02 20  BIT $2002 = #$10                                               A:40 X:0F Y:03 S:FD P:nvUBdIZC 
  $854E:F0 FB     BEQ $854B                                                      A:40 X:0F Y:03 S:FD P:nvUBdIZC 
  $854B:2C 02 20  BIT $2002 = #$10                                               A:40 X:0F Y:03 S:FD P:nvUBdIZC 
  $854E:F0 FB     BEQ $854B                                                      A:40 X:0F Y:03 S:FD P:nvUBdIZC 
  $854B:2C 02 20  BIT $2002 = #$10                                               A:40 X:0F Y:03 S:FD P:nvUBdIZC 
  $854E:F0 FB     BEQ $854B                                                      A:40 X:0F Y:03 S:FD P:nvUBdIZC 
  $854B:2C 02 20  BIT $2002 = #$10                                               A:40 X:0F Y:03 S:FD P:nvUBdIZC 
  $854E:F0 FB     BEQ $854B                                                      A:40 X:0F Y:03 S:FD P:nvUBdIZC 
  $854B:2C 02 20  BIT $2002 = #$10                                               A:40 X:0F Y:03 S:FD P:nvUBdIZC 
  $854E:F0 FB     BEQ $854B                                                      A:40 X:0F Y:03 S:FD P:nvUBdIZC 
  $854B:2C 02 20  BIT $2002 = #$10                                               A:40 X:0F Y:03 S:FD P:nvUBdIZC 
  $854E:F0 FB     BEQ $854B                                                      A:40 X:0F Y:03 S:FD P:nvUBdIZC 
  $854B:2C 02 20  BIT $2002 = #$10                                               A:40 X:0F Y:03 S:FD P:nvUBdIZC 
  $854E:F0 FB     BEQ $854B                                                      A:40 X:0F Y:03 S:FD P:nvUBdIZC 
  $854B:2C 02 20  BIT $2002 = #$10                                               A:40 X:0F Y:03 S:FD P:nvUBdIZC 
  $854E:F0 FB     BEQ $854B                                                      A:40 X:0F Y:03 S:FD P:nvUBdIZC 
  $854B:2C 02 20  BIT $2002 = #$10                                               A:40 X:0F Y:03 S:FD P:nvUBdIZC 
  $854E:F0 FB     BEQ $854B                                                      A:40 X:0F Y:03 S:FD P:nvUBdIZC 
  $854B:2C 02 20  BIT $2002 = #$10                                               A:40 X:0F Y:03 S:FD P:nvUBdIZC 
  $854E:F0 FB     BEQ $854B                                                      A:40 X:0F Y:03 S:FD P:nvUBdIZC 
  $854B:2C 02 20  BIT $2002 = #$10                                               A:40 X:0F Y:03 S:FD P:nvUBdIZC 
  $854E:F0 FB     BEQ $854B                                                      A:40 X:0F Y:03 S:FD P:nvUBdIZC 
  $854B:2C 02 20  BIT $2002 = #$10                                               A:40 X:0F Y:03 S:FD P:nvUBdIZC 
  $854E:F0 FB     BEQ $854B                                                      A:40 X:0F Y:03 S:FD P:nvUBdIZC 
  $854B:2C 02 20  BIT $2002 = #$10                                               A:40 X:0F Y:03 S:FD P:nvUBdIZC 
  $854E:F0 FB     BEQ $854B                                                      A:40 X:0F Y:03 S:FD P:nvUBdIZC 
  $854B:2C 02 20  BIT $2002 = #$10                                               A:40 X:0F Y:03 S:FD P:nvUBdIZC 
  $854E:F0 FB     BEQ $854B                                                      A:40 X:0F Y:03 S:FD P:nvUBdIZC 
  $854B:2C 02 20  BIT $2002 = #$10                                               A:40 X:0F Y:03 S:FD P:nvUBdIZC 
  $854E:F0 FB     BEQ $854B                                                      A:40 X:0F Y:03 S:FD P:nvUBdIZC 
  $854B:2C 02 20  BIT $2002 = #$10                                               A:40 X:0F Y:03 S:FD P:nvUBdIZC 
  $854E:F0 FB     BEQ $854B                                                      A:40 X:0F Y:03 S:FD P:nvUBdIZC 
  $854B:2C 02 20  BIT $2002 = #$10                                               A:40 X:0F Y:03 S:FD P:nvUBdIZC 
  $854E:F0 FB     BEQ $854B                                                      A:40 X:0F Y:03 S:FD P:nvUBdIZC 
  $854B:2C 02 20  BIT $2002 = #$10                                               A:40 X:0F Y:03 S:FD P:nvUBdIZC 
  $854E:F0 FB     BEQ $854B                                                      A:40 X:0F Y:03 S:FD P:nvUBdIZC 
  $854B:2C 02 20  BIT $2002 = #$10                                               A:40 X:0F Y:03 S:FD P:nvUBdIZC 
  $854E:F0 FB     BEQ $854B                                                      A:40 X:0F Y:03 S:FD P:nvUBdIZC 
  $854B:2C 02 20  BIT $2002 = #$10                                               A:40 X:0F Y:03 S:FD P:nvUBdIZC 
  $854E:F0 FB     BEQ $854B                                                      A:40 X:0F Y:03 S:FD P:nvUBdIZC 
  $854B:2C 02 20  BIT $2002 = #$10                                               A:40 X:0F Y:03 S:FD P:nvUBdIZC 
  $854E:F0 FB     BEQ $854B                                                      A:40 X:0F Y:03 S:FD P:nvUBdIZC 
  $854B:2C 02 20  BIT $2002 = #$10                                               A:40 X:0F Y:03 S:FD P:nvUBdIZC 
  $854E:F0 FB     BEQ $854B                                                      A:40 X:0F Y:03 S:FD P:nvUBdIZC 
  $854B:2C 02 20  BIT $2002 = #$10                                               A:40 X:0F Y:03 S:FD P:nvUBdIZC 
  $854E:F0 FB     BEQ $854B                                                      A:40 X:0F Y:03 S:FD P:nvUBdIZC 
  $854B:2C 02 20  BIT $2002 = #$10                                               A:40 X:0F Y:03 S:FD P:nvUBdIZC 
  $854E:F0 FB     BEQ $854B                                                      A:40 X:0F Y:03 S:FD P:nvUBdIZC 
  $854B:2C 02 20  BIT $2002 = #$10                                               A:40 X:0F Y:03 S:FD P:nvUBdIZC 
  $854E:F0 FB     BEQ $854B                                                      A:40 X:0F Y:03 S:FD P:nvUBdIZC 
  $854B:2C 02 20  BIT $2002 = #$10                                               A:40 X:0F Y:03 S:FD P:nvUBdIZC 
  $854E:F0 FB     BEQ $854B                                                      A:40 X:0F Y:03 S:FD P:nvUBdIZC 
  $854B:2C 02 20  BIT $2002 = #$10                                               A:40 X:0F Y:03 S:FD P:nvUBdIZC 
  $854E:F0 FB     BEQ $854B                                                      A:40 X:0F Y:03 S:FD P:nvUBdIZC 
  $854B:2C 02 20  BIT $2002 = #$10                                               A:40 X:0F Y:03 S:FD P:nvUBdIZC 
  $854E:F0 FB     BEQ $854B                                                      A:40 X:0F Y:03 S:FD P:nvUBdIZC 
  $854B:2C 02 20  BIT $2002 = #$10                                               A:40 X:0F Y:03 S:FD P:nvUBdIZC 
  $854E:F0 FB     BEQ $854B                                                      A:40 X:0F Y:03 S:FD P:nvUBdIZC 
  $854B:2C 02 20  BIT $2002 = #$10                                               A:40 X:0F Y:03 S:FD P:nvUBdIZC 
  $854E:F0 FB     BEQ $854B                                                      A:40 X:0F Y:03 S:FD P:nvUBdIZC 
  $854B:2C 02 20  BIT $2002 = #$10                                               A:40 X:0F Y:03 S:FD P:nvUBdIZC 
  $854E:F0 FB     BEQ $854B                                                      A:40 X:0F Y:03 S:FD P:nvUBdIZC 
  $854B:2C 02 20  BIT $2002 = #$10                                               A:40 X:0F Y:03 S:FD P:nvUBdIZC 
  $854E:F0 FB     BEQ $854B                                                      A:40 X:0F Y:03 S:FD P:nvUBdIZC 
  $854B:2C 02 20  BIT $2002 = #$10                                               A:40 X:0F Y:03 S:FD P:nvUBdIZC 
  $854E:F0 FB     BEQ $854B                                                      A:40 X:0F Y:03 S:FD P:nvUBdIZC 
  $854B:2C 02 20  BIT $2002 = #$10                                               A:40 X:0F Y:03 S:FD P:nvUBdIZC 
  $854E:F0 FB     BEQ $854B                                                      A:40 X:0F Y:03 S:FD P:nvUBdIZC 
  $854B:2C 02 20  BIT $2002 = #$10                                               A:40 X:0F Y:03 S:FD P:nvUBdIZC 
  $854E:F0 FB     BEQ $854B                                                      A:40 X:0F Y:03 S:FD P:nvUBdIZC 
  $854B:2C 02 20  BIT $2002 = #$10                                               A:40 X:0F Y:03 S:FD P:nvUBdIZC 
  $854E:F0 FB     BEQ $854B                                                      A:40 X:0F Y:03 S:FD P:nvUBdIZC 
  $854B:2C 02 20  BIT $2002 = #$10                                               A:40 X:0F Y:03 S:FD P:nvUBdIZC 
  $854E:F0 FB     BEQ $854B                                                      A:40 X:0F Y:03 S:FD P:nvUBdIZC 
  $854B:2C 02 20  BIT $2002 = #$10                                               A:40 X:0F Y:03 S:FD P:nvUBdIZC 
  $854E:F0 FB     BEQ $854B                                                      A:40 X:0F Y:03 S:FD P:nvUBdIZC 
  $854B:2C 02 20  BIT $2002 = #$10                                               A:40 X:0F Y:03 S:FD P:nvUBdIZC 
  $854E:F0 FB     BEQ $854B                                                      A:40 X:0F Y:03 S:FD P:nVUBdIzC 
  $8550:A5 10     LDA $0010 = #$03                                               A:40 X:0F Y:03 S:FD P:nVUBdIzC 
  $8552:C0 06     CPY #$06                                                       A:03 X:0F Y:03 S:FD P:nVUBdIzC 
  $8554:F0 07     BEQ $855D                                                      A:03 X:0F Y:03 S:FD P:NVUBdIzc 
  $8556:A0 01     LDY #$01                                                       A:03 X:0F Y:03 S:FD P:NVUBdIzc 
  $8558:A2 22     LDX #$22                                                       A:03 X:0F Y:01 S:FD P:nVUBdIzc 
  $855A:20 EB FF  JSR $FFEB                                                      A:03 X:22 Y:01 S:FD P:nVUBdIzc 
    $FFEB:CA        DEX                                                            A:03 X:22 Y:01 S:FB P:nVUBdIzc 
    $FFEC:D0 FD     BNE $FFEB                                                      A:03 X:21 Y:01 S:FB P:nVUBdIzc 
    $FFEB:CA        DEX                                                            A:03 X:21 Y:01 S:FB P:nVUBdIzc 
    $FFEC:D0 FD     BNE $FFEB                                                      A:03 X:20 Y:01 S:FB P:nVUBdIzc 
    $FFEB:CA        DEX                                                            A:03 X:20 Y:01 S:FB P:nVUBdIzc 
    $FFEC:D0 FD     BNE $FFEB                                                      A:03 X:1F Y:01 S:FB P:nVUBdIzc 
    $FFEB:CA        DEX                                                            A:03 X:1F Y:01 S:FB P:nVUBdIzc 
    $FFEC:D0 FD     BNE $FFEB                                                      A:03 X:1E Y:01 S:FB P:nVUBdIzc 
    $FFEB:CA        DEX                                                            A:03 X:1E Y:01 S:FB P:nVUBdIzc 
    $FFEC:D0 FD     BNE $FFEB                                                      A:03 X:1D Y:01 S:FB P:nVUBdIzc 
    $FFEB:CA        DEX                                                            A:03 X:1D Y:01 S:FB P:nVUBdIzc 
    $FFEC:D0 FD     BNE $FFEB                                                      A:03 X:1C Y:01 S:FB P:nVUBdIzc 
    $FFEB:CA        DEX                                                            A:03 X:1C Y:01 S:FB P:nVUBdIzc 
    $FFEC:D0 FD     BNE $FFEB                                                      A:03 X:1B Y:01 S:FB P:nVUBdIzc 
    $FFEB:CA        DEX                                                            A:03 X:1B Y:01 S:FB P:nVUBdIzc 
    $FFEC:D0 FD     BNE $FFEB                                                      A:03 X:1A Y:01 S:FB P:nVUBdIzc 
    $FFEB:CA        DEX                                                            A:03 X:1A Y:01 S:FB P:nVUBdIzc 
    $FFEC:D0 FD     BNE $FFEB                                                      A:03 X:19 Y:01 S:FB P:nVUBdIzc 
    $FFEB:CA        DEX                                                            A:03 X:19 Y:01 S:FB P:nVUBdIzc 
    $FFEC:D0 FD     BNE $FFEB                                                      A:03 X:18 Y:01 S:FB P:nVUBdIzc 
    $FFEB:CA        DEX                                                            A:03 X:18 Y:01 S:FB P:nVUBdIzc 
    $FFEC:D0 FD     BNE $FFEB                                                      A:03 X:17 Y:01 S:FB P:nVUBdIzc 
    $FFEB:CA        DEX                                                            A:03 X:17 Y:01 S:FB P:nVUBdIzc 
    $FFEC:D0 FD     BNE $FFEB                                                      A:03 X:16 Y:01 S:FB P:nVUBdIzc 
    $FFEB:CA        DEX                                                            A:03 X:16 Y:01 S:FB P:nVUBdIzc 
    $FFEC:D0 FD     BNE $FFEB                                                      A:03 X:15 Y:01 S:FB P:nVUBdIzc 
    $FFEB:CA        DEX                                                            A:03 X:15 Y:01 S:FB P:nVUBdIzc 
    $FFEC:D0 FD     BNE $FFEB                                                      A:03 X:14 Y:01 S:FB P:nVUBdIzc 
    $FFEB:CA        DEX                                                            A:03 X:14 Y:01 S:FB P:nVUBdIzc 
    $FFEC:D0 FD     BNE $FFEB                                                      A:03 X:13 Y:01 S:FB P:nVUBdIzc 
    $FFEB:CA        DEX                                                            A:03 X:13 Y:01 S:FB P:nVUBdIzc 
    $FFEC:D0 FD     BNE $FFEB                                                      A:03 X:12 Y:01 S:FB P:nVUBdIzc 
    $FFEB:CA        DEX                                                            A:03 X:12 Y:01 S:FB P:nVUBdIzc 
    $FFEC:D0 FD     BNE $FFEB                                                      A:03 X:11 Y:01 S:FB P:nVUBdIzc 
    $FFEB:CA        DEX                                                            A:03 X:11 Y:01 S:FB P:nVUBdIzc 
    $FFEC:D0 FD     BNE $FFEB                                                      A:03 X:10 Y:01 S:FB P:nVUBdIzc 
    $FFEB:CA        DEX                                                            A:03 X:10 Y:01 S:FB P:nVUBdIzc 
    $FFEC:D0 FD     BNE $FFEB                                                      A:03 X:0F Y:01 S:FB P:nVUBdIzc 
    $FFEB:CA        DEX                                                            A:03 X:0F Y:01 S:FB P:nVUBdIzc 
    $FFEC:D0 FD     BNE $FFEB                                                      A:03 X:0E Y:01 S:FB P:nVUBdIzc 
    $FFEB:CA        DEX                                                            A:03 X:0E Y:01 S:FB P:nVUBdIzc 
    $FFEC:D0 FD     BNE $FFEB                                                      A:03 X:0D Y:01 S:FB P:nVUBdIzc 
    $FFEB:CA        DEX                                                            A:03 X:0D Y:01 S:FB P:nVUBdIzc 
    $FFEC:D0 FD     BNE $FFEB                                                      A:03 X:0C Y:01 S:FB P:nVUBdIzc 
    $FFEB:CA        DEX                                                            A:03 X:0C Y:01 S:FB P:nVUBdIzc 
    $FFEC:D0 FD     BNE $FFEB                                                      A:03 X:0B Y:01 S:FB P:nVUBdIzc 
    $FFEB:CA        DEX                                                            A:03 X:0B Y:01 S:FB P:nVUBdIzc 
    $FFEC:D0 FD     BNE $FFEB                                                      A:03 X:0A Y:01 S:FB P:nVUBdIzc 
    $FFEB:CA        DEX                                                            A:03 X:0A Y:01 S:FB P:nVUBdIzc 
    $FFEC:D0 FD     BNE $FFEB                                                      A:03 X:09 Y:01 S:FB P:nVUBdIzc 
    $FFEB:CA        DEX                                                            A:03 X:09 Y:01 S:FB P:nVUBdIzc 
    $FFEC:D0 FD     BNE $FFEB                                                      A:03 X:08 Y:01 S:FB P:nVUBdIzc 
    $FFEB:CA        DEX                                                            A:03 X:08 Y:01 S:FB P:nVUBdIzc 
    $FFEC:D0 FD     BNE $FFEB                                                      A:03 X:07 Y:01 S:FB P:nVUBdIzc 
    $FFEB:CA        DEX                                                            A:03 X:07 Y:01 S:FB P:nVUBdIzc 
    $FFEC:D0 FD     BNE $FFEB                                                      A:03 X:06 Y:01 S:FB P:nVUBdIzc 
    $FFEB:CA        DEX                                                            A:03 X:06 Y:01 S:FB P:nVUBdIzc 
    $FFEC:D0 FD     BNE $FFEB                                                      A:03 X:05 Y:01 S:FB P:nVUBdIzc 
    $FFEB:CA        DEX                                                            A:03 X:05 Y:01 S:FB P:nVUBdIzc 
    $FFEC:D0 FD     BNE $FFEB                                                      A:03 X:04 Y:01 S:FB P:nVUBdIzc 
    $FFEB:CA        DEX                                                            A:03 X:04 Y:01 S:FB P:nVUBdIzc 
    $FFEC:D0 FD     BNE $FFEB                                                      A:03 X:03 Y:01 S:FB P:nVUBdIzc 
    $FFEB:CA        DEX                                                            A:03 X:03 Y:01 S:FB P:nVUBdIzc 
    $FFEC:D0 FD     BNE $FFEB                                                      A:03 X:02 Y:01 S:FB P:nVUBdIzc 
    $FFEB:CA        DEX                                                            A:03 X:02 Y:01 S:FB P:nVUBdIzc 
    $FFEC:D0 FD     BNE $FFEB                                                      A:03 X:01 Y:01 S:FB P:nVUBdIzc 
    $FFEB:CA        DEX                                                            A:03 X:01 Y:01 S:FB P:nVUBdIzc 
    $FFEC:D0 FD     BNE $FFEB                                                      A:03 X:00 Y:01 S:FB P:nVUBdIZc 
    $FFEE:88        DEY                                                            A:03 X:00 Y:01 S:FB P:nVUBdIZc 
    $FFEF:D0 FA     BNE $FFEB                                                      A:03 X:00 Y:00 S:FB P:nVUBdIZc 
    $FFF1:60        RTS (from $FFEB) ----------------------------------------------A:03 X:00 Y:00 S:FB P:nVUBdIZc 
  $855D:AD 02 20  LDA $2002 = #$50                                               A:03 X:00 Y:00 S:FD P:nVUBdIZc 
  $8560:A5 87     LDA $0087 = #$CB                                               A:50 X:00 Y:00 S:FD P:nVUBdIzc 
  $8562:8D 05 20  STA $2005 = #$05                                               A:CB X:00 Y:00 S:FD P:NVUBdIzc 
  $8565:60        RTS (from $853A) ----------------------------------------------A:CB X:00 Y:00 S:FD P:NVUBdIzc 
$846A:A0 02     LDY #$02                                                       A:CB X:00 Y:00 S:FF P:NVUBdIzc 
$846C:A2 03     LDX #$03                                                       A:CB X:00 Y:02 S:FF P:nVUBdIzc 
$846E:20 CB FF  JSR $FFCB                                                      A:CB X:03 Y:02 S:FF P:nVUBdIzc 
  $FFCB:A9 00     LDA #$00                                                       A:CB X:03 Y:02 S:FD P:nVUBdIzc 
  $FFCD:09 00     ORA #$00                                                       A:00 X:03 Y:02 S:FD P:nVUBdIZc 
  $FFCF:85 2D     STA $002D = #$00                                               A:00 X:03 Y:02 S:FD P:nVUBdIZc 
  $FFD1:A5 13     LDA $0013 = #$06                                               A:00 X:03 Y:02 S:FD P:nVUBdIZc 
  $FFD3:48        PHA                                                            A:06 X:03 Y:02 S:FD P:nVUBdIzc 
   $FFD4:86 13     STX $0013 = #$06                                               A:06 X:03 Y:02 S:FC P:nVUBdIzc 
   $FFD6:B9 B3 FF  LDA $FFB3,Y @ $FFB5 = #$02                                     A:06 X:03 Y:02 S:FC P:nVUBdIzc 
   $FFD9:99 B3 FF  STA $FFB3,Y @ $FFB5 = #$02                                     A:02 X:03 Y:02 S:FC P:nVUBdIzc 
   $FFDC:20 00 80  JSR $8000                                                      A:02 X:03 Y:02 S:FC P:nVUBdIzc 
     $8000:6C 13 00  JMP ($0013) = $8003                                            A:02 X:03 Y:02 S:FA P:nVUBdIzc 
     $8003:4C D6 FD  JMP $FDD6                                                      A:02 X:03 Y:02 S:FA P:nVUBdIzc 
     $FDD6:A6 10     LDX $0010 = #$03                                               A:02 X:03 Y:02 S:FA P:nVUBdIzc 
     $FDD8:A9 80     LDA #$80                                                       A:02 X:03 Y:02 S:FA P:nVUBdIzc 
     $FDDA:E0 05     CPX #$05                                                       A:80 X:03 Y:02 S:FA P:NVUBdIzc 
     $FDDC:F0 22     BEQ $FE00                                                      A:80 X:03 Y:02 S:FA P:NVUBdIzc 
     $FDDE:E0 04     CPX #$04                                                       A:80 X:03 Y:02 S:FA P:NVUBdIzc 
     $FDE0:F0 EE     BEQ $FDD0                                                      A:80 X:03 Y:02 S:FA P:NVUBdIzc 
     $FDE2:E0 0A     CPX #$0A                                                       A:80 X:03 Y:02 S:FA P:NVUBdIzc 
     $FDE4:F0 EA     BEQ $FDD0                                                      A:80 X:03 Y:02 S:FA P:NVUBdIzc 
     $FDE6:E0 0B     CPX #$0B                                                       A:80 X:03 Y:02 S:FA P:NVUBdIzc 
     $FDE8:F0 E6     BEQ $FDD0                                                      A:80 X:03 Y:02 S:FA P:NVUBdIzc 
     $FDEA:E0 0D     CPX #$0D                                                       A:80 X:03 Y:02 S:FA P:NVUBdIzc 
     $FDEC:F0 E2     BEQ $FDD0                                                      A:80 X:03 Y:02 S:FA P:NVUBdIzc 
     $FDEE:E0 07     CPX #$07                                                       A:80 X:03 Y:02 S:FA P:NVUBdIzc 
     $FDF0:F0 E1     BEQ $FDD3                                                      A:80 X:03 Y:02 S:FA P:NVUBdIzc 
     $FDF2:E0 09     CPX #$09                                                       A:80 X:03 Y:02 S:FA P:NVUBdIzc 
     $FDF4:F0 DD     BEQ $FDD3                                                      A:80 X:03 Y:02 S:FA P:NVUBdIzc 
     $FDF6:E0 02     CPX #$02                                                       A:80 X:03 Y:02 S:FA P:NVUBdIzc 
     $FDF8:D0 0E     BNE $FE08                                                      A:80 X:03 Y:02 S:FA P:nVUBdIzC 
     $FE08:E6 CD     INC $00CD = #$6F                                               A:80 X:03 Y:02 S:FA P:nVUBdIzC 
     $FE0A:A2 00     LDX #$00                                                       A:80 X:03 Y:02 S:FA P:nVUBdIzC 
     $FE0C:AD B6 03  LDA $03B6 = #$3A                                               A:80 X:00 Y:02 S:FA P:nVUBdIZC 
     $FE0F:CD D1 03  CMP $03D1 = #$3A                                               A:3A X:00 Y:02 S:FA P:nVUBdIzC 
     $FE12:F0 0E     BEQ $FE22                                                      A:3A X:00 Y:02 S:FA P:nVUBdIZC 
     $FE22:BD B5 03  LDA $03B5,X @ $03B5 = #$23                                     A:3A X:00 Y:02 S:FA P:nVUBdIZC 
     $FE25:9D D0 03  STA $03D0,X @ $03D0 = #$23                                     A:23 X:00 Y:02 S:FA P:nVUBdIzC 
     $FE28:0A        ASL                                                            A:23 X:00 Y:02 S:FA P:nVUBdIzC 
     $FE29:A8        TAY                                                            A:46 X:00 Y:02 S:FA P:nVUBdIzc 
     $FE2A:D0 02     BNE $FE2E                                                      A:46 X:00 Y:46 S:FA P:nVUBdIzc 
     $FE2E:A9 10     LDA #$10                                                       A:46 X:00 Y:46 S:FA P:nVUBdIzc 
     $FE30:86 9C     STX $009C = #$00                                               A:10 X:00 Y:46 S:FA P:nVUBdIzc 
     $FE32:85 9D     STA $009D = #$10                                               A:10 X:00 Y:46 S:FA P:nVUBdIzc 
     $FE34:B9 52 FE  LDA $FE52,Y @ $FE98 = #$9A                                     A:10 X:00 Y:46 S:FA P:nVUBdIzc 
     $FE37:85 15     STA $0015 = #$EE                                               A:9A X:00 Y:46 S:FA P:NVUBdIzc 
     $FE39:B9 51 FE  LDA $FE51,Y @ $FE97 = #$C0                                     A:9A X:00 Y:46 S:FA P:NVUBdIzc 
     $FE3C:A8        TAY                                                            A:C0 X:00 Y:46 S:FA P:NVUBdIzc 
     $FE3D:A2 00     LDX #$00                                                       A:C0 X:00 Y:C0 S:FA P:NVUBdIzc 
     $FE3F:98        TYA                                                            A:C0 X:00 Y:C0 S:FA P:nVUBdIZc 
     $FE40:9D 96 07  STA $0796,X @ $0796 = #$C0                                     A:C0 X:00 Y:C0 S:FA P:NVUBdIzc 
     $FE43:C8        INY                                                            A:C0 X:00 Y:C0 S:FA P:NVUBdIzc 
     $FE44:A5 15     LDA $0015 = #$9A                                               A:C0 X:00 Y:C1 S:FA P:NVUBdIzc 
     $FE46:9D 97 07  STA $0797,X @ $0797 = #$9A                                     A:9A X:00 Y:C1 S:FA P:NVUBdIzc 
     $FE49:8A        TXA                                                            A:9A X:00 Y:C1 S:FA P:NVUBdIzc 
     $FE4A:18        CLC                                                            A:00 X:00 Y:C1 S:FA P:nVUBdIZc 
     $FE4B:69 06     ADC #$06                                                       A:00 X:00 Y:C1 S:FA P:nVUBdIZc 
     $FE4D:AA        TAX                                                            A:06 X:00 Y:C1 S:FA P:nvUBdIzc 
     $FE4E:C9 60     CMP #$60                                                       A:06 X:06 Y:C1 S:FA P:nvUBdIzc 
     $FE50:90 ED     BCC $FE3F                                                      A:06 X:06 Y:C1 S:FA P:NvUBdIzc 
     $FE3F:98        TYA                                                            A:06 X:06 Y:C1 S:FA P:NvUBdIzc 
     $FE40:9D 96 07  STA $0796,X @ $079C = #$C1                                     A:C1 X:06 Y:C1 S:FA P:NvUBdIzc 
     $FE43:C8        INY                                                            A:C1 X:06 Y:C1 S:FA P:NvUBdIzc 
     $FE44:A5 15     LDA $0015 = #$9A                                               A:C1 X:06 Y:C2 S:FA P:NvUBdIzc 
     $FE46:9D 97 07  STA $0797,X @ $079D = #$9A                                     A:9A X:06 Y:C2 S:FA P:NvUBdIzc 
     $FE49:8A        TXA                                                            A:9A X:06 Y:C2 S:FA P:NvUBdIzc 
     $FE4A:18        CLC                                                            A:06 X:06 Y:C2 S:FA P:nvUBdIzc 
     $FE4B:69 06     ADC #$06                                                       A:06 X:06 Y:C2 S:FA P:nvUBdIzc 
     $FE4D:AA        TAX                                                            A:0C X:06 Y:C2 S:FA P:nvUBdIzc 
     $FE4E:C9 60     CMP #$60                                                       A:0C X:0C Y:C2 S:FA P:nvUBdIzc 
     $FE50:90 ED     BCC $FE3F                                                      A:0C X:0C Y:C2 S:FA P:NvUBdIzc 
     $FE3F:98        TYA                                                            A:0C X:0C Y:C2 S:FA P:NvUBdIzc 
     $FE40:9D 96 07  STA $0796,X @ $07A2 = #$C2                                     A:C2 X:0C Y:C2 S:FA P:NvUBdIzc 
     $FE43:C8        INY                                                            A:C2 X:0C Y:C2 S:FA P:NvUBdIzc 
     $FE44:A5 15     LDA $0015 = #$9A                                               A:C2 X:0C Y:C3 S:FA P:NvUBdIzc 
     $FE46:9D 97 07  STA $0797,X @ $07A3 = #$9A                                     A:9A X:0C Y:C3 S:FA P:NvUBdIzc 
     $FE49:8A        TXA                                                            A:9A X:0C Y:C3 S:FA P:NvUBdIzc 
     $FE4A:18        CLC                                                            A:0C X:0C Y:C3 S:FA P:nvUBdIzc 
     $FE4B:69 06     ADC #$06                                                       A:0C X:0C Y:C3 S:FA P:nvUBdIzc 
     $FE4D:AA        TAX                                                            A:12 X:0C Y:C3 S:FA P:nvUBdIzc 
     $FE4E:C9 60     CMP #$60                                                       A:12 X:12 Y:C3 S:FA P:nvUBdIzc 
     $FE50:90 ED     BCC $FE3F                                                      A:12 X:12 Y:C3 S:FA P:NvUBdIzc 
     $FE3F:98        TYA                                                            A:12 X:12 Y:C3 S:FA P:NvUBdIzc 
     $FE40:9D 96 07  STA $0796,X @ $07A8 = #$C3                                     A:C3 X:12 Y:C3 S:FA P:NvUBdIzc 
     $FE43:C8        INY                                                            A:C3 X:12 Y:C3 S:FA P:NvUBdIzc 
     $FE44:A5 15     LDA $0015 = #$9A                                               A:C3 X:12 Y:C4 S:FA P:NvUBdIzc 
     $FE46:9D 97 07  STA $0797,X @ $07A9 = #$9A                                     A:9A X:12 Y:C4 S:FA P:NvUBdIzc 
     $FE49:8A        TXA                                                            A:9A X:12 Y:C4 S:FA P:NvUBdIzc 
     $FE4A:18        CLC                                                            A:12 X:12 Y:C4 S:FA P:nvUBdIzc 
     $FE4B:69 06     ADC #$06                                                       A:12 X:12 Y:C4 S:FA P:nvUBdIzc 
     $FE4D:AA        TAX                                                            A:18 X:12 Y:C4 S:FA P:nvUBdIzc 
     $FE4E:C9 60     CMP #$60                                                       A:18 X:18 Y:C4 S:FA P:nvUBdIzc 
     $FE50:90 ED     BCC $FE3F                                                      A:18 X:18 Y:C4 S:FA P:NvUBdIzc 
     $FE3F:98        TYA                                                            A:18 X:18 Y:C4 S:FA P:NvUBdIzc 
     $FE40:9D 96 07  STA $0796,X @ $07AE = #$C4                                     A:C4 X:18 Y:C4 S:FA P:NvUBdIzc 
     $FE43:C8        INY                                                            A:C4 X:18 Y:C4 S:FA P:NvUBdIzc 
     $FE44:A5 15     LDA $0015 = #$9A                                               A:C4 X:18 Y:C5 S:FA P:NvUBdIzc 
     $FE46:9D 97 07  STA $0797,X @ $07AF = #$9A                                     A:9A X:18 Y:C5 S:FA P:NvUBdIzc 
     $FE49:8A        TXA                                                            A:9A X:18 Y:C5 S:FA P:NvUBdIzc 
     $FE4A:18        CLC                                                            A:18 X:18 Y:C5 S:FA P:nvUBdIzc 
     $FE4B:69 06     ADC #$06                                                       A:18 X:18 Y:C5 S:FA P:nvUBdIzc 
     $FE4D:AA        TAX                                                            A:1E X:18 Y:C5 S:FA P:nvUBdIzc 
     $FE4E:C9 60     CMP #$60                                                       A:1E X:1E Y:C5 S:FA P:nvUBdIzc 
     $FE50:90 ED     BCC $FE3F                                                      A:1E X:1E Y:C5 S:FA P:NvUBdIzc 
     $FE3F:98        TYA                                                            A:1E X:1E Y:C5 S:FA P:NvUBdIzc 
     $FE40:9D 96 07  STA $0796,X @ $07B4 = #$C5                                     A:C5 X:1E Y:C5 S:FA P:NvUBdIzc 
     $FE43:C8        INY                                                            A:C5 X:1E Y:C5 S:FA P:NvUBdIzc 
     $FE44:A5 15     LDA $0015 = #$9A                                               A:C5 X:1E Y:C6 S:FA P:NvUBdIzc 
     $FE46:9D 97 07  STA $0797,X @ $07B5 = #$9A                                     A:9A X:1E Y:C6 S:FA P:NvUBdIzc 
     $FE49:8A        TXA                                                            A:9A X:1E Y:C6 S:FA P:NvUBdIzc 
     $FE4A:18        CLC                                                            A:1E X:1E Y:C6 S:FA P:nvUBdIzc 
     $FE4B:69 06     ADC #$06                                                       A:1E X:1E Y:C6 S:FA P:nvUBdIzc 
     $FE4D:AA        TAX                                                            A:24 X:1E Y:C6 S:FA P:nvUBdIzc 
     $FE4E:C9 60     CMP #$60                                                       A:24 X:24 Y:C6 S:FA P:nvUBdIzc 
     $FE50:90 ED     BCC $FE3F                                                      A:24 X:24 Y:C6 S:FA P:NvUBdIzc 
     $FE3F:98        TYA                                                            A:24 X:24 Y:C6 S:FA P:NvUBdIzc 
     $FE40:9D 96 07  STA $0796,X @ $07BA = #$C6                                     A:C6 X:24 Y:C6 S:FA P:NvUBdIzc 
     $FE43:C8        INY                                                            A:C6 X:24 Y:C6 S:FA P:NvUBdIzc 
     $FE44:A5 15     LDA $0015 = #$9A                                               A:C6 X:24 Y:C7 S:FA P:NvUBdIzc 
     $FE46:9D 97 07  STA $0797,X @ $07BB = #$9A                                     A:9A X:24 Y:C7 S:FA P:NvUBdIzc 
     $FE49:8A        TXA                                                            A:9A X:24 Y:C7 S:FA P:NvUBdIzc 
     $FE4A:18        CLC                                                            A:24 X:24 Y:C7 S:FA P:nvUBdIzc 
     $FE4B:69 06     ADC #$06                                                       A:24 X:24 Y:C7 S:FA P:nvUBdIzc 
     $FE4D:AA        TAX                                                            A:2A X:24 Y:C7 S:FA P:nvUBdIzc 
     $FE4E:C9 60     CMP #$60                                                       A:2A X:2A Y:C7 S:FA P:nvUBdIzc 
     $FE50:90 ED     BCC $FE3F                                                      A:2A X:2A Y:C7 S:FA P:NvUBdIzc 
     $FE3F:98        TYA                                                            A:2A X:2A Y:C7 S:FA P:NvUBdIzc 
     $FE40:9D 96 07  STA $0796,X @ $07C0 = #$C7                                     A:C7 X:2A Y:C7 S:FA P:NvUBdIzc 
     $FE43:C8        INY                                                            A:C7 X:2A Y:C7 S:FA P:NvUBdIzc 
     $FE44:A5 15     LDA $0015 = #$9A                                               A:C7 X:2A Y:C8 S:FA P:NvUBdIzc 
     $FE46:9D 97 07  STA $0797,X @ $07C1 = #$9A                                     A:9A X:2A Y:C8 S:FA P:NvUBdIzc 
     $FE49:8A        TXA                                                            A:9A X:2A Y:C8 S:FA P:NvUBdIzc 
     $FE4A:18        CLC                                                            A:2A X:2A Y:C8 S:FA P:nvUBdIzc 
     $FE4B:69 06     ADC #$06                                                       A:2A X:2A Y:C8 S:FA P:nvUBdIzc 
     $FE4D:AA        TAX                                                            A:30 X:2A Y:C8 S:FA P:nvUBdIzc 
     $FE4E:C9 60     CMP #$60                                                       A:30 X:30 Y:C8 S:FA P:nvUBdIzc 
     $FE50:90 ED     BCC $FE3F                                                      A:30 X:30 Y:C8 S:FA P:NvUBdIzc 
     $FE3F:98        TYA                                                            A:30 X:30 Y:C8 S:FA P:NvUBdIzc 
     $FE40:9D 96 07  STA $0796,X @ $07C6 = #$C8                                     A:C8 X:30 Y:C8 S:FA P:NvUBdIzc 
     $FE43:C8        INY                                                            A:C8 X:30 Y:C8 S:FA P:NvUBdIzc 
     $FE44:A5 15     LDA $0015 = #$9A                                               A:C8 X:30 Y:C9 S:FA P:NvUBdIzc 
     $FE46:9D 97 07  STA $0797,X @ $07C7 = #$9A                                     A:9A X:30 Y:C9 S:FA P:NvUBdIzc 
     $FE49:8A        TXA                                                            A:9A X:30 Y:C9 S:FA P:NvUBdIzc 
     $FE4A:18        CLC                                                            A:30 X:30 Y:C9 S:FA P:nvUBdIzc 
     $FE4B:69 06     ADC #$06                                                       A:30 X:30 Y:C9 S:FA P:nvUBdIzc 
     $FE4D:AA        TAX                                                            A:36 X:30 Y:C9 S:FA P:nvUBdIzc 
     $FE4E:C9 60     CMP #$60                                                       A:36 X:36 Y:C9 S:FA P:nvUBdIzc 
     $FE50:90 ED     BCC $FE3F                                                      A:36 X:36 Y:C9 S:FA P:NvUBdIzc 
     $FE3F:98        TYA                                                            A:36 X:36 Y:C9 S:FA P:NvUBdIzc 
     $FE40:9D 96 07  STA $0796,X @ $07CC = #$C9                                     A:C9 X:36 Y:C9 S:FA P:NvUBdIzc 
     $FE43:C8        INY                                                            A:C9 X:36 Y:C9 S:FA P:NvUBdIzc 
     $FE44:A5 15     LDA $0015 = #$9A                                               A:C9 X:36 Y:CA S:FA P:NvUBdIzc 
     $FE46:9D 97 07  STA $0797,X @ $07CD = #$9A                                     A:9A X:36 Y:CA S:FA P:NvUBdIzc 
     $FE49:8A        TXA                                                            A:9A X:36 Y:CA S:FA P:NvUBdIzc 
     $FE4A:18        CLC                                                            A:36 X:36 Y:CA S:FA P:nvUBdIzc 
     $FE4B:69 06     ADC #$06                                                       A:36 X:36 Y:CA S:FA P:nvUBdIzc 
     $FE4D:AA        TAX                                                            A:3C X:36 Y:CA S:FA P:nvUBdIzc 
     $FE4E:C9 60     CMP #$60                                                       A:3C X:3C Y:CA S:FA P:nvUBdIzc 
     $FE50:90 ED     BCC $FE3F                                                      A:3C X:3C Y:CA S:FA P:NvUBdIzc 
     $FE3F:98        TYA                                                            A:3C X:3C Y:CA S:FA P:NvUBdIzc 
     $FE40:9D 96 07  STA $0796,X @ $07D2 = #$CA                                     A:CA X:3C Y:CA S:FA P:NvUBdIzc 
     $FE43:C8        INY                                                            A:CA X:3C Y:CA S:FA P:NvUBdIzc 
     $FE44:A5 15     LDA $0015 = #$9A                                               A:CA X:3C Y:CB S:FA P:NvUBdIzc 
     $FE46:9D 97 07  STA $0797,X @ $07D3 = #$9A                                     A:9A X:3C Y:CB S:FA P:NvUBdIzc 
     $FE49:8A        TXA                                                            A:9A X:3C Y:CB S:FA P:NvUBdIzc 
     $FE4A:18        CLC                                                            A:3C X:3C Y:CB S:FA P:nvUBdIzc 
     $FE4B:69 06     ADC #$06                                                       A:3C X:3C Y:CB S:FA P:nvUBdIzc 
     $FE4D:AA        TAX                                                            A:42 X:3C Y:CB S:FA P:nvUBdIzc 
     $FE4E:C9 60     CMP #$60                                                       A:42 X:42 Y:CB S:FA P:nvUBdIzc 
     $FE50:90 ED     BCC $FE3F                                                      A:42 X:42 Y:CB S:FA P:NvUBdIzc 
     $FE3F:98        TYA                                                            A:42 X:42 Y:CB S:FA P:NvUBdIzc 
     $FE40:9D 96 07  STA $0796,X @ $07D8 = #$CB                                     A:CB X:42 Y:CB S:FA P:NvUBdIzc 
     $FE43:C8        INY                                                            A:CB X:42 Y:CB S:FA P:NvUBdIzc 
     $FE44:A5 15     LDA $0015 = #$9A                                               A:CB X:42 Y:CC S:FA P:NvUBdIzc 
     $FE46:9D 97 07  STA $0797,X @ $07D9 = #$9A                                     A:9A X:42 Y:CC S:FA P:NvUBdIzc 
     $FE49:8A        TXA                                                            A:9A X:42 Y:CC S:FA P:NvUBdIzc 
     $FE4A:18        CLC                                                            A:42 X:42 Y:CC S:FA P:nvUBdIzc 
     $FE4B:69 06     ADC #$06                                                       A:42 X:42 Y:CC S:FA P:nvUBdIzc 
     $FE4D:AA        TAX                                                            A:48 X:42 Y:CC S:FA P:nvUBdIzc 
     $FE4E:C9 60     CMP #$60                                                       A:48 X:48 Y:CC S:FA P:nvUBdIzc 
     $FE50:90 ED     BCC $FE3F                                                      A:48 X:48 Y:CC S:FA P:NvUBdIzc 
     $FE3F:98        TYA                                                            A:48 X:48 Y:CC S:FA P:NvUBdIzc 
     $FE40:9D 96 07  STA $0796,X @ $07DE = #$CC                                     A:CC X:48 Y:CC S:FA P:NvUBdIzc 
     $FE43:C8        INY                                                            A:CC X:48 Y:CC S:FA P:NvUBdIzc 
     $FE44:A5 15     LDA $0015 = #$9A                                               A:CC X:48 Y:CD S:FA P:NvUBdIzc 
     $FE46:9D 97 07  STA $0797,X @ $07DF = #$9A                                     A:9A X:48 Y:CD S:FA P:NvUBdIzc 
     $FE49:8A        TXA                                                            A:9A X:48 Y:CD S:FA P:NvUBdIzc 
     $FE4A:18        CLC                                                            A:48 X:48 Y:CD S:FA P:nvUBdIzc 
     $FE4B:69 06     ADC #$06                                                       A:48 X:48 Y:CD S:FA P:nvUBdIzc 
     $FE4D:AA        TAX                                                            A:4E X:48 Y:CD S:FA P:nvUBdIzc 
     $FE4E:C9 60     CMP #$60                                                       A:4E X:4E Y:CD S:FA P:nvUBdIzc 
     $FE50:90 ED     BCC $FE3F                                                      A:4E X:4E Y:CD S:FA P:NvUBdIzc 
     $FE3F:98        TYA                                                            A:4E X:4E Y:CD S:FA P:NvUBdIzc 
     $FE40:9D 96 07  STA $0796,X @ $07E4 = #$CD                                     A:CD X:4E Y:CD S:FA P:NvUBdIzc 
     $FE43:C8        INY                                                            A:CD X:4E Y:CD S:FA P:NvUBdIzc 
     $FE44:A5 15     LDA $0015 = #$9A                                               A:CD X:4E Y:CE S:FA P:NvUBdIzc 
     $FE46:9D 97 07  STA $0797,X @ $07E5 = #$9A                                     A:9A X:4E Y:CE S:FA P:NvUBdIzc 
     $FE49:8A        TXA                                                            A:9A X:4E Y:CE S:FA P:NvUBdIzc 
     $FE4A:18        CLC                                                            A:4E X:4E Y:CE S:FA P:nvUBdIzc 
     $FE4B:69 06     ADC #$06                                                       A:4E X:4E Y:CE S:FA P:nvUBdIzc 
     $FE4D:AA        TAX                                                            A:54 X:4E Y:CE S:FA P:nvUBdIzc 
     $FE4E:C9 60     CMP #$60                                                       A:54 X:54 Y:CE S:FA P:nvUBdIzc 
     $FE50:90 ED     BCC $FE3F                                                      A:54 X:54 Y:CE S:FA P:NvUBdIzc 
     $FE3F:98        TYA                                                            A:54 X:54 Y:CE S:FA P:NvUBdIzc 
     $FE40:9D 96 07  STA $0796,X @ $07EA = #$CE                                     A:CE X:54 Y:CE S:FA P:NvUBdIzc 
     $FE43:C8        INY                                                            A:CE X:54 Y:CE S:FA P:NvUBdIzc 
     $FE44:A5 15     LDA $0015 = #$9A                                               A:CE X:54 Y:CF S:FA P:NvUBdIzc 
     $FE46:9D 97 07  STA $0797,X @ $07EB = #$9A                                     A:9A X:54 Y:CF S:FA P:NvUBdIzc 
     $FE49:8A        TXA                                                            A:9A X:54 Y:CF S:FA P:NvUBdIzc 
     $FE4A:18        CLC                                                            A:54 X:54 Y:CF S:FA P:nvUBdIzc 
     $FE4B:69 06     ADC #$06                                                       A:54 X:54 Y:CF S:FA P:nvUBdIzc 
     $FE4D:AA        TAX                                                            A:5A X:54 Y:CF S:FA P:nvUBdIzc 
     $FE4E:C9 60     CMP #$60                                                       A:5A X:5A Y:CF S:FA P:nvUBdIzc 
     $FE50:90 ED     BCC $FE3F                                                      A:5A X:5A Y:CF S:FA P:NvUBdIzc 
     $FE3F:98        TYA                                                            A:5A X:5A Y:CF S:FA P:NvUBdIzc 
     $FE40:9D 96 07  STA $0796,X @ $07F0 = #$CF                                     A:CF X:5A Y:CF S:FA P:NvUBdIzc 
     $FE43:C8        INY                                                            A:CF X:5A Y:CF S:FA P:NvUBdIzc 
     $FE44:A5 15     LDA $0015 = #$9A                                               A:CF X:5A Y:D0 S:FA P:NvUBdIzc 
     $FE46:9D 97 07  STA $0797,X @ $07F1 = #$9A                                     A:9A X:5A Y:D0 S:FA P:NvUBdIzc 
     $FE49:8A        TXA                                                            A:9A X:5A Y:D0 S:FA P:NvUBdIzc 
     $FE4A:18        CLC                                                            A:5A X:5A Y:D0 S:FA P:nvUBdIzc 
     $FE4B:69 06     ADC #$06                                                       A:5A X:5A Y:D0 S:FA P:nvUBdIzc 
     $FE4D:AA        TAX                                                            A:60 X:5A Y:D0 S:FA P:nvUBdIzc 
     $FE4E:C9 60     CMP #$60                                                       A:60 X:60 Y:D0 S:FA P:nvUBdIzc 
     $FE50:90 ED     BCC $FE3F                                                      A:60 X:60 Y:D0 S:FA P:nvUBdIZC 
     $FE52:60        RTS (from $8000) ----------------------------------------------A:60 X:60 Y:D0 S:FA P:nvUBdIZC 
   $FFDF:A4 2D     LDY $002D = #$00                                               A:60 X:60 Y:D0 S:FC P:nvUBdIZC 
   $FFE1:68        PLA                                                            A:60 X:60 Y:00 S:FC P:nvUBdIZC 
  $FFE2:85 13     STA $0013 = #$03                                               A:06 X:60 Y:00 S:FD P:nvUBdIzC 
  $FFE4:B9 B3 FF  LDA $FFB3,Y @ $FFB3 = #$00                                     A:06 X:60 Y:00 S:FD P:nvUBdIzC 
  $FFE7:99 B3 FF  STA $FFB3,Y @ $FFB3 = #$00                                     A:00 X:60 Y:00 S:FD P:nvUBdIZC 
  $FFEA:60        RTS (from $FFCB) ----------------------------------------------A:00 X:60 Y:00 S:FD P:nvUBdIZC 
$8471:A2 03     LDX #$03                                                       A:00 X:60 Y:00 S:FF P:nvUBdIZC 
$8473:A0 06     LDY #$06                                                       A:00 X:03 Y:00 S:FF P:nvUBdIzC 
$8475:20 CB FF  JSR $FFCB                                                      A:00 X:03 Y:06 S:FF P:nvUBdIzC 
  $FFCB:A9 00     LDA #$00                                                       A:00 X:03 Y:06 S:FD P:nvUBdIzC 
  $FFCD:09 00     ORA #$00                                                       A:00 X:03 Y:06 S:FD P:nvUBdIZC 
  $FFCF:85 2D     STA $002D = #$00                                               A:00 X:03 Y:06 S:FD P:nvUBdIZC 
  $FFD1:A5 13     LDA $0013 = #$06                                               A:00 X:03 Y:06 S:FD P:nvUBdIZC 
  $FFD3:48        PHA                                                            A:06 X:03 Y:06 S:FD P:nvUBdIzC 
   $FFD4:86 13     STX $0013 = #$06                                               A:06 X:03 Y:06 S:FC P:nvUBdIzC 
   $FFD6:B9 B3 FF  LDA $FFB3,Y @ $FFB9 = #$06                                     A:06 X:03 Y:06 S:FC P:nvUBdIzC 
   $FFD9:99 B3 FF  STA $FFB3,Y @ $FFB9 = #$06                                     A:06 X:03 Y:06 S:FC P:nvUBdIzC 
   $FFDC:20 00 80  JSR $8000                                                      A:06 X:03 Y:06 S:FC P:nvUBdIzC 
     $8000:6C 13 00  JMP ($0013) = $8003                                            A:06 X:03 Y:06 S:FA P:nvUBdIzC 
     $8003:4C 2F 86  JMP $862F                                                      A:06 X:03 Y:06 S:FA P:nvUBdIzC 
     $862F:A2 0E     LDX #$0E                                                       A:06 X:03 Y:06 S:FA P:nvUBdIzC 
     $8631:A2 04     LDX #$04                                                       A:06 X:0E Y:06 S:FA P:nvUBdIzC 
     $8633:A5 0B     LDA $000B = #$6F                                               A:06 X:04 Y:06 S:FA P:nvUBdIzC 
     $8635:29 01     AND #$01                                                       A:6F X:04 Y:06 S:FA P:nvUBdIzC 
     $8637:F0 02     BEQ $863B                                                      A:01 X:04 Y:06 S:FA P:nvUBdIzC 
     $8639:A9 0E     LDA #$0E                                                       A:01 X:04 Y:06 S:FA P:nvUBdIzC 
     $863B:A8        TAY                                                            A:0E X:04 Y:06 S:FA P:nvUBdIzC 
     $863C:84 15     STY $0015 = #$9A                                               A:0E X:04 Y:0E S:FA P:nvUBdIzC 
     $863E:B9 9E 00  LDA $009E,Y @ $00AC = #$0E                                     A:0E X:04 Y:0E S:FA P:nvUBdIzC 
     $8641:A8        TAY                                                            A:0E X:04 Y:0E S:FA P:nvUBdIzC 
     $8642:B9 A2 04  LDA $04A2,Y @ $04B0 = #$80                                     A:0E X:04 Y:0E S:FA P:nvUBdIzC 
     $8645:30 0F     BMI $8656                                                      A:80 X:04 Y:0E S:FA P:NvUBdIzC 
     $8656:4C D5 86  JMP $86D5                                                      A:80 X:04 Y:0E S:FA P:NvUBdIzC 
     $86D5:A5 0B     LDA $000B = #$6F                                               A:80 X:04 Y:0E S:FA P:NvUBdIzC 
     $86D7:29 01     AND #$01                                                       A:6F X:04 Y:0E S:FA P:nvUBdIzC 
     $86D9:F0 08     BEQ $86E3                                                      A:01 X:04 Y:0E S:FA P:nvUBdIzC 
     $86DB:A4 15     LDY $0015 = #$0E                                               A:01 X:04 Y:0E S:FA P:nvUBdIzC 
     $86DD:88        DEY                                                            A:01 X:04 Y:0E S:FA P:nvUBdIzC 
     $86DE:30 2C     BMI $870C                                                      A:01 X:04 Y:0D S:FA P:nvUBdIzC 
     $86E0:4C 3C 86  JMP $863C                                                      A:01 X:04 Y:0D S:FA P:nvUBdIzC 
     $863C:84 15     STY $0015 = #$0E                                               A:01 X:04 Y:0D S:FA P:nvUBdIzC 
     $863E:B9 9E 00  LDA $009E,Y @ $00AB = #$0D                                     A:01 X:04 Y:0D S:FA P:nvUBdIzC 
     $8641:A8        TAY                                                            A:0D X:04 Y:0D S:FA P:nvUBdIzC 
     $8642:B9 A2 04  LDA $04A2,Y @ $04AF = #$80                                     A:0D X:04 Y:0D S:FA P:nvUBdIzC 
     $8645:30 0F     BMI $8656                                                      A:80 X:04 Y:0D S:FA P:NvUBdIzC 
     $8656:4C D5 86  JMP $86D5                                                      A:80 X:04 Y:0D S:FA P:NvUBdIzC 
     $86D5:A5 0B     LDA $000B = #$6F                                               A:80 X:04 Y:0D S:FA P:NvUBdIzC 
     $86D7:29 01     AND #$01                                                       A:6F X:04 Y:0D S:FA P:nvUBdIzC 
     $86D9:F0 08     BEQ $86E3                                                      A:01 X:04 Y:0D S:FA P:nvUBdIzC 
     $86DB:A4 15     LDY $0015 = #$0D                                               A:01 X:04 Y:0D S:FA P:nvUBdIzC 
     $86DD:88        DEY                                                            A:01 X:04 Y:0D S:FA P:nvUBdIzC 
     $86DE:30 2C     BMI $870C                                                      A:01 X:04 Y:0C S:FA P:nvUBdIzC 
     $86E0:4C 3C 86  JMP $863C                                                      A:01 X:04 Y:0C S:FA P:nvUBdIzC 
     $863C:84 15     STY $0015 = #$0D                                               A:01 X:04 Y:0C S:FA P:nvUBdIzC 
     $863E:B9 9E 00  LDA $009E,Y @ $00AA = #$0C                                     A:01 X:04 Y:0C S:FA P:nvUBdIzC 
     $8641:A8        TAY                                                            A:0C X:04 Y:0C S:FA P:nvUBdIzC 
     $8642:B9 A2 04  LDA $04A2,Y @ $04AE = #$80                                     A:0C X:04 Y:0C S:FA P:nvUBdIzC 
     $8645:30 0F     BMI $8656                                                      A:80 X:04 Y:0C S:FA P:NvUBdIzC 
     $8656:4C D5 86  JMP $86D5                                                      A:80 X:04 Y:0C S:FA P:NvUBdIzC 
     $86D5:A5 0B     LDA $000B = #$6F                                               A:80 X:04 Y:0C S:FA P:NvUBdIzC 
     $86D7:29 01     AND #$01                                                       A:6F X:04 Y:0C S:FA P:nvUBdIzC 
     $86D9:F0 08     BEQ $86E3                                                      A:01 X:04 Y:0C S:FA P:nvUBdIzC 
     $86DB:A4 15     LDY $0015 = #$0C                                               A:01 X:04 Y:0C S:FA P:nvUBdIzC 
     $86DD:88        DEY                                                            A:01 X:04 Y:0C S:FA P:nvUBdIzC 
     $86DE:30 2C     BMI $870C                                                      A:01 X:04 Y:0B S:FA P:nvUBdIzC 
     $86E0:4C 3C 86  JMP $863C                                                      A:01 X:04 Y:0B S:FA P:nvUBdIzC 
     $863C:84 15     STY $0015 = #$0C                                               A:01 X:04 Y:0B S:FA P:nvUBdIzC 
     $863E:B9 9E 00  LDA $009E,Y @ $00A9 = #$0B                                     A:01 X:04 Y:0B S:FA P:nvUBdIzC 
     $8641:A8        TAY                                                            A:0B X:04 Y:0B S:FA P:nvUBdIzC 
     $8642:B9 A2 04  LDA $04A2,Y @ $04AD = #$80                                     A:0B X:04 Y:0B S:FA P:nvUBdIzC 
     $8645:30 0F     BMI $8656                                                      A:80 X:04 Y:0B S:FA P:NvUBdIzC 
     $8656:4C D5 86  JMP $86D5                                                      A:80 X:04 Y:0B S:FA P:NvUBdIzC 
     $86D5:A5 0B     LDA $000B = #$6F                                               A:80 X:04 Y:0B S:FA P:NvUBdIzC 
     $86D7:29 01     AND #$01                                                       A:6F X:04 Y:0B S:FA P:nvUBdIzC 
     $86D9:F0 08     BEQ $86E3                                                      A:01 X:04 Y:0B S:FA P:nvUBdIzC 
     $86DB:A4 15     LDY $0015 = #$0B                                               A:01 X:04 Y:0B S:FA P:nvUBdIzC 
     $86DD:88        DEY                                                            A:01 X:04 Y:0B S:FA P:nvUBdIzC 
     $86DE:30 2C     BMI $870C                                                      A:01 X:04 Y:0A S:FA P:nvUBdIzC 
     $86E0:4C 3C 86  JMP $863C                                                      A:01 X:04 Y:0A S:FA P:nvUBdIzC 
     $863C:84 15     STY $0015 = #$0B                                               A:01 X:04 Y:0A S:FA P:nvUBdIzC 
     $863E:B9 9E 00  LDA $009E,Y @ $00A8 = #$0A                                     A:01 X:04 Y:0A S:FA P:nvUBdIzC 
     $8641:A8        TAY                                                            A:0A X:04 Y:0A S:FA P:nvUBdIzC 
     $8642:B9 A2 04  LDA $04A2,Y @ $04AC = #$80                                     A:0A X:04 Y:0A S:FA P:nvUBdIzC 
     $8645:30 0F     BMI $8656                                                      A:80 X:04 Y:0A S:FA P:NvUBdIzC 
     $8656:4C D5 86  JMP $86D5                                                      A:80 X:04 Y:0A S:FA P:NvUBdIzC 
     $86D5:A5 0B     LDA $000B = #$6F                                               A:80 X:04 Y:0A S:FA P:NvUBdIzC 
     $86D7:29 01     AND #$01                                                       A:6F X:04 Y:0A S:FA P:nvUBdIzC 
     $86D9:F0 08     BEQ $86E3                                                      A:01 X:04 Y:0A S:FA P:nvUBdIzC 
     $86DB:A4 15     LDY $0015 = #$0A                                               A:01 X:04 Y:0A S:FA P:nvUBdIzC 
     $86DD:88        DEY                                                            A:01 X:04 Y:0A S:FA P:nvUBdIzC 
     $86DE:30 2C     BMI $870C                                                      A:01 X:04 Y:09 S:FA P:nvUBdIzC 
     $86E0:4C 3C 86  JMP $863C                                                      A:01 X:04 Y:09 S:FA P:nvUBdIzC 
     $863C:84 15     STY $0015 = #$0A                                               A:01 X:04 Y:09 S:FA P:nvUBdIzC 
     $863E:B9 9E 00  LDA $009E,Y @ $00A7 = #$09                                     A:01 X:04 Y:09 S:FA P:nvUBdIzC 
     $8641:A8        TAY                                                            A:09 X:04 Y:09 S:FA P:nvUBdIzC 
     $8642:B9 A2 04  LDA $04A2,Y @ $04AB = #$80                                     A:09 X:04 Y:09 S:FA P:nvUBdIzC 
     $8645:30 0F     BMI $8656                                                      A:80 X:04 Y:09 S:FA P:NvUBdIzC 
     $8656:4C D5 86  JMP $86D5                                                      A:80 X:04 Y:09 S:FA P:NvUBdIzC 
     $86D5:A5 0B     LDA $000B = #$6F                                               A:80 X:04 Y:09 S:FA P:NvUBdIzC 
     $86D7:29 01     AND #$01                                                       A:6F X:04 Y:09 S:FA P:nvUBdIzC 
     $86D9:F0 08     BEQ $86E3                                                      A:01 X:04 Y:09 S:FA P:nvUBdIzC 
     $86DB:A4 15     LDY $0015 = #$09                                               A:01 X:04 Y:09 S:FA P:nvUBdIzC 
     $86DD:88        DEY                                                            A:01 X:04 Y:09 S:FA P:nvUBdIzC 
     $86DE:30 2C     BMI $870C                                                      A:01 X:04 Y:08 S:FA P:nvUBdIzC 
     $86E0:4C 3C 86  JMP $863C                                                      A:01 X:04 Y:08 S:FA P:nvUBdIzC 
     $863C:84 15     STY $0015 = #$09                                               A:01 X:04 Y:08 S:FA P:nvUBdIzC 
     $863E:B9 9E 00  LDA $009E,Y @ $00A6 = #$08                                     A:01 X:04 Y:08 S:FA P:nvUBdIzC 
     $8641:A8        TAY                                                            A:08 X:04 Y:08 S:FA P:nvUBdIzC 
     $8642:B9 A2 04  LDA $04A2,Y @ $04AA = #$80                                     A:08 X:04 Y:08 S:FA P:nvUBdIzC 
     $8645:30 0F     BMI $8656                                                      A:80 X:04 Y:08 S:FA P:NvUBdIzC 
     $8656:4C D5 86  JMP $86D5                                                      A:80 X:04 Y:08 S:FA P:NvUBdIzC 
     $86D5:A5 0B     LDA $000B = #$6F                                               A:80 X:04 Y:08 S:FA P:NvUBdIzC 
     $86D7:29 01     AND #$01                                                       A:6F X:04 Y:08 S:FA P:nvUBdIzC 
     $86D9:F0 08     BEQ $86E3                                                      A:01 X:04 Y:08 S:FA P:nvUBdIzC 
     $86DB:A4 15     LDY $0015 = #$08                                               A:01 X:04 Y:08 S:FA P:nvUBdIzC 
     $86DD:88        DEY                                                            A:01 X:04 Y:08 S:FA P:nvUBdIzC 
     $86DE:30 2C     BMI $870C                                                      A:01 X:04 Y:07 S:FA P:nvUBdIzC 
     $86E0:4C 3C 86  JMP $863C                                                      A:01 X:04 Y:07 S:FA P:nvUBdIzC 
     $863C:84 15     STY $0015 = #$08                                               A:01 X:04 Y:07 S:FA P:nvUBdIzC 
     $863E:B9 9E 00  LDA $009E,Y @ $00A5 = #$07                                     A:01 X:04 Y:07 S:FA P:nvUBdIzC 
     $8641:A8        TAY                                                            A:07 X:04 Y:07 S:FA P:nvUBdIzC 
     $8642:B9 A2 04  LDA $04A2,Y @ $04A9 = #$80                                     A:07 X:04 Y:07 S:FA P:nvUBdIzC 
     $8645:30 0F     BMI $8656                                                      A:80 X:04 Y:07 S:FA P:NvUBdIzC 
     $8656:4C D5 86  JMP $86D5                                                      A:80 X:04 Y:07 S:FA P:NvUBdIzC 
     $86D5:A5 0B     LDA $000B = #$6F                                               A:80 X:04 Y:07 S:FA P:NvUBdIzC 
     $86D7:29 01     AND #$01                                                       A:6F X:04 Y:07 S:FA P:nvUBdIzC 
     $86D9:F0 08     BEQ $86E3                                                      A:01 X:04 Y:07 S:FA P:nvUBdIzC 
     $86DB:A4 15     LDY $0015 = #$07                                               A:01 X:04 Y:07 S:FA P:nvUBdIzC 
     $86DD:88        DEY                                                            A:01 X:04 Y:07 S:FA P:nvUBdIzC 
     $86DE:30 2C     BMI $870C                                                      A:01 X:04 Y:06 S:FA P:nvUBdIzC 
     $86E0:4C 3C 86  JMP $863C                                                      A:01 X:04 Y:06 S:FA P:nvUBdIzC 
     $863C:84 15     STY $0015 = #$07                                               A:01 X:04 Y:06 S:FA P:nvUBdIzC 
     $863E:B9 9E 00  LDA $009E,Y @ $00A4 = #$06                                     A:01 X:04 Y:06 S:FA P:nvUBdIzC 
     $8641:A8        TAY                                                            A:06 X:04 Y:06 S:FA P:nvUBdIzC 
     $8642:B9 A2 04  LDA $04A2,Y @ $04A8 = #$80                                     A:06 X:04 Y:06 S:FA P:nvUBdIzC 
     $8645:30 0F     BMI $8656                                                      A:80 X:04 Y:06 S:FA P:NvUBdIzC 
     $8656:4C D5 86  JMP $86D5                                                      A:80 X:04 Y:06 S:FA P:NvUBdIzC 
     $86D5:A5 0B     LDA $000B = #$6F                                               A:80 X:04 Y:06 S:FA P:NvUBdIzC 
     $86D7:29 01     AND #$01                                                       A:6F X:04 Y:06 S:FA P:nvUBdIzC 
     $86D9:F0 08     BEQ $86E3                                                      A:01 X:04 Y:06 S:FA P:nvUBdIzC 
     $86DB:A4 15     LDY $0015 = #$06                                               A:01 X:04 Y:06 S:FA P:nvUBdIzC 
     $86DD:88        DEY                                                            A:01 X:04 Y:06 S:FA P:nvUBdIzC 
     $86DE:30 2C     BMI $870C                                                      A:01 X:04 Y:05 S:FA P:nvUBdIzC 
     $86E0:4C 3C 86  JMP $863C                                                      A:01 X:04 Y:05 S:FA P:nvUBdIzC 
     $863C:84 15     STY $0015 = #$06                                               A:01 X:04 Y:05 S:FA P:nvUBdIzC 
     $863E:B9 9E 00  LDA $009E,Y @ $00A3 = #$05                                     A:01 X:04 Y:05 S:FA P:nvUBdIzC 
     $8641:A8        TAY                                                            A:05 X:04 Y:05 S:FA P:nvUBdIzC 
     $8642:B9 A2 04  LDA $04A2,Y @ $04A7 = #$00                                     A:05 X:04 Y:05 S:FA P:nvUBdIzC 
     $8645:30 0F     BMI $8656                                                      A:00 X:04 Y:05 S:FA P:nvUBdIZC 
     $8647:A5 10     LDA $0010 = #$03                                               A:00 X:04 Y:05 S:FA P:nvUBdIZC 
     $8649:C9 05     CMP #$05                                                       A:03 X:04 Y:05 S:FA P:nvUBdIzC 
     $864B:D0 0C     BNE $8659                                                      A:03 X:04 Y:05 S:FA P:NvUBdIzc 
     $8659:84 16     STY $0016 = #$00                                               A:03 X:04 Y:05 S:FA P:NvUBdIzc 
     $865B:B9 C1 03  LDA $03C1,Y @ $03C6 = #$2C                                     A:03 X:04 Y:05 S:FA P:NvUBdIzc 
     $865E:C9 67     CMP #$67                                                       A:2C X:04 Y:05 S:FA P:nvUBdIzc 
     $8660:F0 4F     BEQ $86B1                                                      A:2C X:04 Y:05 S:FA P:NvUBdIzc 
     $8662:C9 5F     CMP #$5F                                                       A:2C X:04 Y:05 S:FA P:NvUBdIzc 
     $8664:F0 45     BEQ $86AB                                                      A:2C X:04 Y:05 S:FA P:NvUBdIzc 
     $8666:C9 30     CMP #$30                                                       A:2C X:04 Y:05 S:FA P:NvUBdIzc 
     $8668:F0 44     BEQ $86AE                                                      A:2C X:04 Y:05 S:FA P:NvUBdIzc 
     $866A:C9 2D     CMP #$2D                                                       A:2C X:04 Y:05 S:FA P:NvUBdIzc 
     $866C:F0 3A     BEQ $86A8                                                      A:2C X:04 Y:05 S:FA P:NvUBdIzc 
     $866E:C9 2E     CMP #$2E                                                       A:2C X:04 Y:05 S:FA P:NvUBdIzc 
     $8670:F0 33     BEQ $86A5                                                      A:2C X:04 Y:05 S:FA P:NvUBdIzc 
     $8672:C9 11     CMP #$11                                                       A:2C X:04 Y:05 S:FA P:NvUBdIzc 
     $8674:F0 2C     BEQ $86A2                                                      A:2C X:04 Y:05 S:FA P:nvUBdIzC 
     $8676:C9 12     CMP #$12                                                       A:2C X:04 Y:05 S:FA P:nvUBdIzC 
     $8678:F0 28     BEQ $86A2                                                      A:2C X:04 Y:05 S:FA P:nvUBdIzC 
     $867A:C9 0F     CMP #$0F                                                       A:2C X:04 Y:05 S:FA P:nvUBdIzC 
     $867C:F0 21     BEQ $869F                                                      A:2C X:04 Y:05 S:FA P:nvUBdIzC 
     $867E:C9 06     CMP #$06                                                       A:2C X:04 Y:05 S:FA P:nvUBdIzC 
     $8680:F0 17     BEQ $8699                                                      A:2C X:04 Y:05 S:FA P:nvUBdIzC 
     $8682:C9 07     CMP #$07                                                       A:2C X:04 Y:05 S:FA P:nvUBdIzC 
     $8684:F0 13     BEQ $8699                                                      A:2C X:04 Y:05 S:FA P:nvUBdIzC 
     $8686:C9 09     CMP #$09                                                       A:2C X:04 Y:05 S:FA P:nvUBdIzC 
     $8688:F0 12     BEQ $869C                                                      A:2C X:04 Y:05 S:FA P:nvUBdIzC 
     $868A:C9 04     CMP #$04                                                       A:2C X:04 Y:05 S:FA P:nvUBdIzC 
     $868C:F0 08     BEQ $8696                                                      A:2C X:04 Y:05 S:FA P:nvUBdIzC 
     $868E:C9 22     CMP #$22                                                       A:2C X:04 Y:05 S:FA P:nvUBdIzC 
     $8690:F0 04     BEQ $8696                                                      A:2C X:04 Y:05 S:FA P:nvUBdIzC 
     $8692:C9 03     CMP #$03                                                       A:2C X:04 Y:05 S:FA P:nvUBdIzC 
     $8694:D0 1E     BNE $86B4                                                      A:2C X:04 Y:05 S:FA P:nvUBdIzC 
     $86B4:B9 74 05  LDA $0574,Y @ $0579 = #$00                                     A:2C X:04 Y:05 S:FA P:nvUBdIzC 
     $86B7:30 06     BMI $86BF                                                      A:00 X:04 Y:05 S:FA P:nvUBdIZC 
     $86B9:C9 20     CMP #$20                                                       A:00 X:04 Y:05 S:FA P:nvUBdIZC 
     $86BB:90 09     BCC $86C6                                                      A:00 X:04 Y:05 S:FA P:NvUBdIzc 
     $86C6:20 0A 8C  JSR $8C0A                                                      A:00 X:04 Y:05 S:FA P:NvUBdIzc 
       $8C0A:B9 84 04  LDA $0484,Y @ $0489 = #$85                                     A:00 X:04 Y:05 S:F8 P:NvUBdIzc 
       $8C0D:85 17     STA $0017 = #$00                                               A:85 X:04 Y:05 S:F8 P:NvUBdIzc 
       $8C0F:B9 93 04  LDA $0493,Y @ $0498 = #$FE                                     A:85 X:04 Y:05 S:F8 P:NvUBdIzc 
       $8C12:38        SEC                                                            A:FE X:04 Y:05 S:F8 P:NvUBdIzc 
       $8C13:F9 75 04  SBC $0475,Y @ $047A = #$00                                     A:FE X:04 Y:05 S:F8 P:NvUBdIzC 
       $8C16:90 ED     BCC $8C05                                                      A:FE X:04 Y:05 S:F8 P:NvUBdIzC 
       $8C18:85 8C     STA $008C = #$A7                                               A:FE X:04 Y:05 S:F8 P:NvUBdIzC 
       $8C1A:B9 D0 03  LDA $03D0,Y @ $03D5 = #$59                                     A:FE X:04 Y:05 S:F8 P:NvUBdIzC 
       $8C1D:F0 E6     BEQ $8C05                                                      A:59 X:04 Y:05 S:F8 P:nvUBdIzC 
       $8C1F:B9 B1 04  LDA $04B1,Y @ $04B6 = #$00                                     A:59 X:04 Y:05 S:F8 P:nvUBdIzC 
       $8C22:29 20     AND #$20                                                       A:00 X:04 Y:05 S:F8 P:nvUBdIZC 
       $8C24:D0 03     BNE $8C29                                                      A:00 X:04 Y:05 S:F8 P:nvUBdIZC 
       $8C26:4C C9 8C  JMP $8CC9                                                      A:00 X:04 Y:05 S:F8 P:nvUBdIZC 
       $8CC9:B9 D0 03  LDA $03D0,Y @ $03D5 = #$59                                     A:00 X:04 Y:05 S:F8 P:nvUBdIZC 
       $8CCC:C0 02     CPY #$02                                                       A:59 X:04 Y:05 S:F8 P:nvUBdIzC 
       $8CCE:B0 1A     BCS $8CEA                                                      A:59 X:04 Y:05 S:F8 P:nvUBdIzC 
       $8CEA:85 18     STA $0018 = #$00                                               A:59 X:04 Y:05 S:F8 P:nvUBdIzC 
       $8CEC:B9 A2 04  LDA $04A2,Y @ $04A7 = #$00                                     A:59 X:04 Y:05 S:F8 P:nvUBdIzC 
       $8CEF:29 63     AND #$63                                                       A:00 X:04 Y:05 S:F8 P:nvUBdIZC 
       $8CF1:85 1B     STA $001B = #$01                                               A:00 X:04 Y:05 S:F8 P:nvUBdIZC 
       $8CF3:29 40     AND #$40                                                       A:00 X:04 Y:05 S:F8 P:nvUBdIZC 
       $8CF5:85 90     STA $0090 = #$00                                               A:00 X:04 Y:05 S:F8 P:nvUBdIZC 
       $8CF7:A5 10     LDA $0010 = #$03                                               A:00 X:04 Y:05 S:F8 P:nvUBdIZC 
       $8CF9:C9 0A     CMP #$0A                                                       A:03 X:04 Y:05 S:F8 P:nvUBdIzC 
       $8CFB:F0 14     BEQ $8D11                                                      A:03 X:04 Y:05 S:F8 P:NvUBdIzc 
       $8CFD:C9 0D     CMP #$0D                                                       A:03 X:04 Y:05 S:F8 P:NvUBdIzc 
       $8CFF:F0 10     BEQ $8D11                                                      A:03 X:04 Y:05 S:F8 P:NvUBdIzc 
       $8D01:C0 02     CPY #$02                                                       A:03 X:04 Y:05 S:F8 P:NvUBdIzc 
       $8D03:A4 18     LDY $0018 = #$59                                               A:03 X:04 Y:05 S:F8 P:nvUBdIzC 
       $8D05:90 14     BCC $8D1B                                                      A:03 X:04 Y:59 S:F8 P:nvUBdIzC 
       $8D07:B9 B9 C5  LDA $C5B9,Y @ $C612 = #$E7                                     A:03 X:04 Y:59 S:F8 P:nvUBdIzC 
       $8D0A:85 19     STA $0019 = #$AE                                               A:E7 X:04 Y:59 S:F8 P:NvUBdIzC 
       $8D0C:B9 3C C7  LDA $C73C,Y @ $C795 = #$BB                                     A:E7 X:04 Y:59 S:F8 P:NvUBdIzC 
       $8D0F:D0 12     BNE $8D23                                                      A:BB X:04 Y:59 S:F8 P:NvUBdIzC 
       $8D23:85 1A     STA $001A = #$B9                                               A:BB X:04 Y:59 S:F8 P:NvUBdIzC 
       $8D25:A0 00     LDY #$00                                                       A:BB X:04 Y:59 S:F8 P:NvUBdIzC 
       $8D27:A5 90     LDA $0090 = #$00                                               A:BB X:04 Y:00 S:F8 P:nvUBdIZC 
       $8D29:F0 0B     BEQ $8D36                                                      A:00 X:04 Y:00 S:F8 P:nvUBdIZC 
       $8D36:A5 17     LDA $0017 = #$85                                               A:00 X:04 Y:00 S:F8 P:nvUBdIZC 
       $8D38:38        SEC                                                            A:85 X:04 Y:00 S:F8 P:NvUBdIzC 
       $8D39:F1 19     SBC ($19),Y @ $BBE7 = #$06                                     A:85 X:04 Y:00 S:F8 P:NvUBdIzC 
       $8D3B:85 8B     STA $008B = #$17                                               A:7F X:04 Y:00 S:F8 P:nVUBdIzC 
       $8D3D:45 17     EOR $0017 = #$85                                               A:7F X:04 Y:00 S:F8 P:nVUBdIzC 
       $8D3F:10 07     BPL $8D48                                                      A:FA X:04 Y:00 S:F8 P:NVUBdIzC 
       $8D41:A5 17     LDA $0017 = #$85                                               A:FA X:04 Y:00 S:F8 P:NVUBdIzC 
       $8D43:E9 40     SBC #$40                                                       A:85 X:04 Y:00 S:F8 P:NVUBdIzC 
       $8D45:10 01     BPL $8D48                                                      A:45 X:04 Y:00 S:F8 P:nVUBdIzC 
       $8D48:C8        INY                                                            A:45 X:04 Y:00 S:F8 P:nVUBdIzC 
       $8D49:A5 8C     LDA $008C = #$FE                                               A:45 X:04 Y:01 S:F8 P:nVUBdIzC 
       $8D4B:18        CLC                                                            A:FE X:04 Y:01 S:F8 P:NVUBdIzC 
       $8D4C:71 19     ADC ($19),Y @ $BBE8 = #$04                                     A:FE X:04 Y:01 S:F8 P:NVUBdIzc 
       $8D4E:85 8C     STA $008C = #$FE                                               A:02 X:04 Y:01 S:F8 P:nvUBdIzC 
       $8D50:6A        ROR                                                            A:02 X:04 Y:01 S:F8 P:nvUBdIzC 
       $8D51:51 19     EOR ($19),Y @ $BBE8 = #$04                                     A:81 X:04 Y:01 S:F8 P:NvUBdIzc 
       $8D53:30 F2     BMI $8D47                                                      A:85 X:04 Y:01 S:F8 P:NvUBdIzc 
       $8D47:60        RTS (from $8C0A) ----------------------------------------------A:85 X:04 Y:01 S:F8 P:NvUBdIzc 
     $86C9:8A        TXA                                                            A:85 X:04 Y:01 S:FA P:NvUBdIzc 
     $86CA:F0 22     BEQ $86EE                                                      A:04 X:04 Y:01 S:FA P:nvUBdIzc 
     $86CC:A5 16     LDA $0016 = #$05                                               A:04 X:04 Y:01 S:FA P:nvUBdIzc 
     $86CE:F0 02     BEQ $86D2                                                      A:05 X:04 Y:01 S:FA P:nvUBdIzc 
     $86D0:10 03     BPL $86D5                                                      A:05 X:04 Y:01 S:FA P:nvUBdIzc 
     $86D5:A5 0B     LDA $000B = #$6F                                               A:05 X:04 Y:01 S:FA P:nvUBdIzc 
     $86D7:29 01     AND #$01                                                       A:6F X:04 Y:01 S:FA P:nvUBdIzc 
     $86D9:F0 08     BEQ $86E3                                                      A:01 X:04 Y:01 S:FA P:nvUBdIzc 
     $86DB:A4 15     LDY $0015 = #$05                                               A:01 X:04 Y:01 S:FA P:nvUBdIzc 
     $86DD:88        DEY                                                            A:01 X:04 Y:05 S:FA P:nvUBdIzc 
     $86DE:30 2C     BMI $870C                                                      A:01 X:04 Y:04 S:FA P:nvUBdIzc 
     $86E0:4C 3C 86  JMP $863C                                                      A:01 X:04 Y:04 S:FA P:nvUBdIzc 
     $863C:84 15     STY $0015 = #$05                                               A:01 X:04 Y:04 S:FA P:nvUBdIzc 
     $863E:B9 9E 00  LDA $009E,Y @ $00A2 = #$04                                     A:01 X:04 Y:04 S:FA P:nvUBdIzc 
     $8641:A8        TAY                                                            A:04 X:04 Y:04 S:FA P:nvUBdIzc 
     $8642:B9 A2 04  LDA $04A2,Y @ $04A6 = #$00                                     A:04 X:04 Y:04 S:FA P:nvUBdIzc 
     $8645:30 0F     BMI $8656                                                      A:00 X:04 Y:04 S:FA P:nvUBdIZc 
     $8647:A5 10     LDA $0010 = #$03                                               A:00 X:04 Y:04 S:FA P:nvUBdIZc 
     $8649:C9 05     CMP #$05                                                       A:03 X:04 Y:04 S:FA P:nvUBdIzc 
     $864B:D0 0C     BNE $8659                                                      A:03 X:04 Y:04 S:FA P:NvUBdIzc 
     $8659:84 16     STY $0016 = #$05                                               A:03 X:04 Y:04 S:FA P:NvUBdIzc 
     $865B:B9 C1 03  LDA $03C1,Y @ $03C5 = #$2C                                     A:03 X:04 Y:04 S:FA P:NvUBdIzc 
     $865E:C9 67     CMP #$67                                                       A:2C X:04 Y:04 S:FA P:nvUBdIzc 
     $8660:F0 4F     BEQ $86B1                                                      A:2C X:04 Y:04 S:FA P:NvUBdIzc 
     $8662:C9 5F     CMP #$5F                                                       A:2C X:04 Y:04 S:FA P:NvUBdIzc 
     $8664:F0 45     BEQ $86AB                                                      A:2C X:04 Y:04 S:FA P:NvUBdIzc 
     $8666:C9 30     CMP #$30                                                       A:2C X:04 Y:04 S:FA P:NvUBdIzc 
     $8668:F0 44     BEQ $86AE                                                      A:2C X:04 Y:04 S:FA P:NvUBdIzc 
     $866A:C9 2D     CMP #$2D                                                       A:2C X:04 Y:04 S:FA P:NvUBdIzc 
     $866C:F0 3A     BEQ $86A8                                                      A:2C X:04 Y:04 S:FA P:NvUBdIzc 
     $866E:C9 2E     CMP #$2E                                                       A:2C X:04 Y:04 S:FA P:NvUBdIzc 
     $8670:F0 33     BEQ $86A5                                                      A:2C X:04 Y:04 S:FA P:NvUBdIzc 
     $8672:C9 11     CMP #$11                                                       A:2C X:04 Y:04 S:FA P:NvUBdIzc 
     $8674:F0 2C     BEQ $86A2                                                      A:2C X:04 Y:04 S:FA P:nvUBdIzC 
     $8676:C9 12     CMP #$12                                                       A:2C X:04 Y:04 S:FA P:nvUBdIzC 
     $8678:F0 28     BEQ $86A2                                                      A:2C X:04 Y:04 S:FA P:nvUBdIzC 
     $867A:C9 0F     CMP #$0F                                                       A:2C X:04 Y:04 S:FA P:nvUBdIzC 
     $867C:F0 21     BEQ $869F                                                      A:2C X:04 Y:04 S:FA P:nvUBdIzC 
     $867E:C9 06     CMP #$06                                                       A:2C X:04 Y:04 S:FA P:nvUBdIzC 
     $8680:F0 17     BEQ $8699                                                      A:2C X:04 Y:04 S:FA P:nvUBdIzC 
     $8682:C9 07     CMP #$07                                                       A:2C X:04 Y:04 S:FA P:nvUBdIzC 
     $8684:F0 13     BEQ $8699                                                      A:2C X:04 Y:04 S:FA P:nvUBdIzC 
     $8686:C9 09     CMP #$09                                                       A:2C X:04 Y:04 S:FA P:nvUBdIzC 
     $8688:F0 12     BEQ $869C                                                      A:2C X:04 Y:04 S:FA P:nvUBdIzC 
     $868A:C9 04     CMP #$04                                                       A:2C X:04 Y:04 S:FA P:nvUBdIzC 
     $868C:F0 08     BEQ $8696                                                      A:2C X:04 Y:04 S:FA P:nvUBdIzC 
     $868E:C9 22     CMP #$22                                                       A:2C X:04 Y:04 S:FA P:nvUBdIzC 
     $8690:F0 04     BEQ $8696                                                      A:2C X:04 Y:04 S:FA P:nvUBdIzC 
     $8692:C9 03     CMP #$03                                                       A:2C X:04 Y:04 S:FA P:nvUBdIzC 
     $8694:D0 1E     BNE $86B4                                                      A:2C X:04 Y:04 S:FA P:nvUBdIzC 
     $86B4:B9 74 05  LDA $0574,Y @ $0578 = #$00                                     A:2C X:04 Y:04 S:FA P:nvUBdIzC 
     $86B7:30 06     BMI $86BF                                                      A:00 X:04 Y:04 S:FA P:nvUBdIZC 
     $86B9:C9 20     CMP #$20                                                       A:00 X:04 Y:04 S:FA P:nvUBdIZC 
     $86BB:90 09     BCC $86C6                                                      A:00 X:04 Y:04 S:FA P:NvUBdIzc 
     $86C6:20 0A 8C  JSR $8C0A                                                      A:00 X:04 Y:04 S:FA P:NvUBdIzc 
       $8C0A:B9 84 04  LDA $0484,Y @ $0488 = #$83                                     A:00 X:04 Y:04 S:F8 P:NvUBdIzc 
       $8C0D:85 17     STA $0017 = #$85                                               A:83 X:04 Y:04 S:F8 P:NvUBdIzc 
       $8C0F:B9 93 04  LDA $0493,Y @ $0497 = #$FE                                     A:83 X:04 Y:04 S:F8 P:NvUBdIzc 
       $8C12:38        SEC                                                            A:FE X:04 Y:04 S:F8 P:NvUBdIzc 
       $8C13:F9 75 04  SBC $0475,Y @ $0479 = #$00                                     A:FE X:04 Y:04 S:F8 P:NvUBdIzC 
       $8C16:90 ED     BCC $8C05                                                      A:FE X:04 Y:04 S:F8 P:NvUBdIzC 
       $8C18:85 8C     STA $008C = #$02                                               A:FE X:04 Y:04 S:F8 P:NvUBdIzC 
       $8C1A:B9 D0 03  LDA $03D0,Y @ $03D4 = #$59                                     A:FE X:04 Y:04 S:F8 P:NvUBdIzC 
       $8C1D:F0 E6     BEQ $8C05                                                      A:59 X:04 Y:04 S:F8 P:nvUBdIzC 
       $8C1F:B9 B1 04  LDA $04B1,Y @ $04B5 = #$00                                     A:59 X:04 Y:04 S:F8 P:nvUBdIzC 
       $8C22:29 20     AND #$20                                                       A:00 X:04 Y:04 S:F8 P:nvUBdIZC 
       $8C24:D0 03     BNE $8C29                                                      A:00 X:04 Y:04 S:F8 P:nvUBdIZC 
       $8C26:4C C9 8C  JMP $8CC9                                                      A:00 X:04 Y:04 S:F8 P:nvUBdIZC 
       $8CC9:B9 D0 03  LDA $03D0,Y @ $03D4 = #$59                                     A:00 X:04 Y:04 S:F8 P:nvUBdIZC 
       $8CCC:C0 02     CPY #$02                                                       A:59 X:04 Y:04 S:F8 P:nvUBdIzC 
       $8CCE:B0 1A     BCS $8CEA                                                      A:59 X:04 Y:04 S:F8 P:nvUBdIzC 
       $8CEA:85 18     STA $0018 = #$59                                               A:59 X:04 Y:04 S:F8 P:nvUBdIzC 
       $8CEC:B9 A2 04  LDA $04A2,Y @ $04A6 = #$00                                     A:59 X:04 Y:04 S:F8 P:nvUBdIzC 
       $8CEF:29 63     AND #$63                                                       A:00 X:04 Y:04 S:F8 P:nvUBdIZC 
       $8CF1:85 1B     STA $001B = #$00                                               A:00 X:04 Y:04 S:F8 P:nvUBdIZC 
       $8CF3:29 40     AND #$40                                                       A:00 X:04 Y:04 S:F8 P:nvUBdIZC 
       $8CF5:85 90     STA $0090 = #$00                                               A:00 X:04 Y:04 S:F8 P:nvUBdIZC 
       $8CF7:A5 10     LDA $0010 = #$03                                               A:00 X:04 Y:04 S:F8 P:nvUBdIZC 
       $8CF9:C9 0A     CMP #$0A                                                       A:03 X:04 Y:04 S:F8 P:nvUBdIzC 
       $8CFB:F0 14     BEQ $8D11                                                      A:03 X:04 Y:04 S:F8 P:NvUBdIzc 
       $8CFD:C9 0D     CMP #$0D                                                       A:03 X:04 Y:04 S:F8 P:NvUBdIzc 
       $8CFF:F0 10     BEQ $8D11                                                      A:03 X:04 Y:04 S:F8 P:NvUBdIzc 
       $8D01:C0 02     CPY #$02                                                       A:03 X:04 Y:04 S:F8 P:NvUBdIzc 
       $8D03:A4 18     LDY $0018 = #$59                                               A:03 X:04 Y:04 S:F8 P:nvUBdIzC 
       $8D05:90 14     BCC $8D1B                                                      A:03 X:04 Y:59 S:F8 P:nvUBdIzC 
       $8D07:B9 B9 C5  LDA $C5B9,Y @ $C612 = #$E7                                     A:03 X:04 Y:59 S:F8 P:nvUBdIzC 
       $8D0A:85 19     STA $0019 = #$E7                                               A:E7 X:04 Y:59 S:F8 P:NvUBdIzC 
       $8D0C:B9 3C C7  LDA $C73C,Y @ $C795 = #$BB                                     A:E7 X:04 Y:59 S:F8 P:NvUBdIzC 
       $8D0F:D0 12     BNE $8D23                                                      A:BB X:04 Y:59 S:F8 P:NvUBdIzC 
       $8D23:85 1A     STA $001A = #$BB                                               A:BB X:04 Y:59 S:F8 P:NvUBdIzC 
       $8D25:A0 00     LDY #$00                                                       A:BB X:04 Y:59 S:F8 P:NvUBdIzC 
       $8D27:A5 90     LDA $0090 = #$00                                               A:BB X:04 Y:00 S:F8 P:nvUBdIZC 
       $8D29:F0 0B     BEQ $8D36                                                      A:00 X:04 Y:00 S:F8 P:nvUBdIZC 
       $8D36:A5 17     LDA $0017 = #$83                                               A:00 X:04 Y:00 S:F8 P:nvUBdIZC 
       $8D38:38        SEC                                                            A:83 X:04 Y:00 S:F8 P:NvUBdIzC 
       $8D39:F1 19     SBC ($19),Y @ $BBE7 = #$06                                     A:83 X:04 Y:00 S:F8 P:NvUBdIzC 
       $8D3B:85 8B     STA $008B = #$7F                                               A:7D X:04 Y:00 S:F8 P:nVUBdIzC 
       $8D3D:45 17     EOR $0017 = #$83                                               A:7D X:04 Y:00 S:F8 P:nVUBdIzC 
       $8D3F:10 07     BPL $8D48                                                      A:FE X:04 Y:00 S:F8 P:NVUBdIzC 
       $8D41:A5 17     LDA $0017 = #$83                                               A:FE X:04 Y:00 S:F8 P:NVUBdIzC 
       $8D43:E9 40     SBC #$40                                                       A:83 X:04 Y:00 S:F8 P:NVUBdIzC 
       $8D45:10 01     BPL $8D48                                                      A:43 X:04 Y:00 S:F8 P:nVUBdIzC 
       $8D48:C8        INY                                                            A:43 X:04 Y:00 S:F8 P:nVUBdIzC 
       $8D49:A5 8C     LDA $008C = #$FE                                               A:43 X:04 Y:01 S:F8 P:nVUBdIzC 
       $8D4B:18        CLC                                                            A:FE X:04 Y:01 S:F8 P:NVUBdIzC 
       $8D4C:71 19     ADC ($19),Y @ $BBE8 = #$04                                     A:FE X:04 Y:01 S:F8 P:NVUBdIzc 
       $8D4E:85 8C     STA $008C = #$FE                                               A:02 X:04 Y:01 S:F8 P:nvUBdIzC 
       $8D50:6A        ROR                                                            A:02 X:04 Y:01 S:F8 P:nvUBdIzC 
       $8D51:51 19     EOR ($19),Y @ $BBE8 = #$04                                     A:81 X:04 Y:01 S:F8 P:NvUBdIzc 
       $8D53:30 F2     BMI $8D47                                                      A:85 X:04 Y:01 S:F8 P:NvUBdIzc 
       $8D47:60        RTS (from $8C0A) ----------------------------------------------A:85 X:04 Y:01 S:F8 P:NvUBdIzc 
     $86C9:8A        TXA                                                            A:85 X:04 Y:01 S:FA P:NvUBdIzc 
     $86CA:F0 22     BEQ $86EE                                                      A:04 X:04 Y:01 S:FA P:nvUBdIzc 
     $86CC:A5 16     LDA $0016 = #$04                                               A:04 X:04 Y:01 S:FA P:nvUBdIzc 
     $86CE:F0 02     BEQ $86D2                                                      A:04 X:04 Y:01 S:FA P:nvUBdIzc 
     $86D0:10 03     BPL $86D5                                                      A:04 X:04 Y:01 S:FA P:nvUBdIzc 
     $86D5:A5 0B     LDA $000B = #$6F                                               A:04 X:04 Y:01 S:FA P:nvUBdIzc 
     $86D7:29 01     AND #$01                                                       A:6F X:04 Y:01 S:FA P:nvUBdIzc 
     $86D9:F0 08     BEQ $86E3                                                      A:01 X:04 Y:01 S:FA P:nvUBdIzc 
     $86DB:A4 15     LDY $0015 = #$04                                               A:01 X:04 Y:01 S:FA P:nvUBdIzc 
     $86DD:88        DEY                                                            A:01 X:04 Y:04 S:FA P:nvUBdIzc 
     $86DE:30 2C     BMI $870C                                                      A:01 X:04 Y:03 S:FA P:nvUBdIzc 
     $86E0:4C 3C 86  JMP $863C                                                      A:01 X:04 Y:03 S:FA P:nvUBdIzc 
     $863C:84 15     STY $0015 = #$04                                               A:01 X:04 Y:03 S:FA P:nvUBdIzc 
     $863E:B9 9E 00  LDA $009E,Y @ $00A1 = #$03                                     A:01 X:04 Y:03 S:FA P:nvUBdIzc 
     $8641:A8        TAY                                                            A:03 X:04 Y:03 S:FA P:nvUBdIzc 
     $8642:B9 A2 04  LDA $04A2,Y @ $04A5 = #$00                                     A:03 X:04 Y:03 S:FA P:nvUBdIzc 
     $8645:30 0F     BMI $8656                                                      A:00 X:04 Y:03 S:FA P:nvUBdIZc 
     $8647:A5 10     LDA $0010 = #$03                                               A:00 X:04 Y:03 S:FA P:nvUBdIZc 
     $8649:C9 05     CMP #$05                                                       A:03 X:04 Y:03 S:FA P:nvUBdIzc 
     $864B:D0 0C     BNE $8659                                                      A:03 X:04 Y:03 S:FA P:NvUBdIzc 
     $8659:84 16     STY $0016 = #$04                                               A:03 X:04 Y:03 S:FA P:NvUBdIzc 
     $865B:B9 C1 03  LDA $03C1,Y @ $03C4 = #$2C                                     A:03 X:04 Y:03 S:FA P:NvUBdIzc 
     $865E:C9 67     CMP #$67                                                       A:2C X:04 Y:03 S:FA P:nvUBdIzc 
     $8660:F0 4F     BEQ $86B1                                                      A:2C X:04 Y:03 S:FA P:NvUBdIzc 
     $8662:C9 5F     CMP #$5F                                                       A:2C X:04 Y:03 S:FA P:NvUBdIzc 
     $8664:F0 45     BEQ $86AB                                                      A:2C X:04 Y:03 S:FA P:NvUBdIzc 
     $8666:C9 30     CMP #$30                                                       A:2C X:04 Y:03 S:FA P:NvUBdIzc 
     $8668:F0 44     BEQ $86AE                                                      A:2C X:04 Y:03 S:FA P:NvUBdIzc 
     $866A:C9 2D     CMP #$2D                                                       A:2C X:04 Y:03 S:FA P:NvUBdIzc 
     $866C:F0 3A     BEQ $86A8                                                      A:2C X:04 Y:03 S:FA P:NvUBdIzc 
     $866E:C9 2E     CMP #$2E                                                       A:2C X:04 Y:03 S:FA P:NvUBdIzc 
     $8670:F0 33     BEQ $86A5                                                      A:2C X:04 Y:03 S:FA P:NvUBdIzc 
     $8672:C9 11     CMP #$11                                                       A:2C X:04 Y:03 S:FA P:NvUBdIzc 
     $8674:F0 2C     BEQ $86A2                                                      A:2C X:04 Y:03 S:FA P:nvUBdIzC 
     $8676:C9 12     CMP #$12                                                       A:2C X:04 Y:03 S:FA P:nvUBdIzC 
     $8678:F0 28     BEQ $86A2                                                      A:2C X:04 Y:03 S:FA P:nvUBdIzC 
     $867A:C9 0F     CMP #$0F                                                       A:2C X:04 Y:03 S:FA P:nvUBdIzC 
     $867C:F0 21     BEQ $869F                                                      A:2C X:04 Y:03 S:FA P:nvUBdIzC 
     $867E:C9 06     CMP #$06                                                       A:2C X:04 Y:03 S:FA P:nvUBdIzC 
     $8680:F0 17     BEQ $8699                                                      A:2C X:04 Y:03 S:FA P:nvUBdIzC 
     $8682:C9 07     CMP #$07                                                       A:2C X:04 Y:03 S:FA P:nvUBdIzC 
     $8684:F0 13     BEQ $8699                                                      A:2C X:04 Y:03 S:FA P:nvUBdIzC 
     $8686:C9 09     CMP #$09                                                       A:2C X:04 Y:03 S:FA P:nvUBdIzC 
     $8688:F0 12     BEQ $869C                                                      A:2C X:04 Y:03 S:FA P:nvUBdIzC 
     $868A:C9 04     CMP #$04                                                       A:2C X:04 Y:03 S:FA P:nvUBdIzC 
     $868C:F0 08     BEQ $8696                                                      A:2C X:04 Y:03 S:FA P:nvUBdIzC 
     $868E:C9 22     CMP #$22                                                       A:2C X:04 Y:03 S:FA P:nvUBdIzC 
     $8690:F0 04     BEQ $8696                                                      A:2C X:04 Y:03 S:FA P:nvUBdIzC 
     $8692:C9 03     CMP #$03                                                       A:2C X:04 Y:03 S:FA P:nvUBdIzC 
     $8694:D0 1E     BNE $86B4                                                      A:2C X:04 Y:03 S:FA P:nvUBdIzC 
     $86B4:B9 74 05  LDA $0574,Y @ $0577 = #$00                                     A:2C X:04 Y:03 S:FA P:nvUBdIzC 
     $86B7:30 06     BMI $86BF                                                      A:00 X:04 Y:03 S:FA P:nvUBdIZC 
     $86B9:C9 20     CMP #$20                                                       A:00 X:04 Y:03 S:FA P:nvUBdIZC 
     $86BB:90 09     BCC $86C6                                                      A:00 X:04 Y:03 S:FA P:NvUBdIzc 
     $86C6:20 0A 8C  JSR $8C0A                                                      A:00 X:04 Y:03 S:FA P:NvUBdIzc 
       $8C0A:B9 84 04  LDA $0484,Y @ $0487 = #$84                                     A:00 X:04 Y:03 S:F8 P:NvUBdIzc 
       $8C0D:85 17     STA $0017 = #$83                                               A:84 X:04 Y:03 S:F8 P:NvUBdIzc 
       $8C0F:B9 93 04  LDA $0493,Y @ $0496 = #$FF                                     A:84 X:04 Y:03 S:F8 P:NvUBdIzc 
       $8C12:38        SEC                                                            A:FF X:04 Y:03 S:F8 P:NvUBdIzc 
       $8C13:F9 75 04  SBC $0475,Y @ $0478 = #$00                                     A:FF X:04 Y:03 S:F8 P:NvUBdIzC 
       $8C16:90 ED     BCC $8C05                                                      A:FF X:04 Y:03 S:F8 P:NvUBdIzC 
       $8C18:85 8C     STA $008C = #$02                                               A:FF X:04 Y:03 S:F8 P:NvUBdIzC 
       $8C1A:B9 D0 03  LDA $03D0,Y @ $03D3 = #$59                                     A:FF X:04 Y:03 S:F8 P:NvUBdIzC 
       $8C1D:F0 E6     BEQ $8C05                                                      A:59 X:04 Y:03 S:F8 P:nvUBdIzC 
       $8C1F:B9 B1 04  LDA $04B1,Y @ $04B4 = #$00                                     A:59 X:04 Y:03 S:F8 P:nvUBdIzC 
       $8C22:29 20     AND #$20                                                       A:00 X:04 Y:03 S:F8 P:nvUBdIZC 
       $8C24:D0 03     BNE $8C29                                                      A:00 X:04 Y:03 S:F8 P:nvUBdIZC 
       $8C26:4C C9 8C  JMP $8CC9                                                      A:00 X:04 Y:03 S:F8 P:nvUBdIZC 
       $8CC9:B9 D0 03  LDA $03D0,Y @ $03D3 = #$59                                     A:00 X:04 Y:03 S:F8 P:nvUBdIZC 
       $8CCC:C0 02     CPY #$02                                                       A:59 X:04 Y:03 S:F8 P:nvUBdIzC 
       $8CCE:B0 1A     BCS $8CEA                                                      A:59 X:04 Y:03 S:F8 P:nvUBdIzC 
       $8CEA:85 18     STA $0018 = #$59                                               A:59 X:04 Y:03 S:F8 P:nvUBdIzC 
       $8CEC:B9 A2 04  LDA $04A2,Y @ $04A5 = #$00                                     A:59 X:04 Y:03 S:F8 P:nvUBdIzC 
       $8CEF:29 63     AND #$63                                                       A:00 X:04 Y:03 S:F8 P:nvUBdIZC 
       $8CF1:85 1B     STA $001B = #$00                                               A:00 X:04 Y:03 S:F8 P:nvUBdIZC 
       $8CF3:29 40     AND #$40                                                       A:00 X:04 Y:03 S:F8 P:nvUBdIZC 
       $8CF5:85 90     STA $0090 = #$00                                               A:00 X:04 Y:03 S:F8 P:nvUBdIZC 
       $8CF7:A5 10     LDA $0010 = #$03                                               A:00 X:04 Y:03 S:F8 P:nvUBdIZC 
       $8CF9:C9 0A     CMP #$0A                                                       A:03 X:04 Y:03 S:F8 P:nvUBdIzC 
       $8CFB:F0 14     BEQ $8D11                                                      A:03 X:04 Y:03 S:F8 P:NvUBdIzc 
       $8CFD:C9 0D     CMP #$0D                                                       A:03 X:04 Y:03 S:F8 P:NvUBdIzc 
       $8CFF:F0 10     BEQ $8D11                                                      A:03 X:04 Y:03 S:F8 P:NvUBdIzc 
       $8D01:C0 02     CPY #$02                                                       A:03 X:04 Y:03 S:F8 P:NvUBdIzc 
       $8D03:A4 18     LDY $0018 = #$59                                               A:03 X:04 Y:03 S:F8 P:nvUBdIzC 
       $8D05:90 14     BCC $8D1B                                                      A:03 X:04 Y:59 S:F8 P:nvUBdIzC 
       $8D07:B9 B9 C5  LDA $C5B9,Y @ $C612 = #$E7                                     A:03 X:04 Y:59 S:F8 P:nvUBdIzC 
       $8D0A:85 19     STA $0019 = #$E7                                               A:E7 X:04 Y:59 S:F8 P:NvUBdIzC 
       $8D0C:B9 3C C7  LDA $C73C,Y @ $C795 = #$BB                                     A:E7 X:04 Y:59 S:F8 P:NvUBdIzC 
       $8D0F:D0 12     BNE $8D23                                                      A:BB X:04 Y:59 S:F8 P:NvUBdIzC 
       $8D23:85 1A     STA $001A = #$BB                                               A:BB X:04 Y:59 S:F8 P:NvUBdIzC 
       $8D25:A0 00     LDY #$00                                                       A:BB X:04 Y:59 S:F8 P:NvUBdIzC 
       $8D27:A5 90     LDA $0090 = #$00                                               A:BB X:04 Y:00 S:F8 P:nvUBdIZC 
       $8D29:F0 0B     BEQ $8D36                                                      A:00 X:04 Y:00 S:F8 P:nvUBdIZC 
       $8D36:A5 17     LDA $0017 = #$84                                               A:00 X:04 Y:00 S:F8 P:nvUBdIZC 
       $8D38:38        SEC                                                            A:84 X:04 Y:00 S:F8 P:NvUBdIzC 
       $8D39:F1 19     SBC ($19),Y @ $BBE7 = #$06                                     A:84 X:04 Y:00 S:F8 P:NvUBdIzC 
       $8D3B:85 8B     STA $008B = #$7D                                               A:7E X:04 Y:00 S:F8 P:nVUBdIzC 
       $8D3D:45 17     EOR $0017 = #$84                                               A:7E X:04 Y:00 S:F8 P:nVUBdIzC 
       $8D3F:10 07     BPL $8D48                                                      A:FA X:04 Y:00 S:F8 P:NVUBdIzC 
       $8D41:A5 17     LDA $0017 = #$84                                               A:FA X:04 Y:00 S:F8 P:NVUBdIzC 
       $8D43:E9 40     SBC #$40                                                       A:84 X:04 Y:00 S:F8 P:NVUBdIzC 
       $8D45:10 01     BPL $8D48                                                      A:44 X:04 Y:00 S:F8 P:nVUBdIzC 
       $8D48:C8        INY                                                            A:44 X:04 Y:00 S:F8 P:nVUBdIzC 
       $8D49:A5 8C     LDA $008C = #$FF                                               A:44 X:04 Y:01 S:F8 P:nVUBdIzC 
       $8D4B:18        CLC                                                            A:FF X:04 Y:01 S:F8 P:NVUBdIzC 
       $8D4C:71 19     ADC ($19),Y @ $BBE8 = #$04                                     A:FF X:04 Y:01 S:F8 P:NVUBdIzc 
       $8D4E:85 8C     STA $008C = #$FF                                               A:03 X:04 Y:01 S:F8 P:nvUBdIzC 
       $8D50:6A        ROR                                                            A:03 X:04 Y:01 S:F8 P:nvUBdIzC 
       $8D51:51 19     EOR ($19),Y @ $BBE8 = #$04                                     A:81 X:04 Y:01 S:F8 P:NvUBdIzC 
       $8D53:30 F2     BMI $8D47                                                      A:85 X:04 Y:01 S:F8 P:NvUBdIzC 
       $8D47:60        RTS (from $8C0A) ----------------------------------------------A:85 X:04 Y:01 S:F8 P:NvUBdIzC 
     $86C9:8A        TXA                                                            A:85 X:04 Y:01 S:FA P:NvUBdIzC 
     $86CA:F0 22     BEQ $86EE                                                      A:04 X:04 Y:01 S:FA P:nvUBdIzC 
     $86CC:A5 16     LDA $0016 = #$03                                               A:04 X:04 Y:01 S:FA P:nvUBdIzC 
     $86CE:F0 02     BEQ $86D2                                                      A:03 X:04 Y:01 S:FA P:nvUBdIzC 
     $86D0:10 03     BPL $86D5                                                      A:03 X:04 Y:01 S:FA P:nvUBdIzC 
     $86D5:A5 0B     LDA $000B = #$6F                                               A:03 X:04 Y:01 S:FA P:nvUBdIzC 
     $86D7:29 01     AND #$01                                                       A:6F X:04 Y:01 S:FA P:nvUBdIzC 
     $86D9:F0 08     BEQ $86E3                                                      A:01 X:04 Y:01 S:FA P:nvUBdIzC 
     $86DB:A4 15     LDY $0015 = #$03                                               A:01 X:04 Y:01 S:FA P:nvUBdIzC 
     $86DD:88        DEY                                                            A:01 X:04 Y:03 S:FA P:nvUBdIzC 
     $86DE:30 2C     BMI $870C                                                      A:01 X:04 Y:02 S:FA P:nvUBdIzC 
     $86E0:4C 3C 86  JMP $863C                                                      A:01 X:04 Y:02 S:FA P:nvUBdIzC 
     $863C:84 15     STY $0015 = #$03                                               A:01 X:04 Y:02 S:FA P:nvUBdIzC 
     $863E:B9 9E 00  LDA $009E,Y @ $00A0 = #$02                                     A:01 X:04 Y:02 S:FA P:nvUBdIzC 
     $8641:A8        TAY                                                            A:02 X:04 Y:02 S:FA P:nvUBdIzC 
     $8642:B9 A2 04  LDA $04A2,Y @ $04A4 = #$88                                     A:02 X:04 Y:02 S:FA P:nvUBdIzC 
     $8645:30 0F     BMI $8656                                                      A:88 X:04 Y:02 S:FA P:NvUBdIzC 
     $8656:4C D5 86  JMP $86D5                                                      A:88 X:04 Y:02 S:FA P:NvUBdIzC 
     $86D5:A5 0B     LDA $000B = #$6F                                               A:88 X:04 Y:02 S:FA P:NvUBdIzC 
     $86D7:29 01     AND #$01                                                       A:6F X:04 Y:02 S:FA P:nvUBdIzC 
     $86D9:F0 08     BEQ $86E3                                                      A:01 X:04 Y:02 S:FA P:nvUBdIzC 
     $86DB:A4 15     LDY $0015 = #$02                                               A:01 X:04 Y:02 S:FA P:nvUBdIzC 
     $86DD:88        DEY                                                            A:01 X:04 Y:02 S:FA P:nvUBdIzC 
     $86DE:30 2C     BMI $870C                                                      A:01 X:04 Y:01 S:FA P:nvUBdIzC 
     $86E0:4C 3C 86  JMP $863C                                                      A:01 X:04 Y:01 S:FA P:nvUBdIzC 
     $863C:84 15     STY $0015 = #$02                                               A:01 X:04 Y:01 S:FA P:nvUBdIzC 
     $863E:B9 9E 00  LDA $009E,Y @ $009F = #$01                                     A:01 X:04 Y:01 S:FA P:nvUBdIzC 
     $8641:A8        TAY                                                            A:01 X:04 Y:01 S:FA P:nvUBdIzC 
     $8642:B9 A2 04  LDA $04A2,Y @ $04A3 = #$88                                     A:01 X:04 Y:01 S:FA P:nvUBdIzC 
     $8645:30 0F     BMI $8656                                                      A:88 X:04 Y:01 S:FA P:NvUBdIzC 
     $8656:4C D5 86  JMP $86D5                                                      A:88 X:04 Y:01 S:FA P:NvUBdIzC 
     $86D5:A5 0B     LDA $000B = #$6F                                               A:88 X:04 Y:01 S:FA P:NvUBdIzC 
     $86D7:29 01     AND #$01                                                       A:6F X:04 Y:01 S:FA P:nvUBdIzC 
     $86D9:F0 08     BEQ $86E3                                                      A:01 X:04 Y:01 S:FA P:nvUBdIzC 
     $86DB:A4 15     LDY $0015 = #$01                                               A:01 X:04 Y:01 S:FA P:nvUBdIzC 
     $86DD:88        DEY                                                            A:01 X:04 Y:01 S:FA P:nvUBdIzC 
     $86DE:30 2C     BMI $870C                                                      A:01 X:04 Y:00 S:FA P:nvUBdIZC 
     $86E0:4C 3C 86  JMP $863C                                                      A:01 X:04 Y:00 S:FA P:nvUBdIZC 
     $863C:84 15     STY $0015 = #$01                                               A:01 X:04 Y:00 S:FA P:nvUBdIZC 
     $863E:B9 9E 00  LDA $009E,Y @ $009E = #$00                                     A:01 X:04 Y:00 S:FA P:nvUBdIZC 
     $8641:A8        TAY                                                            A:00 X:04 Y:00 S:FA P:nvUBdIZC 
     $8642:B9 A2 04  LDA $04A2,Y @ $04A2 = #$08                                     A:00 X:04 Y:00 S:FA P:nvUBdIZC 
     $8645:30 0F     BMI $8656                                                      A:08 X:04 Y:00 S:FA P:nvUBdIzC 
     $8647:A5 10     LDA $0010 = #$03                                               A:08 X:04 Y:00 S:FA P:nvUBdIzC 
     $8649:C9 05     CMP #$05                                                       A:03 X:04 Y:00 S:FA P:nvUBdIzC 
     $864B:D0 0C     BNE $8659                                                      A:03 X:04 Y:00 S:FA P:NvUBdIzc 
     $8659:84 16     STY $0016 = #$03                                               A:03 X:04 Y:00 S:FA P:NvUBdIzc 
     $865B:B9 C1 03  LDA $03C1,Y @ $03C1 = #$01                                     A:03 X:04 Y:00 S:FA P:NvUBdIzc 
     $865E:C9 67     CMP #$67                                                       A:01 X:04 Y:00 S:FA P:nvUBdIzc 
     $8660:F0 4F     BEQ $86B1                                                      A:01 X:04 Y:00 S:FA P:NvUBdIzc 
     $8662:C9 5F     CMP #$5F                                                       A:01 X:04 Y:00 S:FA P:NvUBdIzc 
     $8664:F0 45     BEQ $86AB                                                      A:01 X:04 Y:00 S:FA P:NvUBdIzc 
     $8666:C9 30     CMP #$30                                                       A:01 X:04 Y:00 S:FA P:NvUBdIzc 
     $8668:F0 44     BEQ $86AE                                                      A:01 X:04 Y:00 S:FA P:NvUBdIzc 
     $866A:C9 2D     CMP #$2D                                                       A:01 X:04 Y:00 S:FA P:NvUBdIzc 
     $866C:F0 3A     BEQ $86A8                                                      A:01 X:04 Y:00 S:FA P:NvUBdIzc 
     $866E:C9 2E     CMP #$2E                                                       A:01 X:04 Y:00 S:FA P:NvUBdIzc 
     $8670:F0 33     BEQ $86A5                                                      A:01 X:04 Y:00 S:FA P:NvUBdIzc 
     $8672:C9 11     CMP #$11                                                       A:01 X:04 Y:00 S:FA P:NvUBdIzc 
     $8674:F0 2C     BEQ $86A2                                                      A:01 X:04 Y:00 S:FA P:NvUBdIzc 
     $8676:C9 12     CMP #$12                                                       A:01 X:04 Y:00 S:FA P:NvUBdIzc 
     $8678:F0 28     BEQ $86A2                                                      A:01 X:04 Y:00 S:FA P:NvUBdIzc 
     $867A:C9 0F     CMP #$0F                                                       A:01 X:04 Y:00 S:FA P:NvUBdIzc 
     $867C:F0 21     BEQ $869F                                                      A:01 X:04 Y:00 S:FA P:NvUBdIzc 
     $867E:C9 06     CMP #$06                                                       A:01 X:04 Y:00 S:FA P:NvUBdIzc 
     $8680:F0 17     BEQ $8699                                                      A:01 X:04 Y:00 S:FA P:NvUBdIzc 
     $8682:C9 07     CMP #$07                                                       A:01 X:04 Y:00 S:FA P:NvUBdIzc 
     $8684:F0 13     BEQ $8699                                                      A:01 X:04 Y:00 S:FA P:NvUBdIzc 
     $8686:C9 09     CMP #$09                                                       A:01 X:04 Y:00 S:FA P:NvUBdIzc 
     $8688:F0 12     BEQ $869C                                                      A:01 X:04 Y:00 S:FA P:NvUBdIzc 
     $868A:C9 04     CMP #$04                                                       A:01 X:04 Y:00 S:FA P:NvUBdIzc 
     $868C:F0 08     BEQ $8696                                                      A:01 X:04 Y:00 S:FA P:NvUBdIzc 
     $868E:C9 22     CMP #$22                                                       A:01 X:04 Y:00 S:FA P:NvUBdIzc 
     $8690:F0 04     BEQ $8696                                                      A:01 X:04 Y:00 S:FA P:NvUBdIzc 
     $8692:C9 03     CMP #$03                                                       A:01 X:04 Y:00 S:FA P:NvUBdIzc 
     $8694:D0 1E     BNE $86B4                                                      A:01 X:04 Y:00 S:FA P:NvUBdIzc 
     $86B4:B9 74 05  LDA $0574,Y @ $0574 = #$00                                     A:01 X:04 Y:00 S:FA P:NvUBdIzc 
     $86B7:30 06     BMI $86BF                                                      A:00 X:04 Y:00 S:FA P:nvUBdIZc 
     $86B9:C9 20     CMP #$20                                                       A:00 X:04 Y:00 S:FA P:nvUBdIZc 
     $86BB:90 09     BCC $86C6                                                      A:00 X:04 Y:00 S:FA P:NvUBdIzc 
     $86C6:20 0A 8C  JSR $8C0A                                                      A:00 X:04 Y:00 S:FA P:NvUBdIzc 
       $8C0A:B9 84 04  LDA $0484,Y @ $0484 = #$2C                                     A:00 X:04 Y:00 S:F8 P:NvUBdIzc 
       $8C0D:85 17     STA $0017 = #$84                                               A:2C X:04 Y:00 S:F8 P:nvUBdIzc 
       $8C0F:B9 93 04  LDA $0493,Y @ $0493 = #$AA                                     A:2C X:04 Y:00 S:F8 P:nvUBdIzc 
       $8C12:38        SEC                                                            A:AA X:04 Y:00 S:F8 P:NvUBdIzc 
       $8C13:F9 75 04  SBC $0475,Y @ $0475 = #$08                                     A:AA X:04 Y:00 S:F8 P:NvUBdIzC 
       $8C16:90 ED     BCC $8C05                                                      A:A2 X:04 Y:00 S:F8 P:NvUBdIzC 
       $8C18:85 8C     STA $008C = #$03                                               A:A2 X:04 Y:00 S:F8 P:NvUBdIzC 
       $8C1A:B9 D0 03  LDA $03D0,Y @ $03D0 = #$23                                     A:A2 X:04 Y:00 S:F8 P:NvUBdIzC 
       $8C1D:F0 E6     BEQ $8C05                                                      A:23 X:04 Y:00 S:F8 P:nvUBdIzC 
       $8C1F:B9 B1 04  LDA $04B1,Y @ $04B1 = #$00                                     A:23 X:04 Y:00 S:F8 P:nvUBdIzC 
       $8C22:29 20     AND #$20                                                       A:00 X:04 Y:00 S:F8 P:nvUBdIZC 
       $8C24:D0 03     BNE $8C29                                                      A:00 X:04 Y:00 S:F8 P:nvUBdIZC 
       $8C26:4C C9 8C  JMP $8CC9                                                      A:00 X:04 Y:00 S:F8 P:nvUBdIZC 
       $8CC9:B9 D0 03  LDA $03D0,Y @ $03D0 = #$23                                     A:00 X:04 Y:00 S:F8 P:nvUBdIZC 
       $8CCC:C0 02     CPY #$02                                                       A:23 X:04 Y:00 S:F8 P:nvUBdIzC 
       $8CCE:B0 1A     BCS $8CEA                                                      A:23 X:04 Y:00 S:F8 P:NvUBdIzc 
       $8CD0:C9 1E     CMP #$1E                                                       A:23 X:04 Y:00 S:F8 P:NvUBdIzc 
       $8CD2:F0 0C     BEQ $8CE0                                                      A:23 X:04 Y:00 S:F8 P:nvUBdIzC 
       $8CD4:C9 1A     CMP #$1A                                                       A:23 X:04 Y:00 S:F8 P:nvUBdIzC 
       $8CD6:F0 08     BEQ $8CE0                                                      A:23 X:04 Y:00 S:F8 P:nvUBdIzC 
       $8CD8:C9 4C     CMP #$4C                                                       A:23 X:04 Y:00 S:F8 P:nvUBdIzC 
       $8CDA:F0 04     BEQ $8CE0                                                      A:23 X:04 Y:00 S:F8 P:NvUBdIzc 
       $8CDC:C9 4D     CMP #$4D                                                       A:23 X:04 Y:00 S:F8 P:NvUBdIzc 
       $8CDE:D0 0A     BNE $8CEA                                                      A:23 X:04 Y:00 S:F8 P:NvUBdIzc 
       $8CEA:85 18     STA $0018 = #$59                                               A:23 X:04 Y:00 S:F8 P:NvUBdIzc 
       $8CEC:B9 A2 04  LDA $04A2,Y @ $04A2 = #$08                                     A:23 X:04 Y:00 S:F8 P:NvUBdIzc 
       $8CEF:29 63     AND #$63                                                       A:08 X:04 Y:00 S:F8 P:nvUBdIzc 
       $8CF1:85 1B     STA $001B = #$00                                               A:00 X:04 Y:00 S:F8 P:nvUBdIZc 
       $8CF3:29 40     AND #$40                                                       A:00 X:04 Y:00 S:F8 P:nvUBdIZc 
       $8CF5:85 90     STA $0090 = #$00                                               A:00 X:04 Y:00 S:F8 P:nvUBdIZc 
       $8CF7:A5 10     LDA $0010 = #$03                                               A:00 X:04 Y:00 S:F8 P:nvUBdIZc 
       $8CF9:C9 0A     CMP #$0A                                                       A:03 X:04 Y:00 S:F8 P:nvUBdIzc 
       $8CFB:F0 14     BEQ $8D11                                                      A:03 X:04 Y:00 S:F8 P:NvUBdIzc 
       $8CFD:C9 0D     CMP #$0D                                                       A:03 X:04 Y:00 S:F8 P:NvUBdIzc 
       $8CFF:F0 10     BEQ $8D11                                                      A:03 X:04 Y:00 S:F8 P:NvUBdIzc 
       $8D01:C0 02     CPY #$02                                                       A:03 X:04 Y:00 S:F8 P:NvUBdIzc 
       $8D03:A4 18     LDY $0018 = #$23                                               A:03 X:04 Y:00 S:F8 P:NvUBdIzc 
       $8D05:90 14     BCC $8D1B                                                      A:03 X:04 Y:23 S:F8 P:nvUBdIzc 
       $8D1B:B9 32 C5  LDA $C532,Y @ $C555 = #$54                                     A:03 X:04 Y:23 S:F8 P:nvUBdIzc 
       $8D1E:85 19     STA $0019 = #$E7                                               A:54 X:04 Y:23 S:F8 P:nvUBdIzc 
       $8D20:B9 B5 C6  LDA $C6B5,Y @ $C6D8 = #$CC                                     A:54 X:04 Y:23 S:F8 P:nvUBdIzc 
       $8D23:85 1A     STA $001A = #$BB                                               A:CC X:04 Y:23 S:F8 P:NvUBdIzc 
       $8D25:A0 00     LDY #$00                                                       A:CC X:04 Y:23 S:F8 P:NvUBdIzc 
       $8D27:A5 90     LDA $0090 = #$00                                               A:CC X:04 Y:00 S:F8 P:nvUBdIZc 
       $8D29:F0 0B     BEQ $8D36                                                      A:00 X:04 Y:00 S:F8 P:nvUBdIZc 
       $8D36:A5 17     LDA $0017 = #$2C                                               A:00 X:04 Y:00 S:F8 P:nvUBdIZc 
       $8D38:38        SEC                                                            A:2C X:04 Y:00 S:F8 P:nvUBdIzc 
       $8D39:F1 19     SBC ($19),Y @ $CC54 = #$0A                                     A:2C X:04 Y:00 S:F8 P:nvUBdIzC 
       $8D3B:85 8B     STA $008B = #$7E                                               A:22 X:04 Y:00 S:F8 P:nvUBdIzC 
       $8D3D:45 17     EOR $0017 = #$2C                                               A:22 X:04 Y:00 S:F8 P:nvUBdIzC 
       $8D3F:10 07     BPL $8D48                                                      A:0E X:04 Y:00 S:F8 P:nvUBdIzC 
       $8D48:C8        INY                                                            A:0E X:04 Y:00 S:F8 P:nvUBdIzC 
       $8D49:A5 8C     LDA $008C = #$A2                                               A:0E X:04 Y:01 S:F8 P:nvUBdIzC 
       $8D4B:18        CLC                                                            A:A2 X:04 Y:01 S:F8 P:NvUBdIzC 
       $8D4C:71 19     ADC ($19),Y @ $CC55 = #$03                                     A:A2 X:04 Y:01 S:F8 P:NvUBdIzc 
       $8D4E:85 8C     STA $008C = #$A2                                               A:A5 X:04 Y:01 S:F8 P:NvUBdIzc 
       $8D50:6A        ROR                                                            A:A5 X:04 Y:01 S:F8 P:NvUBdIzc 
       $8D51:51 19     EOR ($19),Y @ $CC55 = #$03                                     A:52 X:04 Y:01 S:F8 P:nvUBdIzC 
       $8D53:30 F2     BMI $8D47                                                      A:51 X:04 Y:01 S:F8 P:nvUBdIzC 
       $8D55:C8        INY                                                            A:51 X:04 Y:01 S:F8 P:nvUBdIzC 
       $8D56:B1 19     LDA ($19),Y @ $CC56 = #$02                                     A:51 X:04 Y:02 S:F8 P:nvUBdIzC 
       $8D58:45 1B     EOR $001B = #$00                                               A:02 X:04 Y:02 S:F8 P:nvUBdIzC 
       $8D5A:85 8D     STA $008D = #$00                                               A:02 X:04 Y:02 S:F8 P:nvUBdIzC 
       $8D5C:C8        INY                                                            A:02 X:04 Y:02 S:F8 P:nvUBdIzC 
       $8D5D:B1 19     LDA ($19),Y @ $CC57 = #$8F                                     A:02 X:04 Y:03 S:F8 P:nvUBdIzC 
       $8D5F:10 4E     BPL $8DAF                                                      A:8F X:04 Y:03 S:F8 P:NvUBdIzC 
       $8D61:29 7F     AND #$7F                                                       A:8F X:04 Y:03 S:F8 P:NvUBdIzC 
       $8D63:85 91     STA $0091 = #$00                                               A:0F X:04 Y:03 S:F8 P:nvUBdIzC 
       $8D65:C8        INY                                                            A:0F X:04 Y:03 S:F8 P:nvUBdIzC 
       $8D66:B1 19     LDA ($19),Y @ $CC58 = #$01                                     A:0F X:04 Y:04 S:F8 P:nvUBdIzC 
       $8D68:85 92     STA $0092 = #$01                                               A:01 X:04 Y:04 S:F8 P:nvUBdIzC 
       $8D6A:C9 03     CMP #$03                                                       A:01 X:04 Y:04 S:F8 P:nvUBdIzC 
       $8D6C:B0 3A     BCS $8DA8                                                      A:01 X:04 Y:04 S:F8 P:NvUBdIzc 
       $8D6E:A5 8D     LDA $008D = #$02                                               A:01 X:04 Y:04 S:F8 P:NvUBdIzc 
       $8D70:85 8E     STA $008E = #$00                                               A:02 X:04 Y:04 S:F8 P:nvUBdIzc 
       $8D72:29 FC     AND #$FC                                                       A:02 X:04 Y:04 S:F8 P:nvUBdIzc 
       $8D74:05 16     ORA $0016 = #$00                                               A:00 X:04 Y:04 S:F8 P:nvUBdIZc 
       $8D76:85 8D     STA $008D = #$02                                               A:00 X:04 Y:04 S:F8 P:nvUBdIZc 
       $8D78:86 8F     STX $008F = #$04                                               A:00 X:04 Y:04 S:F8 P:nvUBdIZc 
       $8D7A:A5 18     LDA $0018 = #$23                                               A:00 X:04 Y:04 S:F8 P:nvUBdIZc 
       $8D7C:C9 5D     CMP #$5D                                                       A:23 X:04 Y:04 S:F8 P:nvUBdIzc 
       $8D7E:F0 14     BEQ $8D94                                                      A:23 X:04 Y:04 S:F8 P:NvUBdIzc 
       $8D80:C9 42     CMP #$42                                                       A:23 X:04 Y:04 S:F8 P:NvUBdIzc 
       $8D82:F0 10     BEQ $8D94                                                      A:23 X:04 Y:04 S:F8 P:NvUBdIzc 
       $8D84:29 FE     AND #$FE                                                       A:23 X:04 Y:04 S:F8 P:NvUBdIzc 
       $8D86:C9 64     CMP #$64                                                       A:22 X:04 Y:04 S:F8 P:nvUBdIzc 
       $8D88:D0 12     BNE $8D9C                                                      A:22 X:04 Y:04 S:F8 P:NvUBdIzc 
       $8D9C:C6 16     DEC $0016 = #$00                                               A:22 X:04 Y:04 S:F8 P:NvUBdIzc 
       $8D9E:D0 08     BNE $8DA8                                                      A:22 X:04 Y:04 S:F8 P:NvUBdIzc 
       $8DA8:C8        INY                                                            A:22 X:04 Y:04 S:F8 P:NvUBdIzc 
       $8DA9:A5 90     LDA $0090 = #$00                                               A:22 X:04 Y:05 S:F8 P:nvUBdIzc 
       $8DAB:D0 5B     BNE $8E08                                                      A:00 X:04 Y:05 S:F8 P:nvUBdIZc 
       $8DAD:F0 14     BEQ $8DC3                                                      A:00 X:04 Y:05 S:F8 P:nvUBdIZc 
       $8DC3:A5 92     LDA $0092 = #$01                                               A:00 X:04 Y:05 S:F8 P:nvUBdIZc 
       $8DC5:F0 04     BEQ $8DCB                                                      A:01 X:04 Y:05 S:F8 P:nvUBdIzc 
       $8DC7:E6 92     INC $0092 = #$01                                               A:01 X:04 Y:05 S:F8 P:nvUBdIzc 
       $8DC9:D0 03     BNE $8DCE                                                      A:01 X:04 Y:05 S:F8 P:nvUBdIzc 
       $8DCE:9D 01 02  STA $0201,X @ $0205 = #$01                                     A:01 X:04 Y:05 S:F8 P:nvUBdIzc 
       $8DD1:B1 19     LDA ($19),Y @ $CC59 = #$12                                     A:01 X:04 Y:05 S:F8 P:nvUBdIzc 
       $8DD3:18        CLC                                                            A:12 X:04 Y:05 S:F8 P:nvUBdIzc 
       $8DD4:65 8B     ADC $008B = #$22                                               A:12 X:04 Y:05 S:F8 P:nvUBdIzc 
       $8DD6:B0 22     BCS $8DFA                                                      A:34 X:04 Y:05 S:F8 P:nvUBdIzc 
       $8DD8:9D 03 02  STA $0203,X @ $0207 = #$32                                     A:34 X:04 Y:05 S:F8 P:nvUBdIzc 
       $8DDB:C8        INY                                                            A:34 X:04 Y:05 S:F8 P:nvUBdIzc 
       $8DDC:A5 8C     LDA $008C = #$A5                                               A:34 X:04 Y:06 S:F8 P:nvUBdIzc 
       $8DDE:38        SEC                                                            A:A5 X:04 Y:06 S:F8 P:NvUBdIzc 
       $8DDF:F1 19     SBC ($19),Y @ $CC5A = #$14                                     A:A5 X:04 Y:06 S:F8 P:NvUBdIzC 
       $8DE1:90 18     BCC $8DFB                                                      A:91 X:04 Y:06 S:F8 P:NvUBdIzC 
       $8DE3:9D 00 02  STA $0200,X @ $0204 = #$93                                     A:91 X:04 Y:06 S:F8 P:NvUBdIzC 
       $8DE6:C8        INY                                                            A:91 X:04 Y:06 S:F8 P:NvUBdIzC 
       $8DE7:A5 8D     LDA $008D = #$00                                               A:91 X:04 Y:07 S:F8 P:nvUBdIzC 
       $8DE9:10 05     BPL $8DF0                                                      A:00 X:04 Y:07 S:F8 P:nvUBdIZC 
       $8DF0:9D 02 02  STA $0202,X @ $0206 = #$02                                     A:00 X:04 Y:07 S:F8 P:nvUBdIZC 
       $8DF3:E8        INX                                                            A:00 X:04 Y:07 S:F8 P:nvUBdIZC 
       $8DF4:E8        INX                                                            A:00 X:05 Y:07 S:F8 P:nvUBdIzC 
       $8DF5:E8        INX                                                            A:00 X:06 Y:07 S:F8 P:nvUBdIzC 
       $8DF6:E8        INX                                                            A:00 X:07 Y:07 S:F8 P:nvUBdIzC 
       $8DF7:D0 C6     BNE $8DBF                                                      A:00 X:08 Y:07 S:F8 P:nvUBdIzC 
       $8DBF:C6 91     DEC $0091 = #$0F                                               A:00 X:08 Y:07 S:F8 P:nvUBdIzC 
       $8DC1:F0 3F     BEQ $8E02                                                      A:00 X:08 Y:07 S:F8 P:nvUBdIzC 
       $8DC3:A5 92     LDA $0092 = #$02                                               A:00 X:08 Y:07 S:F8 P:nvUBdIzC 
       $8DC5:F0 04     BEQ $8DCB                                                      A:02 X:08 Y:07 S:F8 P:nvUBdIzC 
       $8DC7:E6 92     INC $0092 = #$02                                               A:02 X:08 Y:07 S:F8 P:nvUBdIzC 
       $8DC9:D0 03     BNE $8DCE                                                      A:02 X:08 Y:07 S:F8 P:nvUBdIzC 
       $8DCE:9D 01 02  STA $0201,X @ $0209 = #$02                                     A:02 X:08 Y:07 S:F8 P:nvUBdIzC 
       $8DD1:B1 19     LDA ($19),Y @ $CC5B = #$0F                                     A:02 X:08 Y:07 S:F8 P:nvUBdIzC 
       $8DD3:18        CLC                                                            A:0F X:08 Y:07 S:F8 P:nvUBdIzC 
       $8DD4:65 8B     ADC $008B = #$22                                               A:0F X:08 Y:07 S:F8 P:nvUBdIzc 
       $8DD6:B0 22     BCS $8DFA                                                      A:31 X:08 Y:07 S:F8 P:nvUBdIzc 
       $8DD8:9D 03 02  STA $0203,X @ $020B = #$2F                                     A:31 X:08 Y:07 S:F8 P:nvUBdIzc 
       $8DDB:C8        INY                                                            A:31 X:08 Y:07 S:F8 P:nvUBdIzc 
       $8DDC:A5 8C     LDA $008C = #$A5                                               A:31 X:08 Y:08 S:F8 P:nvUBdIzc 
       $8DDE:38        SEC                                                            A:A5 X:08 Y:08 S:F8 P:NvUBdIzc 
       $8DDF:F1 19     SBC ($19),Y @ $CC5C = #$10                                     A:A5 X:08 Y:08 S:F8 P:NvUBdIzC 
       $8DE1:90 18     BCC $8DFB                                                      A:95 X:08 Y:08 S:F8 P:NvUBdIzC 
       $8DE3:9D 00 02  STA $0200,X @ $0208 = #$97                                     A:95 X:08 Y:08 S:F8 P:NvUBdIzC 
       $8DE6:C8        INY                                                            A:95 X:08 Y:08 S:F8 P:NvUBdIzC 
       $8DE7:A5 8D     LDA $008D = #$00                                               A:95 X:08 Y:09 S:F8 P:nvUBdIzC 
       $8DE9:10 05     BPL $8DF0                                                      A:00 X:08 Y:09 S:F8 P:nvUBdIZC 
       $8DF0:9D 02 02  STA $0202,X @ $020A = #$02                                     A:00 X:08 Y:09 S:F8 P:nvUBdIZC 
       $8DF3:E8        INX                                                            A:00 X:08 Y:09 S:F8 P:nvUBdIZC 
       $8DF4:E8        INX                                                            A:00 X:09 Y:09 S:F8 P:nvUBdIzC 
       $8DF5:E8        INX                                                            A:00 X:0A Y:09 S:F8 P:nvUBdIzC 
       $8DF6:E8        INX                                                            A:00 X:0B Y:09 S:F8 P:nvUBdIzC 
       $8DF7:D0 C6     BNE $8DBF                                                      A:00 X:0C Y:09 S:F8 P:nvUBdIzC 
       $8DBF:C6 91     DEC $0091 = #$0E                                               A:00 X:0C Y:09 S:F8 P:nvUBdIzC 
       $8DC1:F0 3F     BEQ $8E02                                                      A:00 X:0C Y:09 S:F8 P:nvUBdIzC 
       $8DC3:A5 92     LDA $0092 = #$03                                               A:00 X:0C Y:09 S:F8 P:nvUBdIzC 
       $8DC5:F0 04     BEQ $8DCB                                                      A:03 X:0C Y:09 S:F8 P:nvUBdIzC 
       $8DC7:E6 92     INC $0092 = #$03                                               A:03 X:0C Y:09 S:F8 P:nvUBdIzC 
       $8DC9:D0 03     BNE $8DCE                                                      A:03 X:0C Y:09 S:F8 P:nvUBdIzC 
       $8DCE:9D 01 02  STA $0201,X @ $020D = #$03                                     A:03 X:0C Y:09 S:F8 P:nvUBdIzC 
       $8DD1:B1 19     LDA ($19),Y @ $CC5D = #$0E                                     A:03 X:0C Y:09 S:F8 P:nvUBdIzC 
       $8DD3:18        CLC                                                            A:0E X:0C Y:09 S:F8 P:nvUBdIzC 
       $8DD4:65 8B     ADC $008B = #$22                                               A:0E X:0C Y:09 S:F8 P:nvUBdIzc 
       $8DD6:B0 22     BCS $8DFA                                                      A:30 X:0C Y:09 S:F8 P:nvUBdIzc 
       $8DD8:9D 03 02  STA $0203,X @ $020F = #$2E                                     A:30 X:0C Y:09 S:F8 P:nvUBdIzc 
       $8DDB:C8        INY                                                            A:30 X:0C Y:09 S:F8 P:nvUBdIzc 
       $8DDC:A5 8C     LDA $008C = #$A5                                               A:30 X:0C Y:0A S:F8 P:nvUBdIzc 
       $8DDE:38        SEC                                                            A:A5 X:0C Y:0A S:F8 P:NvUBdIzc 
       $8DDF:F1 19     SBC ($19),Y @ $CC5E = #$20                                     A:A5 X:0C Y:0A S:F8 P:NvUBdIzC 
       $8DE1:90 18     BCC $8DFB                                                      A:85 X:0C Y:0A S:F8 P:NvUBdIzC 
       $8DE3:9D 00 02  STA $0200,X @ $020C = #$87                                     A:85 X:0C Y:0A S:F8 P:NvUBdIzC 
       $8DE6:C8        INY                                                            A:85 X:0C Y:0A S:F8 P:NvUBdIzC 
       $8DE7:A5 8D     LDA $008D = #$00                                               A:85 X:0C Y:0B S:F8 P:nvUBdIzC 
       $8DE9:10 05     BPL $8DF0                                                      A:00 X:0C Y:0B S:F8 P:nvUBdIZC 
       $8DF0:9D 02 02  STA $0202,X @ $020E = #$00                                     A:00 X:0C Y:0B S:F8 P:nvUBdIZC 
       $8DF3:E8        INX                                                            A:00 X:0C Y:0B S:F8 P:nvUBdIZC 
       $8DF4:E8        INX                                                            A:00 X:0D Y:0B S:F8 P:nvUBdIzC 
       $8DF5:E8        INX                                                            A:00 X:0E Y:0B S:F8 P:nvUBdIzC 
       $8DF6:E8        INX                                                            A:00 X:0F Y:0B S:F8 P:nvUBdIzC 
       $8DF7:D0 C6     BNE $8DBF                                                      A:00 X:10 Y:0B S:F8 P:nvUBdIzC 
       $8DBF:C6 91     DEC $0091 = #$0D                                               A:00 X:10 Y:0B S:F8 P:nvUBdIzC 
       $8DC1:F0 3F     BEQ $8E02                                                      A:00 X:10 Y:0B S:F8 P:nvUBdIzC 
       $8DC3:A5 92     LDA $0092 = #$04                                               A:00 X:10 Y:0B S:F8 P:nvUBdIzC 
       $8DC5:F0 04     BEQ $8DCB                                                      A:04 X:10 Y:0B S:F8 P:nvUBdIzC 
       $8DC7:E6 92     INC $0092 = #$04                                               A:04 X:10 Y:0B S:F8 P:nvUBdIzC 
       $8DC9:D0 03     BNE $8DCE                                                      A:04 X:10 Y:0B S:F8 P:nvUBdIzC 
       $8DCE:9D 01 02  STA $0201,X @ $0211 = #$04                                     A:04 X:10 Y:0B S:F8 P:nvUBdIzC 
       $8DD1:B1 19     LDA ($19),Y @ $CC5F = #$07                                     A:04 X:10 Y:0B S:F8 P:nvUBdIzC 
       $8DD3:18        CLC                                                            A:07 X:10 Y:0B S:F8 P:nvUBdIzC 
       $8DD4:65 8B     ADC $008B = #$22                                               A:07 X:10 Y:0B S:F8 P:nvUBdIzc 
       $8DD6:B0 22     BCS $8DFA                                                      A:29 X:10 Y:0B S:F8 P:nvUBdIzc 
       $8DD8:9D 03 02  STA $0203,X @ $0213 = #$27                                     A:29 X:10 Y:0B S:F8 P:nvUBdIzc 
       $8DDB:C8        INY                                                            A:29 X:10 Y:0B S:F8 P:nvUBdIzc 
       $8DDC:A5 8C     LDA $008C = #$A5                                               A:29 X:10 Y:0C S:F8 P:nvUBdIzc 
       $8DDE:38        SEC                                                            A:A5 X:10 Y:0C S:F8 P:NvUBdIzc 
       $8DDF:F1 19     SBC ($19),Y @ $CC60 = #$18                                     A:A5 X:10 Y:0C S:F8 P:NvUBdIzC 
       $8DE1:90 18     BCC $8DFB                                                      A:8D X:10 Y:0C S:F8 P:NvUBdIzC 
       $8DE3:9D 00 02  STA $0200,X @ $0210 = #$8F                                     A:8D X:10 Y:0C S:F8 P:NvUBdIzC 
       $8DE6:C8        INY                                                            A:8D X:10 Y:0C S:F8 P:NvUBdIzC 
       $8DE7:A5 8D     LDA $008D = #$00                                               A:8D X:10 Y:0D S:F8 P:nvUBdIzC 
       $8DE9:10 05     BPL $8DF0                                                      A:00 X:10 Y:0D S:F8 P:nvUBdIZC 
       $8DF0:9D 02 02  STA $0202,X @ $0212 = #$00                                     A:00 X:10 Y:0D S:F8 P:nvUBdIZC 
       $8DF3:E8        INX                                                            A:00 X:10 Y:0D S:F8 P:nvUBdIZC 
       $8DF4:E8        INX                                                            A:00 X:11 Y:0D S:F8 P:nvUBdIzC 
       $8DF5:E8        INX                                                            A:00 X:12 Y:0D S:F8 P:nvUBdIzC 
       $8DF6:E8        INX                                                            A:00 X:13 Y:0D S:F8 P:nvUBdIzC 
       $8DF7:D0 C6     BNE $8DBF                                                      A:00 X:14 Y:0D S:F8 P:nvUBdIzC 
       $8DBF:C6 91     DEC $0091 = #$0C                                               A:00 X:14 Y:0D S:F8 P:nvUBdIzC 
       $8DC1:F0 3F     BEQ $8E02                                                      A:00 X:14 Y:0D S:F8 P:nvUBdIzC 
       $8DC3:A5 92     LDA $0092 = #$05                                               A:00 X:14 Y:0D S:F8 P:nvUBdIzC 
       $8DC5:F0 04     BEQ $8DCB                                                      A:05 X:14 Y:0D S:F8 P:nvUBdIzC 
       $8DC7:E6 92     INC $0092 = #$05                                               A:05 X:14 Y:0D S:F8 P:nvUBdIzC 
       $8DC9:D0 03     BNE $8DCE                                                      A:05 X:14 Y:0D S:F8 P:nvUBdIzC 
       $8DCE:9D 01 02  STA $0201,X @ $0215 = #$05                                     A:05 X:14 Y:0D S:F8 P:nvUBdIzC 
       $8DD1:B1 19     LDA ($19),Y @ $CC61 = #$0F                                     A:05 X:14 Y:0D S:F8 P:nvUBdIzC 
       $8DD3:18        CLC                                                            A:0F X:14 Y:0D S:F8 P:nvUBdIzC 
       $8DD4:65 8B     ADC $008B = #$22                                               A:0F X:14 Y:0D S:F8 P:nvUBdIzc 
       $8DD6:B0 22     BCS $8DFA                                                      A:31 X:14 Y:0D S:F8 P:nvUBdIzc 
       $8DD8:9D 03 02  STA $0203,X @ $0217 = #$2F                                     A:31 X:14 Y:0D S:F8 P:nvUBdIzc 
       $8DDB:C8        INY                                                            A:31 X:14 Y:0D S:F8 P:nvUBdIzc 
       $8DDC:A5 8C     LDA $008C = #$A5                                               A:31 X:14 Y:0E S:F8 P:nvUBdIzc 
       $8DDE:38        SEC                                                            A:A5 X:14 Y:0E S:F8 P:NvUBdIzc 
       $8DDF:F1 19     SBC ($19),Y @ $CC62 = #$18                                     A:A5 X:14 Y:0E S:F8 P:NvUBdIzC 
       $8DE1:90 18     BCC $8DFB                                                      A:8D X:14 Y:0E S:F8 P:NvUBdIzC 
       $8DE3:9D 00 02  STA $0200,X @ $0214 = #$8F                                     A:8D X:14 Y:0E S:F8 P:NvUBdIzC 
       $8DE6:C8        INY                                                            A:8D X:14 Y:0E S:F8 P:NvUBdIzC 
       $8DE7:A5 8D     LDA $008D = #$00                                               A:8D X:14 Y:0F S:F8 P:nvUBdIzC 
       $8DE9:10 05     BPL $8DF0                                                      A:00 X:14 Y:0F S:F8 P:nvUBdIZC 
       $8DF0:9D 02 02  STA $0202,X @ $0216 = #$00                                     A:00 X:14 Y:0F S:F8 P:nvUBdIZC 
       $8DF3:E8        INX                                                            A:00 X:14 Y:0F S:F8 P:nvUBdIZC 
       $8DF4:E8        INX                                                            A:00 X:15 Y:0F S:F8 P:nvUBdIzC 
       $8DF5:E8        INX                                                            A:00 X:16 Y:0F S:F8 P:nvUBdIzC 
       $8DF6:E8        INX                                                            A:00 X:17 Y:0F S:F8 P:nvUBdIzC 
       $8DF7:D0 C6     BNE $8DBF                                                      A:00 X:18 Y:0F S:F8 P:nvUBdIzC 
       $8DBF:C6 91     DEC $0091 = #$0B                                               A:00 X:18 Y:0F S:F8 P:nvUBdIzC 
       $8DC1:F0 3F     BEQ $8E02                                                      A:00 X:18 Y:0F S:F8 P:nvUBdIzC 
       $8DC3:A5 92     LDA $0092 = #$06                                               A:00 X:18 Y:0F S:F8 P:nvUBdIzC 
       $8DC5:F0 04     BEQ $8DCB                                                      A:06 X:18 Y:0F S:F8 P:nvUBdIzC 
       $8DC7:E6 92     INC $0092 = #$06                                               A:06 X:18 Y:0F S:F8 P:nvUBdIzC 
       $8DC9:D0 03     BNE $8DCE                                                      A:06 X:18 Y:0F S:F8 P:nvUBdIzC 
       $8DCE:9D 01 02  STA $0201,X @ $0219 = #$06                                     A:06 X:18 Y:0F S:F8 P:nvUBdIzC 
       $8DD1:B1 19     LDA ($19),Y @ $CC63 = #$13                                     A:06 X:18 Y:0F S:F8 P:nvUBdIzC 
       $8DD3:18        CLC                                                            A:13 X:18 Y:0F S:F8 P:nvUBdIzC 
       $8DD4:65 8B     ADC $008B = #$22                                               A:13 X:18 Y:0F S:F8 P:nvUBdIzc 
       $8DD6:B0 22     BCS $8DFA                                                      A:35 X:18 Y:0F S:F8 P:nvUBdIzc 
       $8DD8:9D 03 02  STA $0203,X @ $021B = #$33                                     A:35 X:18 Y:0F S:F8 P:nvUBdIzc 
       $8DDB:C8        INY                                                            A:35 X:18 Y:0F S:F8 P:nvUBdIzc 
       $8DDC:A5 8C     LDA $008C = #$A5                                               A:35 X:18 Y:10 S:F8 P:nvUBdIzc 
       $8DDE:38        SEC                                                            A:A5 X:18 Y:10 S:F8 P:NvUBdIzc 
       $8DDF:F1 19     SBC ($19),Y @ $CC64 = #$18                                     A:A5 X:18 Y:10 S:F8 P:NvUBdIzC 
       $8DE1:90 18     BCC $8DFB                                                      A:8D X:18 Y:10 S:F8 P:NvUBdIzC 
       $8DE3:9D 00 02  STA $0200,X @ $0218 = #$8F                                     A:8D X:18 Y:10 S:F8 P:NvUBdIzC 
       $8DE6:C8        INY                                                            A:8D X:18 Y:10 S:F8 P:NvUBdIzC 
       $8DE7:A5 8D     LDA $008D = #$00                                               A:8D X:18 Y:11 S:F8 P:nvUBdIzC 
       $8DE9:10 05     BPL $8DF0                                                      A:00 X:18 Y:11 S:F8 P:nvUBdIZC 
       $8DF0:9D 02 02  STA $0202,X @ $021A = #$00                                     A:00 X:18 Y:11 S:F8 P:nvUBdIZC 
       $8DF3:E8        INX                                                            A:00 X:18 Y:11 S:F8 P:nvUBdIZC 
       $8DF4:E8        INX                                                            A:00 X:19 Y:11 S:F8 P:nvUBdIzC 
       $8DF5:E8        INX                                                            A:00 X:1A Y:11 S:F8 P:nvUBdIzC 
       $8DF6:E8        INX                                                            A:00 X:1B Y:11 S:F8 P:nvUBdIzC 
       $8DF7:D0 C6     BNE $8DBF                                                      A:00 X:1C Y:11 S:F8 P:nvUBdIzC 
       $8DBF:C6 91     DEC $0091 = #$0A                                               A:00 X:1C Y:11 S:F8 P:nvUBdIzC 
       $8DC1:F0 3F     BEQ $8E02                                                      A:00 X:1C Y:11 S:F8 P:nvUBdIzC 
       $8DC3:A5 92     LDA $0092 = #$07                                               A:00 X:1C Y:11 S:F8 P:nvUBdIzC 
       $8DC5:F0 04     BEQ $8DCB                                                      A:07 X:1C Y:11 S:F8 P:nvUBdIzC 
       $8DC7:E6 92     INC $0092 = #$07                                               A:07 X:1C Y:11 S:F8 P:nvUBdIzC 
       $8DC9:D0 03     BNE $8DCE                                                      A:07 X:1C Y:11 S:F8 P:nvUBdIzC 
       $8DCE:9D 01 02  STA $0201,X @ $021D = #$07                                     A:07 X:1C Y:11 S:F8 P:nvUBdIzC 
       $8DD1:B1 19     LDA ($19),Y @ $CC65 = #$09                                     A:07 X:1C Y:11 S:F8 P:nvUBdIzC 
       $8DD3:18        CLC                                                            A:09 X:1C Y:11 S:F8 P:nvUBdIzC 
       $8DD4:65 8B     ADC $008B = #$22                                               A:09 X:1C Y:11 S:F8 P:nvUBdIzc 
       $8DD6:B0 22     BCS $8DFA                                                      A:2B X:1C Y:11 S:F8 P:nvUBdIzc 
       $8DD8:9D 03 02  STA $0203,X @ $021F = #$29                                     A:2B X:1C Y:11 S:F8 P:nvUBdIzc 
       $8DDB:C8        INY                                                            A:2B X:1C Y:11 S:F8 P:nvUBdIzc 
       $8DDC:A5 8C     LDA $008C = #$A5                                               A:2B X:1C Y:12 S:F8 P:nvUBdIzc 
       $8DDE:38        SEC                                                            A:A5 X:1C Y:12 S:F8 P:NvUBdIzc 
       $8DDF:F1 19     SBC ($19),Y @ $CC66 = #$10                                     A:A5 X:1C Y:12 S:F8 P:NvUBdIzC 
       $8DE1:90 18     BCC $8DFB                                                      A:95 X:1C Y:12 S:F8 P:NvUBdIzC 
       $8DE3:9D 00 02  STA $0200,X @ $021C = #$97                                     A:95 X:1C Y:12 S:F8 P:NvUBdIzC 
       $8DE6:C8        INY                                                            A:95 X:1C Y:12 S:F8 P:NvUBdIzC 
       $8DE7:A5 8D     LDA $008D = #$00                                               A:95 X:1C Y:13 S:F8 P:nvUBdIzC 
       $8DE9:10 05     BPL $8DF0                                                      A:00 X:1C Y:13 S:F8 P:nvUBdIZC 
       $8DF0:9D 02 02  STA $0202,X @ $021E = #$00                                     A:00 X:1C Y:13 S:F8 P:nvUBdIZC 
       $8DF3:E8        INX                                                            A:00 X:1C Y:13 S:F8 P:nvUBdIZC 
       $8DF4:E8        INX                                                            A:00 X:1D Y:13 S:F8 P:nvUBdIzC 
       $8DF5:E8        INX                                                            A:00 X:1E Y:13 S:F8 P:nvUBdIzC 
       $8DF6:E8        INX                                                            A:00 X:1F Y:13 S:F8 P:nvUBdIzC 
       $8DF7:D0 C6     BNE $8DBF                                                      A:00 X:20 Y:13 S:F8 P:nvUBdIzC 
       $8DBF:C6 91     DEC $0091 = #$09                                               A:00 X:20 Y:13 S:F8 P:nvUBdIzC 
       $8DC1:F0 3F     BEQ $8E02                                                      A:00 X:20 Y:13 S:F8 P:nvUBdIzC 
       $8DC3:A5 92     LDA $0092 = #$08                                               A:00 X:20 Y:13 S:F8 P:nvUBdIzC 
       $8DC5:F0 04     BEQ $8DCB                                                      A:08 X:20 Y:13 S:F8 P:nvUBdIzC 
       $8DC7:E6 92     INC $0092 = #$08                                               A:08 X:20 Y:13 S:F8 P:nvUBdIzC 
       $8DC9:D0 03     BNE $8DCE                                                      A:08 X:20 Y:13 S:F8 P:nvUBdIzC 
       $8DCE:9D 01 02  STA $0201,X @ $0221 = #$08                                     A:08 X:20 Y:13 S:F8 P:nvUBdIzC 
       $8DD1:B1 19     LDA ($19),Y @ $CC67 = #$11                                     A:08 X:20 Y:13 S:F8 P:nvUBdIzC 
       $8DD3:18        CLC                                                            A:11 X:20 Y:13 S:F8 P:nvUBdIzC 
       $8DD4:65 8B     ADC $008B = #$22                                               A:11 X:20 Y:13 S:F8 P:nvUBdIzc 
       $8DD6:B0 22     BCS $8DFA                                                      A:33 X:20 Y:13 S:F8 P:nvUBdIzc 
       $8DD8:9D 03 02  STA $0203,X @ $0223 = #$31                                     A:33 X:20 Y:13 S:F8 P:nvUBdIzc 
       $8DDB:C8        INY                                                            A:33 X:20 Y:13 S:F8 P:nvUBdIzc 
       $8DDC:A5 8C     LDA $008C = #$A5                                               A:33 X:20 Y:14 S:F8 P:nvUBdIzc 
       $8DDE:38        SEC                                                            A:A5 X:20 Y:14 S:F8 P:NvUBdIzc 
       $8DDF:F1 19     SBC ($19),Y @ $CC68 = #$10                                     A:A5 X:20 Y:14 S:F8 P:NvUBdIzC 
       $8DE1:90 18     BCC $8DFB                                                      A:95 X:20 Y:14 S:F8 P:NvUBdIzC 
       $8DE3:9D 00 02  STA $0200,X @ $0220 = #$97                                     A:95 X:20 Y:14 S:F8 P:NvUBdIzC 
       $8DE6:C8        INY                                                            A:95 X:20 Y:14 S:F8 P:NvUBdIzC 
       $8DE7:A5 8D     LDA $008D = #$00                                               A:95 X:20 Y:15 S:F8 P:nvUBdIzC 
       $8DE9:10 05     BPL $8DF0                                                      A:00 X:20 Y:15 S:F8 P:nvUBdIZC 
       $8DF0:9D 02 02  STA $0202,X @ $0222 = #$00                                     A:00 X:20 Y:15 S:F8 P:nvUBdIZC 
       $8DF3:E8        INX                                                            A:00 X:20 Y:15 S:F8 P:nvUBdIZC 
       $8DF4:E8        INX                                                            A:00 X:21 Y:15 S:F8 P:nvUBdIzC 
       $8DF5:E8        INX                                                            A:00 X:22 Y:15 S:F8 P:nvUBdIzC 
       $8DF6:E8        INX                                                            A:00 X:23 Y:15 S:F8 P:nvUBdIzC 
       $8DF7:D0 C6     BNE $8DBF                                                      A:00 X:24 Y:15 S:F8 P:nvUBdIzC 
       $8DBF:C6 91     DEC $0091 = #$08                                               A:00 X:24 Y:15 S:F8 P:nvUBdIzC 
       $8DC1:F0 3F     BEQ $8E02                                                      A:00 X:24 Y:15 S:F8 P:nvUBdIzC 
       $8DC3:A5 92     LDA $0092 = #$09                                               A:00 X:24 Y:15 S:F8 P:nvUBdIzC 
       $8DC5:F0 04     BEQ $8DCB                                                      A:09 X:24 Y:15 S:F8 P:nvUBdIzC 
       $8DC7:E6 92     INC $0092 = #$09                                               A:09 X:24 Y:15 S:F8 P:nvUBdIzC 
       $8DC9:D0 03     BNE $8DCE                                                      A:09 X:24 Y:15 S:F8 P:nvUBdIzC 
       $8DCE:9D 01 02  STA $0201,X @ $0225 = #$09                                     A:09 X:24 Y:15 S:F8 P:nvUBdIzC 
       $8DD1:B1 19     LDA ($19),Y @ $CC69 = #$14                                     A:09 X:24 Y:15 S:F8 P:nvUBdIzC 
       $8DD3:18        CLC                                                            A:14 X:24 Y:15 S:F8 P:nvUBdIzC 
       $8DD4:65 8B     ADC $008B = #$22                                               A:14 X:24 Y:15 S:F8 P:nvUBdIzc 
       $8DD6:B0 22     BCS $8DFA                                                      A:36 X:24 Y:15 S:F8 P:nvUBdIzc 
       $8DD8:9D 03 02  STA $0203,X @ $0227 = #$34                                     A:36 X:24 Y:15 S:F8 P:nvUBdIzc 
       $8DDB:C8        INY                                                            A:36 X:24 Y:15 S:F8 P:nvUBdIzc 
       $8DDC:A5 8C     LDA $008C = #$A5                                               A:36 X:24 Y:16 S:F8 P:nvUBdIzc 
       $8DDE:38        SEC                                                            A:A5 X:24 Y:16 S:F8 P:NvUBdIzc 
       $8DDF:F1 19     SBC ($19),Y @ $CC6A = #$10                                     A:A5 X:24 Y:16 S:F8 P:NvUBdIzC 
       $8DE1:90 18     BCC $8DFB                                                      A:95 X:24 Y:16 S:F8 P:NvUBdIzC 
       $8DE3:9D 00 02  STA $0200,X @ $0224 = #$97                                     A:95 X:24 Y:16 S:F8 P:NvUBdIzC 
       $8DE6:C8        INY                                                            A:95 X:24 Y:16 S:F8 P:NvUBdIzC 
       $8DE7:A5 8D     LDA $008D = #$00                                               A:95 X:24 Y:17 S:F8 P:nvUBdIzC 
       $8DE9:10 05     BPL $8DF0                                                      A:00 X:24 Y:17 S:F8 P:nvUBdIZC 
       $8DF0:9D 02 02  STA $0202,X @ $0226 = #$00                                     A:00 X:24 Y:17 S:F8 P:nvUBdIZC 
       $8DF3:E8        INX                                                            A:00 X:24 Y:17 S:F8 P:nvUBdIZC 
       $8DF4:E8        INX                                                            A:00 X:25 Y:17 S:F8 P:nvUBdIzC 
       $8DF5:E8        INX                                                            A:00 X:26 Y:17 S:F8 P:nvUBdIzC 
       $8DF6:E8        INX                                                            A:00 X:27 Y:17 S:F8 P:nvUBdIzC 
       $8DF7:D0 C6     BNE $8DBF                                                      A:00 X:28 Y:17 S:F8 P:nvUBdIzC 
       $8DBF:C6 91     DEC $0091 = #$07                                               A:00 X:28 Y:17 S:F8 P:nvUBdIzC 
       $8DC1:F0 3F     BEQ $8E02                                                      A:00 X:28 Y:17 S:F8 P:nvUBdIzC 
       $8DC3:A5 92     LDA $0092 = #$0A                                               A:00 X:28 Y:17 S:F8 P:nvUBdIzC 
       $8DC5:F0 04     BEQ $8DCB                                                      A:0A X:28 Y:17 S:F8 P:nvUBdIzC 
       $8DC7:E6 92     INC $0092 = #$0A                                               A:0A X:28 Y:17 S:F8 P:nvUBdIzC 
       $8DC9:D0 03     BNE $8DCE                                                      A:0A X:28 Y:17 S:F8 P:nvUBdIzC 
       $8DCE:9D 01 02  STA $0201,X @ $0229 = #$0A                                     A:0A X:28 Y:17 S:F8 P:nvUBdIzC 
       $8DD1:B1 19     LDA ($19),Y @ $CC6B = #$03                                     A:0A X:28 Y:17 S:F8 P:nvUBdIzC 
       $8DD3:18        CLC                                                            A:03 X:28 Y:17 S:F8 P:nvUBdIzC 
       $8DD4:65 8B     ADC $008B = #$22                                               A:03 X:28 Y:17 S:F8 P:nvUBdIzc 
       $8DD6:B0 22     BCS $8DFA                                                      A:25 X:28 Y:17 S:F8 P:nvUBdIzc 
       $8DD8:9D 03 02  STA $0203,X @ $022B = #$23                                     A:25 X:28 Y:17 S:F8 P:nvUBdIzc 
       $8DDB:C8        INY                                                            A:25 X:28 Y:17 S:F8 P:nvUBdIzc 
       $8DDC:A5 8C     LDA $008C = #$A5                                               A:25 X:28 Y:18 S:F8 P:nvUBdIzc 
       $8DDE:38        SEC                                                            A:A5 X:28 Y:18 S:F8 P:NvUBdIzc 
       $8DDF:F1 19     SBC ($19),Y @ $CC6C = #$08                                     A:A5 X:28 Y:18 S:F8 P:NvUBdIzC 
       $8DE1:90 18     BCC $8DFB                                                      A:9D X:28 Y:18 S:F8 P:NvUBdIzC 
       $8DE3:9D 00 02  STA $0200,X @ $0228 = #$9F                                     A:9D X:28 Y:18 S:F8 P:NvUBdIzC 
       $8DE6:C8        INY                                                            A:9D X:28 Y:18 S:F8 P:NvUBdIzC 
       $8DE7:A5 8D     LDA $008D = #$00                                               A:9D X:28 Y:19 S:F8 P:nvUBdIzC 
       $8DE9:10 05     BPL $8DF0                                                      A:00 X:28 Y:19 S:F8 P:nvUBdIZC 
       $8DF0:9D 02 02  STA $0202,X @ $022A = #$00                                     A:00 X:28 Y:19 S:F8 P:nvUBdIZC 
       $8DF3:E8        INX                                                            A:00 X:28 Y:19 S:F8 P:nvUBdIZC 
       $8DF4:E8        INX                                                            A:00 X:29 Y:19 S:F8 P:nvUBdIzC 
       $8DF5:E8        INX                                                            A:00 X:2A Y:19 S:F8 P:nvUBdIzC 
       $8DF6:E8        INX                                                            A:00 X:2B Y:19 S:F8 P:nvUBdIzC 
       $8DF7:D0 C6     BNE $8DBF                                                      A:00 X:2C Y:19 S:F8 P:nvUBdIzC 
       $8DBF:C6 91     DEC $0091 = #$06                                               A:00 X:2C Y:19 S:F8 P:nvUBdIzC 
       $8DC1:F0 3F     BEQ $8E02                                                      A:00 X:2C Y:19 S:F8 P:nvUBdIzC 
       $8DC3:A5 92     LDA $0092 = #$0B                                               A:00 X:2C Y:19 S:F8 P:nvUBdIzC 
       $8DC5:F0 04     BEQ $8DCB                                                      A:0B X:2C Y:19 S:F8 P:nvUBdIzC 
       $8DC7:E6 92     INC $0092 = #$0B                                               A:0B X:2C Y:19 S:F8 P:nvUBdIzC 
       $8DC9:D0 03     BNE $8DCE                                                      A:0B X:2C Y:19 S:F8 P:nvUBdIzC 
       $8DCE:9D 01 02  STA $0201,X @ $022D = #$0B                                     A:0B X:2C Y:19 S:F8 P:nvUBdIzC 
       $8DD1:B1 19     LDA ($19),Y @ $CC6D = #$0B                                     A:0B X:2C Y:19 S:F8 P:nvUBdIzC 
       $8DD3:18        CLC                                                            A:0B X:2C Y:19 S:F8 P:nvUBdIzC 
       $8DD4:65 8B     ADC $008B = #$22                                               A:0B X:2C Y:19 S:F8 P:nvUBdIzc 
       $8DD6:B0 22     BCS $8DFA                                                      A:2D X:2C Y:19 S:F8 P:nvUBdIzc 
       $8DD8:9D 03 02  STA $0203,X @ $022F = #$2B                                     A:2D X:2C Y:19 S:F8 P:nvUBdIzc 
       $8DDB:C8        INY                                                            A:2D X:2C Y:19 S:F8 P:nvUBdIzc 
       $8DDC:A5 8C     LDA $008C = #$A5                                               A:2D X:2C Y:1A S:F8 P:nvUBdIzc 
       $8DDE:38        SEC                                                            A:A5 X:2C Y:1A S:F8 P:NvUBdIzc 
       $8DDF:F1 19     SBC ($19),Y @ $CC6E = #$08                                     A:A5 X:2C Y:1A S:F8 P:NvUBdIzC 
       $8DE1:90 18     BCC $8DFB                                                      A:9D X:2C Y:1A S:F8 P:NvUBdIzC 
       $8DE3:9D 00 02  STA $0200,X @ $022C = #$9F                                     A:9D X:2C Y:1A S:F8 P:NvUBdIzC 
       $8DE6:C8        INY                                                            A:9D X:2C Y:1A S:F8 P:NvUBdIzC 
       $8DE7:A5 8D     LDA $008D = #$00                                               A:9D X:2C Y:1B S:F8 P:nvUBdIzC 
       $8DE9:10 05     BPL $8DF0                                                      A:00 X:2C Y:1B S:F8 P:nvUBdIZC 
       $8DF0:9D 02 02  STA $0202,X @ $022E = #$00                                     A:00 X:2C Y:1B S:F8 P:nvUBdIZC 
       $8DF3:E8        INX                                                            A:00 X:2C Y:1B S:F8 P:nvUBdIZC 
       $8DF4:E8        INX                                                            A:00 X:2D Y:1B S:F8 P:nvUBdIzC 
       $8DF5:E8        INX                                                            A:00 X:2E Y:1B S:F8 P:nvUBdIzC 
       $8DF6:E8        INX                                                            A:00 X:2F Y:1B S:F8 P:nvUBdIzC 
       $8DF7:D0 C6     BNE $8DBF                                                      A:00 X:30 Y:1B S:F8 P:nvUBdIzC 
       $8DBF:C6 91     DEC $0091 = #$05                                               A:00 X:30 Y:1B S:F8 P:nvUBdIzC 
       $8DC1:F0 3F     BEQ $8E02                                                      A:00 X:30 Y:1B S:F8 P:nvUBdIzC 
       $8DC3:A5 92     LDA $0092 = #$0C                                               A:00 X:30 Y:1B S:F8 P:nvUBdIzC 
       $8DC5:F0 04     BEQ $8DCB                                                      A:0C X:30 Y:1B S:F8 P:nvUBdIzC 
       $8DC7:E6 92     INC $0092 = #$0C                                               A:0C X:30 Y:1B S:F8 P:nvUBdIzC 
       $8DC9:D0 03     BNE $8DCE                                                      A:0C X:30 Y:1B S:F8 P:nvUBdIzC 
       $8DCE:9D 01 02  STA $0201,X @ $0231 = #$0C                                     A:0C X:30 Y:1B S:F8 P:nvUBdIzC 
       $8DD1:B1 19     LDA ($19),Y @ $CC6F = #$0E                                     A:0C X:30 Y:1B S:F8 P:nvUBdIzC 
       $8DD3:18        CLC                                                            A:0E X:30 Y:1B S:F8 P:nvUBdIzC 
       $8DD4:65 8B     ADC $008B = #$22                                               A:0E X:30 Y:1B S:F8 P:nvUBdIzc 
       $8DD6:B0 22     BCS $8DFA                                                      A:30 X:30 Y:1B S:F8 P:nvUBdIzc 
       $8DD8:9D 03 02  STA $0203,X @ $0233 = #$2E                                     A:30 X:30 Y:1B S:F8 P:nvUBdIzc 
       $8DDB:C8        INY                                                            A:30 X:30 Y:1B S:F8 P:nvUBdIzc 
       $8DDC:A5 8C     LDA $008C = #$A5                                               A:30 X:30 Y:1C S:F8 P:nvUBdIzc 
       $8DDE:38        SEC                                                            A:A5 X:30 Y:1C S:F8 P:NvUBdIzc 
       $8DDF:F1 19     SBC ($19),Y @ $CC70 = #$08                                     A:A5 X:30 Y:1C S:F8 P:NvUBdIzC 
       $8DE1:90 18     BCC $8DFB                                                      A:9D X:30 Y:1C S:F8 P:NvUBdIzC 
       $8DE3:9D 00 02  STA $0200,X @ $0230 = #$9F                                     A:9D X:30 Y:1C S:F8 P:NvUBdIzC 
       $8DE6:C8        INY                                                            A:9D X:30 Y:1C S:F8 P:NvUBdIzC 
       $8DE7:A5 8D     LDA $008D = #$00                                               A:9D X:30 Y:1D S:F8 P:nvUBdIzC 
       $8DE9:10 05     BPL $8DF0                                                      A:00 X:30 Y:1D S:F8 P:nvUBdIZC 
       $8DF0:9D 02 02  STA $0202,X @ $0232 = #$00                                     A:00 X:30 Y:1D S:F8 P:nvUBdIZC 
       $8DF3:E8        INX                                                            A:00 X:30 Y:1D S:F8 P:nvUBdIZC 
       $8DF4:E8        INX                                                            A:00 X:31 Y:1D S:F8 P:nvUBdIzC 
       $8DF5:E8        INX                                                            A:00 X:32 Y:1D S:F8 P:nvUBdIzC 
       $8DF6:E8        INX                                                            A:00 X:33 Y:1D S:F8 P:nvUBdIzC 
       $8DF7:D0 C6     BNE $8DBF                                                      A:00 X:34 Y:1D S:F8 P:nvUBdIzC 
       $8DBF:C6 91     DEC $0091 = #$04                                               A:00 X:34 Y:1D S:F8 P:nvUBdIzC 
       $8DC1:F0 3F     BEQ $8E02                                                      A:00 X:34 Y:1D S:F8 P:nvUBdIzC 
       $8DC3:A5 92     LDA $0092 = #$0D                                               A:00 X:34 Y:1D S:F8 P:nvUBdIzC 
       $8DC5:F0 04     BEQ $8DCB                                                      A:0D X:34 Y:1D S:F8 P:nvUBdIzC 
       $8DC7:E6 92     INC $0092 = #$0D                                               A:0D X:34 Y:1D S:F8 P:nvUBdIzC 
       $8DC9:D0 03     BNE $8DCE                                                      A:0D X:34 Y:1D S:F8 P:nvUBdIzC 
       $8DCE:9D 01 02  STA $0201,X @ $0235 = #$0D                                     A:0D X:34 Y:1D S:F8 P:nvUBdIzC 
       $8DD1:B1 19     LDA ($19),Y @ $CC71 = #$00                                     A:0D X:34 Y:1D S:F8 P:nvUBdIzC 
       $8DD3:18        CLC                                                            A:00 X:34 Y:1D S:F8 P:nvUBdIZC 
       $8DD4:65 8B     ADC $008B = #$22                                               A:00 X:34 Y:1D S:F8 P:nvUBdIZc 
       $8DD6:B0 22     BCS $8DFA                                                      A:22 X:34 Y:1D S:F8 P:nvUBdIzc 
       $8DD8:9D 03 02  STA $0203,X @ $0237 = #$20                                     A:22 X:34 Y:1D S:F8 P:nvUBdIzc 
       $8DDB:C8        INY                                                            A:22 X:34 Y:1D S:F8 P:nvUBdIzc 
       $8DDC:A5 8C     LDA $008C = #$A5                                               A:22 X:34 Y:1E S:F8 P:nvUBdIzc 
       $8DDE:38        SEC                                                            A:A5 X:34 Y:1E S:F8 P:NvUBdIzc 
       $8DDF:F1 19     SBC ($19),Y @ $CC72 = #$00                                     A:A5 X:34 Y:1E S:F8 P:NvUBdIzC 
       $8DE1:90 18     BCC $8DFB                                                      A:A5 X:34 Y:1E S:F8 P:NvUBdIzC 
       $8DE3:9D 00 02  STA $0200,X @ $0234 = #$A7                                     A:A5 X:34 Y:1E S:F8 P:NvUBdIzC 
       $8DE6:C8        INY                                                            A:A5 X:34 Y:1E S:F8 P:NvUBdIzC 
       $8DE7:A5 8D     LDA $008D = #$00                                               A:A5 X:34 Y:1F S:F8 P:nvUBdIzC 
       $8DE9:10 05     BPL $8DF0                                                      A:00 X:34 Y:1F S:F8 P:nvUBdIZC 
       $8DF0:9D 02 02  STA $0202,X @ $0236 = #$00                                     A:00 X:34 Y:1F S:F8 P:nvUBdIZC 
       $8DF3:E8        INX                                                            A:00 X:34 Y:1F S:F8 P:nvUBdIZC 
       $8DF4:E8        INX                                                            A:00 X:35 Y:1F S:F8 P:nvUBdIzC 
       $8DF5:E8        INX                                                            A:00 X:36 Y:1F S:F8 P:nvUBdIzC 
       $8DF6:E8        INX                                                            A:00 X:37 Y:1F S:F8 P:nvUBdIzC 
       $8DF7:D0 C6     BNE $8DBF                                                      A:00 X:38 Y:1F S:F8 P:nvUBdIzC 
       $8DBF:C6 91     DEC $0091 = #$03                                               A:00 X:38 Y:1F S:F8 P:nvUBdIzC 
       $8DC1:F0 3F     BEQ $8E02                                                      A:00 X:38 Y:1F S:F8 P:nvUBdIzC 
       $8DC3:A5 92     LDA $0092 = #$0E                                               A:00 X:38 Y:1F S:F8 P:nvUBdIzC 
       $8DC5:F0 04     BEQ $8DCB                                                      A:0E X:38 Y:1F S:F8 P:nvUBdIzC 
       $8DC7:E6 92     INC $0092 = #$0E                                               A:0E X:38 Y:1F S:F8 P:nvUBdIzC 
       $8DC9:D0 03     BNE $8DCE                                                      A:0E X:38 Y:1F S:F8 P:nvUBdIzC 
       $8DCE:9D 01 02  STA $0201,X @ $0239 = #$0E                                     A:0E X:38 Y:1F S:F8 P:nvUBdIzC 
       $8DD1:B1 19     LDA ($19),Y @ $CC73 = #$08                                     A:0E X:38 Y:1F S:F8 P:nvUBdIzC 
       $8DD3:18        CLC                                                            A:08 X:38 Y:1F S:F8 P:nvUBdIzC 
       $8DD4:65 8B     ADC $008B = #$22                                               A:08 X:38 Y:1F S:F8 P:nvUBdIzc 
       $8DD6:B0 22     BCS $8DFA                                                      A:2A X:38 Y:1F S:F8 P:nvUBdIzc 
       $8DD8:9D 03 02  STA $0203,X @ $023B = #$28                                     A:2A X:38 Y:1F S:F8 P:nvUBdIzc 
       $8DDB:C8        INY                                                            A:2A X:38 Y:1F S:F8 P:nvUBdIzc 
       $8DDC:A5 8C     LDA $008C = #$A5                                               A:2A X:38 Y:20 S:F8 P:nvUBdIzc 
       $8DDE:38        SEC                                                            A:A5 X:38 Y:20 S:F8 P:NvUBdIzc 
       $8DDF:F1 19     SBC ($19),Y @ $CC74 = #$00                                     A:A5 X:38 Y:20 S:F8 P:NvUBdIzC 
       $8DE1:90 18     BCC $8DFB                                                      A:A5 X:38 Y:20 S:F8 P:NvUBdIzC 
       $8DE3:9D 00 02  STA $0200,X @ $0238 = #$A7                                     A:A5 X:38 Y:20 S:F8 P:NvUBdIzC 
       $8DE6:C8        INY                                                            A:A5 X:38 Y:20 S:F8 P:NvUBdIzC 
       $8DE7:A5 8D     LDA $008D = #$00                                               A:A5 X:38 Y:21 S:F8 P:nvUBdIzC 
       $8DE9:10 05     BPL $8DF0                                                      A:00 X:38 Y:21 S:F8 P:nvUBdIZC 
       $8DF0:9D 02 02  STA $0202,X @ $023A = #$00                                     A:00 X:38 Y:21 S:F8 P:nvUBdIZC 
       $8DF3:E8        INX                                                            A:00 X:38 Y:21 S:F8 P:nvUBdIZC 
       $8DF4:E8        INX                                                            A:00 X:39 Y:21 S:F8 P:nvUBdIzC 
       $8DF5:E8        INX                                                            A:00 X:3A Y:21 S:F8 P:nvUBdIzC 
       $8DF6:E8        INX                                                            A:00 X:3B Y:21 S:F8 P:nvUBdIzC 
       $8DF7:D0 C6     BNE $8DBF                                                      A:00 X:3C Y:21 S:F8 P:nvUBdIzC 
       $8DBF:C6 91     DEC $0091 = #$02                                               A:00 X:3C Y:21 S:F8 P:nvUBdIzC 
       $8DC1:F0 3F     BEQ $8E02                                                      A:00 X:3C Y:21 S:F8 P:nvUBdIzC 
       $8DC3:A5 92     LDA $0092 = #$0F                                               A:00 X:3C Y:21 S:F8 P:nvUBdIzC 
       $8DC5:F0 04     BEQ $8DCB                                                      A:0F X:3C Y:21 S:F8 P:nvUBdIzC 
       $8DC7:E6 92     INC $0092 = #$0F                                               A:0F X:3C Y:21 S:F8 P:nvUBdIzC 
       $8DC9:D0 03     BNE $8DCE                                                      A:0F X:3C Y:21 S:F8 P:nvUBdIzC 
       $8DCE:9D 01 02  STA $0201,X @ $023D = #$0F                                     A:0F X:3C Y:21 S:F8 P:nvUBdIzC 
       $8DD1:B1 19     LDA ($19),Y @ $CC75 = #$10                                     A:0F X:3C Y:21 S:F8 P:nvUBdIzC 
       $8DD3:18        CLC                                                            A:10 X:3C Y:21 S:F8 P:nvUBdIzC 
       $8DD4:65 8B     ADC $008B = #$22                                               A:10 X:3C Y:21 S:F8 P:nvUBdIzc 
       $8DD6:B0 22     BCS $8DFA                                                      A:32 X:3C Y:21 S:F8 P:nvUBdIzc 
       $8DD8:9D 03 02  STA $0203,X @ $023F = #$30                                     A:32 X:3C Y:21 S:F8 P:nvUBdIzc 
       $8DDB:C8        INY                                                            A:32 X:3C Y:21 S:F8 P:nvUBdIzc 
       $8DDC:A5 8C     LDA $008C = #$A5                                               A:32 X:3C Y:22 S:F8 P:nvUBdIzc 
       $8DDE:38        SEC                                                            A:A5 X:3C Y:22 S:F8 P:NvUBdIzc 
       $8DDF:F1 19     SBC ($19),Y @ $CC76 = #$00                                     A:A5 X:3C Y:22 S:F8 P:NvUBdIzC 
       $8DE1:90 18     BCC $8DFB                                                      A:A5 X:3C Y:22 S:F8 P:NvUBdIzC 
       $8DE3:9D 00 02  STA $0200,X @ $023C = #$A7                                     A:A5 X:3C Y:22 S:F8 P:NvUBdIzC 
       $8DE6:C8        INY                                                            A:A5 X:3C Y:22 S:F8 P:NvUBdIzC 
       $8DE7:A5 8D     LDA $008D = #$00                                               A:A5 X:3C Y:23 S:F8 P:nvUBdIzC 
       $8DE9:10 05     BPL $8DF0                                                      A:00 X:3C Y:23 S:F8 P:nvUBdIZC 
       $8DF0:9D 02 02  STA $0202,X @ $023E = #$00                                     A:00 X:3C Y:23 S:F8 P:nvUBdIZC 
       $8DF3:E8        INX                                                            A:00 X:3C Y:23 S:F8 P:nvUBdIZC 
       $8DF4:E8        INX                                                            A:00 X:3D Y:23 S:F8 P:nvUBdIzC 
       $8DF5:E8        INX                                                            A:00 X:3E Y:23 S:F8 P:nvUBdIzC 
       $8DF6:E8        INX                                                            A:00 X:3F Y:23 S:F8 P:nvUBdIzC 
       $8DF7:D0 C6     BNE $8DBF                                                      A:00 X:40 Y:23 S:F8 P:nvUBdIzC 
       $8DBF:C6 91     DEC $0091 = #$01                                               A:00 X:40 Y:23 S:F8 P:nvUBdIzC 
       $8DC1:F0 3F     BEQ $8E02                                                      A:00 X:40 Y:23 S:F8 P:nvUBdIZC 
       $8E02:60        RTS (from $8C0A) ----------------------------------------------A:00 X:40 Y:23 S:F8 P:nvUBdIZC 
     $86C9:8A        TXA                                                            A:00 X:40 Y:23 S:FA P:nvUBdIZC 
     $86CA:F0 22     BEQ $86EE                                                      A:40 X:40 Y:23 S:FA P:nvUBdIzC 
     $86CC:A5 16     LDA $0016 = #$FF                                               A:40 X:40 Y:23 S:FA P:nvUBdIzC 
     $86CE:F0 02     BEQ $86D2                                                      A:FF X:40 Y:23 S:FA P:NvUBdIzC 
     $86D0:10 03     BPL $86D5                                                      A:FF X:40 Y:23 S:FA P:NvUBdIzC 
     $86D2:20 EF 86  JSR $86EF                                                      A:FF X:40 Y:23 S:FA P:NvUBdIzC 
       $86EF:A4 8F     LDY $008F = #$04                                               A:FF X:40 Y:23 S:F8 P:NvUBdIzC 
       $86F1:F0 FB     BEQ $86EE                                                      A:FF X:40 Y:04 S:F8 P:nvUBdIzC 
       $86F3:A5 8E     LDA $008E = #$02                                               A:FF X:40 Y:04 S:F8 P:nvUBdIzC 
       $86F5:29 03     AND #$03                                                       A:02 X:40 Y:04 S:F8 P:nvUBdIzC 
       $86F7:F0 12     BEQ $870B                                                      A:02 X:40 Y:04 S:F8 P:nvUBdIzC 
       $86F9:C6 8E     DEC $008E = #$02                                               A:02 X:40 Y:04 S:F8 P:nvUBdIzC 
       $86FB:B9 02 02  LDA $0202,Y @ $0206 = #$00                                     A:02 X:40 Y:04 S:F8 P:nvUBdIzC 
       $86FE:29 FC     AND #$FC                                                       A:00 X:40 Y:04 S:F8 P:nvUBdIZC 
       $8700:09 02     ORA #$02                                                       A:00 X:40 Y:04 S:F8 P:nvUBdIZC 
       $8702:99 02 02  STA $0202,Y @ $0206 = #$00                                     A:02 X:40 Y:04 S:F8 P:nvUBdIzC 
       $8705:C8        INY                                                            A:02 X:40 Y:04 S:F8 P:nvUBdIzC 
       $8706:C8        INY                                                            A:02 X:40 Y:05 S:F8 P:nvUBdIzC 
       $8707:C8        INY                                                            A:02 X:40 Y:06 S:F8 P:nvUBdIzC 
       $8708:C8        INY                                                            A:02 X:40 Y:07 S:F8 P:nvUBdIzC 
       $8709:D0 E8     BNE $86F3                                                      A:02 X:40 Y:08 S:F8 P:nvUBdIzC 
       $86F3:A5 8E     LDA $008E = #$01                                               A:02 X:40 Y:08 S:F8 P:nvUBdIzC 
       $86F5:29 03     AND #$03                                                       A:01 X:40 Y:08 S:F8 P:nvUBdIzC 
       $86F7:F0 12     BEQ $870B                                                      A:01 X:40 Y:08 S:F8 P:nvUBdIzC 
       $86F9:C6 8E     DEC $008E = #$01                                               A:01 X:40 Y:08 S:F8 P:nvUBdIzC 
       $86FB:B9 02 02  LDA $0202,Y @ $020A = #$00                                     A:01 X:40 Y:08 S:F8 P:nvUBdIZC 
       $86FE:29 FC     AND #$FC                                                       A:00 X:40 Y:08 S:F8 P:nvUBdIZC 
       $8700:09 02     ORA #$02                                                       A:00 X:40 Y:08 S:F8 P:nvUBdIZC 
       $8702:99 02 02  STA $0202,Y @ $020A = #$00                                     A:02 X:40 Y:08 S:F8 P:nvUBdIzC 
       $8705:C8        INY                                                            A:02 X:40 Y:08 S:F8 P:nvUBdIzC 
       $8706:C8        INY                                                            A:02 X:40 Y:09 S:F8 P:nvUBdIzC 
       $8707:C8        INY                                                            A:02 X:40 Y:0A S:F8 P:nvUBdIzC 
       $8708:C8        INY                                                            A:02 X:40 Y:0B S:F8 P:nvUBdIzC 
       $8709:D0 E8     BNE $86F3                                                      A:02 X:40 Y:0C S:F8 P:nvUBdIzC 
       $86F3:A5 8E     LDA $008E = #$00                                               A:02 X:40 Y:0C S:F8 P:nvUBdIzC 
       $86F5:29 03     AND #$03                                                       A:00 X:40 Y:0C S:F8 P:nvUBdIZC 
       $86F7:F0 12     BEQ $870B                                                      A:00 X:40 Y:0C S:F8 P:nvUBdIZC 
       $870B:60        RTS (from $86EF) ----------------------------------------------A:00 X:40 Y:0C S:F8 P:nvUBdIZC 
     $86D5:A5 0B     LDA $000B = #$6F                                               A:00 X:40 Y:0C S:FA P:nvUBdIZC 
     $86D7:29 01     AND #$01                                                       A:6F X:40 Y:0C S:FA P:nvUBdIzC 
     $86D9:F0 08     BEQ $86E3                                                      A:01 X:40 Y:0C S:FA P:nvUBdIzC 
     $86DB:A4 15     LDY $0015 = #$00                                               A:01 X:40 Y:0C S:FA P:nvUBdIzC 
     $86DD:88        DEY                                                            A:01 X:40 Y:00 S:FA P:nvUBdIZC 
     $86DE:30 2C     BMI $870C                                                      A:01 X:40 Y:FF S:FA P:NvUBdIzC 
     $870C:A0 00     LDY #$00                                                       A:01 X:40 Y:FF S:FA P:NvUBdIzC 
     $870E:E0 F9     CPX #$F9                                                       A:01 X:40 Y:00 S:FA P:nvUBdIZC 
     $8710:B0 66     BCS $8778                                                      A:01 X:40 Y:00 S:FA P:nvUBdIzc 
     $8712:B9 C1 03  LDA $03C1,Y @ $03C1 = #$01                                     A:01 X:40 Y:00 S:FA P:nvUBdIzc 
     $8715:F0 5C     BEQ $8773                                                      A:01 X:40 Y:00 S:FA P:nvUBdIzc 
     $8717:B9 75 04  LDA $0475,Y @ $0475 = #$08                                     A:01 X:40 Y:00 S:FA P:nvUBdIzc 
     $871A:F0 57     BEQ $8773                                                      A:08 X:40 Y:00 S:FA P:nvUBdIzc 
     $871C:4A        LSR                                                            A:08 X:40 Y:00 S:FA P:nvUBdIzc 
     $871D:4A        LSR                                                            A:04 X:40 Y:00 S:FA P:nvUBdIzc 
     $871E:4A        LSR                                                            A:02 X:40 Y:00 S:FA P:nvUBdIzc 
     $871F:4A        LSR                                                            A:01 X:40 Y:00 S:FA P:nvUBdIzc 
     $8720:C9 03     CMP #$03                                                       A:00 X:40 Y:00 S:FA P:nvUBdIZC 
     $8722:90 02     BCC $8726                                                      A:00 X:40 Y:00 S:FA P:NvUBdIzc 
     $8726:85 8B     STA $008B = #$22                                               A:00 X:40 Y:00 S:FA P:NvUBdIzc 
     $8728:B9 A2 04  LDA $04A2,Y @ $04A2 = #$08                                     A:00 X:40 Y:00 S:FA P:NvUBdIzc 
     $872B:29 88     AND #$88                                                       A:08 X:40 Y:00 S:FA P:nvUBdIzc 
     $872D:D0 44     BNE $8773                                                      A:08 X:40 Y:00 S:FA P:nvUBdIzc 
     $8773:C8        INY                                                            A:08 X:40 Y:00 S:FA P:nvUBdIzc 
     $8774:C0 0F     CPY #$0F                                                       A:08 X:40 Y:01 S:FA P:nvUBdIzc 
     $8776:D0 96     BNE $870E                                                      A:08 X:40 Y:01 S:FA P:NvUBdIzc 
     $870E:E0 F9     CPX #$F9                                                       A:08 X:40 Y:01 S:FA P:NvUBdIzc 
     $8710:B0 66     BCS $8778                                                      A:08 X:40 Y:01 S:FA P:nvUBdIzc 
     $8712:B9 C1 03  LDA $03C1,Y @ $03C2 = #$02                                     A:08 X:40 Y:01 S:FA P:nvUBdIzc 
     $8715:F0 5C     BEQ $8773                                                      A:02 X:40 Y:01 S:FA P:nvUBdIzc 
     $8717:B9 75 04  LDA $0475,Y @ $0476 = #$08                                     A:02 X:40 Y:01 S:FA P:nvUBdIzc 
     $871A:F0 57     BEQ $8773                                                      A:08 X:40 Y:01 S:FA P:nvUBdIzc 
     $871C:4A        LSR                                                            A:08 X:40 Y:01 S:FA P:nvUBdIzc 
     $871D:4A        LSR                                                            A:04 X:40 Y:01 S:FA P:nvUBdIzc 
     $871E:4A        LSR                                                            A:02 X:40 Y:01 S:FA P:nvUBdIzc 
     $871F:4A        LSR                                                            A:01 X:40 Y:01 S:FA P:nvUBdIzc 
     $8720:C9 03     CMP #$03                                                       A:00 X:40 Y:01 S:FA P:nvUBdIZC 
     $8722:90 02     BCC $8726                                                      A:00 X:40 Y:01 S:FA P:NvUBdIzc 
     $8726:85 8B     STA $008B = #$00                                               A:00 X:40 Y:01 S:FA P:NvUBdIzc 
     $8728:B9 A2 04  LDA $04A2,Y @ $04A3 = #$88                                     A:00 X:40 Y:01 S:FA P:NvUBdIzc 
     $872B:29 88     AND #$88                                                       A:88 X:40 Y:01 S:FA P:NvUBdIzc 
     $872D:D0 44     BNE $8773                                                      A:88 X:40 Y:01 S:FA P:NvUBdIzc 
     $8773:C8        INY                                                            A:88 X:40 Y:01 S:FA P:NvUBdIzc 
     $8774:C0 0F     CPY #$0F                                                       A:88 X:40 Y:02 S:FA P:nvUBdIzc 
     $8776:D0 96     BNE $870E                                                      A:88 X:40 Y:02 S:FA P:NvUBdIzc 
     $870E:E0 F9     CPX #$F9                                                       A:88 X:40 Y:02 S:FA P:NvUBdIzc 
     $8710:B0 66     BCS $8778                                                      A:88 X:40 Y:02 S:FA P:nvUBdIzc 
     $8712:B9 C1 03  LDA $03C1,Y @ $03C3 = #$18                                     A:88 X:40 Y:02 S:FA P:nvUBdIzc 
     $8715:F0 5C     BEQ $8773                                                      A:18 X:40 Y:02 S:FA P:nvUBdIzc 
     $8717:B9 75 04  LDA $0475,Y @ $0477 = #$00                                     A:18 X:40 Y:02 S:FA P:nvUBdIzc 
     $871A:F0 57     BEQ $8773                                                      A:00 X:40 Y:02 S:FA P:nvUBdIZc 
     $8773:C8        INY                                                            A:00 X:40 Y:02 S:FA P:nvUBdIZc 
     $8774:C0 0F     CPY #$0F                                                       A:00 X:40 Y:03 S:FA P:nvUBdIzc 
     $8776:D0 96     BNE $870E                                                      A:00 X:40 Y:03 S:FA P:NvUBdIzc 
     $870E:E0 F9     CPX #$F9                                                       A:00 X:40 Y:03 S:FA P:NvUBdIzc 
     $8710:B0 66     BCS $8778                                                      A:00 X:40 Y:03 S:FA P:nvUBdIzc 
     $8712:B9 C1 03  LDA $03C1,Y @ $03C4 = #$2C                                     A:00 X:40 Y:03 S:FA P:nvUBdIzc 
     $8715:F0 5C     BEQ $8773                                                      A:2C X:40 Y:03 S:FA P:nvUBdIzc 
     $8717:B9 75 04  LDA $0475,Y @ $0478 = #$00                                     A:2C X:40 Y:03 S:FA P:nvUBdIzc 
     $871A:F0 57     BEQ $8773                                                      A:00 X:40 Y:03 S:FA P:nvUBdIZc 
     $8773:C8        INY                                                            A:00 X:40 Y:03 S:FA P:nvUBdIZc 
     $8774:C0 0F     CPY #$0F                                                       A:00 X:40 Y:04 S:FA P:nvUBdIzc 
     $8776:D0 96     BNE $870E                                                      A:00 X:40 Y:04 S:FA P:NvUBdIzc 
     $870E:E0 F9     CPX #$F9                                                       A:00 X:40 Y:04 S:FA P:NvUBdIzc 
     $8710:B0 66     BCS $8778                                                      A:00 X:40 Y:04 S:FA P:nvUBdIzc 
     $8712:B9 C1 03  LDA $03C1,Y @ $03C5 = #$2C                                     A:00 X:40 Y:04 S:FA P:nvUBdIzc 
     $8715:F0 5C     BEQ $8773                                                      A:2C X:40 Y:04 S:FA P:nvUBdIzc 
     $8717:B9 75 04  LDA $0475,Y @ $0479 = #$00                                     A:2C X:40 Y:04 S:FA P:nvUBdIzc 
     $871A:F0 57     BEQ $8773                                                      A:00 X:40 Y:04 S:FA P:nvUBdIZc 
     $8773:C8        INY                                                            A:00 X:40 Y:04 S:FA P:nvUBdIZc 
     $8774:C0 0F     CPY #$0F                                                       A:00 X:40 Y:05 S:FA P:nvUBdIzc 
     $8776:D0 96     BNE $870E                                                      A:00 X:40 Y:05 S:FA P:NvUBdIzc 
     $870E:E0 F9     CPX #$F9                                                       A:00 X:40 Y:05 S:FA P:NvUBdIzc 
     $8710:B0 66     BCS $8778                                                      A:00 X:40 Y:05 S:FA P:nvUBdIzc 
     $8712:B9 C1 03  LDA $03C1,Y @ $03C6 = #$2C                                     A:00 X:40 Y:05 S:FA P:nvUBdIzc 
     $8715:F0 5C     BEQ $8773                                                      A:2C X:40 Y:05 S:FA P:nvUBdIzc 
     $8717:B9 75 04  LDA $0475,Y @ $047A = #$00                                     A:2C X:40 Y:05 S:FA P:nvUBdIzc 
     $871A:F0 57     BEQ $8773                                                      A:00 X:40 Y:05 S:FA P:nvUBdIZc 
     $8773:C8        INY                                                            A:00 X:40 Y:05 S:FA P:nvUBdIZc 
     $8774:C0 0F     CPY #$0F                                                       A:00 X:40 Y:06 S:FA P:nvUBdIzc 
     $8776:D0 96     BNE $870E                                                      A:00 X:40 Y:06 S:FA P:NvUBdIzc 
     $870E:E0 F9     CPX #$F9                                                       A:00 X:40 Y:06 S:FA P:NvUBdIzc 
     $8710:B0 66     BCS $8778                                                      A:00 X:40 Y:06 S:FA P:nvUBdIzc 
     $8712:B9 C1 03  LDA $03C1,Y @ $03C7 = #$00                                     A:00 X:40 Y:06 S:FA P:nvUBdIzc 
     $8715:F0 5C     BEQ $8773                                                      A:00 X:40 Y:06 S:FA P:nvUBdIZc 
     $8773:C8        INY                                                            A:00 X:40 Y:06 S:FA P:nvUBdIZc 
     $8774:C0 0F     CPY #$0F                                                       A:00 X:40 Y:07 S:FA P:nvUBdIzc 
     $8776:D0 96     BNE $870E                                                      A:00 X:40 Y:07 S:FA P:NvUBdIzc 
     $870E:E0 F9     CPX #$F9                                                       A:00 X:40 Y:07 S:FA P:NvUBdIzc 
     $8710:B0 66     BCS $8778                                                      A:00 X:40 Y:07 S:FA P:nvUBdIzc 
     $8712:B9 C1 03  LDA $03C1,Y @ $03C8 = #$00                                     A:00 X:40 Y:07 S:FA P:nvUBdIzc 
     $8715:F0 5C     BEQ $8773                                                      A:00 X:40 Y:07 S:FA P:nvUBdIZc 
     $8773:C8        INY                                                            A:00 X:40 Y:07 S:FA P:nvUBdIZc 
     $8774:C0 0F     CPY #$0F                                                       A:00 X:40 Y:08 S:FA P:nvUBdIzc 
     $8776:D0 96     BNE $870E                                                      A:00 X:40 Y:08 S:FA P:NvUBdIzc 
     $870E:E0 F9     CPX #$F9                                                       A:00 X:40 Y:08 S:FA P:NvUBdIzc 
     $8710:B0 66     BCS $8778                                                      A:00 X:40 Y:08 S:FA P:nvUBdIzc 
     $8712:B9 C1 03  LDA $03C1,Y @ $03C9 = #$00                                     A:00 X:40 Y:08 S:FA P:nvUBdIzc 
     $8715:F0 5C     BEQ $8773                                                      A:00 X:40 Y:08 S:FA P:nvUBdIZc 
     $8773:C8        INY                                                            A:00 X:40 Y:08 S:FA P:nvUBdIZc 
     $8774:C0 0F     CPY #$0F                                                       A:00 X:40 Y:09 S:FA P:nvUBdIzc 
     $8776:D0 96     BNE $870E                                                      A:00 X:40 Y:09 S:FA P:NvUBdIzc 
     $870E:E0 F9     CPX #$F9                                                       A:00 X:40 Y:09 S:FA P:NvUBdIzc 
     $8710:B0 66     BCS $8778                                                      A:00 X:40 Y:09 S:FA P:nvUBdIzc 
     $8712:B9 C1 03  LDA $03C1,Y @ $03CA = #$00                                     A:00 X:40 Y:09 S:FA P:nvUBdIzc 
     $8715:F0 5C     BEQ $8773                                                      A:00 X:40 Y:09 S:FA P:nvUBdIZc 
     $8773:C8        INY                                                            A:00 X:40 Y:09 S:FA P:nvUBdIZc 
     $8774:C0 0F     CPY #$0F                                                       A:00 X:40 Y:0A S:FA P:nvUBdIzc 
     $8776:D0 96     BNE $870E                                                      A:00 X:40 Y:0A S:FA P:NvUBdIzc 
     $870E:E0 F9     CPX #$F9                                                       A:00 X:40 Y:0A S:FA P:NvUBdIzc 
     $8710:B0 66     BCS $8778                                                      A:00 X:40 Y:0A S:FA P:nvUBdIzc 
     $8712:B9 C1 03  LDA $03C1,Y @ $03CB = #$00                                     A:00 X:40 Y:0A S:FA P:nvUBdIzc 
     $8715:F0 5C     BEQ $8773                                                      A:00 X:40 Y:0A S:FA P:nvUBdIZc 
     $8773:C8        INY                                                            A:00 X:40 Y:0A S:FA P:nvUBdIZc 
     $8774:C0 0F     CPY #$0F                                                       A:00 X:40 Y:0B S:FA P:nvUBdIzc 
     $8776:D0 96     BNE $870E                                                      A:00 X:40 Y:0B S:FA P:NvUBdIzc 
     $870E:E0 F9     CPX #$F9                                                       A:00 X:40 Y:0B S:FA P:NvUBdIzc 
     $8710:B0 66     BCS $8778                                                      A:00 X:40 Y:0B S:FA P:nvUBdIzc 
     $8712:B9 C1 03  LDA $03C1,Y @ $03CC = #$00                                     A:00 X:40 Y:0B S:FA P:nvUBdIzc 
     $8715:F0 5C     BEQ $8773                                                      A:00 X:40 Y:0B S:FA P:nvUBdIZc 
     $8773:C8        INY                                                            A:00 X:40 Y:0B S:FA P:nvUBdIZc 
     $8774:C0 0F     CPY #$0F                                                       A:00 X:40 Y:0C S:FA P:nvUBdIzc 
     $8776:D0 96     BNE $870E                                                      A:00 X:40 Y:0C S:FA P:NvUBdIzc 
     $870E:E0 F9     CPX #$F9                                                       A:00 X:40 Y:0C S:FA P:NvUBdIzc 
     $8710:B0 66     BCS $8778                                                      A:00 X:40 Y:0C S:FA P:nvUBdIzc 
     $8712:B9 C1 03  LDA $03C1,Y @ $03CD = #$00                                     A:00 X:40 Y:0C S:FA P:nvUBdIzc 
     $8715:F0 5C     BEQ $8773                                                      A:00 X:40 Y:0C S:FA P:nvUBdIZc 
     $8773:C8        INY                                                            A:00 X:40 Y:0C S:FA P:nvUBdIZc 
     $8774:C0 0F     CPY #$0F                                                       A:00 X:40 Y:0D S:FA P:nvUBdIzc 
     $8776:D0 96     BNE $870E                                                      A:00 X:40 Y:0D S:FA P:NvUBdIzc 
     $870E:E0 F9     CPX #$F9                                                       A:00 X:40 Y:0D S:FA P:NvUBdIzc 
     $8710:B0 66     BCS $8778                                                      A:00 X:40 Y:0D S:FA P:nvUBdIzc 
     $8712:B9 C1 03  LDA $03C1,Y @ $03CE = #$00                                     A:00 X:40 Y:0D S:FA P:nvUBdIzc 
     $8715:F0 5C     BEQ $8773                                                      A:00 X:40 Y:0D S:FA P:nvUBdIZc 
     $8773:C8        INY                                                            A:00 X:40 Y:0D S:FA P:nvUBdIZc 
     $8774:C0 0F     CPY #$0F                                                       A:00 X:40 Y:0E S:FA P:nvUBdIzc 
     $8776:D0 96     BNE $870E                                                      A:00 X:40 Y:0E S:FA P:NvUBdIzc 
     $870E:E0 F9     CPX #$F9                                                       A:00 X:40 Y:0E S:FA P:NvUBdIzc 
     $8710:B0 66     BCS $8778                                                      A:00 X:40 Y:0E S:FA P:nvUBdIzc 
     $8712:B9 C1 03  LDA $03C1,Y @ $03CF = #$00                                     A:00 X:40 Y:0E S:FA P:nvUBdIzc 
     $8715:F0 5C     BEQ $8773                                                      A:00 X:40 Y:0E S:FA P:nvUBdIZc 
     $8773:C8        INY                                                            A:00 X:40 Y:0E S:FA P:nvUBdIZc 
     $8774:C0 0F     CPY #$0F                                                       A:00 X:40 Y:0F S:FA P:nvUBdIzc 
     $8776:D0 96     BNE $870E                                                      A:00 X:40 Y:0F S:FA P:nvUBdIZC 
     $8778:A9 F8     LDA #$F8                                                       A:00 X:40 Y:0F S:FA P:nvUBdIZC 
     $877A:9D 00 02  STA $0200,X @ $0240 = #$F8                                     A:F8 X:40 Y:0F S:FA P:NvUBdIzC 
     $877D:E8        INX                                                            A:F8 X:40 Y:0F S:FA P:NvUBdIzC 
     $877E:E8        INX                                                            A:F8 X:41 Y:0F S:FA P:nvUBdIzC 
     $877F:E8        INX                                                            A:F8 X:42 Y:0F S:FA P:nvUBdIzC 
     $8780:E8        INX                                                            A:F8 X:43 Y:0F S:FA P:nvUBdIzC 
     $8781:D0 F7     BNE $877A                                                      A:F8 X:44 Y:0F S:FA P:nvUBdIzC 
     $877A:9D 00 02  STA $0200,X @ $0244 = #$F8                                     A:F8 X:44 Y:0F S:FA P:nvUBdIzC 
     $877D:E8        INX                                                            A:F8 X:44 Y:0F S:FA P:nvUBdIzC 
     $877E:E8        INX                                                            A:F8 X:45 Y:0F S:FA P:nvUBdIzC 
     $877F:E8        INX                                                            A:F8 X:46 Y:0F S:FA P:nvUBdIzC 
     $8780:E8        INX                                                            A:F8 X:47 Y:0F S:FA P:nvUBdIzC 
     $8781:D0 F7     BNE $877A                                                      A:F8 X:48 Y:0F S:FA P:nvUBdIzC 
     $877A:9D 00 02  STA $0200,X @ $0248 = #$F8                                     A:F8 X:48 Y:0F S:FA P:nvUBdIzC 
     $877D:E8        INX                                                            A:F8 X:48 Y:0F S:FA P:nvUBdIzC 
     $877E:E8        INX                                                            A:F8 X:49 Y:0F S:FA P:nvUBdIzC 
     $877F:E8        INX                                                            A:F8 X:4A Y:0F S:FA P:nvUBdIzC 
     $8780:E8        INX                                                            A:F8 X:4B Y:0F S:FA P:nvUBdIzC 
     $8781:D0 F7     BNE $877A                                                      A:F8 X:4C Y:0F S:FA P:nvUBdIzC 
     $877A:9D 00 02  STA $0200,X @ $024C = #$F8                                     A:F8 X:4C Y:0F S:FA P:nvUBdIzC 
     $877D:E8        INX                                                            A:F8 X:4C Y:0F S:FA P:nvUBdIzC 
     $877E:E8        INX                                                            A:F8 X:4D Y:0F S:FA P:nvUBdIzC 
     $877F:E8        INX                                                            A:F8 X:4E Y:0F S:FA P:nvUBdIzC 
     $8780:E8        INX                                                            A:F8 X:4F Y:0F S:FA P:nvUBdIzC 
     $8781:D0 F7     BNE $877A                                                      A:F8 X:50 Y:0F S:FA P:nvUBdIzC 
     $877A:9D 00 02  STA $0200,X @ $0250 = #$F8                                     A:F8 X:50 Y:0F S:FA P:nvUBdIzC 
     $877D:E8        INX                                                            A:F8 X:50 Y:0F S:FA P:nvUBdIzC 
     $877E:E8        INX                                                            A:F8 X:51 Y:0F S:FA P:nvUBdIzC 
     $877F:E8        INX                                                            A:F8 X:52 Y:0F S:FA P:nvUBdIzC 
     $8780:E8        INX                                                            A:F8 X:53 Y:0F S:FA P:nvUBdIzC 
     $8781:D0 F7     BNE $877A                                                      A:F8 X:54 Y:0F S:FA P:nvUBdIzC 
     $877A:9D 00 02  STA $0200,X @ $0254 = #$F8                                     A:F8 X:54 Y:0F S:FA P:nvUBdIzC 
     $877D:E8        INX                                                            A:F8 X:54 Y:0F S:FA P:nvUBdIzC 
     $877E:E8        INX                                                            A:F8 X:55 Y:0F S:FA P:nvUBdIzC 
     $877F:E8        INX                                                            A:F8 X:56 Y:0F S:FA P:nvUBdIzC 
     $8780:E8        INX                                                            A:F8 X:57 Y:0F S:FA P:nvUBdIzC 
     $8781:D0 F7     BNE $877A                                                      A:F8 X:58 Y:0F S:FA P:nvUBdIzC 
     $877A:9D 00 02  STA $0200,X @ $0258 = #$F8                                     A:F8 X:58 Y:0F S:FA P:nvUBdIzC 
     $877D:E8        INX                                                            A:F8 X:58 Y:0F S:FA P:nvUBdIzC 
     $877E:E8        INX                                                            A:F8 X:59 Y:0F S:FA P:nvUBdIzC 
     $877F:E8        INX                                                            A:F8 X:5A Y:0F S:FA P:nvUBdIzC 
     $8780:E8        INX                                                            A:F8 X:5B Y:0F S:FA P:nvUBdIzC 
     $8781:D0 F7     BNE $877A                                                      A:F8 X:5C Y:0F S:FA P:nvUBdIzC 
     $877A:9D 00 02  STA $0200,X @ $025C = #$F8                                     A:F8 X:5C Y:0F S:FA P:nvUBdIzC 
     $877D:E8        INX                                                            A:F8 X:5C Y:0F S:FA P:nvUBdIzC 
     $877E:E8        INX                                                            A:F8 X:5D Y:0F S:FA P:nvUBdIzC 
     $877F:E8        INX                                                            A:F8 X:5E Y:0F S:FA P:nvUBdIzC 
     $8780:E8        INX                                                            A:F8 X:5F Y:0F S:FA P:nvUBdIzC 
     $8781:D0 F7     BNE $877A                                                      A:F8 X:60 Y:0F S:FA P:nvUBdIzC 
     $877A:9D 00 02  STA $0200,X @ $0260 = #$F8                                     A:F8 X:60 Y:0F S:FA P:nvUBdIzC 
     $877D:E8        INX                                                            A:F8 X:60 Y:0F S:FA P:nvUBdIzC 
     $877E:E8        INX                                                            A:F8 X:61 Y:0F S:FA P:nvUBdIzC 
     $877F:E8        INX                                                            A:F8 X:62 Y:0F S:FA P:nvUBdIzC 
     $8780:E8        INX                                                            A:F8 X:63 Y:0F S:FA P:nvUBdIzC 
     $8781:D0 F7     BNE $877A                                                      A:F8 X:64 Y:0F S:FA P:nvUBdIzC 
     $877A:9D 00 02  STA $0200,X @ $0264 = #$F8                                     A:F8 X:64 Y:0F S:FA P:nvUBdIzC 
     $877D:E8        INX                                                            A:F8 X:64 Y:0F S:FA P:nvUBdIzC 
     $877E:E8        INX                                                            A:F8 X:65 Y:0F S:FA P:nvUBdIzC 
     $877F:E8        INX                                                            A:F8 X:66 Y:0F S:FA P:nvUBdIzC 
     $8780:E8        INX                                                            A:F8 X:67 Y:0F S:FA P:nvUBdIzC 
     $8781:D0 F7     BNE $877A                                                      A:F8 X:68 Y:0F S:FA P:nvUBdIzC 
     $877A:9D 00 02  STA $0200,X @ $0268 = #$F8                                     A:F8 X:68 Y:0F S:FA P:nvUBdIzC 
     $877D:E8        INX                                                            A:F8 X:68 Y:0F S:FA P:nvUBdIzC 
     $877E:E8        INX                                                            A:F8 X:69 Y:0F S:FA P:nvUBdIzC 
     $877F:E8        INX                                                            A:F8 X:6A Y:0F S:FA P:nvUBdIzC 
     $8780:E8        INX                                                            A:F8 X:6B Y:0F S:FA P:nvUBdIzC 
     $8781:D0 F7     BNE $877A                                                      A:F8 X:6C Y:0F S:FA P:nvUBdIzC 
     $877A:9D 00 02  STA $0200,X @ $026C = #$F8                                     A:F8 X:6C Y:0F S:FA P:nvUBdIzC 
     $877D:E8        INX                                                            A:F8 X:6C Y:0F S:FA P:nvUBdIzC 
     $877E:E8        INX                                                            A:F8 X:6D Y:0F S:FA P:nvUBdIzC 
     $877F:E8        INX                                                            A:F8 X:6E Y:0F S:FA P:nvUBdIzC 
     $8780:E8        INX                                                            A:F8 X:6F Y:0F S:FA P:nvUBdIzC 
     $8781:D0 F7     BNE $877A                                                      A:F8 X:70 Y:0F S:FA P:nvUBdIzC 
     $877A:9D 00 02  STA $0200,X @ $0270 = #$F8                                     A:F8 X:70 Y:0F S:FA P:nvUBdIzC 
     $877D:E8        INX                                                            A:F8 X:70 Y:0F S:FA P:nvUBdIzC 
     $877E:E8        INX                                                            A:F8 X:71 Y:0F S:FA P:nvUBdIzC 
     $877F:E8        INX                                                            A:F8 X:72 Y:0F S:FA P:nvUBdIzC 
     $8780:E8        INX                                                            A:F8 X:73 Y:0F S:FA P:nvUBdIzC 
     $8781:D0 F7     BNE $877A                                                      A:F8 X:74 Y:0F S:FA P:nvUBdIzC 
     $877A:9D 00 02  STA $0200,X @ $0274 = #$F8                                     A:F8 X:74 Y:0F S:FA P:nvUBdIzC 
     $877D:E8        INX                                                            A:F8 X:74 Y:0F S:FA P:nvUBdIzC 
     $877E:E8        INX                                                            A:F8 X:75 Y:0F S:FA P:nvUBdIzC 
     $877F:E8        INX                                                            A:F8 X:76 Y:0F S:FA P:nvUBdIzC 
     $8780:E8        INX                                                            A:F8 X:77 Y:0F S:FA P:nvUBdIzC 
     $8781:D0 F7     BNE $877A                                                      A:F8 X:78 Y:0F S:FA P:nvUBdIzC 
     $877A:9D 00 02  STA $0200,X @ $0278 = #$F8                                     A:F8 X:78 Y:0F S:FA P:nvUBdIzC 
     $877D:E8        INX                                                            A:F8 X:78 Y:0F S:FA P:nvUBdIzC 
     $877E:E8        INX                                                            A:F8 X:79 Y:0F S:FA P:nvUBdIzC 
     $877F:E8        INX                                                            A:F8 X:7A Y:0F S:FA P:nvUBdIzC 
     $8780:E8        INX                                                            A:F8 X:7B Y:0F S:FA P:nvUBdIzC 
     $8781:D0 F7     BNE $877A                                                      A:F8 X:7C Y:0F S:FA P:nvUBdIzC 
     $877A:9D 00 02  STA $0200,X @ $027C = #$F8                                     A:F8 X:7C Y:0F S:FA P:nvUBdIzC 
     $877D:E8        INX                                                            A:F8 X:7C Y:0F S:FA P:nvUBdIzC 
     $877E:E8        INX                                                            A:F8 X:7D Y:0F S:FA P:nvUBdIzC 
     $877F:E8        INX                                                            A:F8 X:7E Y:0F S:FA P:nvUBdIzC 
     $8780:E8        INX                                                            A:F8 X:7F Y:0F S:FA P:nvUBdIzC 
     $8781:D0 F7     BNE $877A                                                      A:F8 X:80 Y:0F S:FA P:NvUBdIzC 
     $877A:9D 00 02  STA $0200,X @ $0280 = #$F8                                     A:F8 X:80 Y:0F S:FA P:NvUBdIzC 
     $877D:E8        INX                                                            A:F8 X:80 Y:0F S:FA P:NvUBdIzC 
     $877E:E8        INX                                                            A:F8 X:81 Y:0F S:FA P:NvUBdIzC 
     $877F:E8        INX                                                            A:F8 X:82 Y:0F S:FA P:NvUBdIzC 
     $8780:E8        INX                                                            A:F8 X:83 Y:0F S:FA P:NvUBdIzC 
     $8781:D0 F7     BNE $877A                                                      A:F8 X:84 Y:0F S:FA P:NvUBdIzC 
     $877A:9D 00 02  STA $0200,X @ $0284 = #$F8                                     A:F8 X:84 Y:0F S:FA P:NvUBdIzC 
     $877D:E8        INX                                                            A:F8 X:84 Y:0F S:FA P:NvUBdIzC 
     $877E:E8        INX                                                            A:F8 X:85 Y:0F S:FA P:NvUBdIzC 
     $877F:E8        INX                                                            A:F8 X:86 Y:0F S:FA P:NvUBdIzC 
     $8780:E8        INX                                                            A:F8 X:87 Y:0F S:FA P:NvUBdIzC 
     $8781:D0 F7     BNE $877A                                                      A:F8 X:88 Y:0F S:FA P:NvUBdIzC 
     $877A:9D 00 02  STA $0200,X @ $0288 = #$F8                                     A:F8 X:88 Y:0F S:FA P:NvUBdIzC 
     $877D:E8        INX                                                            A:F8 X:88 Y:0F S:FA P:NvUBdIzC 
     $877E:E8        INX                                                            A:F8 X:89 Y:0F S:FA P:NvUBdIzC 
     $877F:E8        INX                                                            A:F8 X:8A Y:0F S:FA P:NvUBdIzC 
     $8780:E8        INX                                                            A:F8 X:8B Y:0F S:FA P:NvUBdIzC 
     $8781:D0 F7     BNE $877A                                                      A:F8 X:8C Y:0F S:FA P:NvUBdIzC 
     $877A:9D 00 02  STA $0200,X @ $028C = #$F8                                     A:F8 X:8C Y:0F S:FA P:NvUBdIzC 
     $877D:E8        INX                                                            A:F8 X:8C Y:0F S:FA P:NvUBdIzC 
     $877E:E8        INX                                                            A:F8 X:8D Y:0F S:FA P:NvUBdIzC 
     $877F:E8        INX                                                            A:F8 X:8E Y:0F S:FA P:NvUBdIzC 
     $8780:E8        INX                                                            A:F8 X:8F Y:0F S:FA P:NvUBdIzC 
     $8781:D0 F7     BNE $877A                                                      A:F8 X:90 Y:0F S:FA P:NvUBdIzC 
     $877A:9D 00 02  STA $0200,X @ $0290 = #$F8                                     A:F8 X:90 Y:0F S:FA P:NvUBdIzC 
     $877D:E8        INX                                                            A:F8 X:90 Y:0F S:FA P:NvUBdIzC 
     $877E:E8        INX                                                            A:F8 X:91 Y:0F S:FA P:NvUBdIzC 
     $877F:E8        INX                                                            A:F8 X:92 Y:0F S:FA P:NvUBdIzC 
     $8780:E8        INX                                                            A:F8 X:93 Y:0F S:FA P:NvUBdIzC 
     $8781:D0 F7     BNE $877A                                                      A:F8 X:94 Y:0F S:FA P:NvUBdIzC 
     $877A:9D 00 02  STA $0200,X @ $0294 = #$F8                                     A:F8 X:94 Y:0F S:FA P:NvUBdIzC 
     $877D:E8        INX                                                            A:F8 X:94 Y:0F S:FA P:NvUBdIzC 
     $877E:E8        INX                                                            A:F8 X:95 Y:0F S:FA P:NvUBdIzC 
     $877F:E8        INX                                                            A:F8 X:96 Y:0F S:FA P:NvUBdIzC 
     $8780:E8        INX                                                            A:F8 X:97 Y:0F S:FA P:NvUBdIzC 
     $8781:D0 F7     BNE $877A                                                      A:F8 X:98 Y:0F S:FA P:NvUBdIzC 
     $877A:9D 00 02  STA $0200,X @ $0298 = #$F8                                     A:F8 X:98 Y:0F S:FA P:NvUBdIzC 
     $877D:E8        INX                                                            A:F8 X:98 Y:0F S:FA P:NvUBdIzC 
     $877E:E8        INX                                                            A:F8 X:99 Y:0F S:FA P:NvUBdIzC 
     $877F:E8        INX                                                            A:F8 X:9A Y:0F S:FA P:NvUBdIzC 
     $8780:E8        INX                                                            A:F8 X:9B Y:0F S:FA P:NvUBdIzC 
     $8781:D0 F7     BNE $877A                                                      A:F8 X:9C Y:0F S:FA P:NvUBdIzC 
     $877A:9D 00 02  STA $0200,X @ $029C = #$F8                                     A:F8 X:9C Y:0F S:FA P:NvUBdIzC 
     $877D:E8        INX                                                            A:F8 X:9C Y:0F S:FA P:NvUBdIzC 
     $877E:E8        INX                                                            A:F8 X:9D Y:0F S:FA P:NvUBdIzC 
     $877F:E8        INX                                                            A:F8 X:9E Y:0F S:FA P:NvUBdIzC 
     $8780:E8        INX                                                            A:F8 X:9F Y:0F S:FA P:NvUBdIzC 
     $8781:D0 F7     BNE $877A                                                      A:F8 X:A0 Y:0F S:FA P:NvUBdIzC 
     $877A:9D 00 02  STA $0200,X @ $02A0 = #$F8                                     A:F8 X:A0 Y:0F S:FA P:NvUBdIzC 
     $877D:E8        INX                                                            A:F8 X:A0 Y:0F S:FA P:NvUBdIzC 
     $877E:E8        INX                                                            A:F8 X:A1 Y:0F S:FA P:NvUBdIzC 
     $877F:E8        INX                                                            A:F8 X:A2 Y:0F S:FA P:NvUBdIzC 
     $8780:E8        INX                                                            A:F8 X:A3 Y:0F S:FA P:NvUBdIzC 
     $8781:D0 F7     BNE $877A                                                      A:F8 X:A4 Y:0F S:FA P:NvUBdIzC 
     $877A:9D 00 02  STA $0200,X @ $02A4 = #$F8                                     A:F8 X:A4 Y:0F S:FA P:NvUBdIzC 
     $877D:E8        INX                                                            A:F8 X:A4 Y:0F S:FA P:NvUBdIzC 
     $877E:E8        INX                                                            A:F8 X:A5 Y:0F S:FA P:NvUBdIzC 
     $877F:E8        INX                                                            A:F8 X:A6 Y:0F S:FA P:NvUBdIzC 
     $8780:E8        INX                                                            A:F8 X:A7 Y:0F S:FA P:NvUBdIzC 
     $8781:D0 F7     BNE $877A                                                      A:F8 X:A8 Y:0F S:FA P:NvUBdIzC 
     $877A:9D 00 02  STA $0200,X @ $02A8 = #$F8                                     A:F8 X:A8 Y:0F S:FA P:NvUBdIzC 
     $877D:E8        INX                                                            A:F8 X:A8 Y:0F S:FA P:NvUBdIzC 
     $877E:E8        INX                                                            A:F8 X:A9 Y:0F S:FA P:NvUBdIzC 
     $877F:E8        INX                                                            A:F8 X:AA Y:0F S:FA P:NvUBdIzC 
     $8780:E8        INX                                                            A:F8 X:AB Y:0F S:FA P:NvUBdIzC 
     $8781:D0 F7     BNE $877A                                                      A:F8 X:AC Y:0F S:FA P:NvUBdIzC 
     $877A:9D 00 02  STA $0200,X @ $02AC = #$F8                                     A:F8 X:AC Y:0F S:FA P:NvUBdIzC 
     $877D:E8        INX                                                            A:F8 X:AC Y:0F S:FA P:NvUBdIzC 
     $877E:E8        INX                                                            A:F8 X:AD Y:0F S:FA P:NvUBdIzC 
     $877F:E8        INX                                                            A:F8 X:AE Y:0F S:FA P:NvUBdIzC 
     $8780:E8        INX                                                            A:F8 X:AF Y:0F S:FA P:NvUBdIzC 
     $8781:D0 F7     BNE $877A                                                      A:F8 X:B0 Y:0F S:FA P:NvUBdIzC 
     $877A:9D 00 02  STA $0200,X @ $02B0 = #$F8                                     A:F8 X:B0 Y:0F S:FA P:NvUBdIzC 
     $877D:E8        INX                                                            A:F8 X:B0 Y:0F S:FA P:NvUBdIzC 
     $877E:E8        INX                                                            A:F8 X:B1 Y:0F S:FA P:NvUBdIzC 
     $877F:E8        INX                                                            A:F8 X:B2 Y:0F S:FA P:NvUBdIzC 
     $8780:E8        INX                                                            A:F8 X:B3 Y:0F S:FA P:NvUBdIzC 
     $8781:D0 F7     BNE $877A                                                      A:F8 X:B4 Y:0F S:FA P:NvUBdIzC 
     $877A:9D 00 02  STA $0200,X @ $02B4 = #$F8                                     A:F8 X:B4 Y:0F S:FA P:NvUBdIzC 
     $877D:E8        INX                                                            A:F8 X:B4 Y:0F S:FA P:NvUBdIzC 
     $877E:E8        INX                                                            A:F8 X:B5 Y:0F S:FA P:NvUBdIzC 
     $877F:E8        INX                                                            A:F8 X:B6 Y:0F S:FA P:NvUBdIzC 
     $8780:E8        INX                                                            A:F8 X:B7 Y:0F S:FA P:NvUBdIzC 
     $8781:D0 F7     BNE $877A                                                      A:F8 X:B8 Y:0F S:FA P:NvUBdIzC 
     $877A:9D 00 02  STA $0200,X @ $02B8 = #$F8                                     A:F8 X:B8 Y:0F S:FA P:NvUBdIzC 
     $877D:E8        INX                                                            A:F8 X:B8 Y:0F S:FA P:NvUBdIzC 
     $877E:E8        INX                                                            A:F8 X:B9 Y:0F S:FA P:NvUBdIzC 
     $877F:E8        INX                                                            A:F8 X:BA Y:0F S:FA P:NvUBdIzC 
     $8780:E8        INX                                                            A:F8 X:BB Y:0F S:FA P:NvUBdIzC 
     $8781:D0 F7     BNE $877A                                                      A:F8 X:BC Y:0F S:FA P:NvUBdIzC 
     $877A:9D 00 02  STA $0200,X @ $02BC = #$F8                                     A:F8 X:BC Y:0F S:FA P:NvUBdIzC 
     $877D:E8        INX                                                            A:F8 X:BC Y:0F S:FA P:NvUBdIzC 
     $877E:E8        INX                                                            A:F8 X:BD Y:0F S:FA P:NvUBdIzC 
     $877F:E8        INX                                                            A:F8 X:BE Y:0F S:FA P:NvUBdIzC 
     $8780:E8        INX                                                            A:F8 X:BF Y:0F S:FA P:NvUBdIzC 
     $8781:D0 F7     BNE $877A                                                      A:F8 X:C0 Y:0F S:FA P:NvUBdIzC 
     $877A:9D 00 02  STA $0200,X @ $02C0 = #$F8                                     A:F8 X:C0 Y:0F S:FA P:NvUBdIzC 
     $877D:E8        INX                                                            A:F8 X:C0 Y:0F S:FA P:NvUBdIzC 
     $877E:E8        INX                                                            A:F8 X:C1 Y:0F S:FA P:NvUBdIzC 
     $877F:E8        INX                                                            A:F8 X:C2 Y:0F S:FA P:NvUBdIzC 
     $8780:E8        INX                                                            A:F8 X:C3 Y:0F S:FA P:NvUBdIzC 
     $8781:D0 F7     BNE $877A                                                      A:F8 X:C4 Y:0F S:FA P:NvUBdIzC 
     $877A:9D 00 02  STA $0200,X @ $02C4 = #$F8                                     A:F8 X:C4 Y:0F S:FA P:NvUBdIzC 
     $877D:E8        INX                                                            A:F8 X:C4 Y:0F S:FA P:NvUBdIzC 
     $877E:E8        INX                                                            A:F8 X:C5 Y:0F S:FA P:NvUBdIzC 
     $877F:E8        INX                                                            A:F8 X:C6 Y:0F S:FA P:NvUBdIzC 
     $8780:E8        INX                                                            A:F8 X:C7 Y:0F S:FA P:NvUBdIzC 
     $8781:D0 F7     BNE $877A                                                      A:F8 X:C8 Y:0F S:FA P:NvUBdIzC 
     $877A:9D 00 02  STA $0200,X @ $02C8 = #$F8                                     A:F8 X:C8 Y:0F S:FA P:NvUBdIzC 
     $877D:E8        INX                                                            A:F8 X:C8 Y:0F S:FA P:NvUBdIzC 
     $877E:E8        INX                                                            A:F8 X:C9 Y:0F S:FA P:NvUBdIzC 
     $877F:E8        INX                                                            A:F8 X:CA Y:0F S:FA P:NvUBdIzC 
     $8780:E8        INX                                                            A:F8 X:CB Y:0F S:FA P:NvUBdIzC 
     $8781:D0 F7     BNE $877A                                                      A:F8 X:CC Y:0F S:FA P:NvUBdIzC 
     $877A:9D 00 02  STA $0200,X @ $02CC = #$F8                                     A:F8 X:CC Y:0F S:FA P:NvUBdIzC 
     $877D:E8        INX                                                            A:F8 X:CC Y:0F S:FA P:NvUBdIzC 
     $877E:E8        INX                                                            A:F8 X:CD Y:0F S:FA P:NvUBdIzC 
     $877F:E8        INX                                                            A:F8 X:CE Y:0F S:FA P:NvUBdIzC 
     $8780:E8        INX                                                            A:F8 X:CF Y:0F S:FA P:NvUBdIzC 
     $8781:D0 F7     BNE $877A                                                      A:F8 X:D0 Y:0F S:FA P:NvUBdIzC 
     $877A:9D 00 02  STA $0200,X @ $02D0 = #$F8                                     A:F8 X:D0 Y:0F S:FA P:NvUBdIzC 
     $877D:E8        INX                                                            A:F8 X:D0 Y:0F S:FA P:NvUBdIzC 
     $877E:E8        INX                                                            A:F8 X:D1 Y:0F S:FA P:NvUBdIzC 
     $877F:E8        INX                                                            A:F8 X:D2 Y:0F S:FA P:NvUBdIzC 
     $8780:E8        INX                                                            A:F8 X:D3 Y:0F S:FA P:NvUBdIzC 
     $8781:D0 F7     BNE $877A                                                      A:F8 X:D4 Y:0F S:FA P:NvUBdIzC 
     $877A:9D 00 02  STA $0200,X @ $02D4 = #$F8                                     A:F8 X:D4 Y:0F S:FA P:NvUBdIzC 
     $877D:E8        INX                                                            A:F8 X:D4 Y:0F S:FA P:NvUBdIzC 
     $877E:E8        INX                                                            A:F8 X:D5 Y:0F S:FA P:NvUBdIzC 
     $877F:E8        INX                                                            A:F8 X:D6 Y:0F S:FA P:NvUBdIzC 
     $8780:E8        INX                                                            A:F8 X:D7 Y:0F S:FA P:NvUBdIzC 
     $8781:D0 F7     BNE $877A                                                      A:F8 X:D8 Y:0F S:FA P:NvUBdIzC 
     $877A:9D 00 02  STA $0200,X @ $02D8 = #$F8                                     A:F8 X:D8 Y:0F S:FA P:NvUBdIzC 
     $877D:E8        INX                                                            A:F8 X:D8 Y:0F S:FA P:NvUBdIzC 
     $877E:E8        INX                                                            A:F8 X:D9 Y:0F S:FA P:NvUBdIzC 
     $877F:E8        INX                                                            A:F8 X:DA Y:0F S:FA P:NvUBdIzC 
     $8780:E8        INX                                                            A:F8 X:DB Y:0F S:FA P:NvUBdIzC 
     $8781:D0 F7     BNE $877A                                                      A:F8 X:DC Y:0F S:FA P:NvUBdIzC 
     $877A:9D 00 02  STA $0200,X @ $02DC = #$F8                                     A:F8 X:DC Y:0F S:FA P:NvUBdIzC 
     $877D:E8        INX                                                            A:F8 X:DC Y:0F S:FA P:NvUBdIzC 
     $877E:E8        INX                                                            A:F8 X:DD Y:0F S:FA P:NvUBdIzC 
     $877F:E8        INX                                                            A:F8 X:DE Y:0F S:FA P:NvUBdIzC 
     $8780:E8        INX                                                            A:F8 X:DF Y:0F S:FA P:NvUBdIzC 
     $8781:D0 F7     BNE $877A                                                      A:F8 X:E0 Y:0F S:FA P:NvUBdIzC 
     $877A:9D 00 02  STA $0200,X @ $02E0 = #$F8                                     A:F8 X:E0 Y:0F S:FA P:NvUBdIzC 
     $877D:E8        INX                                                            A:F8 X:E0 Y:0F S:FA P:NvUBdIzC 
     $877E:E8        INX                                                            A:F8 X:E1 Y:0F S:FA P:NvUBdIzC 
     $877F:E8        INX                                                            A:F8 X:E2 Y:0F S:FA P:NvUBdIzC 
     $8780:E8        INX                                                            A:F8 X:E3 Y:0F S:FA P:NvUBdIzC 
     $8781:D0 F7     BNE $877A                                                      A:F8 X:E4 Y:0F S:FA P:NvUBdIzC 
     $877A:9D 00 02  STA $0200,X @ $02E4 = #$F8                                     A:F8 X:E4 Y:0F S:FA P:NvUBdIzC 
     $877D:E8        INX                                                            A:F8 X:E4 Y:0F S:FA P:NvUBdIzC 
     $877E:E8        INX                                                            A:F8 X:E5 Y:0F S:FA P:NvUBdIzC 
     $877F:E8        INX                                                            A:F8 X:E6 Y:0F S:FA P:NvUBdIzC 
     $8780:E8        INX                                                            A:F8 X:E7 Y:0F S:FA P:NvUBdIzC 
     $8781:D0 F7     BNE $877A                                                      A:F8 X:E8 Y:0F S:FA P:NvUBdIzC 
     $877A:9D 00 02  STA $0200,X @ $02E8 = #$F8                                     A:F8 X:E8 Y:0F S:FA P:NvUBdIzC 
     $877D:E8        INX                                                            A:F8 X:E8 Y:0F S:FA P:NvUBdIzC 
     $877E:E8        INX                                                            A:F8 X:E9 Y:0F S:FA P:NvUBdIzC 
     $877F:E8        INX                                                            A:F8 X:EA Y:0F S:FA P:NvUBdIzC 
     $8780:E8        INX                                                            A:F8 X:EB Y:0F S:FA P:NvUBdIzC 
     $8781:D0 F7     BNE $877A                                                      A:F8 X:EC Y:0F S:FA P:NvUBdIzC 
     $877A:9D 00 02  STA $0200,X @ $02EC = #$F8                                     A:F8 X:EC Y:0F S:FA P:NvUBdIzC 
     $877D:E8        INX                                                            A:F8 X:EC Y:0F S:FA P:NvUBdIzC 
     $877E:E8        INX                                                            A:F8 X:ED Y:0F S:FA P:NvUBdIzC 
     $877F:E8        INX                                                            A:F8 X:EE Y:0F S:FA P:NvUBdIzC 
     $8780:E8        INX                                                            A:F8 X:EF Y:0F S:FA P:NvUBdIzC 
     $8781:D0 F7     BNE $877A                                                      A:F8 X:F0 Y:0F S:FA P:NvUBdIzC 
     $877A:9D 00 02  STA $0200,X @ $02F0 = #$F8                                     A:F8 X:F0 Y:0F S:FA P:NvUBdIzC 
     $877D:E8        INX                                                            A:F8 X:F0 Y:0F S:FA P:NvUBdIzC 
     $877E:E8        INX                                                            A:F8 X:F1 Y:0F S:FA P:NvUBdIzC 
     $877F:E8        INX                                                            A:F8 X:F2 Y:0F S:FA P:NvUBdIzC 
     $8780:E8        INX                                                            A:F8 X:F3 Y:0F S:FA P:NvUBdIzC 
     $8781:D0 F7     BNE $877A                                                      A:F8 X:F4 Y:0F S:FA P:NvUBdIzC 
     $877A:9D 00 02  STA $0200,X @ $02F4 = #$F8                                     A:F8 X:F4 Y:0F S:FA P:NvUBdIzC 
     $877D:E8        INX                                                            A:F8 X:F4 Y:0F S:FA P:NvUBdIzC 
     $877E:E8        INX                                                            A:F8 X:F5 Y:0F S:FA P:NvUBdIzC 
     $877F:E8        INX                                                            A:F8 X:F6 Y:0F S:FA P:NvUBdIzC 
     $8780:E8        INX                                                            A:F8 X:F7 Y:0F S:FA P:NvUBdIzC 
     $8781:D0 F7     BNE $877A                                                      A:F8 X:F8 Y:0F S:FA P:NvUBdIzC 
     $877A:9D 00 02  STA $0200,X @ $02F8 = #$F8                                     A:F8 X:F8 Y:0F S:FA P:NvUBdIzC 
     $877D:E8        INX                                                            A:F8 X:F8 Y:0F S:FA P:NvUBdIzC 
     $877E:E8        INX                                                            A:F8 X:F9 Y:0F S:FA P:NvUBdIzC 
     $877F:E8        INX                                                            A:F8 X:FA Y:0F S:FA P:NvUBdIzC 
     $8780:E8        INX                                                            A:F8 X:FB Y:0F S:FA P:NvUBdIzC 
     $8781:D0 F7     BNE $877A                                                      A:F8 X:FC Y:0F S:FA P:NvUBdIzC 
     $877A:9D 00 02  STA $0200,X @ $02FC = #$F8                                     A:F8 X:FC Y:0F S:FA P:NvUBdIzC 
     $877D:E8        INX                                                            A:F8 X:FC Y:0F S:FA P:NvUBdIzC 
     $877E:E8        INX                                                            A:F8 X:FD Y:0F S:FA P:NvUBdIzC 
     $877F:E8        INX                                                            A:F8 X:FE Y:0F S:FA P:NvUBdIzC 
     $8780:E8        INX                                                            A:F8 X:FF Y:0F S:FA P:NvUBdIzC 
     $8781:D0 F7     BNE $877A                                                      A:F8 X:00 Y:0F S:FA P:nvUBdIZC 
     $8783:60        RTS (from $8000) ----------------------------------------------A:F8 X:00 Y:0F S:FA P:nvUBdIZC 
   $FFDF:A4 2D     LDY $002D = #$00                                               A:F8 X:00 Y:0F S:FC P:nvUBdIZC 
   $FFE1:68        PLA                                                            A:F8 X:00 Y:00 S:FC P:nvUBdIZC 
  $FFE2:85 13     STA $0013 = #$03                                               A:06 X:00 Y:00 S:FD P:nvUBdIzC 
  $FFE4:B9 B3 FF  LDA $FFB3,Y @ $FFB3 = #$00                                     A:06 X:00 Y:00 S:FD P:nvUBdIzC 
  $FFE7:99 B3 FF  STA $FFB3,Y @ $FFB3 = #$00                                     A:00 X:00 Y:00 S:FD P:nvUBdIZC 
  $FFEA:60        RTS (from $FFCB) ----------------------------------------------A:00 X:00 Y:00 S:FD P:nvUBdIZC 
$8478:A5 95     LDA $0095 = #$80                                               A:00 X:00 Y:00 S:FF P:nvUBdIZC 
$847A:C9 80     CMP #$80                                                       A:80 X:00 Y:00 S:FF P:NvUBdIzC 
$847C:D0 27     BNE $84A5                                                      A:80 X:00 Y:00 S:FF P:nvUBdIZC 
$847E:45 B6     EOR $00B6 = #$00                                               A:80 X:00 Y:00 S:FF P:nvUBdIZC 
$8480:10 23     BPL $84A5                                                      A:80 X:00 Y:00 S:FF P:NvUBdIzC 
$8482:A5 D0     LDA $00D0 = #$01                                               A:80 X:00 Y:00 S:FF P:NvUBdIzC 
$8484:F0 0A     BEQ $8490                                                      A:01 X:00 Y:00 S:FF P:nvUBdIzC 
$8486:A2 48     LDX #$48                                                       A:01 X:00 Y:00 S:FF P:nvUBdIzC 
$8488:A0 03     LDY #$03                                                       A:01 X:48 Y:00 S:FF P:nvUBdIzC 
$848A:20 CB FF  JSR $FFCB                                                      A:01 X:48 Y:03 S:FF P:nvUBdIzC 
  $FFCB:A9 00     LDA #$00                                                       A:01 X:48 Y:03 S:FD P:nvUBdIzC 
  $FFCD:09 00     ORA #$00                                                       A:00 X:48 Y:03 S:FD P:nvUBdIZC 
  $FFCF:85 2D     STA $002D = #$00                                               A:00 X:48 Y:03 S:FD P:nvUBdIZC 
  $FFD1:A5 13     LDA $0013 = #$06                                               A:00 X:48 Y:03 S:FD P:nvUBdIZC 
  $FFD3:48        PHA                                                            A:06 X:48 Y:03 S:FD P:nvUBdIzC 
   $FFD4:86 13     STX $0013 = #$06                                               A:06 X:48 Y:03 S:FC P:nvUBdIzC 
   $FFD6:B9 B3 FF  LDA $FFB3,Y @ $FFB6 = #$03                                     A:06 X:48 Y:03 S:FC P:nvUBdIzC 
   $FFD9:99 B3 FF  STA $FFB3,Y @ $FFB6 = #$03                                     A:03 X:48 Y:03 S:FC P:nvUBdIzC 
   $FFDC:20 00 80  JSR $8000                                                      A:03 X:48 Y:03 S:FC P:nvUBdIzC 
     $8000:6C 13 00  JMP ($0013) = $8048                                            A:03 X:48 Y:03 S:FA P:nvUBdIzC 
     $8048:4C 73 D1  JMP $D173                                                      A:03 X:48 Y:03 S:FA P:nvUBdIzC 
     $D173:A9 83     LDA #$83                                                       A:03 X:48 Y:03 S:FA P:nvUBdIzC 
     $D175:85 95     STA $0095 = #$80                                               A:83 X:48 Y:03 S:FA P:NvUBdIzC 
     $D177:A5 95     LDA $0095 = #$83                                               A:83 X:48 Y:03 S:FA P:NvUBdIzC 
     $D179:C9 83     CMP #$83                                                       A:83 X:48 Y:03 S:FA P:NvUBdIzC 
     $D17B:F0 04     BEQ $D181                                                      A:83 X:48 Y:03 S:FA P:nvUBdIZC 
     $D181:A2 05     LDX #$05                                                       A:83 X:48 Y:03 S:FA P:nvUBdIZC 
     $D183:BD F4 05  LDA $05F4,X @ $05F9 = #$00                                     A:83 X:05 Y:03 S:FA P:nvUBdIzC 
     $D186:18        CLC                                                            A:00 X:05 Y:03 S:FA P:nvUBdIZC 
     $D187:69 F5     ADC #$F5                                                       A:00 X:05 Y:03 S:FA P:nvUBdIZc 
     $D189:9D A9 01  STA $01A9,X @ $01AE = #$F5                                     A:F5 X:05 Y:03 S:FA P:NvUBdIzc 
     $D18C:BD FA 05  LDA $05FA,X @ $05FF = #$00                                     A:F5 X:05 Y:03 S:FA P:NvUBdIzc 
     $D18F:18        CLC                                                            A:00 X:05 Y:03 S:FA P:nvUBdIZc 
     $D190:69 F5     ADC #$F5                                                       A:00 X:05 Y:03 S:FA P:nvUBdIZc 
     $D192:9D BF 01  STA $01BF,X @ $01C4 = #$F5                                     A:F5 X:05 Y:03 S:FA P:NvUBdIzc 
     $D195:AD 1A 05  LDA $051A = #$2F                                               A:F5 X:05 Y:03 S:FA P:NvUBdIzc 
     $D198:DD 2F D2  CMP $D22F,X @ $D234 = #$29                                     A:2F X:05 Y:03 S:FA P:nvUBdIzc 
     $D19B:A9 F3     LDA #$F3                                                       A:2F X:05 Y:03 S:FA P:nvUBdIzC 
     $D19D:69 00     ADC #$00                                                       A:F3 X:05 Y:03 S:FA P:NvUBdIzC 
     $D19F:9D C9 01  STA $01C9,X @ $01CE = #$F4                                     A:F4 X:05 Y:03 S:FA P:NvUBdIzc 
     $D1A2:AD 1B 05  LDA $051B = #$00                                               A:F4 X:05 Y:03 S:FA P:NvUBdIzc 
     $D1A5:DD 2F D2  CMP $D22F,X @ $D234 = #$29                                     A:00 X:05 Y:03 S:FA P:nvUBdIZc 
     $D1A8:A9 F3     LDA #$F3                                                       A:00 X:05 Y:03 S:FA P:NvUBdIzc 
     $D1AA:69 00     ADC #$00                                                       A:F3 X:05 Y:03 S:FA P:NvUBdIzc 
     $D1AC:9D DF 01  STA $01DF,X @ $01E4 = #$F4                                     A:F3 X:05 Y:03 S:FA P:NvUBdIzc 
     $D1AF:E0 05     CPX #$05                                                       A:F3 X:05 Y:03 S:FA P:NvUBdIzc 
     $D1B1:B0 2A     BCS $D1DD                                                      A:F3 X:05 Y:03 S:FA P:nvUBdIZC 
     $D1DD:86 D0     STX $00D0 = #$01                                               A:F3 X:05 Y:03 S:FA P:nvUBdIZC 
     $D1DF:CA        DEX                                                            A:F3 X:05 Y:03 S:FA P:nvUBdIZC 
     $D1E0:10 A1     BPL $D183                                                      A:F3 X:04 Y:03 S:FA P:nvUBdIzC 
     $D183:BD F4 05  LDA $05F4,X @ $05F8 = #$00                                     A:F3 X:04 Y:03 S:FA P:nvUBdIzC 
     $D186:18        CLC                                                            A:00 X:04 Y:03 S:FA P:nvUBdIZC 
     $D187:69 F5     ADC #$F5                                                       A:00 X:04 Y:03 S:FA P:nvUBdIZc 
     $D189:9D A9 01  STA $01A9,X @ $01AD = #$F5                                     A:F5 X:04 Y:03 S:FA P:NvUBdIzc 
     $D18C:BD FA 05  LDA $05FA,X @ $05FE = #$00                                     A:F5 X:04 Y:03 S:FA P:NvUBdIzc 
     $D18F:18        CLC                                                            A:00 X:04 Y:03 S:FA P:nvUBdIZc 
     $D190:69 F5     ADC #$F5                                                       A:00 X:04 Y:03 S:FA P:nvUBdIZc 
     $D192:9D BF 01  STA $01BF,X @ $01C3 = #$F5                                     A:F5 X:04 Y:03 S:FA P:NvUBdIzc 
     $D195:AD 1A 05  LDA $051A = #$2F                                               A:F5 X:04 Y:03 S:FA P:NvUBdIzc 
     $D198:DD 2F D2  CMP $D22F,X @ $D233 = #$21                                     A:2F X:04 Y:03 S:FA P:nvUBdIzc 
     $D19B:A9 F3     LDA #$F3                                                       A:2F X:04 Y:03 S:FA P:nvUBdIzC 
     $D19D:69 00     ADC #$00                                                       A:F3 X:04 Y:03 S:FA P:NvUBdIzC 
     $D19F:9D C9 01  STA $01C9,X @ $01CD = #$F4                                     A:F4 X:04 Y:03 S:FA P:NvUBdIzc 
     $D1A2:AD 1B 05  LDA $051B = #$00                                               A:F4 X:04 Y:03 S:FA P:NvUBdIzc 
     $D1A5:DD 2F D2  CMP $D22F,X @ $D233 = #$21                                     A:00 X:04 Y:03 S:FA P:nvUBdIZc 
     $D1A8:A9 F3     LDA #$F3                                                       A:00 X:04 Y:03 S:FA P:NvUBdIzc 
     $D1AA:69 00     ADC #$00                                                       A:F3 X:04 Y:03 S:FA P:NvUBdIzc 
     $D1AC:9D DF 01  STA $01DF,X @ $01E3 = #$F4                                     A:F3 X:04 Y:03 S:FA P:NvUBdIzc 
     $D1AF:E0 05     CPX #$05                                                       A:F3 X:04 Y:03 S:FA P:NvUBdIzc 
     $D1B1:B0 2A     BCS $D1DD                                                      A:F3 X:04 Y:03 S:FA P:NvUBdIzc 
     $D1B3:A9 F1     LDA #$F1                                                       A:F3 X:04 Y:03 S:FA P:NvUBdIzc 
     $D1B5:E4 11     CPX $0011 = #$03                                               A:F1 X:04 Y:03 S:FA P:NvUBdIzc 
     $D1B7:B0 06     BCS $D1BF                                                      A:F1 X:04 Y:03 S:FA P:nvUBdIzC 
     $D1BF:9D B0 01  STA $01B0,X @ $01B4 = #$F1                                     A:F1 X:04 Y:03 S:FA P:nvUBdIzC 
     $D1C2:18        CLC                                                            A:F1 X:04 Y:03 S:FA P:nvUBdIzC 
     $D1C3:69 01     ADC #$01                                                       A:F1 X:04 Y:03 S:FA P:nvUBdIzc 
     $D1C5:9D D0 01  STA $01D0,X @ $01D4 = #$F2                                     A:F2 X:04 Y:03 S:FA P:NvUBdIzc 
     $D1C8:A9 F1     LDA #$F1                                                       A:F2 X:04 Y:03 S:FA P:NvUBdIzc 
     $D1CA:E4 12     CPX $0012 = #$03                                               A:F1 X:04 Y:03 S:FA P:NvUBdIzc 
     $D1CC:B0 06     BCS $D1D4                                                      A:F1 X:04 Y:03 S:FA P:nvUBdIzC 
     $D1D4:9D B9 01  STA $01B9,X @ $01BD = #$F1                                     A:F1 X:04 Y:03 S:FA P:nvUBdIzC 
     $D1D7:18        CLC                                                            A:F1 X:04 Y:03 S:FA P:nvUBdIzC 
     $D1D8:69 01     ADC #$01                                                       A:F1 X:04 Y:03 S:FA P:nvUBdIzc 
     $D1DA:9D D9 01  STA $01D9,X @ $01DD = #$F2                                     A:F2 X:04 Y:03 S:FA P:NvUBdIzc 
     $D1DD:86 D0     STX $00D0 = #$05                                               A:F2 X:04 Y:03 S:FA P:NvUBdIzc 
     $D1DF:CA        DEX                                                            A:F2 X:04 Y:03 S:FA P:NvUBdIzc 
     $D1E0:10 A1     BPL $D183                                                      A:F2 X:03 Y:03 S:FA P:nvUBdIzc 
     $D183:BD F4 05  LDA $05F4,X @ $05F7 = #$00                                     A:F2 X:03 Y:03 S:FA P:nvUBdIzc 
     $D186:18        CLC                                                            A:00 X:03 Y:03 S:FA P:nvUBdIZc 
     $D187:69 F5     ADC #$F5                                                       A:00 X:03 Y:03 S:FA P:nvUBdIZc 
     $D189:9D A9 01  STA $01A9,X @ $01AC = #$F5                                     A:F5 X:03 Y:03 S:FA P:NvUBdIzc 
     $D18C:BD FA 05  LDA $05FA,X @ $05FD = #$00                                     A:F5 X:03 Y:03 S:FA P:NvUBdIzc 
     $D18F:18        CLC                                                            A:00 X:03 Y:03 S:FA P:nvUBdIZc 
     $D190:69 F5     ADC #$F5                                                       A:00 X:03 Y:03 S:FA P:nvUBdIZc 
     $D192:9D BF 01  STA $01BF,X @ $01C2 = #$F5                                     A:F5 X:03 Y:03 S:FA P:NvUBdIzc 
     $D195:AD 1A 05  LDA $051A = #$2F                                               A:F5 X:03 Y:03 S:FA P:NvUBdIzc 
     $D198:DD 2F D2  CMP $D22F,X @ $D232 = #$19                                     A:2F X:03 Y:03 S:FA P:nvUBdIzc 
     $D19B:A9 F3     LDA #$F3                                                       A:2F X:03 Y:03 S:FA P:nvUBdIzC 
     $D19D:69 00     ADC #$00                                                       A:F3 X:03 Y:03 S:FA P:NvUBdIzC 
     $D19F:9D C9 01  STA $01C9,X @ $01CC = #$F4                                     A:F4 X:03 Y:03 S:FA P:NvUBdIzc 
     $D1A2:AD 1B 05  LDA $051B = #$00                                               A:F4 X:03 Y:03 S:FA P:NvUBdIzc 
     $D1A5:DD 2F D2  CMP $D22F,X @ $D232 = #$19                                     A:00 X:03 Y:03 S:FA P:nvUBdIZc 
     $D1A8:A9 F3     LDA #$F3                                                       A:00 X:03 Y:03 S:FA P:NvUBdIzc 
     $D1AA:69 00     ADC #$00                                                       A:F3 X:03 Y:03 S:FA P:NvUBdIzc 
     $D1AC:9D DF 01  STA $01DF,X @ $01E2 = #$F4                                     A:F3 X:03 Y:03 S:FA P:NvUBdIzc 
     $D1AF:E0 05     CPX #$05                                                       A:F3 X:03 Y:03 S:FA P:NvUBdIzc 
     $D1B1:B0 2A     BCS $D1DD                                                      A:F3 X:03 Y:03 S:FA P:NvUBdIzc 
     $D1B3:A9 F1     LDA #$F1                                                       A:F3 X:03 Y:03 S:FA P:NvUBdIzc 
     $D1B5:E4 11     CPX $0011 = #$03                                               A:F1 X:03 Y:03 S:FA P:NvUBdIzc 
     $D1B7:B0 06     BCS $D1BF                                                      A:F1 X:03 Y:03 S:FA P:nvUBdIZC 
     $D1BF:9D B0 01  STA $01B0,X @ $01B3 = #$F1                                     A:F1 X:03 Y:03 S:FA P:nvUBdIZC 
     $D1C2:18        CLC                                                            A:F1 X:03 Y:03 S:FA P:nvUBdIZC 
     $D1C3:69 01     ADC #$01                                                       A:F1 X:03 Y:03 S:FA P:nvUBdIZc 
     $D1C5:9D D0 01  STA $01D0,X @ $01D3 = #$F2                                     A:F2 X:03 Y:03 S:FA P:NvUBdIzc 
     $D1C8:A9 F1     LDA #$F1                                                       A:F2 X:03 Y:03 S:FA P:NvUBdIzc 
     $D1CA:E4 12     CPX $0012 = #$03                                               A:F1 X:03 Y:03 S:FA P:NvUBdIzc 
     $D1CC:B0 06     BCS $D1D4                                                      A:F1 X:03 Y:03 S:FA P:nvUBdIZC 
     $D1D4:9D B9 01  STA $01B9,X @ $01BC = #$F1                                     A:F1 X:03 Y:03 S:FA P:nvUBdIZC 
     $D1D7:18        CLC                                                            A:F1 X:03 Y:03 S:FA P:nvUBdIZC 
     $D1D8:69 01     ADC #$01                                                       A:F1 X:03 Y:03 S:FA P:nvUBdIZc 
     $D1DA:9D D9 01  STA $01D9,X @ $01DC = #$F2                                     A:F2 X:03 Y:03 S:FA P:NvUBdIzc 
     $D1DD:86 D0     STX $00D0 = #$04                                               A:F2 X:03 Y:03 S:FA P:NvUBdIzc 
     $D1DF:CA        DEX                                                            A:F2 X:03 Y:03 S:FA P:NvUBdIzc 
     $D1E0:10 A1     BPL $D183                                                      A:F2 X:02 Y:03 S:FA P:nvUBdIzc 
     $D183:BD F4 05  LDA $05F4,X @ $05F6 = #$02                                     A:F2 X:02 Y:03 S:FA P:nvUBdIzc 
     $D186:18        CLC                                                            A:02 X:02 Y:03 S:FA P:nvUBdIzc 
     $D187:69 F5     ADC #$F5                                                       A:02 X:02 Y:03 S:FA P:nvUBdIzc 
     $D189:9D A9 01  STA $01A9,X @ $01AB = #$F7                                     A:F7 X:02 Y:03 S:FA P:NvUBdIzc 
     $D18C:BD FA 05  LDA $05FA,X @ $05FC = #$05                                     A:F7 X:02 Y:03 S:FA P:NvUBdIzc 
     $D18F:18        CLC                                                            A:05 X:02 Y:03 S:FA P:nvUBdIzc 
     $D190:69 F5     ADC #$F5                                                       A:05 X:02 Y:03 S:FA P:nvUBdIzc 
     $D192:9D BF 01  STA $01BF,X @ $01C1 = #$FA                                     A:FA X:02 Y:03 S:FA P:NvUBdIzc 
     $D195:AD 1A 05  LDA $051A = #$2F                                               A:FA X:02 Y:03 S:FA P:NvUBdIzc 
     $D198:DD 2F D2  CMP $D22F,X @ $D231 = #$11                                     A:2F X:02 Y:03 S:FA P:nvUBdIzc 
     $D19B:A9 F3     LDA #$F3                                                       A:2F X:02 Y:03 S:FA P:nvUBdIzC 
     $D19D:69 00     ADC #$00                                                       A:F3 X:02 Y:03 S:FA P:NvUBdIzC 
     $D19F:9D C9 01  STA $01C9,X @ $01CB = #$F4                                     A:F4 X:02 Y:03 S:FA P:NvUBdIzc 
     $D1A2:AD 1B 05  LDA $051B = #$00                                               A:F4 X:02 Y:03 S:FA P:NvUBdIzc 
     $D1A5:DD 2F D2  CMP $D22F,X @ $D231 = #$11                                     A:00 X:02 Y:03 S:FA P:nvUBdIZc 
     $D1A8:A9 F3     LDA #$F3                                                       A:00 X:02 Y:03 S:FA P:NvUBdIzc 
     $D1AA:69 00     ADC #$00                                                       A:F3 X:02 Y:03 S:FA P:NvUBdIzc 
     $D1AC:9D DF 01  STA $01DF,X @ $01E1 = #$F4                                     A:F3 X:02 Y:03 S:FA P:NvUBdIzc 
     $D1AF:E0 05     CPX #$05                                                       A:F3 X:02 Y:03 S:FA P:NvUBdIzc 
     $D1B1:B0 2A     BCS $D1DD                                                      A:F3 X:02 Y:03 S:FA P:NvUBdIzc 
     $D1B3:A9 F1     LDA #$F1                                                       A:F3 X:02 Y:03 S:FA P:NvUBdIzc 
     $D1B5:E4 11     CPX $0011 = #$03                                               A:F1 X:02 Y:03 S:FA P:NvUBdIzc 
     $D1B7:B0 06     BCS $D1BF                                                      A:F1 X:02 Y:03 S:FA P:NvUBdIzc 
     $D1B9:A4 11     LDY $0011 = #$03                                               A:F1 X:02 Y:03 S:FA P:NvUBdIzc 
     $D1BB:30 02     BMI $D1BF                                                      A:F1 X:02 Y:03 S:FA P:nvUBdIzc 
     $D1BD:A9 EF     LDA #$EF                                                       A:F1 X:02 Y:03 S:FA P:nvUBdIzc 
     $D1BF:9D B0 01  STA $01B0,X @ $01B2 = #$EF                                     A:EF X:02 Y:03 S:FA P:NvUBdIzc 
     $D1C2:18        CLC                                                            A:EF X:02 Y:03 S:FA P:NvUBdIzc 
     $D1C3:69 01     ADC #$01                                                       A:EF X:02 Y:03 S:FA P:NvUBdIzc 
     $D1C5:9D D0 01  STA $01D0,X @ $01D2 = #$F0                                     A:F0 X:02 Y:03 S:FA P:NvUBdIzc 
     $D1C8:A9 F1     LDA #$F1                                                       A:F0 X:02 Y:03 S:FA P:NvUBdIzc 
     $D1CA:E4 12     CPX $0012 = #$03                                               A:F1 X:02 Y:03 S:FA P:NvUBdIzc 
     $D1CC:B0 06     BCS $D1D4                                                      A:F1 X:02 Y:03 S:FA P:NvUBdIzc 
     $D1CE:A4 12     LDY $0012 = #$03                                               A:F1 X:02 Y:03 S:FA P:NvUBdIzc 
     $D1D0:30 02     BMI $D1D4                                                      A:F1 X:02 Y:03 S:FA P:nvUBdIzc 
     $D1D2:A9 EF     LDA #$EF                                                       A:F1 X:02 Y:03 S:FA P:nvUBdIzc 
     $D1D4:9D B9 01  STA $01B9,X @ $01BB = #$EF                                     A:EF X:02 Y:03 S:FA P:NvUBdIzc 
     $D1D7:18        CLC                                                            A:EF X:02 Y:03 S:FA P:NvUBdIzc 
     $D1D8:69 01     ADC #$01                                                       A:EF X:02 Y:03 S:FA P:NvUBdIzc 
     $D1DA:9D D9 01  STA $01D9,X @ $01DB = #$F0                                     A:F0 X:02 Y:03 S:FA P:NvUBdIzc 
     $D1DD:86 D0     STX $00D0 = #$03                                               A:F0 X:02 Y:03 S:FA P:NvUBdIzc 
     $D1DF:CA        DEX                                                            A:F0 X:02 Y:03 S:FA P:NvUBdIzc 
     $D1E0:10 A1     BPL $D183                                                      A:F0 X:01 Y:03 S:FA P:nvUBdIzc 
     $D183:BD F4 05  LDA $05F4,X @ $05F5 = #$01                                     A:F0 X:01 Y:03 S:FA P:nvUBdIzc 
     $D186:18        CLC                                                            A:01 X:01 Y:03 S:FA P:nvUBdIzc 
     $D187:69 F5     ADC #$F5                                                       A:01 X:01 Y:03 S:FA P:nvUBdIzc 
     $D189:9D A9 01  STA $01A9,X @ $01AA = #$F6                                     A:F6 X:01 Y:03 S:FA P:NvUBdIzc 
     $D18C:BD FA 05  LDA $05FA,X @ $05FB = #$01                                     A:F6 X:01 Y:03 S:FA P:NvUBdIzc 
     $D18F:18        CLC                                                            A:01 X:01 Y:03 S:FA P:nvUBdIzc 
     $D190:69 F5     ADC #$F5                                                       A:01 X:01 Y:03 S:FA P:nvUBdIzc 
     $D192:9D BF 01  STA $01BF,X @ $01C0 = #$F6                                     A:F6 X:01 Y:03 S:FA P:NvUBdIzc 
     $D195:AD 1A 05  LDA $051A = #$2F                                               A:F6 X:01 Y:03 S:FA P:NvUBdIzc 
     $D198:DD 2F D2  CMP $D22F,X @ $D230 = #$09                                     A:2F X:01 Y:03 S:FA P:nvUBdIzc 
     $D19B:A9 F3     LDA #$F3                                                       A:2F X:01 Y:03 S:FA P:nvUBdIzC 
     $D19D:69 00     ADC #$00                                                       A:F3 X:01 Y:03 S:FA P:NvUBdIzC 
     $D19F:9D C9 01  STA $01C9,X @ $01CA = #$F4                                     A:F4 X:01 Y:03 S:FA P:NvUBdIzc 
     $D1A2:AD 1B 05  LDA $051B = #$00                                               A:F4 X:01 Y:03 S:FA P:NvUBdIzc 
     $D1A5:DD 2F D2  CMP $D22F,X @ $D230 = #$09                                     A:00 X:01 Y:03 S:FA P:nvUBdIZc 
     $D1A8:A9 F3     LDA #$F3                                                       A:00 X:01 Y:03 S:FA P:NvUBdIzc 
     $D1AA:69 00     ADC #$00                                                       A:F3 X:01 Y:03 S:FA P:NvUBdIzc 
     $D1AC:9D DF 01  STA $01DF,X @ $01E0 = #$F4                                     A:F3 X:01 Y:03 S:FA P:NvUBdIzc 
     $D1AF:E0 05     CPX #$05                                                       A:F3 X:01 Y:03 S:FA P:NvUBdIzc 
     $D1B1:B0 2A     BCS $D1DD                                                      A:F3 X:01 Y:03 S:FA P:NvUBdIzc 
     $D1B3:A9 F1     LDA #$F1                                                       A:F3 X:01 Y:03 S:FA P:NvUBdIzc 
     $D1B5:E4 11     CPX $0011 = #$03                                               A:F1 X:01 Y:03 S:FA P:NvUBdIzc 
     $D1B7:B0 06     BCS $D1BF                                                      A:F1 X:01 Y:03 S:FA P:NvUBdIzc 
     $D1B9:A4 11     LDY $0011 = #$03                                               A:F1 X:01 Y:03 S:FA P:NvUBdIzc 
     $D1BB:30 02     BMI $D1BF                                                      A:F1 X:01 Y:03 S:FA P:nvUBdIzc 
     $D1BD:A9 EF     LDA #$EF                                                       A:F1 X:01 Y:03 S:FA P:nvUBdIzc 
     $D1BF:9D B0 01  STA $01B0,X @ $01B1 = #$EF                                     A:EF X:01 Y:03 S:FA P:NvUBdIzc 
     $D1C2:18        CLC                                                            A:EF X:01 Y:03 S:FA P:NvUBdIzc 
     $D1C3:69 01     ADC #$01                                                       A:EF X:01 Y:03 S:FA P:NvUBdIzc 
     $D1C5:9D D0 01  STA $01D0,X @ $01D1 = #$F0                                     A:F0 X:01 Y:03 S:FA P:NvUBdIzc 
     $D1C8:A9 F1     LDA #$F1                                                       A:F0 X:01 Y:03 S:FA P:NvUBdIzc 
     $D1CA:E4 12     CPX $0012 = #$03                                               A:F1 X:01 Y:03 S:FA P:NvUBdIzc 
     $D1CC:B0 06     BCS $D1D4                                                      A:F1 X:01 Y:03 S:FA P:NvUBdIzc 
     $D1CE:A4 12     LDY $0012 = #$03                                               A:F1 X:01 Y:03 S:FA P:NvUBdIzc 
     $D1D0:30 02     BMI $D1D4                                                      A:F1 X:01 Y:03 S:FA P:nvUBdIzc 
     $D1D2:A9 EF     LDA #$EF                                                       A:F1 X:01 Y:03 S:FA P:nvUBdIzc 
     $D1D4:9D B9 01  STA $01B9,X @ $01BA = #$EF                                     A:EF X:01 Y:03 S:FA P:NvUBdIzc 
     $D1D7:18        CLC                                                            A:EF X:01 Y:03 S:FA P:NvUBdIzc 
     $D1D8:69 01     ADC #$01                                                       A:EF X:01 Y:03 S:FA P:NvUBdIzc 
     $D1DA:9D D9 01  STA $01D9,X @ $01DA = #$F0                                     A:F0 X:01 Y:03 S:FA P:NvUBdIzc 
     $D1DD:86 D0     STX $00D0 = #$02                                               A:F0 X:01 Y:03 S:FA P:NvUBdIzc 
     $D1DF:CA        DEX                                                            A:F0 X:01 Y:03 S:FA P:NvUBdIzc 
     $D1E0:10 A1     BPL $D183                                                      A:F0 X:00 Y:03 S:FA P:nvUBdIZc 
     $D183:BD F4 05  LDA $05F4,X @ $05F4 = #$00                                     A:F0 X:00 Y:03 S:FA P:nvUBdIZc 
     $D186:18        CLC                                                            A:00 X:00 Y:03 S:FA P:nvUBdIZc 
     $D187:69 F5     ADC #$F5                                                       A:00 X:00 Y:03 S:FA P:nvUBdIZc 
     $D189:9D A9 01  STA $01A9,X @ $01A9 = #$F5                                     A:F5 X:00 Y:03 S:FA P:NvUBdIzc 
     $D18C:BD FA 05  LDA $05FA,X @ $05FA = #$00                                     A:F5 X:00 Y:03 S:FA P:NvUBdIzc 
     $D18F:18        CLC                                                            A:00 X:00 Y:03 S:FA P:nvUBdIZc 
     $D190:69 F5     ADC #$F5                                                       A:00 X:00 Y:03 S:FA P:nvUBdIZc 
     $D192:9D BF 01  STA $01BF,X @ $01BF = #$F5                                     A:F5 X:00 Y:03 S:FA P:NvUBdIzc 
     $D195:AD 1A 05  LDA $051A = #$2F                                               A:F5 X:00 Y:03 S:FA P:NvUBdIzc 
     $D198:DD 2F D2  CMP $D22F,X @ $D22F = #$01                                     A:2F X:00 Y:03 S:FA P:nvUBdIzc 
     $D19B:A9 F3     LDA #$F3                                                       A:2F X:00 Y:03 S:FA P:nvUBdIzC 
     $D19D:69 00     ADC #$00                                                       A:F3 X:00 Y:03 S:FA P:NvUBdIzC 
     $D19F:9D C9 01  STA $01C9,X @ $01C9 = #$F4                                     A:F4 X:00 Y:03 S:FA P:NvUBdIzc 
     $D1A2:AD 1B 05  LDA $051B = #$00                                               A:F4 X:00 Y:03 S:FA P:NvUBdIzc 
     $D1A5:DD 2F D2  CMP $D22F,X @ $D22F = #$01                                     A:00 X:00 Y:03 S:FA P:nvUBdIZc 
     $D1A8:A9 F3     LDA #$F3                                                       A:00 X:00 Y:03 S:FA P:NvUBdIzc 
     $D1AA:69 00     ADC #$00                                                       A:F3 X:00 Y:03 S:FA P:NvUBdIzc 
     $D1AC:9D DF 01  STA $01DF,X @ $01DF = #$F4                                     A:F3 X:00 Y:03 S:FA P:NvUBdIzc 
     $D1AF:E0 05     CPX #$05                                                       A:F3 X:00 Y:03 S:FA P:NvUBdIzc 
     $D1B1:B0 2A     BCS $D1DD                                                      A:F3 X:00 Y:03 S:FA P:NvUBdIzc 
     $D1B3:A9 F1     LDA #$F1                                                       A:F3 X:00 Y:03 S:FA P:NvUBdIzc 
     $D1B5:E4 11     CPX $0011 = #$03                                               A:F1 X:00 Y:03 S:FA P:NvUBdIzc 
     $D1B7:B0 06     BCS $D1BF                                                      A:F1 X:00 Y:03 S:FA P:NvUBdIzc 
     $D1B9:A4 11     LDY $0011 = #$03                                               A:F1 X:00 Y:03 S:FA P:NvUBdIzc 
     $D1BB:30 02     BMI $D1BF                                                      A:F1 X:00 Y:03 S:FA P:nvUBdIzc 
     $D1BD:A9 EF     LDA #$EF                                                       A:F1 X:00 Y:03 S:FA P:nvUBdIzc 
     $D1BF:9D B0 01  STA $01B0,X @ $01B0 = #$EF                                     A:EF X:00 Y:03 S:FA P:NvUBdIzc 
     $D1C2:18        CLC                                                            A:EF X:00 Y:03 S:FA P:NvUBdIzc 
     $D1C3:69 01     ADC #$01                                                       A:EF X:00 Y:03 S:FA P:NvUBdIzc 
     $D1C5:9D D0 01  STA $01D0,X @ $01D0 = #$F0                                     A:F0 X:00 Y:03 S:FA P:NvUBdIzc 
     $D1C8:A9 F1     LDA #$F1                                                       A:F0 X:00 Y:03 S:FA P:NvUBdIzc 
     $D1CA:E4 12     CPX $0012 = #$03                                               A:F1 X:00 Y:03 S:FA P:NvUBdIzc 
     $D1CC:B0 06     BCS $D1D4                                                      A:F1 X:00 Y:03 S:FA P:NvUBdIzc 
     $D1CE:A4 12     LDY $0012 = #$03                                               A:F1 X:00 Y:03 S:FA P:NvUBdIzc 
     $D1D0:30 02     BMI $D1D4                                                      A:F1 X:00 Y:03 S:FA P:nvUBdIzc 
     $D1D2:A9 EF     LDA #$EF                                                       A:F1 X:00 Y:03 S:FA P:nvUBdIzc 
     $D1D4:9D B9 01  STA $01B9,X @ $01B9 = #$EF                                     A:EF X:00 Y:03 S:FA P:NvUBdIzc 
     $D1D7:18        CLC                                                            A:EF X:00 Y:03 S:FA P:NvUBdIzc 
     $D1D8:69 01     ADC #$01                                                       A:EF X:00 Y:03 S:FA P:NvUBdIzc 
     $D1DA:9D D9 01  STA $01D9,X @ $01D9 = #$F0                                     A:F0 X:00 Y:03 S:FA P:NvUBdIzc 
     $D1DD:86 D0     STX $00D0 = #$01                                               A:F0 X:00 Y:03 S:FA P:NvUBdIzc 
     $D1DF:CA        DEX                                                            A:F0 X:00 Y:03 S:FA P:NvUBdIzc 
     $D1E0:10 A1     BPL $D183                                                      A:F0 X:FF Y:03 S:FA P:NvUBdIzc 
     $D1E2:60        RTS (from $8000) ----------------------------------------------A:F0 X:FF Y:03 S:FA P:NvUBdIzc 
   $FFDF:A4 2D     LDY $002D = #$00                                               A:F0 X:FF Y:03 S:FC P:NvUBdIzc 
   $FFE1:68        PLA                                                            A:F0 X:FF Y:00 S:FC P:nvUBdIZc 
  $FFE2:85 13     STA $0013 = #$48                                               A:06 X:FF Y:00 S:FD P:nvUBdIzc 
  $FFE4:B9 B3 FF  LDA $FFB3,Y @ $FFB3 = #$00                                     A:06 X:FF Y:00 S:FD P:nvUBdIzc 
  $FFE7:99 B3 FF  STA $FFB3,Y @ $FFB3 = #$00                                     A:00 X:FF Y:00 S:FD P:nvUBdIZc 
  $FFEA:60        RTS (from $FFCB) ----------------------------------------------A:00 X:FF Y:00 S:FD P:nvUBdIZc 
$848D:4C A5 84  JMP $84A5                                                      A:00 X:FF Y:00 S:FF P:nvUBdIZc 
$84A5:A5 95     LDA $0095 = #$83                                               A:00 X:FF Y:00 S:FF P:nvUBdIZc 
$84A7:C9 80     CMP #$80                                                       A:83 X:FF Y:00 S:FF P:NvUBdIzc 
$84A9:D0 03     BNE $84AE                                                      A:83 X:FF Y:00 S:FF P:nvUBdIzC 
$84AE:A4 DC     LDY $00DC = #$00                                               A:83 X:FF Y:00 S:FF P:nvUBdIzC 
$84B0:F0 4E     BEQ $8500                                                      A:83 X:FF Y:00 S:FF P:nvUBdIZC 
$8500:20 05 87  JSR $8705                                                      A:83 X:FF Y:00 S:FF P:nvUBdIZC 
  $8705:E6 0B     INC $000B = #$6F                                               A:83 X:FF Y:00 S:FD P:nvUBdIZC 
  $8707:A5 0B     LDA $000B = #$70                                               A:83 X:FF Y:00 S:FD P:nvUBdIzC 
  $8709:29 01     AND #$01                                                       A:70 X:FF Y:00 S:FD P:nvUBdIzC 
  $870B:D0 02     BNE $870F                                                      A:00 X:FF Y:00 S:FD P:nvUBdIZC 
  $870D:E6 0C     INC $000C = #$37                                               A:00 X:FF Y:00 S:FD P:nvUBdIZC 
  $870F:60        RTS (from $8705) ----------------------------------------------A:00 X:FF Y:00 S:FD P:nvUBdIzC 
$8503:4C 16 87  JMP $8716                                                      A:00 X:FF Y:00 S:FF P:nvUBdIzC 
$8716:A5 09     LDA $0009 = #$10                                               A:00 X:FF Y:00 S:FF P:nvUBdIzC 
$8718:09 80     ORA #$80                                                       A:10 X:FF Y:00 S:FF P:nvUBdIzC 
$871A:85 09     STA $0009 = #$10                                               A:90 X:FF Y:00 S:FF P:NvUBdIzC 
$871C:8D 00 20  STA $2000 = #$90                                               A:90 X:FF Y:00 S:FF P:NvUBdIzC 
$871F:20 28 87  JSR $8728                                                      A:90 X:FF Y:00 S:FF P:NvUBdIzC 
  $8728:A2 03     LDX #$03                                                       A:90 X:FF Y:00 S:FD P:NvUBdIzC 
  $872A:B5 25     LDA $25,X @ $0028 = #$FD                                       A:90 X:03 Y:00 S:FD P:nvUBdIzC 
  $872C:65 0B     ADC $000B = #$70                                               A:FD X:03 Y:00 S:FD P:NvUBdIzC 
  $872E:ED FD 03  SBC $03FD = #$F7                                               A:6E X:03 Y:00 S:FD P:nvUBdIzC 
  $8731:4D 57 04  EOR $0457 = #$50                                               A:77 X:03 Y:00 S:FD P:nvUBdIzc 
  $8734:55 26     EOR $26,X @ $0029 = #$0F                                       A:27 X:03 Y:00 S:FD P:nvUBdIzc 
  $8736:F5 24     SBC $24,X @ $0027 = #$0E                                       A:28 X:03 Y:00 S:FD P:nvUBdIzc 
  $8738:7D 1B 04  ADC $041B,X @ $041E = #$C4                                     A:19 X:03 Y:00 S:FD P:nvUBdIzC 
  $873B:65 0B     ADC $000B = #$70                                               A:DE X:03 Y:00 S:FD P:NvUBdIzc 
  $873D:95 25     STA $25,X @ $0028 = #$FD                                       A:4E X:03 Y:00 S:FD P:nvUBdIzC 
  $873F:CA        DEX                                                            A:4E X:03 Y:00 S:FD P:nvUBdIzC 
  $8740:10 E8     BPL $872A                                                      A:4E X:02 Y:00 S:FD P:nvUBdIzC 
  $872A:B5 25     LDA $25,X @ $0027 = #$0E                                       A:4E X:02 Y:00 S:FD P:nvUBdIzC 
  $872C:65 0B     ADC $000B = #$70                                               A:0E X:02 Y:00 S:FD P:nvUBdIzC 
  $872E:ED FD 03  SBC $03FD = #$F7                                               A:7F X:02 Y:00 S:FD P:nvUBdIzc 
  $8731:4D 57 04  EOR $0457 = #$50                                               A:87 X:02 Y:00 S:FD P:NVUBdIzc 
  $8734:55 26     EOR $26,X @ $0028 = #$4E                                       A:D7 X:02 Y:00 S:FD P:NVUBdIzc 
  $8736:F5 24     SBC $24,X @ $0026 = #$74                                       A:99 X:02 Y:00 S:FD P:NVUBdIzc 
  $8738:7D 1B 04  ADC $041B,X @ $041D = #$C4                                     A:24 X:02 Y:00 S:FD P:nVUBdIzC 
  $873B:65 0B     ADC $000B = #$70                                               A:E9 X:02 Y:00 S:FD P:NvUBdIzc 
  $873D:95 25     STA $25,X @ $0027 = #$0E                                       A:59 X:02 Y:00 S:FD P:nvUBdIzC 
  $873F:CA        DEX                                                            A:59 X:02 Y:00 S:FD P:nvUBdIzC 
  $8740:10 E8     BPL $872A                                                      A:59 X:01 Y:00 S:FD P:nvUBdIzC 
  $872A:B5 25     LDA $25,X @ $0026 = #$74                                       A:59 X:01 Y:00 S:FD P:nvUBdIzC 
  $872C:65 0B     ADC $000B = #$70                                               A:74 X:01 Y:00 S:FD P:nvUBdIzC 
  $872E:ED FD 03  SBC $03FD = #$F7                                               A:E5 X:01 Y:00 S:FD P:NVUBdIzc 
  $8731:4D 57 04  EOR $0457 = #$50                                               A:ED X:01 Y:00 S:FD P:NvUBdIzc 
  $8734:55 26     EOR $26,X @ $0027 = #$59                                       A:BD X:01 Y:00 S:FD P:NvUBdIzc 
  $8736:F5 24     SBC $24,X @ $0025 = #$7A                                       A:E4 X:01 Y:00 S:FD P:NvUBdIzc 
  $8738:7D 1B 04  ADC $041B,X @ $041C = #$C4                                     A:69 X:01 Y:00 S:FD P:nVUBdIzC 
  $873B:65 0B     ADC $000B = #$70                                               A:2E X:01 Y:00 S:FD P:nvUBdIzC 
  $873D:95 25     STA $25,X @ $0026 = #$74                                       A:9F X:01 Y:00 S:FD P:NVUBdIzc 
  $873F:CA        DEX                                                            A:9F X:01 Y:00 S:FD P:NVUBdIzc 
  $8740:10 E8     BPL $872A                                                      A:9F X:00 Y:00 S:FD P:nVUBdIZc 
  $872A:B5 25     LDA $25,X @ $0025 = #$7A                                       A:9F X:00 Y:00 S:FD P:nVUBdIZc 
  $872C:65 0B     ADC $000B = #$70                                               A:7A X:00 Y:00 S:FD P:nVUBdIzc 
  $872E:ED FD 03  SBC $03FD = #$F7                                               A:EA X:00 Y:00 S:FD P:NVUBdIzc 
  $8731:4D 57 04  EOR $0457 = #$50                                               A:F2 X:00 Y:00 S:FD P:NvUBdIzc 
  $8734:55 26     EOR $26,X @ $0026 = #$9F                                       A:A2 X:00 Y:00 S:FD P:NvUBdIzc 
  $8736:F5 24     SBC $24,X @ $0024 = #$83                                       A:3D X:00 Y:00 S:FD P:nvUBdIzc 
  $8738:7D 1B 04  ADC $041B,X @ $041B = #$E4                                     A:B9 X:00 Y:00 S:FD P:NVUBdIzc 
  $873B:65 0B     ADC $000B = #$70                                               A:9D X:00 Y:00 S:FD P:NvUBdIzC 
  $873D:95 25     STA $25,X @ $0025 = #$7A                                       A:0E X:00 Y:00 S:FD P:nvUBdIzC 
  $873F:CA        DEX                                                            A:0E X:00 Y:00 S:FD P:nvUBdIzC 
  $8740:10 E8     BPL $872A                                                      A:0E X:FF Y:00 S:FD P:NvUBdIzC 
  $8742:60        RTS (from $8728) ----------------------------------------------A:0E X:FF Y:00 S:FD P:NvUBdIzC 
$8722:20 43 87  JSR $8743                                                      A:0E X:FF Y:00 S:FF P:NvUBdIzC 
  $8743:A5 25     LDA $0025 = #$0E                                               A:0E X:FF Y:00 S:FD P:NvUBdIzC 
  $8745:45 28     EOR $0028 = #$4E                                               A:0E X:FF Y:00 S:FD P:nvUBdIzC 
  $8747:65 27     ADC $0027 = #$59                                               A:40 X:FF Y:00 S:FD P:nvUBdIzC 
  $8749:85 26     STA $0026 = #$9F                                               A:9A X:FF Y:00 S:FD P:NVUBdIzc 
  $874B:A5 27     LDA $0027 = #$59                                               A:9A X:FF Y:00 S:FD P:NVUBdIzc 
  $874D:2A        ROL                                                            A:59 X:FF Y:00 S:FD P:nVUBdIzc 
  $874E:E5 28     SBC $0028 = #$4E                                               A:B2 X:FF Y:00 S:FD P:NVUBdIzc 
  $8750:85 27     STA $0027 = #$59                                               A:63 X:FF Y:00 S:FD P:nVUBdIzC 
  $8752:45 26     EOR $0026 = #$9A                                               A:63 X:FF Y:00 S:FD P:nVUBdIzC 
  $8754:85 25     STA $0025 = #$0E                                               A:F9 X:FF Y:00 S:FD P:NVUBdIzC 
  $8756:60        RTS (from $8743) ----------------------------------------------A:F9 X:FF Y:00 S:FD P:NVUBdIzC 
$8725:4C 1F 87  JMP $871F                                                      A:F9 X:FF Y:00 S:FF P:NVUBdIzC 
$871F:20 28 87  JSR $8728                                                      A:F9 X:FF Y:00 S:FF P:NVUBdIzC 
  $8728:A2 03     LDX #$03                                                       A:F9 X:FF Y:00 S:FD P:NVUBdIzC 
  $872A:B5 25     LDA $25,X @ $0028 = #$4E                                       A:F9 X:03 Y:00 S:FD P:nVUBdIzC 
  $872C:65 0B     ADC $000B = #$70                                               A:4E X:03 Y:00 S:FD P:nVUBdIzC 
  $872E:ED FD 03  SBC $03FD = #$F7                                               A:BF X:03 Y:00 S:FD P:NVUBdIzc 
  $8731:4D 57 04  EOR $0457 = #$50                                               A:C7 X:03 Y:00 S:FD P:NvUBdIzc 
  $8734:55 26     EOR $26,X @ $0029 = #$0F                                       A:97 X:03 Y:00 S:FD P:NvUBdIzc 
  $8736:F5 24     SBC $24,X @ $0027 = #$63                                       A:98 X:03 Y:00 S:FD P:NvUBdIzc 
  $8738:7D 1B 04  ADC $041B,X @ $041E = #$C4                                     A:34 X:03 Y:00 S:FD P:nVUBdIzC 
  $873B:65 0B     ADC $000B = #$70                                               A:F9 X:03 Y:00 S:FD P:NvUBdIzc 
  $873D:95 25     STA $25,X @ $0028 = #$4E                                       A:69 X:03 Y:00 S:FD P:nvUBdIzC 
  $873F:CA        DEX                                                            A:69 X:03 Y:00 S:FD P:nvUBdIzC 
  $8740:10 E8     BPL $872A                                                      A:69 X:02 Y:00 S:FD P:nvUBdIzC 
  $872A:B5 25     LDA $25,X @ $0027 = #$63                                       A:69 X:02 Y:00 S:FD P:nvUBdIzC 
  $872C:65 0B     ADC $000B = #$70                                               A:63 X:02 Y:00 S:FD P:nvUBdIzC 
  $872E:ED FD 03  SBC $03FD = #$F7                                               A:D4 X:02 Y:00 S:FD P:NVUBdIzc 
  $8731:4D 57 04  EOR $0457 = #$50                                               A:DC X:02 Y:00 S:FD P:NvUBdIzc 
  $8734:55 26     EOR $26,X @ $0028 = #$69                                       A:8C X:02 Y:00 S:FD P:NvUBdIzc 
  $8736:F5 24     SBC $24,X @ $0026 = #$9A                                       A:E5 X:02 Y:00 S:FD P:NvUBdIzc 
  $8738:7D 1B 04  ADC $041B,X @ $041D = #$C4                                     A:4A X:02 Y:00 S:FD P:nvUBdIzC 
  $873B:65 0B     ADC $000B = #$70                                               A:0F X:02 Y:00 S:FD P:nvUBdIzC 
  $873D:95 25     STA $25,X @ $0027 = #$63                                       A:80 X:02 Y:00 S:FD P:NVUBdIzc 
  $873F:CA        DEX                                                            A:80 X:02 Y:00 S:FD P:NVUBdIzc 
  $8740:10 E8     BPL $872A                                                      A:80 X:01 Y:00 S:FD P:nVUBdIzc 
  $872A:B5 25     LDA $25,X @ $0026 = #$9A                                       A:80 X:01 Y:00 S:FD P:nVUBdIzc 
  $872C:65 0B     ADC $000B = #$70                                               A:9A X:01 Y:00 S:FD P:NVUBdIzc 
  $872E:ED FD 03  SBC $03FD = #$F7                                               A:0A X:01 Y:00 S:FD P:nvUBdIzC 
  $8731:4D 57 04  EOR $0457 = #$50                                               A:13 X:01 Y:00 S:FD P:nvUBdIzc 
  $8734:55 26     EOR $26,X @ $0027 = #$80                                       A:43 X:01 Y:00 S:FD P:nvUBdIzc 
  $8736:F5 24     SBC $24,X @ $0025 = #$F9                                       A:C3 X:01 Y:00 S:FD P:NvUBdIzc 
  $8738:7D 1B 04  ADC $041B,X @ $041C = #$C4                                     A:C9 X:01 Y:00 S:FD P:NvUBdIzc 
  $873B:65 0B     ADC $000B = #$70                                               A:8D X:01 Y:00 S:FD P:NvUBdIzC 
  $873D:95 25     STA $25,X @ $0026 = #$9A                                       A:FE X:01 Y:00 S:FD P:NvUBdIzc 
  $873F:CA        DEX                                                            A:FE X:01 Y:00 S:FD P:NvUBdIzc 
  $8740:10 E8     BPL $872A                                                      A:FE X:00 Y:00 S:FD P:nvUBdIZc 
  $872A:B5 25     LDA $25,X @ $0025 = #$F9                                       A:FE X:00 Y:00 S:FD P:nvUBdIZc 
  $872C:65 0B     ADC $000B = #$70                                               A:F9 X:00 Y:00 S:FD P:NvUBdIzc 
  $872E:ED FD 03  SBC $03FD = #$F7                                               A:69 X:00 Y:00 S:FD P:nvUBdIzC 
  $8731:4D 57 04  EOR $0457 = #$50                                               A:72 X:00 Y:00 S:FD P:nvUBdIzc 
  $8734:55 26     EOR $26,X @ $0026 = #$FE                                       A:22 X:00 Y:00 S:FD P:nvUBdIzc 
  $8736:F5 24     SBC $24,X @ $0024 = #$83                                       A:DC X:00 Y:00 S:FD P:NvUBdIzc 
  $8738:7D 1B 04  ADC $041B,X @ $041B = #$E4                                     A:58 X:00 Y:00 S:FD P:nvUBdIzC 
  $873B:65 0B     ADC $000B = #$70                                               A:3D X:00 Y:00 S:FD P:nvUBdIzC 
  $873D:95 25     STA $25,X @ $0025 = #$F9                                       A:AE X:00 Y:00 S:FD P:NVUBdIzc 
  $873F:CA        DEX                                                            A:AE X:00 Y:00 S:FD P:NVUBdIzc 
  $8740:10 E8     BPL $872A                                                      A:AE X:FF Y:00 S:FD P:NVUBdIzc 
  $8742:60        RTS (from $8728) ----------------------------------------------A:AE X:FF Y:00 S:FD P:NVUBdIzc 
$8722:20 43 87  JSR $8743                                                      A:AE X:FF Y:00 S:FF P:NVUBdIzc 
  $8743:A5 25     LDA $0025 = #$AE                                               A:AE X:FF Y:00 S:FD P:NVUBdIzc 
  $8745:45 28     EOR $0028 = #$69                                               A:AE X:FF Y:00 S:FD P:NVUBdIzc 
  $8747:65 27     ADC $0027 = #$80                                               A:C7 X:FF Y:00 S:FD P:NVUBdIzc 
  $8749:85 26     STA $0026 = #$FE                                               A:47 X:FF Y:00 S:FD P:nVUBdIzC 
  $874B:A5 27     LDA $0027 = #$80                                               A:47 X:FF Y:00 S:FD P:nVUBdIzC 
  $874D:2A        ROL                                                            A:80 X:FF Y:00 S:FD P:NVUBdIzC 
  $874E:E5 28     SBC $0028 = #$69                                               A:01 X:FF Y:00 S:FD P:nVUBdIzC 
  $8750:85 27     STA $0027 = #$80                                               A:98 X:FF Y:00 S:FD P:NvUBdIzc 
  $8752:45 26     EOR $0026 = #$47                                               A:98 X:FF Y:00 S:FD P:NvUBdIzc 
  $8754:85 25     STA $0025 = #$AE                                               A:DF X:FF Y:00 S:FD P:NvUBdIzc 
  $8756:60        RTS (from $8743) ----------------------------------------------A:DF X:FF Y:00 S:FD P:NvUBdIzc 
$8725:4C 1F 87  JMP $871F                                                      A:DF X:FF Y:00 S:FF P:NvUBdIzc 
$871F:20 28 87  JSR $8728                                                      A:DF X:FF Y:00 S:FF P:NvUBdIzc 
  $8728:A2 03     LDX #$03                                                       A:DF X:FF Y:00 S:FD P:NvUBdIzc 
  $872A:B5 25     LDA $25,X @ $0028 = #$69                                       A:DF X:03 Y:00 S:FD P:nvUBdIzc 
  $872C:65 0B     ADC $000B = #$70                                               A:69 X:03 Y:00 S:FD P:nvUBdIzc 
  $872E:ED FD 03  SBC $03FD = #$F7                                               A:D9 X:03 Y:00 S:FD P:NVUBdIzc 
  $8731:4D 57 04  EOR $0457 = #$50                                               A:E1 X:03 Y:00 S:FD P:NvUBdIzc 
  $8734:55 26     EOR $26,X @ $0029 = #$0F                                       A:B1 X:03 Y:00 S:FD P:NvUBdIzc 
  $8736:F5 24     SBC $24,X @ $0027 = #$98                                       A:BE X:03 Y:00 S:FD P:NvUBdIzc 
  $8738:7D 1B 04  ADC $041B,X @ $041E = #$C4                                     A:25 X:03 Y:00 S:FD P:nvUBdIzC 
  $873B:65 0B     ADC $000B = #$70                                               A:EA X:03 Y:00 S:FD P:NvUBdIzc 
  $873D:95 25     STA $25,X @ $0028 = #$69                                       A:5A X:03 Y:00 S:FD P:nvUBdIzC 
  $873F:CA        DEX                                                            A:5A X:03 Y:00 S:FD P:nvUBdIzC 
  $8740:10 E8     BPL $872A                                                      A:5A X:02 Y:00 S:FD P:nvUBdIzC 
  $872A:B5 25     LDA $25,X @ $0027 = #$98                                       A:5A X:02 Y:00 S:FD P:nvUBdIzC 
  $872C:65 0B     ADC $000B = #$70                                               A:98 X:02 Y:00 S:FD P:NvUBdIzC 
  $872E:ED FD 03  SBC $03FD = #$F7                                               A:09 X:02 Y:00 S:FD P:nvUBdIzC 
  $8731:4D 57 04  EOR $0457 = #$50                                               A:12 X:02 Y:00 S:FD P:nvUBdIzc 
  $8734:55 26     EOR $26,X @ $0028 = #$5A                                       A:42 X:02 Y:00 S:FD P:nvUBdIzc 
  $8736:F5 24     SBC $24,X @ $0026 = #$47                                       A:18 X:02 Y:00 S:FD P:nvUBdIzc 
  $8738:7D 1B 04  ADC $041B,X @ $041D = #$C4                                     A:D0 X:02 Y:00 S:FD P:NvUBdIzc 
  $873B:65 0B     ADC $000B = #$70                                               A:94 X:02 Y:00 S:FD P:NvUBdIzC 
  $873D:95 25     STA $25,X @ $0027 = #$98                                       A:05 X:02 Y:00 S:FD P:nvUBdIzC 
  $873F:CA        DEX                                                            A:05 X:02 Y:00 S:FD P:nvUBdIzC 
  $8740:10 E8     BPL $872A                                                      A:05 X:01 Y:00 S:FD P:nvUBdIzC 
  $872A:B5 25     LDA $25,X @ $0026 = #$47                                       A:05 X:01 Y:00 S:FD P:nvUBdIzC 
  $872C:65 0B     ADC $000B = #$70                                               A:47 X:01 Y:00 S:FD P:nvUBdIzC 
  $872E:ED FD 03  SBC $03FD = #$F7                                               A:B8 X:01 Y:00 S:FD P:NVUBdIzc 
  $8731:4D 57 04  EOR $0457 = #$50                                               A:C0 X:01 Y:00 S:FD P:NvUBdIzc 
  $8734:55 26     EOR $26,X @ $0027 = #$05                                       A:90 X:01 Y:00 S:FD P:NvUBdIzc 
  $8736:F5 24     SBC $24,X @ $0025 = #$DF                                       A:95 X:01 Y:00 S:FD P:NvUBdIzc 
  $8738:7D 1B 04  ADC $041B,X @ $041C = #$C4                                     A:B5 X:01 Y:00 S:FD P:NvUBdIzc 
  $873B:65 0B     ADC $000B = #$70                                               A:79 X:01 Y:00 S:FD P:nVUBdIzC 
  $873D:95 25     STA $25,X @ $0026 = #$47                                       A:EA X:01 Y:00 S:FD P:NVUBdIzc 
  $873F:CA        DEX                                                            A:EA X:01 Y:00 S:FD P:NVUBdIzc 
  $8740:10 E8     BPL $872A                                                      A:EA X:00 Y:00 S:FD P:nVUBdIZc 
  $872A:B5 25     LDA $25,X @ $0025 = #$DF                                       A:EA X:00 Y:00 S:FD P:nVUBdIZc 
  $872C:65 0B     ADC $000B = #$70                                               A:DF X:00 Y:00 S:FD P:NVUBdIzc 
  $872E:ED FD 03  SBC $03FD = #$F7                                               A:4F X:00 Y:00 S:FD P:nvUBdIzC 
  $8731:4D 57 04  EOR $0457 = #$50                                               A:58 X:00 Y:00 S:FD P:nvUBdIzc 
  $8734:55 26     EOR $26,X @ $0026 = #$EA                                       A:08 X:00 Y:00 S:FD P:nvUBdIzc 
  $8736:F5 24     SBC $24,X @ $0024 = #$83                                       A:E2 X:00 Y:00 S:FD P:NvUBdIzc 
  $8738:7D 1B 04  ADC $041B,X @ $041B = #$E4                                     A:5E X:00 Y:00 S:FD P:nvUBdIzC 
  $873B:65 0B     ADC $000B = #$70                                               A:43 X:00 Y:00 S:FD P:nvUBdIzC 
  $873D:95 25     STA $25,X @ $0025 = #$DF                                       A:B4 X:00 Y:00 S:FD P:NVUBdIzc 
  $873F:CA        DEX                                                            A:B4 X:00 Y:00 S:FD P:NVUBdIzc 
  $8740:10 E8     BPL $872A                                                      A:B4 X:FF Y:00 S:FD P:NVUBdIzc 
  $8742:60        RTS (from $8728) ----------------------------------------------A:B4 X:FF Y:00 S:FD P:NVUBdIzc 
$8722:20 43 87  JSR $8743                                                      A:B4 X:FF Y:00 S:FF P:NVUBdIzc 
  $8743:A5 25     LDA $0025 = #$B4                                               A:B4 X:FF Y:00 S:FD P:NVUBdIzc 
  $8745:45 28     EOR $0028 = #$5A                                               A:B4 X:FF Y:00 S:FD P:NVUBdIzc 
  $8747:65 27     ADC $0027 = #$05                                               A:EE X:FF Y:00 S:FD P:NVUBdIzc 
  $8749:85 26     STA $0026 = #$EA                                               A:F3 X:FF Y:00 S:FD P:NvUBdIzc 
  $874B:A5 27     LDA $0027 = #$05                                               A:F3 X:FF Y:00 S:FD P:NvUBdIzc 
  $874D:2A        ROL                                                            A:05 X:FF Y:00 S:FD P:nvUBdIzc 
  $874E:E5 28     SBC $0028 = #$5A                                               A:0A X:FF Y:00 S:FD P:nvUBdIzc 
  $8750:85 27     STA $0027 = #$05                                               A:AF X:FF Y:00 S:FD P:NvUBdIzc 
  $8752:45 26     EOR $0026 = #$F3                                               A:AF X:FF Y:00 S:FD P:NvUBdIzc 
  $8754:85 25     STA $0025 = #$B4                                               A:5C X:FF Y:00 S:FD P:nvUBdIzc 
  $8756:60        RTS (from $8743) ----------------------------------------------A:5C X:FF Y:00 S:FD P:nvUBdIzc 
$8725:4C 1F 87  JMP $871F                                                      A:5C X:FF Y:00 S:FF P:nvUBdIzc 
$871F:20 28 87  JSR $8728                                                      A:5C X:FF Y:00 S:FF P:nvUBdIzc 
  $8728:A2 03     LDX #$03                                                       A:5C X:FF Y:00 S:FD P:nvUBdIzc 
  $872A:B5 25     LDA $25,X @ $0028 = #$5A                                       A:5C X:03 Y:00 S:FD P:nvUBdIzc 
  $872C:65 0B     ADC $000B = #$70                                               A:5A X:03 Y:00 S:FD P:nvUBdIzc 
  $872E:ED FD 03  SBC $03FD = #$F7                                               A:CA X:03 Y:00 S:FD P:NVUBdIzc 
  $8731:4D 57 04  EOR $0457 = #$50                                               A:D2 X:03 Y:00 S:FD P:NvUBdIzc 
  $8734:55 26     EOR $26,X @ $0029 = #$0F                                       A:82 X:03 Y:00 S:FD P:NvUBdIzc 
  $8736:F5 24     SBC $24,X @ $0027 = #$AF                                       A:8D X:03 Y:00 S:FD P:NvUBdIzc 
  $8738:7D 1B 04  ADC $041B,X @ $041E = #$C4                                     A:DD X:03 Y:00 S:FD P:NvUBdIzc 
  $873B:65 0B     ADC $000B = #$70                                               A:A1 X:03 Y:00 S:FD P:NvUBdIzC 
  $873D:95 25     STA $25,X @ $0028 = #$5A                                       A:12 X:03 Y:00 S:FD P:nvUBdIzC 
  $873F:CA        DEX                                                            A:12 X:03 Y:00 S:FD P:nvUBdIzC 
  $8740:10 E8     BPL $872A                                                      A:12 X:02 Y:00 S:FD P:nvUBdIzC 
  $872A:B5 25     LDA $25,X @ $0027 = #$AF                                       A:12 X:02 Y:00 S:FD P:nvUBdIzC 
  $872C:65 0B     ADC $000B = #$70                                               A:AF X:02 Y:00 S:FD P:NvUBdIzC 
  $872E:ED FD 03  SBC $03FD = #$F7                                               A:20 X:02 Y:00 S:FD P:nvUBdIzC 
  $8731:4D 57 04  EOR $0457 = #$50                                               A:29 X:02 Y:00 S:FD P:nvUBdIzc 
  $8734:55 26     EOR $26,X @ $0028 = #$12                                       A:79 X:02 Y:00 S:FD P:nvUBdIzc 
  $8736:F5 24     SBC $24,X @ $0026 = #$F3                                       A:6B X:02 Y:00 S:FD P:nvUBdIzc 
  $8738:7D 1B 04  ADC $041B,X @ $041D = #$C4                                     A:77 X:02 Y:00 S:FD P:nvUBdIzc 
  $873B:65 0B     ADC $000B = #$70                                               A:3B X:02 Y:00 S:FD P:nvUBdIzC 
  $873D:95 25     STA $25,X @ $0027 = #$AF                                       A:AC X:02 Y:00 S:FD P:NVUBdIzc 
  $873F:CA        DEX                                                            A:AC X:02 Y:00 S:FD P:NVUBdIzc 
  $8740:10 E8     BPL $872A                                                      A:AC X:01 Y:00 S:FD P:nVUBdIzc 
  $872A:B5 25     LDA $25,X @ $0026 = #$F3                                       A:AC X:01 Y:00 S:FD P:nVUBdIzc 
  $872C:65 0B     ADC $000B = #$70                                               A:F3 X:01 Y:00 S:FD P:NVUBdIzc 
  $872E:ED FD 03  SBC $03FD = #$F7                                               A:63 X:01 Y:00 S:FD P:nvUBdIzC 
  $8731:4D 57 04  EOR $0457 = #$50                                               A:6C X:01 Y:00 S:FD P:nvUBdIzc 
  $8734:55 26     EOR $26,X @ $0027 = #$AC                                       A:3C X:01 Y:00 S:FD P:nvUBdIzc 
  $8736:F5 24     SBC $24,X @ $0025 = #$5C                                       A:90 X:01 Y:00 S:FD P:NvUBdIzc 
  $8738:7D 1B 04  ADC $041B,X @ $041C = #$C4                                     A:33 X:01 Y:00 S:FD P:nVUBdIzC 
  $873B:65 0B     ADC $000B = #$70                                               A:F8 X:01 Y:00 S:FD P:NvUBdIzc 
  $873D:95 25     STA $25,X @ $0026 = #$F3                                       A:68 X:01 Y:00 S:FD P:nvUBdIzC 
  $873F:CA        DEX                                                            A:68 X:01 Y:00 S:FD P:nvUBdIzC 
  $8740:10 E8     BPL $872A                                                      A:68 X:00 Y:00 S:FD P:nvUBdIZC 
  $872A:B5 25     LDA $25,X @ $0025 = #$5C                                       A:68 X:00 Y:00 S:FD P:nvUBdIZC 
  $872C:65 0B     ADC $000B = #$70                                               A:5C X:00 Y:00 S:FD P:nvUBdIzC 
  $872E:ED FD 03  SBC $03FD = #$F7                                               A:CD X:00 Y:00 S:FD P:NVUBdIzc 
  $8731:4D 57 04  EOR $0457 = #$50                                               A:D5 X:00 Y:00 S:FD P:NvUBdIzc 
  $8734:55 26     EOR $26,X @ $0026 = #$68                                       A:85 X:00 Y:00 S:FD P:NvUBdIzc 
  $8736:F5 24     SBC $24,X @ $0024 = #$83                                       A:ED X:00 Y:00 S:FD P:NvUBdIzc 
  $8738:7D 1B 04  ADC $041B,X @ $041B = #$E4                                     A:69 X:00 Y:00 S:FD P:nvUBdIzC 
  $873B:65 0B     ADC $000B = #$70                                               A:4E X:00 Y:00 S:FD P:nvUBdIzC 
  $873D:95 25     STA $25,X @ $0025 = #$5C                                       A:BF X:00 Y:00 S:FD P:NVUBdIzc 
  $873F:CA        DEX                                                            A:BF X:00 Y:00 S:FD P:NVUBdIzc 
  $8740:10 E8     BPL $872A                                                      A:BF X:FF Y:00 S:FD P:NVUBdIzc 
  $8742:60        RTS (from $8728) ----------------------------------------------A:BF X:FF Y:00 S:FD P:NVUBdIzc 
$8722:20 43 87  JSR $8743                                                      A:BF X:FF Y:00 S:FF P:NVUBdIzc 
  $8743:A5 25     LDA $0025 = #$BF                                               A:BF X:FF Y:00 S:FD P:NVUBdIzc 
  $8745:45 28     EOR $0028 = #$12                                               A:BF X:FF Y:00 S:FD P:NVUBdIzc 
  $8747:65 27     ADC $0027 = #$AC                                               A:AD X:FF Y:00 S:FD P:NVUBdIzc 
  $8749:85 26     STA $0026 = #$68                                               A:59 X:FF Y:00 S:FD P:nVUBdIzC 
  $874B:A5 27     LDA $0027 = #$AC                                               A:59 X:FF Y:00 S:FD P:nVUBdIzC 
  $874D:2A        ROL                                                            A:AC X:FF Y:00 S:FD P:NVUBdIzC 
  $874E:E5 28     SBC $0028 = #$12                                               A:59 X:FF Y:00 S:FD P:nVUBdIzC 
  $8750:85 27     STA $0027 = #$AC                                               A:47 X:FF Y:00 S:FD P:nvUBdIzC 
  $8752:45 26     EOR $0026 = #$59                                               A:47 X:FF Y:00 S:FD P:nvUBdIzC 
  $8754:85 25     STA $0025 = #$BF                                               A:1E X:FF Y:00 S:FD P:nvUBdIzC 
  $8756:60        RTS (from $8743) ----------------------------------------------A:1E X:FF Y:00 S:FD P:nvUBdIzC 
$8725:4C 1F 87  JMP $871F                                                      A:1E X:FF Y:00 S:FF P:nvUBdIzC 
$871F:20 28 87  JSR $8728                                                      A:1E X:FF Y:00 S:FF P:nvUBdIzC 
  $8728:A2 03     LDX #$03                                                       A:1E X:FF Y:00 S:FD P:nvUBdIzC 
  $872A:B5 25     LDA $25,X @ $0028 = #$12                                       A:1E X:03 Y:00 S:FD P:nvUBdIzC 
  $872C:65 0B     ADC $000B = #$70                                               A:12 X:03 Y:00 S:FD P:nvUBdIzC 
  $872E:ED FD 03  SBC $03FD = #$F7                                               A:83 X:03 Y:00 S:FD P:NVUBdIzc 
  $8731:4D 57 04  EOR $0457 = #$50                                               A:8B X:03 Y:00 S:FD P:NvUBdIzc 
  $8734:55 26     EOR $26,X @ $0029 = #$0F                                       A:DB X:03 Y:00 S:FD P:NvUBdIzc 
  $8736:F5 24     SBC $24,X @ $0027 = #$47                                       A:D4 X:03 Y:00 S:FD P:NvUBdIzc 
  $8738:7D 1B 04  ADC $041B,X @ $041E = #$C4                                     A:8C X:03 Y:00 S:FD P:NvUBdIzC 
  $873B:65 0B     ADC $000B = #$70                                               A:51 X:03 Y:00 S:FD P:nVUBdIzC 
  $873D:95 25     STA $25,X @ $0028 = #$12                                       A:C2 X:03 Y:00 S:FD P:NVUBdIzc 
  $873F:CA        DEX                                                            A:C2 X:03 Y:00 S:FD P:NVUBdIzc 
  $8740:10 E8     BPL $872A                                                      A:C2 X:02 Y:00 S:FD P:nVUBdIzc 
  $872A:B5 25     LDA $25,X @ $0027 = #$47                                       A:C2 X:02 Y:00 S:FD P:nVUBdIzc 
  $872C:65 0B     ADC $000B = #$70                                               A:47 X:02 Y:00 S:FD P:nVUBdIzc 
  $872E:ED FD 03  SBC $03FD = #$F7                                               A:B7 X:02 Y:00 S:FD P:NVUBdIzc 
  $8731:4D 57 04  EOR $0457 = #$50                                               A:BF X:02 Y:00 S:FD P:NvUBdIzc 
  $8734:55 26     EOR $26,X @ $0028 = #$C2                                       A:EF X:02 Y:00 S:FD P:NvUBdIzc 
  $8736:F5 24     SBC $24,X @ $0026 = #$59                                       A:2D X:02 Y:00 S:FD P:nvUBdIzc 
  $8738:7D 1B 04  ADC $041B,X @ $041D = #$C4                                     A:D3 X:02 Y:00 S:FD P:NvUBdIzc 
  $873B:65 0B     ADC $000B = #$70                                               A:97 X:02 Y:00 S:FD P:NvUBdIzC 
  $873D:95 25     STA $25,X @ $0027 = #$47                                       A:08 X:02 Y:00 S:FD P:nvUBdIzC 
  $873F:CA        DEX                                                            A:08 X:02 Y:00 S:FD P:nvUBdIzC 
  $8740:10 E8     BPL $872A                                                      A:08 X:01 Y:00 S:FD P:nvUBdIzC 
  $872A:B5 25     LDA $25,X @ $0026 = #$59                                       A:08 X:01 Y:00 S:FD P:nvUBdIzC 
  $872C:65 0B     ADC $000B = #$70                                               A:59 X:01 Y:00 S:FD P:nvUBdIzC 
  $872E:ED FD 03  SBC $03FD = #$F7                                               A:CA X:01 Y:00 S:FD P:NVUBdIzc 
  $8731:4D 57 04  EOR $0457 = #$50                                               A:D2 X:01 Y:00 S:FD P:NvUBdIzc 
  $8734:55 26     EOR $26,X @ $0027 = #$08                                       A:82 X:01 Y:00 S:FD P:NvUBdIzc 
  $8736:F5 24     SBC $24,X @ $0025 = #$1E                                       A:8A X:01 Y:00 S:FD P:NvUBdIzc 
  $8738:7D 1B 04  ADC $041B,X @ $041C = #$C4                                     A:6B X:01 Y:00 S:FD P:nVUBdIzC 
  $873B:65 0B     ADC $000B = #$70                                               A:30 X:01 Y:00 S:FD P:nvUBdIzC 
  $873D:95 25     STA $25,X @ $0026 = #$59                                       A:A1 X:01 Y:00 S:FD P:NVUBdIzc 
  $873F:CA        DEX                                                            A:A1 X:01 Y:00 S:FD P:NVUBdIzc 
  $8740:10 E8     BPL $872A                                                      A:A1 X:00 Y:00 S:FD P:nVUBdIZc 
  $872A:B5 25     LDA $25,X @ $0025 = #$1E                                       A:A1 X:00 Y:00 S:FD P:nVUBdIZc 
  $872C:65 0B     ADC $000B = #$70                                               A:1E X:00 Y:00 S:FD P:nVUBdIzc 
  $872E:ED FD 03  SBC $03FD = #$F7                                               A:8E X:00 Y:00 S:FD P:NVUBdIzc 
  $8731:4D 57 04  EOR $0457 = #$50                                               A:96 X:00 Y:00 S:FD P:NvUBdIzc 
  $8734:55 26     EOR $26,X @ $0026 = #$A1                                       A:C6 X:00 Y:00 S:FD P:NvUBdIzc 
  $8736:F5 24     SBC $24,X @ $0024 = #$83                                       A:67 X:00 Y:00 S:FD P:nvUBdIzc 
  $8738:7D 1B 04  ADC $041B,X @ $041B = #$E4                                     A:E3 X:00 Y:00 S:FD P:NVUBdIzc 
  $873B:65 0B     ADC $000B = #$70                                               A:C7 X:00 Y:00 S:FD P:NvUBdIzC 
  $873D:95 25     STA $25,X @ $0025 = #$1E                                       A:38 X:00 Y:00 S:FD P:nvUBdIzC 
  $873F:CA        DEX                                                            A:38 X:00 Y:00 S:FD P:nvUBdIzC 
  $8740:10 E8     BPL $872A                                                      A:38 X:FF Y:00 S:FD P:NvUBdIzC 
  $8742:60        RTS (from $8728) ----------------------------------------------A:38 X:FF Y:00 S:FD P:NvUBdIzC 
$8722:20 43 87  JSR $8743                                                      A:38 X:FF Y:00 S:FF P:NvUBdIzC 
  $8743:A5 25     LDA $0025 = #$38                                               A:38 X:FF Y:00 S:FD P:NvUBdIzC 
  $8745:45 28     EOR $0028 = #$C2                                               A:38 X:FF Y:00 S:FD P:nvUBdIzC 
  $8747:65 27     ADC $0027 = #$08                                               A:FA X:FF Y:00 S:FD P:NvUBdIzC 
  $8749:85 26     STA $0026 = #$A1                                               A:03 X:FF Y:00 S:FD P:nvUBdIzC 
  $874B:A5 27     LDA $0027 = #$08                                               A:03 X:FF Y:00 S:FD P:nvUBdIzC 
  $874D:2A        ROL                                                            A:08 X:FF Y:00 S:FD P:nvUBdIzC 
  $874E:E5 28     SBC $0028 = #$C2                                               A:11 X:FF Y:00 S:FD P:nvUBdIzc 
  $8750:85 27     STA $0027 = #$08                                               A:4E X:FF Y:00 S:FD P:nvUBdIzc 
  $8752:45 26     EOR $0026 = #$03                                               A:4E X:FF Y:00 S:FD P:nvUBdIzc 
  $8754:85 25     STA $0025 = #$38                                               A:4D X:FF Y:00 S:FD P:nvUBdIzc 
  $8756:60        RTS (from $8743) ----------------------------------------------A:4D X:FF Y:00 S:FD P:nvUBdIzc 
$8725:4C 1F 87  JMP $871F                                                      A:4D X:FF Y:00 S:FF P:nvUBdIzc 
$871F:20 28 87  JSR $8728                                                      A:4D X:FF Y:00 S:FF P:nvUBdIzc 
  $8728:A2 03     LDX #$03                                                       A:4D X:FF Y:00 S:FD P:nvUBdIzc 
  $872A:B5 25     LDA $25,X @ $0028 = #$C2                                       A:4D X:03 Y:00 S:FD P:nvUBdIzc 
  $872C:65 0B     ADC $000B = #$70                                               A:C2 X:03 Y:00 S:FD P:NvUBdIzc 
  $872E:ED FD 03  SBC $03FD = #$F7                                               A:32 X:03 Y:00 S:FD P:nvUBdIzC 
  $8731:4D 57 04  EOR $0457 = #$50                                               A:3B X:03 Y:00 S:FD P:nvUBdIzc 
  $8734:55 26     EOR $26,X @ $0029 = #$0F                                       A:6B X:03 Y:00 S:FD P:nvUBdIzc 
  $8736:F5 24     SBC $24,X @ $0027 = #$4E                                       A:64 X:03 Y:00 S:FD P:nvUBdIzc 
  $8738:7D 1B 04  ADC $041B,X @ $041E = #$C4                                     A:15 X:03 Y:00 S:FD P:nvUBdIzC 
  $873B:65 0B     ADC $000B = #$70                                               A:DA X:03 Y:00 S:FD P:NvUBdIzc 
  $873D:95 25     STA $25,X @ $0028 = #$C2                                       A:4A X:03 Y:00 S:FD P:nvUBdIzC 
  $873F:CA        DEX                                                            A:4A X:03 Y:00 S:FD P:nvUBdIzC 
  $8740:10 E8     BPL $872A                                                      A:4A X:02 Y:00 S:FD P:nvUBdIzC 
  $872A:B5 25     LDA $25,X @ $0027 = #$4E                                       A:4A X:02 Y:00 S:FD P:nvUBdIzC 
  $872C:65 0B     ADC $000B = #$70                                               A:4E X:02 Y:00 S:FD P:nvUBdIzC 
  $872E:ED FD 03  SBC $03FD = #$F7                                               A:BF X:02 Y:00 S:FD P:NVUBdIzc 
  $8731:4D 57 04  EOR $0457 = #$50                                               A:C7 X:02 Y:00 S:FD P:NvUBdIzc 
  $8734:55 26     EOR $26,X @ $0028 = #$4A                                       A:97 X:02 Y:00 S:FD P:NvUBdIzc 
  $8736:F5 24     SBC $24,X @ $0026 = #$03                                       A:DD X:02 Y:00 S:FD P:NvUBdIzc 
  $8738:7D 1B 04  ADC $041B,X @ $041D = #$C4                                     A:D9 X:02 Y:00 S:FD P:NvUBdIzC 
  $873B:65 0B     ADC $000B = #$70                                               A:9E X:02 Y:00 S:FD P:NvUBdIzC 
  $873D:95 25     STA $25,X @ $0027 = #$4E                                       A:0F X:02 Y:00 S:FD P:nvUBdIzC 
  $873F:CA        DEX                                                            A:0F X:02 Y:00 S:FD P:nvUBdIzC 
  $8740:10 E8     BPL $872A                                                      A:0F X:01 Y:00 S:FD P:nvUBdIzC 
  $872A:B5 25     LDA $25,X @ $0026 = #$03                                       A:0F X:01 Y:00 S:FD P:nvUBdIzC 
  $872C:65 0B     ADC $000B = #$70                                               A:03 X:01 Y:00 S:FD P:nvUBdIzC 
  $872E:ED FD 03  SBC $03FD = #$F7                                               A:74 X:01 Y:00 S:FD P:nvUBdIzc 
  $8731:4D 57 04  EOR $0457 = #$50                                               A:7C X:01 Y:00 S:FD P:nvUBdIzc 
  $8734:55 26     EOR $26,X @ $0027 = #$0F                                       A:2C X:01 Y:00 S:FD P:nvUBdIzc 
  $8736:F5 24     SBC $24,X @ $0025 = #$4D                                       A:23 X:01 Y:00 S:FD P:nvUBdIzc 
  $8738:7D 1B 04  ADC $041B,X @ $041C = #$C4                                     A:D5 X:01 Y:00 S:FD P:NvUBdIzc 
  $873B:65 0B     ADC $000B = #$70                                               A:99 X:01 Y:00 S:FD P:NvUBdIzC 
  $873D:95 25     STA $25,X @ $0026 = #$03                                       A:0A X:01 Y:00 S:FD P:nvUBdIzC 
  $873F:CA        DEX                                                            A:0A X:01 Y:00 S:FD P:nvUBdIzC 
  $8740:10 E8     BPL $872A                                                      A:0A X:00 Y:00 S:FD P:nvUBdIZC 
  $872A:B5 25     LDA $25,X @ $0025 = #$4D                                       A:0A X:00 Y:00 S:FD P:nvUBdIZC 
  $872C:65 0B     ADC $000B = #$70                                               A:4D X:00 Y:00 S:FD P:nvUBdIzC 
  $872E:ED FD 03  SBC $03FD = #$F7                                               A:BE X:00 Y:00 S:FD P:NVUBdIzc 
  $8731:4D 57 04  EOR $0457 = #$50                                               A:C6 X:00 Y:00 S:FD P:NvUBdIzc 
  $8734:55 26     EOR $26,X @ $0026 = #$0A                                       A:96 X:00 Y:00 S:FD P:NvUBdIzc 
  $8736:F5 24     SBC $24,X @ $0024 = #$83                                       A:9C X:00 Y:00 S:FD P:NvUBdIzc 
  $8738:7D 1B 04  ADC $041B,X @ $041B = #$E4                                     A:18 X:00 Y:00 S:FD P:nvUBdIzC 
  $873B:65 0B     ADC $000B = #$70                                               A:FD X:00 Y:00 S:FD P:NvUBdIzc 
  $873D:95 25     STA $25,X @ $0025 = #$4D                                       A:6D X:00 Y:00 S:FD P:nvUBdIzC 
  $873F:CA        DEX                                                            A:6D X:00 Y:00 S:FD P:nvUBdIzC 
  $8740:10 E8     BPL $872A                                                      A:6D X:FF Y:00 S:FD P:NvUBdIzC 
  $8742:60        RTS (from $8728) ----------------------------------------------A:6D X:FF Y:00 S:FD P:NvUBdIzC 
$8722:20 43 87  JSR $8743                                                      A:6D X:FF Y:00 S:FF P:NvUBdIzC 
  $8743:A5 25     LDA $0025 = #$6D                                               A:6D X:FF Y:00 S:FD P:NvUBdIzC 
  $8745:45 28     EOR $0028 = #$4A                                               A:6D X:FF Y:00 S:FD P:nvUBdIzC 
  $8747:65 27     ADC $0027 = #$0F                                               A:27 X:FF Y:00 S:FD P:nvUBdIzC 
  $8749:85 26     STA $0026 = #$0A                                               A:37 X:FF Y:00 S:FD P:nvUBdIzc 
  $874B:A5 27     LDA $0027 = #$0F                                               A:37 X:FF Y:00 S:FD P:nvUBdIzc 
  $874D:2A        ROL                                                            A:0F X:FF Y:00 S:FD P:nvUBdIzc 
  $874E:E5 28     SBC $0028 = #$4A                                               A:1E X:FF Y:00 S:FD P:nvUBdIzc 
  $8750:85 27     STA $0027 = #$0F                                               A:D3 X:FF Y:00 S:FD P:NvUBdIzc 
  $8752:45 26     EOR $0026 = #$37                                               A:D3 X:FF Y:00 S:FD P:NvUBdIzc 
  $8754:85 25     STA $0025 = #$6D                                               A:E4 X:FF Y:00 S:FD P:NvUBdIzc 
  $8756:60        RTS (from $8743) ----------------------------------------------A:E4 X:FF Y:00 S:FD P:NvUBdIzc 
$8725:4C 1F 87  JMP $871F                                                      A:E4 X:FF Y:00 S:FF P:NvUBdIzc 
$871F:20 28 87  JSR $8728                                                      A:E4 X:FF Y:00 S:FF P:NvUBdIzc 
  $8728:A2 03     LDX #$03                                                       A:E4 X:FF Y:00 S:FD P:NvUBdIzc 
  $872A:B5 25     LDA $25,X @ $0028 = #$4A                                       A:E4 X:03 Y:00 S:FD P:nvUBdIzc 
  $872C:65 0B     ADC $000B = #$70                                               A:4A X:03 Y:00 S:FD P:nvUBdIzc 
  $872E:ED FD 03  SBC $03FD = #$F7                                               A:BA X:03 Y:00 S:FD P:NVUBdIzc 
  $8731:4D 57 04  EOR $0457 = #$50                                               A:C2 X:03 Y:00 S:FD P:NvUBdIzc 
  $8734:55 26     EOR $26,X @ $0029 = #$0F                                       A:92 X:03 Y:00 S:FD P:NvUBdIzc 
  $8736:F5 24     SBC $24,X @ $0027 = #$D3                                       A:9D X:03 Y:00 S:FD P:NvUBdIzc 
  $8738:7D 1B 04  ADC $041B,X @ $041E = #$C4                                     A:C9 X:03 Y:00 S:FD P:NvUBdIzc 
  $873B:65 0B     ADC $000B = #$70                                               A:8D X:03 Y:00 S:FD P:NvUBdIzC 
  $873D:95 25     STA $25,X @ $0028 = #$4A                                       A:FE X:03 Y:00 S:FD P:NvUBdIzc 
  $873F:CA        DEX                                                            A:FE X:03 Y:00 S:FD P:NvUBdIzc 
  $8740:10 E8     BPL $872A                                                      A:FE X:02 Y:00 S:FD P:nvUBdIzc 
  $872A:B5 25     LDA $25,X @ $0027 = #$D3                                       A:FE X:02 Y:00 S:FD P:nvUBdIzc 
  $872C:65 0B     ADC $000B = #$70                                               A:D3 X:02 Y:00 S:FD P:NvUBdIzc 
  $872E:ED FD 03  SBC $03FD = #$F7                                               A:43 X:02 Y:00 S:FD P:nvUBdIzC 
  $8731:4D 57 04  EOR $0457 = #$50                                               A:4C X:02 Y:00 S:FD P:nvUBdIzc 
  $8734:55 26     EOR $26,X @ $0028 = #$FE                                       A:1C X:02 Y:00 S:FD P:nvUBdIzc 
  $8736:F5 24     SBC $24,X @ $0026 = #$37                                       A:E2 X:02 Y:00 S:FD P:NvUBdIzc 
  $8738:7D 1B 04  ADC $041B,X @ $041D = #$C4                                     A:AA X:02 Y:00 S:FD P:NvUBdIzC 
  $873B:65 0B     ADC $000B = #$70                                               A:6F X:02 Y:00 S:FD P:nVUBdIzC 
  $873D:95 25     STA $25,X @ $0027 = #$D3                                       A:E0 X:02 Y:00 S:FD P:NVUBdIzc 
  $873F:CA        DEX                                                            A:E0 X:02 Y:00 S:FD P:NVUBdIzc 
  $8740:10 E8     BPL $872A                                                      A:E0 X:01 Y:00 S:FD P:nVUBdIzc 
  $872A:B5 25     LDA $25,X @ $0026 = #$37                                       A:E0 X:01 Y:00 S:FD P:nVUBdIzc 
  $872C:65 0B     ADC $000B = #$70                                               A:37 X:01 Y:00 S:FD P:nVUBdIzc 
  $872E:ED FD 03  SBC $03FD = #$F7                                               A:A7 X:01 Y:00 S:FD P:NVUBdIzc 
  $8731:4D 57 04  EOR $0457 = #$50                                               A:AF X:01 Y:00 S:FD P:NvUBdIzc 
  $8734:55 26     EOR $26,X @ $0027 = #$E0                                       A:FF X:01 Y:00 S:FD P:NvUBdIzc 
  $8736:F5 24     SBC $24,X @ $0025 = #$E4                                       A:1F X:01 Y:00 S:FD P:nvUBdIzc 
  $8738:7D 1B 04  ADC $041B,X @ $041C = #$C4                                     A:3A X:01 Y:00 S:FD P:nvUBdIzc 
  $873B:65 0B     ADC $000B = #$70                                               A:FE X:01 Y:00 S:FD P:NvUBdIzc 
  $873D:95 25     STA $25,X @ $0026 = #$37                                       A:6E X:01 Y:00 S:FD P:nvUBdIzC 
  $873F:CA        DEX                                                            A:6E X:01 Y:00 S:FD P:nvUBdIzC 
  $8740:10 E8     BPL $872A                                                      A:6E X:00 Y:00 S:FD P:nvUBdIZC 
  $872A:B5 25     LDA $25,X @ $0025 = #$E4                                       A:6E X:00 Y:00 S:FD P:nvUBdIZC 
  $872C:65 0B     ADC $000B = #$70                                               A:E4 X:00 Y:00 S:FD P:NvUBdIzC 
  $872E:ED FD 03  SBC $03FD = #$F7                                               A:55 X:00 Y:00 S:FD P:nvUBdIzC 
  $8731:4D 57 04  EOR $0457 = #$50                                               A:5E X:00 Y:00 S:FD P:nvUBdIzc 
  $8734:55 26     EOR $26,X @ $0026 = #$6E                                       A:0E X:00 Y:00 S:FD P:nvUBdIzc 
  $8736:F5 24     SBC $24,X @ $0024 = #$83                                       A:60 X:00 Y:00 S:FD P:nvUBdIzc 
  $8738:7D 1B 04  ADC $041B,X @ $041B = #$E4                                     A:DC X:00 Y:00 S:FD P:NVUBdIzc 
  $873B:65 0B     ADC $000B = #$70                                               A:C0 X:00 Y:00 S:FD P:NvUBdIzC 
  $873D:95 25     STA $25,X @ $0025 = #$E4                                       A:31 X:00 Y:00 S:FD P:nvUBdIzC 
  $873F:CA        DEX                                                            A:31 X:00 Y:00 S:FD P:nvUBdIzC 
  $8740:10 E8     BPL $872A                                                      A:31 X:FF Y:00 S:FD P:NvUBdIzC 
  $8742:60        RTS (from $8728) ----------------------------------------------A:31 X:FF Y:00 S:FD P:NvUBdIzC 
$8722:20 43 87  JSR $8743                                                      A:31 X:FF Y:00 S:FF P:NvUBdIzC 
  $8743:A5 25     LDA $0025 = #$31                                               A:31 X:FF Y:00 S:FD P:NvUBdIzC 
  $8745:45 28     EOR $0028 = #$FE                                               A:31 X:FF Y:00 S:FD P:nvUBdIzC 
  $8747:65 27     ADC $0027 = #$E0                                               A:CF X:FF Y:00 S:FD P:NvUBdIzC 
  $8749:85 26     STA $0026 = #$6E                                               A:B0 X:FF Y:00 S:FD P:NvUBdIzC 
  $874B:A5 27     LDA $0027 = #$E0                                               A:B0 X:FF Y:00 S:FD P:NvUBdIzC 
  $874D:2A        ROL                                                            A:E0 X:FF Y:00 S:FD P:NvUBdIzC 
  $874E:E5 28     SBC $0028 = #$FE                                               A:C1 X:FF Y:00 S:FD P:NvUBdIzC 
  $8750:85 27     STA $0027 = #$E0                                               A:C3 X:FF Y:00 S:FD P:NvUBdIzc 
  $8752:45 26     EOR $0026 = #$B0                                               A:C3 X:FF Y:00 S:FD P:NvUBdIzc 
  $8754:85 25     STA $0025 = #$31                                               A:73 X:FF Y:00 S:FD P:nvUBdIzc 
  $8756:60        RTS (from $8743) ----------------------------------------------A:73 X:FF Y:00 S:FD P:nvUBdIzc 
$8725:4C 1F 87  JMP $871F                                                      A:73 X:FF Y:00 S:FF P:nvUBdIzc 
$871F:20 28 87  JSR $8728                                                      A:73 X:FF Y:00 S:FF P:nvUBdIzc 
  $8728:A2 03     LDX #$03                                                       A:73 X:FF Y:00 S:FD P:nvUBdIzc 
  $872A:B5 25     LDA $25,X @ $0028 = #$FE                                       A:73 X:03 Y:00 S:FD P:nvUBdIzc 
  $872C:65 0B     ADC $000B = #$70                                               A:FE X:03 Y:00 S:FD P:NvUBdIzc 
  $872E:ED FD 03  SBC $03FD = #$F7                                               A:6E X:03 Y:00 S:FD P:nvUBdIzC 
  $8731:4D 57 04  EOR $0457 = #$50                                               A:77 X:03 Y:00 S:FD P:nvUBdIzc 
  $8734:55 26     EOR $26,X @ $0029 = #$0F                                       A:27 X:03 Y:00 S:FD P:nvUBdIzc 
  $8736:F5 24     SBC $24,X @ $0027 = #$C3                                       A:28 X:03 Y:00 S:FD P:nvUBdIzc 
  $8738:7D 1B 04  ADC $041B,X @ $041E = #$C4                                     A:64 X:03 Y:00 S:FD P:nvUBdIzc 
  $873B:65 0B     ADC $000B = #$70                                               A:28 X:03 Y:00 S:FD P:nvUBdIzC 
  $873D:95 25     STA $25,X @ $0028 = #$FE                                       A:99 X:03 Y:00 S:FD P:NVUBdIzc 
  $873F:CA        DEX                                                            A:99 X:03 Y:00 S:FD P:NVUBdIzc 
  $8740:10 E8     BPL $872A                                                      A:99 X:02 Y:00 S:FD P:nVUBdIzc 
  $872A:B5 25     LDA $25,X @ $0027 = #$C3                                       A:99 X:02 Y:00 S:FD P:nVUBdIzc 
  $872C:65 0B     ADC $000B = #$70                                               A:C3 X:02 Y:00 S:FD P:NVUBdIzc 
  $872E:ED FD 03  SBC $03FD = #$F7                                               A:33 X:02 Y:00 S:FD P:nvUBdIzC 
  $8731:4D 57 04  EOR $0457 = #$50                                               A:3C X:02 Y:00 S:FD P:nvUBdIzc 
  $8734:55 26     EOR $26,X @ $0028 = #$99                                       A:6C X:02 Y:00 S:FD P:nvUBdIzc 
  $8736:F5 24     SBC $24,X @ $0026 = #$B0                                       A:F5 X:02 Y:00 S:FD P:NvUBdIzc 
  $8738:7D 1B 04  ADC $041B,X @ $041D = #$C4                                     A:44 X:02 Y:00 S:FD P:nvUBdIzC 
  $873B:65 0B     ADC $000B = #$70                                               A:09 X:02 Y:00 S:FD P:nvUBdIzC 
  $873D:95 25     STA $25,X @ $0027 = #$C3                                       A:7A X:02 Y:00 S:FD P:nvUBdIzc 
  $873F:CA        DEX                                                            A:7A X:02 Y:00 S:FD P:nvUBdIzc 
  $8740:10 E8     BPL $872A                                                      A:7A X:01 Y:00 S:FD P:nvUBdIzc 
  $872A:B5 25     LDA $25,X @ $0026 = #$B0                                       A:7A X:01 Y:00 S:FD P:nvUBdIzc 
  $872C:65 0B     ADC $000B = #$70                                               A:B0 X:01 Y:00 S:FD P:NvUBdIzc 
  $872E:ED FD 03  SBC $03FD = #$F7                                               A:20 X:01 Y:00 S:FD P:nvUBdIzC 
  $8731:4D 57 04  EOR $0457 = #$50                                               A:29 X:01 Y:00 S:FD P:nvUBdIzc 
  $8734:55 26     EOR $26,X @ $0027 = #$7A                                       A:79 X:01 Y:00 S:FD P:nvUBdIzc 
  $8736:F5 24     SBC $24,X @ $0025 = #$73                                       A:03 X:01 Y:00 S:FD P:nvUBdIzc 
  $8738:7D 1B 04  ADC $041B,X @ $041C = #$C4                                     A:8F X:01 Y:00 S:FD P:NvUBdIzc 
  $873B:65 0B     ADC $000B = #$70                                               A:53 X:01 Y:00 S:FD P:nVUBdIzC 
  $873D:95 25     STA $25,X @ $0026 = #$B0                                       A:C4 X:01 Y:00 S:FD P:NVUBdIzc 
  $873F:CA        DEX                                                            A:C4 X:01 Y:00 S:FD P:NVUBdIzc 
  $8740:10 E8     BPL $872A                                                      A:C4 X:00 Y:00 S:FD P:nVUBdIZc 
  $872A:B5 25     LDA $25,X @ $0025 = #$73                                       A:C4 X:00 Y:00 S:FD P:nVUBdIZc 
  $872C:65 0B     ADC $000B = #$70                                               A:73 X:00 Y:00 S:FD P:nVUBdIzc 
  $872E:ED FD 03  SBC $03FD = #$F7                                               A:E3 X:00 Y:00 S:FD P:NVUBdIzc 
  $8731:4D 57 04  EOR $0457 = #$50                                               A:EB X:00 Y:00 S:FD P:NvUBdIzc 
  $8734:55 26     EOR $26,X @ $0026 = #$C4                                       A:BB X:00 Y:00 S:FD P:NvUBdIzc 
  $8736:F5 24     SBC $24,X @ $0024 = #$83                                       A:7F X:00 Y:00 S:FD P:nvUBdIzc 
  $8738:7D 1B 04  ADC $041B,X @ $041B = #$E4                                     A:FB X:00 Y:00 S:FD P:NVUBdIzc 
  $873B:65 0B     ADC $000B = #$70                                               A:DF X:00 Y:00 S:FD P:NvUBdIzC 
  $873D:95 25     STA $25,X @ $0025 = #$73                                       A:50 X:00 Y:00 S:FD P:nvUBdIzC 
  $873F:CA        DEX                                                            A:50 X:00 Y:00 S:FD P:nvUBdIzC 
  $8740:10 E8     BPL $872A                                                      A:50 X:FF Y:00 S:FD P:NvUBdIzC 
  $8742:60        RTS (from $8728) ----------------------------------------------A:50 X:FF Y:00 S:FD P:NvUBdIzC 
$8722:20 43 87  JSR $8743                                                      A:50 X:FF Y:00 S:FF P:NvUBdIzC 
  $8743:A5 25     LDA $0025 = #$50                                               A:50 X:FF Y:00 S:FD P:NvUBdIzC 
  $8745:45 28     EOR $0028 = #$99                                               A:50 X:FF Y:00 S:FD P:nvUBdIzC 
  $8747:65 27     ADC $0027 = #$7A                                               A:C9 X:FF Y:00 S:FD P:NvUBdIzC 
  $8749:85 26     STA $0026 = #$C4                                               A:44 X:FF Y:00 S:FD P:nvUBdIzC 
  $874B:A5 27     LDA $0027 = #$7A                                               A:44 X:FF Y:00 S:FD P:nvUBdIzC 
  $874D:2A        ROL                                                            A:7A X:FF Y:00 S:FD P:nvUBdIzC 
  $874E:E5 28     SBC $0028 = #$99                                               A:F5 X:FF Y:00 S:FD P:NvUBdIzc 
  $8750:85 27     STA $0027 = #$7A                                               A:5B X:FF Y:00 S:FD P:nvUBdIzC 
  $8752:45 26     EOR $0026 = #$44                                               A:5B X:FF Y:00 S:FD P:nvUBdIzC 
  $8754:85 25     STA $0025 = #$50                                               A:1F X:FF Y:00 S:FD P:nvUBdIzC 
  $8756:60        RTS (from $8743) ----------------------------------------------A:1F X:FF Y:00 S:FD P:nvUBdIzC 
$8725:4C 1F 87  JMP $871F                                                      A:1F X:FF Y:00 S:FF P:nvUBdIzC 
$871F:20 28 87  JSR $8728                                                      A:1F X:FF Y:00 S:FF P:nvUBdIzC 
  $8728:A2 03     LDX #$03                                                       A:1F X:FF Y:00 S:FD P:nvUBdIzC 
  $872A:B5 25     LDA $25,X @ $0028 = #$99                                       A:1F X:03 Y:00 S:FD P:nvUBdIzC 
  $872C:65 0B     ADC $000B = #$70                                               A:99 X:03 Y:00 S:FD P:NvUBdIzC 
  $872E:ED FD 03  SBC $03FD = #$F7                                               A:0A X:03 Y:00 S:FD P:nvUBdIzC 
  $8731:4D 57 04  EOR $0457 = #$50                                               A:13 X:03 Y:00 S:FD P:nvUBdIzc 
  $8734:55 26     EOR $26,X @ $0029 = #$0F                                       A:43 X:03 Y:00 S:FD P:nvUBdIzc 
  $8736:F5 24     SBC $24,X @ $0027 = #$5B                                       A:4C X:03 Y:00 S:FD P:nvUBdIzc 
  $8738:7D 1B 04  ADC $041B,X @ $041E = #$C4                                     A:F0 X:03 Y:00 S:FD P:NvUBdIzc 
  $873B:65 0B     ADC $000B = #$70                                               A:B4 X:03 Y:00 S:FD P:NvUBdIzC 
  $873D:95 25     STA $25,X @ $0028 = #$99                                       A:25 X:03 Y:00 S:FD P:nvUBdIzC 
  $873F:CA        DEX                                                            A:25 X:03 Y:00 S:FD P:nvUBdIzC 
  $8740:10 E8     BPL $872A                                                      A:25 X:02 Y:00 S:FD P:nvUBdIzC 
  $872A:B5 25     LDA $25,X @ $0027 = #$5B                                       A:25 X:02 Y:00 S:FD P:nvUBdIzC 
  $872C:65 0B     ADC $000B = #$70                                               A:5B X:02 Y:00 S:FD P:nvUBdIzC 
  $872E:ED FD 03  SBC $03FD = #$F7                                               A:CC X:02 Y:00 S:FD P:NVUBdIzc 
  $8731:4D 57 04  EOR $0457 = #$50                                               A:D4 X:02 Y:00 S:FD P:NvUBdIzc 
  $8734:55 26     EOR $26,X @ $0028 = #$25                                       A:84 X:02 Y:00 S:FD P:NvUBdIzc 
  $8736:F5 24     SBC $24,X @ $0026 = #$44                                       A:A1 X:02 Y:00 S:FD P:NvUBdIzc 
  $8738:7D 1B 04  ADC $041B,X @ $041D = #$C4                                     A:5C X:02 Y:00 S:FD P:nVUBdIzC 
  $873B:65 0B     ADC $000B = #$70                                               A:21 X:02 Y:00 S:FD P:nvUBdIzC 
  $873D:95 25     STA $25,X @ $0027 = #$5B                                       A:92 X:02 Y:00 S:FD P:NVUBdIzc 
  $873F:CA        DEX                                                            A:92 X:02 Y:00 S:FD P:NVUBdIzc 
  $8740:10 E8     BPL $872A                                                      A:92 X:01 Y:00 S:FD P:nVUBdIzc 
  $872A:B5 25     LDA $25,X @ $0026 = #$44                                       A:92 X:01 Y:00 S:FD P:nVUBdIzc 
  $872C:65 0B     ADC $000B = #$70                                               A:44 X:01 Y:00 S:FD P:nVUBdIzc 
  $872E:ED FD 03  SBC $03FD = #$F7                                               A:B4 X:01 Y:00 S:FD P:NVUBdIzc 
  $8731:4D 57 04  EOR $0457 = #$50                                               A:BC X:01 Y:00 S:FD P:NvUBdIzc 
  $8734:55 26     EOR $26,X @ $0027 = #$92                                       A:EC X:01 Y:00 S:FD P:NvUBdIzc 
  $8736:F5 24     SBC $24,X @ $0025 = #$1F                                       A:7E X:01 Y:00 S:FD P:nvUBdIzc 
  $8738:7D 1B 04  ADC $041B,X @ $041C = #$C4                                     A:5E X:01 Y:00 S:FD P:nvUBdIzC 
  $873B:65 0B     ADC $000B = #$70                                               A:23 X:01 Y:00 S:FD P:nvUBdIzC 
  $873D:95 25     STA $25,X @ $0026 = #$44                                       A:94 X:01 Y:00 S:FD P:NVUBdIzc 
  $873F:CA        DEX                                                            A:94 X:01 Y:00 S:FD P:NVUBdIzc 
  $8740:10 E8     BPL $872A                                                      A:94 X:00 Y:00 S:FD P:nVUBdIZc 
  $872A:B5 25     LDA $25,X @ $0025 = #$1F                                       A:94 X:00 Y:00 S:FD P:nVUBdIZc 
  $872C:65 0B     ADC $000B = #$70                                               A:1F X:00 Y:00 S:FD P:nVUBdIzc 
  $872E:ED FD 03  SBC $03FD = #$F7                                               A:8F X:00 Y:00 S:FD P:NVUBdIzc 
  $8731:4D 57 04  EOR $0457 = #$50                                               A:97 X:00 Y:00 S:FD P:NvUBdIzc 
  $8734:55 26     EOR $26,X @ $0026 = #$94                                       A:C7 X:00 Y:00 S:FD P:NvUBdIzc 
  $8736:F5 24     SBC $24,X @ $0024 = #$83                                       A:53 X:00 Y:00 S:FD P:nvUBdIzc 
  $8738:7D 1B 04  ADC $041B,X @ $041B = #$E4                                     A:CF X:00 Y:00 S:FD P:NVUBdIzc 
  $873B:65 0B     ADC $000B = #$70                                               A:B3 X:00 Y:00 S:FD P:NvUBdIzC 
  $873D:95 25     STA $25,X @ $0025 = #$1F                                       A:24 X:00 Y:00 S:FD P:nvUBdIzC 
  $873F:CA        DEX                                                            A:24 X:00 Y:00 S:FD P:nvUBdIzC 
  $8740:10 E8     BPL $872A                                                      A:24 X:FF Y:00 S:FD P:NvUBdIzC 
  $8742:60        RTS (from $8728) ----------------------------------------------A:24 X:FF Y:00 S:FD P:NvUBdIzC 
$8722:20 43 87  JSR $8743                                                      A:24 X:FF Y:00 S:FF P:NvUBdIzC 
  $8743:A5 25     LDA $0025 = #$24                                               A:24 X:FF Y:00 S:FD P:NvUBdIzC 
  $8745:45 28     EOR $0028 = #$25                                               A:24 X:FF Y:00 S:FD P:nvUBdIzC 
  $8747:65 27     ADC $0027 = #$92                                               A:01 X:FF Y:00 S:FD P:nvUBdIzC 
  $8749:85 26     STA $0026 = #$94                                               A:94 X:FF Y:00 S:FD P:NvUBdIzc 
  $874B:A5 27     LDA $0027 = #$92                                               A:94 X:FF Y:00 S:FD P:NvUBdIzc 
  $874D:2A        ROL                                                            A:92 X:FF Y:00 S:FD P:NvUBdIzc 
  $874E:E5 28     SBC $0028 = #$25                                               A:24 X:FF Y:00 S:FD P:nvUBdIzC 
  $8750:85 27     STA $0027 = #$92                                               A:FF X:FF Y:00 S:FD P:NvUBdIzc 
  $8752:45 26     EOR $0026 = #$94                                               A:FF X:FF Y:00 S:FD P:NvUBdIzc 
  $8754:85 25     STA $0025 = #$24                                               A:6B X:FF Y:00 S:FD P:nvUBdIzc 
  $8756:60        RTS (from $8743) ----------------------------------------------A:6B X:FF Y:00 S:FD P:nvUBdIzc 
$8725:4C 1F 87  JMP $871F                                                      A:6B X:FF Y:00 S:FF P:nvUBdIzc 
$871F:20 28 87  JSR $8728                                                      A:6B X:FF Y:00 S:FF P:nvUBdIzc 
  $8728:A2 03     LDX #$03                                                       A:6B X:FF Y:00 S:FD P:nvUBdIzc 
  $872A:B5 25     LDA $25,X @ $0028 = #$25                                       A:6B X:03 Y:00 S:FD P:nvUBdIzc 
  $872C:65 0B     ADC $000B = #$70                                               A:25 X:03 Y:00 S:FD P:nvUBdIzc 
  $872E:ED FD 03  SBC $03FD = #$F7                                               A:95 X:03 Y:00 S:FD P:NVUBdIzc 
  $8731:4D 57 04  EOR $0457 = #$50                                               A:9D X:03 Y:00 S:FD P:NvUBdIzc 
  $8734:55 26     EOR $26,X @ $0029 = #$0F                                       A:CD X:03 Y:00 S:FD P:NvUBdIzc 
  $8736:F5 24     SBC $24,X @ $0027 = #$FF                                       A:C2 X:03 Y:00 S:FD P:NvUBdIzc 
  $8738:7D 1B 04  ADC $041B,X @ $041E = #$C4                                     A:C2 X:03 Y:00 S:FD P:NvUBdIzc 
  $873B:65 0B     ADC $000B = #$70                                               A:86 X:03 Y:00 S:FD P:NvUBdIzC 
  $873D:95 25     STA $25,X @ $0028 = #$25                                       A:F7 X:03 Y:00 S:FD P:NvUBdIzc 
  $873F:CA        DEX                                                            A:F7 X:03 Y:00 S:FD P:NvUBdIzc 
  $8740:10 E8     BPL $872A                                                      A:F7 X:02 Y:00 S:FD P:nvUBdIzc 
  $872A:B5 25     LDA $25,X @ $0027 = #$FF                                       A:F7 X:02 Y:00 S:FD P:nvUBdIzc 
  $872C:65 0B     ADC $000B = #$70                                               A:FF X:02 Y:00 S:FD P:NvUBdIzc 
  $872E:ED FD 03  SBC $03FD = #$F7                                               A:6F X:02 Y:00 S:FD P:nvUBdIzC 
  $8731:4D 57 04  EOR $0457 = #$50                                               A:78 X:02 Y:00 S:FD P:nvUBdIzc 
  $8734:55 26     EOR $26,X @ $0028 = #$F7                                       A:28 X:02 Y:00 S:FD P:nvUBdIzc 
  $8736:F5 24     SBC $24,X @ $0026 = #$94                                       A:DF X:02 Y:00 S:FD P:NvUBdIzc 
  $8738:7D 1B 04  ADC $041B,X @ $041D = #$C4                                     A:4A X:02 Y:00 S:FD P:nvUBdIzC 
  $873B:65 0B     ADC $000B = #$70                                               A:0F X:02 Y:00 S:FD P:nvUBdIzC 
  $873D:95 25     STA $25,X @ $0027 = #$FF                                       A:80 X:02 Y:00 S:FD P:NVUBdIzc 
  $873F:CA        DEX                                                            A:80 X:02 Y:00 S:FD P:NVUBdIzc 
  $8740:10 E8     BPL $872A                                                      A:80 X:01 Y:00 S:FD P:nVUBdIzc 
  $872A:B5 25     LDA $25,X @ $0026 = #$94                                       A:80 X:01 Y:00 S:FD P:nVUBdIzc 
  $872C:65 0B     ADC $000B = #$70                                               A:94 X:01 Y:00 S:FD P:NVUBdIzc 
  $872E:ED FD 03  SBC $03FD = #$F7                                               A:04 X:01 Y:00 S:FD P:nvUBdIzC 
  $8731:4D 57 04  EOR $0457 = #$50                                               A:0D X:01 Y:00 S:FD P:nvUBdIzc 
  $8734:55 26     EOR $26,X @ $0027 = #$80                                       A:5D X:01 Y:00 S:FD P:nvUBdIzc 
  $8736:F5 24     SBC $24,X @ $0025 = #$6B                                       A:DD X:01 Y:00 S:FD P:NvUBdIzc 
  $8738:7D 1B 04  ADC $041B,X @ $041C = #$C4                                     A:71 X:01 Y:00 S:FD P:nVUBdIzC 
  $873B:65 0B     ADC $000B = #$70                                               A:36 X:01 Y:00 S:FD P:nvUBdIzC 
  $873D:95 25     STA $25,X @ $0026 = #$94                                       A:A7 X:01 Y:00 S:FD P:NVUBdIzc 
  $873F:CA        DEX                                                            A:A7 X:01 Y:00 S:FD P:NVUBdIzc 
  $8740:10 E8     BPL $872A                                                      A:A7 X:00 Y:00 S:FD P:nVUBdIZc 
  $872A:B5 25     LDA $25,X @ $0025 = #$6B                                       A:A7 X:00 Y:00 S:FD P:nVUBdIZc 
  $872C:65 0B     ADC $000B = #$70                                               A:6B X:00 Y:00 S:FD P:nVUBdIzc 
  $872E:ED FD 03  SBC $03FD = #$F7                                               A:DB X:00 Y:00 S:FD P:NVUBdIzc 
  $8731:4D 57 04  EOR $0457 = #$50                                               A:E3 X:00 Y:00 S:FD P:NvUBdIzc 
  $8734:55 26     EOR $26,X @ $0026 = #$A7                                       A:B3 X:00 Y:00 S:FD P:NvUBdIzc 
  $8736:F5 24     SBC $24,X @ $0024 = #$83                                       A:14 X:00 Y:00 S:FD P:nvUBdIzc 
  $8738:7D 1B 04  ADC $041B,X @ $041B = #$E4                                     A:90 X:00 Y:00 S:FD P:NVUBdIzc 
  $873B:65 0B     ADC $000B = #$70                                               A:74 X:00 Y:00 S:FD P:nVUBdIzC 
  $873D:95 25     STA $25,X @ $0025 = #$6B                                       A:E5 X:00 Y:00 S:FD P:NVUBdIzc 
  $873F:CA        DEX                                                            A:E5 X:00 Y:00 S:FD P:NVUBdIzc 
  $8740:10 E8     BPL $872A                                                      A:E5 X:FF Y:00 S:FD P:NVUBdIzc 
  $8742:60        RTS (from $8728) ----------------------------------------------A:E5 X:FF Y:00 S:FD P:NVUBdIzc 
$8722:20 43 87  JSR $8743                                                      A:E5 X:FF Y:00 S:FF P:NVUBdIzc 
  $8743:A5 25     LDA $0025 = #$E5                                               A:E5 X:FF Y:00 S:FD P:NVUBdIzc 
  $8745:45 28     EOR $0028 = #$F7                                               A:E5 X:FF Y:00 S:FD P:NVUBdIzc 
  $8747:65 27     ADC $0027 = #$80                                               A:12 X:FF Y:00 S:FD P:nVUBdIzc 
  $8749:85 26     STA $0026 = #$A7                                               A:92 X:FF Y:00 S:FD P:NvUBdIzc 
  $874B:A5 27     LDA $0027 = #$80                                               A:92 X:FF Y:00 S:FD P:NvUBdIzc 
  $874D:2A        ROL                                                            A:80 X:FF Y:00 S:FD P:NvUBdIzc 
  $874E:E5 28     SBC $0028 = #$F7                                               A:00 X:FF Y:00 S:FD P:nvUBdIZC 
  $8750:85 27     STA $0027 = #$80                                               A:09 X:FF Y:00 S:FD P:nvUBdIzc 
  $8752:45 26     EOR $0026 = #$92                                               A:09 X:FF Y:00 S:FD P:nvUBdIzc 
  $8754:85 25     STA $0025 = #$E5                                               A:9B X:FF Y:00 S:FD P:NvUBdIzc 
  $8756:60        RTS (from $8743) ----------------------------------------------A:9B X:FF Y:00 S:FD P:NvUBdIzc 
$8725:4C 1F 87  JMP $871F                                                      A:9B X:FF Y:00 S:FF P:NvUBdIzc 
$871F:20 28 87  JSR $8728                                                      A:9B X:FF Y:00 S:FF P:NvUBdIzc 
  $8728:A2 03     LDX #$03                                                       A:9B X:FF Y:00 S:FD P:NvUBdIzc 
  $872A:B5 25     LDA $25,X @ $0028 = #$F7                                       A:9B X:03 Y:00 S:FD P:nvUBdIzc 
  $872C:65 0B     ADC $000B = #$70                                               A:F7 X:03 Y:00 S:FD P:NvUBdIzc 
  $872E:ED FD 03  SBC $03FD = #$F7                                               A:67 X:03 Y:00 S:FD P:nvUBdIzC 
  $8731:4D 57 04  EOR $0457 = #$50                                               A:70 X:03 Y:00 S:FD P:nvUBdIzc 
  $8734:55 26     EOR $26,X @ $0029 = #$0F                                       A:20 X:03 Y:00 S:FD P:nvUBdIzc 
  $8736:F5 24     SBC $24,X @ $0027 = #$09                                       A:2F X:03 Y:00 S:FD P:nvUBdIzc 
  $8738:7D 1B 04  ADC $041B,X @ $041E = #$C4                                     A:25 X:03 Y:00 S:FD P:nvUBdIzC 
  $873B:65 0B     ADC $000B = #$70                                               A:EA X:03 Y:00 S:FD P:NvUBdIzc 
  $873D:95 25     STA $25,X @ $0028 = #$F7                                       A:5A X:03 Y:00 S:FD P:nvUBdIzC 
  $873F:CA        DEX                                                            A:5A X:03 Y:00 S:FD P:nvUBdIzC 
  $8740:10 E8     BPL $872A                                                      A:5A X:02 Y:00 S:FD P:nvUBdIzC 
  $872A:B5 25     LDA $25,X @ $0027 = #$09                                       A:5A X:02 Y:00 S:FD P:nvUBdIzC 
  $872C:65 0B     ADC $000B = #$70                                               A:09 X:02 Y:00 S:FD P:nvUBdIzC 
  $872E:ED FD 03  SBC $03FD = #$F7                                               A:7A X:02 Y:00 S:FD P:nvUBdIzc 
  $8731:4D 57 04  EOR $0457 = #$50                                               A:82 X:02 Y:00 S:FD P:NVUBdIzc 
  $8734:55 26     EOR $26,X @ $0028 = #$5A                                       A:D2 X:02 Y:00 S:FD P:NVUBdIzc 
  $8736:F5 24     SBC $24,X @ $0026 = #$92                                       A:88 X:02 Y:00 S:FD P:NVUBdIzc 
  $8738:7D 1B 04  ADC $041B,X @ $041D = #$C4                                     A:F5 X:02 Y:00 S:FD P:NvUBdIzc 
  $873B:65 0B     ADC $000B = #$70                                               A:B9 X:02 Y:00 S:FD P:NvUBdIzC 
  $873D:95 25     STA $25,X @ $0027 = #$09                                       A:2A X:02 Y:00 S:FD P:nvUBdIzC 
  $873F:CA        DEX                                                            A:2A X:02 Y:00 S:FD P:nvUBdIzC 
  $8740:10 E8     BPL $872A                                                      A:2A X:01 Y:00 S:FD P:nvUBdIzC 
  $872A:B5 25     LDA $25,X @ $0026 = #$92                                       A:2A X:01 Y:00 S:FD P:nvUBdIzC 
  $872C:65 0B     ADC $000B = #$70                                               A:92 X:01 Y:00 S:FD P:NvUBdIzC 
  $872E:ED FD 03  SBC $03FD = #$F7                                               A:03 X:01 Y:00 S:FD P:nvUBdIzC 
  $8731:4D 57 04  EOR $0457 = #$50                                               A:0C X:01 Y:00 S:FD P:nvUBdIzc 
  $8734:55 26     EOR $26,X @ $0027 = #$2A                                       A:5C X:01 Y:00 S:FD P:nvUBdIzc 
  $8736:F5 24     SBC $24,X @ $0025 = #$9B                                       A:76 X:01 Y:00 S:FD P:nvUBdIzc 
  $8738:7D 1B 04  ADC $041B,X @ $041C = #$C4                                     A:DA X:01 Y:00 S:FD P:NVUBdIzc 
  $873B:65 0B     ADC $000B = #$70                                               A:9E X:01 Y:00 S:FD P:NvUBdIzC 
  $873D:95 25     STA $25,X @ $0026 = #$92                                       A:0F X:01 Y:00 S:FD P:nvUBdIzC 
  $873F:CA        DEX                                                            A:0F X:01 Y:00 S:FD P:nvUBdIzC 
  $8740:10 E8     BPL $872A                                                      A:0F X:00 Y:00 S:FD P:nvUBdIZC 
  $872A:B5 25     LDA $25,X @ $0025 = #$9B                                       A:0F X:00 Y:00 S:FD P:nvUBdIZC 
  $872C:65 0B     ADC $000B = #$70                                               A:9B X:00 Y:00 S:FD P:NvUBdIzC 
  $872E:ED FD 03  SBC $03FD = #$F7                                               A:0C X:00 Y:00 S:FD P:nvUBdIzC 
  $8731:4D 57 04  EOR $0457 = #$50                                               A:15 X:00 Y:00 S:FD P:nvUBdIzc 
  $8734:55 26     EOR $26,X @ $0026 = #$0F                                       A:45 X:00 Y:00 S:FD P:nvUBdIzc 
  $8736:F5 24     SBC $24,X @ $0024 = #$83                                       A:4A X:00 Y:00 S:FD P:nvUBdIzc 
  $8738:7D 1B 04  ADC $041B,X @ $041B = #$E4                                     A:C6 X:00 Y:00 S:FD P:NVUBdIzc 
  $873B:65 0B     ADC $000B = #$70                                               A:AA X:00 Y:00 S:FD P:NvUBdIzC 
  $873D:95 25     STA $25,X @ $0025 = #$9B                                       A:1B X:00 Y:00 S:FD P:nvUBdIzC 
  $873F:CA        DEX                                                            A:1B X:00 Y:00 S:FD P:nvUBdIzC 
  $8740:10 E8     BPL $872A                                                      A:1B X:FF Y:00 S:FD P:NvUBdIzC 
  $8742:60        RTS (from $8728) ----------------------------------------------A:1B X:FF Y:00 S:FD P:NvUBdIzC 
$8722:20 43 87  JSR $8743                                                      A:1B X:FF Y:00 S:FF P:NvUBdIzC 
  $8743:A5 25     LDA $0025 = #$1B                                               A:1B X:FF Y:00 S:FD P:NvUBdIzC 
  $8745:45 28     EOR $0028 = #$5A                                               A:1B X:FF Y:00 S:FD P:nvUBdIzC 
  $8747:65 27     ADC $0027 = #$2A                                               A:41 X:FF Y:00 S:FD P:nvUBdIzC 
  $8749:85 26     STA $0026 = #$0F                                               A:6C X:FF Y:00 S:FD P:nvUBdIzc 
  $874B:A5 27     LDA $0027 = #$2A                                               A:6C X:FF Y:00 S:FD P:nvUBdIzc 
  $874D:2A        ROL                                                            A:2A X:FF Y:00 S:FD P:nvUBdIzc 
  $874E:E5 28     SBC $0028 = #$5A                                               A:54 X:FF Y:00 S:FD P:nvUBdIzc 
  $8750:85 27     STA $0027 = #$2A                                               A:F9 X:FF Y:00 S:FD P:NvUBdIzc 
  $8752:45 26     EOR $0026 = #$6C                                               A:F9 X:FF Y:00 S:FD P:NvUBdIzc 
  $8754:85 25     STA $0025 = #$1B                                               A:95 X:FF Y:00 S:FD P:NvUBdIzc 
  $8756:60        RTS (from $8743) ----------------------------------------------A:95 X:FF Y:00 S:FD P:NvUBdIzc 
$8725:4C 1F 87  JMP $871F                                                      A:95 X:FF Y:00 S:FF P:NvUBdIzc 
$871F:20 28 87  JSR $8728                                                      A:95 X:FF Y:00 S:FF P:NvUBdIzc 
  $8728:A2 03     LDX #$03                                                       A:95 X:FF Y:00 S:FD P:NvUBdIzc 
  $872A:B5 25     LDA $25,X @ $0028 = #$5A                                       A:95 X:03 Y:00 S:FD P:nvUBdIzc 
  $872C:65 0B     ADC $000B = #$70                                               A:5A X:03 Y:00 S:FD P:nvUBdIzc 
  $872E:ED FD 03  SBC $03FD = #$F7                                               A:CA X:03 Y:00 S:FD P:NVUBdIzc 
  $8731:4D 57 04  EOR $0457 = #$50                                               A:D2 X:03 Y:00 S:FD P:NvUBdIzc 
  $8734:55 26     EOR $26,X @ $0029 = #$0F                                       A:82 X:03 Y:00 S:FD P:NvUBdIzc 
  $8736:F5 24     SBC $24,X @ $0027 = #$F9                                       A:8D X:03 Y:00 S:FD P:NvUBdIzc 
  $8738:7D 1B 04  ADC $041B,X @ $041E = #$C4                                     A:93 X:03 Y:00 S:FD P:NvUBdIzc 
  $873B:65 0B     ADC $000B = #$70                                               A:57 X:03 Y:00 S:FD P:nVUBdIzC 
  $873D:95 25     STA $25,X @ $0028 = #$5A                                       A:C8 X:03 Y:00 S:FD P:NVUBdIzc 
  $873F:CA        DEX                                                            A:C8 X:03 Y:00 S:FD P:NVUBdIzc 
  $8740:10 E8     BPL $872A                                                      A:C8 X:02 Y:00 S:FD P:nVUBdIzc 
  $872A:B5 25     LDA $25,X @ $0027 = #$F9                                       A:C8 X:02 Y:00 S:FD P:nVUBdIzc 
  $872C:65 0B     ADC $000B = #$70                                               A:F9 X:02 Y:00 S:FD P:NVUBdIzc 
  $872E:ED FD 03  SBC $03FD = #$F7                                               A:69 X:02 Y:00 S:FD P:nvUBdIzC 
  $8731:4D 57 04  EOR $0457 = #$50                                               A:72 X:02 Y:00 S:FD P:nvUBdIzc 
  $8734:55 26     EOR $26,X @ $0028 = #$C8                                       A:22 X:02 Y:00 S:FD P:nvUBdIzc 
  $8736:F5 24     SBC $24,X @ $0026 = #$6C                                       A:EA X:02 Y:00 S:FD P:NvUBdIzc 
  $8738:7D 1B 04  ADC $041B,X @ $041D = #$C4                                     A:7D X:02 Y:00 S:FD P:nVUBdIzC 
  $873B:65 0B     ADC $000B = #$70                                               A:42 X:02 Y:00 S:FD P:nvUBdIzC 
  $873D:95 25     STA $25,X @ $0027 = #$F9                                       A:B3 X:02 Y:00 S:FD P:NVUBdIzc 
  $873F:CA        DEX                                                            A:B3 X:02 Y:00 S:FD P:NVUBdIzc 
  $8740:10 E8     BPL $872A                                                      A:B3 X:01 Y:00 S:FD P:nVUBdIzc 
  $872A:B5 25     LDA $25,X @ $0026 = #$6C                                       A:B3 X:01 Y:00 S:FD P:nVUBdIzc 
  $872C:65 0B     ADC $000B = #$70                                               A:6C X:01 Y:00 S:FD P:nVUBdIzc 
  $872E:ED FD 03  SBC $03FD = #$F7                                               A:DC X:01 Y:00 S:FD P:NVUBdIzc 
  $8731:4D 57 04  EOR $0457 = #$50                                               A:E4 X:01 Y:00 S:FD P:NvUBdIzc 
  $8734:55 26     EOR $26,X @ $0027 = #$B3                                       A:B4 X:01 Y:00 S:FD P:NvUBdIzc 
  $8736:F5 24     SBC $24,X @ $0025 = #$95                                       A:07 X:01 Y:00 S:FD P:nvUBdIzc 
  $8738:7D 1B 04  ADC $041B,X @ $041C = #$C4                                     A:71 X:01 Y:00 S:FD P:nvUBdIzc 
  $873B:65 0B     ADC $000B = #$70                                               A:35 X:01 Y:00 S:FD P:nvUBdIzC 
  $873D:95 25     STA $25,X @ $0026 = #$6C                                       A:A6 X:01 Y:00 S:FD P:NVUBdIzc 
  $873F:CA        DEX                                                            A:A6 X:01 Y:00 S:FD P:NVUBdIzc 
  $8740:10 E8     BPL $872A                                                      A:A6 X:00 Y:00 S:FD P:nVUBdIZc 
  $872A:B5 25     LDA $25,X @ $0025 = #$95                                       A:A6 X:00 Y:00 S:FD P:nVUBdIZc 
  $872C:65 0B     ADC $000B = #$70                                               A:95 X:00 Y:00 S:FD P:NVUBdIzc 
  $872E:ED FD 03  SBC $03FD = #$F7                                               A:05 X:00 Y:00 S:FD P:nvUBdIzC 
  $8731:4D 57 04  EOR $0457 = #$50                                               A:0E X:00 Y:00 S:FD P:nvUBdIzc 
  $8734:55 26     EOR $26,X @ $0026 = #$A6                                       A:5E X:00 Y:00 S:FD P:nvUBdIzc 
  $8736:F5 24     SBC $24,X @ $0024 = #$83                                       A:F8 X:00 Y:00 S:FD P:NvUBdIzc 
  $8738:7D 1B 04  ADC $041B,X @ $041B = #$E4                                     A:74 X:00 Y:00 S:FD P:nvUBdIzC 
  $873B:65 0B     ADC $000B = #$70                                               A:59 X:00 Y:00 S:FD P:nvUBdIzC 
  $873D:95 25     STA $25,X @ $0025 = #$95                                       A:CA X:00 Y:00 S:FD P:NVUBdIzc 
  $873F:CA        DEX                                                            A:CA X:00 Y:00 S:FD P:NVUBdIzc 
  $8740:10 E8     BPL $872A                                                      A:CA X:FF Y:00 S:FD P:NVUBdIzc 
  $8742:60        RTS (from $8728) ----------------------------------------------A:CA X:FF Y:00 S:FD P:NVUBdIzc 
$8722:20 43 87  JSR $8743                                                      A:CA X:FF Y:00 S:FF P:NVUBdIzc 
  $8743:A5 25     LDA $0025 = #$CA                                               A:CA X:FF Y:00 S:FD P:NVUBdIzc 
  $8745:45 28     EOR $0028 = #$C8                                               A:CA X:FF Y:00 S:FD P:NVUBdIzc 
  $8747:65 27     ADC $0027 = #$B3                                               A:02 X:FF Y:00 S:FD P:nVUBdIzc 
  $8749:85 26     STA $0026 = #$A6                                               A:B5 X:FF Y:00 S:FD P:NvUBdIzc 
  $874B:A5 27     LDA $0027 = #$B3                                               A:B5 X:FF Y:00 S:FD P:NvUBdIzc 
  $874D:2A        ROL                                                            A:B3 X:FF Y:00 S:FD P:NvUBdIzc 
  $874E:E5 28     SBC $0028 = #$C8                                               A:66 X:FF Y:00 S:FD P:nvUBdIzC 
  $8750:85 27     STA $0027 = #$B3                                               A:9E X:FF Y:00 S:FD P:NVUBdIzc 
  $8752:45 26     EOR $0026 = #$B5                                               A:9E X:FF Y:00 S:FD P:NVUBdIzc 
  $8754:85 25     STA $0025 = #$CA                                               A:2B X:FF Y:00 S:FD P:nVUBdIzc 
  $8756:60        RTS (from $8743) ----------------------------------------------A:2B X:FF Y:00 S:FD P:nVUBdIzc 
$8725:4C 1F 87  JMP $871F                                                      A:2B X:FF Y:00 S:FF P:nVUBdIzc 
$871F:20 28 87  JSR $8728                                                      A:2B X:FF Y:00 S:FF P:nVUBdIzc 
  $8728:A2 03     LDX #$03                                                       A:2B X:FF Y:00 S:FD P:nVUBdIzc 
  $872A:B5 25     LDA $25,X @ $0028 = #$C8                                       A:2B X:03 Y:00 S:FD P:nVUBdIzc 
  $872C:65 0B     ADC $000B = #$70                                               A:C8 X:03 Y:00 S:FD P:NVUBdIzc 
  $872E:ED FD 03  SBC $03FD = #$F7                                               A:38 X:03 Y:00 S:FD P:nvUBdIzC 
  $8731:4D 57 04  EOR $0457 = #$50                                               A:41 X:03 Y:00 S:FD P:nvUBdIzc 
  $8734:55 26     EOR $26,X @ $0029 = #$0F                                       A:11 X:03 Y:00 S:FD P:nvUBdIzc 
  $8736:F5 24     SBC $24,X @ $0027 = #$9E                                       A:1E X:03 Y:00 S:FD P:nvUBdIzc 
  $8738:7D 1B 04  ADC $041B,X @ $041E = #$C4                                     A:7F X:03 Y:00 S:FD P:nvUBdIzc 
  $873B:65 0B     ADC $000B = #$70                                               A:43 X:03 Y:00 S:FD P:nvUBdIzC 
  $873D:95 25     STA $25,X @ $0028 = #$C8                                       A:B4 X:03 Y:00 S:FD P:NVUBdIzc 
  $873F:CA        DEX                                                            A:B4 X:03 Y:00 S:FD P:NVUBdIzc 
  $8740:10 E8     BPL $872A                                                      A:B4 X:02 Y:00 S:FD P:nVUBdIzc 
  $872A:B5 25     LDA $25,X @ $0027 = #$9E                                       A:B4 X:02 Y:00 S:FD P:nVUBdIzc 
  $872C:65 0B     ADC $000B = #$70                                               A:9E X:02 Y:00 S:FD P:NVUBdIzc 
  $872E:ED FD 03  SBC $03FD = #$F7                                               A:0E X:02 Y:00 S:FD P:nvUBdIzC 
  $8731:4D 57 04  EOR $0457 = #$50                                               A:17 X:02 Y:00 S:FD P:nvUBdIzc 
  $8734:55 26     EOR $26,X @ $0028 = #$B4                                       A:47 X:02 Y:00 S:FD P:nvUBdIzc 
  $8736:F5 24     SBC $24,X @ $0026 = #$B5                                       A:F3 X:02 Y:00 S:FD P:NvUBdIzc 
  $8738:7D 1B 04  ADC $041B,X @ $041D = #$C4                                     A:3D X:02 Y:00 S:FD P:nvUBdIzC 
  $873B:65 0B     ADC $000B = #$70                                               A:02 X:02 Y:00 S:FD P:nvUBdIzC 
  $873D:95 25     STA $25,X @ $0027 = #$9E                                       A:73 X:02 Y:00 S:FD P:nvUBdIzc 
  $873F:CA        DEX                                                            A:73 X:02 Y:00 S:FD P:nvUBdIzc 
  $8740:10 E8     BPL $872A                                                      A:73 X:01 Y:00 S:FD P:nvUBdIzc 
  $872A:B5 25     LDA $25,X @ $0026 = #$B5                                       A:73 X:01 Y:00 S:FD P:nvUBdIzc 
  $872C:65 0B     ADC $000B = #$70                                               A:B5 X:01 Y:00 S:FD P:NvUBdIzc 
  $872E:ED FD 03  SBC $03FD = #$F7                                               A:25 X:01 Y:00 S:FD P:nvUBdIzC 
  $8731:4D 57 04  EOR $0457 = #$50                                               A:2E X:01 Y:00 S:FD P:nvUBdIzc 
  $8734:55 26     EOR $26,X @ $0027 = #$73                                       A:7E X:01 Y:00 S:FD P:nvUBdIzc 
  $8736:F5 24     SBC $24,X @ $0025 = #$2B                                       A:0D X:01 Y:00 S:FD P:nvUBdIzc 
  $8738:7D 1B 04  ADC $041B,X @ $041C = #$C4                                     A:E1 X:01 Y:00 S:FD P:NvUBdIzc 
  $873B:65 0B     ADC $000B = #$70                                               A:A5 X:01 Y:00 S:FD P:NvUBdIzC 
  $873D:95 25     STA $25,X @ $0026 = #$B5                                       A:16 X:01 Y:00 S:FD P:nvUBdIzC 
  $873F:CA        DEX                                                            A:16 X:01 Y:00 S:FD P:nvUBdIzC 
  $8740:10 E8     BPL $872A                                                      A:16 X:00 Y:00 S:FD P:nvUBdIZC 
  $872A:B5 25     LDA $25,X @ $0025 = #$2B                                       A:16 X:00 Y:00 S:FD P:nvUBdIZC 
  $872C:65 0B     ADC $000B = #$70                                               A:2B X:00 Y:00 S:FD P:nvUBdIzC 
  $872E:ED FD 03  SBC $03FD = #$F7                                               A:9C X:00 Y:00 S:FD P:NVUBdIzc 
  $8731:4D 57 04  EOR $0457 = #$50                                               A:A4 X:00 Y:00 S:FD P:NvUBdIzc 
  $8734:55 26     EOR $26,X @ $0026 = #$16                                       A:F4 X:00 Y:00 S:FD P:NvUBdIzc 
  $8736:F5 24     SBC $24,X @ $0024 = #$83                                       A:E2 X:00 Y:00 S:FD P:NvUBdIzc 
  $8738:7D 1B 04  ADC $041B,X @ $041B = #$E4                                     A:5E X:00 Y:00 S:FD P:nvUBdIzC 
  $873B:65 0B     ADC $000B = #$70                                               A:43 X:00 Y:00 S:FD P:nvUBdIzC 
  $873D:95 25     STA $25,X @ $0025 = #$2B                                       A:B4 X:00 Y:00 S:FD P:NVUBdIzc 
  $873F:CA        DEX                                                            A:B4 X:00 Y:00 S:FD P:NVUBdIzc 
  $8740:10 E8     BPL $872A                                                      A:B4 X:FF Y:00 S:FD P:NVUBdIzc 
  $8742:60        RTS (from $8728) ----------------------------------------------A:B4 X:FF Y:00 S:FD P:NVUBdIzc 
$8722:20 43 87  JSR $8743                                                      A:B4 X:FF Y:00 S:FF P:NVUBdIzc 
  $8743:A5 25     LDA $0025 = #$B4                                               A:B4 X:FF Y:00 S:FD P:NVUBdIzc 
  $8745:45 28     EOR $0028 = #$B4                                               A:B4 X:FF Y:00 S:FD P:NVUBdIzc 
  $8747:65 27     ADC $0027 = #$73                                               A:00 X:FF Y:00 S:FD P:nVUBdIZc 
  $8749:85 26     STA $0026 = #$16                                               A:73 X:FF Y:00 S:FD P:nvUBdIzc 
  $874B:A5 27     LDA $0027 = #$73                                               A:73 X:FF Y:00 S:FD P:nvUBdIzc 
  $874D:2A        ROL                                                            A:73 X:FF Y:00 S:FD P:nvUBdIzc 
  $874E:E5 28     SBC $0028 = #$B4                                               A:E6 X:FF Y:00 S:FD P:NvUBdIzc 
  $8750:85 27     STA $0027 = #$73                                               A:31 X:FF Y:00 S:FD P:nvUBdIzC 
  $8752:45 26     EOR $0026 = #$73                                               A:31 X:FF Y:00 S:FD P:nvUBdIzC 
  $8754:85 25     STA $0025 = #$B4                                               A:42 X:FF Y:00 S:FD P:nvUBdIzC 
  $8756:60        RTS (from $8743) ----------------------------------------------A:42 X:FF Y:00 S:FD P:nvUBdIzC 
$8725:4C 1F 87  JMP $871F                                                      A:42 X:FF Y:00 S:FF P:nvUBdIzC 
$871F:20 28 87  JSR $8728                                                      A:42 X:FF Y:00 S:FF P:nvUBdIzC 
  $8728:A2 03     LDX #$03                                                       A:42 X:FF Y:00 S:FD P:nvUBdIzC 
  $872A:B5 25     LDA $25,X @ $0028 = #$B4                                       A:42 X:03 Y:00 S:FD P:nvUBdIzC 
  $872C:65 0B     ADC $000B = #$70                                               A:B4 X:03 Y:00 S:FD P:NvUBdIzC 
  $872E:ED FD 03  SBC $03FD = #$F7                                               A:25 X:03 Y:00 S:FD P:nvUBdIzC 
  $8731:4D 57 04  EOR $0457 = #$50                                               A:2E X:03 Y:00 S:FD P:nvUBdIzc 
  $8734:55 26     EOR $26,X @ $0029 = #$0F                                       A:7E X:03 Y:00 S:FD P:nvUBdIzc 
  $8736:F5 24     SBC $24,X @ $0027 = #$31                                       A:71 X:03 Y:00 S:FD P:nvUBdIzc 
  $8738:7D 1B 04  ADC $041B,X @ $041E = #$C4                                     A:3F X:03 Y:00 S:FD P:nvUBdIzC 
  $873B:65 0B     ADC $000B = #$70                                               A:04 X:03 Y:00 S:FD P:nvUBdIzC 
  $873D:95 25     STA $25,X @ $0028 = #$B4                                       A:75 X:03 Y:00 S:FD P:nvUBdIzc 
  $873F:CA        DEX                                                            A:75 X:03 Y:00 S:FD P:nvUBdIzc 
  $8740:10 E8     BPL $872A                                                      A:75 X:02 Y:00 S:FD P:nvUBdIzc 
  $872A:B5 25     LDA $25,X @ $0027 = #$31                                       A:75 X:02 Y:00 S:FD P:nvUBdIzc 
  $872C:65 0B     ADC $000B = #$70                                               A:31 X:02 Y:00 S:FD P:nvUBdIzc 
  $872E:ED FD 03  SBC $03FD = #$F7                                               A:A1 X:02 Y:00 S:FD P:NVUBdIzc 
  $8731:4D 57 04  EOR $0457 = #$50                                               A:A9 X:02 Y:00 S:FD P:NvUBdIzc 
  $8734:55 26     EOR $26,X @ $0028 = #$75                                       A:F9 X:02 Y:00 S:FD P:NvUBdIzc 
  $8736:F5 24     SBC $24,X @ $0026 = #$73                                       A:8C X:02 Y:00 S:FD P:NvUBdIzc 
  $8738:7D 1B 04  ADC $041B,X @ $041D = #$C4                                     A:18 X:02 Y:00 S:FD P:nVUBdIzC 
  $873B:65 0B     ADC $000B = #$70                                               A:DD X:02 Y:00 S:FD P:NvUBdIzc 
  $873D:95 25     STA $25,X @ $0027 = #$31                                       A:4D X:02 Y:00 S:FD P:nvUBdIzC 
  $873F:CA        DEX                                                            A:4D X:02 Y:00 S:FD P:nvUBdIzC 
  $8740:10 E8     BPL $872A                                                      A:4D X:01 Y:00 S:FD P:nvUBdIzC 
  $872A:B5 25     LDA $25,X @ $0026 = #$73                                       A:4D X:01 Y:00 S:FD P:nvUBdIzC 
  $872C:65 0B     ADC $000B = #$70                                               A:73 X:01 Y:00 S:FD P:nvUBdIzC 
  $872E:ED FD 03  SBC $03FD = #$F7                                               A:E4 X:01 Y:00 S:FD P:NVUBdIzc 
  $8731:4D 57 04  EOR $0457 = #$50                                               A:EC X:01 Y:00 S:FD P:NvUBdIzc 
  $8734:55 26     EOR $26,X @ $0027 = #$4D                                       A:BC X:01 Y:00 S:FD P:NvUBdIzc 
  $8736:F5 24     SBC $24,X @ $0025 = #$42                                       A:F1 X:01 Y:00 S:FD P:NvUBdIzc 
  $8738:7D 1B 04  ADC $041B,X @ $041C = #$C4                                     A:AE X:01 Y:00 S:FD P:NvUBdIzC 
  $873B:65 0B     ADC $000B = #$70                                               A:73 X:01 Y:00 S:FD P:nVUBdIzC 
  $873D:95 25     STA $25,X @ $0026 = #$73                                       A:E4 X:01 Y:00 S:FD P:NVUBdIzc 
  $873F:CA        DEX                                                            A:E4 X:01 Y:00 S:FD P:NVUBdIzc 
  $8740:10 E8     BPL $872A                                                      A:E4 X:00 Y:00 S:FD P:nVUBdIZc 
  $872A:B5 25     LDA $25,X @ $0025 = #$42                                       A:E4 X:00 Y:00 S:FD P:nVUBdIZc 
  $872C:65 0B     ADC $000B = #$70                                               A:42 X:00 Y:00 S:FD P:nVUBdIzc 
  $872E:ED FD 03  SBC $03FD = #$F7                                               A:B2 X:00 Y:00 S:FD P:NVUBdIzc 
  $8731:4D 57 04  EOR $0457 = #$50                                               A:BA X:00 Y:00 S:FD P:NvUBdIzc 
  $8734:55 26     EOR $26,X @ $0026 = #$E4                                       A:EA X:00 Y:00 S:FD P:NvUBdIzc 
  $8736:F5 24     SBC $24,X @ $0024 = #$83                                       A:0E X:00 Y:00 S:FD P:nvUBdIzc 
  $8738:7D 1B 04  ADC $041B,X @ $041B = #$E4                                     A:8A X:00 Y:00 S:FD P:NVUBdIzc 
  $873B:65 0B     ADC $000B = #$70                                               A:6E X:00 Y:00 S:FD P:nVUBdIzC 
  $873D:95 25     STA $25,X @ $0025 = #$42                                       A:DF X:00 Y:00 S:FD P:NVUBdIzc 
  $873F:CA        DEX                                                            A:DF X:00 Y:00 S:FD P:NVUBdIzc 
  $8740:10 E8     BPL $872A                                                      A:DF X:FF Y:00 S:FD P:NVUBdIzc 
  $8742:60        RTS (from $8728) ----------------------------------------------A:DF X:FF Y:00 S:FD P:NVUBdIzc 
$8722:20 43 87  JSR $8743                                                      A:DF X:FF Y:00 S:FF P:NVUBdIzc 
  $8743:A5 25     LDA $0025 = #$DF                                               A:DF X:FF Y:00 S:FD P:NVUBdIzc 
  $8745:45 28     EOR $0028 = #$75                                               A:DF X:FF Y:00 S:FD P:NVUBdIzc 
  $8747:65 27     ADC $0027 = #$4D                                               A:AA X:FF Y:00 S:FD P:NVUBdIzc 
  $8749:85 26     STA $0026 = #$E4                                               A:F7 X:FF Y:00 S:FD P:NvUBdIzc 
  $874B:A5 27     LDA $0027 = #$4D                                               A:F7 X:FF Y:00 S:FD P:NvUBdIzc 
  $874D:2A        ROL                                                            A:4D X:FF Y:00 S:FD P:nvUBdIzc 
  $874E:E5 28     SBC $0028 = #$75                                               A:9A X:FF Y:00 S:FD P:NvUBdIzc 
  $8750:85 27     STA $0027 = #$4D                                               A:24 X:FF Y:00 S:FD P:nVUBdIzC 
  $8752:45 26     EOR $0026 = #$F7                                               A:24 X:FF Y:00 S:FD P:nVUBdIzC 
  $8754:85 25     STA $0025 = #$DF                                               A:D3 X:FF Y:00 S:FD P:NVUBdIzC 
  $8756:60        RTS (from $8743) ----------------------------------------------A:D3 X:FF Y:00 S:FD P:NVUBdIzC 
$8725:4C 1F 87  JMP $871F                                                      A:D3 X:FF Y:00 S:FF P:NVUBdIzC 
$871F:20 28 87  JSR $8728                                                      A:D3 X:FF Y:00 S:FF P:NVUBdIzC 
  $8728:A2 03     LDX #$03                                                       A:D3 X:FF Y:00 S:FD P:NVUBdIzC 
  $872A:B5 25     LDA $25,X @ $0028 = #$75                                       A:D3 X:03 Y:00 S:FD P:nVUBdIzC 
  $872C:65 0B     ADC $000B = #$70                                               A:75 X:03 Y:00 S:FD P:nVUBdIzC 
  $872E:ED FD 03  SBC $03FD = #$F7                                               A:E6 X:03 Y:00 S:FD P:NVUBdIzc 
  $8731:4D 57 04  EOR $0457 = #$50                                               A:EE X:03 Y:00 S:FD P:NvUBdIzc 
  $8734:55 26     EOR $26,X @ $0029 = #$0F                                       A:BE X:03 Y:00 S:FD P:NvUBdIzc 
  $8736:F5 24     SBC $24,X @ $0027 = #$24                                       A:B1 X:03 Y:00 S:FD P:NvUBdIzc 
  $8738:7D 1B 04  ADC $041B,X @ $041E = #$C4                                     A:8C X:03 Y:00 S:FD P:NvUBdIzC 
  $873B:65 0B     ADC $000B = #$70                                               A:51 X:03 Y:00 S:FD P:nVUBdIzC 
  $873D:95 25     STA $25,X @ $0028 = #$75                                       A:C2 X:03 Y:00 S:FD P:NVUBdIzc 
  $873F:CA        DEX                                                            A:C2 X:03 Y:00 S:FD P:NVUBdIzc 
  $8740:10 E8     BPL $872A                                                      A:C2 X:02 Y:00 S:FD P:nVUBdIzc 
  $872A:B5 25     LDA $25,X @ $0027 = #$24                                       A:C2 X:02 Y:00 S:FD P:nVUBdIzc 
  $872C:65 0B     ADC $000B = #$70                                               A:24 X:02 Y:00 S:FD P:nVUBdIzc 
  $872E:ED FD 03  SBC $03FD = #$F7                                               A:94 X:02 Y:00 S:FD P:NVUBdIzc 
  $8731:4D 57 04  EOR $0457 = #$50                                               A:9C X:02 Y:00 S:FD P:NvUBdIzc 
  $8734:55 26     EOR $26,X @ $0028 = #$C2                                       A:CC X:02 Y:00 S:FD P:NvUBdIzc 
  $8736:F5 24     SBC $24,X @ $0026 = #$F7                                       A:0E X:02 Y:00 S:FD P:nvUBdIzc 
  $8738:7D 1B 04  ADC $041B,X @ $041D = #$C4                                     A:16 X:02 Y:00 S:FD P:nvUBdIzc 
  $873B:65 0B     ADC $000B = #$70                                               A:DA X:02 Y:00 S:FD P:NvUBdIzc 
  $873D:95 25     STA $25,X @ $0027 = #$24                                       A:4A X:02 Y:00 S:FD P:nvUBdIzC 
  $873F:CA        DEX                                                            A:4A X:02 Y:00 S:FD P:nvUBdIzC 
  $8740:10 E8     BPL $872A                                                      A:4A X:01 Y:00 S:FD P:nvUBdIzC 
  $872A:B5 25     LDA $25,X @ $0026 = #$F7                                       A:4A X:01 Y:00 S:FD P:nvUBdIzC 
  $872C:65 0B     ADC $000B = #$70                                               A:F7 X:01 Y:00 S:FD P:NvUBdIzC 
  $872E:ED FD 03  SBC $03FD = #$F7                                               A:68 X:01 Y:00 S:FD P:nvUBdIzC 
  $8731:4D 57 04  EOR $0457 = #$50                                               A:71 X:01 Y:00 S:FD P:nvUBdIzc 
  $8734:55 26     EOR $26,X @ $0027 = #$4A                                       A:21 X:01 Y:00 S:FD P:nvUBdIzc 
  $8736:F5 24     SBC $24,X @ $0025 = #$D3                                       A:6B X:01 Y:00 S:FD P:nvUBdIzc 
  $8738:7D 1B 04  ADC $041B,X @ $041C = #$C4                                     A:97 X:01 Y:00 S:FD P:NVUBdIzc 
  $873B:65 0B     ADC $000B = #$70                                               A:5B X:01 Y:00 S:FD P:nVUBdIzC 
  $873D:95 25     STA $25,X @ $0026 = #$F7                                       A:CC X:01 Y:00 S:FD P:NVUBdIzc 
  $873F:CA        DEX                                                            A:CC X:01 Y:00 S:FD P:NVUBdIzc 
  $8740:10 E8     BPL $872A                                                      A:CC X:00 Y:00 S:FD P:nVUBdIZc 
  $872A:B5 25     LDA $25,X @ $0025 = #$D3                                       A:CC X:00 Y:00 S:FD P:nVUBdIZc 
  $872C:65 0B     ADC $000B = #$70                                               A:D3 X:00 Y:00 S:FD P:NVUBdIzc 
  $872E:ED FD 03  SBC $03FD = #$F7                                               A:43 X:00 Y:00 S:FD P:nvUBdIzC 
  $8731:4D 57 04  EOR $0457 = #$50                                               A:4C X:00 Y:00 S:FD P:nvUBdIzc 
  $8734:55 26     EOR $26,X @ $0026 = #$CC                                       A:1C X:00 Y:00 S:FD P:nvUBdIzc 
  $8736:F5 24     SBC $24,X @ $0024 = #$83                                       A:D0 X:00 Y:00 S:FD P:NvUBdIzc 
  $8738:7D 1B 04  ADC $041B,X @ $041B = #$E4                                     A:4C X:00 Y:00 S:FD P:nvUBdIzC 
  $873B:65 0B     ADC $000B = #$70                                               A:31 X:00 Y:00 S:FD P:nvUBdIzC 
  $873D:95 25     STA $25,X @ $0025 = #$D3                                       A:A2 X:00 Y:00 S:FD P:NVUBdIzc 
  $873F:CA        DEX                                                            A:A2 X:00 Y:00 S:FD P:NVUBdIzc 
  $8740:10 E8     BPL $872A                                                      A:A2 X:FF Y:00 S:FD P:NVUBdIzc 
  $8742:60        RTS (from $8728) ----------------------------------------------A:A2 X:FF Y:00 S:FD P:NVUBdIzc 
$8722:20 43 87  JSR $8743                                                      A:A2 X:FF Y:00 S:FF P:NVUBdIzc 
  $8743:A5 25     LDA $0025 = #$A2                                               A:A2 X:FF Y:00 S:FD P:NVUBdIzc 
  $8745:45 28     EOR $0028 = #$C2                                               A:A2 X:FF Y:00 S:FD P:NVUBdIzc 
  $8747:65 27     ADC $0027 = #$4A                                               A:60 X:FF Y:00 S:FD P:nVUBdIzc 
  $8749:85 26     STA $0026 = #$CC                                               A:AA X:FF Y:00 S:FD P:NVUBdIzc 
  $874B:A5 27     LDA $0027 = #$4A                                               A:AA X:FF Y:00 S:FD P:NVUBdIzc 
  $874D:2A        ROL                                                            A:4A X:FF Y:00 S:FD P:nVUBdIzc 
  $874E:E5 28     SBC $0028 = #$C2                                               A:94 X:FF Y:00 S:FD P:NVUBdIzc 
  $8750:85 27     STA $0027 = #$4A                                               A:D1 X:FF Y:00 S:FD P:NvUBdIzc 
  $8752:45 26     EOR $0026 = #$AA                                               A:D1 X:FF Y:00 S:FD P:NvUBdIzc 
  $8754:85 25     STA $0025 = #$A2                                               A:7B X:FF Y:00 S:FD P:nvUBdIzc 
  $8756:60        RTS (from $8743) ----------------------------------------------A:7B X:FF Y:00 S:FD P:nvUBdIzc 
$8725:4C 1F 87  JMP $871F                                                      A:7B X:FF Y:00 S:FF P:nvUBdIzc 
$871F:20 28 87  JSR $8728                                                      A:7B X:FF Y:00 S:FF P:nvUBdIzc 
  $8728:A2 03     LDX #$03                                                       A:7B X:FF Y:00 S:FD P:nvUBdIzc 
  $872A:B5 25     LDA $25,X @ $0028 = #$C2                                       A:7B X:03 Y:00 S:FD P:nvUBdIzc 
  $872C:65 0B     ADC $000B = #$70                                               A:C2 X:03 Y:00 S:FD P:NvUBdIzc 
  $872E:ED FD 03  SBC $03FD = #$F7                                               A:32 X:03 Y:00 S:FD P:nvUBdIzC 
  $8731:4D 57 04  EOR $0457 = #$50                                               A:3B X:03 Y:00 S:FD P:nvUBdIzc 
  $8734:55 26     EOR $26,X @ $0029 = #$0F                                       A:6B X:03 Y:00 S:FD P:nvUBdIzc 
  $8736:F5 24     SBC $24,X @ $0027 = #$D1                                       A:64 X:03 Y:00 S:FD P:nvUBdIzc 
  $8738:7D 1B 04  ADC $041B,X @ $041E = #$C4                                     A:92 X:03 Y:00 S:FD P:NVUBdIzc 
  $873B:65 0B     ADC $000B = #$70                                               A:56 X:03 Y:00 S:FD P:nVUBdIzC 
  $873D:95 25     STA $25,X @ $0028 = #$C2                                       A:C7 X:03 Y:00 S:FD P:NVUBdIzc 
  $873F:CA        DEX                                                            A:C7 X:03 Y:00 S:FD P:NVUBdIzc 
  $8740:10 E8     BPL $872A                                                      A:C7 X:02 Y:00 S:FD P:nVUBdIzc 
  $872A:B5 25     LDA $25,X @ $0027 = #$D1                                       A:C7 X:02 Y:00 S:FD P:nVUBdIzc 
  $872C:65 0B     ADC $000B = #$70                                               A:D1 X:02 Y:00 S:FD P:NVUBdIzc 
  $872E:ED FD 03  SBC $03FD = #$F7                                               A:41 X:02 Y:00 S:FD P:nvUBdIzC 
  $8731:4D 57 04  EOR $0457 = #$50                                               A:4A X:02 Y:00 S:FD P:nvUBdIzc 
  $8734:55 26     EOR $26,X @ $0028 = #$C7                                       A:1A X:02 Y:00 S:FD P:nvUBdIzc 
  $8736:F5 24     SBC $24,X @ $0026 = #$AA                                       A:DD X:02 Y:00 S:FD P:NvUBdIzc 
  $8738:7D 1B 04  ADC $041B,X @ $041D = #$C4                                     A:32 X:02 Y:00 S:FD P:nvUBdIzC 
  $873B:65 0B     ADC $000B = #$70                                               A:F7 X:02 Y:00 S:FD P:NvUBdIzc 
  $873D:95 25     STA $25,X @ $0027 = #$D1                                       A:67 X:02 Y:00 S:FD P:nvUBdIzC 
  $873F:CA        DEX                                                            A:67 X:02 Y:00 S:FD P:nvUBdIzC 
  $8740:10 E8     BPL $872A                                                      A:67 X:01 Y:00 S:FD P:nvUBdIzC 
  $872A:B5 25     LDA $25,X @ $0026 = #$AA                                       A:67 X:01 Y:00 S:FD P:nvUBdIzC 
  $872C:65 0B     ADC $000B = #$70                                               A:AA X:01 Y:00 S:FD P:NvUBdIzC 
  $872E:ED FD 03  SBC $03FD = #$F7                                               A:1B X:01 Y:00 S:FD P:nvUBdIzC 
  $8731:4D 57 04  EOR $0457 = #$50                                               A:24 X:01 Y:00 S:FD P:nvUBdIzc 
  $8734:55 26     EOR $26,X @ $0027 = #$67                                       A:74 X:01 Y:00 S:FD P:nvUBdIzc 
  $8736:F5 24     SBC $24,X @ $0025 = #$7B                                       A:13 X:01 Y:00 S:FD P:nvUBdIzc 
  $8738:7D 1B 04  ADC $041B,X @ $041C = #$C4                                     A:97 X:01 Y:00 S:FD P:NvUBdIzc 
  $873B:65 0B     ADC $000B = #$70                                               A:5B X:01 Y:00 S:FD P:nVUBdIzC 
  $873D:95 25     STA $25,X @ $0026 = #$AA                                       A:CC X:01 Y:00 S:FD P:NVUBdIzc 
  $873F:CA        DEX                                                            A:CC X:01 Y:00 S:FD P:NVUBdIzc 
  $8740:10 E8     BPL $872A                                                      A:CC X:00 Y:00 S:FD P:nVUBdIZc 
  $872A:B5 25     LDA $25,X @ $0025 = #$7B                                       A:CC X:00 Y:00 S:FD P:nVUBdIZc 
  $872C:65 0B     ADC $000B = #$70                                               A:7B X:00 Y:00 S:FD P:nVUBdIzc 
  $872E:ED FD 03  SBC $03FD = #$F7                                               A:EB X:00 Y:00 S:FD P:NVUBdIzc 
  $8731:4D 57 04  EOR $0457 = #$50                                               A:F3 X:00 Y:00 S:FD P:NvUBdIzc 
  $8734:55 26     EOR $26,X @ $0026 = #$CC                                       A:A3 X:00 Y:00 S:FD P:NvUBdIzc 
  $8736:F5 24     SBC $24,X @ $0024 = #$83                                       A:6F X:00 Y:00 S:FD P:nvUBdIzc 
  $8738:7D 1B 04  ADC $041B,X @ $041B = #$E4                                     A:EB X:00 Y:00 S:FD P:NVUBdIzc 
  $873B:65 0B     ADC $000B = #$70                                               A:CF X:00 Y:00 S:FD P:NvUBdIzC 
  $873D:95 25     STA $25,X @ $0025 = #$7B                                       A:40 X:00 Y:00 S:FD P:nvUBdIzC 
  $873F:CA        DEX                                                            A:40 X:00 Y:00 S:FD P:nvUBdIzC 
  $8740:10 E8     BPL $872A                                                      A:40 X:FF Y:00 S:FD P:NvUBdIzC 
  $8742:60        RTS (from $8728) ----------------------------------------------A:40 X:FF Y:00 S:FD P:NvUBdIzC 
$8722:20 43 87  JSR $8743                                                      A:40 X:FF Y:00 S:FF P:NvUBdIzC 
  $8743:A5 25     LDA $0025 = #$40                                               A:40 X:FF Y:00 S:FD P:NvUBdIzC 
  $8745:45 28     EOR $0028 = #$C7                                               A:40 X:FF Y:00 S:FD P:nvUBdIzC 
  $8747:65 27     ADC $0027 = #$67                                               A:87 X:FF Y:00 S:FD P:NvUBdIzC 
  $8749:85 26     STA $0026 = #$CC                                               A:EF X:FF Y:00 S:FD P:NvUBdIzc 
  $874B:A5 27     LDA $0027 = #$67                                               A:EF X:FF Y:00 S:FD P:NvUBdIzc 
  $874D:2A        ROL                                                            A:67 X:FF Y:00 S:FD P:nvUBdIzc 
  $874E:E5 28     SBC $0028 = #$C7                                               A:CE X:FF Y:00 S:FD P:NvUBdIzc 
  $8750:85 27     STA $0027 = #$67                                               A:06 X:FF Y:00 S:FD P:nvUBdIzC 
  $8752:45 26     EOR $0026 = #$EF                                               A:06 X:FF Y:00 S:FD P:nvUBdIzC 
  $8754:85 25     STA $0025 = #$40                                               A:E9 X:FF Y:00 S:FD P:NvUBdIzC 
  $8756:60        RTS (from $8743) ----------------------------------------------A:E9 X:FF Y:00 S:FD P:NvUBdIzC 
$8725:4C 1F 87  JMP $871F                                                      A:E9 X:FF Y:00 S:FF P:NvUBdIzC 
$871F:20 28 87  JSR $8728                                                      A:E9 X:FF Y:00 S:FF P:NvUBdIzC 
  $8728:A2 03     LDX #$03                                                       A:E9 X:FF Y:00 S:FD P:NvUBdIzC 
  $872A:B5 25     LDA $25,X @ $0028 = #$C7                                       A:E9 X:03 Y:00 S:FD P:nvUBdIzC 
  $872C:65 0B     ADC $000B = #$70                                               A:C7 X:03 Y:00 S:FD P:NvUBdIzC 
  $872E:ED FD 03  SBC $03FD = #$F7                                               A:38 X:03 Y:00 S:FD P:nvUBdIzC 
  $8731:4D 57 04  EOR $0457 = #$50                                               A:41 X:03 Y:00 S:FD P:nvUBdIzc 
  $8734:55 26     EOR $26,X @ $0029 = #$0F                                       A:11 X:03 Y:00 S:FD P:nvUBdIzc 
  $8736:F5 24     SBC $24,X @ $0027 = #$06                                       A:1E X:03 Y:00 S:FD P:nvUBdIzc 
  $8738:7D 1B 04  ADC $041B,X @ $041E = #$C4                                     A:17 X:03 Y:00 S:FD P:nvUBdIzC 
  $873B:65 0B     ADC $000B = #$70                                               A:DC X:03 Y:00 S:FD P:NvUBdIzc 
  $873D:95 25     STA $25,X @ $0028 = #$C7                                       A:4C X:03 Y:00 S:FD P:nvUBdIzC 
  $873F:CA        DEX                                                            A:4C X:03 Y:00 S:FD P:nvUBdIzC 
  $8740:10 E8     BPL $872A                                                      A:4C X:02 Y:00 S:FD P:nvUBdIzC 
  $872A:B5 25     LDA $25,X @ $0027 = #$06                                       A:4C X:02 Y:00 S:FD P:nvUBdIzC 
  $872C:65 0B     ADC $000B = #$70                                               A:06 X:02 Y:00 S:FD P:nvUBdIzC 
  $872E:ED FD 03  SBC $03FD = #$F7                                               A:77 X:02 Y:00 S:FD P:nvUBdIzc 
  $8731:4D 57 04  EOR $0457 = #$50                                               A:7F X:02 Y:00 S:FD P:nvUBdIzc 
  $8734:55 26     EOR $26,X @ $0028 = #$4C                                       A:2F X:02 Y:00 S:FD P:nvUBdIzc 
  $8736:F5 24     SBC $24,X @ $0026 = #$EF                                       A:63 X:02 Y:00 S:FD P:nvUBdIzc 
  $8738:7D 1B 04  ADC $041B,X @ $041D = #$C4                                     A:73 X:02 Y:00 S:FD P:nvUBdIzc 
  $873B:65 0B     ADC $000B = #$70                                               A:37 X:02 Y:00 S:FD P:nvUBdIzC 
  $873D:95 25     STA $25,X @ $0027 = #$06                                       A:A8 X:02 Y:00 S:FD P:NVUBdIzc 
  $873F:CA        DEX                                                            A:A8 X:02 Y:00 S:FD P:NVUBdIzc 
  $8740:10 E8     BPL $872A                                                      A:A8 X:01 Y:00 S:FD P:nVUBdIzc 
  $872A:B5 25     LDA $25,X @ $0026 = #$EF                                       A:A8 X:01 Y:00 S:FD P:nVUBdIzc 
  $872C:65 0B     ADC $000B = #$70                                               A:EF X:01 Y:00 S:FD P:NVUBdIzc 
  $872E:ED FD 03  SBC $03FD = #$F7                                               A:5F X:01 Y:00 S:FD P:nvUBdIzC 
  $8731:4D 57 04  EOR $0457 = #$50                                               A:68 X:01 Y:00 S:FD P:nvUBdIzc 
  $8734:55 26     EOR $26,X @ $0027 = #$A8                                       A:38 X:01 Y:00 S:FD P:nvUBdIzc 
  $8736:F5 24     SBC $24,X @ $0025 = #$E9                                       A:90 X:01 Y:00 S:FD P:NvUBdIzc 
  $8738:7D 1B 04  ADC $041B,X @ $041C = #$C4                                     A:A6 X:01 Y:00 S:FD P:NvUBdIzc 
  $873B:65 0B     ADC $000B = #$70                                               A:6A X:01 Y:00 S:FD P:nVUBdIzC 
  $873D:95 25     STA $25,X @ $0026 = #$EF                                       A:DB X:01 Y:00 S:FD P:NVUBdIzc 
  $873F:CA        DEX                                                            A:DB X:01 Y:00 S:FD P:NVUBdIzc 
  $8740:10 E8     BPL $872A                                                      A:DB X:00 Y:00 S:FD P:nVUBdIZc 
  $872A:B5 25     LDA $25,X @ $0025 = #$E9                                       A:DB X:00 Y:00 S:FD P:nVUBdIZc 
  $872C:65 0B     ADC $000B = #$70                                               A:E9 X:00 Y:00 S:FD P:NVUBdIzc 
  $872E:ED FD 03  SBC $03FD = #$F7                                               A:59 X:00 Y:00 S:FD P:nvUBdIzC 
  $8731:4D 57 04  EOR $0457 = #$50                                               A:62 X:00 Y:00 S:FD P:nvUBdIzc 
  $8734:55 26     EOR $26,X @ $0026 = #$DB                                       A:32 X:00 Y:00 S:FD P:nvUBdIzc 
  $8736:F5 24     SBC $24,X @ $0024 = #$83                                       A:E9 X:00 Y:00 S:FD P:NvUBdIzc 
  $8738:7D 1B 04  ADC $041B,X @ $041B = #$E4                                     A:65 X:00 Y:00 S:FD P:nvUBdIzC 
  $873B:65 0B     ADC $000B = #$70                                               A:4A X:00 Y:00 S:FD P:nvUBdIzC 
  $873D:95 25     STA $25,X @ $0025 = #$E9                                       A:BB X:00 Y:00 S:FD P:NVUBdIzc 
  $873F:CA        DEX                                                            A:BB X:00 Y:00 S:FD P:NVUBdIzc 
  $8740:10 E8     BPL $872A                                                      A:BB X:FF Y:00 S:FD P:NVUBdIzc 
  $8742:60        RTS (from $8728) ----------------------------------------------A:BB X:FF Y:00 S:FD P:NVUBdIzc 
$8722:20 43 87  JSR $8743                                                      A:BB X:FF Y:00 S:FF P:NVUBdIzc 
  $8743:A5 25     LDA $0025 = #$BB                                               A:BB X:FF Y:00 S:FD P:NVUBdIzc 
  $8745:45 28     EOR $0028 = #$4C                                               A:BB X:FF Y:00 S:FD P:NVUBdIzc 
  $8747:65 27     ADC $0027 = #$A8                                               A:F7 X:FF Y:00 S:FD P:NVUBdIzc 
  $8749:85 26     STA $0026 = #$DB                                               A:9F X:FF Y:00 S:FD P:NvUBdIzC 
  $874B:A5 27     LDA $0027 = #$A8                                               A:9F X:FF Y:00 S:FD P:NvUBdIzC 
  $874D:2A        ROL                                                            A:A8 X:FF Y:00 S:FD P:NvUBdIzC 
  $874E:E5 28     SBC $0028 = #$4C                                               A:51 X:FF Y:00 S:FD P:nvUBdIzC 
  $8750:85 27     STA $0027 = #$A8                                               A:05 X:FF Y:00 S:FD P:nvUBdIzC 
  $8752:45 26     EOR $0026 = #$9F                                               A:05 X:FF Y:00 S:FD P:nvUBdIzC 
  $8754:85 25     STA $0025 = #$BB                                               A:9A X:FF Y:00 S:FD P:NvUBdIzC 
  $8756:60        RTS (from $8743) ----------------------------------------------A:9A X:FF Y:00 S:FD P:NvUBdIzC 
$8725:4C 1F 87  JMP $871F                                                      A:9A X:FF Y:00 S:FF P:NvUBdIzC 
$871F:20 28 87  JSR $8728                                                      A:9A X:FF Y:00 S:FF P:NvUBdIzC 
  $8728:A2 03     LDX #$03                                                       A:9A X:FF Y:00 S:FD P:NvUBdIzC 
  $872A:B5 25     LDA $25,X @ $0028 = #$4C                                       A:9A X:03 Y:00 S:FD P:nvUBdIzC 
  $872C:65 0B     ADC $000B = #$70                                               A:4C X:03 Y:00 S:FD P:nvUBdIzC 
  $872E:ED FD 03  SBC $03FD = #$F7                                               A:BD X:03 Y:00 S:FD P:NVUBdIzc 
  $8731:4D 57 04  EOR $0457 = #$50                                               A:C5 X:03 Y:00 S:FD P:NvUBdIzc 
  $8734:55 26     EOR $26,X @ $0029 = #$0F                                       A:95 X:03 Y:00 S:FD P:NvUBdIzc 
  $8736:F5 24     SBC $24,X @ $0027 = #$05                                       A:9A X:03 Y:00 S:FD P:NvUBdIzc 
  $8738:7D 1B 04  ADC $041B,X @ $041E = #$C4                                     A:94 X:03 Y:00 S:FD P:NvUBdIzC 
  $873B:65 0B     ADC $000B = #$70                                               A:59 X:03 Y:00 S:FD P:nVUBdIzC 
  $873D:95 25     STA $25,X @ $0028 = #$4C                                       A:CA X:03 Y:00 S:FD P:NVUBdIzc 
  $873F:CA        DEX                                                            A:CA X:03 Y:00 S:FD P:NVUBdIzc 
  $8740:10 E8     BPL $872A                                                      A:CA X:02 Y:00 S:FD P:nVUBdIzc 
  $872A:B5 25     LDA $25,X @ $0027 = #$05                                       A:CA X:02 Y:00 S:FD P:nVUBdIzc 
  $872C:65 0B     ADC $000B = #$70                                               A:05 X:02 Y:00 S:FD P:nVUBdIzc 
  $872E:ED FD 03  SBC $03FD = #$F7                                               A:75 X:02 Y:00 S:FD P:nvUBdIzc 
  $8731:4D 57 04  EOR $0457 = #$50                                               A:7D X:02 Y:00 S:FD P:nvUBdIzc 
  $8734:55 26     EOR $26,X @ $0028 = #$CA                                       A:2D X:02 Y:00 S:FD P:nvUBdIzc 
  $8736:F5 24     SBC $24,X @ $0026 = #$9F                                       A:E7 X:02 Y:00 S:FD P:NvUBdIzc 
  $8738:7D 1B 04  ADC $041B,X @ $041D = #$C4                                     A:47 X:02 Y:00 S:FD P:nvUBdIzC 
  $873B:65 0B     ADC $000B = #$70                                               A:0C X:02 Y:00 S:FD P:nvUBdIzC 
  $873D:95 25     STA $25,X @ $0027 = #$05                                       A:7D X:02 Y:00 S:FD P:nvUBdIzc 
  $873F:CA        DEX                                                            A:7D X:02 Y:00 S:FD P:nvUBdIzc 
  $8740:10 E8     BPL $872A                                                      A:7D X:01 Y:00 S:FD P:nvUBdIzc 
  $872A:B5 25     LDA $25,X @ $0026 = #$9F                                       A:7D X:01 Y:00 S:FD P:nvUBdIzc 
  $872C:65 0B     ADC $000B = #$70                                               A:9F X:01 Y:00 S:FD P:NvUBdIzc 
  $872E:ED FD 03  SBC $03FD = #$F7                                               A:0F X:01 Y:00 S:FD P:nvUBdIzC 
  $8731:4D 57 04  EOR $0457 = #$50                                               A:18 X:01 Y:00 S:FD P:nvUBdIzc 
  $8734:55 26     EOR $26,X @ $0027 = #$7D                                       A:48 X:01 Y:00 S:FD P:nvUBdIzc 
  $8736:F5 24     SBC $24,X @ $0025 = #$9A                                       A:35 X:01 Y:00 S:FD P:nvUBdIzc 
  $8738:7D 1B 04  ADC $041B,X @ $041C = #$C4                                     A:9A X:01 Y:00 S:FD P:NVUBdIzc 
  $873B:65 0B     ADC $000B = #$70                                               A:5E X:01 Y:00 S:FD P:nVUBdIzC 
  $873D:95 25     STA $25,X @ $0026 = #$9F                                       A:CF X:01 Y:00 S:FD P:NVUBdIzc 
  $873F:CA        DEX                                                            A:CF X:01 Y:00 S:FD P:NVUBdIzc 
  $8740:10 E8     BPL $872A                                                      A:CF X:00 Y:00 S:FD P:nVUBdIZc 
  $872A:B5 25     LDA $25,X @ $0025 = #$9A                                       A:CF X:00 Y:00 S:FD P:nVUBdIZc 
  $872C:65 0B     ADC $000B = #$70                                               A:9A X:00 Y:00 S:FD P:NVUBdIzc 
  $872E:ED FD 03  SBC $03FD = #$F7                                               A:0A X:00 Y:00 S:FD P:nvUBdIzC 
  $8731:4D 57 04  EOR $0457 = #$50                                               A:13 X:00 Y:00 S:FD P:nvUBdIzc 
  $8734:55 26     EOR $26,X @ $0026 = #$CF                                       A:43 X:00 Y:00 S:FD P:nvUBdIzc 
  $8736:F5 24     SBC $24,X @ $0024 = #$83                                       A:8C X:00 Y:00 S:FD P:NvUBdIzc 
  $8738:7D 1B 04  ADC $041B,X @ $041B = #$E4                                     A:08 X:00 Y:00 S:FD P:nvUBdIzC 
  $873B:65 0B     ADC $000B = #$70                                               A:ED X:00 Y:00 S:FD P:NvUBdIzc 
  $873D:95 25     STA $25,X @ $0025 = #$9A                                       A:5D X:00 Y:00 S:FD P:nvUBdIzC 
  $873F:CA        DEX                                                            A:5D X:00 Y:00 S:FD P:nvUBdIzC 
  $8740:10 E8     BPL $872A                                                      A:5D X:FF Y:00 S:FD P:NvUBdIzC 
  $8742:60        RTS (from $8728) ----------------------------------------------A:5D X:FF Y:00 S:FD P:NvUBdIzC 
$8722:20 43 87  JSR $8743                                                      A:5D X:FF Y:00 S:FF P:NvUBdIzC 
  $8743:A5 25     LDA $0025 = #$5D                                               A:5D X:FF Y:00 S:FD P:NvUBdIzC 
  $8745:45 28     EOR $0028 = #$CA                                               A:5D X:FF Y:00 S:FD P:nvUBdIzC 
  $8747:65 27     ADC $0027 = #$7D                                               A:97 X:FF Y:00 S:FD P:NvUBdIzC 
  $8749:85 26     STA $0026 = #$CF                                               A:15 X:FF Y:00 S:FD P:nvUBdIzC 
  $874B:A5 27     LDA $0027 = #$7D                                               A:15 X:FF Y:00 S:FD P:nvUBdIzC 
  $874D:2A        ROL                                                            A:7D X:FF Y:00 S:FD P:nvUBdIzC 
  $874E:E5 28     SBC $0028 = #$CA                                               A:FB X:FF Y:00 S:FD P:NvUBdIzc 
  $8750:85 27     STA $0027 = #$7D                                               A:30 X:FF Y:00 S:FD P:nvUBdIzC 
  $8752:45 26     EOR $0026 = #$15                                               A:30 X:FF Y:00 S:FD P:nvUBdIzC 
  $8754:85 25     STA $0025 = #$5D                                               A:25 X:FF Y:00 S:FD P:nvUBdIzC 
  $8756:60        RTS (from $8743) ----------------------------------------------A:25 X:FF Y:00 S:FD P:nvUBdIzC 
$8725:4C 1F 87  JMP $871F                                                      A:25 X:FF Y:00 S:FF P:nvUBdIzC 
$871F:20 28 87  JSR $8728                                                      A:25 X:FF Y:00 S:FF P:nvUBdIzC 
  $8728:A2 03     LDX #$03                                                       A:25 X:FF Y:00 S:FD P:nvUBdIzC 
  $872A:B5 25     LDA $25,X @ $0028 = #$CA                                       A:25 X:03 Y:00 S:FD P:nvUBdIzC 
  $872C:65 0B     ADC $000B = #$70                                               A:CA X:03 Y:00 S:FD P:NvUBdIzC 
  $872E:ED FD 03  SBC $03FD = #$F7                                               A:3B X:03 Y:00 S:FD P:nvUBdIzC 
  $8731:4D 57 04  EOR $0457 = #$50                                               A:44 X:03 Y:00 S:FD P:nvUBdIzc 
  $8734:55 26     EOR $26,X @ $0029 = #$0F                                       A:14 X:03 Y:00 S:FD P:nvUBdIzc 
  $8736:F5 24     SBC $24,X @ $0027 = #$30                                       A:1B X:03 Y:00 S:FD P:nvUBdIzc 
  $8738:7D 1B 04  ADC $041B,X @ $041E = #$C4                                     A:EA X:03 Y:00 S:FD P:NvUBdIzc 
  $873B:65 0B     ADC $000B = #$70                                               A:AE X:03 Y:00 S:FD P:NvUBdIzC 
  $873D:95 25     STA $25,X @ $0028 = #$CA                                       A:1F X:03 Y:00 S:FD P:nvUBdIzC 
  $873F:CA        DEX                                                            A:1F X:03 Y:00 S:FD P:nvUBdIzC 
  $8740:10 E8     BPL $872A                                                      A:1F X:02 Y:00 S:FD P:nvUBdIzC 
  $872A:B5 25     LDA $25,X @ $0027 = #$30                                       A:1F X:02 Y:00 S:FD P:nvUBdIzC 
  $872C:65 0B     ADC $000B = #$70                                               A:30 X:02 Y:00 S:FD P:nvUBdIzC 
  $872E:ED FD 03  SBC $03FD = #$F7                                               A:A1 X:02 Y:00 S:FD P:NVUBdIzc 
  $8731:4D 57 04  EOR $0457 = #$50                                               A:A9 X:02 Y:00 S:FD P:NvUBdIzc 
  $8734:55 26     EOR $26,X @ $0028 = #$1F                                       A:F9 X:02 Y:00 S:FD P:NvUBdIzc 
  $8736:F5 24     SBC $24,X @ $0026 = #$15                                       A:E6 X:02 Y:00 S:FD P:NvUBdIzc 
  $8738:7D 1B 04  ADC $041B,X @ $041D = #$C4                                     A:D0 X:02 Y:00 S:FD P:NvUBdIzC 
  $873B:65 0B     ADC $000B = #$70                                               A:95 X:02 Y:00 S:FD P:NvUBdIzC 
  $873D:95 25     STA $25,X @ $0027 = #$30                                       A:06 X:02 Y:00 S:FD P:nvUBdIzC 
  $873F:CA        DEX                                                            A:06 X:02 Y:00 S:FD P:nvUBdIzC 
  $8740:10 E8     BPL $872A                                                      A:06 X:01 Y:00 S:FD P:nvUBdIzC 
  $872A:B5 25     LDA $25,X @ $0026 = #$15                                       A:06 X:01 Y:00 S:FD P:nvUBdIzC 
  $872C:65 0B     ADC $000B = #$70                                               A:15 X:01 Y:00 S:FD P:nvUBdIzC 
  $872E:ED FD 03  SBC $03FD = #$F7                                               A:86 X:01 Y:00 S:FD P:NVUBdIzc 
  $8731:4D 57 04  EOR $0457 = #$50                                               A:8E X:01 Y:00 S:FD P:NvUBdIzc 
  $8734:55 26     EOR $26,X @ $0027 = #$06                                       A:DE X:01 Y:00 S:FD P:NvUBdIzc 
  $8736:F5 24     SBC $24,X @ $0025 = #$25                                       A:D8 X:01 Y:00 S:FD P:NvUBdIzc 
  $8738:7D 1B 04  ADC $041B,X @ $041C = #$C4                                     A:B2 X:01 Y:00 S:FD P:NvUBdIzC 
  $873B:65 0B     ADC $000B = #$70                                               A:77 X:01 Y:00 S:FD P:nVUBdIzC 
  $873D:95 25     STA $25,X @ $0026 = #$15                                       A:E8 X:01 Y:00 S:FD P:NVUBdIzc 
  $873F:CA        DEX                                                            A:E8 X:01 Y:00 S:FD P:NVUBdIzc 
  $8740:10 E8     BPL $872A                                                      A:E8 X:00 Y:00 S:FD P:nVUBdIZc 
  $872A:B5 25     LDA $25,X @ $0025 = #$25                                       A:E8 X:00 Y:00 S:FD P:nVUBdIZc 
  $872C:65 0B     ADC $000B = #$70                                               A:25 X:00 Y:00 S:FD P:nVUBdIzc 
  $872E:ED FD 03  SBC $03FD = #$F7                                               A:95 X:00 Y:00 S:FD P:NVUBdIzc 
  $8731:4D 57 04  EOR $0457 = #$50                                               A:9D X:00 Y:00 S:FD P:NvUBdIzc 
  $8734:55 26     EOR $26,X @ $0026 = #$E8                                       A:CD X:00 Y:00 S:FD P:NvUBdIzc 
  $8736:F5 24     SBC $24,X @ $0024 = #$83                                       A:25 X:00 Y:00 S:FD P:nvUBdIzc 
  $8738:7D 1B 04  ADC $041B,X @ $041B = #$E4                                     A:A1 X:00 Y:00 S:FD P:NVUBdIzc 
  $873B:65 0B     ADC $000B = #$70                                               A:85 X:00 Y:00 S:FD P:NvUBdIzC 
  $873D:95 25     STA $25,X @ $0025 = #$25                                       A:F6 X:00 Y:00 S:FD P:NvUBdIzc 
  $873F:CA        DEX                                                            A:F6 X:00 Y:00 S:FD P:NvUBdIzc 
  $8740:10 E8     BPL $872A                                                      A:F6 X:FF Y:00 S:FD P:NvUBdIzc 
  $8742:60        RTS (from $8728) ----------------------------------------------A:F6 X:FF Y:00 S:FD P:NvUBdIzc 
$8722:20 43 87  JSR $8743                                                      A:F6 X:FF Y:00 S:FF P:NvUBdIzc 
  $8743:A5 25     LDA $0025 = #$F6                                               A:F6 X:FF Y:00 S:FD P:NvUBdIzc 
  $8745:45 28     EOR $0028 = #$1F                                               A:F6 X:FF Y:00 S:FD P:NvUBdIzc 
  $8747:65 27     ADC $0027 = #$06                                               A:E9 X:FF Y:00 S:FD P:NvUBdIzc 
  $8749:85 26     STA $0026 = #$E8                                               A:EF X:FF Y:00 S:FD P:NvUBdIzc 
  $874B:A5 27     LDA $0027 = #$06                                               A:EF X:FF Y:00 S:FD P:NvUBdIzc 
  $874D:2A        ROL                                                            A:06 X:FF Y:00 S:FD P:nvUBdIzc 
  $874E:E5 28     SBC $0028 = #$1F                                               A:0C X:FF Y:00 S:FD P:nvUBdIzc 
  $8750:85 27     STA $0027 = #$06                                               A:EC X:FF Y:00 S:FD P:NvUBdIzc 
  $8752:45 26     EOR $0026 = #$EF                                               A:EC X:FF Y:00 S:FD P:NvUBdIzc 
  $8754:85 25     STA $0025 = #$F6                                               A:03 X:FF Y:00 S:FD P:nvUBdIzc 
  $8756:60        RTS (from $8743) ----------------------------------------------A:03 X:FF Y:00 S:FD P:nvUBdIzc 
$8725:4C 1F 87  JMP $871F                                                      A:03 X:FF Y:00 S:FF P:nvUBdIzc 
$871F:20 28 87  JSR $8728                                                      A:03 X:FF Y:00 S:FF P:nvUBdIzc 
  $8728:A2 03     LDX #$03                                                       A:03 X:FF Y:00 S:FD P:nvUBdIzc 
  $872A:B5 25     LDA $25,X @ $0028 = #$1F                                       A:03 X:03 Y:00 S:FD P:nvUBdIzc 
  $872C:65 0B     ADC $000B = #$70                                               A:1F X:03 Y:00 S:FD P:nvUBdIzc 
  $872E:ED FD 03  SBC $03FD = #$F7                                               A:8F X:03 Y:00 S:FD P:NVUBdIzc 
  $8731:4D 57 04  EOR $0457 = #$50                                               A:97 X:03 Y:00 S:FD P:NvUBdIzc 
  $8734:55 26     EOR $26,X @ $0029 = #$0F                                       A:C7 X:03 Y:00 S:FD P:NvUBdIzc 
  $8736:F5 24     SBC $24,X @ $0027 = #$EC                                       A:C8 X:03 Y:00 S:FD P:NvUBdIzc 
  $8738:7D 1B 04  ADC $041B,X @ $041E = #$C4                                     A:DB X:03 Y:00 S:FD P:NvUBdIzc 
  $873B:65 0B     ADC $000B = #$70                                               A:9F X:03 Y:00 S:FD P:NvUBdIzC 
  $873D:95 25     STA $25,X @ $0028 = #$1F                                       A:10 X:03 Y:00 S:FD P:nvUBdIzC 
  $873F:CA        DEX                                                            A:10 X:03 Y:00 S:FD P:nvUBdIzC 
  $8740:10 E8     BPL $872A                                                      A:10 X:02 Y:00 S:FD P:nvUBdIzC 
  $872A:B5 25     LDA $25,X @ $0027 = #$EC                                       A:10 X:02 Y:00 S:FD P:nvUBdIzC 
  $872C:65 0B     ADC $000B = #$70                                               A:EC X:02 Y:00 S:FD P:NvUBdIzC 
  $872E:ED FD 03  SBC $03FD = #$F7                                               A:5D X:02 Y:00 S:FD P:nvUBdIzC 
  $8731:4D 57 04  EOR $0457 = #$50                                               A:66 X:02 Y:00 S:FD P:nvUBdIzc 
  $8734:55 26     EOR $26,X @ $0028 = #$10                                       A:36 X:02 Y:00 S:FD P:nvUBdIzc 
  $8736:F5 24     SBC $24,X @ $0026 = #$EF                                       A:26 X:02 Y:00 S:FD P:nvUBdIzc 
  $8738:7D 1B 04  ADC $041B,X @ $041D = #$C4                                     A:36 X:02 Y:00 S:FD P:nvUBdIzc 
  $873B:65 0B     ADC $000B = #$70                                               A:FA X:02 Y:00 S:FD P:NvUBdIzc 
  $873D:95 25     STA $25,X @ $0027 = #$EC                                       A:6A X:02 Y:00 S:FD P:nvUBdIzC 
  $873F:CA        DEX                                                            A:6A X:02 Y:00 S:FD P:nvUBdIzC 
  $8740:10 E8     BPL $872A                                                      A:6A X:01 Y:00 S:FD P:nvUBdIzC 
  $872A:B5 25     LDA $25,X @ $0026 = #$EF                                       A:6A X:01 Y:00 S:FD P:nvUBdIzC 
  $872C:65 0B     ADC $000B = #$70                                               A:EF X:01 Y:00 S:FD P:NvUBdIzC 
  $872E:ED FD 03  SBC $03FD = #$F7                                               A:60 X:01 Y:00 S:FD P:nvUBdIzC 
  $8731:4D 57 04  EOR $0457 = #$50                                               A:69 X:01 Y:00 S:FD P:nvUBdIzc 
  $8734:55 26     EOR $26,X @ $0027 = #$6A                                       A:39 X:01 Y:00 S:FD P:nvUBdIzc 
  $8736:F5 24     SBC $24,X @ $0025 = #$03                                       A:53 X:01 Y:00 S:FD P:nvUBdIzc 
  $8738:7D 1B 04  ADC $041B,X @ $041C = #$C4                                     A:4F X:01 Y:00 S:FD P:nvUBdIzC 
  $873B:65 0B     ADC $000B = #$70                                               A:14 X:01 Y:00 S:FD P:nvUBdIzC 
  $873D:95 25     STA $25,X @ $0026 = #$EF                                       A:85 X:01 Y:00 S:FD P:NVUBdIzc 
  $873F:CA        DEX                                                            A:85 X:01 Y:00 S:FD P:NVUBdIzc 
  $8740:10 E8     BPL $872A                                                      A:85 X:00 Y:00 S:FD P:nVUBdIZc 
  $872A:B5 25     LDA $25,X @ $0025 = #$03                                       A:85 X:00 Y:00 S:FD P:nVUBdIZc 
  $872C:65 0B     ADC $000B = #$70                                               A:03 X:00 Y:00 S:FD P:nVUBdIzc 
  $872E:ED FD 03  SBC $03FD = #$F7                                               A:73 X:00 Y:00 S:FD P:nvUBdIzc 
  $8731:4D 57 04  EOR $0457 = #$50                                               A:7B X:00 Y:00 S:FD P:nvUBdIzc 
  $8734:55 26     EOR $26,X @ $0026 = #$85                                       A:2B X:00 Y:00 S:FD P:nvUBdIzc 
  $8736:F5 24     SBC $24,X @ $0024 = #$83                                       A:AE X:00 Y:00 S:FD P:NvUBdIzc 
  $8738:7D 1B 04  ADC $041B,X @ $041B = #$E4                                     A:2A X:00 Y:00 S:FD P:nvUBdIzC 
  $873B:65 0B     ADC $000B = #$70                                               A:0F X:00 Y:00 S:FD P:nvUBdIzC 
  $873D:95 25     STA $25,X @ $0025 = #$03                                       A:80 X:00 Y:00 S:FD P:NVUBdIzc 
  $873F:CA        DEX                                                            A:80 X:00 Y:00 S:FD P:NVUBdIzc 
  $8740:10 E8     BPL $872A                                                      A:80 X:FF Y:00 S:FD P:NVUBdIzc 
  $8742:60        RTS (from $8728) ----------------------------------------------A:80 X:FF Y:00 S:FD P:NVUBdIzc 
$8722:20 43 87  JSR $8743                                                      A:80 X:FF Y:00 S:FF P:NVUBdIzc 
  $8743:A5 25     LDA $0025 = #$80                                               A:80 X:FF Y:00 S:FD P:NVUBdIzc 
  $8745:45 28     EOR $0028 = #$10                                               A:80 X:FF Y:00 S:FD P:NVUBdIzc 
  $8747:65 27     ADC $0027 = #$6A                                               A:90 X:FF Y:00 S:FD P:NVUBdIzc 
  $8749:85 26     STA $0026 = #$85                                               A:FA X:FF Y:00 S:FD P:NvUBdIzc 
  $874B:A5 27     LDA $0027 = #$6A                                               A:FA X:FF Y:00 S:FD P:NvUBdIzc 
  $874D:2A        ROL                                                            A:6A X:FF Y:00 S:FD P:nvUBdIzc 
  $874E:E5 28     SBC $0028 = #$10                                               A:D4 X:FF Y:00 S:FD P:NvUBdIzc 
  $8750:85 27     STA $0027 = #$6A                                               A:C3 X:FF Y:00 S:FD P:NvUBdIzC 
  $8752:45 26     EOR $0026 = #$FA                                               A:C3 X:FF Y:00 S:FD P:NvUBdIzC 
  $8754:85 25     STA $0025 = #$80                                               A:39 X:FF Y:00 S:FD P:nvUBdIzC 
  $8756:60        RTS (from $8743) ----------------------------------------------A:39 X:FF Y:00 S:FD P:nvUBdIzC 
$8725:4C 1F 87  JMP $871F                                                      A:39 X:FF Y:00 S:FF P:nvUBdIzC 
$871F:20 28 87  JSR $8728                                                      A:39 X:FF Y:00 S:FF P:nvUBdIzC 
  $8728:A2 03     LDX #$03                                                       A:39 X:FF Y:00 S:FD P:nvUBdIzC 
  $872A:B5 25     LDA $25,X @ $0028 = #$10                                       A:39 X:03 Y:00 S:FD P:nvUBdIzC 
  $872C:65 0B     ADC $000B = #$70                                               A:10 X:03 Y:00 S:FD P:nvUBdIzC 
  $872E:ED FD 03  SBC $03FD = #$F7                                               A:81 X:03 Y:00 S:FD P:NVUBdIzc 
  $8731:4D 57 04  EOR $0457 = #$50                                               A:89 X:03 Y:00 S:FD P:NvUBdIzc 
  $8734:55 26     EOR $26,X @ $0029 = #$0F                                       A:D9 X:03 Y:00 S:FD P:NvUBdIzc 
  $8736:F5 24     SBC $24,X @ $0027 = #$C3                                       A:D6 X:03 Y:00 S:FD P:NvUBdIzc 
  $8738:7D 1B 04  ADC $041B,X @ $041E = #$C4                                     A:12 X:03 Y:00 S:FD P:nvUBdIzC 
  $873B:65 0B     ADC $000B = #$70                                               A:D7 X:03 Y:00 S:FD P:NvUBdIzc 
  $873D:95 25     STA $25,X @ $0028 = #$10                                       A:47 X:03 Y:00 S:FD P:nvUBdIzC 
  $873F:CA        DEX                                                            A:47 X:03 Y:00 S:FD P:nvUBdIzC 
  $8740:10 E8     BPL $872A                                                      A:47 X:02 Y:00 S:FD P:nvUBdIzC 
  $872A:B5 25     LDA $25,X @ $0027 = #$C3                                       A:47 X:02 Y:00 S:FD P:nvUBdIzC 
  $872C:65 0B     ADC $000B = #$70                                               A:C3 X:02 Y:00 S:FD P:NvUBdIzC 
  $872E:ED FD 03  SBC $03FD = #$F7                                               A:34 X:02 Y:00 S:FD P:nvUBdIzC 
  $8731:4D 57 04  EOR $0457 = #$50                                               A:3D X:02 Y:00 S:FD P:nvUBdIzc 
  $8734:55 26     EOR $26,X @ $0028 = #$47                                       A:6D X:02 Y:00 S:FD P:nvUBdIzc 
  $8736:F5 24     SBC $24,X @ $0026 = #$FA                                       A:2A X:02 Y:00 S:FD P:nvUBdIzc 
  $8738:7D 1B 04  ADC $041B,X @ $041D = #$C4                                     A:2F X:02 Y:00 S:FD P:nvUBdIzc 
  $873B:65 0B     ADC $000B = #$70                                               A:F3 X:02 Y:00 S:FD P:NvUBdIzc 
  $873D:95 25     STA $25,X @ $0027 = #$C3                                       A:63 X:02 Y:00 S:FD P:nvUBdIzC 
  $873F:CA        DEX                                                            A:63 X:02 Y:00 S:FD P:nvUBdIzC 
  $8740:10 E8     BPL $872A                                                      A:63 X:01 Y:00 S:FD P:nvUBdIzC 
  $872A:B5 25     LDA $25,X @ $0026 = #$FA                                       A:63 X:01 Y:00 S:FD P:nvUBdIzC 
  $872C:65 0B     ADC $000B = #$70                                               A:FA X:01 Y:00 S:FD P:NvUBdIzC 
  $872E:ED FD 03  SBC $03FD = #$F7                                               A:6B X:01 Y:00 S:FD P:nvUBdIzC 
  $8731:4D 57 04  EOR $0457 = #$50                                               A:74 X:01 Y:00 S:FD P:nvUBdIzc 
  $8734:55 26     EOR $26,X @ $0027 = #$63                                       A:24 X:01 Y:00 S:FD P:nvUBdIzc 
  $8736:F5 24     SBC $24,X @ $0025 = #$39                                       A:47 X:01 Y:00 S:FD P:nvUBdIzc 
  $8738:7D 1B 04  ADC $041B,X @ $041C = #$C4                                     A:0D X:01 Y:00 S:FD P:nvUBdIzC 
  $873B:65 0B     ADC $000B = #$70                                               A:D2 X:01 Y:00 S:FD P:NvUBdIzc 
  $873D:95 25     STA $25,X @ $0026 = #$FA                                       A:42 X:01 Y:00 S:FD P:nvUBdIzC 
  $873F:CA        DEX                                                            A:42 X:01 Y:00 S:FD P:nvUBdIzC 
  $8740:10 E8     BPL $872A                                                      A:42 X:00 Y:00 S:FD P:nvUBdIZC 
  $872A:B5 25     LDA $25,X @ $0025 = #$39                                       A:42 X:00 Y:00 S:FD P:nvUBdIZC 
  $872C:65 0B     ADC $000B = #$70                                               A:39 X:00 Y:00 S:FD P:nvUBdIzC 
  $872E:ED FD 03  SBC $03FD = #$F7                                               A:AA X:00 Y:00 S:FD P:NVUBdIzc 
  $8731:4D 57 04  EOR $0457 = #$50                                               A:B2 X:00 Y:00 S:FD P:NvUBdIzc 
  $8734:55 26     EOR $26,X @ $0026 = #$42                                       A:E2 X:00 Y:00 S:FD P:NvUBdIzc 
  $8736:F5 24     SBC $24,X @ $0024 = #$83                                       A:A0 X:00 Y:00 S:FD P:NvUBdIzc 
  $8738:7D 1B 04  ADC $041B,X @ $041B = #$E4                                     A:1C X:00 Y:00 S:FD P:nvUBdIzC 
  $873B:65 0B     ADC $000B = #$70                                               A:01 X:00 Y:00 S:FD P:nvUBdIzC 
  $873D:95 25     STA $25,X @ $0025 = #$39                                       A:72 X:00 Y:00 S:FD P:nvUBdIzc 
  $873F:CA        DEX                                                            A:72 X:00 Y:00 S:FD P:nvUBdIzc 
  $8740:10 E8     BPL $872A                                                      A:72 X:FF Y:00 S:FD P:NvUBdIzc 
  $8742:60        RTS (from $8728) ----------------------------------------------A:72 X:FF Y:00 S:FD P:NvUBdIzc 
$8722:20 43 87  JSR $8743                                                      A:72 X:FF Y:00 S:FF P:NvUBdIzc 
  $8743:A5 25     LDA $0025 = #$72                                               A:72 X:FF Y:00 S:FD P:NvUBdIzc 
  $8745:45 28     EOR $0028 = #$47                                               A:72 X:FF Y:00 S:FD P:nvUBdIzc 
  $8747:65 27     ADC $0027 = #$63                                               A:35 X:FF Y:00 S:FD P:nvUBdIzc 
  $8749:85 26     STA $0026 = #$42                                               A:98 X:FF Y:00 S:FD P:NVUBdIzc 
  $874B:A5 27     LDA $0027 = #$63                                               A:98 X:FF Y:00 S:FD P:NVUBdIzc 
  $874D:2A        ROL                                                            A:63 X:FF Y:00 S:FD P:nVUBdIzc 
  $874E:E5 28     SBC $0028 = #$47                                               A:C6 X:FF Y:00 S:FD P:NVUBdIzc 
  $8750:85 27     STA $0027 = #$63                                               A:7E X:FF Y:00 S:FD P:nVUBdIzC 
  $8752:45 26     EOR $0026 = #$98                                               A:7E X:FF Y:00 S:FD P:nVUBdIzC 
  $8754:85 25     STA $0025 = #$72                                               A:E6 X:FF Y:00 S:FD P:NVUBdIzC 
  $8756:60        RTS (from $8743) ----------------------------------------------A:E6 X:FF Y:00 S:FD P:NVUBdIzC 
$8725:4C 1F 87  JMP $871F                                                      A:E6 X:FF Y:00 S:FF P:NVUBdIzC 
$871F:20 28 87  JSR $8728                                                      A:E6 X:FF Y:00 S:FF P:NVUBdIzC 
  $8728:A2 03     LDX #$03                                                       A:E6 X:FF Y:00 S:FD P:NVUBdIzC 
  $872A:B5 25     LDA $25,X @ $0028 = #$47                                       A:E6 X:03 Y:00 S:FD P:nVUBdIzC 
  $872C:65 0B     ADC $000B = #$70                                               A:47 X:03 Y:00 S:FD P:nVUBdIzC 
  $872E:ED FD 03  SBC $03FD = #$F7                                               A:B8 X:03 Y:00 S:FD P:NVUBdIzc 
  $8731:4D 57 04  EOR $0457 = #$50                                               A:C0 X:03 Y:00 S:FD P:NvUBdIzc 
  $8734:55 26     EOR $26,X @ $0029 = #$0F                                       A:90 X:03 Y:00 S:FD P:NvUBdIzc 
  $8736:F5 24     SBC $24,X @ $0027 = #$7E                                       A:9F X:03 Y:00 S:FD P:NvUBdIzc 
  $8738:7D 1B 04  ADC $041B,X @ $041E = #$C4                                     A:20 X:03 Y:00 S:FD P:nVUBdIzC 
  $873B:65 0B     ADC $000B = #$70                                               A:E5 X:03 Y:00 S:FD P:NvUBdIzc 
  $873D:95 25     STA $25,X @ $0028 = #$47                                       A:55 X:03 Y:00 S:FD P:nvUBdIzC 
  $873F:CA        DEX                                                            A:55 X:03 Y:00 S:FD P:nvUBdIzC 
  $8740:10 E8     BPL $872A                                                      A:55 X:02 Y:00 S:FD P:nvUBdIzC 
  $872A:B5 25     LDA $25,X @ $0027 = #$7E                                       A:55 X:02 Y:00 S:FD P:nvUBdIzC 
  $872C:65 0B     ADC $000B = #$70                                               A:7E X:02 Y:00 S:FD P:nvUBdIzC 
  $872E:ED FD 03  SBC $03FD = #$F7                                               A:EF X:02 Y:00 S:FD P:NVUBdIzc 
  $8731:4D 57 04  EOR $0457 = #$50                                               A:F7 X:02 Y:00 S:FD P:NvUBdIzc 
  $8734:55 26     EOR $26,X @ $0028 = #$55                                       A:A7 X:02 Y:00 S:FD P:NvUBdIzc 
  $8736:F5 24     SBC $24,X @ $0026 = #$98                                       A:F2 X:02 Y:00 S:FD P:NvUBdIzc 
  $8738:7D 1B 04  ADC $041B,X @ $041D = #$C4                                     A:59 X:02 Y:00 S:FD P:nvUBdIzC 
  $873B:65 0B     ADC $000B = #$70                                               A:1E X:02 Y:00 S:FD P:nvUBdIzC 
  $873D:95 25     STA $25,X @ $0027 = #$7E                                       A:8F X:02 Y:00 S:FD P:NVUBdIzc 
  $873F:CA        DEX                                                            A:8F X:02 Y:00 S:FD P:NVUBdIzc 
  $8740:10 E8     BPL $872A                                                      A:8F X:01 Y:00 S:FD P:nVUBdIzc 
  $872A:B5 25     LDA $25,X @ $0026 = #$98                                       A:8F X:01 Y:00 S:FD P:nVUBdIzc 
  $872C:65 0B     ADC $000B = #$70                                               A:98 X:01 Y:00 S:FD P:NVUBdIzc 
  $872E:ED FD 03  SBC $03FD = #$F7                                               A:08 X:01 Y:00 S:FD P:nvUBdIzC 
  $8731:4D 57 04  EOR $0457 = #$50                                               A:11 X:01 Y:00 S:FD P:nvUBdIzc 
  $8734:55 26     EOR $26,X @ $0027 = #$8F                                       A:41 X:01 Y:00 S:FD P:nvUBdIzc 
  $8736:F5 24     SBC $24,X @ $0025 = #$E6                                       A:CE X:01 Y:00 S:FD P:NvUBdIzc 
  $8738:7D 1B 04  ADC $041B,X @ $041C = #$C4                                     A:E7 X:01 Y:00 S:FD P:NvUBdIzc 
  $873B:65 0B     ADC $000B = #$70                                               A:AB X:01 Y:00 S:FD P:NvUBdIzC 
  $873D:95 25     STA $25,X @ $0026 = #$98                                       A:1C X:01 Y:00 S:FD P:nvUBdIzC 
  $873F:CA        DEX                                                            A:1C X:01 Y:00 S:FD P:nvUBdIzC 
  $8740:10 E8     BPL $872A                                                      A:1C X:00 Y:00 S:FD P:nvUBdIZC 
  $872A:B5 25     LDA $25,X @ $0025 = #$E6                                       A:1C X:00 Y:00 S:FD P:nvUBdIZC 
  $872C:65 0B     ADC $000B = #$70                                               A:E6 X:00 Y:00 S:FD P:NvUBdIzC 
  $872E:ED FD 03  SBC $03FD = #$F7                                               A:57 X:00 Y:00 S:FD P:nvUBdIzC 
  $8731:4D 57 04  EOR $0457 = #$50                                               A:60 X:00 Y:00 S:FD P:nvUBdIzc 
  $8734:55 26     EOR $26,X @ $0026 = #$1C                                       A:30 X:00 Y:00 S:FD P:nvUBdIzc 
  $8736:F5 24     SBC $24,X @ $0024 = #$83                                       A:2C X:00 Y:00 S:FD P:nvUBdIzc 
  $8738:7D 1B 04  ADC $041B,X @ $041B = #$E4                                     A:A8 X:00 Y:00 S:FD P:NVUBdIzc 
  $873B:65 0B     ADC $000B = #$70                                               A:8C X:00 Y:00 S:FD P:NvUBdIzC 
  $873D:95 25     STA $25,X @ $0025 = #$E6                                       A:FD X:00 Y:00 S:FD P:NvUBdIzc 
  $873F:CA        DEX                                                            A:FD X:00 Y:00 S:FD P:NvUBdIzc 
  $8740:10 E8     BPL $872A                                                      A:FD X:FF Y:00 S:FD P:NvUBdIzc 
  $8742:60        RTS (from $8728) ----------------------------------------------A:FD X:FF Y:00 S:FD P:NvUBdIzc 
$8722:20 43 87  JSR $8743                                                      A:FD X:FF Y:00 S:FF P:NvUBdIzc 
  $8743:A5 25     LDA $0025 = #$FD                                               A:FD X:FF Y:00 S:FD P:NvUBdIzc 
  $8745:45 28     EOR $0028 = #$55                                               A:FD X:FF Y:00 S:FD P:NvUBdIzc 
  $8747:65 27     ADC $0027 = #$8F                                               A:A8 X:FF Y:00 S:FD P:NvUBdIzc 
  $8749:85 26     STA $0026 = #$1C                                               A:37 X:FF Y:00 S:FD P:nVUBdIzC 
  $874B:A5 27     LDA $0027 = #$8F                                               A:37 X:FF Y:00 S:FD P:nVUBdIzC 
  $874D:2A        ROL                                                            A:8F X:FF Y:00 S:FD P:NVUBdIzC 
  $874E:E5 28     SBC $0028 = #$55                                               A:1F X:FF Y:00 S:FD P:nVUBdIzC 
  $8750:85 27     STA $0027 = #$8F                                               A:CA X:FF Y:00 S:FD P:NvUBdIzc 
  $8752:45 26     EOR $0026 = #$37                                               A:CA X:FF Y:00 S:FD P:NvUBdIzc 
  $8754:85 25     STA $0025 = #$FD                                               A:FD X:FF Y:00 S:FD P:NvUBdIzc 
  $8756:60        RTS (from $8743) ----------------------------------------------A:FD X:FF Y:00 S:FD P:NvUBdIzc 
$8725:4C 1F 87  JMP $871F                                                      A:FD X:FF Y:00 S:FF P:NvUBdIzc 
$871F:20 28 87  JSR $8728                                                      A:FD X:FF Y:00 S:FF P:NvUBdIzc 
  $8728:A2 03     LDX #$03                                                       A:FD X:FF Y:00 S:FD P:NvUBdIzc 
  $872A:B5 25     LDA $25,X @ $0028 = #$55                                       A:FD X:03 Y:00 S:FD P:nvUBdIzc 
  $872C:65 0B     ADC $000B = #$70                                               A:55 X:03 Y:00 S:FD P:nvUBdIzc 
  $872E:ED FD 03  SBC $03FD = #$F7                                               A:C5 X:03 Y:00 S:FD P:NVUBdIzc 
  $8731:4D 57 04  EOR $0457 = #$50                                               A:CD X:03 Y:00 S:FD P:NvUBdIzc 
  $8734:55 26     EOR $26,X @ $0029 = #$0F                                       A:9D X:03 Y:00 S:FD P:NvUBdIzc 
  $8736:F5 24     SBC $24,X @ $0027 = #$CA                                       A:92 X:03 Y:00 S:FD P:NvUBdIzc 
  $8738:7D 1B 04  ADC $041B,X @ $041E = #$C4                                     A:C7 X:03 Y:00 S:FD P:NvUBdIzc 
  $873B:65 0B     ADC $000B = #$70                                               A:8B X:03 Y:00 S:FD P:NvUBdIzC 
  $873D:95 25     STA $25,X @ $0028 = #$55                                       A:FC X:03 Y:00 S:FD P:NvUBdIzc 
  $873F:CA        DEX                                                            A:FC X:03 Y:00 S:FD P:NvUBdIzc 
  $8740:10 E8     BPL $872A                                                      A:FC X:02 Y:00 S:FD P:nvUBdIzc 
  $872A:B5 25     LDA $25,X @ $0027 = #$CA                                       A:FC X:02 Y:00 S:FD P:nvUBdIzc 
  $872C:65 0B     ADC $000B = #$70                                               A:CA X:02 Y:00 S:FD P:NvUBdIzc 
  $872E:ED FD 03  SBC $03FD = #$F7                                               A:3A X:02 Y:00 S:FD P:nvUBdIzC 
  $8731:4D 57 04  EOR $0457 = #$50                                               A:43 X:02 Y:00 S:FD P:nvUBdIzc 
  $8734:55 26     EOR $26,X @ $0028 = #$FC                                       A:13 X:02 Y:00 S:FD P:nvUBdIzc 
  $8736:F5 24     SBC $24,X @ $0026 = #$37                                       A:EF X:02 Y:00 S:FD P:NvUBdIzc 
  $8738:7D 1B 04  ADC $041B,X @ $041D = #$C4                                     A:B7 X:02 Y:00 S:FD P:NvUBdIzC 
  $873B:65 0B     ADC $000B = #$70                                               A:7C X:02 Y:00 S:FD P:nVUBdIzC 
  $873D:95 25     STA $25,X @ $0027 = #$CA                                       A:ED X:02 Y:00 S:FD P:NVUBdIzc 
  $873F:CA        DEX                                                            A:ED X:02 Y:00 S:FD P:NVUBdIzc 
  $8740:10 E8     BPL $872A                                                      A:ED X:01 Y:00 S:FD P:nVUBdIzc 
  $872A:B5 25     LDA $25,X @ $0026 = #$37                                       A:ED X:01 Y:00 S:FD P:nVUBdIzc 
  $872C:65 0B     ADC $000B = #$70                                               A:37 X:01 Y:00 S:FD P:nVUBdIzc 
  $872E:ED FD 03  SBC $03FD = #$F7                                               A:A7 X:01 Y:00 S:FD P:NVUBdIzc 
  $8731:4D 57 04  EOR $0457 = #$50                                               A:AF X:01 Y:00 S:FD P:NvUBdIzc 
  $8734:55 26     EOR $26,X @ $0027 = #$ED                                       A:FF X:01 Y:00 S:FD P:NvUBdIzc 
  $8736:F5 24     SBC $24,X @ $0025 = #$FD                                       A:12 X:01 Y:00 S:FD P:nvUBdIzc 
  $8738:7D 1B 04  ADC $041B,X @ $041C = #$C4                                     A:14 X:01 Y:00 S:FD P:nvUBdIzc 
  $873B:65 0B     ADC $000B = #$70                                               A:D8 X:01 Y:00 S:FD P:NvUBdIzc 
  $873D:95 25     STA $25,X @ $0026 = #$37                                       A:48 X:01 Y:00 S:FD P:nvUBdIzC 
  $873F:CA        DEX                                                            A:48 X:01 Y:00 S:FD P:nvUBdIzC 
  $8740:10 E8     BPL $872A                                                      A:48 X:00 Y:00 S:FD P:nvUBdIZC 
  $872A:B5 25     LDA $25,X @ $0025 = #$FD                                       A:48 X:00 Y:00 S:FD P:nvUBdIZC 
  $872C:65 0B     ADC $000B = #$70                                               A:FD X:00 Y:00 S:FD P:NvUBdIzC 
  $872E:ED FD 03  SBC $03FD = #$F7                                               A:6E X:00 Y:00 S:FD P:nvUBdIzC 
  $8731:4D 57 04  EOR $0457 = #$50                                               A:77 X:00 Y:00 S:FD P:nvUBdIzc 
  $8734:55 26     EOR $26,X @ $0026 = #$48                                       A:27 X:00 Y:00 S:FD P:nvUBdIzc 
  $8736:F5 24     SBC $24,X @ $0024 = #$83                                       A:6F X:00 Y:00 S:FD P:nvUBdIzc 
  $8738:7D 1B 04  ADC $041B,X @ $041B = #$E4                                     A:EB X:00 Y:00 S:FD P:NVUBdIzc 
  $873B:65 0B     ADC $000B = #$70                                               A:CF X:00 Y:00 S:FD P:NvUBdIzC 
  $873D:95 25     STA $25,X @ $0025 = #$FD                                       A:40 X:00 Y:00 S:FD P:nvUBdIzC 
  $873F:CA        DEX                                                            A:40 X:00 Y:00 S:FD P:nvUBdIzC 
  $8740:10 E8     BPL $872A                                                      A:40 X:FF Y:00 S:FD P:NvUBdIzC 
  $8742:60        RTS (from $8728) ----------------------------------------------A:40 X:FF Y:00 S:FD P:NvUBdIzC 
$8722:20 43 87  JSR $8743                                                      A:40 X:FF Y:00 S:FF P:NvUBdIzC 
  $8743:A5 25     LDA $0025 = #$40                                               A:40 X:FF Y:00 S:FD P:NvUBdIzC 
  $8745:45 28     EOR $0028 = #$FC                                               A:40 X:FF Y:00 S:FD P:nvUBdIzC 
  $8747:65 27     ADC $0027 = #$ED                                               A:BC X:FF Y:00 S:FD P:NvUBdIzC 
  $8749:85 26     STA $0026 = #$48                                               A:AA X:FF Y:00 S:FD P:NvUBdIzC 
  $874B:A5 27     LDA $0027 = #$ED                                               A:AA X:FF Y:00 S:FD P:NvUBdIzC 
  $874D:2A        ROL                                                            A:ED X:FF Y:00 S:FD P:NvUBdIzC 
  $874E:E5 28     SBC $0028 = #$FC                                               A:DB X:FF Y:00 S:FD P:NvUBdIzC 
  $8750:85 27     STA $0027 = #$ED                                               A:DF X:FF Y:00 S:FD P:NvUBdIzc 
  $8752:45 26     EOR $0026 = #$AA                                               A:DF X:FF Y:00 S:FD P:NvUBdIzc 
  $8754:85 25     STA $0025 = #$40                                               A:75 X:FF Y:00 S:FD P:nvUBdIzc 
  $8756:60        RTS (from $8743) ----------------------------------------------A:75 X:FF Y:00 S:FD P:nvUBdIzc 
$8725:4C 1F 87  JMP $871F                                                      A:75 X:FF Y:00 S:FF P:nvUBdIzc 
$871F:20 28 87  JSR $8728                                                      A:75 X:FF Y:00 S:FF P:nvUBdIzc 
  $8728:A2 03     LDX #$03                                                       A:75 X:FF Y:00 S:FD P:nvUBdIzc 
  $872A:B5 25     LDA $25,X @ $0028 = #$FC                                       A:75 X:03 Y:00 S:FD P:nvUBdIzc 
  $872C:65 0B     ADC $000B = #$70                                               A:FC X:03 Y:00 S:FD P:NvUBdIzc 
  $872E:ED FD 03  SBC $03FD = #$F7                                               A:6C X:03 Y:00 S:FD P:nvUBdIzC 
  $8731:4D 57 04  EOR $0457 = #$50                                               A:75 X:03 Y:00 S:FD P:nvUBdIzc 
  $8734:55 26     EOR $26,X @ $0029 = #$0F                                       A:25 X:03 Y:00 S:FD P:nvUBdIzc 
  $8736:F5 24     SBC $24,X @ $0027 = #$DF                                       A:2A X:03 Y:00 S:FD P:nvUBdIzc 
  $8738:7D 1B 04  ADC $041B,X @ $041E = #$C4                                     A:4A X:03 Y:00 S:FD P:nvUBdIzc 
  $873B:65 0B     ADC $000B = #$70                                               A:0E X:03 Y:00 S:FD P:nvUBdIzC 
  $873D:95 25     STA $25,X @ $0028 = #$FC                                       A:7F X:03 Y:00 S:FD P:nvUBdIzc 
  $873F:CA        DEX                                                            A:7F X:03 Y:00 S:FD P:nvUBdIzc 
  $8740:10 E8     BPL $872A                                                      A:7F X:02 Y:00 S:FD P:nvUBdIzc 
  $872A:B5 25     LDA $25,X @ $0027 = #$DF                                       A:7F X:02 Y:00 S:FD P:nvUBdIzc 
  $872C:65 0B     ADC $000B = #$70                                               A:DF X:02 Y:00 S:FD P:NvUBdIzc 
  $872E:ED FD 03  SBC $03FD = #$F7                                               A:4F X:02 Y:00 S:FD P:nvUBdIzC 
  $8731:4D 57 04  EOR $0457 = #$50                                               A:58 X:02 Y:00 S:FD P:nvUBdIzc 
  $8734:55 26     EOR $26,X @ $0028 = #$7F                                       A:08 X:02 Y:00 S:FD P:nvUBdIzc 
  $8736:F5 24     SBC $24,X @ $0026 = #$AA                                       A:77 X:02 Y:00 S:FD P:nvUBdIzc 
  $8738:7D 1B 04  ADC $041B,X @ $041D = #$C4                                     A:CC X:02 Y:00 S:FD P:NVUBdIzc 
  $873B:65 0B     ADC $000B = #$70                                               A:90 X:02 Y:00 S:FD P:NvUBdIzC 
  $873D:95 25     STA $25,X @ $0027 = #$DF                                       A:01 X:02 Y:00 S:FD P:nvUBdIzC 
  $873F:CA        DEX                                                            A:01 X:02 Y:00 S:FD P:nvUBdIzC 
  $8740:10 E8     BPL $872A                                                      A:01 X:01 Y:00 S:FD P:nvUBdIzC 
  $872A:B5 25     LDA $25,X @ $0026 = #$AA                                       A:01 X:01 Y:00 S:FD P:nvUBdIzC 
  $872C:65 0B     ADC $000B = #$70                                               A:AA X:01 Y:00 S:FD P:NvUBdIzC 
  $872E:ED FD 03  SBC $03FD = #$F7                                               A:1B X:01 Y:00 S:FD P:nvUBdIzC 
  $8731:4D 57 04  EOR $0457 = #$50                                               A:24 X:01 Y:00 S:FD P:nvUBdIzc 
  $8734:55 26     EOR $26,X @ $0027 = #$01                                       A:74 X:01 Y:00 S:FD P:nvUBdIzc 
  $8736:F5 24     SBC $24,X @ $0025 = #$75                                       A:75 X:01 Y:00 S:FD P:nvUBdIzc 
  $8738:7D 1B 04  ADC $041B,X @ $041C = #$C4                                     A:FF X:01 Y:00 S:FD P:NvUBdIzc 
  $873B:65 0B     ADC $000B = #$70                                               A:C3 X:01 Y:00 S:FD P:NvUBdIzC 
  $873D:95 25     STA $25,X @ $0026 = #$AA                                       A:34 X:01 Y:00 S:FD P:nvUBdIzC 
  $873F:CA        DEX                                                            A:34 X:01 Y:00 S:FD P:nvUBdIzC 
  $8740:10 E8     BPL $872A                                                      A:34 X:00 Y:00 S:FD P:nvUBdIZC 
  $872A:B5 25     LDA $25,X @ $0025 = #$75                                       A:34 X:00 Y:00 S:FD P:nvUBdIZC 
  $872C:65 0B     ADC $000B = #$70                                               A:75 X:00 Y:00 S:FD P:nvUBdIzC 
  $872E:ED FD 03  SBC $03FD = #$F7                                               A:E6 X:00 Y:00 S:FD P:NVUBdIzc 
  $8731:4D 57 04  EOR $0457 = #$50                                               A:EE X:00 Y:00 S:FD P:NvUBdIzc 
  $8734:55 26     EOR $26,X @ $0026 = #$34                                       A:BE X:00 Y:00 S:FD P:NvUBdIzc 
  $8736:F5 24     SBC $24,X @ $0024 = #$83                                       A:8A X:00 Y:00 S:FD P:NvUBdIzc 
  $8738:7D 1B 04  ADC $041B,X @ $041B = #$E4                                     A:06 X:00 Y:00 S:FD P:nvUBdIzC 
  $873B:65 0B     ADC $000B = #$70                                               A:EB X:00 Y:00 S:FD P:NvUBdIzc 
  $873D:95 25     STA $25,X @ $0025 = #$75                                       A:5B X:00 Y:00 S:FD P:nvUBdIzC 
  $873F:CA        DEX                                                            A:5B X:00 Y:00 S:FD P:nvUBdIzC 
  $8740:10 E8     BPL $872A                                                      A:5B X:FF Y:00 S:FD P:NvUBdIzC 
  $8742:60        RTS (from $8728) ----------------------------------------------A:5B X:FF Y:00 S:FD P:NvUBdIzC 
$8722:20 43 87  JSR $8743                                                      A:5B X:FF Y:00 S:FF P:NvUBdIzC 
  $8743:A5 25     LDA $0025 = #$5B                                               A:5B X:FF Y:00 S:FD P:NvUBdIzC 
  $8745:45 28     EOR $0028 = #$7F                                               A:5B X:FF Y:00 S:FD P:nvUBdIzC 
  $8747:65 27     ADC $0027 = #$01                                               A:24 X:FF Y:00 S:FD P:nvUBdIzC 
  $8749:85 26     STA $0026 = #$34                                               A:26 X:FF Y:00 S:FD P:nvUBdIzc 
  $874B:A5 27     LDA $0027 = #$01                                               A:26 X:FF Y:00 S:FD P:nvUBdIzc 
  $874D:2A        ROL                                                            A:01 X:FF Y:00 S:FD P:nvUBdIzc 
  $874E:E5 28     SBC $0028 = #$7F                                               A:02 X:FF Y:00 S:FD P:nvUBdIzc 
  $8750:85 27     STA $0027 = #$01                                               A:82 X:FF Y:00 S:FD P:NvUBdIzc 
  $8752:45 26     EOR $0026 = #$26                                               A:82 X:FF Y:00 S:FD P:NvUBdIzc 
  $8754:85 25     STA $0025 = #$5B                                               A:A4 X:FF Y:00 S:FD P:NvUBdIzc 
  $8756:60        RTS (from $8743) ----------------------------------------------A:A4 X:FF Y:00 S:FD P:NvUBdIzc 
$8725:4C 1F 87  JMP $871F                                                      A:A4 X:FF Y:00 S:FF P:NvUBdIzc 
$871F:20 28 87  JSR $8728                                                      A:A4 X:FF Y:00 S:FF P:NvUBdIzc 
  $8728:A2 03     LDX #$03                                                       A:A4 X:FF Y:00 S:FD P:NvUBdIzc 
  $872A:B5 25     LDA $25,X @ $0028 = #$7F                                       A:A4 X:03 Y:00 S:FD P:nvUBdIzc 
  $872C:65 0B     ADC $000B = #$70                                               A:7F X:03 Y:00 S:FD P:nvUBdIzc 
  $872E:ED FD 03  SBC $03FD = #$F7                                               A:EF X:03 Y:00 S:FD P:NVUBdIzc 
  $8731:4D 57 04  EOR $0457 = #$50                                               A:F7 X:03 Y:00 S:FD P:NvUBdIzc 
  $8734:55 26     EOR $26,X @ $0029 = #$0F                                       A:A7 X:03 Y:00 S:FD P:NvUBdIzc 
  $8736:F5 24     SBC $24,X @ $0027 = #$82                                       A:A8 X:03 Y:00 S:FD P:NvUBdIzc 
  $8738:7D 1B 04  ADC $041B,X @ $041E = #$C4                                     A:25 X:03 Y:00 S:FD P:nvUBdIzC 
  $873B:65 0B     ADC $000B = #$70                                               A:EA X:03 Y:00 S:FD P:NvUBdIzc 
  $873D:95 25     STA $25,X @ $0028 = #$7F                                       A:5A X:03 Y:00 S:FD P:nvUBdIzC 
  $873F:CA        DEX                                                            A:5A X:03 Y:00 S:FD P:nvUBdIzC 
  $8740:10 E8     BPL $872A                                                      A:5A X:02 Y:00 S:FD P:nvUBdIzC 
  $872A:B5 25     LDA $25,X @ $0027 = #$82                                       A:5A X:02 Y:00 S:FD P:nvUBdIzC 
  $872C:65 0B     ADC $000B = #$70                                               A:82 X:02 Y:00 S:FD P:NvUBdIzC 
  $872E:ED FD 03  SBC $03FD = #$F7                                               A:F3 X:02 Y:00 S:FD P:NvUBdIzc 
  $8731:4D 57 04  EOR $0457 = #$50                                               A:FB X:02 Y:00 S:FD P:NvUBdIzc 
  $8734:55 26     EOR $26,X @ $0028 = #$5A                                       A:AB X:02 Y:00 S:FD P:NvUBdIzc 
  $8736:F5 24     SBC $24,X @ $0026 = #$26                                       A:F1 X:02 Y:00 S:FD P:NvUBdIzc 
  $8738:7D 1B 04  ADC $041B,X @ $041D = #$C4                                     A:CA X:02 Y:00 S:FD P:NvUBdIzC 
  $873B:65 0B     ADC $000B = #$70                                               A:8F X:02 Y:00 S:FD P:NvUBdIzC 
  $873D:95 25     STA $25,X @ $0027 = #$82                                       A:00 X:02 Y:00 S:FD P:nvUBdIZC 
  $873F:CA        DEX                                                            A:00 X:02 Y:00 S:FD P:nvUBdIZC 
  $8740:10 E8     BPL $872A                                                      A:00 X:01 Y:00 S:FD P:nvUBdIzC 
  $872A:B5 25     LDA $25,X @ $0026 = #$26                                       A:00 X:01 Y:00 S:FD P:nvUBdIzC 
  $872C:65 0B     ADC $000B = #$70                                               A:26 X:01 Y:00 S:FD P:nvUBdIzC 
  $872E:ED FD 03  SBC $03FD = #$F7                                               A:97 X:01 Y:00 S:FD P:NVUBdIzc 
  $8731:4D 57 04  EOR $0457 = #$50                                               A:9F X:01 Y:00 S:FD P:NvUBdIzc 
  $8734:55 26     EOR $26,X @ $0027 = #$00                                       A:CF X:01 Y:00 S:FD P:NvUBdIzc 
  $8736:F5 24     SBC $24,X @ $0025 = #$A4                                       A:CF X:01 Y:00 S:FD P:NvUBdIzc 
  $8738:7D 1B 04  ADC $041B,X @ $041C = #$C4                                     A:2A X:01 Y:00 S:FD P:nvUBdIzC 
  $873B:65 0B     ADC $000B = #$70                                               A:EF X:01 Y:00 S:FD P:NvUBdIzc 
  $873D:95 25     STA $25,X @ $0026 = #$26                                       A:5F X:01 Y:00 S:FD P:nvUBdIzC 
  $873F:CA        DEX                                                            A:5F X:01 Y:00 S:FD P:nvUBdIzC 
  $8740:10 E8     BPL $872A                                                      A:5F X:00 Y:00 S:FD P:nvUBdIZC 
  $872A:B5 25     LDA $25,X @ $0025 = #$A4                                       A:5F X:00 Y:00 S:FD P:nvUBdIZC 
  $872C:65 0B     ADC $000B = #$70                                               A:A4 X:00 Y:00 S:FD P:NvUBdIzC 
  $872E:ED FD 03  SBC $03FD = #$F7                                               A:15 X:00 Y:00 S:FD P:nvUBdIzC 
  $8731:4D 57 04  EOR $0457 = #$50                                               A:1E X:00 Y:00 S:FD P:nvUBdIzc 
  $8734:55 26     EOR $26,X @ $0026 = #$5F                                       A:4E X:00 Y:00 S:FD P:nvUBdIzc 
  $8736:F5 24     SBC $24,X @ $0024 = #$83                                       A:11 X:00 Y:00 S:FD P:nvUBdIzc 
  $8738:7D 1B 04  ADC $041B,X @ $041B = #$E4                                     A:8D X:00 Y:00 S:FD P:NVUBdIzc 
  $873B:65 0B     ADC $000B = #$70                                               A:71 X:00 Y:00 S:FD P:nVUBdIzC 
  $873D:95 25     STA $25,X @ $0025 = #$A4                                       A:E2 X:00 Y:00 S:FD P:NVUBdIzc 
  $873F:CA        DEX                                                            A:E2 X:00 Y:00 S:FD P:NVUBdIzc 
  $8740:10 E8     BPL $872A                                                      A:E2 X:FF Y:00 S:FD P:NVUBdIzc 
  $8742:60        RTS (from $8728) ----------------------------------------------A:E2 X:FF Y:00 S:FD P:NVUBdIzc 
$8722:20 43 87  JSR $8743                                                      A:E2 X:FF Y:00 S:FF P:NVUBdIzc 
  $8743:A5 25     LDA $0025 = #$E2                                               A:E2 X:FF Y:00 S:FD P:NVUBdIzc 
  $8745:45 28     EOR $0028 = #$5A                                               A:E2 X:FF Y:00 S:FD P:NVUBdIzc 
  $8747:65 27     ADC $0027 = #$00                                               A:B8 X:FF Y:00 S:FD P:NVUBdIzc 
  $8749:85 26     STA $0026 = #$5F                                               A:B8 X:FF Y:00 S:FD P:NvUBdIzc 
  $874B:A5 27     LDA $0027 = #$00                                               A:B8 X:FF Y:00 S:FD P:NvUBdIzc 
  $874D:2A        ROL                                                            A:00 X:FF Y:00 S:FD P:nvUBdIZc 
  $874E:E5 28     SBC $0028 = #$5A                                               A:00 X:FF Y:00 S:FD P:nvUBdIZc 
  $8750:85 27     STA $0027 = #$00                                               A:A5 X:FF Y:00 S:FD P:NvUBdIzc 
  $8752:45 26     EOR $0026 = #$B8                                               A:A5 X:FF Y:00 S:FD P:NvUBdIzc 
  $8754:85 25     STA $0025 = #$E2                                               A:1D X:FF Y:00 S:FD P:nvUBdIzc 
  $8756:60        RTS (from $8743) ----------------------------------------------A:1D X:FF Y:00 S:FD P:nvUBdIzc 
$8725:4C 1F 87  JMP $871F                                                      A:1D X:FF Y:00 S:FF P:nvUBdIzc 
$871F:20 28 87  JSR $8728                                                      A:1D X:FF Y:00 S:FF P:nvUBdIzc 
  $8728:A2 03     LDX #$03                                                       A:1D X:FF Y:00 S:FD P:nvUBdIzc 
  $872A:B5 25     LDA $25,X @ $0028 = #$5A                                       A:1D X:03 Y:00 S:FD P:nvUBdIzc 
  $872C:65 0B     ADC $000B = #$70                                               A:5A X:03 Y:00 S:FD P:nvUBdIzc 
  $872E:ED FD 03  SBC $03FD = #$F7                                               A:CA X:03 Y:00 S:FD P:NVUBdIzc 
     $FF98:86 76     STX $0076 = #$03                                               A:D2 X:03 Y:00 S:FA P:NvUBdIzc 
     $FF9A:85 75     STA $0075 = #$7A                                               A:D2 X:03 Y:00 S:FA P:NvUBdIzc 
     $FF9C:A9 00     LDA #$00                                                       A:D2 X:03 Y:00 S:FA P:NvUBdIzc 
     $FF9E:A2 00     LDX #$00                                                       A:00 X:03 Y:00 S:FA P:nvUBdIZc 
     $FFA0:8E B3 FF  STX $FFB3 = #$00                                               A:00 X:00 Y:00 S:FA P:nvUBdIZc 
     $FFA3:4C 75 FE  JMP $FE75                                                      A:00 X:00 Y:00 S:FA P:nvUBdIZc 
     $FE75:85 2E     STA $002E = #$00                                               A:00 X:00 Y:00 S:FA P:nvUBdIZc 
     $FE77:8E 01 20  STX $2001 = #$18                                               A:00 X:00 Y:00 S:FA P:nvUBdIZc 
     $FE7A:8E 03 20  STX $2003 = #$00                                               A:00 X:00 Y:00 S:FA P:nvUBdIZc 
     $FE7D:A9 02     LDA #$02                                                       A:00 X:00 Y:00 S:FA P:nvUBdIZc 
     $FE7F:8D 14 40  STA $4014 = #$02                                               A:02 X:00 Y:00 S:FA P:nvUBdIzc 
     $FE82:A5 09     LDA $0009 = #$90                                               A:02 X:00 Y:00 S:FA P:nvUBdIzc 
     $FE84:10 0D     BPL $FE93                                                      A:90 X:00 Y:00 S:FA P:NvUBdIzc 
     $FE86:29 7F     AND #$7F                                                       A:90 X:00 Y:00 S:FA P:NvUBdIzc 
     $FE88:8D 00 20  STA $2000 = #$90                                               A:10 X:00 Y:00 S:FA P:nvUBdIzc 
     $FE8B:AD 02 20  LDA $2002 = #$D0                                               A:10 X:00 Y:00 S:FA P:nvUBdIzc 
     $FE8E:CA        DEX                                                            A:D0 X:00 Y:00 S:FA P:NvUBdIzc 
     $FE8F:9A        TXS                                                            A:D0 X:FF Y:00 S:FA P:NvUBdIzc 
$FE90:6C 23 00  JMP ($0023) = $83A4                                            A:D0 X:FF Y:00 S:FF P:NvUBdIzc 
$83A4:20 08 81  JSR $8108                                                      A:D0 X:FF Y:00 S:FF P:NvUBdIzc 
  $8108:BA        TSX                                                            A:D0 X:FF Y:00 S:FD P:NvUBdIzc 
  $8109:86 2F     STX $002F = #$FD                                               A:D0 X:FD Y:00 S:FD P:NvUBdIzc 
  $810B:A5 30     LDA $0030 = #$01                                               A:D0 X:FD Y:00 S:FD P:NvUBdIzc 
  $810D:F0 C5     BEQ $80D4                                                      A:01 X:FD Y:00 S:FD P:nvUBdIzc 
  $810F:A9 04     LDA #$04                                                       A:01 X:FD Y:00 S:FD P:nvUBdIzc 
  $8111:8D 00 20  STA $2000 = #$10                                               A:04 X:FD Y:00 S:FD P:nvUBdIzc 
  $8114:85 15     STA $0015 = #$00                                               A:04 X:FD Y:00 S:FD P:nvUBdIzc 
  $8116:A2 03     LDX #$03                                                       A:04 X:FD Y:00 S:FD P:nvUBdIzc 
  $8118:CA        DEX                                                            A:04 X:03 Y:00 S:FD P:nvUBdIzc 
  $8119:D0 FD     BNE $8118                                                      A:04 X:02 Y:00 S:FD P:nvUBdIzc 
  $8118:CA        DEX                                                            A:04 X:02 Y:00 S:FD P:nvUBdIzc 
  $8119:D0 FD     BNE $8118                                                      A:04 X:01 Y:00 S:FD P:nvUBdIzc 
  $8118:CA        DEX                                                            A:04 X:01 Y:00 S:FD P:nvUBdIzc 
  $8119:D0 FD     BNE $8118                                                      A:04 X:00 Y:00 S:FD P:nvUBdIZc 
  $811B:A9 20     LDA #$20                                                       A:04 X:00 Y:00 S:FD P:nvUBdIZc 
  $811D:8D 06 20  STA $2006 = #$19                                               A:20 X:00 Y:00 S:FD P:nvUBdIzc 
  $8120:A5 98     LDA $0098 = #$19                                               A:20 X:00 Y:00 S:FD P:nvUBdIzc 
  $8122:8D 06 20  STA $2006 = #$19                                               A:19 X:00 Y:00 S:FD P:nvUBdIzc 
  $8125:A0 02     LDY #$02                                                       A:19 X:00 Y:00 S:FD P:nvUBdIzc 
  $8127:A5 83     LDA $0083 = #$40                                               A:19 X:00 Y:02 S:FD P:nvUBdIzc 
  $8129:49 FF     EOR #$FF                                                       A:40 X:00 Y:02 S:FD P:nvUBdIzc 
  $812B:38        SEC                                                            A:BF X:00 Y:02 S:FD P:NvUBdIzc 
  $812C:E9 10     SBC #$10                                                       A:BF X:00 Y:02 S:FD P:NvUBdIzC 
  $812E:29 F8     AND #$F8                                                       A:AF X:00 Y:02 S:FD P:NvUBdIzC 
  $8130:4A        LSR                                                            A:A8 X:00 Y:02 S:FD P:NvUBdIzC 
  $8131:85 17     STA $0017 = #$2C                                               A:54 X:00 Y:02 S:FD P:nvUBdIzc 
  $8133:4A        LSR                                                            A:54 X:00 Y:02 S:FD P:nvUBdIzc 
  $8134:4A        LSR                                                            A:2A X:00 Y:02 S:FD P:nvUBdIzc 
  $8135:AA        TAX                                                            A:15 X:00 Y:02 S:FD P:nvUBdIzc 
  $8136:CA        DEX                                                            A:15 X:15 Y:02 S:FD P:nvUBdIzc 
  $8137:9A        TXS                                                            A:15 X:14 Y:02 S:FD P:nvUBdIzc 
           $8138:A5 17     LDA $0017 = #$54                                               A:15 X:14 Y:02 S:14 P:nvUBdIzc 
           $813A:18        CLC                                                            A:54 X:14 Y:02 S:14 P:nvUBdIzc 
           $813B:69 2E     ADC #$2E                                                       A:54 X:14 Y:02 S:14 P:nvUBdIzc 
           $813D:85 1F     STA $001F = #$04                                               A:82 X:14 Y:02 S:14 P:NVUBdIzc 
           $813F:A9 82     LDA #$82                                                       A:82 X:14 Y:02 S:14 P:NVUBdIzc 
           $8141:69 00     ADC #$00                                                       A:82 X:14 Y:02 S:14 P:NVUBdIzc 
           $8143:85 20     STA $0020 = #$40                                               A:82 X:14 Y:02 S:14 P:NvUBdIzc 
           $8145:6C 1F 00  JMP ($001F) = $8282                                            A:82 X:14 Y:02 S:14 P:NvUBdIzc 
           $8282:68        PLA                                                            A:82 X:14 Y:02 S:14 P:NvUBdIzc 
          $8283:8D 07 20  STA $2007 = #$00                                               A:A5 X:14 Y:02 S:15 P:NvUBdIzc 
          $8286:68        PLA                                                            A:A5 X:14 Y:02 S:15 P:NvUBdIzc 
         $8287:8D 07 20  STA $2007 = #$00                                               A:A7 X:14 Y:02 S:16 P:NvUBdIzc 
         $828A:68        PLA                                                            A:A7 X:14 Y:02 S:16 P:NvUBdIzc 
        $828B:8D 07 20  STA $2007 = #$00                                               A:0E X:14 Y:02 S:17 P:nvUBdIzc 
        $828E:68        PLA                                                            A:0E X:14 Y:02 S:17 P:nvUBdIzc 
       $828F:8D 07 20  STA $2007 = #$00                                               A:1A X:14 Y:02 S:18 P:nvUBdIzc 
       $8292:68        PLA                                                            A:1A X:14 Y:02 S:18 P:nvUBdIzc 
      $8293:8D 07 20  STA $2007 = #$00                                               A:26 X:14 Y:02 S:19 P:nvUBdIzc 
      $8296:68        PLA                                                            A:26 X:14 Y:02 S:19 P:nvUBdIzc 
     $8297:8D 07 20  STA $2007 = #$00                                               A:32 X:14 Y:02 S:1A P:nvUBdIzc 
     $829A:68        PLA                                                            A:32 X:14 Y:02 S:1A P:nvUBdIzc 
    $829B:8D 07 20  STA $2007 = #$00                                               A:3E X:14 Y:02 S:1B P:nvUBdIzc 
    $829E:68        PLA                                                            A:3E X:14 Y:02 S:1B P:nvUBdIzc 
   $829F:8D 07 20  STA $2007 = #$00                                               A:4A X:14 Y:02 S:1C P:nvUBdIzc 
   $82A2:68        PLA                                                            A:4A X:14 Y:02 S:1C P:nvUBdIzc 
  $82A3:8D 07 20  STA $2007 = #$00                                               A:00 X:14 Y:02 S:1D P:nvUBdIZc 
  $82A6:4C 48 81  JMP $8148                                                      A:00 X:14 Y:02 S:1D P:nvUBdIZc 
  $8148:88        DEY                                                            A:00 X:14 Y:02 S:1D P:nvUBdIZc 
  $8149:F0 4A     BEQ $8195                                                      A:00 X:14 Y:01 S:1D P:nvUBdIzc 
  $814B:A5 15     LDA $0015 = #$04                                               A:00 X:14 Y:01 S:1D P:nvUBdIzc 
  $814D:10 03     BPL $8152                                                      A:04 X:14 Y:01 S:1D P:nvUBdIzc 
  $8152:D0 37     BNE $818B                                                      A:04 X:14 Y:01 S:1D P:nvUBdIzc 
  $818B:A2 FF     LDX #$FF                                                       A:04 X:14 Y:01 S:1D P:nvUBdIzc 
  $818D:9A        TXS                                                            A:04 X:FF Y:01 S:1D P:NvUBdIzc 
$818E:A9 78     LDA #$78                                                       A:04 X:FF Y:01 S:FF P:NvUBdIzc 
$8190:38        SEC                                                            A:78 X:FF Y:01 S:FF P:nvUBdIzc 
$8191:E5 17     SBC $0017 = #$54                                               A:78 X:FF Y:01 S:FF P:nvUBdIzC 
$8193:B0 A5     BCS $813A                                                      A:24 X:FF Y:01 S:FF P:nvUBdIzC 
$813A:18        CLC                                                            A:24 X:FF Y:01 S:FF P:nvUBdIzC 
$813B:69 2E     ADC #$2E                                                       A:24 X:FF Y:01 S:FF P:nvUBdIzc 
$813D:85 1F     STA $001F = #$82                                               A:52 X:FF Y:01 S:FF P:nvUBdIzc 
$813F:A9 82     LDA #$82                                                       A:52 X:FF Y:01 S:FF P:nvUBdIzc 
$8141:69 00     ADC #$00                                                       A:82 X:FF Y:01 S:FF P:NvUBdIzc 
$8143:85 20     STA $0020 = #$82                                               A:82 X:FF Y:01 S:FF P:NvUBdIzc 
$8145:6C 1F 00  JMP ($001F) = $8252                                            A:82 X:FF Y:01 S:FF P:NvUBdIzc 
$8252:68        PLA                                                            A:82 X:FF Y:01 S:FF P:NvUBdIzc 
                               $8253:8D 07 20  STA $2007 = #$00                                               A:E4 X:FF Y:01 S:00 P:NvUBdIzc 
                               $8256:68        PLA                                                            A:E4 X:FF Y:01 S:00 P:NvUBdIzc 
                              $8257:8D 07 20  STA $2007 = #$00                                               A:00 X:FF Y:01 S:01 P:nvUBdIZc 
                              $825A:68        PLA                                                            A:00 X:FF Y:01 S:01 P:nvUBdIZc 
                             $825B:8D 07 20  STA $2007 = #$00                                               A:00 X:FF Y:01 S:02 P:nvUBdIZc 
                             $825E:68        PLA                                                            A:00 X:FF Y:01 S:02 P:nvUBdIZc 
                            $825F:8D 07 20  STA $2007 = #$00                                               A:83 X:FF Y:01 S:03 P:NvUBdIzc 
                            $8262:68        PLA                                                            A:83 X:FF Y:01 S:03 P:NvUBdIzc 
                           $8263:8D 07 20  STA $2007 = #$00                                               A:87 X:FF Y:01 S:04 P:NvUBdIzc 
                           $8266:68        PLA                                                            A:87 X:FF Y:01 S:04 P:NvUBdIzc 
                          $8267:8D 07 20  STA $2007 = #$00                                               A:8B X:FF Y:01 S:05 P:NvUBdIzc 
                          $826A:68        PLA                                                            A:8B X:FF Y:01 S:05 P:NvUBdIzc 
                         $826B:8D 07 20  STA $2007 = #$00                                               A:8F X:FF Y:01 S:06 P:NvUBdIzc 
                         $826E:68        PLA                                                            A:8F X:FF Y:01 S:06 P:NvUBdIzc 
                        $826F:8D 07 20  STA $2007 = #$00                                               A:66 X:FF Y:01 S:07 P:nvUBdIzc 
                        $8272:68        PLA                                                            A:66 X:FF Y:01 S:07 P:nvUBdIzc 
                       $8273:8D 07 20  STA $2007 = #$00                                               A:5A X:FF Y:01 S:08 P:nvUBdIzc 
                       $8276:68        PLA                                                            A:5A X:FF Y:01 S:08 P:nvUBdIzc 
                      $8277:8D 07 20  STA $2007 = #$00                                               A:5E X:FF Y:01 S:09 P:nvUBdIzc 
                      $827A:68        PLA                                                            A:5E X:FF Y:01 S:09 P:nvUBdIzc 
                     $827B:8D 07 20  STA $2007 = #$00                                               A:62 X:FF Y:01 S:0A P:nvUBdIzc 
                     $827E:68        PLA                                                            A:62 X:FF Y:01 S:0A P:nvUBdIzc 
                    $827F:8D 07 20  STA $2007 = #$00                                               A:56 X:FF Y:01 S:0B P:nvUBdIzc 
                    $8282:68        PLA                                                            A:56 X:FF Y:01 S:0B P:nvUBdIzc 
                   $8283:8D 07 20  STA $2007 = #$00                                               A:E8 X:FF Y:01 S:0C P:NvUBdIzc 
                   $8286:68        PLA                                                            A:E8 X:FF Y:01 S:0C P:NvUBdIzc 
                  $8287:8D 07 20  STA $2007 = #$00                                               A:6E X:FF Y:01 S:0D P:nvUBdIzc 
                  $828A:68        PLA                                                            A:6E X:FF Y:01 S:0D P:nvUBdIzc 
                 $828B:8D 07 20  STA $2007 = #$00                                               A:76 X:FF Y:01 S:0E P:nvUBdIzc 
                 $828E:68        PLA                                                            A:76 X:FF Y:01 S:0E P:nvUBdIzc 
                $828F:8D 07 20  STA $2007 = #$00                                               A:7A X:FF Y:01 S:0F P:nvUBdIzc 
                $8292:68        PLA                                                            A:7A X:FF Y:01 S:0F P:nvUBdIzc 
               $8293:8D 07 20  STA $2007 = #$00                                               A:7E X:FF Y:01 S:10 P:nvUBdIzc 
               $8296:68        PLA                                                            A:7E X:FF Y:01 S:10 P:nvUBdIzc 
              $8297:8D 07 20  STA $2007 = #$00                                               A:00 X:FF Y:01 S:11 P:nvUBdIZc 
              $829A:68        PLA                                                            A:00 X:FF Y:01 S:11 P:nvUBdIZc 
             $829B:8D 07 20  STA $2007 = #$00                                               A:02 X:FF Y:01 S:12 P:nvUBdIzc 
             $829E:68        PLA                                                            A:02 X:FF Y:01 S:12 P:nvUBdIzc 
            $829F:8D 07 20  STA $2007 = #$00                                               A:81 X:FF Y:01 S:13 P:NvUBdIzc 
            $82A2:68        PLA                                                            A:81 X:FF Y:01 S:13 P:NvUBdIzc 
           $82A3:8D 07 20  STA $2007 = #$00                                               A:81 X:FF Y:01 S:14 P:NvUBdIzc 
           $82A6:4C 48 81  JMP $8148                                                      A:81 X:FF Y:01 S:14 P:NvUBdIzc 
           $8148:88        DEY                                                            A:81 X:FF Y:01 S:14 P:NvUBdIzc 
           $8149:F0 4A     BEQ $8195                                                      A:81 X:FF Y:00 S:14 P:nvUBdIZc 
           $8195:A9 10     LDA #$10                                                       A:81 X:FF Y:00 S:14 P:nvUBdIZc 
           $8197:8D 00 20  STA $2000 = #$04                                               A:10 X:FF Y:00 S:14 P:nvUBdIzc 
           $819A:A5 15     LDA $0015 = #$04                                               A:10 X:FF Y:00 S:14 P:nvUBdIzc 
           $819C:30 1E     BMI $81BC                                                      A:04 X:FF Y:00 S:14 P:nvUBdIzc 
           $819E:A0 02     LDY #$02                                                       A:04 X:FF Y:00 S:14 P:nvUBdIzc 
           $81A0:A5 95     LDA $0095 = #$83                                               A:04 X:FF Y:02 S:14 P:nvUBdIzc 
           $81A2:85 15     STA $0015 = #$04                                               A:83 X:FF Y:02 S:14 P:NvUBdIzc 
           $81A4:C9 84     CMP #$84                                                       A:83 X:FF Y:02 S:14 P:NvUBdIzc 
           $81A6:B0 69     BCS $8211                                                      A:83 X:FF Y:02 S:14 P:NvUBdIzc 
           $81A8:C9 81     CMP #$81                                                       A:83 X:FF Y:02 S:14 P:NvUBdIzc 
           $81AA:B0 14     BCS $81C0                                                      A:83 X:FF Y:02 S:14 P:nvUBdIzC 
           $81C0:A8        TAY                                                            A:83 X:FF Y:02 S:14 P:nvUBdIzC 
           $81C1:B9 7E 80  LDA $807E,Y @ $8101 = #$20                                     A:83 X:FF Y:83 S:14 P:NvUBdIzC 
           $81C4:45 96     EOR $0096 = #$00                                               A:20 X:FF Y:83 S:14 P:nvUBdIzC 
           $81C6:8D 06 20  STA $2006 = #$D9                                               A:20 X:FF Y:83 S:14 P:nvUBdIzC 
           $81C9:B9 81 80  LDA $8081,Y @ $8104 = #$80                                     A:20 X:FF Y:83 S:14 P:nvUBdIzC 
           $81CC:85 95     STA $0095 = #$83                                               A:80 X:FF Y:83 S:14 P:NvUBdIzC 
           $81CE:BE 84 80  LDX $8084,Y @ $8107 = #$A8                                     A:80 X:FF Y:83 S:14 P:NvUBdIzC 
           $81D1:A9 62     LDA #$62                                                       A:80 X:A8 Y:83 S:14 P:NvUBdIzC 
           $81D3:8D 06 20  STA $2006 = #$D9                                               A:62 X:A8 Y:83 S:14 P:nvUBdIzC 
           $81D6:A9 10     LDA #$10                                                       A:62 X:A8 Y:83 S:14 P:nvUBdIzC 
           $81D8:8D C3 FF  STA $FFC3 = #$10                                               A:10 X:A8 Y:83 S:14 P:nvUBdIzC 
           $81DB:9A        TXS                                                            A:10 X:A8 Y:83 S:14 P:nvUBdIzC 
                       $81DC:A0 02     LDY #$02                                                       A:10 X:A8 Y:83 S:A8 P:nvUBdIzC 
                       $81DE:D0 56     BNE $8236                                                      A:10 X:A8 Y:02 S:A8 P:nvUBdIzC 
                       $8236:68        PLA                                                            A:10 X:A8 Y:02 S:A8 P:nvUBdIzC 
                      $8237:8D 07 20  STA $2007 = #$00                                               A:F5 X:A8 Y:02 S:A9 P:NvUBdIzC 
                      $823A:68        PLA                                                            A:F5 X:A8 Y:02 S:A9 P:NvUBdIzC 
                     $823B:8D 07 20  STA $2007 = #$00                                               A:F6 X:A8 Y:02 S:AA P:NvUBdIzC 
                     $823E:68        PLA                                                            A:F6 X:A8 Y:02 S:AA P:NvUBdIzC 
                    $823F:8D 07 20  STA $2007 = #$00                                               A:F7 X:A8 Y:02 S:AB P:NvUBdIzC 
                    $8242:68        PLA                                                            A:F7 X:A8 Y:02 S:AB P:NvUBdIzC 
                   $8243:8D 07 20  STA $2007 = #$00                                               A:F5 X:A8 Y:02 S:AC P:NvUBdIzC 
                   $8246:68        PLA                                                            A:F5 X:A8 Y:02 S:AC P:NvUBdIzC 
                  $8247:8D 07 20  STA $2007 = #$00                                               A:F5 X:A8 Y:02 S:AD P:NvUBdIzC 
                  $824A:68        PLA                                                            A:F5 X:A8 Y:02 S:AD P:NvUBdIzC 
                 $824B:8D 07 20  STA $2007 = #$00                                               A:F5 X:A8 Y:02 S:AE P:NvUBdIzC 
                 $824E:68        PLA                                                            A:F5 X:A8 Y:02 S:AE P:NvUBdIzC 
                $824F:8D 07 20  STA $2007 = #$00                                               A:00 X:A8 Y:02 S:AF P:nvUBdIZC 
                $8252:68        PLA                                                            A:00 X:A8 Y:02 S:AF P:nvUBdIZC 
               $8253:8D 07 20  STA $2007 = #$00                                               A:EF X:A8 Y:02 S:B0 P:NvUBdIzC 
               $8256:68        PLA                                                            A:EF X:A8 Y:02 S:B0 P:NvUBdIzC 
              $8257:8D 07 20  STA $2007 = #$00                                               A:EF X:A8 Y:02 S:B1 P:NvUBdIzC 
              $825A:68        PLA                                                            A:EF X:A8 Y:02 S:B1 P:NvUBdIzC 
             $825B:8D 07 20  STA $2007 = #$00                                               A:EF X:A8 Y:02 S:B2 P:NvUBdIzC 
             $825E:68        PLA                                                            A:EF X:A8 Y:02 S:B2 P:NvUBdIzC 
            $825F:8D 07 20  STA $2007 = #$00                                               A:F1 X:A8 Y:02 S:B3 P:NvUBdIzC 
            $8262:68        PLA                                                            A:F1 X:A8 Y:02 S:B3 P:NvUBdIzC 
           $8263:8D 07 20  STA $2007 = #$00                                               A:F1 X:A8 Y:02 S:B4 P:NvUBdIzC 
           $8266:68        PLA                                                            A:F1 X:A8 Y:02 S:B4 P:NvUBdIzC 
          $8267:8D 07 20  STA $2007 = #$00                                               A:00 X:A8 Y:02 S:B5 P:nvUBdIZC 
          $826A:68        PLA                                                            A:00 X:A8 Y:02 S:B5 P:nvUBdIZC 
         $826B:8D 07 20  STA $2007 = #$00                                               A:00 X:A8 Y:02 S:B6 P:nvUBdIZC 
         $826E:68        PLA                                                            A:00 X:A8 Y:02 S:B6 P:nvUBdIZC 
        $826F:8D 07 20  STA $2007 = #$00                                               A:00 X:A8 Y:02 S:B7 P:nvUBdIZC 
        $8272:68        PLA                                                            A:00 X:A8 Y:02 S:B7 P:nvUBdIZC 
       $8273:8D 07 20  STA $2007 = #$00                                               A:00 X:A8 Y:02 S:B8 P:nvUBdIZC 
       $8276:68        PLA                                                            A:00 X:A8 Y:02 S:B8 P:nvUBdIZC 
      $8277:8D 07 20  STA $2007 = #$00                                               A:EF X:A8 Y:02 S:B9 P:NvUBdIzC 
      $827A:68        PLA                                                            A:EF X:A8 Y:02 S:B9 P:NvUBdIzC 
     $827B:8D 07 20  STA $2007 = #$00                                               A:EF X:A8 Y:02 S:BA P:NvUBdIzC 
     $827E:68        PLA                                                            A:EF X:A8 Y:02 S:BA P:NvUBdIzC 
    $827F:8D 07 20  STA $2007 = #$00                                               A:EF X:A8 Y:02 S:BB P:NvUBdIzC 
    $8282:68        PLA                                                            A:EF X:A8 Y:02 S:BB P:NvUBdIzC 
   $8283:8D 07 20  STA $2007 = #$00                                               A:F1 X:A8 Y:02 S:BC P:NvUBdIzC 
   $8286:68        PLA                                                            A:F1 X:A8 Y:02 S:BC P:NvUBdIzC 
  $8287:8D 07 20  STA $2007 = #$00                                               A:F1 X:A8 Y:02 S:BD P:NvUBdIzC 
  $828A:68        PLA                                                            A:F1 X:A8 Y:02 S:BD P:NvUBdIzC 
 $828B:8D 07 20  STA $2007 = #$00                                               A:00 X:A8 Y:02 S:BE P:nvUBdIZC 
 $828E:68        PLA                                                            A:00 X:A8 Y:02 S:BE P:nvUBdIZC 
$828F:8D 07 20  STA $2007 = #$00                                               A:F5 X:A8 Y:02 S:BF P:NvUBdIzC 
$8292:68        PLA                                                            A:F5 X:A8 Y:02 S:BF P:NvUBdIzC 
                               $8293:8D 07 20  STA $2007 = #$00                                               A:F6 X:A8 Y:02 S:C0 P:NvUBdIzC 
                               $8296:68        PLA                                                            A:F6 X:A8 Y:02 S:C0 P:NvUBdIzC 
                              $8297:8D 07 20  STA $2007 = #$00                                               A:FA X:A8 Y:02 S:C1 P:NvUBdIzC 
                              $829A:68        PLA                                                            A:FA X:A8 Y:02 S:C1 P:NvUBdIzC 
                             $829B:8D 07 20  STA $2007 = #$00                                               A:F5 X:A8 Y:02 S:C2 P:NvUBdIzC 
                             $829E:68        PLA                                                            A:F5 X:A8 Y:02 S:C2 P:NvUBdIzC 
                            $829F:8D 07 20  STA $2007 = #$00                                               A:F5 X:A8 Y:02 S:C3 P:NvUBdIzC 
                            $82A2:68        PLA                                                            A:F5 X:A8 Y:02 S:C3 P:NvUBdIzC 
                           $82A3:8D 07 20  STA $2007 = #$00                                               A:F5 X:A8 Y:02 S:C4 P:NvUBdIzC 
                           $82A6:4C 48 81  JMP $8148                                                      A:F5 X:A8 Y:02 S:C4 P:NvUBdIzC 
                           $8148:88        DEY                                                            A:F5 X:A8 Y:02 S:C4 P:NvUBdIzC 
                           $8149:F0 4A     BEQ $8195                                                      A:F5 X:A8 Y:01 S:C4 P:nvUBdIzC 
                           $814B:A5 15     LDA $0015 = #$83                                               A:F5 X:A8 Y:01 S:C4 P:nvUBdIzC 
                           $814D:10 03     BPL $8152                                                      A:83 X:A8 Y:01 S:C4 P:NvUBdIzC 
                           $814F:4C 26 82  JMP $8226                                                      A:83 X:A8 Y:01 S:C4 P:NvUBdIzC 
                           $8226:68        PLA                                                            A:83 X:A8 Y:01 S:C4 P:NvUBdIzC 
                          $8227:8D 07 20  STA $2007 = #$00                                               A:00 X:A8 Y:01 S:C5 P:nvUBdIZC 
                          $822A:68        PLA                                                            A:00 X:A8 Y:01 S:C5 P:nvUBdIZC 
                         $822B:8D 07 20  STA $2007 = #$00                                               A:00 X:A8 Y:01 S:C6 P:nvUBdIZC 
                         $822E:68        PLA                                                            A:00 X:A8 Y:01 S:C6 P:nvUBdIZC 
                        $822F:8D 07 20  STA $2007 = #$00                                               A:00 X:A8 Y:01 S:C7 P:nvUBdIZC 
                        $8232:68        PLA                                                            A:00 X:A8 Y:01 S:C7 P:nvUBdIZC 
                       $8233:8D 07 20  STA $2007 = #$00                                               A:00 X:A8 Y:01 S:C8 P:nvUBdIZC 
                       $8236:68        PLA                                                            A:00 X:A8 Y:01 S:C8 P:nvUBdIZC 
                      $8237:8D 07 20  STA $2007 = #$00                                               A:F4 X:A8 Y:01 S:C9 P:NvUBdIzC 
                      $823A:68        PLA                                                            A:F4 X:A8 Y:01 S:C9 P:NvUBdIzC 
                     $823B:8D 07 20  STA $2007 = #$00                                               A:F4 X:A8 Y:01 S:CA P:NvUBdIzC 
                     $823E:68        PLA                                                            A:F4 X:A8 Y:01 S:CA P:NvUBdIzC 
                    $823F:8D 07 20  STA $2007 = #$00                                               A:F4 X:A8 Y:01 S:CB P:NvUBdIzC 
                    $8242:68        PLA                                                            A:F4 X:A8 Y:01 S:CB P:NvUBdIzC 
                   $8243:8D 07 20  STA $2007 = #$00                                               A:F4 X:A8 Y:01 S:CC P:NvUBdIzC 
                   $8246:68        PLA                                                            A:F4 X:A8 Y:01 S:CC P:NvUBdIzC 
                  $8247:8D 07 20  STA $2007 = #$00                                               A:F4 X:A8 Y:01 S:CD P:NvUBdIzC 
                  $824A:68        PLA                                                            A:F4 X:A8 Y:01 S:CD P:NvUBdIzC 
                 $824B:8D 07 20  STA $2007 = #$00                                               A:F4 X:A8 Y:01 S:CE P:NvUBdIzC 
                 $824E:68        PLA                                                            A:F4 X:A8 Y:01 S:CE P:NvUBdIzC 
                $824F:8D 07 20  STA $2007 = #$00                                               A:00 X:A8 Y:01 S:CF P:nvUBdIZC 
                $8252:68        PLA                                                            A:00 X:A8 Y:01 S:CF P:nvUBdIZC 
               $8253:8D 07 20  STA $2007 = #$00                                               A:F0 X:A8 Y:01 S:D0 P:NvUBdIzC 
               $8256:68        PLA                                                            A:F0 X:A8 Y:01 S:D0 P:NvUBdIzC 
              $8257:8D 07 20  STA $2007 = #$00                                               A:F0 X:A8 Y:01 S:D1 P:NvUBdIzC 
              $825A:68        PLA                                                            A:F0 X:A8 Y:01 S:D1 P:NvUBdIzC 
             $825B:8D 07 20  STA $2007 = #$00                                               A:F0 X:A8 Y:01 S:D2 P:NvUBdIzC 
             $825E:68        PLA                                                            A:F0 X:A8 Y:01 S:D2 P:NvUBdIzC 
            $825F:8D 07 20  STA $2007 = #$00                                               A:F2 X:A8 Y:01 S:D3 P:NvUBdIzC 
            $8262:68        PLA                                                            A:F2 X:A8 Y:01 S:D3 P:NvUBdIzC 
           $8263:8D 07 20  STA $2007 = #$00                                               A:F2 X:A8 Y:01 S:D4 P:NvUBdIzC 
           $8266:68        PLA                                                            A:F2 X:A8 Y:01 S:D4 P:NvUBdIzC 
          $8267:8D 07 20  STA $2007 = #$00                                               A:00 X:A8 Y:01 S:D5 P:nvUBdIZC 
          $826A:68        PLA                                                            A:00 X:A8 Y:01 S:D5 P:nvUBdIZC 
         $826B:8D 07 20  STA $2007 = #$00                                               A:00 X:A8 Y:01 S:D6 P:nvUBdIZC 
         $826E:68        PLA                                                            A:00 X:A8 Y:01 S:D6 P:nvUBdIZC 
        $826F:8D 07 20  STA $2007 = #$00                                               A:00 X:A8 Y:01 S:D7 P:nvUBdIZC 
        $8272:68        PLA                                                            A:00 X:A8 Y:01 S:D7 P:nvUBdIZC 
       $8273:8D 07 20  STA $2007 = #$00                                               A:00 X:A8 Y:01 S:D8 P:nvUBdIZC 
       $8276:68        PLA                                                            A:00 X:A8 Y:01 S:D8 P:nvUBdIZC 
      $8277:8D 07 20  STA $2007 = #$00                                               A:F0 X:A8 Y:01 S:D9 P:NvUBdIzC 
      $827A:68        PLA                                                            A:F0 X:A8 Y:01 S:D9 P:NvUBdIzC 
     $827B:8D 07 20  STA $2007 = #$00                                               A:F0 X:A8 Y:01 S:DA P:NvUBdIzC 
     $827E:68        PLA                                                            A:F0 X:A8 Y:01 S:DA P:NvUBdIzC 
    $827F:8D 07 20  STA $2007 = #$00                                               A:F0 X:A8 Y:01 S:DB P:NvUBdIzC 
    $8282:68        PLA                                                            A:F0 X:A8 Y:01 S:DB P:NvUBdIzC 
   $8283:8D 07 20  STA $2007 = #$00                                               A:F2 X:A8 Y:01 S:DC P:NvUBdIzC 
   $8286:68        PLA                                                            A:F2 X:A8 Y:01 S:DC P:NvUBdIzC 
  $8287:8D 07 20  STA $2007 = #$00                                               A:F2 X:A8 Y:01 S:DD P:NvUBdIzC 
  $828A:68        PLA                                                            A:F2 X:A8 Y:01 S:DD P:NvUBdIzC 
 $828B:8D 07 20  STA $2007 = #$00                                               A:00 X:A8 Y:01 S:DE P:nvUBdIZC 
 $828E:68        PLA                                                            A:00 X:A8 Y:01 S:DE P:nvUBdIZC 
$828F:8D 07 20  STA $2007 = #$00                                               A:F3 X:A8 Y:01 S:DF P:NvUBdIzC 
$8292:68        PLA                                                            A:F3 X:A8 Y:01 S:DF P:NvUBdIzC 
                               $8293:8D 07 20  STA $2007 = #$00                                               A:F3 X:A8 Y:01 S:E0 P:NvUBdIzC 
                               $8296:68        PLA                                                            A:F3 X:A8 Y:01 S:E0 P:NvUBdIzC 
                              $8297:8D 07 20  STA $2007 = #$00                                               A:F3 X:A8 Y:01 S:E1 P:NvUBdIzC 
                              $829A:68        PLA                                                            A:F3 X:A8 Y:01 S:E1 P:NvUBdIzC 
                             $829B:8D 07 20  STA $2007 = #$00                                               A:F3 X:A8 Y:01 S:E2 P:NvUBdIzC 
                             $829E:68        PLA                                                            A:F3 X:A8 Y:01 S:E2 P:NvUBdIzC 
                            $829F:8D 07 20  STA $2007 = #$00                                               A:F3 X:A8 Y:01 S:E3 P:NvUBdIzC 
                            $82A2:68        PLA                                                            A:F3 X:A8 Y:01 S:E3 P:NvUBdIzC 
                           $82A3:8D 07 20  STA $2007 = #$00                                               A:F3 X:A8 Y:01 S:E4 P:NvUBdIzC 
                           $82A6:4C 48 81  JMP $8148                                                      A:F3 X:A8 Y:01 S:E4 P:NvUBdIzC 
                           $8148:88        DEY                                                            A:F3 X:A8 Y:01 S:E4 P:NvUBdIzC 
                           $8149:F0 4A     BEQ $8195                                                      A:F3 X:A8 Y:00 S:E4 P:nvUBdIZC 
                           $8195:A9 10     LDA #$10                                                       A:F3 X:A8 Y:00 S:E4 P:nvUBdIZC 
                           $8197:8D 00 20  STA $2000 = #$10                                               A:10 X:A8 Y:00 S:E4 P:nvUBdIzC 
                           $819A:A5 15     LDA $0015 = #$83                                               A:10 X:A8 Y:00 S:E4 P:nvUBdIzC 
                           $819C:30 1E     BMI $81BC                                                      A:83 X:A8 Y:00 S:E4 P:NvUBdIzC 
                           $81BC:A6 2F     LDX $002F = #$FD                                               A:83 X:A8 Y:00 S:E4 P:NvUBdIzC 
                           $81BE:9A        TXS                                                            A:83 X:FD Y:00 S:E4 P:NvUBdIzC 
  $81BF:60        RTS (from $8108) ----------------------------------------------A:83 X:FD Y:00 S:FD P:NvUBdIzC 
$83A7:20 B5 85  JSR $85B5                                                      A:83 X:FD Y:00 S:FF P:NvUBdIzC 
  $85B5:A5 CC     LDA $00CC = #$00                                               A:83 X:FD Y:00 S:FD P:NvUBdIzC 
  $85B7:D0 D4     BNE $858D                                                      A:00 X:FD Y:00 S:FD P:nvUBdIZC 
  $85B9:AD 96 07  LDA $0796 = #$C0                                               A:00 X:FD Y:00 S:FD P:nvUBdIZC 
  $85BC:18        CLC                                                            A:C0 X:FD Y:00 S:FD P:NvUBdIzC 
  $85BD:69 10     ADC #$10                                                       A:C0 X:FD Y:00 S:FD P:NvUBdIzc 
  $85BF:B0 09     BCS $85CA                                                      A:D0 X:FD Y:00 S:FD P:NvUBdIzc 
  $85C1:EA        NOP                                                            A:D0 X:FD Y:00 S:FD P:NvUBdIzc 
  $85C2:4C C5 85  JMP $85C5                                                      A:D0 X:FD Y:00 S:FD P:NvUBdIzc 
  $85C5:EA        NOP                                                            A:D0 X:FD Y:00 S:FD P:NvUBdIzc 
  $85C6:EA        NOP                                                            A:D0 X:FD Y:00 S:FD P:NvUBdIzc 
  $85C7:4C BD 85  JMP $85BD                                                      A:D0 X:FD Y:00 S:FD P:NvUBdIzc 
  $85BD:69 10     ADC #$10                                                       A:D0 X:FD Y:00 S:FD P:NvUBdIzc 
  $85BF:B0 09     BCS $85CA                                                      A:E0 X:FD Y:00 S:FD P:NvUBdIzc 
  $85C1:EA        NOP                                                            A:E0 X:FD Y:00 S:FD P:NvUBdIzc 
  $85C2:4C C5 85  JMP $85C5                                                      A:E0 X:FD Y:00 S:FD P:NvUBdIzc 
  $85C5:EA        NOP                                                            A:E0 X:FD Y:00 S:FD P:NvUBdIzc 
  $85C6:EA        NOP                                                            A:E0 X:FD Y:00 S:FD P:NvUBdIzc 
  $85C7:4C BD 85  JMP $85BD                                                      A:E0 X:FD Y:00 S:FD P:NvUBdIzc 
  $85BD:69 10     ADC #$10                                                       A:E0 X:FD Y:00 S:FD P:NvUBdIzc 
  $85BF:B0 09     BCS $85CA                                                      A:F0 X:FD Y:00 S:FD P:NvUBdIzc 
  $85C1:EA        NOP                                                            A:F0 X:FD Y:00 S:FD P:NvUBdIzc 
  $85C2:4C C5 85  JMP $85C5                                                      A:F0 X:FD Y:00 S:FD P:NvUBdIzc 
  $85C5:EA        NOP                                                            A:F0 X:FD Y:00 S:FD P:NvUBdIzc 
  $85C6:EA        NOP                                                            A:F0 X:FD Y:00 S:FD P:NvUBdIzc 
  $85C7:4C BD 85  JMP $85BD                                                      A:F0 X:FD Y:00 S:FD P:NvUBdIzc 
  $85BD:69 10     ADC #$10                                                       A:F0 X:FD Y:00 S:FD P:NvUBdIzc 
  $85BF:B0 09     BCS $85CA                                                      A:00 X:FD Y:00 S:FD P:nvUBdIZC 
  $85CA:20 82 07  JSR $0782                                                      A:00 X:FD Y:00 S:FD P:nvUBdIZC 
    $0782:A9 12     LDA #$12                                                       A:00 X:FD Y:00 S:FB P:nvUBdIZC 
    $0784:8D C5 FF  STA $FFC5 = #$12                                               A:12 X:FD Y:00 S:FB P:nvUBdIzC 
    $0787:A5 9C     LDA $009C = #$00                                               A:12 X:FD Y:00 S:FB P:nvUBdIzC 
    $0789:8D 06 20  STA $2006 = #$9E                                               A:00 X:FD Y:00 S:FB P:nvUBdIZC 
    $078C:A5 9D     LDA $009D = #$10                                               A:00 X:FD Y:00 S:FB P:nvUBdIZC 
    $078E:8D 06 20  STA $2006 = #$9E                                               A:10 X:FD Y:00 S:FB P:nvUBdIzC 
    $0791:A9 00     LDA #$00                                                       A:10 X:FD Y:00 S:FB P:nvUBdIzC 
    $0793:18        CLC                                                            A:00 X:FD Y:00 S:FB P:nvUBdIZC 
    $0794:AA        TAX                                                            A:00 X:FD Y:00 S:FB P:nvUBdIZc 
    $0795:BC C0 9A  LDY $9AC0,X @ $9AC0 = #$00                                     A:00 X:00 Y:00 S:FB P:nvUBdIZc 
    $0798:8C 07 20  STY $2007 = #$00                                               A:00 X:00 Y:00 S:FB P:nvUBdIZc 
    $079B:BC C1 9A  LDY $9AC1,X @ $9AC1 = #$00                                     A:00 X:00 Y:00 S:FB P:nvUBdIZc 
    $079E:8C 07 20  STY $2007 = #$00                                               A:00 X:00 Y:00 S:FB P:nvUBdIZc 
    $07A1:BC C2 9A  LDY $9AC2,X @ $9AC2 = #$A0                                     A:00 X:00 Y:00 S:FB P:nvUBdIZc 
    $07A4:8C 07 20  STY $2007 = #$00                                               A:00 X:00 Y:A0 S:FB P:NvUBdIzc 
    $07A7:BC C3 9A  LDY $9AC3,X @ $9AC3 = #$20                                     A:00 X:00 Y:A0 S:FB P:NvUBdIzc 
    $07AA:8C 07 20  STY $2007 = #$00                                               A:00 X:00 Y:20 S:FB P:nvUBdIzc 
    $07AD:BC C4 9A  LDY $9AC4,X @ $9AC4 = #$13                                     A:00 X:00 Y:20 S:FB P:nvUBdIzc 
    $07B0:8C 07 20  STY $2007 = #$00                                               A:00 X:00 Y:13 S:FB P:nvUBdIzc 
    $07B3:BC C5 9A  LDY $9AC5,X @ $9AC5 = #$12                                     A:00 X:00 Y:13 S:FB P:nvUBdIzc 
    $07B6:8C 07 20  STY $2007 = #$00                                               A:00 X:00 Y:12 S:FB P:nvUBdIzc 
    $07B9:BC C6 9A  LDY $9AC6,X @ $9AC6 = #$B1                                     A:00 X:00 Y:12 S:FB P:nvUBdIzc 
    $07BC:8C 07 20  STY $2007 = #$00                                               A:00 X:00 Y:B1 S:FB P:NvUBdIzc 
    $07BF:BC C7 9A  LDY $9AC7,X @ $9AC7 = #$6C                                     A:00 X:00 Y:B1 S:FB P:NvUBdIzc 
    $07C2:8C 07 20  STY $2007 = #$00                                               A:00 X:00 Y:6C S:FB P:nvUBdIzc 
    $07C5:BC C8 9A  LDY $9AC8,X @ $9AC8 = #$0C                                     A:00 X:00 Y:6C S:FB P:nvUBdIzc 
    $07C8:8C 07 20  STY $2007 = #$00                                               A:00 X:00 Y:0C S:FB P:nvUBdIzc 
    $07CB:BC C9 9A  LDY $9AC9,X @ $9AC9 = #$16                                     A:00 X:00 Y:0C S:FB P:nvUBdIzc 
    $07CE:8C 07 20  STY $2007 = #$00                                               A:00 X:00 Y:16 S:FB P:nvUBdIzc 
    $07D1:BC CA 9A  LDY $9ACA,X @ $9ACA = #$52                                     A:00 X:00 Y:16 S:FB P:nvUBdIzc 
    $07D4:8C 07 20  STY $2007 = #$00                                               A:00 X:00 Y:52 S:FB P:nvUBdIzc 
    $07D7:BC CB 9A  LDY $9ACB,X @ $9ACB = #$D2                                     A:00 X:00 Y:52 S:FB P:nvUBdIzc 
    $07DA:8C 07 20  STY $2007 = #$00                                               A:00 X:00 Y:D2 S:FB P:NvUBdIzc 
    $07DD:BC CC 9A  LDY $9ACC,X @ $9ACC = #$EB                                     A:00 X:00 Y:D2 S:FB P:NvUBdIzc 
    $07E0:8C 07 20  STY $2007 = #$00                                               A:00 X:00 Y:EB S:FB P:NvUBdIzc 
    $07E3:BC CD 9A  LDY $9ACD,X @ $9ACD = #$EA                                     A:00 X:00 Y:EB S:FB P:NvUBdIzc 
    $07E6:8C 07 20  STY $2007 = #$00                                               A:00 X:00 Y:EA S:FB P:NvUBdIzc 
    $07E9:BC CE 9A  LDY $9ACE,X @ $9ACE = #$49                                     A:00 X:00 Y:EA S:FB P:NvUBdIzc 
    $07EC:8C 07 20  STY $2007 = #$00                                               A:00 X:00 Y:49 S:FB P:nvUBdIzc 
    $07EF:BC CF 9A  LDY $9ACF,X @ $9ACF = #$90                                     A:00 X:00 Y:49 S:FB P:nvUBdIzc 
    $07F2:8C 07 20  STY $2007 = #$00                                               A:00 X:00 Y:90 S:FB P:NvUBdIzc 
    $07F5:69 10     ADC #$10                                                       A:00 X:00 Y:90 S:FB P:NvUBdIzc 
    $07F7:AA        TAX                                                            A:10 X:00 Y:90 S:FB P:nvUBdIzc 
    $07F8:D0 9B     BNE $0795                                                      A:10 X:10 Y:90 S:FB P:nvUBdIzc 
    $0795:BC C0 9A  LDY $9AC0,X @ $9AD0 = #$22                                     A:10 X:10 Y:90 S:FB P:nvUBdIzc 
    $0798:8C 07 20  STY $2007 = #$00                                               A:10 X:10 Y:22 S:FB P:nvUBdIzc 
    $079B:BC C1 9A  LDY $9AC1,X @ $9AD1 = #$22                                     A:10 X:10 Y:22 S:FB P:nvUBdIzc 
    $079E:8C 07 20  STY $2007 = #$00                                               A:10 X:10 Y:22 S:FB P:nvUBdIzc 
    $07A1:BC C2 9A  LDY $9AC2,X @ $9AD2 = #$16                                     A:10 X:10 Y:22 S:FB P:nvUBdIzc 
    $07A4:8C 07 20  STY $2007 = #$00                                               A:10 X:10 Y:16 S:FB P:nvUBdIzc 
    $07A7:BC C3 9A  LDY $9AC3,X @ $9AD3 = #$0D                                     A:10 X:10 Y:16 S:FB P:nvUBdIzc 
    $07AA:8C 07 20  STY $2007 = #$00                                               A:10 X:10 Y:0D S:FB P:nvUBdIzc 
    $07AD:BC C4 9A  LDY $9AC4,X @ $9AD4 = #$5F                                     A:10 X:10 Y:0D S:FB P:nvUBdIzc 
    $07B0:8C 07 20  STY $2007 = #$00                                               A:10 X:10 Y:5F S:FB P:nvUBdIzc 
    $07B3:BC C5 9A  LDY $9AC5,X @ $9AD5 = #$30                                     A:10 X:10 Y:5F S:FB P:nvUBdIzc 
    $07B6:8C 07 20  STY $2007 = #$00                                               A:10 X:10 Y:30 S:FB P:nvUBdIzc 
    $07B9:BC C6 9A  LDY $9AC6,X @ $9AD6 = #$40                                     A:10 X:10 Y:30 S:FB P:nvUBdIzc 
    $07BC:8C 07 20  STY $2007 = #$00                                               A:10 X:10 Y:40 S:FB P:nvUBdIzc 
    $07BF:BC C7 9A  LDY $9AC7,X @ $9AD7 = #$80                                     A:10 X:10 Y:40 S:FB P:nvUBdIzc 
    $07C2:8C 07 20  STY $2007 = #$00                                               A:10 X:10 Y:80 S:FB P:NvUBdIzc 
    $07C5:BC C8 9A  LDY $9AC8,X @ $9AD8 = #$1D                                     A:10 X:10 Y:80 S:FB P:NvUBdIzc 
    $07C8:8C 07 20  STY $2007 = #$00                                               A:10 X:10 Y:1D S:FB P:nvUBdIzc 
    $07CB:BC C9 9A  LDY $9AC9,X @ $9AD9 = #$1D                                     A:10 X:10 Y:1D S:FB P:nvUBdIzc 
    $07CE:8C 07 20  STY $2007 = #$00                                               A:10 X:10 Y:1D S:FB P:nvUBdIzc 
    $07D1:BC CA 9A  LDY $9ACA,X @ $9ADA = #$29                                     A:10 X:10 Y:1D S:FB P:nvUBdIzc 
    $07D4:8C 07 20  STY $2007 = #$00                                               A:10 X:10 Y:29 S:FB P:nvUBdIzc 
    $07D7:BC CB 9A  LDY $9ACB,X @ $9ADB = #$72                                     A:10 X:10 Y:29 S:FB P:nvUBdIzc 
    $07DA:8C 07 20  STY $2007 = #$00                                               A:10 X:10 Y:72 S:FB P:nvUBdIzc 
    $07DD:BC CC 9A  LDY $9ACC,X @ $9ADC = #$20                                     A:10 X:10 Y:72 S:FB P:nvUBdIzc 
    $07E0:8C 07 20  STY $2007 = #$00                                               A:10 X:10 Y:20 S:FB P:nvUBdIzc 
    $07E3:BC CD 9A  LDY $9ACD,X @ $9ADD = #$40                                     A:10 X:10 Y:20 S:FB P:nvUBdIzc 
    $07E6:8C 07 20  STY $2007 = #$00                                               A:10 X:10 Y:40 S:FB P:nvUBdIzc 
    $07E9:BC CE 9A  LDY $9ACE,X @ $9ADE = #$00                                     A:10 X:10 Y:40 S:FB P:nvUBdIzc 
    $07EC:8C 07 20  STY $2007 = #$00                                               A:10 X:10 Y:00 S:FB P:nvUBdIZc 
    $07EF:BC CF 9A  LDY $9ACF,X @ $9ADF = #$00                                     A:10 X:10 Y:00 S:FB P:nvUBdIZc 
    $07F2:8C 07 20  STY $2007 = #$00                                               A:10 X:10 Y:00 S:FB P:nvUBdIZc 
    $07F5:69 10     ADC #$10                                                       A:10 X:10 Y:00 S:FB P:nvUBdIZc 
    $07F7:AA        TAX                                                            A:20 X:10 Y:00 S:FB P:nvUBdIzc 
    $07F8:D0 9B     BNE $0795                                                      A:20 X:20 Y:00 S:FB P:nvUBdIzc 
    $0795:BC C0 9A  LDY $9AC0,X @ $9AE0 = #$00                                     A:20 X:20 Y:00 S:FB P:nvUBdIzc 
    $0798:8C 07 20  STY $2007 = #$00                                               A:20 X:20 Y:00 S:FB P:nvUBdIZc 
    $079B:BC C1 9A  LDY $9AC1,X @ $9AE1 = #$00                                     A:20 X:20 Y:00 S:FB P:nvUBdIZc 
    $079E:8C 07 20  STY $2007 = #$00                                               A:20 X:20 Y:00 S:FB P:nvUBdIZc 
    $07A1:BC C2 9A  LDY $9AC2,X @ $9AE2 = #$00                                     A:20 X:20 Y:00 S:FB P:nvUBdIZc 
    $07A4:8C 07 20  STY $2007 = #$00                                               A:20 X:20 Y:00 S:FB P:nvUBdIZc 
    $07A7:BC C3 9A  LDY $9AC3,X @ $9AE3 = #$00                                     A:20 X:20 Y:00 S:FB P:nvUBdIZc 
    $07AA:8C 07 20  STY $2007 = #$00                                               A:20 X:20 Y:00 S:FB P:nvUBdIZc 
    $07AD:BC C4 9A  LDY $9AC4,X @ $9AE4 = #$04                                     A:20 X:20 Y:00 S:FB P:nvUBdIZc 
    $07B0:8C 07 20  STY $2007 = #$00                                               A:20 X:20 Y:04 S:FB P:nvUBdIzc 
    $07B3:BC C5 9A  LDY $9AC5,X @ $9AE5 = #$3E                                     A:20 X:20 Y:04 S:FB P:nvUBdIzc 
    $07B6:8C 07 20  STY $2007 = #$00                                               A:20 X:20 Y:3E S:FB P:nvUBdIzc 
    $07B9:BC C6 9A  LDY $9AC6,X @ $9AE6 = #$6F                                     A:20 X:20 Y:3E S:FB P:nvUBdIzc 
    $07BC:8C 07 20  STY $2007 = #$00                                               A:20 X:20 Y:6F S:FB P:nvUBdIzc 
    $07BF:BC C7 9A  LDY $9AC7,X @ $9AE7 = #$DF                                     A:20 X:20 Y:6F S:FB P:nvUBdIzc 
    $07C2:8C 07 20  STY $2007 = #$00                                               A:20 X:20 Y:DF S:FB P:NvUBdIzc 
    $07C5:BC C8 9A  LDY $9AC8,X @ $9AE8 = #$00                                     A:20 X:20 Y:DF S:FB P:NvUBdIzc 
    $07C8:8C 07 20  STY $2007 = #$00                                               A:20 X:20 Y:00 S:FB P:nvUBdIZc 
    $07CB:BC C9 9A  LDY $9AC9,X @ $9AE9 = #$00                                     A:20 X:20 Y:00 S:FB P:nvUBdIZc 
    $07CE:8C 07 20  STY $2007 = #$00                                               A:20 X:20 Y:00 S:FB P:nvUBdIZc 
    $07D1:BC CA 9A  LDY $9ACA,X @ $9AEA = #$00                                     A:20 X:20 Y:00 S:FB P:nvUBdIZc 
    $07D4:8C 07 20  STY $2007 = #$00                                               A:20 X:20 Y:00 S:FB P:nvUBdIZc 
    $07D7:BC CB 9A  LDY $9ACB,X @ $9AEB = #$00                                     A:20 X:20 Y:00 S:FB P:nvUBdIZc 
    $07DA:8C 07 20  STY $2007 = #$00                                               A:20 X:20 Y:00 S:FB P:nvUBdIZc 
    $07DD:BC CC 9A  LDY $9ACC,X @ $9AEC = #$00                                     A:20 X:20 Y:00 S:FB P:nvUBdIZc 
    $07E0:8C 07 20  STY $2007 = #$00                                               A:20 X:20 Y:00 S:FB P:nvUBdIZc 
    $07E3:BC CD 9A  LDY $9ACD,X @ $9AED = #$04                                     A:20 X:20 Y:00 S:FB P:nvUBdIZc 
    $07E6:8C 07 20  STY $2007 = #$00                                               A:20 X:20 Y:04 S:FB P:nvUBdIzc 
    $07E9:BC CE 9A  LDY $9ACE,X @ $9AEE = #$30                                     A:20 X:20 Y:04 S:FB P:nvUBdIzc 
    $07EC:8C 07 20  STY $2007 = #$00                                               A:20 X:20 Y:30 S:FB P:nvUBdIzc 
    $07EF:BC CF 9A  LDY $9ACF,X @ $9AEF = #$60                                     A:20 X:20 Y:30 S:FB P:nvUBdIzc 
    $07F2:8C 07 20  STY $2007 = #$00                                               A:20 X:20 Y:60 S:FB P:nvUBdIzc 
    $07F5:69 10     ADC #$10                                                       A:20 X:20 Y:60 S:FB P:nvUBdIzc 
    $07F7:AA        TAX                                                            A:30 X:20 Y:60 S:FB P:nvUBdIzc 
    $07F8:D0 9B     BNE $0795                                                      A:30 X:30 Y:60 S:FB P:nvUBdIzc 
    $0795:BC C0 9A  LDY $9AC0,X @ $9AF0 = #$3F                                     A:30 X:30 Y:60 S:FB P:nvUBdIzc 
    $0798:8C 07 20  STY $2007 = #$00                                               A:30 X:30 Y:3F S:FB P:nvUBdIzc 
    $079B:BC C1 9A  LDY $9AC1,X @ $9AF1 = #$7F                                     A:30 X:30 Y:3F S:FB P:nvUBdIzc 
    $079E:8C 07 20  STY $2007 = #$00                                               A:30 X:30 Y:7F S:FB P:nvUBdIzc 
    $07A1:BC C2 9A  LDY $9AC2,X @ $9AF2 = #$FC                                     A:30 X:30 Y:7F S:FB P:nvUBdIzc 
    $07A4:8C 07 20  STY $2007 = #$00                                               A:30 X:30 Y:FC S:FB P:NvUBdIzc 
    $07A7:BC C3 9A  LDY $9AC3,X @ $9AF3 = #$4B                                     A:30 X:30 Y:FC S:FB P:NvUBdIzc 
    $07AA:8C 07 20  STY $2007 = #$00                                               A:30 X:30 Y:4B S:FB P:nvUBdIzc 
    $07AD:BC C4 9A  LDY $9AC4,X @ $9AF4 = #$FA                                     A:30 X:30 Y:4B S:FB P:nvUBdIzc 
    $07B0:8C 07 20  STY $2007 = #$00                                               A:30 X:30 Y:FA S:FB P:NvUBdIzc 
    $07B3:BC C5 9A  LDY $9AC5,X @ $9AF5 = #$5C                                     A:30 X:30 Y:FA S:FB P:NvUBdIzc 
    $07B6:8C 07 20  STY $2007 = #$00                                               A:30 X:30 Y:5C S:FB P:nvUBdIzc 
    $07B9:BC C6 9A  LDY $9AC6,X @ $9AF6 = #$08                                     A:30 X:30 Y:5C S:FB P:nvUBdIzc 
    $07BC:8C 07 20  STY $2007 = #$00                                               A:30 X:30 Y:08 S:FB P:nvUBdIzc 
    $07BF:BC C7 9A  LDY $9AC7,X @ $9AF7 = #$00                                     A:30 X:30 Y:08 S:FB P:nvUBdIzc 
    $07C2:8C 07 20  STY $2007 = #$00                                               A:30 X:30 Y:00 S:FB P:nvUBdIZc 
    $07C5:BC C8 9A  LDY $9AC8,X @ $9AF8 = #$01                                     A:30 X:30 Y:00 S:FB P:nvUBdIZc 
    $07C8:8C 07 20  STY $2007 = #$00                                               A:30 X:30 Y:01 S:FB P:nvUBdIzc 
    $07CB:BC C9 9A  LDY $9AC9,X @ $9AF9 = #$3F                                     A:30 X:30 Y:01 S:FB P:nvUBdIzc 
    $07CE:8C 07 20  STY $2007 = #$00                                               A:30 X:30 Y:3F S:FB P:nvUBdIzc 
    $07D1:BC CA 9A  LDY $9ACA,X @ $9AFA = #$7F                                     A:30 X:30 Y:3F S:FB P:nvUBdIzc 
    $07D4:8C 07 20  STY $2007 = #$00                                               A:30 X:30 Y:7F S:FB P:nvUBdIzc 
    $07D7:BC CB 9A  LDY $9ACB,X @ $9AFB = #$3C                                     A:30 X:30 Y:7F S:FB P:nvUBdIzc 
    $07DA:8C 07 20  STY $2007 = #$00                                               A:30 X:30 Y:3C S:FB P:nvUBdIzc 
    $07DD:BC CC 9A  LDY $9ACC,X @ $9AFC = #$4C                                     A:30 X:30 Y:3C S:FB P:nvUBdIzc 
    $07E0:8C 07 20  STY $2007 = #$00                                               A:30 X:30 Y:4C S:FB P:nvUBdIzc 
    $07E3:BC CD 9A  LDY $9ACD,X @ $9AFD = #$08                                     A:30 X:30 Y:4C S:FB P:nvUBdIzc 
    $07E6:8C 07 20  STY $2007 = #$00                                               A:30 X:30 Y:08 S:FB P:nvUBdIzc 
    $07E9:BC CE 9A  LDY $9ACE,X @ $9AFE = #$00                                     A:30 X:30 Y:08 S:FB P:nvUBdIzc 
    $07EC:8C 07 20  STY $2007 = #$00                                               A:30 X:30 Y:00 S:FB P:nvUBdIZc 
    $07EF:BC CF 9A  LDY $9ACF,X @ $9AFF = #$00                                     A:30 X:30 Y:00 S:FB P:nvUBdIZc 
    $07F2:8C 07 20  STY $2007 = #$00                                               A:30 X:30 Y:00 S:FB P:nvUBdIZc 
    $07F5:69 10     ADC #$10                                                       A:30 X:30 Y:00 S:FB P:nvUBdIZc 
    $07F7:AA        TAX                                                            A:40 X:30 Y:00 S:FB P:nvUBdIzc 
    $07F8:D0 9B     BNE $0795                                                      A:40 X:40 Y:00 S:FB P:nvUBdIzc 
    $0795:BC C0 9A  LDY $9AC0,X @ $9B00 = #$A7                                     A:40 X:40 Y:00 S:FB P:nvUBdIzc 
    $0798:8C 07 20  STY $2007 = #$00                                               A:40 X:40 Y:A7 S:FB P:NvUBdIzc 
    $079B:BC C1 9A  LDY $9AC1,X @ $9B01 = #$2F                                     A:40 X:40 Y:A7 S:FB P:NvUBdIzc 
    $079E:8C 07 20  STY $2007 = #$00                                               A:40 X:40 Y:2F S:FB P:nvUBdIzc 
    $07A1:BC C2 9A  LDY $9AC2,X @ $9B02 = #$4F                                     A:40 X:40 Y:2F S:FB P:nvUBdIzc 
    $07A4:8C 07 20  STY $2007 = #$00                                               A:40 X:40 Y:4F S:FB P:nvUBdIzc 
    $07A7:BC C3 9A  LDY $9AC3,X @ $9B03 = #$CF                                     A:40 X:40 Y:4F S:FB P:nvUBdIzc 
    $07AA:8C 07 20  STY $2007 = #$00                                               A:40 X:40 Y:CF S:FB P:NvUBdIzc 
    $07AD:BC C4 9A  LDY $9AC4,X @ $9B04 = #$4E                                     A:40 X:40 Y:CF S:FB P:NvUBdIzc 
    $07B0:8C 07 20  STY $2007 = #$00                                               A:40 X:40 Y:4E S:FB P:nvUBdIzc 
    $07B3:BC C5 9A  LDY $9AC5,X @ $9B05 = #$45                                     A:40 X:40 Y:4E S:FB P:nvUBdIzc 
    $07B6:8C 07 20  STY $2007 = #$00                                               A:40 X:40 Y:45 S:FB P:nvUBdIzc 
    $07B9:BC C6 9A  LDY $9AC6,X @ $9B06 = #$A1                                     A:40 X:40 Y:45 S:FB P:nvUBdIzc 
    $07BC:8C 07 20  STY $2007 = #$00                                               A:40 X:40 Y:A1 S:FB P:NvUBdIzc 
    $07BF:BC C7 9A  LDY $9AC7,X @ $9B07 = #$81                                     A:40 X:40 Y:A1 S:FB P:NvUBdIzc 
    $07C2:8C 07 20  STY $2007 = #$00                                               A:40 X:40 Y:81 S:FB P:NvUBdIzc 
    $07C5:BC C8 9A  LDY $9AC8,X @ $9B08 = #$DE                                     A:40 X:40 Y:81 S:FB P:NvUBdIzc 
    $07C8:8C 07 20  STY $2007 = #$00                                               A:40 X:40 Y:DE S:FB P:NvUBdIzc 
    $07CB:BC C9 9A  LDY $9AC9,X @ $9B09 = #$DE                                     A:40 X:40 Y:DE S:FB P:NvUBdIzc 
    $07CE:8C 07 20  STY $2007 = #$00                                               A:40 X:40 Y:DE S:FB P:NvUBdIzc 
    $07D1:BC CA 9A  LDY $9ACA,X @ $9B0A = #$BE                                     A:40 X:40 Y:DE S:FB P:NvUBdIzc 
    $07D4:8C 07 20  STY $2007 = #$00                                               A:40 X:40 Y:BE S:FB P:NvUBdIzc 
    $07D7:BC CB 9A  LDY $9ACB,X @ $9B0B = #$3F                                     A:40 X:40 Y:BE S:FB P:NvUBdIzc 
    $07DA:8C 07 20  STY $2007 = #$00                                               A:40 X:40 Y:3F S:FB P:nvUBdIzc 
    $07DD:BC CC 9A  LDY $9ACC,X @ $9B0C = #$3F                                     A:40 X:40 Y:3F S:FB P:nvUBdIzc 
    $07E0:8C 07 20  STY $2007 = #$00                                               A:40 X:40 Y:3F S:FB P:nvUBdIzc 
    $07E3:BC CD 9A  LDY $9ACD,X @ $9B0D = #$3E                                     A:40 X:40 Y:3F S:FB P:nvUBdIzc 
    $07E6:8C 07 20  STY $2007 = #$00                                               A:40 X:40 Y:3E S:FB P:nvUBdIzc 
    $07E9:BC CE 9A  LDY $9ACE,X @ $9B0E = #$7E                                     A:40 X:40 Y:3E S:FB P:nvUBdIzc 
    $07EC:8C 07 20  STY $2007 = #$00                                               A:40 X:40 Y:7E S:FB P:nvUBdIzc 
    $07EF:BC CF 9A  LDY $9ACF,X @ $9B0F = #$7E                                     A:40 X:40 Y:7E S:FB P:nvUBdIzc 
    $07F2:8C 07 20  STY $2007 = #$00                                               A:40 X:40 Y:7E S:FB P:nvUBdIzc 
    $07F5:69 10     ADC #$10                                                       A:40 X:40 Y:7E S:FB P:nvUBdIzc 
    $07F7:AA        TAX                                                            A:50 X:40 Y:7E S:FB P:nvUBdIzc 
    $07F8:D0 9B     BNE $0795                                                      A:50 X:50 Y:7E S:FB P:nvUBdIzc 
    $0795:BC C0 9A  LDY $9AC0,X @ $9B10 = #$70                                     A:50 X:50 Y:7E S:FB P:nvUBdIzc 
    $0798:8C 07 20  STY $2007 = #$00                                               A:50 X:50 Y:70 S:FB P:nvUBdIzc 
    $079B:BC C1 9A  LDY $9AC1,X @ $9B11 = #$F0                                     A:50 X:50 Y:70 S:FB P:nvUBdIzc 
    $079E:8C 07 20  STY $2007 = #$00                                               A:50 X:50 Y:F0 S:FB P:NvUBdIzc 
    $07A1:BC C2 9A  LDY $9AC2,X @ $9B12 = #$F8                                     A:50 X:50 Y:F0 S:FB P:NvUBdIzc 
    $07A4:8C 07 20  STY $2007 = #$00                                               A:50 X:50 Y:F8 S:FB P:NvUBdIzc 
    $07A7:BC C3 9A  LDY $9AC3,X @ $9B13 = #$FC                                     A:50 X:50 Y:F8 S:FB P:NvUBdIzc 
    $07AA:8C 07 20  STY $2007 = #$00                                               A:50 X:50 Y:FC S:FB P:NvUBdIzc 
    $07AD:BC C4 9A  LDY $9AC4,X @ $9B14 = #$E6                                     A:50 X:50 Y:FC S:FB P:NvUBdIzc 
    $07B0:8C 07 20  STY $2007 = #$00                                               A:50 X:50 Y:E6 S:FB P:NvUBdIzc 
    $07B3:BC C5 9A  LDY $9AC5,X @ $9B15 = #$52                                     A:50 X:50 Y:E6 S:FB P:NvUBdIzc 
    $07B6:8C 07 20  STY $2007 = #$00                                               A:50 X:50 Y:52 S:FB P:nvUBdIzc 
    $07B9:BC C6 9A  LDY $9AC6,X @ $9B16 = #$1B                                     A:50 X:50 Y:52 S:FB P:nvUBdIzc 
    $07BC:8C 07 20  STY $2007 = #$00                                               A:50 X:50 Y:1B S:FB P:nvUBdIzc 
    $07BF:BC C7 9A  LDY $9AC7,X @ $9B17 = #$1B                                     A:50 X:50 Y:1B S:FB P:nvUBdIzc 
    $07C2:8C 07 20  STY $2007 = #$00                                               A:50 X:50 Y:1B S:FB P:nvUBdIzc 
    $07C5:BC C8 9A  LDY $9AC8,X @ $9B18 = #$E0                                     A:50 X:50 Y:1B S:FB P:nvUBdIzc 
    $07C8:8C 07 20  STY $2007 = #$00                                               A:50 X:50 Y:E0 S:FB P:NvUBdIzc 
    $07CB:BC C9 9A  LDY $9AC9,X @ $9B19 = #$E0                                     A:50 X:50 Y:E0 S:FB P:NvUBdIzc 
    $07CE:8C 07 20  STY $2007 = #$00                                               A:50 X:50 Y:E0 S:FB P:NvUBdIzc 
    $07D1:BC CA 9A  LDY $9ACA,X @ $9B1A = #$E0                                     A:50 X:50 Y:E0 S:FB P:NvUBdIzc 
    $07D4:8C 07 20  STY $2007 = #$00                                               A:50 X:50 Y:E0 S:FB P:NvUBdIzc 
    $07D7:BC CB 9A  LDY $9ACB,X @ $9B1B = #$F8                                     A:50 X:50 Y:E0 S:FB P:NvUBdIzc 
    $07DA:8C 07 20  STY $2007 = #$00                                               A:50 X:50 Y:F8 S:FB P:NvUBdIzc 
    $07DD:BC CC 9A  LDY $9ACC,X @ $9B1C = #$FC                                     A:50 X:50 Y:F8 S:FB P:NvUBdIzc 
    $07E0:8C 07 20  STY $2007 = #$00                                               A:50 X:50 Y:FC S:FB P:NvUBdIzc 
    $07E3:BC CD 9A  LDY $9ACD,X @ $9B1D = #$EC                                     A:50 X:50 Y:FC S:FB P:NvUBdIzc 
    $07E6:8C 07 20  STY $2007 = #$00                                               A:50 X:50 Y:EC S:FB P:NvUBdIzc 
    $07E9:BC CE 9A  LDY $9ACE,X @ $9B1E = #$E6                                     A:50 X:50 Y:EC S:FB P:NvUBdIzc 
    $07EC:8C 07 20  STY $2007 = #$00                                               A:50 X:50 Y:E6 S:FB P:NvUBdIzc 
    $07EF:BC CF 9A  LDY $9ACF,X @ $9B1F = #$E6                                     A:50 X:50 Y:E6 S:FB P:NvUBdIzc 
    $07F2:8C 07 20  STY $2007 = #$00                                               A:50 X:50 Y:E6 S:FB P:NvUBdIzc 
    $07F5:69 10     ADC #$10                                                       A:50 X:50 Y:E6 S:FB P:NvUBdIzc 
    $07F7:AA        TAX                                                            A:60 X:50 Y:E6 S:FB P:nvUBdIzc 
    $07F8:D0 9B     BNE $0795                                                      A:60 X:60 Y:E6 S:FB P:nvUBdIzc 
    $0795:BC C0 9A  LDY $9AC0,X @ $9B20 = #$05                                     A:60 X:60 Y:E6 S:FB P:nvUBdIzc 
    $0798:8C 07 20  STY $2007 = #$00                                               A:60 X:60 Y:05 S:FB P:nvUBdIzc 
    $079B:BC C1 9A  LDY $9AC1,X @ $9B21 = #$05                                     A:60 X:60 Y:05 S:FB P:nvUBdIzc 
    $079E:8C 07 20  STY $2007 = #$00                                               A:60 X:60 Y:05 S:FB P:nvUBdIzc 
    $07A1:BC C2 9A  LDY $9AC2,X @ $9B22 = #$0D                                     A:60 X:60 Y:05 S:FB P:nvUBdIzc 
    $07A4:8C 07 20  STY $2007 = #$00                                               A:60 X:60 Y:0D S:FB P:nvUBdIzc 
    $07A7:BC C3 9A  LDY $9AC3,X @ $9B23 = #$12                                     A:60 X:60 Y:0D S:FB P:nvUBdIzc 
    $07AA:8C 07 20  STY $2007 = #$00                                               A:60 X:60 Y:12 S:FB P:nvUBdIzc 
    $07AD:BC C4 9A  LDY $9AC4,X @ $9B24 = #$2C                                     A:60 X:60 Y:12 S:FB P:nvUBdIzc 
    $07B0:8C 07 20  STY $2007 = #$00                                               A:60 X:60 Y:2C S:FB P:nvUBdIzc 
    $07B3:BC C5 9A  LDY $9AC5,X @ $9B25 = #$5C                                     A:60 X:60 Y:2C S:FB P:nvUBdIzc 
    $07B6:8C 07 20  STY $2007 = #$00                                               A:60 X:60 Y:5C S:FB P:nvUBdIzc 
    $07B9:BC C6 9A  LDY $9AC6,X @ $9B26 = #$B8                                     A:60 X:60 Y:5C S:FB P:nvUBdIzc 
    $07BC:8C 07 20  STY $2007 = #$00                                               A:60 X:60 Y:B8 S:FB P:NvUBdIzc 
    $07BF:BC C7 9A  LDY $9AC7,X @ $9B27 = #$B8                                     A:60 X:60 Y:B8 S:FB P:NvUBdIzc 
    $07C2:8C 07 20  STY $2007 = #$00                                               A:60 X:60 Y:B8 S:FB P:NvUBdIzc 
    $07C5:BC C8 9A  LDY $9AC8,X @ $9B28 = #$03                                     A:60 X:60 Y:B8 S:FB P:NvUBdIzc 
    $07C8:8C 07 20  STY $2007 = #$00                                               A:60 X:60 Y:03 S:FB P:nvUBdIzc 
    $07CB:BC C9 9A  LDY $9AC9,X @ $9B29 = #$03                                     A:60 X:60 Y:03 S:FB P:nvUBdIzc 
    $07CE:8C 07 20  STY $2007 = #$00                                               A:60 X:60 Y:03 S:FB P:nvUBdIzc 
    $07D1:BC CA 9A  LDY $9ACA,X @ $9B2A = #$03                                     A:60 X:60 Y:03 S:FB P:nvUBdIzc 
    $07D4:8C 07 20  STY $2007 = #$00                                               A:60 X:60 Y:03 S:FB P:nvUBdIzc 
    $07D7:BC CB 9A  LDY $9ACB,X @ $9B2B = #$0F                                     A:60 X:60 Y:03 S:FB P:nvUBdIzc 
    $07DA:8C 07 20  STY $2007 = #$00                                               A:60 X:60 Y:0F S:FB P:nvUBdIzc 
    $07DD:BC CC 9A  LDY $9ACC,X @ $9B2C = #$1F                                     A:60 X:60 Y:0F S:FB P:nvUBdIzc 
    $07E0:8C 07 20  STY $2007 = #$00                                               A:60 X:60 Y:1F S:FB P:nvUBdIzc 
    $07E3:BC CD 9A  LDY $9ACD,X @ $9B2D = #$3F                                     A:60 X:60 Y:1F S:FB P:nvUBdIzc 
    $07E6:8C 07 20  STY $2007 = #$00                                               A:60 X:60 Y:3F S:FB P:nvUBdIzc 
    $07E9:BC CE 9A  LDY $9ACE,X @ $9B2E = #$7F                                     A:60 X:60 Y:3F S:FB P:nvUBdIzc 
    $07EC:8C 07 20  STY $2007 = #$00                                               A:60 X:60 Y:7F S:FB P:nvUBdIzc 
    $07EF:BC CF 9A  LDY $9ACF,X @ $9B2F = #$7F                                     A:60 X:60 Y:7F S:FB P:nvUBdIzc 
    $07F2:8C 07 20  STY $2007 = #$00                                               A:60 X:60 Y:7F S:FB P:nvUBdIzc 
    $07F5:69 10     ADC #$10                                                       A:60 X:60 Y:7F S:FB P:nvUBdIzc 
    $07F7:AA        TAX                                                            A:70 X:60 Y:7F S:FB P:nvUBdIzc 
    $07F8:D0 9B     BNE $0795                                                      A:70 X:70 Y:7F S:FB P:nvUBdIzc 
    $0795:BC C0 9A  LDY $9AC0,X @ $9B30 = #$02                                     A:70 X:70 Y:7F S:FB P:nvUBdIzc 
    $0798:8C 07 20  STY $2007 = #$00                                               A:70 X:70 Y:02 S:FB P:nvUBdIzc 
    $079B:BC C1 9A  LDY $9AC1,X @ $9B31 = #$02                                     A:70 X:70 Y:02 S:FB P:nvUBdIzc 
    $079E:8C 07 20  STY $2007 = #$00                                               A:70 X:70 Y:02 S:FB P:nvUBdIzc 
    $07A1:BC C2 9A  LDY $9AC2,X @ $9B32 = #$03                                     A:70 X:70 Y:02 S:FB P:nvUBdIzc 
    $07A4:8C 07 20  STY $2007 = #$00                                               A:70 X:70 Y:03 S:FB P:nvUBdIzc 
    $07A7:BC C3 9A  LDY $9AC3,X @ $9B33 = #$00                                     A:70 X:70 Y:03 S:FB P:nvUBdIzc 
    $07AA:8C 07 20  STY $2007 = #$00                                               A:70 X:70 Y:00 S:FB P:nvUBdIZc 
    $07AD:BC C4 9A  LDY $9AC4,X @ $9B34 = #$00                                     A:70 X:70 Y:00 S:FB P:nvUBdIZc 
    $07B0:8C 07 20  STY $2007 = #$00                                               A:70 X:70 Y:00 S:FB P:nvUBdIZc 
    $07B3:BC C5 9A  LDY $9AC5,X @ $9B35 = #$21                                     A:70 X:70 Y:00 S:FB P:nvUBdIZc 
    $07B6:8C 07 20  STY $2007 = #$00                                               A:70 X:70 Y:21 S:FB P:nvUBdIzc 
    $07B9:BC C6 9A  LDY $9AC6,X @ $9B36 = #$3E                                     A:70 X:70 Y:21 S:FB P:nvUBdIzc 
    $07BC:8C 07 20  STY $2007 = #$00                                               A:70 X:70 Y:3E S:FB P:nvUBdIzc 
    $07BF:BC C7 9A  LDY $9AC7,X @ $9B37 = #$38                                     A:70 X:70 Y:3E S:FB P:nvUBdIzc 
    $07C2:8C 07 20  STY $2007 = #$00                                               A:70 X:70 Y:38 S:FB P:nvUBdIzc 
    $07C5:BC C8 9A  LDY $9AC8,X @ $9B38 = #$FD                                     A:70 X:70 Y:38 S:FB P:nvUBdIzc 
    $07C8:8C 07 20  STY $2007 = #$00                                               A:70 X:70 Y:FD S:FB P:NvUBdIzc 
    $07CB:BC C9 9A  LDY $9AC9,X @ $9B39 = #$FD                                     A:70 X:70 Y:FD S:FB P:NvUBdIzc 
    $07CE:8C 07 20  STY $2007 = #$00                                               A:70 X:70 Y:FD S:FB P:NvUBdIzc 
    $07D1:BC CA 9A  LDY $9ACA,X @ $9B3A = #$FC                                     A:70 X:70 Y:FD S:FB P:NvUBdIzc 
    $07D4:8C 07 20  STY $2007 = #$00                                               A:70 X:70 Y:FC S:FB P:NvUBdIzc 
    $07D7:BC CB 9A  LDY $9ACB,X @ $9B3B = #$FF                                     A:70 X:70 Y:FC S:FB P:NvUBdIzc 
    $07DA:8C 07 20  STY $2007 = #$00                                               A:70 X:70 Y:FF S:FB P:NvUBdIzc 
    $07DD:BC CC 9A  LDY $9ACC,X @ $9B3C = #$FF                                     A:70 X:70 Y:FF S:FB P:NvUBdIzc 
    $07E0:8C 07 20  STY $2007 = #$00                                               A:70 X:70 Y:FF S:FB P:NvUBdIzc 
    $07E3:BC CD 9A  LDY $9ACD,X @ $9B3D = #$DE                                     A:70 X:70 Y:FF S:FB P:NvUBdIzc 
    $07E6:8C 07 20  STY $2007 = #$00                                               A:70 X:70 Y:DE S:FB P:NvUBdIzc 
    $07E9:BC CE 9A  LDY $9ACE,X @ $9B3E = #$C0                                     A:70 X:70 Y:DE S:FB P:NvUBdIzc 
    $07EC:8C 07 20  STY $2007 = #$00                                               A:70 X:70 Y:C0 S:FB P:NvUBdIzc 
    $07EF:BC CF 9A  LDY $9ACF,X @ $9B3F = #$C0                                     A:70 X:70 Y:C0 S:FB P:NvUBdIzc 
    $07F2:8C 07 20  STY $2007 = #$00                                               A:70 X:70 Y:C0 S:FB P:NvUBdIzc 
    $07F5:69 10     ADC #$10                                                       A:70 X:70 Y:C0 S:FB P:NvUBdIzc 
    $07F7:AA        TAX                                                            A:80 X:70 Y:C0 S:FB P:NVUBdIzc 
    $07F8:D0 9B     BNE $0795                                                      A:80 X:80 Y:C0 S:FB P:NVUBdIzc 
    $0795:BC C0 9A  LDY $9AC0,X @ $9B40 = #$12                                     A:80 X:80 Y:C0 S:FB P:NVUBdIzc 
    $0798:8C 07 20  STY $2007 = #$00                                               A:80 X:80 Y:12 S:FB P:nVUBdIzc 
    $079B:BC C1 9A  LDY $9AC1,X @ $9B41 = #$16                                     A:80 X:80 Y:12 S:FB P:nVUBdIzc 
    $079E:8C 07 20  STY $2007 = #$00                                               A:80 X:80 Y:16 S:FB P:nVUBdIzc 
    $07A1:BC C2 9A  LDY $9AC2,X @ $9B42 = #$1B                                     A:80 X:80 Y:16 S:FB P:nVUBdIzc 
    $07A4:8C 07 20  STY $2007 = #$00                                               A:80 X:80 Y:1B S:FB P:nVUBdIzc 
    $07A7:BC C3 9A  LDY $9AC3,X @ $9B43 = #$06                                     A:80 X:80 Y:1B S:FB P:nVUBdIzc 
    $07AA:8C 07 20  STY $2007 = #$00                                               A:80 X:80 Y:06 S:FB P:nVUBdIzc 
    $07AD:BC C4 9A  LDY $9AC4,X @ $9B44 = #$04                                     A:80 X:80 Y:06 S:FB P:nVUBdIzc 
    $07B0:8C 07 20  STY $2007 = #$00                                               A:80 X:80 Y:04 S:FB P:nVUBdIzc 
    $07B3:BC C5 9A  LDY $9AC5,X @ $9B45 = #$08                                     A:80 X:80 Y:04 S:FB P:nVUBdIzc 
    $07B6:8C 07 20  STY $2007 = #$00                                               A:80 X:80 Y:08 S:FB P:nVUBdIzc 
    $07B9:BC C6 9A  LDY $9AC6,X @ $9B46 = #$F0                                     A:80 X:80 Y:08 S:FB P:nVUBdIzc 
    $07BC:8C 07 20  STY $2007 = #$00                                               A:80 X:80 Y:F0 S:FB P:NVUBdIzc 
    $07BF:BC C7 9A  LDY $9AC7,X @ $9B47 = #$C0                                     A:80 X:80 Y:F0 S:FB P:NVUBdIzc 
    $07C2:8C 07 20  STY $2007 = #$00                                               A:80 X:80 Y:C0 S:FB P:NVUBdIzc 
    $07C5:BC C8 9A  LDY $9AC8,X @ $9B48 = #$EC                                     A:80 X:80 Y:C0 S:FB P:NVUBdIzc 
    $07C8:8C 07 20  STY $2007 = #$00                                               A:80 X:80 Y:EC S:FB P:NVUBdIzc 
    $07CB:BC C9 9A  LDY $9AC9,X @ $9B49 = #$E8                                     A:80 X:80 Y:EC S:FB P:NVUBdIzc 
    $07CE:8C 07 20  STY $2007 = #$00                                               A:80 X:80 Y:E8 S:FB P:NVUBdIzc 
    $07D1:BC CA 9A  LDY $9ACA,X @ $9B4A = #$E6                                     A:80 X:80 Y:E8 S:FB P:NVUBdIzc 
    $07D4:8C 07 20  STY $2007 = #$00                                               A:80 X:80 Y:E6 S:FB P:NVUBdIzc 
    $07D7:BC CB 9A  LDY $9ACB,X @ $9B4B = #$FC                                     A:80 X:80 Y:E6 S:FB P:NVUBdIzc 
    $07DA:8C 07 20  STY $2007 = #$00                                               A:80 X:80 Y:FC S:FB P:NVUBdIzc 
    $07DD:BC CC 9A  LDY $9ACC,X @ $9B4C = #$F8                                     A:80 X:80 Y:FC S:FB P:NVUBdIzc 
    $07E0:8C 07 20  STY $2007 = #$00                                               A:80 X:80 Y:F8 S:FB P:NVUBdIzc 
    $07E3:BC CD 9A  LDY $9ACD,X @ $9B4D = #$F0                                     A:80 X:80 Y:F8 S:FB P:NVUBdIzc 
    $07E6:8C 07 20  STY $2007 = #$00                                               A:80 X:80 Y:F0 S:FB P:NVUBdIzc 
    $07E9:BC CE 9A  LDY $9ACE,X @ $9B4E = #$00                                     A:80 X:80 Y:F0 S:FB P:NVUBdIzc 
    $07EC:8C 07 20  STY $2007 = #$00                                               A:80 X:80 Y:00 S:FB P:nVUBdIZc 
    $07EF:BC CF 9A  LDY $9ACF,X @ $9B4F = #$00                                     A:80 X:80 Y:00 S:FB P:nVUBdIZc 
    $07F2:8C 07 20  STY $2007 = #$00                                               A:80 X:80 Y:00 S:FB P:nVUBdIZc 
    $07F5:69 10     ADC #$10                                                       A:80 X:80 Y:00 S:FB P:nVUBdIZc 
    $07F7:AA        TAX                                                            A:90 X:80 Y:00 S:FB P:NvUBdIzc 
    $07F8:D0 9B     BNE $0795                                                      A:90 X:90 Y:00 S:FB P:NvUBdIzc 
    $0795:BC C0 9A  LDY $9AC0,X @ $9B50 = #$07                                     A:90 X:90 Y:00 S:FB P:NvUBdIzc 
    $0798:8C 07 20  STY $2007 = #$00                                               A:90 X:90 Y:07 S:FB P:nvUBdIzc 
    $079B:BC C1 9A  LDY $9AC1,X @ $9B51 = #$07                                     A:90 X:90 Y:07 S:FB P:nvUBdIzc 
    $079E:8C 07 20  STY $2007 = #$00                                               A:90 X:90 Y:07 S:FB P:nvUBdIzc 
    $07A1:BC C2 9A  LDY $9AC2,X @ $9B52 = #$0B                                     A:90 X:90 Y:07 S:FB P:nvUBdIzc 
    $07A4:8C 07 20  STY $2007 = #$00                                               A:90 X:90 Y:0B S:FB P:nvUBdIzc 
    $07A7:BC C3 9A  LDY $9AC3,X @ $9B53 = #$17                                     A:90 X:90 Y:0B S:FB P:nvUBdIzc 
    $07AA:8C 07 20  STY $2007 = #$00                                               A:90 X:90 Y:17 S:FB P:nvUBdIzc 
    $07AD:BC C4 9A  LDY $9AC4,X @ $9B54 = #$17                                     A:90 X:90 Y:17 S:FB P:nvUBdIzc 
    $07B0:8C 07 20  STY $2007 = #$00                                               A:90 X:90 Y:17 S:FB P:nvUBdIzc 
    $07B3:BC C5 9A  LDY $9AC5,X @ $9B55 = #$2D                                     A:90 X:90 Y:17 S:FB P:nvUBdIzc 
    $07B6:8C 07 20  STY $2007 = #$00                                               A:90 X:90 Y:2D S:FB P:nvUBdIzc 
    $07B9:BC C6 9A  LDY $9AC6,X @ $9B56 = #$68                                     A:90 X:90 Y:2D S:FB P:nvUBdIzc 
    $07BC:8C 07 20  STY $2007 = #$00                                               A:90 X:90 Y:68 S:FB P:nvUBdIzc 
    $07BF:BC C7 9A  LDY $9AC7,X @ $9B57 = #$93                                     A:90 X:90 Y:68 S:FB P:nvUBdIzc 
    $07C2:8C 07 20  STY $2007 = #$00                                               A:90 X:90 Y:93 S:FB P:NvUBdIzc 
    $07C5:BC C8 9A  LDY $9AC8,X @ $9B58 = #$03                                     A:90 X:90 Y:93 S:FB P:NvUBdIzc 
    $07C8:8C 07 20  STY $2007 = #$00                                               A:90 X:90 Y:03 S:FB P:nvUBdIzc 
    $07CB:BC C9 9A  LDY $9AC9,X @ $9B59 = #$03                                     A:90 X:90 Y:03 S:FB P:nvUBdIzc 
    $07CE:8C 07 20  STY $2007 = #$00                                               A:90 X:90 Y:03 S:FB P:nvUBdIzc 
    $07D1:BC CA 9A  LDY $9ACA,X @ $9B5A = #$05                                     A:90 X:90 Y:03 S:FB P:nvUBdIzc 
    $07D4:8C 07 20  STY $2007 = #$00                                               A:90 X:90 Y:05 S:FB P:nvUBdIzc 
    $07D7:BC CB 9A  LDY $9ACB,X @ $9B5B = #$0C                                     A:90 X:90 Y:05 S:FB P:nvUBdIzc 
    $07DA:8C 07 20  STY $2007 = #$00                                               A:90 X:90 Y:0C S:FB P:nvUBdIzc 
    $07DD:BC CC 9A  LDY $9ACC,X @ $9B5C = #$0D                                     A:90 X:90 Y:0C S:FB P:nvUBdIzc 
    $07E0:8C 07 20  STY $2007 = #$00                                               A:90 X:90 Y:0D S:FB P:nvUBdIzc 
    $07E3:BC CD 9A  LDY $9ACD,X @ $9B5D = #$1E                                     A:90 X:90 Y:0D S:FB P:nvUBdIzc 
    $07E6:8C 07 20  STY $2007 = #$00                                               A:90 X:90 Y:1E S:FB P:nvUBdIzc 
    $07E9:BC CE 9A  LDY $9ACE,X @ $9B5E = #$1F                                     A:90 X:90 Y:1E S:FB P:nvUBdIzc 
    $07EC:8C 07 20  STY $2007 = #$00                                               A:90 X:90 Y:1F S:FB P:nvUBdIzc 
    $07EF:BC CF 9A  LDY $9ACF,X @ $9B5F = #$7C                                     A:90 X:90 Y:1F S:FB P:nvUBdIzc 
    $07F2:8C 07 20  STY $2007 = #$00                                               A:90 X:90 Y:7C S:FB P:nvUBdIzc 
    $07F5:69 10     ADC #$10                                                       A:90 X:90 Y:7C S:FB P:nvUBdIzc 
    $07F7:AA        TAX                                                            A:A0 X:90 Y:7C S:FB P:NvUBdIzc 
    $07F8:D0 9B     BNE $0795                                                      A:A0 X:A0 Y:7C S:FB P:NvUBdIzc 
    $0795:BC C0 9A  LDY $9AC0,X @ $9B60 = #$C1                                     A:A0 X:A0 Y:7C S:FB P:NvUBdIzc 
    $0798:8C 07 20  STY $2007 = #$00                                               A:A0 X:A0 Y:C1 S:FB P:NvUBdIzc 
    $079B:BC C1 9A  LDY $9AC1,X @ $9B61 = #$D3                                     A:A0 X:A0 Y:C1 S:FB P:NvUBdIzc 
    $079E:8C 07 20  STY $2007 = #$00                                               A:A0 X:A0 Y:D3 S:FB P:NvUBdIzc 
    $07A1:BC C2 9A  LDY $9AC2,X @ $9B62 = #$93                                     A:A0 X:A0 Y:D3 S:FB P:NvUBdIzc 
    $07A4:8C 07 20  STY $2007 = #$00                                               A:A0 X:A0 Y:93 S:FB P:NvUBdIzc 
    $07A7:BC C3 9A  LDY $9AC3,X @ $9B63 = #$2B                                     A:A0 X:A0 Y:93 S:FB P:NvUBdIzc 
    $07AA:8C 07 20  STY $2007 = #$00                                               A:A0 X:A0 Y:2B S:FB P:nvUBdIzc 
    $07AD:BC C4 9A  LDY $9AC4,X @ $9B64 = #$F7                                     A:A0 X:A0 Y:2B S:FB P:nvUBdIzc 
    $07B0:8C 07 20  STY $2007 = #$00                                               A:A0 X:A0 Y:F7 S:FB P:NvUBdIzc 
    $07B3:BC C5 9A  LDY $9AC5,X @ $9B65 = #$E7                                     A:A0 X:A0 Y:F7 S:FB P:NvUBdIzc 
    $07B6:8C 07 20  STY $2007 = #$00                                               A:A0 X:A0 Y:E7 S:FB P:NvUBdIzc 
    $07B9:BC C6 9A  LDY $9AC6,X @ $9B66 = #$EC                                     A:A0 X:A0 Y:E7 S:FB P:NvUBdIzc 
    $07BC:8C 07 20  STY $2007 = #$00                                               A:A0 X:A0 Y:EC S:FB P:NvUBdIzc 
    $07BF:BC C7 9A  LDY $9AC7,X @ $9B67 = #$49                                     A:A0 X:A0 Y:EC S:FB P:NvUBdIzc 
    $07C2:8C 07 20  STY $2007 = #$00                                               A:A0 X:A0 Y:49 S:FB P:nvUBdIzc 
    $07C5:BC C8 9A  LDY $9AC8,X @ $9B68 = #$FF                                     A:A0 X:A0 Y:49 S:FB P:nvUBdIzc 
    $07C8:8C 07 20  STY $2007 = #$00                                               A:A0 X:A0 Y:FF S:FB P:NvUBdIzc 
    $07CB:BC C9 9A  LDY $9AC9,X @ $9B69 = #$EF                                     A:A0 X:A0 Y:FF S:FB P:NvUBdIzc 
    $07CE:8C 07 20  STY $2007 = #$00                                               A:A0 X:A0 Y:EF S:FB P:NvUBdIzc 
    $07D1:BC CA 9A  LDY $9ACA,X @ $9B6A = #$EF                                     A:A0 X:A0 Y:EF S:FB P:NvUBdIzc 
    $07D4:8C 07 20  STY $2007 = #$00                                               A:A0 X:A0 Y:EF S:FB P:NvUBdIzc 
    $07D7:BC CB 9A  LDY $9ACB,X @ $9B6B = #$C4                                     A:A0 X:A0 Y:EF S:FB P:NvUBdIzc 
    $07DA:8C 07 20  STY $2007 = #$00                                               A:A0 X:A0 Y:C4 S:FB P:NvUBdIzc 
    $07DD:BC CC 9A  LDY $9ACC,X @ $9B6C = #$09                                     A:A0 X:A0 Y:C4 S:FB P:NvUBdIzc 
    $07E0:8C 07 20  STY $2007 = #$00                                               A:A0 X:A0 Y:09 S:FB P:nvUBdIzc 
    $07E3:BC CD 9A  LDY $9ACD,X @ $9B6D = #$5C                                     A:A0 X:A0 Y:09 S:FB P:nvUBdIzc 
    $07E6:8C 07 20  STY $2007 = #$00                                               A:A0 X:A0 Y:5C S:FB P:nvUBdIzc 
    $07E9:BC CE 9A  LDY $9ACE,X @ $9B6E = #$1F                                     A:A0 X:A0 Y:5C S:FB P:nvUBdIzc 
    $07EC:8C 07 20  STY $2007 = #$00                                               A:A0 X:A0 Y:1F S:FB P:nvUBdIzc 
    $07EF:BC CF 9A  LDY $9ACF,X @ $9B6F = #$3E                                     A:A0 X:A0 Y:1F S:FB P:nvUBdIzc 
    $07F2:8C 07 20  STY $2007 = #$00                                               A:A0 X:A0 Y:3E S:FB P:nvUBdIzc 
    $07F5:69 10     ADC #$10                                                       A:A0 X:A0 Y:3E S:FB P:nvUBdIzc 
    $07F7:AA        TAX                                                            A:B0 X:A0 Y:3E S:FB P:NvUBdIzc 
    $07F8:D0 9B     BNE $0795                                                      A:B0 X:B0 Y:3E S:FB P:NvUBdIzc 
    $0795:BC C0 9A  LDY $9AC0,X @ $9B70 = #$0A                                     A:B0 X:B0 Y:3E S:FB P:NvUBdIzc 
    $0798:8C 07 20  STY $2007 = #$00                                               A:B0 X:B0 Y:0A S:FB P:nvUBdIzc 
    $079B:BC C1 9A  LDY $9AC1,X @ $9B71 = #$9E                                     A:B0 X:B0 Y:0A S:FB P:nvUBdIzc 
    $079E:8C 07 20  STY $2007 = #$00                                               A:B0 X:B0 Y:9E S:FB P:NvUBdIzc 
    $07A1:BC C2 9A  LDY $9AC2,X @ $9B72 = #$9E                                     A:B0 X:B0 Y:9E S:FB P:NvUBdIzc 
    $07A4:8C 07 20  STY $2007 = #$00                                               A:B0 X:B0 Y:9E S:FB P:NvUBdIzc 
    $07A7:BC C3 9A  LDY $9AC3,X @ $9B73 = #$5E                                     A:B0 X:B0 Y:9E S:FB P:NvUBdIzc 
    $07AA:8C 07 20  STY $2007 = #$00                                               A:B0 X:B0 Y:5E S:FB P:nvUBdIzc 
    $07AD:BC C4 9A  LDY $9AC4,X @ $9B74 = #$BF                                     A:B0 X:B0 Y:5E S:FB P:nvUBdIzc 
    $07B0:8C 07 20  STY $2007 = #$00                                               A:B0 X:B0 Y:BF S:FB P:NvUBdIzc 
    $07B3:BC C5 9A  LDY $9AC5,X @ $9B75 = #$3E                                     A:B0 X:B0 Y:BF S:FB P:NvUBdIzc 
    $07B6:8C 07 20  STY $2007 = #$00                                               A:B0 X:B0 Y:3E S:FB P:nvUBdIzc 
    $07B9:BC C6 9A  LDY $9AC6,X @ $9B76 = #$64                                     A:B0 X:B0 Y:3E S:FB P:nvUBdIzc 
    $07BC:8C 07 20  STY $2007 = #$00                                               A:B0 X:B0 Y:64 S:FB P:nvUBdIzc 
    $07BF:BC C7 9A  LDY $9AC7,X @ $9B77 = #$48                                     A:B0 X:B0 Y:64 S:FB P:nvUBdIzc 
    $07C2:8C 07 20  STY $2007 = #$00                                               A:B0 X:B0 Y:48 S:FB P:nvUBdIzc 
    $07C5:BC C8 9A  LDY $9AC8,X @ $9B78 = #$FC                                     A:B0 X:B0 Y:48 S:FB P:nvUBdIzc 
    $07C8:8C 07 20  STY $2007 = #$00                                               A:B0 X:B0 Y:FC S:FB P:NvUBdIzc 
    $07CB:BC C9 9A  LDY $9AC9,X @ $9B79 = #$7C                                     A:B0 X:B0 Y:FC S:FB P:NvUBdIzc 
    $07CE:8C 07 20  STY $2007 = #$00                                               A:B0 X:B0 Y:7C S:FB P:nvUBdIzc 
    $07D1:BC CA 9A  LDY $9ACA,X @ $9B7A = #$78                                     A:B0 X:B0 Y:7C S:FB P:nvUBdIzc 
    $07D4:8C 07 20  STY $2007 = #$00                                               A:B0 X:B0 Y:78 S:FB P:nvUBdIzc 
    $07D7:BC CB 9A  LDY $9ACB,X @ $9B7B = #$20                                     A:B0 X:B0 Y:78 S:FB P:nvUBdIzc 
    $07DA:8C 07 20  STY $2007 = #$00                                               A:B0 X:B0 Y:20 S:FB P:nvUBdIzc 
    $07DD:BC CC 9A  LDY $9ACC,X @ $9B7C = #$4A                                     A:B0 X:B0 Y:20 S:FB P:nvUBdIzc 
    $07E0:8C 07 20  STY $2007 = #$00                                               A:B0 X:B0 Y:4A S:FB P:nvUBdIzc 
    $07E3:BC CD 9A  LDY $9ACD,X @ $9B7D = #$E0                                     A:B0 X:B0 Y:4A S:FB P:nvUBdIzc 
    $07E6:8C 07 20  STY $2007 = #$00                                               A:B0 X:B0 Y:E0 S:FB P:NvUBdIzc 
    $07E9:BC CE 9A  LDY $9ACE,X @ $9B7E = #$F8                                     A:B0 X:B0 Y:E0 S:FB P:NvUBdIzc 
    $07EC:8C 07 20  STY $2007 = #$00                                               A:B0 X:B0 Y:F8 S:FB P:NvUBdIzc 
    $07EF:BC CF 9A  LDY $9ACF,X @ $9B7F = #$F0                                     A:B0 X:B0 Y:F8 S:FB P:NvUBdIzc 
    $07F2:8C 07 20  STY $2007 = #$00                                               A:B0 X:B0 Y:F0 S:FB P:NvUBdIzc 
    $07F5:69 10     ADC #$10                                                       A:B0 X:B0 Y:F0 S:FB P:NvUBdIzc 
    $07F7:AA        TAX                                                            A:C0 X:B0 Y:F0 S:FB P:NvUBdIzc 
    $07F8:D0 9B     BNE $0795                                                      A:C0 X:C0 Y:F0 S:FB P:NvUBdIzc 
    $0795:BC C0 9A  LDY $9AC0,X @ $9B80 = #$2C                                     A:C0 X:C0 Y:F0 S:FB P:NvUBdIzc 
    $0798:8C 07 20  STY $2007 = #$00                                               A:C0 X:C0 Y:2C S:FB P:nvUBdIzc 
    $079B:BC C1 9A  LDY $9AC1,X @ $9B81 = #$3B                                     A:C0 X:C0 Y:2C S:FB P:nvUBdIzc 
    $079E:8C 07 20  STY $2007 = #$00                                               A:C0 X:C0 Y:3B S:FB P:nvUBdIzc 
    $07A1:BC C2 9A  LDY $9AC2,X @ $9B82 = #$74                                     A:C0 X:C0 Y:3B S:FB P:nvUBdIzc 
    $07A4:8C 07 20  STY $2007 = #$00                                               A:C0 X:C0 Y:74 S:FB P:nvUBdIzc 
    $07A7:BC C3 9A  LDY $9AC3,X @ $9B83 = #$77                                     A:C0 X:C0 Y:74 S:FB P:nvUBdIzc 
    $07AA:8C 07 20  STY $2007 = #$00                                               A:C0 X:C0 Y:77 S:FB P:nvUBdIzc 
    $07AD:BC C4 9A  LDY $9AC4,X @ $9B84 = #$EF                                     A:C0 X:C0 Y:77 S:FB P:nvUBdIzc 
    $07B0:8C 07 20  STY $2007 = #$00                                               A:C0 X:C0 Y:EF S:FB P:NvUBdIzc 
    $07B3:BC C5 9A  LDY $9AC5,X @ $9B85 = #$E4                                     A:C0 X:C0 Y:EF S:FB P:NvUBdIzc 
    $07B6:8C 07 20  STY $2007 = #$00                                               A:C0 X:C0 Y:E4 S:FB P:NvUBdIzc 
    $07B9:BC C6 9A  LDY $9AC6,X @ $9B86 = #$7F                                     A:C0 X:C0 Y:E4 S:FB P:NvUBdIzc 
    $07BC:8C 07 20  STY $2007 = #$00                                               A:C0 X:C0 Y:7F S:FB P:nvUBdIzc 
    $07BF:BC C7 9A  LDY $9AC7,X @ $9B87 = #$37                                     A:C0 X:C0 Y:7F S:FB P:nvUBdIzc 
    $07C2:8C 07 20  STY $2007 = #$00                                               A:C0 X:C0 Y:37 S:FB P:nvUBdIzc 
    $07C5:BC C8 9A  LDY $9AC8,X @ $9B88 = #$1F                                     A:C0 X:C0 Y:37 S:FB P:nvUBdIzc 
    $07C8:8C 07 20  STY $2007 = #$00                                               A:C0 X:C0 Y:1F S:FB P:nvUBdIzc 
    $07CB:BC C9 9A  LDY $9AC9,X @ $9B89 = #$1C                                     A:C0 X:C0 Y:1F S:FB P:nvUBdIzc 
    $07CE:8C 07 20  STY $2007 = #$00                                               A:C0 X:C0 Y:1C S:FB P:nvUBdIzc 
    $07D1:BC CA 9A  LDY $9ACA,X @ $9B8A = #$38                                     A:C0 X:C0 Y:1C S:FB P:nvUBdIzc 
    $07D4:8C 07 20  STY $2007 = #$00                                               A:C0 X:C0 Y:38 S:FB P:nvUBdIzc 
    $07D7:BC CB 9A  LDY $9ACB,X @ $9B8B = #$38                                     A:C0 X:C0 Y:38 S:FB P:nvUBdIzc 
    $07DA:8C 07 20  STY $2007 = #$00                                               A:C0 X:C0 Y:38 S:FB P:nvUBdIzc 
    $07DD:BC CC 9A  LDY $9ACC,X @ $9B8C = #$7F                                     A:C0 X:C0 Y:38 S:FB P:nvUBdIzc 
    $07E0:8C 07 20  STY $2007 = #$00                                               A:C0 X:C0 Y:7F S:FB P:nvUBdIzc 
    $07E3:BC CD 9A  LDY $9ACD,X @ $9B8D = #$7F                                     A:C0 X:C0 Y:7F S:FB P:nvUBdIzc 
    $07E6:8C 07 20  STY $2007 = #$00                                               A:C0 X:C0 Y:7F S:FB P:nvUBdIzc 
    $07E9:BC CE 9A  LDY $9ACE,X @ $9B8E = #$37                                     A:C0 X:C0 Y:7F S:FB P:nvUBdIzc 
    $07EC:8C 07 20  STY $2007 = #$00                                               A:C0 X:C0 Y:37 S:FB P:nvUBdIzc 
    $07EF:BC CF 9A  LDY $9ACF,X @ $9B8F = #$00                                     A:C0 X:C0 Y:37 S:FB P:nvUBdIzc 
    $07F2:8C 07 20  STY $2007 = #$00                                               A:C0 X:C0 Y:00 S:FB P:nvUBdIZc 
    $07F5:69 10     ADC #$10                                                       A:C0 X:C0 Y:00 S:FB P:nvUBdIZc 
    $07F7:AA        TAX                                                            A:D0 X:C0 Y:00 S:FB P:NvUBdIzc 
    $07F8:D0 9B     BNE $0795                                                      A:D0 X:D0 Y:00 S:FB P:NvUBdIzc 
    $0795:BC C0 9A  LDY $9AC0,X @ $9B90 = #$8B                                     A:D0 X:D0 Y:00 S:FB P:NvUBdIzc 
    $0798:8C 07 20  STY $2007 = #$00                                               A:D0 X:D0 Y:8B S:FB P:NvUBdIzc 
    $079B:BC C1 9A  LDY $9AC1,X @ $9B91 = #$0A                                     A:D0 X:D0 Y:8B S:FB P:NvUBdIzc 
    $079E:8C 07 20  STY $2007 = #$00                                               A:D0 X:D0 Y:0A S:FB P:nvUBdIzc 
    $07A1:BC C2 9A  LDY $9AC2,X @ $9B92 = #$0B                                     A:D0 X:D0 Y:0A S:FB P:nvUBdIzc 
    $07A4:8C 07 20  STY $2007 = #$00                                               A:D0 X:D0 Y:0B S:FB P:nvUBdIzc 
    $07A7:BC C3 9A  LDY $9AC3,X @ $9B93 = #$97                                     A:D0 X:D0 Y:0B S:FB P:nvUBdIzc 
    $07AA:8C 07 20  STY $2007 = #$00                                               A:D0 X:D0 Y:97 S:FB P:NvUBdIzc 
    $07AD:BC C4 9A  LDY $9AC4,X @ $9B94 = #$EF                                     A:D0 X:D0 Y:97 S:FB P:NvUBdIzc 
    $07B0:8C 07 20  STY $2007 = #$00                                               A:D0 X:D0 Y:EF S:FB P:NvUBdIzc 
    $07B3:BC C5 9A  LDY $9AC5,X @ $9B95 = #$9F                                     A:D0 X:D0 Y:EF S:FB P:NvUBdIzc 
    $07B6:8C 07 20  STY $2007 = #$00                                               A:D0 X:D0 Y:9F S:FB P:NvUBdIzc 
    $07B9:BC C6 9A  LDY $9AC6,X @ $9B96 = #$C1                                     A:D0 X:D0 Y:9F S:FB P:NvUBdIzc 
    $07BC:8C 07 20  STY $2007 = #$00                                               A:D0 X:D0 Y:C1 S:FB P:NvUBdIzc 
    $07BF:BC C7 9A  LDY $9AC7,X @ $9B97 = #$80                                     A:D0 X:D0 Y:C1 S:FB P:NvUBdIzc 
    $07C2:8C 07 20  STY $2007 = #$00                                               A:D0 X:D0 Y:80 S:FB P:NvUBdIzc 
    $07C5:BC C8 9A  LDY $9AC8,X @ $9B98 = #$07                                     A:D0 X:D0 Y:80 S:FB P:NvUBdIzc 
    $07C8:8C 07 20  STY $2007 = #$00                                               A:D0 X:D0 Y:07 S:FB P:nvUBdIzc 
    $07CB:BC C9 9A  LDY $9AC9,X @ $9B99 = #$07                                     A:D0 X:D0 Y:07 S:FB P:nvUBdIzc 
    $07CE:8C 07 20  STY $2007 = #$00                                               A:D0 X:D0 Y:07 S:FB P:nvUBdIzc 
    $07D1:BC CA 9A  LDY $9ACA,X @ $9B9A = #$06                                     A:D0 X:D0 Y:07 S:FB P:nvUBdIzc 
    $07D4:8C 07 20  STY $2007 = #$00                                               A:D0 X:D0 Y:06 S:FB P:nvUBdIzc 
    $07D7:BC CB 9A  LDY $9ACB,X @ $9B9B = #$0E                                     A:D0 X:D0 Y:06 S:FB P:nvUBdIzc 
    $07DA:8C 07 20  STY $2007 = #$00                                               A:D0 X:D0 Y:0E S:FB P:nvUBdIzc 
    $07DD:BC CC 9A  LDY $9ACC,X @ $9B9C = #$8F                                     A:D0 X:D0 Y:0E S:FB P:nvUBdIzc 
    $07E0:8C 07 20  STY $2007 = #$00                                               A:D0 X:D0 Y:8F S:FB P:NvUBdIzc 
    $07E3:BC CD 9A  LDY $9ACD,X @ $9B9D = #$01                                     A:D0 X:D0 Y:8F S:FB P:NvUBdIzc 
    $07E6:8C 07 20  STY $2007 = #$00                                               A:D0 X:D0 Y:01 S:FB P:nvUBdIzc 
    $07E9:BC CE 9A  LDY $9ACE,X @ $9B9E = #$80                                     A:D0 X:D0 Y:01 S:FB P:nvUBdIzc 
    $07EC:8C 07 20  STY $2007 = #$00                                               A:D0 X:D0 Y:80 S:FB P:NvUBdIzc 
    $07EF:BC CF 9A  LDY $9ACF,X @ $9B9F = #$00                                     A:D0 X:D0 Y:80 S:FB P:NvUBdIzc 
    $07F2:8C 07 20  STY $2007 = #$00                                               A:D0 X:D0 Y:00 S:FB P:nvUBdIZc 
    $07F5:69 10     ADC #$10                                                       A:D0 X:D0 Y:00 S:FB P:nvUBdIZc 
    $07F7:AA        TAX                                                            A:E0 X:D0 Y:00 S:FB P:NvUBdIzc 
    $07F8:D0 9B     BNE $0795                                                      A:E0 X:E0 Y:00 S:FB P:NvUBdIzc 
    $0795:BC C0 9A  LDY $9AC0,X @ $9BA0 = #$40                                     A:E0 X:E0 Y:00 S:FB P:NvUBdIzc 
    $0798:8C 07 20  STY $2007 = #$00                                               A:E0 X:E0 Y:40 S:FB P:nvUBdIzc 
    $079B:BC C1 9A  LDY $9AC1,X @ $9BA1 = #$80                                     A:E0 X:E0 Y:40 S:FB P:nvUBdIzc 
    $079E:8C 07 20  STY $2007 = #$00                                               A:E0 X:E0 Y:80 S:FB P:NvUBdIzc 
    $07A1:BC C2 9A  LDY $9AC2,X @ $9BA2 = #$3C                                     A:E0 X:E0 Y:80 S:FB P:NvUBdIzc 
    $07A4:8C 07 20  STY $2007 = #$00                                               A:E0 X:E0 Y:3C S:FB P:nvUBdIzc 
    $07A7:BC C3 9A  LDY $9AC3,X @ $9BA3 = #$FE                                     A:E0 X:E0 Y:3C S:FB P:nvUBdIzc 
    $07AA:8C 07 20  STY $2007 = #$00                                               A:E0 X:E0 Y:FE S:FB P:NvUBdIzc 
    $07AD:BC C4 9A  LDY $9AC4,X @ $9BA4 = #$07                                     A:E0 X:E0 Y:FE S:FB P:NvUBdIzc 
    $07B0:8C 07 20  STY $2007 = #$00                                               A:E0 X:E0 Y:07 S:FB P:nvUBdIzc 
    $07B3:BC C5 9A  LDY $9AC5,X @ $9BA5 = #$ED                                     A:E0 X:E0 Y:07 S:FB P:nvUBdIzc 
    $07B6:8C 07 20  STY $2007 = #$00                                               A:E0 X:E0 Y:ED S:FB P:NvUBdIzc 
    $07B9:BC C6 9A  LDY $9AC6,X @ $9BA6 = #$F3                                     A:E0 X:E0 Y:ED S:FB P:NvUBdIzc 
    $07BC:8C 07 20  STY $2007 = #$00                                               A:E0 X:E0 Y:F3 S:FB P:NvUBdIzc 
    $07BF:BC C7 9A  LDY $9AC7,X @ $9BA7 = #$00                                     A:E0 X:E0 Y:F3 S:FB P:NvUBdIzc 
    $07C2:8C 07 20  STY $2007 = #$00                                               A:E0 X:E0 Y:00 S:FB P:nvUBdIZc 
    $07C5:BC C8 9A  LDY $9AC8,X @ $9BA8 = #$80                                     A:E0 X:E0 Y:00 S:FB P:nvUBdIZc 
    $07C8:8C 07 20  STY $2007 = #$00                                               A:E0 X:E0 Y:80 S:FB P:NvUBdIzc 
    $07CB:BC C9 9A  LDY $9AC9,X @ $9BA9 = #$00                                     A:E0 X:E0 Y:80 S:FB P:NvUBdIzc 
    $07CE:8C 07 20  STY $2007 = #$00                                               A:E0 X:E0 Y:00 S:FB P:nvUBdIZc 
    $07D1:BC CA 9A  LDY $9ACA,X @ $9BAA = #$00                                     A:E0 X:E0 Y:00 S:FB P:nvUBdIZc 
    $07D4:8C 07 20  STY $2007 = #$00                                               A:E0 X:E0 Y:00 S:FB P:nvUBdIZc 
    $07D7:BC CB 9A  LDY $9ACB,X @ $9BAB = #$3C                                     A:E0 X:E0 Y:00 S:FB P:nvUBdIZc 
    $07DA:8C 07 20  STY $2007 = #$00                                               A:E0 X:E0 Y:3C S:FB P:nvUBdIzc 
    $07DD:BC CC 9A  LDY $9ACC,X @ $9BAC = #$FE                                     A:E0 X:E0 Y:3C S:FB P:nvUBdIzc 
    $07E0:8C 07 20  STY $2007 = #$00                                               A:E0 X:E0 Y:FE S:FB P:NvUBdIzc 
    $07E3:BC CD 9A  LDY $9ACD,X @ $9BAD = #$F3                                     A:E0 X:E0 Y:FE S:FB P:NvUBdIzc 
    $07E6:8C 07 20  STY $2007 = #$00                                               A:E0 X:E0 Y:F3 S:FB P:NvUBdIzc 
    $07E9:BC CE 9A  LDY $9ACE,X @ $9BAE = #$00                                     A:E0 X:E0 Y:F3 S:FB P:NvUBdIzc 
    $07EC:8C 07 20  STY $2007 = #$00                                               A:E0 X:E0 Y:00 S:FB P:nvUBdIZc 
    $07EF:BC CF 9A  LDY $9ACF,X @ $9BAF = #$00                                     A:E0 X:E0 Y:00 S:FB P:nvUBdIZc 
    $07F2:8C 07 20  STY $2007 = #$00                                               A:E0 X:E0 Y:00 S:FB P:nvUBdIZc 
    $07F5:69 10     ADC #$10                                                       A:E0 X:E0 Y:00 S:FB P:nvUBdIZc 
    $07F7:AA        TAX                                                            A:F0 X:E0 Y:00 S:FB P:NvUBdIzc 
    $07F8:D0 9B     BNE $0795                                                      A:F0 X:F0 Y:00 S:FB P:NvUBdIzc 
    $0795:BC C0 9A  LDY $9AC0,X @ $9BB0 = #$0D                                     A:F0 X:F0 Y:00 S:FB P:NvUBdIzc 
    $0798:8C 07 20  STY $2007 = #$00                                               A:F0 X:F0 Y:0D S:FB P:nvUBdIzc 
    $079B:BC C1 9A  LDY $9AC1,X @ $9BB1 = #$0A                                     A:F0 X:F0 Y:0D S:FB P:nvUBdIzc 
    $079E:8C 07 20  STY $2007 = #$00                                               A:F0 X:F0 Y:0A S:FB P:nvUBdIzc 
    $07A1:BC C2 9A  LDY $9AC2,X @ $9BB2 = #$00                                     A:F0 X:F0 Y:0A S:FB P:nvUBdIzc 
    $07A4:8C 07 20  STY $2007 = #$00                                               A:F0 X:F0 Y:00 S:FB P:nvUBdIZc 
    $07A7:BC C3 9A  LDY $9AC3,X @ $9BB3 = #$20                                     A:F0 X:F0 Y:00 S:FB P:nvUBdIZc 
    $07AA:8C 07 20  STY $2007 = #$00                                               A:F0 X:F0 Y:20 S:FB P:nvUBdIzc 
    $07AD:BC C4 9A  LDY $9AC4,X @ $9BB4 = #$1E                                     A:F0 X:F0 Y:20 S:FB P:nvUBdIzc 
    $07B0:8C 07 20  STY $2007 = #$00                                               A:F0 X:F0 Y:1E S:FB P:nvUBdIzc 
    $07B3:BC C5 9A  LDY $9AC5,X @ $9BB5 = #$02                                     A:F0 X:F0 Y:1E S:FB P:nvUBdIzc 
    $07B6:8C 07 20  STY $2007 = #$00                                               A:F0 X:F0 Y:02 S:FB P:nvUBdIzc 
    $07B9:BC C6 9A  LDY $9AC6,X @ $9BB6 = #$48                                     A:F0 X:F0 Y:02 S:FB P:nvUBdIzc 
    $07BC:8C 07 20  STY $2007 = #$00                                               A:F0 X:F0 Y:48 S:FB P:nvUBdIzc 
    $07BF:BC C7 9A  LDY $9AC7,X @ $9BB7 = #$3C                                     A:F0 X:F0 Y:48 S:FB P:nvUBdIzc 
    $07C2:8C 07 20  STY $2007 = #$00                                               A:F0 X:F0 Y:3C S:FB P:nvUBdIzc 
    $07C5:BC C8 9A  LDY $9AC8,X @ $9BB8 = #$7D                                     A:F0 X:F0 Y:3C S:FB P:nvUBdIzc 
    $07C8:8C 07 20  STY $2007 = #$00                                               A:F0 X:F0 Y:7D S:FB P:nvUBdIzc 
    $07CB:BC C9 9A  LDY $9AC9,X @ $9BB9 = #$DA                                     A:F0 X:F0 Y:7D S:FB P:nvUBdIzc 
    $07CE:8C 07 20  STY $2007 = #$00                                               A:F0 X:F0 Y:DA S:FB P:NvUBdIzc 
    $07D1:BC CA 9A  LDY $9ACA,X @ $9BBA = #$61                                     A:F0 X:F0 Y:DA S:FB P:NvUBdIzc 
    $07D4:8C 07 20  STY $2007 = #$00                                               A:F0 X:F0 Y:61 S:FB P:nvUBdIzc 
    $07D7:BC CB 9A  LDY $9ACB,X @ $9BBB = #$1E                                     A:F0 X:F0 Y:61 S:FB P:nvUBdIzc 
    $07DA:8C 07 20  STY $2007 = #$00                                               A:F0 X:F0 Y:1E S:FB P:nvUBdIzc 
    $07DD:BC CC 9A  LDY $9ACC,X @ $9BBC = #$60                                     A:F0 X:F0 Y:1E S:FB P:nvUBdIzc 
    $07E0:8C 07 20  STY $2007 = #$00                                               A:F0 X:F0 Y:60 S:FB P:nvUBdIzc 
    $07E3:BC CD 9A  LDY $9ACD,X @ $9BBD = #$7C                                     A:F0 X:F0 Y:60 S:FB P:nvUBdIzc 
    $07E6:8C 07 20  STY $2007 = #$00                                               A:F0 X:F0 Y:7C S:FB P:nvUBdIzc 
    $07E9:BC CE 9A  LDY $9ACE,X @ $9BBE = #$34                                     A:F0 X:F0 Y:7C S:FB P:nvUBdIzc 
    $07EC:8C 07 20  STY $2007 = #$00                                               A:F0 X:F0 Y:34 S:FB P:nvUBdIzc 
    $07EF:BC CF 9A  LDY $9ACF,X @ $9BBF = #$00                                     A:F0 X:F0 Y:34 S:FB P:nvUBdIzc 
    $07F2:8C 07 20  STY $2007 = #$00                                               A:F0 X:F0 Y:00 S:FB P:nvUBdIZc 
    $07F5:69 10     ADC #$10                                                       A:F0 X:F0 Y:00 S:FB P:nvUBdIZc 
    $07F7:AA        TAX                                                            A:00 X:F0 Y:00 S:FB P:nvUBdIZC 
    $07F8:D0 9B     BNE $0795                                                      A:00 X:00 Y:00 S:FB P:nvUBdIZC 
    $07FA:A9 10     LDA #$10                                                       A:00 X:00 Y:00 S:FB P:nvUBdIZC 
    $07FC:8D C3 FF  STA $FFC3 = #$10                                               A:10 X:00 Y:00 S:FB P:nvUBdIzC 
    $07FF:60        RTS (from $0782) ----------------------------------------------A:10 X:00 Y:00 S:FB P:nvUBdIzC 
  $85CD:A5 96     LDA $0096 = #$00                                               A:10 X:00 Y:00 S:FD P:nvUBdIzC 
  $85CF:8D 06 20  STA $2006 = #$10                                               A:00 X:00 Y:00 S:FD P:nvUBdIZC 
  $85D2:A9 60     LDA #$60                                                       A:00 X:00 Y:00 S:FD P:nvUBdIZC 
  $85D4:8D 06 20  STA $2006 = #$10                                               A:60 X:00 Y:00 S:FD P:nvUBdIzC 
  $85D7:8E 05 20  STX $2005 = #$03                                               A:60 X:00 Y:00 S:FD P:nvUBdIzC 
  $85DA:8E 05 20  STX $2005 = #$00                                               A:60 X:00 Y:00 S:FD P:nvUBdIzC 
  $85DD:A9 08     LDA #$08                                                       A:60 X:00 Y:00 S:FD P:nvUBdIzC 
  $85DF:8D 01 20  STA $2001 = #$00                                               A:08 X:00 Y:00 S:FD P:nvUBdIzC 
  $85E2:A2 0F     LDX #$0F                                                       A:08 X:00 Y:00 S:FD P:nvUBdIzC 
  $85E4:CA        DEX                                                            A:08 X:0F Y:00 S:FD P:nvUBdIzC 
  $85E5:D0 FD     BNE $85E4                                                      A:08 X:0E Y:00 S:FD P:nvUBdIzC 
  $85E4:CA        DEX                                                            A:08 X:0E Y:00 S:FD P:nvUBdIzC 
  $85E5:D0 FD     BNE $85E4                                                      A:08 X:0D Y:00 S:FD P:nvUBdIzC 
  $85E4:CA        DEX                                                            A:08 X:0D Y:00 S:FD P:nvUBdIzC 
  $85E5:D0 FD     BNE $85E4                                                      A:08 X:0C Y:00 S:FD P:nvUBdIzC 
  $85E4:CA        DEX                                                            A:08 X:0C Y:00 S:FD P:nvUBdIzC 
  $85E5:D0 FD     BNE $85E4                                                      A:08 X:0B Y:00 S:FD P:nvUBdIzC 
  $85E4:CA        DEX                                                            A:08 X:0B Y:00 S:FD P:nvUBdIzC 
  $85E5:D0 FD     BNE $85E4                                                      A:08 X:0A Y:00 S:FD P:nvUBdIzC 
  $85E4:CA        DEX                                                            A:08 X:0A Y:00 S:FD P:nvUBdIzC 
  $85E5:D0 FD     BNE $85E4                                                      A:08 X:09 Y:00 S:FD P:nvUBdIzC 
  $85E4:CA        DEX                                                            A:08 X:09 Y:00 S:FD P:nvUBdIzC 
  $85E5:D0 FD     BNE $85E4                                                      A:08 X:08 Y:00 S:FD P:nvUBdIzC 
  $85E4:CA        DEX                                                            A:08 X:08 Y:00 S:FD P:nvUBdIzC 
  $85E5:D0 FD     BNE $85E4                                                      A:08 X:07 Y:00 S:FD P:nvUBdIzC 
  $85E4:CA        DEX                                                            A:08 X:07 Y:00 S:FD P:nvUBdIzC 
  $85E5:D0 FD     BNE $85E4                                                      A:08 X:06 Y:00 S:FD P:nvUBdIzC 
  $85E4:CA        DEX                                                            A:08 X:06 Y:00 S:FD P:nvUBdIzC 
  $85E5:D0 FD     BNE $85E4                                                      A:08 X:05 Y:00 S:FD P:nvUBdIzC 
  $85E4:CA        DEX                                                            A:08 X:05 Y:00 S:FD P:nvUBdIzC 
  $85E5:D0 FD     BNE $85E4                                                      A:08 X:04 Y:00 S:FD P:nvUBdIzC 
  $85E4:CA        DEX                                                            A:08 X:04 Y:00 S:FD P:nvUBdIzC 
  $85E5:D0 FD     BNE $85E4                                                      A:08 X:03 Y:00 S:FD P:nvUBdIzC 
  $85E4:CA        DEX                                                            A:08 X:03 Y:00 S:FD P:nvUBdIzC 
  $85E5:D0 FD     BNE $85E4                                                      A:08 X:02 Y:00 S:FD P:nvUBdIzC 
  $85E4:CA        DEX                                                            A:08 X:02 Y:00 S:FD P:nvUBdIzC 
  $85E5:D0 FD     BNE $85E4                                                      A:08 X:01 Y:00 S:FD P:nvUBdIzC 
  $85E4:CA        DEX                                                            A:08 X:01 Y:00 S:FD P:nvUBdIzC 
  $85E5:D0 FD     BNE $85E4                                                      A:08 X:00 Y:00 S:FD P:nvUBdIZC 
  $85E7:A5 84     LDA $0084 = #$63                                               A:08 X:00 Y:00 S:FD P:nvUBdIZC 
  $85E9:2A        ROL                                                            A:63 X:00 Y:00 S:FD P:nvUBdIzC 
  $85EA:2A        ROL                                                            A:C7 X:00 Y:00 S:FD P:NvUBdIzc 
  $85EB:A8        TAY                                                            A:8E X:00 Y:00 S:FD P:NvUBdIzC 
  $85EC:2A        ROL                                                            A:8E X:00 Y:8E S:FD P:NvUBdIzC 
  $85ED:AA        TAX                                                            A:1D X:00 Y:8E S:FD P:nvUBdIzC 
  $85EE:2A        ROL                                                            A:1D X:1D Y:8E S:FD P:nvUBdIzC 
  $85EF:29 30     AND #$30                                                       A:3B X:1D Y:8E S:FD P:nvUBdIzc 
  $85F1:85 15     STA $0015 = #$83                                               A:30 X:1D Y:8E S:FD P:nvUBdIzc 
  $85F3:8A        TXA                                                            A:30 X:1D Y:8E S:FD P:nvUBdIzc 
  $85F4:29 03     AND #$03                                                       A:1D X:1D Y:8E S:FD P:nvUBdIzc 
  $85F6:05 15     ORA $0015 = #$30                                               A:01 X:1D Y:8E S:FD P:nvUBdIzc 
  $85F8:85 85     STA $0085 = #$31                                               A:31 X:1D Y:8E S:FD P:nvUBdIzc 
  $85FA:98        TYA                                                            A:31 X:1D Y:8E S:FD P:nvUBdIzc 
  $85FB:29 E0     AND #$E0                                                       A:8E X:1D Y:8E S:FD P:NvUBdIzc 
  $85FD:85 86     STA $0086 = #$80                                               A:80 X:1D Y:8E S:FD P:NvUBdIzc 
  $85FF:A9 18     LDA #$18                                                       A:80 X:1D Y:8E S:FD P:NvUBdIzc 
  $8601:8D 01 20  STA $2001 = #$08                                               A:18 X:1D Y:8E S:FD P:nvUBdIzc 
  $8604:A2 4E     LDX #$4E                                                       A:18 X:1D Y:8E S:FD P:nvUBdIzc 
  $8606:A5 10     LDA $0010 = #$03                                               A:18 X:4E Y:8E S:FD P:nvUBdIzc 
  $8608:C9 06     CMP #$06                                                       A:03 X:4E Y:8E S:FD P:nvUBdIzc 
  $860A:F0 06     BEQ $8612                                                      A:03 X:4E Y:8E S:FD P:NvUBdIzc 
  $860C:C9 03     CMP #$03                                                       A:03 X:4E Y:8E S:FD P:NvUBdIzc 
  $860E:D0 09     BNE $8619                                                      A:03 X:4E Y:8E S:FD P:nvUBdIZC 
  $8610:A2 A6     LDX #$A6                                                       A:03 X:4E Y:8E S:FD P:nvUBdIZC 
  $8612:A0 02     LDY #$02                                                       A:03 X:A6 Y:8E S:FD P:NvUBdIzC 
  $8614:20 EB FF  JSR $FFEB                                                      A:03 X:A6 Y:02 S:FD P:nvUBdIzC 
    $FFEB:CA        DEX                                                            A:03 X:A6 Y:02 S:FB P:nvUBdIzC 
    $FFEC:D0 FD     BNE $FFEB                                                      A:03 X:A5 Y:02 S:FB P:NvUBdIzC 
    $FFEB:CA        DEX                                                            A:03 X:A5 Y:02 S:FB P:NvUBdIzC 
    $FFEC:D0 FD     BNE $FFEB                                                      A:03 X:A4 Y:02 S:FB P:NvUBdIzC 
    $FFEB:CA        DEX                                                            A:03 X:A4 Y:02 S:FB P:NvUBdIzC 
    $FFEC:D0 FD     BNE $FFEB                                                      A:03 X:A3 Y:02 S:FB P:NvUBdIzC 
    $FFEB:CA        DEX                                                            A:03 X:A3 Y:02 S:FB P:NvUBdIzC 
    $FFEC:D0 FD     BNE $FFEB                                                      A:03 X:A2 Y:02 S:FB P:NvUBdIzC 
    $FFEB:CA        DEX                                                            A:03 X:A2 Y:02 S:FB P:NvUBdIzC 
    $FFEC:D0 FD     BNE $FFEB                                                      A:03 X:A1 Y:02 S:FB P:NvUBdIzC 
    $FFEB:CA        DEX                                                            A:03 X:A1 Y:02 S:FB P:NvUBdIzC 
    $FFEC:D0 FD     BNE $FFEB                                                      A:03 X:A0 Y:02 S:FB P:NvUBdIzC 
    $FFEB:CA        DEX                                                            A:03 X:A0 Y:02 S:FB P:NvUBdIzC 
    $FFEC:D0 FD     BNE $FFEB                                                      A:03 X:9F Y:02 S:FB P:NvUBdIzC 
    $FFEB:CA        DEX                                                            A:03 X:9F Y:02 S:FB P:NvUBdIzC 
    $FFEC:D0 FD     BNE $FFEB                                                      A:03 X:9E Y:02 S:FB P:NvUBdIzC 
    $FFEB:CA        DEX                                                            A:03 X:9E Y:02 S:FB P:NvUBdIzC 
    $FFEC:D0 FD     BNE $FFEB                                                      A:03 X:9D Y:02 S:FB P:NvUBdIzC 
    $FFEB:CA        DEX                                                            A:03 X:9D Y:02 S:FB P:NvUBdIzC 
    $FFEC:D0 FD     BNE $FFEB                                                      A:03 X:9C Y:02 S:FB P:NvUBdIzC 
    $FFEB:CA        DEX                                                            A:03 X:9C Y:02 S:FB P:NvUBdIzC 
    $FFEC:D0 FD     BNE $FFEB                                                      A:03 X:9B Y:02 S:FB P:NvUBdIzC 
    $FFEB:CA        DEX                                                            A:03 X:9B Y:02 S:FB P:NvUBdIzC 
    $FFEC:D0 FD     BNE $FFEB                                                      A:03 X:9A Y:02 S:FB P:NvUBdIzC 
    $FFEB:CA        DEX                                                            A:03 X:9A Y:02 S:FB P:NvUBdIzC 
    $FFEC:D0 FD     BNE $FFEB                                                      A:03 X:99 Y:02 S:FB P:NvUBdIzC 
    $FFEB:CA        DEX                                                            A:03 X:99 Y:02 S:FB P:NvUBdIzC 
    $FFEC:D0 FD     BNE $FFEB                                                      A:03 X:98 Y:02 S:FB P:NvUBdIzC 
    $FFEB:CA        DEX                                                            A:03 X:98 Y:02 S:FB P:NvUBdIzC 
    $FFEC:D0 FD     BNE $FFEB                                                      A:03 X:97 Y:02 S:FB P:NvUBdIzC 
    $FFEB:CA        DEX                                                            A:03 X:97 Y:02 S:FB P:NvUBdIzC 
    $FFEC:D0 FD     BNE $FFEB                                                      A:03 X:96 Y:02 S:FB P:NvUBdIzC 
    $FFEB:CA        DEX                                                            A:03 X:96 Y:02 S:FB P:NvUBdIzC 
    $FFEC:D0 FD     BNE $FFEB                                                      A:03 X:95 Y:02 S:FB P:NvUBdIzC 
    $FFEB:CA        DEX                                                            A:03 X:95 Y:02 S:FB P:NvUBdIzC 
    $FFEC:D0 FD     BNE $FFEB                                                      A:03 X:94 Y:02 S:FB P:NvUBdIzC 
    $FFEB:CA        DEX                                                            A:03 X:94 Y:02 S:FB P:NvUBdIzC 
    $FFEC:D0 FD     BNE $FFEB                                                      A:03 X:93 Y:02 S:FB P:NvUBdIzC 
    $FFEB:CA        DEX                                                            A:03 X:93 Y:02 S:FB P:NvUBdIzC 
    $FFEC:D0 FD     BNE $FFEB                                                      A:03 X:92 Y:02 S:FB P:NvUBdIzC 
    $FFEB:CA        DEX                                                            A:03 X:92 Y:02 S:FB P:NvUBdIzC 
    $FFEC:D0 FD     BNE $FFEB                                                      A:03 X:91 Y:02 S:FB P:NvUBdIzC 
    $FFEB:CA        DEX                                                            A:03 X:91 Y:02 S:FB P:NvUBdIzC 
    $FFEC:D0 FD     BNE $FFEB                                                      A:03 X:90 Y:02 S:FB P:NvUBdIzC 
    $FFEB:CA        DEX                                                            A:03 X:90 Y:02 S:FB P:NvUBdIzC 
    $FFEC:D0 FD     BNE $FFEB                                                      A:03 X:8F Y:02 S:FB P:NvUBdIzC 
    $FFEB:CA        DEX                                                            A:03 X:8F Y:02 S:FB P:NvUBdIzC 
    $FFEC:D0 FD     BNE $FFEB                                                      A:03 X:8E Y:02 S:FB P:NvUBdIzC 
    $FFEB:CA        DEX                                                            A:03 X:8E Y:02 S:FB P:NvUBdIzC 
    $FFEC:D0 FD     BNE $FFEB                                                      A:03 X:8D Y:02 S:FB P:NvUBdIzC 
    $FFEB:CA        DEX                                                            A:03 X:8D Y:02 S:FB P:NvUBdIzC 
    $FFEC:D0 FD     BNE $FFEB                                                      A:03 X:8C Y:02 S:FB P:NvUBdIzC 
    $FFEB:CA        DEX                                                            A:03 X:8C Y:02 S:FB P:NvUBdIzC 
    $FFEC:D0 FD     BNE $FFEB                                                      A:03 X:8B Y:02 S:FB P:NvUBdIzC 
    $FFEB:CA        DEX                                                            A:03 X:8B Y:02 S:FB P:NvUBdIzC 
    $FFEC:D0 FD     BNE $FFEB                                                      A:03 X:8A Y:02 S:FB P:NvUBdIzC 
    $FFEB:CA        DEX                                                            A:03 X:8A Y:02 S:FB P:NvUBdIzC 
    $FFEC:D0 FD     BNE $FFEB                                                      A:03 X:89 Y:02 S:FB P:NvUBdIzC 
    $FFEB:CA        DEX                                                            A:03 X:89 Y:02 S:FB P:NvUBdIzC 
    $FFEC:D0 FD     BNE $FFEB                                                      A:03 X:88 Y:02 S:FB P:NvUBdIzC 
    $FFEB:CA        DEX                                                            A:03 X:88 Y:02 S:FB P:NvUBdIzC 
    $FFEC:D0 FD     BNE $FFEB                                                      A:03 X:87 Y:02 S:FB P:NvUBdIzC 
    $FFEB:CA        DEX                                                            A:03 X:87 Y:02 S:FB P:NvUBdIzC 
    $FFEC:D0 FD     BNE $FFEB                                                      A:03 X:86 Y:02 S:FB P:NvUBdIzC 
    $FFEB:CA        DEX                                                            A:03 X:86 Y:02 S:FB P:NvUBdIzC 
    $FFEC:D0 FD     BNE $FFEB                                                      A:03 X:85 Y:02 S:FB P:NvUBdIzC 
    $FFEB:CA        DEX                                                            A:03 X:85 Y:02 S:FB P:NvUBdIzC 
    $FFEC:D0 FD     BNE $FFEB                                                      A:03 X:84 Y:02 S:FB P:NvUBdIzC 
    $FFEB:CA        DEX                                                            A:03 X:84 Y:02 S:FB P:NvUBdIzC 
    $FFEC:D0 FD     BNE $FFEB                                                      A:03 X:83 Y:02 S:FB P:NvUBdIzC 
    $FFEB:CA        DEX                                                            A:03 X:83 Y:02 S:FB P:NvUBdIzC 
    $FFEC:D0 FD     BNE $FFEB                                                      A:03 X:82 Y:02 S:FB P:NvUBdIzC 
    $FFEB:CA        DEX                                                            A:03 X:82 Y:02 S:FB P:NvUBdIzC 
    $FFEC:D0 FD     BNE $FFEB                                                      A:03 X:81 Y:02 S:FB P:NvUBdIzC 
    $FFEB:CA        DEX                                                            A:03 X:81 Y:02 S:FB P:NvUBdIzC 
    $FFEC:D0 FD     BNE $FFEB                                                      A:03 X:80 Y:02 S:FB P:NvUBdIzC 
    $FFEB:CA        DEX                                                            A:03 X:80 Y:02 S:FB P:NvUBdIzC 
    $FFEC:D0 FD     BNE $FFEB                                                      A:03 X:7F Y:02 S:FB P:nvUBdIzC 
    $FFEB:CA        DEX                                                            A:03 X:7F Y:02 S:FB P:nvUBdIzC 
    $FFEC:D0 FD     BNE $FFEB                                                      A:03 X:7E Y:02 S:FB P:nvUBdIzC 
    $FFEB:CA        DEX                                                            A:03 X:7E Y:02 S:FB P:nvUBdIzC 
    $FFEC:D0 FD     BNE $FFEB                                                      A:03 X:7D Y:02 S:FB P:nvUBdIzC 
    $FFEB:CA        DEX                                                            A:03 X:7D Y:02 S:FB P:nvUBdIzC 
    $FFEC:D0 FD     BNE $FFEB                                                      A:03 X:7C Y:02 S:FB P:nvUBdIzC 
    $FFEB:CA        DEX                                                            A:03 X:7C Y:02 S:FB P:nvUBdIzC 
    $FFEC:D0 FD     BNE $FFEB                                                      A:03 X:7B Y:02 S:FB P:nvUBdIzC 
    $FFEB:CA        DEX                                                            A:03 X:7B Y:02 S:FB P:nvUBdIzC 
    $FFEC:D0 FD     BNE $FFEB                                                      A:03 X:7A Y:02 S:FB P:nvUBdIzC 
    $FFEB:CA        DEX                                                            A:03 X:7A Y:02 S:FB P:nvUBdIzC 
    $FFEC:D0 FD     BNE $FFEB                                                      A:03 X:79 Y:02 S:FB P:nvUBdIzC 
    $FFEB:CA        DEX                                                            A:03 X:79 Y:02 S:FB P:nvUBdIzC 
    $FFEC:D0 FD     BNE $FFEB                                                      A:03 X:78 Y:02 S:FB P:nvUBdIzC 
    $FFEB:CA        DEX                                                            A:03 X:78 Y:02 S:FB P:nvUBdIzC 
    $FFEC:D0 FD     BNE $FFEB                                                      A:03 X:77 Y:02 S:FB P:nvUBdIzC 
    $FFEB:CA        DEX                                                            A:03 X:77 Y:02 S:FB P:nvUBdIzC 
    $FFEC:D0 FD     BNE $FFEB                                                      A:03 X:76 Y:02 S:FB P:nvUBdIzC 
    $FFEB:CA        DEX                                                            A:03 X:76 Y:02 S:FB P:nvUBdIzC 
    $FFEC:D0 FD     BNE $FFEB                                                      A:03 X:75 Y:02 S:FB P:nvUBdIzC 
    $FFEB:CA        DEX                                                            A:03 X:75 Y:02 S:FB P:nvUBdIzC 
    $FFEC:D0 FD     BNE $FFEB                                                      A:03 X:74 Y:02 S:FB P:nvUBdIzC 
    $FFEB:CA        DEX                                                            A:03 X:74 Y:02 S:FB P:nvUBdIzC 
    $FFEC:D0 FD     BNE $FFEB                                                      A:03 X:73 Y:02 S:FB P:nvUBdIzC 
    $FFEB:CA        DEX                                                            A:03 X:73 Y:02 S:FB P:nvUBdIzC 
    $FFEC:D0 FD     BNE $FFEB                                                      A:03 X:72 Y:02 S:FB P:nvUBdIzC 
    $FFEB:CA        DEX                                                            A:03 X:72 Y:02 S:FB P:nvUBdIzC 
    $FFEC:D0 FD     BNE $FFEB                                                      A:03 X:71 Y:02 S:FB P:nvUBdIzC 
    $FFEB:CA        DEX                                                            A:03 X:71 Y:02 S:FB P:nvUBdIzC 
    $FFEC:D0 FD     BNE $FFEB                                                      A:03 X:70 Y:02 S:FB P:nvUBdIzC 
    $FFEB:CA        DEX                                                            A:03 X:70 Y:02 S:FB P:nvUBdIzC 
    $FFEC:D0 FD     BNE $FFEB                                                      A:03 X:6F Y:02 S:FB P:nvUBdIzC 
    $FFEB:CA        DEX                                                            A:03 X:6F Y:02 S:FB P:nvUBdIzC 
    $FFEC:D0 FD     BNE $FFEB                                                      A:03 X:6E Y:02 S:FB P:nvUBdIzC 
    $FFEB:CA        DEX                                                            A:03 X:6E Y:02 S:FB P:nvUBdIzC 
    $FFEC:D0 FD     BNE $FFEB                                                      A:03 X:6D Y:02 S:FB P:nvUBdIzC 
    $FFEB:CA        DEX                                                            A:03 X:6D Y:02 S:FB P:nvUBdIzC 
    $FFEC:D0 FD     BNE $FFEB                                                      A:03 X:6C Y:02 S:FB P:nvUBdIzC 
    $FFEB:CA        DEX                                                            A:03 X:6C Y:02 S:FB P:nvUBdIzC 
    $FFEC:D0 FD     BNE $FFEB                                                      A:03 X:6B Y:02 S:FB P:nvUBdIzC 
    $FFEB:CA        DEX                                                            A:03 X:6B Y:02 S:FB P:nvUBdIzC 
    $FFEC:D0 FD     BNE $FFEB                                                      A:03 X:6A Y:02 S:FB P:nvUBdIzC 
    $FFEB:CA        DEX                                                            A:03 X:6A Y:02 S:FB P:nvUBdIzC 
    $FFEC:D0 FD     BNE $FFEB                                                      A:03 X:69 Y:02 S:FB P:nvUBdIzC 
    $FFEB:CA        DEX                                                            A:03 X:69 Y:02 S:FB P:nvUBdIzC 
    $FFEC:D0 FD     BNE $FFEB                                                      A:03 X:68 Y:02 S:FB P:nvUBdIzC 
    $FFEB:CA        DEX                                                            A:03 X:68 Y:02 S:FB P:nvUBdIzC 
    $FFEC:D0 FD     BNE $FFEB                                                      A:03 X:67 Y:02 S:FB P:nvUBdIzC 
    $FFEB:CA        DEX                                                            A:03 X:67 Y:02 S:FB P:nvUBdIzC 
    $FFEC:D0 FD     BNE $FFEB                                                      A:03 X:66 Y:02 S:FB P:nvUBdIzC 
    $FFEB:CA        DEX                                                            A:03 X:66 Y:02 S:FB P:nvUBdIzC 
    $FFEC:D0 FD     BNE $FFEB                                                      A:03 X:65 Y:02 S:FB P:nvUBdIzC 
    $FFEB:CA        DEX                                                            A:03 X:65 Y:02 S:FB P:nvUBdIzC 
    $FFEC:D0 FD     BNE $FFEB                                                      A:03 X:64 Y:02 S:FB P:nvUBdIzC 
    $FFEB:CA        DEX                                                            A:03 X:64 Y:02 S:FB P:nvUBdIzC 
    $FFEC:D0 FD     BNE $FFEB                                                      A:03 X:63 Y:02 S:FB P:nvUBdIzC 
    $FFEB:CA        DEX                                                            A:03 X:63 Y:02 S:FB P:nvUBdIzC 
    $FFEC:D0 FD     BNE $FFEB                                                      A:03 X:62 Y:02 S:FB P:nvUBdIzC 
    $FFEB:CA        DEX                                                            A:03 X:62 Y:02 S:FB P:nvUBdIzC 
    $FFEC:D0 FD     BNE $FFEB                                                      A:03 X:61 Y:02 S:FB P:nvUBdIzC 
    $FFEB:CA        DEX                                                            A:03 X:61 Y:02 S:FB P:nvUBdIzC 
    $FFEC:D0 FD     BNE $FFEB                                                      A:03 X:60 Y:02 S:FB P:nvUBdIzC 
    $FFEB:CA        DEX                                                            A:03 X:60 Y:02 S:FB P:nvUBdIzC 
    $FFEC:D0 FD     BNE $FFEB                                                      A:03 X:5F Y:02 S:FB P:nvUBdIzC 
    $FFEB:CA        DEX                                                            A:03 X:5F Y:02 S:FB P:nvUBdIzC 
    $FFEC:D0 FD     BNE $FFEB                                                      A:03 X:5E Y:02 S:FB P:nvUBdIzC 
    $FFEB:CA        DEX                                                            A:03 X:5E Y:02 S:FB P:nvUBdIzC 
    $FFEC:D0 FD     BNE $FFEB                                                      A:03 X:5D Y:02 S:FB P:nvUBdIzC 
    $FFEB:CA        DEX                                                            A:03 X:5D Y:02 S:FB P:nvUBdIzC 
    $FFEC:D0 FD     BNE $FFEB                                                      A:03 X:5C Y:02 S:FB P:nvUBdIzC 
    $FFEB:CA        DEX                                                            A:03 X:5C Y:02 S:FB P:nvUBdIzC 
    $FFEC:D0 FD     BNE $FFEB                                                      A:03 X:5B Y:02 S:FB P:nvUBdIzC 
    $FFEB:CA        DEX                                                            A:03 X:5B Y:02 S:FB P:nvUBdIzC 
    $FFEC:D0 FD     BNE $FFEB                                                      A:03 X:5A Y:02 S:FB P:nvUBdIzC 
    $FFEB:CA        DEX                                                            A:03 X:5A Y:02 S:FB P:nvUBdIzC 
    $FFEC:D0 FD     BNE $FFEB                                                      A:03 X:59 Y:02 S:FB P:nvUBdIzC 
    $FFEB:CA        DEX                                                            A:03 X:59 Y:02 S:FB P:nvUBdIzC 
    $FFEC:D0 FD     BNE $FFEB                                                      A:03 X:58 Y:02 S:FB P:nvUBdIzC 
    $FFEB:CA        DEX                                                            A:03 X:58 Y:02 S:FB P:nvUBdIzC 
    $FFEC:D0 FD     BNE $FFEB                                                      A:03 X:57 Y:02 S:FB P:nvUBdIzC 
    $FFEB:CA        DEX                                                            A:03 X:57 Y:02 S:FB P:nvUBdIzC 
    $FFEC:D0 FD     BNE $FFEB                                                      A:03 X:56 Y:02 S:FB P:nvUBdIzC 
    $FFEB:CA        DEX                                                            A:03 X:56 Y:02 S:FB P:nvUBdIzC 
    $FFEC:D0 FD     BNE $FFEB                                                      A:03 X:55 Y:02 S:FB P:nvUBdIzC 
    $FFEB:CA        DEX                                                            A:03 X:55 Y:02 S:FB P:nvUBdIzC 
    $FFEC:D0 FD     BNE $FFEB                                                      A:03 X:54 Y:02 S:FB P:nvUBdIzC 
    $FFEB:CA        DEX                                                            A:03 X:54 Y:02 S:FB P:nvUBdIzC 
    $FFEC:D0 FD     BNE $FFEB                                                      A:03 X:53 Y:02 S:FB P:nvUBdIzC 
    $FFEB:CA        DEX                                                            A:03 X:53 Y:02 S:FB P:nvUBdIzC 
    $FFEC:D0 FD     BNE $FFEB                                                      A:03 X:52 Y:02 S:FB P:nvUBdIzC 
    $FFEB:CA        DEX                                                            A:03 X:52 Y:02 S:FB P:nvUBdIzC 
    $FFEC:D0 FD     BNE $FFEB                                                      A:03 X:51 Y:02 S:FB P:nvUBdIzC 
    $FFEB:CA        DEX                                                            A:03 X:51 Y:02 S:FB P:nvUBdIzC 
    $FFEC:D0 FD     BNE $FFEB                                                      A:03 X:50 Y:02 S:FB P:nvUBdIzC 
    $FFEB:CA        DEX                                                            A:03 X:50 Y:02 S:FB P:nvUBdIzC 
    $FFEC:D0 FD     BNE $FFEB                                                      A:03 X:4F Y:02 S:FB P:nvUBdIzC 
    $FFEB:CA        DEX                                                            A:03 X:4F Y:02 S:FB P:nvUBdIzC 
    $FFEC:D0 FD     BNE $FFEB                                                      A:03 X:4E Y:02 S:FB P:nvUBdIzC 
    $FFEB:CA        DEX                                                            A:03 X:4E Y:02 S:FB P:nvUBdIzC 
    $FFEC:D0 FD     BNE $FFEB                                                      A:03 X:4D Y:02 S:FB P:nvUBdIzC 
    $FFEB:CA        DEX                                                            A:03 X:4D Y:02 S:FB P:nvUBdIzC 
    $FFEC:D0 FD     BNE $FFEB                                                      A:03 X:4C Y:02 S:FB P:nvUBdIzC 
    $FFEB:CA        DEX                                                            A:03 X:4C Y:02 S:FB P:nvUBdIzC 
    $FFEC:D0 FD     BNE $FFEB                                                      A:03 X:4B Y:02 S:FB P:nvUBdIzC 
    $FFEB:CA        DEX                                                            A:03 X:4B Y:02 S:FB P:nvUBdIzC 
    $FFEC:D0 FD     BNE $FFEB                                                      A:03 X:4A Y:02 S:FB P:nvUBdIzC 
    $FFEB:CA        DEX                                                            A:03 X:4A Y:02 S:FB P:nvUBdIzC 
    $FFEC:D0 FD     BNE $FFEB                                                      A:03 X:49 Y:02 S:FB P:nvUBdIzC 
    $FFEB:CA        DEX                                                            A:03 X:49 Y:02 S:FB P:nvUBdIzC 
    $FFEC:D0 FD     BNE $FFEB                                                      A:03 X:48 Y:02 S:FB P:nvUBdIzC 
    $FFEB:CA        DEX                                                            A:03 X:48 Y:02 S:FB P:nvUBdIzC 
    $FFEC:D0 FD     BNE $FFEB                                                      A:03 X:47 Y:02 S:FB P:nvUBdIzC 
    $FFEB:CA        DEX                                                            A:03 X:47 Y:02 S:FB P:nvUBdIzC 
    $FFEC:D0 FD     BNE $FFEB                                                      A:03 X:46 Y:02 S:FB P:nvUBdIzC 
    $FFEB:CA        DEX                                                            A:03 X:46 Y:02 S:FB P:nvUBdIzC 
    $FFEC:D0 FD     BNE $FFEB                                                      A:03 X:45 Y:02 S:FB P:nvUBdIzC 
    $FFEB:CA        DEX                                                            A:03 X:45 Y:02 S:FB P:nvUBdIzC 
    $FFEC:D0 FD     BNE $FFEB                                                      A:03 X:44 Y:02 S:FB P:nvUBdIzC 
    $FFEB:CA        DEX                                                            A:03 X:44 Y:02 S:FB P:nvUBdIzC 
    $FFEC:D0 FD     BNE $FFEB                                                      A:03 X:43 Y:02 S:FB P:nvUBdIzC 
    $FFEB:CA        DEX                                                            A:03 X:43 Y:02 S:FB P:nvUBdIzC 
    $FFEC:D0 FD     BNE $FFEB                                                      A:03 X:42 Y:02 S:FB P:nvUBdIzC 
    $FFEB:CA        DEX                                                            A:03 X:42 Y:02 S:FB P:nvUBdIzC 
    $FFEC:D0 FD     BNE $FFEB                                                      A:03 X:41 Y:02 S:FB P:nvUBdIzC 
    $FFEB:CA        DEX                                                            A:03 X:41 Y:02 S:FB P:nvUBdIzC 
    $FFEC:D0 FD     BNE $FFEB                                                      A:03 X:40 Y:02 S:FB P:nvUBdIzC 
    $FFEB:CA        DEX                                                            A:03 X:40 Y:02 S:FB P:nvUBdIzC 
    $FFEC:D0 FD     BNE $FFEB                                                      A:03 X:3F Y:02 S:FB P:nvUBdIzC 
    $FFEB:CA        DEX                                                            A:03 X:3F Y:02 S:FB P:nvUBdIzC 
    $FFEC:D0 FD     BNE $FFEB                                                      A:03 X:3E Y:02 S:FB P:nvUBdIzC 
    $FFEB:CA        DEX                                                            A:03 X:3E Y:02 S:FB P:nvUBdIzC 
    $FFEC:D0 FD     BNE $FFEB                                                      A:03 X:3D Y:02 S:FB P:nvUBdIzC 
    $FFEB:CA        DEX                                                            A:03 X:3D Y:02 S:FB P:nvUBdIzC 
    $FFEC:D0 FD     BNE $FFEB                                                      A:03 X:3C Y:02 S:FB P:nvUBdIzC 
    $FFEB:CA        DEX                                                            A:03 X:3C Y:02 S:FB P:nvUBdIzC 
    $FFEC:D0 FD     BNE $FFEB                                                      A:03 X:3B Y:02 S:FB P:nvUBdIzC 
    $FFEB:CA        DEX                                                            A:03 X:3B Y:02 S:FB P:nvUBdIzC 
    $FFEC:D0 FD     BNE $FFEB                                                      A:03 X:3A Y:02 S:FB P:nvUBdIzC 
    $FFEB:CA        DEX                                                            A:03 X:3A Y:02 S:FB P:nvUBdIzC 
    $FFEC:D0 FD     BNE $FFEB                                                      A:03 X:39 Y:02 S:FB P:nvUBdIzC 
    $FFEB:CA        DEX                                                            A:03 X:39 Y:02 S:FB P:nvUBdIzC 
    $FFEC:D0 FD     BNE $FFEB                                                      A:03 X:38 Y:02 S:FB P:nvUBdIzC 
    $FFEB:CA        DEX                                                            A:03 X:38 Y:02 S:FB P:nvUBdIzC 
    $FFEC:D0 FD     BNE $FFEB                                                      A:03 X:37 Y:02 S:FB P:nvUBdIzC 
    $FFEB:CA        DEX                                                            A:03 X:37 Y:02 S:FB P:nvUBdIzC 
    $FFEC:D0 FD     BNE $FFEB                                                      A:03 X:36 Y:02 S:FB P:nvUBdIzC 
    $FFEB:CA        DEX                                                            A:03 X:36 Y:02 S:FB P:nvUBdIzC 
    $FFEC:D0 FD     BNE $FFEB                                                      A:03 X:35 Y:02 S:FB P:nvUBdIzC 
    $FFEB:CA        DEX                                                            A:03 X:35 Y:02 S:FB P:nvUBdIzC 
    $FFEC:D0 FD     BNE $FFEB                                                      A:03 X:34 Y:02 S:FB P:nvUBdIzC 
    $FFEB:CA        DEX                                                            A:03 X:34 Y:02 S:FB P:nvUBdIzC 
    $FFEC:D0 FD     BNE $FFEB                                                      A:03 X:33 Y:02 S:FB P:nvUBdIzC 
    $FFEB:CA        DEX                                                            A:03 X:33 Y:02 S:FB P:nvUBdIzC 
    $FFEC:D0 FD     BNE $FFEB                                                      A:03 X:32 Y:02 S:FB P:nvUBdIzC 
    $FFEB:CA        DEX                                                            A:03 X:32 Y:02 S:FB P:nvUBdIzC 
    $FFEC:D0 FD     BNE $FFEB                                                      A:03 X:31 Y:02 S:FB P:nvUBdIzC 
    $FFEB:CA        DEX                                                            A:03 X:31 Y:02 S:FB P:nvUBdIzC 
    $FFEC:D0 FD     BNE $FFEB                                                      A:03 X:30 Y:02 S:FB P:nvUBdIzC 
    $FFEB:CA        DEX                                                            A:03 X:30 Y:02 S:FB P:nvUBdIzC 
    $FFEC:D0 FD     BNE $FFEB                                                      A:03 X:2F Y:02 S:FB P:nvUBdIzC 
    $FFEB:CA        DEX                                                            A:03 X:2F Y:02 S:FB P:nvUBdIzC 
    $FFEC:D0 FD     BNE $FFEB                                                      A:03 X:2E Y:02 S:FB P:nvUBdIzC 
    $FFEB:CA        DEX                                                            A:03 X:2E Y:02 S:FB P:nvUBdIzC 
    $FFEC:D0 FD     BNE $FFEB                                                      A:03 X:2D Y:02 S:FB P:nvUBdIzC 
    $FFEB:CA        DEX                                                            A:03 X:2D Y:02 S:FB P:nvUBdIzC 
    $FFEC:D0 FD     BNE $FFEB                                                      A:03 X:2C Y:02 S:FB P:nvUBdIzC 
    $FFEB:CA        DEX                                                            A:03 X:2C Y:02 S:FB P:nvUBdIzC 
    $FFEC:D0 FD     BNE $FFEB                                                      A:03 X:2B Y:02 S:FB P:nvUBdIzC 
    $FFEB:CA        DEX                                                            A:03 X:2B Y:02 S:FB P:nvUBdIzC 
    $FFEC:D0 FD     BNE $FFEB                                                      A:03 X:2A Y:02 S:FB P:nvUBdIzC 
    $FFEB:CA        DEX                                                            A:03 X:2A Y:02 S:FB P:nvUBdIzC 
    $FFEC:D0 FD     BNE $FFEB                                                      A:03 X:29 Y:02 S:FB P:nvUBdIzC 
    $FFEB:CA        DEX                                                            A:03 X:29 Y:02 S:FB P:nvUBdIzC 
    $FFEC:D0 FD     BNE $FFEB                                                      A:03 X:28 Y:02 S:FB P:nvUBdIzC 
    $FFEB:CA        DEX                                                            A:03 X:28 Y:02 S:FB P:nvUBdIzC 
    $FFEC:D0 FD     BNE $FFEB                                                      A:03 X:27 Y:02 S:FB P:nvUBdIzC 
    $FFEB:CA        DEX                                                            A:03 X:27 Y:02 S:FB P:nvUBdIzC 
    $FFEC:D0 FD     BNE $FFEB                                                      A:03 X:26 Y:02 S:FB P:nvUBdIzC 
    $FFEB:CA        DEX                                                            A:03 X:26 Y:02 S:FB P:nvUBdIzC 
    $FFEC:D0 FD     BNE $FFEB                                                      A:03 X:25 Y:02 S:FB P:nvUBdIzC 
    $FFEB:CA        DEX                                                            A:03 X:25 Y:02 S:FB P:nvUBdIzC 
    $FFEC:D0 FD     BNE $FFEB                                                      A:03 X:24 Y:02 S:FB P:nvUBdIzC 
    $FFEB:CA        DEX                                                            A:03 X:24 Y:02 S:FB P:nvUBdIzC 
    $FFEC:D0 FD     BNE $FFEB                                                      A:03 X:23 Y:02 S:FB P:nvUBdIzC 
    $FFEB:CA        DEX                                                            A:03 X:23 Y:02 S:FB P:nvUBdIzC 
    $FFEC:D0 FD     BNE $FFEB                                                      A:03 X:22 Y:02 S:FB P:nvUBdIzC 
    $FFEB:CA        DEX                                                            A:03 X:22 Y:02 S:FB P:nvUBdIzC 
    $FFEC:D0 FD     BNE $FFEB                                                      A:03 X:21 Y:02 S:FB P:nvUBdIzC 
    $FFEB:CA        DEX                                                            A:03 X:21 Y:02 S:FB P:nvUBdIzC 
    $FFEC:D0 FD     BNE $FFEB                                                      A:03 X:20 Y:02 S:FB P:nvUBdIzC 
    $FFEB:CA        DEX                                                            A:03 X:20 Y:02 S:FB P:nvUBdIzC 
    $FFEC:D0 FD     BNE $FFEB                                                      A:03 X:1F Y:02 S:FB P:nvUBdIzC 
    $FFEB:CA        DEX                                                            A:03 X:1F Y:02 S:FB P:nvUBdIzC 
    $FFEC:D0 FD     BNE $FFEB                                                      A:03 X:1E Y:02 S:FB P:nvUBdIzC 
    $FFEB:CA        DEX                                                            A:03 X:1E Y:02 S:FB P:nvUBdIzC 
    $FFEC:D0 FD     BNE $FFEB                                                      A:03 X:1D Y:02 S:FB P:nvUBdIzC 
    $FFEB:CA        DEX                                                            A:03 X:1D Y:02 S:FB P:nvUBdIzC 
    $FFEC:D0 FD     BNE $FFEB                                                      A:03 X:1C Y:02 S:FB P:nvUBdIzC 
    $FFEB:CA        DEX                                                            A:03 X:1C Y:02 S:FB P:nvUBdIzC 
    $FFEC:D0 FD     BNE $FFEB                                                      A:03 X:1B Y:02 S:FB P:nvUBdIzC 
    $FFEB:CA        DEX                                                            A:03 X:1B Y:02 S:FB P:nvUBdIzC 
    $FFEC:D0 FD     BNE $FFEB                                                      A:03 X:1A Y:02 S:FB P:nvUBdIzC 
    $FFEB:CA        DEX                                                            A:03 X:1A Y:02 S:FB P:nvUBdIzC 
    $FFEC:D0 FD     BNE $FFEB                                                      A:03 X:19 Y:02 S:FB P:nvUBdIzC 
    $FFEB:CA        DEX                                                            A:03 X:19 Y:02 S:FB P:nvUBdIzC 
    $FFEC:D0 FD     BNE $FFEB                                                      A:03 X:18 Y:02 S:FB P:nvUBdIzC 
    $FFEB:CA        DEX                                                            A:03 X:18 Y:02 S:FB P:nvUBdIzC 
    $FFEC:D0 FD     BNE $FFEB                                                      A:03 X:17 Y:02 S:FB P:nvUBdIzC 
    $FFEB:CA        DEX                                                            A:03 X:17 Y:02 S:FB P:nvUBdIzC 
    $FFEC:D0 FD     BNE $FFEB                                                      A:03 X:16 Y:02 S:FB P:nvUBdIzC 
    $FFEB:CA        DEX                                                            A:03 X:16 Y:02 S:FB P:nvUBdIzC 
    $FFEC:D0 FD     BNE $FFEB                                                      A:03 X:15 Y:02 S:FB P:nvUBdIzC 
    $FFEB:CA        DEX                                                            A:03 X:15 Y:02 S:FB P:nvUBdIzC 
    $FFEC:D0 FD     BNE $FFEB                                                      A:03 X:14 Y:02 S:FB P:nvUBdIzC 
    $FFEB:CA        DEX                                                            A:03 X:14 Y:02 S:FB P:nvUBdIzC 
    $FFEC:D0 FD     BNE $FFEB                                                      A:03 X:13 Y:02 S:FB P:nvUBdIzC 
    $FFEB:CA        DEX                                                            A:03 X:13 Y:02 S:FB P:nvUBdIzC 
    $FFEC:D0 FD     BNE $FFEB                                                      A:03 X:12 Y:02 S:FB P:nvUBdIzC 
    $FFEB:CA        DEX                                                            A:03 X:12 Y:02 S:FB P:nvUBdIzC 
    $FFEC:D0 FD     BNE $FFEB                                                      A:03 X:11 Y:02 S:FB P:nvUBdIzC 
    $FFEB:CA        DEX                                                            A:03 X:11 Y:02 S:FB P:nvUBdIzC 
    $FFEC:D0 FD     BNE $FFEB                                                      A:03 X:10 Y:02 S:FB P:nvUBdIzC 
    $FFEB:CA        DEX                                                            A:03 X:10 Y:02 S:FB P:nvUBdIzC 
    $FFEC:D0 FD     BNE $FFEB                                                      A:03 X:0F Y:02 S:FB P:nvUBdIzC 
    $FFEB:CA        DEX                                                            A:03 X:0F Y:02 S:FB P:nvUBdIzC 
    $FFEC:D0 FD     BNE $FFEB                                                      A:03 X:0E Y:02 S:FB P:nvUBdIzC 
    $FFEB:CA        DEX                                                            A:03 X:0E Y:02 S:FB P:nvUBdIzC 
    $FFEC:D0 FD     BNE $FFEB                                                      A:03 X:0D Y:02 S:FB P:nvUBdIzC 
    $FFEB:CA        DEX                                                            A:03 X:0D Y:02 S:FB P:nvUBdIzC 
    $FFEC:D0 FD     BNE $FFEB                                                      A:03 X:0C Y:02 S:FB P:nvUBdIzC 
    $FFEB:CA        DEX                                                            A:03 X:0C Y:02 S:FB P:nvUBdIzC 
    $FFEC:D0 FD     BNE $FFEB                                                      A:03 X:0B Y:02 S:FB P:nvUBdIzC 
    $FFEB:CA        DEX                                                            A:03 X:0B Y:02 S:FB P:nvUBdIzC 
    $FFEC:D0 FD     BNE $FFEB                                                      A:03 X:0A Y:02 S:FB P:nvUBdIzC 
    $FFEB:CA        DEX                                                            A:03 X:0A Y:02 S:FB P:nvUBdIzC 
    $FFEC:D0 FD     BNE $FFEB                                                      A:03 X:09 Y:02 S:FB P:nvUBdIzC 
    $FFEB:CA        DEX                                                            A:03 X:09 Y:02 S:FB P:nvUBdIzC 
    $FFEC:D0 FD     BNE $FFEB                                                      A:03 X:08 Y:02 S:FB P:nvUBdIzC 
    $FFEB:CA        DEX                                                            A:03 X:08 Y:02 S:FB P:nvUBdIzC 
    $FFEC:D0 FD     BNE $FFEB                                                      A:03 X:07 Y:02 S:FB P:nvUBdIzC 
    $FFEB:CA        DEX                                                            A:03 X:07 Y:02 S:FB P:nvUBdIzC 
    $FFEC:D0 FD     BNE $FFEB                                                      A:03 X:06 Y:02 S:FB P:nvUBdIzC 
    $FFEB:CA        DEX                                                            A:03 X:06 Y:02 S:FB P:nvUBdIzC 
    $FFEC:D0 FD     BNE $FFEB                                                      A:03 X:05 Y:02 S:FB P:nvUBdIzC 
    $FFEB:CA        DEX                                                            A:03 X:05 Y:02 S:FB P:nvUBdIzC 
    $FFEC:D0 FD     BNE $FFEB                                                      A:03 X:04 Y:02 S:FB P:nvUBdIzC 
    $FFEB:CA        DEX                                                            A:03 X:04 Y:02 S:FB P:nvUBdIzC 
    $FFEC:D0 FD     BNE $FFEB                                                      A:03 X:03 Y:02 S:FB P:nvUBdIzC 
    $FFEB:CA        DEX                                                            A:03 X:03 Y:02 S:FB P:nvUBdIzC 
    $FFEC:D0 FD     BNE $FFEB                                                      A:03 X:02 Y:02 S:FB P:nvUBdIzC 
    $FFEB:CA        DEX                                                            A:03 X:02 Y:02 S:FB P:nvUBdIzC 
    $FFEC:D0 FD     BNE $FFEB                                                      A:03 X:01 Y:02 S:FB P:nvUBdIzC 
    $FFEB:CA        DEX                                                            A:03 X:01 Y:02 S:FB P:nvUBdIzC 
    $FFEC:D0 FD     BNE $FFEB                                                      A:03 X:00 Y:02 S:FB P:nvUBdIZC 
    $FFEE:88        DEY                                                            A:03 X:00 Y:02 S:FB P:nvUBdIZC 
    $FFEF:D0 FA     BNE $FFEB                                                      A:03 X:00 Y:01 S:FB P:nvUBdIzC 
    $FFEB:CA        DEX                                                            A:03 X:00 Y:01 S:FB P:nvUBdIzC 
    $FFEC:D0 FD     BNE $FFEB                                                      A:03 X:FF Y:01 S:FB P:NvUBdIzC 
    $FFEB:CA        DEX                                                            A:03 X:FF Y:01 S:FB P:NvUBdIzC 
    $FFEC:D0 FD     BNE $FFEB                                                      A:03 X:FE Y:01 S:FB P:NvUBdIzC 
    $FFEB:CA        DEX                                                            A:03 X:FE Y:01 S:FB P:NvUBdIzC 
    $FFEC:D0 FD     BNE $FFEB                                                      A:03 X:FD Y:01 S:FB P:NvUBdIzC 
    $FFEB:CA        DEX                                                            A:03 X:FD Y:01 S:FB P:NvUBdIzC 
    $FFEC:D0 FD     BNE $FFEB                                                      A:03 X:FC Y:01 S:FB P:NvUBdIzC 
    $FFEB:CA        DEX                                                            A:03 X:FC Y:01 S:FB P:NvUBdIzC 
    $FFEC:D0 FD     BNE $FFEB                                                      A:03 X:FB Y:01 S:FB P:NvUBdIzC 
    $FFEB:CA        DEX                                                            A:03 X:FB Y:01 S:FB P:NvUBdIzC 
    $FFEC:D0 FD     BNE $FFEB                                                      A:03 X:FA Y:01 S:FB P:NvUBdIzC 
    $FFEB:CA        DEX                                                            A:03 X:FA Y:01 S:FB P:NvUBdIzC 
    $FFEC:D0 FD     BNE $FFEB                                                      A:03 X:F9 Y:01 S:FB P:NvUBdIzC 
    $FFEB:CA        DEX                                                            A:03 X:F9 Y:01 S:FB P:NvUBdIzC 
    $FFEC:D0 FD     BNE $FFEB                                                      A:03 X:F8 Y:01 S:FB P:NvUBdIzC 
    $FFEB:CA        DEX                                                            A:03 X:F8 Y:01 S:FB P:NvUBdIzC 
    $FFEC:D0 FD     BNE $FFEB                                                      A:03 X:F7 Y:01 S:FB P:NvUBdIzC 
    $FFEB:CA        DEX                                                            A:03 X:F7 Y:01 S:FB P:NvUBdIzC 
    $FFEC:D0 FD     BNE $FFEB                                                      A:03 X:F6 Y:01 S:FB P:NvUBdIzC 
    $FFEB:CA        DEX                                                            A:03 X:F6 Y:01 S:FB P:NvUBdIzC 
    $FFEC:D0 FD     BNE $FFEB                                                      A:03 X:F5 Y:01 S:FB P:NvUBdIzC 
    $FFEB:CA        DEX                                                            A:03 X:F5 Y:01 S:FB P:NvUBdIzC 
    $FFEC:D0 FD     BNE $FFEB                                                      A:03 X:F4 Y:01 S:FB P:NvUBdIzC 
    $FFEB:CA        DEX                                                            A:03 X:F4 Y:01 S:FB P:NvUBdIzC 
    $FFEC:D0 FD     BNE $FFEB                                                      A:03 X:F3 Y:01 S:FB P:NvUBdIzC 
    $FFEB:CA        DEX                                                            A:03 X:F3 Y:01 S:FB P:NvUBdIzC 
    $FFEC:D0 FD     BNE $FFEB                                                      A:03 X:F2 Y:01 S:FB P:NvUBdIzC 
    $FFEB:CA        DEX                                                            A:03 X:F2 Y:01 S:FB P:NvUBdIzC 
    $FFEC:D0 FD     BNE $FFEB                                                      A:03 X:F1 Y:01 S:FB P:NvUBdIzC 
    $FFEB:CA        DEX                                                            A:03 X:F1 Y:01 S:FB P:NvUBdIzC 
    $FFEC:D0 FD     BNE $FFEB                                                      A:03 X:F0 Y:01 S:FB P:NvUBdIzC 
    $FFEB:CA        DEX                                                            A:03 X:F0 Y:01 S:FB P:NvUBdIzC 
    $FFEC:D0 FD     BNE $FFEB                                                      A:03 X:EF Y:01 S:FB P:NvUBdIzC 
    $FFEB:CA        DEX                                                            A:03 X:EF Y:01 S:FB P:NvUBdIzC 
    $FFEC:D0 FD     BNE $FFEB                                                      A:03 X:EE Y:01 S:FB P:NvUBdIzC 
    $FFEB:CA        DEX                                                            A:03 X:EE Y:01 S:FB P:NvUBdIzC 
    $FFEC:D0 FD     BNE $FFEB                                                      A:03 X:ED Y:01 S:FB P:NvUBdIzC 
    $FFEB:CA        DEX                                                            A:03 X:ED Y:01 S:FB P:NvUBdIzC 
    $FFEC:D0 FD     BNE $FFEB                                                      A:03 X:EC Y:01 S:FB P:NvUBdIzC 
    $FFEB:CA        DEX                                                            A:03 X:EC Y:01 S:FB P:NvUBdIzC 
    $FFEC:D0 FD     BNE $FFEB                                                      A:03 X:EB Y:01 S:FB P:NvUBdIzC 
    $FFEB:CA        DEX                                                            A:03 X:EB Y:01 S:FB P:NvUBdIzC 
    $FFEC:D0 FD     BNE $FFEB                                                      A:03 X:EA Y:01 S:FB P:NvUBdIzC 
    $FFEB:CA        DEX                                                            A:03 X:EA Y:01 S:FB P:NvUBdIzC 
    $FFEC:D0 FD     BNE $FFEB                                                      A:03 X:E9 Y:01 S:FB P:NvUBdIzC 
    $FFEB:CA        DEX                                                            A:03 X:E9 Y:01 S:FB P:NvUBdIzC 
    $FFEC:D0 FD     BNE $FFEB                                                      A:03 X:E8 Y:01 S:FB P:NvUBdIzC 
    $FFEB:CA        DEX                                                            A:03 X:E8 Y:01 S:FB P:NvUBdIzC 
    $FFEC:D0 FD     BNE $FFEB                                                      A:03 X:E7 Y:01 S:FB P:NvUBdIzC 
    $FFEB:CA        DEX                                                            A:03 X:E7 Y:01 S:FB P:NvUBdIzC 
    $FFEC:D0 FD     BNE $FFEB                                                      A:03 X:E6 Y:01 S:FB P:NvUBdIzC 
    $FFEB:CA        DEX                                                            A:03 X:E6 Y:01 S:FB P:NvUBdIzC 
    $FFEC:D0 FD     BNE $FFEB                                                      A:03 X:E5 Y:01 S:FB P:NvUBdIzC 
    $FFEB:CA        DEX                                                            A:03 X:E5 Y:01 S:FB P:NvUBdIzC 
    $FFEC:D0 FD     BNE $FFEB                                                      A:03 X:E4 Y:01 S:FB P:NvUBdIzC 
    $FFEB:CA        DEX                                                            A:03 X:E4 Y:01 S:FB P:NvUBdIzC 
    $FFEC:D0 FD     BNE $FFEB                                                      A:03 X:E3 Y:01 S:FB P:NvUBdIzC 
    $FFEB:CA        DEX                                                            A:03 X:E3 Y:01 S:FB P:NvUBdIzC 
    $FFEC:D0 FD     BNE $FFEB                                                      A:03 X:E2 Y:01 S:FB P:NvUBdIzC 
    $FFEB:CA        DEX                                                            A:03 X:E2 Y:01 S:FB P:NvUBdIzC 
    $FFEC:D0 FD     BNE $FFEB                                                      A:03 X:E1 Y:01 S:FB P:NvUBdIzC 
    $FFEB:CA        DEX                                                            A:03 X:E1 Y:01 S:FB P:NvUBdIzC 
    $FFEC:D0 FD     BNE $FFEB                                                      A:03 X:E0 Y:01 S:FB P:NvUBdIzC 
    $FFEB:CA        DEX                                                            A:03 X:E0 Y:01 S:FB P:NvUBdIzC 
    $FFEC:D0 FD     BNE $FFEB                                                      A:03 X:DF Y:01 S:FB P:NvUBdIzC 
    $FFEB:CA        DEX                                                            A:03 X:DF Y:01 S:FB P:NvUBdIzC 
    $FFEC:D0 FD     BNE $FFEB                                                      A:03 X:DE Y:01 S:FB P:NvUBdIzC 
    $FFEB:CA        DEX                                                            A:03 X:DE Y:01 S:FB P:NvUBdIzC 
    $FFEC:D0 FD     BNE $FFEB                                                      A:03 X:DD Y:01 S:FB P:NvUBdIzC 
    $FFEB:CA        DEX                                                            A:03 X:DD Y:01 S:FB P:NvUBdIzC 
    $FFEC:D0 FD     BNE $FFEB                                                      A:03 X:DC Y:01 S:FB P:NvUBdIzC 
    $FFEB:CA        DEX                                                            A:03 X:DC Y:01 S:FB P:NvUBdIzC 
    $FFEC:D0 FD     BNE $FFEB                                                      A:03 X:DB Y:01 S:FB P:NvUBdIzC 
    $FFEB:CA        DEX                                                            A:03 X:DB Y:01 S:FB P:NvUBdIzC 
    $FFEC:D0 FD     BNE $FFEB                                                      A:03 X:DA Y:01 S:FB P:NvUBdIzC 
    $FFEB:CA        DEX                                                            A:03 X:DA Y:01 S:FB P:NvUBdIzC 
    $FFEC:D0 FD     BNE $FFEB                                                      A:03 X:D9 Y:01 S:FB P:NvUBdIzC 
    $FFEB:CA        DEX                                                            A:03 X:D9 Y:01 S:FB P:NvUBdIzC 
    $FFEC:D0 FD     BNE $FFEB                                                      A:03 X:D8 Y:01 S:FB P:NvUBdIzC 
    $FFEB:CA        DEX                                                            A:03 X:D8 Y:01 S:FB P:NvUBdIzC 
    $FFEC:D0 FD     BNE $FFEB                                                      A:03 X:D7 Y:01 S:FB P:NvUBdIzC 
    $FFEB:CA        DEX                                                            A:03 X:D7 Y:01 S:FB P:NvUBdIzC 
    $FFEC:D0 FD     BNE $FFEB                                                      A:03 X:D6 Y:01 S:FB P:NvUBdIzC 
    $FFEB:CA        DEX                                                            A:03 X:D6 Y:01 S:FB P:NvUBdIzC 
    $FFEC:D0 FD     BNE $FFEB                                                      A:03 X:D5 Y:01 S:FB P:NvUBdIzC 
    $FFEB:CA        DEX                                                            A:03 X:D5 Y:01 S:FB P:NvUBdIzC 
    $FFEC:D0 FD     BNE $FFEB                                                      A:03 X:D4 Y:01 S:FB P:NvUBdIzC 
    $FFEB:CA        DEX                                                            A:03 X:D4 Y:01 S:FB P:NvUBdIzC 
    $FFEC:D0 FD     BNE $FFEB                                                      A:03 X:D3 Y:01 S:FB P:NvUBdIzC 
    $FFEB:CA        DEX                                                            A:03 X:D3 Y:01 S:FB P:NvUBdIzC 
    $FFEC:D0 FD     BNE $FFEB                                                      A:03 X:D2 Y:01 S:FB P:NvUBdIzC 
    $FFEB:CA        DEX                                                            A:03 X:D2 Y:01 S:FB P:NvUBdIzC 
    $FFEC:D0 FD     BNE $FFEB                                                      A:03 X:D1 Y:01 S:FB P:NvUBdIzC 
    $FFEB:CA        DEX                                                            A:03 X:D1 Y:01 S:FB P:NvUBdIzC 
    $FFEC:D0 FD     BNE $FFEB                                                      A:03 X:D0 Y:01 S:FB P:NvUBdIzC 
    $FFEB:CA        DEX                                                            A:03 X:D0 Y:01 S:FB P:NvUBdIzC 
    $FFEC:D0 FD     BNE $FFEB                                                      A:03 X:CF Y:01 S:FB P:NvUBdIzC 
    $FFEB:CA        DEX                                                            A:03 X:CF Y:01 S:FB P:NvUBdIzC 
    $FFEC:D0 FD     BNE $FFEB                                                      A:03 X:CE Y:01 S:FB P:NvUBdIzC 
    $FFEB:CA        DEX                                                            A:03 X:CE Y:01 S:FB P:NvUBdIzC 
    $FFEC:D0 FD     BNE $FFEB                                                      A:03 X:CD Y:01 S:FB P:NvUBdIzC 
    $FFEB:CA        DEX                                                            A:03 X:CD Y:01 S:FB P:NvUBdIzC 
    $FFEC:D0 FD     BNE $FFEB                                                      A:03 X:CC Y:01 S:FB P:NvUBdIzC 
    $FFEB:CA        DEX                                                            A:03 X:CC Y:01 S:FB P:NvUBdIzC 
    $FFEC:D0 FD     BNE $FFEB                                                      A:03 X:CB Y:01 S:FB P:NvUBdIzC 
    $FFEB:CA        DEX                                                            A:03 X:CB Y:01 S:FB P:NvUBdIzC 
    $FFEC:D0 FD     BNE $FFEB                                                      A:03 X:CA Y:01 S:FB P:NvUBdIzC 
    $FFEB:CA        DEX                                                            A:03 X:CA Y:01 S:FB P:NvUBdIzC 
    $FFEC:D0 FD     BNE $FFEB                                                      A:03 X:C9 Y:01 S:FB P:NvUBdIzC 
    $FFEB:CA        DEX                                                            A:03 X:C9 Y:01 S:FB P:NvUBdIzC 
    $FFEC:D0 FD     BNE $FFEB                                                      A:03 X:C8 Y:01 S:FB P:NvUBdIzC 
    $FFEB:CA        DEX                                                            A:03 X:C8 Y:01 S:FB P:NvUBdIzC 
    $FFEC:D0 FD     BNE $FFEB                                                      A:03 X:C7 Y:01 S:FB P:NvUBdIzC 
    $FFEB:CA        DEX                                                            A:03 X:C7 Y:01 S:FB P:NvUBdIzC 
    $FFEC:D0 FD     BNE $FFEB                                                      A:03 X:C6 Y:01 S:FB P:NvUBdIzC 
    $FFEB:CA        DEX                                                            A:03 X:C6 Y:01 S:FB P:NvUBdIzC 
    $FFEC:D0 FD     BNE $FFEB                                                      A:03 X:C5 Y:01 S:FB P:NvUBdIzC 
    $FFEB:CA        DEX                                                            A:03 X:C5 Y:01 S:FB P:NvUBdIzC 
    $FFEC:D0 FD     BNE $FFEB                                                      A:03 X:C4 Y:01 S:FB P:NvUBdIzC 
    $FFEB:CA        DEX                                                            A:03 X:C4 Y:01 S:FB P:NvUBdIzC 
    $FFEC:D0 FD     BNE $FFEB                                                      A:03 X:C3 Y:01 S:FB P:NvUBdIzC 
    $FFEB:CA        DEX                                                            A:03 X:C3 Y:01 S:FB P:NvUBdIzC 
    $FFEC:D0 FD     BNE $FFEB                                                      A:03 X:C2 Y:01 S:FB P:NvUBdIzC 
    $FFEB:CA        DEX                                                            A:03 X:C2 Y:01 S:FB P:NvUBdIzC 
    $FFEC:D0 FD     BNE $FFEB                                                      A:03 X:C1 Y:01 S:FB P:NvUBdIzC 
    $FFEB:CA        DEX                                                            A:03 X:C1 Y:01 S:FB P:NvUBdIzC 
    $FFEC:D0 FD     BNE $FFEB                                                      A:03 X:C0 Y:01 S:FB P:NvUBdIzC 
    $FFEB:CA        DEX                                                            A:03 X:C0 Y:01 S:FB P:NvUBdIzC 
    $FFEC:D0 FD     BNE $FFEB                                                      A:03 X:BF Y:01 S:FB P:NvUBdIzC 
    $FFEB:CA        DEX                                                            A:03 X:BF Y:01 S:FB P:NvUBdIzC 
    $FFEC:D0 FD     BNE $FFEB                                                      A:03 X:BE Y:01 S:FB P:NvUBdIzC 
    $FFEB:CA        DEX                                                            A:03 X:BE Y:01 S:FB P:NvUBdIzC 
    $FFEC:D0 FD     BNE $FFEB                                                      A:03 X:BD Y:01 S:FB P:NvUBdIzC 
    $FFEB:CA        DEX                                                            A:03 X:BD Y:01 S:FB P:NvUBdIzC 
    $FFEC:D0 FD     BNE $FFEB                                                      A:03 X:BC Y:01 S:FB P:NvUBdIzC 
    $FFEB:CA        DEX                                                            A:03 X:BC Y:01 S:FB P:NvUBdIzC 
    $FFEC:D0 FD     BNE $FFEB                                                      A:03 X:BB Y:01 S:FB P:NvUBdIzC 
    $FFEB:CA        DEX                                                            A:03 X:BB Y:01 S:FB P:NvUBdIzC 
    $FFEC:D0 FD     BNE $FFEB                                                      A:03 X:BA Y:01 S:FB P:NvUBdIzC 
    $FFEB:CA        DEX                                                            A:03 X:BA Y:01 S:FB P:NvUBdIzC 
    $FFEC:D0 FD     BNE $FFEB                                                      A:03 X:B9 Y:01 S:FB P:NvUBdIzC 
    $FFEB:CA        DEX                                                            A:03 X:B9 Y:01 S:FB P:NvUBdIzC 
    $FFEC:D0 FD     BNE $FFEB                                                      A:03 X:B8 Y:01 S:FB P:NvUBdIzC 
    $FFEB:CA        DEX                                                            A:03 X:B8 Y:01 S:FB P:NvUBdIzC 
    $FFEC:D0 FD     BNE $FFEB                                                      A:03 X:B7 Y:01 S:FB P:NvUBdIzC 
    $FFEB:CA        DEX                                                            A:03 X:B7 Y:01 S:FB P:NvUBdIzC 
    $FFEC:D0 FD     BNE $FFEB                                                      A:03 X:B6 Y:01 S:FB P:NvUBdIzC 
    $FFEB:CA        DEX                                                            A:03 X:B6 Y:01 S:FB P:NvUBdIzC 
    $FFEC:D0 FD     BNE $FFEB                                                      A:03 X:B5 Y:01 S:FB P:NvUBdIzC 
    $FFEB:CA        DEX                                                            A:03 X:B5 Y:01 S:FB P:NvUBdIzC 
    $FFEC:D0 FD     BNE $FFEB                                                      A:03 X:B4 Y:01 S:FB P:NvUBdIzC 
    $FFEB:CA        DEX                                                            A:03 X:B4 Y:01 S:FB P:NvUBdIzC 
    $FFEC:D0 FD     BNE $FFEB                                                      A:03 X:B3 Y:01 S:FB P:NvUBdIzC 
    $FFEB:CA        DEX                                                            A:03 X:B3 Y:01 S:FB P:NvUBdIzC 
    $FFEC:D0 FD     BNE $FFEB                                                      A:03 X:B2 Y:01 S:FB P:NvUBdIzC 
    $FFEB:CA        DEX                                                            A:03 X:B2 Y:01 S:FB P:NvUBdIzC 
    $FFEC:D0 FD     BNE $FFEB                                                      A:03 X:B1 Y:01 S:FB P:NvUBdIzC 
    $FFEB:CA        DEX                                                            A:03 X:B1 Y:01 S:FB P:NvUBdIzC 
    $FFEC:D0 FD     BNE $FFEB                                                      A:03 X:B0 Y:01 S:FB P:NvUBdIzC 
    $FFEB:CA        DEX                                                            A:03 X:B0 Y:01 S:FB P:NvUBdIzC 
    $FFEC:D0 FD     BNE $FFEB                                                      A:03 X:AF Y:01 S:FB P:NvUBdIzC 
    $FFEB:CA        DEX                                                            A:03 X:AF Y:01 S:FB P:NvUBdIzC 
    $FFEC:D0 FD     BNE $FFEB                                                      A:03 X:AE Y:01 S:FB P:NvUBdIzC 
    $FFEB:CA        DEX                                                            A:03 X:AE Y:01 S:FB P:NvUBdIzC 
    $FFEC:D0 FD     BNE $FFEB                                                      A:03 X:AD Y:01 S:FB P:NvUBdIzC 
    $FFEB:CA        DEX                                                            A:03 X:AD Y:01 S:FB P:NvUBdIzC 
    $FFEC:D0 FD     BNE $FFEB                                                      A:03 X:AC Y:01 S:FB P:NvUBdIzC 
    $FFEB:CA        DEX                                                            A:03 X:AC Y:01 S:FB P:NvUBdIzC 
    $FFEC:D0 FD     BNE $FFEB                                                      A:03 X:AB Y:01 S:FB P:NvUBdIzC 
    $FFEB:CA        DEX                                                            A:03 X:AB Y:01 S:FB P:NvUBdIzC 
    $FFEC:D0 FD     BNE $FFEB                                                      A:03 X:AA Y:01 S:FB P:NvUBdIzC 
    $FFEB:CA        DEX                                                            A:03 X:AA Y:01 S:FB P:NvUBdIzC 
    $FFEC:D0 FD     BNE $FFEB                                                      A:03 X:A9 Y:01 S:FB P:NvUBdIzC 
    $FFEB:CA        DEX                                                            A:03 X:A9 Y:01 S:FB P:NvUBdIzC 
    $FFEC:D0 FD     BNE $FFEB                                                      A:03 X:A8 Y:01 S:FB P:NvUBdIzC 
    $FFEB:CA        DEX                                                            A:03 X:A8 Y:01 S:FB P:NvUBdIzC 
    $FFEC:D0 FD     BNE $FFEB                                                      A:03 X:A7 Y:01 S:FB P:NvUBdIzC 
    $FFEB:CA        DEX                                                            A:03 X:A7 Y:01 S:FB P:NvUBdIzC 
    $FFEC:D0 FD     BNE $FFEB                                                      A:03 X:A6 Y:01 S:FB P:NvUBdIzC 
    $FFEB:CA        DEX                                                            A:03 X:A6 Y:01 S:FB P:NvUBdIzC 
    $FFEC:D0 FD     BNE $FFEB                                                      A:03 X:A5 Y:01 S:FB P:NvUBdIzC 
    $FFEB:CA        DEX                                                            A:03 X:A5 Y:01 S:FB P:NvUBdIzC 
    $FFEC:D0 FD     BNE $FFEB                                                      A:03 X:A4 Y:01 S:FB P:NvUBdIzC 
    $FFEB:CA        DEX                                                            A:03 X:A4 Y:01 S:FB P:NvUBdIzC 
    $FFEC:D0 FD     BNE $FFEB                                                      A:03 X:A3 Y:01 S:FB P:NvUBdIzC 
    $FFEB:CA        DEX                                                            A:03 X:A3 Y:01 S:FB P:NvUBdIzC 
    $FFEC:D0 FD     BNE $FFEB                                                      A:03 X:A2 Y:01 S:FB P:NvUBdIzC 
    $FFEB:CA        DEX                                                            A:03 X:A2 Y:01 S:FB P:NvUBdIzC 
    $FFEC:D0 FD     BNE $FFEB                                                      A:03 X:A1 Y:01 S:FB P:NvUBdIzC 
    $FFEB:CA        DEX                                                            A:03 X:A1 Y:01 S:FB P:NvUBdIzC 
    $FFEC:D0 FD     BNE $FFEB                                                      A:03 X:A0 Y:01 S:FB P:NvUBdIzC 
    $FFEB:CA        DEX                                                            A:03 X:A0 Y:01 S:FB P:NvUBdIzC 
    $FFEC:D0 FD     BNE $FFEB                                                      A:03 X:9F Y:01 S:FB P:NvUBdIzC 
    $FFEB:CA        DEX                                                            A:03 X:9F Y:01 S:FB P:NvUBdIzC 
    $FFEC:D0 FD     BNE $FFEB                                                      A:03 X:9E Y:01 S:FB P:NvUBdIzC 
    $FFEB:CA        DEX                                                            A:03 X:9E Y:01 S:FB P:NvUBdIzC 
    $FFEC:D0 FD     BNE $FFEB                                                      A:03 X:9D Y:01 S:FB P:NvUBdIzC 
    $FFEB:CA        DEX                                                            A:03 X:9D Y:01 S:FB P:NvUBdIzC 
    $FFEC:D0 FD     BNE $FFEB                                                      A:03 X:9C Y:01 S:FB P:NvUBdIzC 
    $FFEB:CA        DEX                                                            A:03 X:9C Y:01 S:FB P:NvUBdIzC 
    $FFEC:D0 FD     BNE $FFEB                                                      A:03 X:9B Y:01 S:FB P:NvUBdIzC 
    $FFEB:CA        DEX                                                            A:03 X:9B Y:01 S:FB P:NvUBdIzC 
    $FFEC:D0 FD     BNE $FFEB                                                      A:03 X:9A Y:01 S:FB P:NvUBdIzC 
    $FFEB:CA        DEX                                                            A:03 X:9A Y:01 S:FB P:NvUBdIzC 
    $FFEC:D0 FD     BNE $FFEB                                                      A:03 X:99 Y:01 S:FB P:NvUBdIzC 
    $FFEB:CA        DEX                                                            A:03 X:99 Y:01 S:FB P:NvUBdIzC 
    $FFEC:D0 FD     BNE $FFEB                                                      A:03 X:98 Y:01 S:FB P:NvUBdIzC 
    $FFEB:CA        DEX                                                            A:03 X:98 Y:01 S:FB P:NvUBdIzC 
    $FFEC:D0 FD     BNE $FFEB                                                      A:03 X:97 Y:01 S:FB P:NvUBdIzC 
    $FFEB:CA        DEX                                                            A:03 X:97 Y:01 S:FB P:NvUBdIzC 
    $FFEC:D0 FD     BNE $FFEB                                                      A:03 X:96 Y:01 S:FB P:NvUBdIzC 
    $FFEB:CA        DEX                                                            A:03 X:96 Y:01 S:FB P:NvUBdIzC 
    $FFEC:D0 FD     BNE $FFEB                                                      A:03 X:95 Y:01 S:FB P:NvUBdIzC 
    $FFEB:CA        DEX                                                            A:03 X:95 Y:01 S:FB P:NvUBdIzC 
    $FFEC:D0 FD     BNE $FFEB                                                      A:03 X:94 Y:01 S:FB P:NvUBdIzC 
    $FFEB:CA        DEX                                                            A:03 X:94 Y:01 S:FB P:NvUBdIzC 
    $FFEC:D0 FD     BNE $FFEB                                                      A:03 X:93 Y:01 S:FB P:NvUBdIzC 
    $FFEB:CA        DEX                                                            A:03 X:93 Y:01 S:FB P:NvUBdIzC 
    $FFEC:D0 FD     BNE $FFEB                                                      A:03 X:92 Y:01 S:FB P:NvUBdIzC 
    $FFEB:CA        DEX                                                            A:03 X:92 Y:01 S:FB P:NvUBdIzC 
    $FFEC:D0 FD     BNE $FFEB                                                      A:03 X:91 Y:01 S:FB P:NvUBdIzC 
    $FFEB:CA        DEX                                                            A:03 X:91 Y:01 S:FB P:NvUBdIzC 
    $FFEC:D0 FD     BNE $FFEB                                                      A:03 X:90 Y:01 S:FB P:NvUBdIzC 
    $FFEB:CA        DEX                                                            A:03 X:90 Y:01 S:FB P:NvUBdIzC 
    $FFEC:D0 FD     BNE $FFEB                                                      A:03 X:8F Y:01 S:FB P:NvUBdIzC 
    $FFEB:CA        DEX                                                            A:03 X:8F Y:01 S:FB P:NvUBdIzC 
    $FFEC:D0 FD     BNE $FFEB                                                      A:03 X:8E Y:01 S:FB P:NvUBdIzC 
    $FFEB:CA        DEX                                                            A:03 X:8E Y:01 S:FB P:NvUBdIzC 
    $FFEC:D0 FD     BNE $FFEB                                                      A:03 X:8D Y:01 S:FB P:NvUBdIzC 
    $FFEB:CA        DEX                                                            A:03 X:8D Y:01 S:FB P:NvUBdIzC 
    $FFEC:D0 FD     BNE $FFEB                                                      A:03 X:8C Y:01 S:FB P:NvUBdIzC 
    $FFEB:CA        DEX                                                            A:03 X:8C Y:01 S:FB P:NvUBdIzC 
    $FFEC:D0 FD     BNE $FFEB                                                      A:03 X:8B Y:01 S:FB P:NvUBdIzC 
    $FFEB:CA        DEX                                                            A:03 X:8B Y:01 S:FB P:NvUBdIzC 
    $FFEC:D0 FD     BNE $FFEB                                                      A:03 X:8A Y:01 S:FB P:NvUBdIzC 
    $FFEB:CA        DEX                                                            A:03 X:8A Y:01 S:FB P:NvUBdIzC 
    $FFEC:D0 FD     BNE $FFEB                                                      A:03 X:89 Y:01 S:FB P:NvUBdIzC 
    $FFEB:CA        DEX                                                            A:03 X:89 Y:01 S:FB P:NvUBdIzC 
    $FFEC:D0 FD     BNE $FFEB                                                      A:03 X:88 Y:01 S:FB P:NvUBdIzC 
    $FFEB:CA        DEX                                                            A:03 X:88 Y:01 S:FB P:NvUBdIzC 
    $FFEC:D0 FD     BNE $FFEB                                                      A:03 X:87 Y:01 S:FB P:NvUBdIzC 
    $FFEB:CA        DEX                                                            A:03 X:87 Y:01 S:FB P:NvUBdIzC 
    $FFEC:D0 FD     BNE $FFEB                                                      A:03 X:86 Y:01 S:FB P:NvUBdIzC 
    $FFEB:CA        DEX                                                            A:03 X:86 Y:01 S:FB P:NvUBdIzC 
    $FFEC:D0 FD     BNE $FFEB                                                      A:03 X:85 Y:01 S:FB P:NvUBdIzC 
    $FFEB:CA        DEX                                                            A:03 X:85 Y:01 S:FB P:NvUBdIzC 
    $FFEC:D0 FD     BNE $FFEB                                                      A:03 X:84 Y:01 S:FB P:NvUBdIzC 
    $FFEB:CA        DEX                                                            A:03 X:84 Y:01 S:FB P:NvUBdIzC 
    $FFEC:D0 FD     BNE $FFEB                                                      A:03 X:83 Y:01 S:FB P:NvUBdIzC 
    $FFEB:CA        DEX                                                            A:03 X:83 Y:01 S:FB P:NvUBdIzC 
    $FFEC:D0 FD     BNE $FFEB                                                      A:03 X:82 Y:01 S:FB P:NvUBdIzC 
    $FFEB:CA        DEX                                                            A:03 X:82 Y:01 S:FB P:NvUBdIzC 
    $FFEC:D0 FD     BNE $FFEB                                                      A:03 X:81 Y:01 S:FB P:NvUBdIzC 
    $FFEB:CA        DEX                                                            A:03 X:81 Y:01 S:FB P:NvUBdIzC 
    $FFEC:D0 FD     BNE $FFEB                                                      A:03 X:80 Y:01 S:FB P:NvUBdIzC 
    $FFEB:CA        DEX                                                            A:03 X:80 Y:01 S:FB P:NvUBdIzC 
    $FFEC:D0 FD     BNE $FFEB                                                      A:03 X:7F Y:01 S:FB P:nvUBdIzC 
    $FFEB:CA        DEX                                                            A:03 X:7F Y:01 S:FB P:nvUBdIzC 
    $FFEC:D0 FD     BNE $FFEB                                                      A:03 X:7E Y:01 S:FB P:nvUBdIzC 
    $FFEB:CA        DEX                                                            A:03 X:7E Y:01 S:FB P:nvUBdIzC 
    $FFEC:D0 FD     BNE $FFEB                                                      A:03 X:7D Y:01 S:FB P:nvUBdIzC 
    $FFEB:CA        DEX                                                            A:03 X:7D Y:01 S:FB P:nvUBdIzC 
    $FFEC:D0 FD     BNE $FFEB                                                      A:03 X:7C Y:01 S:FB P:nvUBdIzC 
    $FFEB:CA        DEX                                                            A:03 X:7C Y:01 S:FB P:nvUBdIzC 
    $FFEC:D0 FD     BNE $FFEB                                                      A:03 X:7B Y:01 S:FB P:nvUBdIzC 
    $FFEB:CA        DEX                                                            A:03 X:7B Y:01 S:FB P:nvUBdIzC 
    $FFEC:D0 FD     BNE $FFEB                                                      A:03 X:7A Y:01 S:FB P:nvUBdIzC 
    $FFEB:CA        DEX                                                            A:03 X:7A Y:01 S:FB P:nvUBdIzC 
    $FFEC:D0 FD     BNE $FFEB                                                      A:03 X:79 Y:01 S:FB P:nvUBdIzC 
    $FFEB:CA        DEX                                                            A:03 X:79 Y:01 S:FB P:nvUBdIzC 
    $FFEC:D0 FD     BNE $FFEB                                                      A:03 X:78 Y:01 S:FB P:nvUBdIzC 
    $FFEB:CA        DEX                                                            A:03 X:78 Y:01 S:FB P:nvUBdIzC 
    $FFEC:D0 FD     BNE $FFEB                                                      A:03 X:77 Y:01 S:FB P:nvUBdIzC 
    $FFEB:CA        DEX                                                            A:03 X:77 Y:01 S:FB P:nvUBdIzC 
    $FFEC:D0 FD     BNE $FFEB                                                      A:03 X:76 Y:01 S:FB P:nvUBdIzC 
    $FFEB:CA        DEX                                                            A:03 X:76 Y:01 S:FB P:nvUBdIzC 
    $FFEC:D0 FD     BNE $FFEB                                                      A:03 X:75 Y:01 S:FB P:nvUBdIzC 
    $FFEB:CA        DEX                                                            A:03 X:75 Y:01 S:FB P:nvUBdIzC 
    $FFEC:D0 FD     BNE $FFEB                                                      A:03 X:74 Y:01 S:FB P:nvUBdIzC 
    $FFEB:CA        DEX                                                            A:03 X:74 Y:01 S:FB P:nvUBdIzC 
    $FFEC:D0 FD     BNE $FFEB                                                      A:03 X:73 Y:01 S:FB P:nvUBdIzC 
    $FFEB:CA        DEX                                                            A:03 X:73 Y:01 S:FB P:nvUBdIzC 
    $FFEC:D0 FD     BNE $FFEB                                                      A:03 X:72 Y:01 S:FB P:nvUBdIzC 
    $FFEB:CA        DEX                                                            A:03 X:72 Y:01 S:FB P:nvUBdIzC 
    $FFEC:D0 FD     BNE $FFEB                                                      A:03 X:71 Y:01 S:FB P:nvUBdIzC 
    $FFEB:CA        DEX                                                            A:03 X:71 Y:01 S:FB P:nvUBdIzC 
    $FFEC:D0 FD     BNE $FFEB                                                      A:03 X:70 Y:01 S:FB P:nvUBdIzC 
    $FFEB:CA        DEX                                                            A:03 X:70 Y:01 S:FB P:nvUBdIzC 
    $FFEC:D0 FD     BNE $FFEB                                                      A:03 X:6F Y:01 S:FB P:nvUBdIzC 
    $FFEB:CA        DEX                                                            A:03 X:6F Y:01 S:FB P:nvUBdIzC 
    $FFEC:D0 FD     BNE $FFEB                                                      A:03 X:6E Y:01 S:FB P:nvUBdIzC 
    $FFEB:CA        DEX                                                            A:03 X:6E Y:01 S:FB P:nvUBdIzC 
    $FFEC:D0 FD     BNE $FFEB                                                      A:03 X:6D Y:01 S:FB P:nvUBdIzC 
    $FFEB:CA        DEX                                                            A:03 X:6D Y:01 S:FB P:nvUBdIzC 
    $FFEC:D0 FD     BNE $FFEB                                                      A:03 X:6C Y:01 S:FB P:nvUBdIzC 
    $FFEB:CA        DEX                                                            A:03 X:6C Y:01 S:FB P:nvUBdIzC 
    $FFEC:D0 FD     BNE $FFEB                                                      A:03 X:6B Y:01 S:FB P:nvUBdIzC 
    $FFEB:CA        DEX                                                            A:03 X:6B Y:01 S:FB P:nvUBdIzC 
    $FFEC:D0 FD     BNE $FFEB                                                      A:03 X:6A Y:01 S:FB P:nvUBdIzC 
    $FFEB:CA        DEX                                                            A:03 X:6A Y:01 S:FB P:nvUBdIzC 
    $FFEC:D0 FD     BNE $FFEB                                                      A:03 X:69 Y:01 S:FB P:nvUBdIzC 
    $FFEB:CA        DEX                                                            A:03 X:69 Y:01 S:FB P:nvUBdIzC 
    $FFEC:D0 FD     BNE $FFEB                                                      A:03 X:68 Y:01 S:FB P:nvUBdIzC 
    $FFEB:CA        DEX                                                            A:03 X:68 Y:01 S:FB P:nvUBdIzC 
    $FFEC:D0 FD     BNE $FFEB                                                      A:03 X:67 Y:01 S:FB P:nvUBdIzC 
    $FFEB:CA        DEX                                                            A:03 X:67 Y:01 S:FB P:nvUBdIzC 
    $FFEC:D0 FD     BNE $FFEB                                                      A:03 X:66 Y:01 S:FB P:nvUBdIzC 
    $FFEB:CA        DEX                                                            A:03 X:66 Y:01 S:FB P:nvUBdIzC 
    $FFEC:D0 FD     BNE $FFEB                                                      A:03 X:65 Y:01 S:FB P:nvUBdIzC 
    $FFEB:CA        DEX                                                            A:03 X:65 Y:01 S:FB P:nvUBdIzC 
    $FFEC:D0 FD     BNE $FFEB                                                      A:03 X:64 Y:01 S:FB P:nvUBdIzC 
    $FFEB:CA        DEX                                                            A:03 X:64 Y:01 S:FB P:nvUBdIzC 
    $FFEC:D0 FD     BNE $FFEB                                                      A:03 X:63 Y:01 S:FB P:nvUBdIzC 
    $FFEB:CA        DEX                                                            A:03 X:63 Y:01 S:FB P:nvUBdIzC 
    $FFEC:D0 FD     BNE $FFEB                                                      A:03 X:62 Y:01 S:FB P:nvUBdIzC 
    $FFEB:CA        DEX                                                            A:03 X:62 Y:01 S:FB P:nvUBdIzC 
    $FFEC:D0 FD     BNE $FFEB                                                      A:03 X:61 Y:01 S:FB P:nvUBdIzC 
    $FFEB:CA        DEX                                                            A:03 X:61 Y:01 S:FB P:nvUBdIzC 
    $FFEC:D0 FD     BNE $FFEB                                                      A:03 X:60 Y:01 S:FB P:nvUBdIzC 
    $FFEB:CA        DEX                                                            A:03 X:60 Y:01 S:FB P:nvUBdIzC 
    $FFEC:D0 FD     BNE $FFEB                                                      A:03 X:5F Y:01 S:FB P:nvUBdIzC 
    $FFEB:CA        DEX                                                            A:03 X:5F Y:01 S:FB P:nvUBdIzC 
    $FFEC:D0 FD     BNE $FFEB                                                      A:03 X:5E Y:01 S:FB P:nvUBdIzC 
    $FFEB:CA        DEX                                                            A:03 X:5E Y:01 S:FB P:nvUBdIzC 
    $FFEC:D0 FD     BNE $FFEB                                                      A:03 X:5D Y:01 S:FB P:nvUBdIzC 
    $FFEB:CA        DEX                                                            A:03 X:5D Y:01 S:FB P:nvUBdIzC 
    $FFEC:D0 FD     BNE $FFEB                                                      A:03 X:5C Y:01 S:FB P:nvUBdIzC 
    $FFEB:CA        DEX                                                            A:03 X:5C Y:01 S:FB P:nvUBdIzC 
    $FFEC:D0 FD     BNE $FFEB                                                      A:03 X:5B Y:01 S:FB P:nvUBdIzC 
    $FFEB:CA        DEX                                                            A:03 X:5B Y:01 S:FB P:nvUBdIzC 
    $FFEC:D0 FD     BNE $FFEB                                                      A:03 X:5A Y:01 S:FB P:nvUBdIzC 
    $FFEB:CA        DEX                                                            A:03 X:5A Y:01 S:FB P:nvUBdIzC 
    $FFEC:D0 FD     BNE $FFEB                                                      A:03 X:59 Y:01 S:FB P:nvUBdIzC 
    $FFEB:CA        DEX                                                            A:03 X:59 Y:01 S:FB P:nvUBdIzC 
    $FFEC:D0 FD     BNE $FFEB                                                      A:03 X:58 Y:01 S:FB P:nvUBdIzC 
    $FFEB:CA        DEX                                                            A:03 X:58 Y:01 S:FB P:nvUBdIzC 
    $FFEC:D0 FD     BNE $FFEB                                                      A:03 X:57 Y:01 S:FB P:nvUBdIzC 
    $FFEB:CA        DEX                                                            A:03 X:57 Y:01 S:FB P:nvUBdIzC 
    $FFEC:D0 FD     BNE $FFEB                                                      A:03 X:56 Y:01 S:FB P:nvUBdIzC 
    $FFEB:CA        DEX                                                            A:03 X:56 Y:01 S:FB P:nvUBdIzC 
    $FFEC:D0 FD     BNE $FFEB                                                      A:03 X:55 Y:01 S:FB P:nvUBdIzC 
    $FFEB:CA        DEX                                                            A:03 X:55 Y:01 S:FB P:nvUBdIzC 
    $FFEC:D0 FD     BNE $FFEB                                                      A:03 X:54 Y:01 S:FB P:nvUBdIzC 
    $FFEB:CA        DEX                                                            A:03 X:54 Y:01 S:FB P:nvUBdIzC 
    $FFEC:D0 FD     BNE $FFEB                                                      A:03 X:53 Y:01 S:FB P:nvUBdIzC 
    $FFEB:CA        DEX                                                            A:03 X:53 Y:01 S:FB P:nvUBdIzC 
    $FFEC:D0 FD     BNE $FFEB                                                      A:03 X:52 Y:01 S:FB P:nvUBdIzC 
    $FFEB:CA        DEX                                                            A:03 X:52 Y:01 S:FB P:nvUBdIzC 
    $FFEC:D0 FD     BNE $FFEB                                                      A:03 X:51 Y:01 S:FB P:nvUBdIzC 
    $FFEB:CA        DEX                                                            A:03 X:51 Y:01 S:FB P:nvUBdIzC 
    $FFEC:D0 FD     BNE $FFEB                                                      A:03 X:50 Y:01 S:FB P:nvUBdIzC 
    $FFEB:CA        DEX                                                            A:03 X:50 Y:01 S:FB P:nvUBdIzC 
    $FFEC:D0 FD     BNE $FFEB                                                      A:03 X:4F Y:01 S:FB P:nvUBdIzC 
    $FFEB:CA        DEX                                                            A:03 X:4F Y:01 S:FB P:nvUBdIzC 
    $FFEC:D0 FD     BNE $FFEB                                                      A:03 X:4E Y:01 S:FB P:nvUBdIzC 
    $FFEB:CA        DEX                                                            A:03 X:4E Y:01 S:FB P:nvUBdIzC 
    $FFEC:D0 FD     BNE $FFEB                                                      A:03 X:4D Y:01 S:FB P:nvUBdIzC 
    $FFEB:CA        DEX                                                            A:03 X:4D Y:01 S:FB P:nvUBdIzC 
    $FFEC:D0 FD     BNE $FFEB                                                      A:03 X:4C Y:01 S:FB P:nvUBdIzC 
    $FFEB:CA        DEX                                                            A:03 X:4C Y:01 S:FB P:nvUBdIzC 
    $FFEC:D0 FD     BNE $FFEB                                                      A:03 X:4B Y:01 S:FB P:nvUBdIzC 
    $FFEB:CA        DEX                                                            A:03 X:4B Y:01 S:FB P:nvUBdIzC 
    $FFEC:D0 FD     BNE $FFEB                                                      A:03 X:4A Y:01 S:FB P:nvUBdIzC 
    $FFEB:CA        DEX                                                            A:03 X:4A Y:01 S:FB P:nvUBdIzC 
    $FFEC:D0 FD     BNE $FFEB                                                      A:03 X:49 Y:01 S:FB P:nvUBdIzC 
    $FFEB:CA        DEX                                                            A:03 X:49 Y:01 S:FB P:nvUBdIzC 
    $FFEC:D0 FD     BNE $FFEB                                                      A:03 X:48 Y:01 S:FB P:nvUBdIzC 
    $FFEB:CA        DEX                                                            A:03 X:48 Y:01 S:FB P:nvUBdIzC 
    $FFEC:D0 FD     BNE $FFEB                                                      A:03 X:47 Y:01 S:FB P:nvUBdIzC 
    $FFEB:CA        DEX                                                            A:03 X:47 Y:01 S:FB P:nvUBdIzC 
    $FFEC:D0 FD     BNE $FFEB                                                      A:03 X:46 Y:01 S:FB P:nvUBdIzC 
    $FFEB:CA        DEX                                                            A:03 X:46 Y:01 S:FB P:nvUBdIzC 
    $FFEC:D0 FD     BNE $FFEB                                                      A:03 X:45 Y:01 S:FB P:nvUBdIzC 
    $FFEB:CA        DEX                                                            A:03 X:45 Y:01 S:FB P:nvUBdIzC 
    $FFEC:D0 FD     BNE $FFEB                                                      A:03 X:44 Y:01 S:FB P:nvUBdIzC 
    $FFEB:CA        DEX                                                            A:03 X:44 Y:01 S:FB P:nvUBdIzC 
    $FFEC:D0 FD     BNE $FFEB                                                      A:03 X:43 Y:01 S:FB P:nvUBdIzC 
    $FFEB:CA        DEX                                                            A:03 X:43 Y:01 S:FB P:nvUBdIzC 
    $FFEC:D0 FD     BNE $FFEB                                                      A:03 X:42 Y:01 S:FB P:nvUBdIzC 
    $FFEB:CA        DEX                                                            A:03 X:42 Y:01 S:FB P:nvUBdIzC 
    $FFEC:D0 FD     BNE $FFEB                                                      A:03 X:41 Y:01 S:FB P:nvUBdIzC 
    $FFEB:CA        DEX                                                            A:03 X:41 Y:01 S:FB P:nvUBdIzC 
    $FFEC:D0 FD     BNE $FFEB                                                      A:03 X:40 Y:01 S:FB P:nvUBdIzC 
    $FFEB:CA        DEX                                                            A:03 X:40 Y:01 S:FB P:nvUBdIzC 
    $FFEC:D0 FD     BNE $FFEB                                                      A:03 X:3F Y:01 S:FB P:nvUBdIzC 
    $FFEB:CA        DEX                                                            A:03 X:3F Y:01 S:FB P:nvUBdIzC 
    $FFEC:D0 FD     BNE $FFEB                                                      A:03 X:3E Y:01 S:FB P:nvUBdIzC 
    $FFEB:CA        DEX                                                            A:03 X:3E Y:01 S:FB P:nvUBdIzC 
    $FFEC:D0 FD     BNE $FFEB                                                      A:03 X:3D Y:01 S:FB P:nvUBdIzC 
    $FFEB:CA        DEX                                                            A:03 X:3D Y:01 S:FB P:nvUBdIzC 
    $FFEC:D0 FD     BNE $FFEB                                                      A:03 X:3C Y:01 S:FB P:nvUBdIzC 
    $FFEB:CA        DEX                                                            A:03 X:3C Y:01 S:FB P:nvUBdIzC 
    $FFEC:D0 FD     BNE $FFEB                                                      A:03 X:3B Y:01 S:FB P:nvUBdIzC 
    $FFEB:CA        DEX                                                            A:03 X:3B Y:01 S:FB P:nvUBdIzC 
    $FFEC:D0 FD     BNE $FFEB                                                      A:03 X:3A Y:01 S:FB P:nvUBdIzC 
    $FFEB:CA        DEX                                                            A:03 X:3A Y:01 S:FB P:nvUBdIzC 
    $FFEC:D0 FD     BNE $FFEB                                                      A:03 X:39 Y:01 S:FB P:nvUBdIzC 
    $FFEB:CA        DEX                                                            A:03 X:39 Y:01 S:FB P:nvUBdIzC 
    $FFEC:D0 FD     BNE $FFEB                                                      A:03 X:38 Y:01 S:FB P:nvUBdIzC 
    $FFEB:CA        DEX                                                            A:03 X:38 Y:01 S:FB P:nvUBdIzC 
    $FFEC:D0 FD     BNE $FFEB                                                      A:03 X:37 Y:01 S:FB P:nvUBdIzC 
    $FFEB:CA        DEX                                                            A:03 X:37 Y:01 S:FB P:nvUBdIzC 
    $FFEC:D0 FD     BNE $FFEB                                                      A:03 X:36 Y:01 S:FB P:nvUBdIzC 
    $FFEB:CA        DEX                                                            A:03 X:36 Y:01 S:FB P:nvUBdIzC 
    $FFEC:D0 FD     BNE $FFEB                                                      A:03 X:35 Y:01 S:FB P:nvUBdIzC 
    $FFEB:CA        DEX                                                            A:03 X:35 Y:01 S:FB P:nvUBdIzC 
    $FFEC:D0 FD     BNE $FFEB                                                      A:03 X:34 Y:01 S:FB P:nvUBdIzC 
    $FFEB:CA        DEX                                                            A:03 X:34 Y:01 S:FB P:nvUBdIzC 
    $FFEC:D0 FD     BNE $FFEB                                                      A:03 X:33 Y:01 S:FB P:nvUBdIzC 
    $FFEB:CA        DEX                                                            A:03 X:33 Y:01 S:FB P:nvUBdIzC 
    $FFEC:D0 FD     BNE $FFEB                                                      A:03 X:32 Y:01 S:FB P:nvUBdIzC 
    $FFEB:CA        DEX                                                            A:03 X:32 Y:01 S:FB P:nvUBdIzC 
    $FFEC:D0 FD     BNE $FFEB                                                      A:03 X:31 Y:01 S:FB P:nvUBdIzC 
    $FFEB:CA        DEX                                                            A:03 X:31 Y:01 S:FB P:nvUBdIzC 
    $FFEC:D0 FD     BNE $FFEB                                                      A:03 X:30 Y:01 S:FB P:nvUBdIzC 
    $FFEB:CA        DEX                                                            A:03 X:30 Y:01 S:FB P:nvUBdIzC 
    $FFEC:D0 FD     BNE $FFEB                                                      A:03 X:2F Y:01 S:FB P:nvUBdIzC 
    $FFEB:CA        DEX                                                            A:03 X:2F Y:01 S:FB P:nvUBdIzC 
    $FFEC:D0 FD     BNE $FFEB                                                      A:03 X:2E Y:01 S:FB P:nvUBdIzC 
    $FFEB:CA        DEX                                                            A:03 X:2E Y:01 S:FB P:nvUBdIzC 
    $FFEC:D0 FD     BNE $FFEB                                                      A:03 X:2D Y:01 S:FB P:nvUBdIzC 
    $FFEB:CA        DEX                                                            A:03 X:2D Y:01 S:FB P:nvUBdIzC 
    $FFEC:D0 FD     BNE $FFEB                                                      A:03 X:2C Y:01 S:FB P:nvUBdIzC 
    $FFEB:CA        DEX                                                            A:03 X:2C Y:01 S:FB P:nvUBdIzC 
    $FFEC:D0 FD     BNE $FFEB                                                      A:03 X:2B Y:01 S:FB P:nvUBdIzC 
    $FFEB:CA        DEX                                                            A:03 X:2B Y:01 S:FB P:nvUBdIzC 
    $FFEC:D0 FD     BNE $FFEB                                                      A:03 X:2A Y:01 S:FB P:nvUBdIzC 
    $FFEB:CA        DEX                                                            A:03 X:2A Y:01 S:FB P:nvUBdIzC 
    $FFEC:D0 FD     BNE $FFEB                                                      A:03 X:29 Y:01 S:FB P:nvUBdIzC 
    $FFEB:CA        DEX                                                            A:03 X:29 Y:01 S:FB P:nvUBdIzC 
    $FFEC:D0 FD     BNE $FFEB                                                      A:03 X:28 Y:01 S:FB P:nvUBdIzC 
    $FFEB:CA        DEX                                                            A:03 X:28 Y:01 S:FB P:nvUBdIzC 
    $FFEC:D0 FD     BNE $FFEB                                                      A:03 X:27 Y:01 S:FB P:nvUBdIzC 
    $FFEB:CA        DEX                                                            A:03 X:27 Y:01 S:FB P:nvUBdIzC 
    $FFEC:D0 FD     BNE $FFEB                                                      A:03 X:26 Y:01 S:FB P:nvUBdIzC 
    $FFEB:CA        DEX                                                            A:03 X:26 Y:01 S:FB P:nvUBdIzC 
    $FFEC:D0 FD     BNE $FFEB                                                      A:03 X:25 Y:01 S:FB P:nvUBdIzC 
    $FFEB:CA        DEX                                                            A:03 X:25 Y:01 S:FB P:nvUBdIzC 
    $FFEC:D0 FD     BNE $FFEB                                                      A:03 X:24 Y:01 S:FB P:nvUBdIzC 
    $FFEB:CA        DEX                                                            A:03 X:24 Y:01 S:FB P:nvUBdIzC 
    $FFEC:D0 FD     BNE $FFEB                                                      A:03 X:23 Y:01 S:FB P:nvUBdIzC 
    $FFEB:CA        DEX                                                            A:03 X:23 Y:01 S:FB P:nvUBdIzC 
    $FFEC:D0 FD     BNE $FFEB                                                      A:03 X:22 Y:01 S:FB P:nvUBdIzC 
    $FFEB:CA        DEX                                                            A:03 X:22 Y:01 S:FB P:nvUBdIzC 
    $FFEC:D0 FD     BNE $FFEB                                                      A:03 X:21 Y:01 S:FB P:nvUBdIzC 
    $FFEB:CA        DEX                                                            A:03 X:21 Y:01 S:FB P:nvUBdIzC 
    $FFEC:D0 FD     BNE $FFEB                                                      A:03 X:20 Y:01 S:FB P:nvUBdIzC 
    $FFEB:CA        DEX                                                            A:03 X:20 Y:01 S:FB P:nvUBdIzC 
    $FFEC:D0 FD     BNE $FFEB                                                      A:03 X:1F Y:01 S:FB P:nvUBdIzC 
    $FFEB:CA        DEX                                                            A:03 X:1F Y:01 S:FB P:nvUBdIzC 
    $FFEC:D0 FD     BNE $FFEB                                                      A:03 X:1E Y:01 S:FB P:nvUBdIzC 
    $FFEB:CA        DEX                                                            A:03 X:1E Y:01 S:FB P:nvUBdIzC 
    $FFEC:D0 FD     BNE $FFEB                                                      A:03 X:1D Y:01 S:FB P:nvUBdIzC 
    $FFEB:CA        DEX                                                            A:03 X:1D Y:01 S:FB P:nvUBdIzC 
    $FFEC:D0 FD     BNE $FFEB                                                      A:03 X:1C Y:01 S:FB P:nvUBdIzC 
    $FFEB:CA        DEX                                                            A:03 X:1C Y:01 S:FB P:nvUBdIzC 
    $FFEC:D0 FD     BNE $FFEB                                                      A:03 X:1B Y:01 S:FB P:nvUBdIzC 
    $FFEB:CA        DEX                                                            A:03 X:1B Y:01 S:FB P:nvUBdIzC 
    $FFEC:D0 FD     BNE $FFEB                                                      A:03 X:1A Y:01 S:FB P:nvUBdIzC 
    $FFEB:CA        DEX                                                            A:03 X:1A Y:01 S:FB P:nvUBdIzC 
    $FFEC:D0 FD     BNE $FFEB                                                      A:03 X:19 Y:01 S:FB P:nvUBdIzC 
    $FFEB:CA        DEX                                                            A:03 X:19 Y:01 S:FB P:nvUBdIzC 
    $FFEC:D0 FD     BNE $FFEB                                                      A:03 X:18 Y:01 S:FB P:nvUBdIzC 
    $FFEB:CA        DEX                                                            A:03 X:18 Y:01 S:FB P:nvUBdIzC 
    $FFEC:D0 FD     BNE $FFEB                                                      A:03 X:17 Y:01 S:FB P:nvUBdIzC 
    $FFEB:CA        DEX                                                            A:03 X:17 Y:01 S:FB P:nvUBdIzC 
    $FFEC:D0 FD     BNE $FFEB                                                      A:03 X:16 Y:01 S:FB P:nvUBdIzC 
    $FFEB:CA        DEX                                                            A:03 X:16 Y:01 S:FB P:nvUBdIzC 
    $FFEC:D0 FD     BNE $FFEB                                                      A:03 X:15 Y:01 S:FB P:nvUBdIzC 
    $FFEB:CA        DEX                                                            A:03 X:15 Y:01 S:FB P:nvUBdIzC 
    $FFEC:D0 FD     BNE $FFEB                                                      A:03 X:14 Y:01 S:FB P:nvUBdIzC 
    $FFEB:CA        DEX                                                            A:03 X:14 Y:01 S:FB P:nvUBdIzC 
    $FFEC:D0 FD     BNE $FFEB                                                      A:03 X:13 Y:01 S:FB P:nvUBdIzC 
    $FFEB:CA        DEX                                                            A:03 X:13 Y:01 S:FB P:nvUBdIzC 
    $FFEC:D0 FD     BNE $FFEB                                                      A:03 X:12 Y:01 S:FB P:nvUBdIzC 
    $FFEB:CA        DEX                                                            A:03 X:12 Y:01 S:FB P:nvUBdIzC 
    $FFEC:D0 FD     BNE $FFEB                                                      A:03 X:11 Y:01 S:FB P:nvUBdIzC 
    $FFEB:CA        DEX                                                            A:03 X:11 Y:01 S:FB P:nvUBdIzC 
    $FFEC:D0 FD     BNE $FFEB                                                      A:03 X:10 Y:01 S:FB P:nvUBdIzC 
    $FFEB:CA        DEX                                                            A:03 X:10 Y:01 S:FB P:nvUBdIzC 
    $FFEC:D0 FD     BNE $FFEB                                                      A:03 X:0F Y:01 S:FB P:nvUBdIzC 
    $FFEB:CA        DEX                                                            A:03 X:0F Y:01 S:FB P:nvUBdIzC 
    $FFEC:D0 FD     BNE $FFEB                                                      A:03 X:0E Y:01 S:FB P:nvUBdIzC 
    $FFEB:CA        DEX                                                            A:03 X:0E Y:01 S:FB P:nvUBdIzC 
    $FFEC:D0 FD     BNE $FFEB                                                      A:03 X:0D Y:01 S:FB P:nvUBdIzC 
    $FFEB:CA        DEX                                                            A:03 X:0D Y:01 S:FB P:nvUBdIzC 
    $FFEC:D0 FD     BNE $FFEB                                                      A:03 X:0C Y:01 S:FB P:nvUBdIzC 
    $FFEB:CA        DEX                                                            A:03 X:0C Y:01 S:FB P:nvUBdIzC 
    $FFEC:D0 FD     BNE $FFEB                                                      A:03 X:0B Y:01 S:FB P:nvUBdIzC 
    $FFEB:CA        DEX                                                            A:03 X:0B Y:01 S:FB P:nvUBdIzC 
    $FFEC:D0 FD     BNE $FFEB                                                      A:03 X:0A Y:01 S:FB P:nvUBdIzC 
    $FFEB:CA        DEX                                                            A:03 X:0A Y:01 S:FB P:nvUBdIzC 
    $FFEC:D0 FD     BNE $FFEB                                                      A:03 X:09 Y:01 S:FB P:nvUBdIzC 
    $FFEB:CA        DEX                                                            A:03 X:09 Y:01 S:FB P:nvUBdIzC 
    $FFEC:D0 FD     BNE $FFEB                                                      A:03 X:08 Y:01 S:FB P:nvUBdIzC 
    $FFEB:CA        DEX                                                            A:03 X:08 Y:01 S:FB P:nvUBdIzC 
    $FFEC:D0 FD     BNE $FFEB                                                      A:03 X:07 Y:01 S:FB P:nvUBdIzC 
    $FFEB:CA        DEX                                                            A:03 X:07 Y:01 S:FB P:nvUBdIzC 
    $FFEC:D0 FD     BNE $FFEB                                                      A:03 X:06 Y:01 S:FB P:nvUBdIzC 
    $FFEB:CA        DEX                                                            A:03 X:06 Y:01 S:FB P:nvUBdIzC 
    $FFEC:D0 FD     BNE $FFEB                                                      A:03 X:05 Y:01 S:FB P:nvUBdIzC 
    $FFEB:CA        DEX                                                            A:03 X:05 Y:01 S:FB P:nvUBdIzC 
    $FFEC:D0 FD     BNE $FFEB                                                      A:03 X:04 Y:01 S:FB P:nvUBdIzC 
    $FFEB:CA        DEX                                                            A:03 X:04 Y:01 S:FB P:nvUBdIzC 
    $FFEC:D0 FD     BNE $FFEB                                                      A:03 X:03 Y:01 S:FB P:nvUBdIzC 
    $FFEB:CA        DEX                                                            A:03 X:03 Y:01 S:FB P:nvUBdIzC 
    $FFEC:D0 FD     BNE $FFEB                                                      A:03 X:02 Y:01 S:FB P:nvUBdIzC 
    $FFEB:CA        DEX                                                            A:03 X:02 Y:01 S:FB P:nvUBdIzC 
    $FFEC:D0 FD     BNE $FFEB                                                      A:03 X:01 Y:01 S:FB P:nvUBdIzC 
    $FFEB:CA        DEX                                                            A:03 X:01 Y:01 S:FB P:nvUBdIzC 
    $FFEC:D0 FD     BNE $FFEB                                                      A:03 X:00 Y:01 S:FB P:nvUBdIZC 
    $FFEE:88        DEY                                                            A:03 X:00 Y:01 S:FB P:nvUBdIZC 
    $FFEF:D0 FA     BNE $FFEB                                                      A:03 X:00 Y:00 S:FB P:nvUBdIZC 
    $FFF1:60        RTS (from $FFEB) ----------------------------------------------A:03 X:00 Y:00 S:FB P:nvUBdIZC 
  $8617:F0 37     BEQ $8650                                                      A:03 X:00 Y:00 S:FD P:nvUBdIZC 
  $8650:A5 85     LDA $0085 = #$31                                               A:03 X:00 Y:00 S:FD P:nvUBdIZC 
  $8652:8D 06 20  STA $2006 = #$A0                                               A:31 X:00 Y:00 S:FD P:nvUBdIzC 
  $8655:A5 86     LDA $0086 = #$80                                               A:31 X:00 Y:00 S:FD P:nvUBdIzC 
  $8657:8D 06 20  STA $2006 = #$A0                                               A:80 X:00 Y:00 S:FD P:NvUBdIzC 
  $865A:A2 0C     LDX #$0C                                                       A:80 X:00 Y:00 S:FD P:NvUBdIzC 
  $865C:A5 87     LDA $0087 = #$CB                                               A:80 X:0C Y:00 S:FD P:nvUBdIzC 
  $865E:18        CLC                                                            A:CB X:0C Y:00 S:FD P:NvUBdIzC 
  $865F:65 D3     ADC $00D3 = #$00                                               A:CB X:0C Y:00 S:FD P:NvUBdIzc 
  $8661:A4 10     LDY $0010 = #$03                                               A:CB X:0C Y:00 S:FD P:NvUBdIzc 
  $8663:C0 06     CPY #$06                                                       A:CB X:0C Y:03 S:FD P:nvUBdIzc 
  $8665:F0 04     BEQ $866B                                                      A:CB X:0C Y:03 S:FD P:NvUBdIzc 
  $8667:C0 03     CPY #$03                                                       A:CB X:0C Y:03 S:FD P:NvUBdIzc 
  $8669:D0 09     BNE $8674                                                      A:CB X:0C Y:03 S:FD P:nvUBdIZC 
  $866B:4A        LSR                                                            A:CB X:0C Y:03 S:FD P:nvUBdIZC 
  $866C:85 CC     STA $00CC = #$00                                               A:65 X:0C Y:03 S:FD P:nvUBdIzC 
  $866E:4A        LSR                                                            A:65 X:0C Y:03 S:FD P:nvUBdIzC 
  $866F:18        CLC                                                            A:32 X:0C Y:03 S:FD P:nvUBdIzC 
  $8670:65 CC     ADC $00CC = #$65                                               A:32 X:0C Y:03 S:FD P:nvUBdIzc 
  $8672:A2 07     LDX #$07                                                       A:97 X:0C Y:03 S:FD P:NVUBdIzc 
  $8674:8D 05 20  STA $2005 = #$00                                               A:97 X:07 Y:03 S:FD P:nVUBdIzc 
  $8677:A0 01     LDY #$01                                                       A:97 X:07 Y:03 S:FD P:nVUBdIzc 
  $8679:20 EB FF  JSR $FFEB                                                      A:97 X:07 Y:01 S:FD P:nVUBdIzc 
    $FFEB:CA        DEX                                                            A:97 X:07 Y:01 S:FB P:nVUBdIzc 
    $FFEC:D0 FD     BNE $FFEB                                                      A:97 X:06 Y:01 S:FB P:nVUBdIzc 
    $FFEB:CA        DEX                                                            A:97 X:06 Y:01 S:FB P:nVUBdIzc 
    $FFEC:D0 FD     BNE $FFEB                                                      A:97 X:05 Y:01 S:FB P:nVUBdIzc 
    $FFEB:CA        DEX                                                            A:97 X:05 Y:01 S:FB P:nVUBdIzc 
    $FFEC:D0 FD     BNE $FFEB                                                      A:97 X:04 Y:01 S:FB P:nVUBdIzc 
    $FFEB:CA        DEX                                                            A:97 X:04 Y:01 S:FB P:nVUBdIzc 
    $FFEC:D0 FD     BNE $FFEB                                                      A:97 X:03 Y:01 S:FB P:nVUBdIzc 
    $FFEB:CA        DEX                                                            A:97 X:03 Y:01 S:FB P:nVUBdIzc 
    $FFEC:D0 FD     BNE $FFEB                                                      A:97 X:02 Y:01 S:FB P:nVUBdIzc 
    $FFEB:CA        DEX                                                            A:97 X:02 Y:01 S:FB P:nVUBdIzc 
    $FFEC:D0 FD     BNE $FFEB                                                      A:97 X:01 Y:01 S:FB P:nVUBdIzc 
    $FFEB:CA        DEX                                                            A:97 X:01 Y:01 S:FB P:nVUBdIzc 
    $FFEC:D0 FD     BNE $FFEB                                                      A:97 X:00 Y:01 S:FB P:nVUBdIZc 
    $FFEE:88        DEY                                                            A:97 X:00 Y:01 S:FB P:nVUBdIZc 
    $FFEF:D0 FA     BNE $FFEB                                                      A:97 X:00 Y:00 S:FB P:nVUBdIZc 
    $FFF1:60        RTS (from $FFEB) ----------------------------------------------A:97 X:00 Y:00 S:FB P:nVUBdIZc 
  $867C:8E B3 FF  STX $FFB3 = #$00                                               A:97 X:00 Y:00 S:FD P:nVUBdIZc 
  $867F:A5 09     LDA $0009 = #$90                                               A:97 X:00 Y:00 S:FD P:nVUBdIZc 
  $8681:10 2C     BPL $86AF                                                      A:90 X:00 Y:00 S:FD P:NVUBdIzc 
  $8683:20 78 8D  JSR $8D78                                                      A:90 X:00 Y:00 S:FD P:NVUBdIzc 
    $8D78:A2 01     LDX #$01                                                       A:90 X:00 Y:00 S:FB P:NVUBdIzc 
    $8D7A:8E 16 40  STX $4016 = #$01                                               A:90 X:01 Y:00 S:FB P:nVUBdIzc 
    $8D7D:CA        DEX                                                            A:90 X:01 Y:00 S:FB P:nVUBdIzc 
    $8D7E:8E 16 40  STX $4016 = #$C1                                               A:90 X:00 Y:00 S:FB P:nVUBdIZc 
    $8D81:A2 08     LDX #$08                                                       A:90 X:00 Y:00 S:FB P:nVUBdIZc 
    $8D83:AD 16 40  LDA $4016 = #$00                                               A:90 X:08 Y:00 S:FB P:nVUBdIzc 
    $8D86:6A        ROR                                                            A:40 X:08 Y:00 S:FB P:nVUBdIzc 
    $8D87:26 15     ROL $0015 = #$30                                               A:20 X:08 Y:00 S:FB P:nVUBdIzc 
    $8D89:AD 17 40  LDA $4017 = #$00                                               A:20 X:08 Y:00 S:FB P:nVUBdIzc 
    $8D8C:6A        ROR                                                            A:40 X:08 Y:00 S:FB P:nVUBdIzc 
    $8D8D:26 16     ROL $0016 = #$FF                                               A:20 X:08 Y:00 S:FB P:nVUBdIzc 
    $8D8F:CA        DEX                                                            A:20 X:08 Y:00 S:FB P:NVUBdIzC 
    $8D90:D0 F1     BNE $8D83                                                      A:20 X:07 Y:00 S:FB P:nVUBdIzC 
    $8D83:AD 16 40  LDA $4016 = #$C0                                               A:20 X:07 Y:00 S:FB P:nVUBdIzC 
    $8D86:6A        ROR                                                            A:40 X:07 Y:00 S:FB P:nVUBdIzC 
    $8D87:26 15     ROL $0015 = #$60                                               A:A0 X:07 Y:00 S:FB P:NVUBdIzc 
    $8D89:AD 17 40  LDA $4017 = #$40                                               A:A0 X:07 Y:00 S:FB P:NVUBdIzc 
    $8D8C:6A        ROR                                                            A:40 X:07 Y:00 S:FB P:nVUBdIzc 
    $8D8D:26 16     ROL $0016 = #$FE                                               A:20 X:07 Y:00 S:FB P:nVUBdIzc 
    $8D8F:CA        DEX                                                            A:20 X:07 Y:00 S:FB P:NVUBdIzC 
    $8D90:D0 F1     BNE $8D83                                                      A:20 X:06 Y:00 S:FB P:nVUBdIzC 
    $8D83:AD 16 40  LDA $4016 = #$C0                                               A:20 X:06 Y:00 S:FB P:nVUBdIzC 
    $8D86:6A        ROR                                                            A:40 X:06 Y:00 S:FB P:nVUBdIzC 
    $8D87:26 15     ROL $0015 = #$C0                                               A:A0 X:06 Y:00 S:FB P:NVUBdIzc 
    $8D89:AD 17 40  LDA $4017 = #$C0                                               A:A0 X:06 Y:00 S:FB P:NVUBdIzC 
    $8D8C:6A        ROR                                                            A:40 X:06 Y:00 S:FB P:nVUBdIzC 
    $8D8D:26 16     ROL $0016 = #$FC                                               A:A0 X:06 Y:00 S:FB P:NVUBdIzc 
    $8D8F:CA        DEX                                                            A:A0 X:06 Y:00 S:FB P:NVUBdIzC 
    $8D90:D0 F1     BNE $8D83                                                      A:A0 X:05 Y:00 S:FB P:nVUBdIzC 
    $8D83:AD 16 40  LDA $4016 = #$C0                                               A:A0 X:05 Y:00 S:FB P:nVUBdIzC 
    $8D86:6A        ROR                                                            A:40 X:05 Y:00 S:FB P:nVUBdIzC 
    $8D87:26 15     ROL $0015 = #$80                                               A:A0 X:05 Y:00 S:FB P:NVUBdIzc 
    $8D89:AD 17 40  LDA $4017 = #$80                                               A:A0 X:05 Y:00 S:FB P:nVUBdIZC 
    $8D8C:6A        ROR                                                            A:40 X:05 Y:00 S:FB P:nVUBdIzC 
    $8D8D:26 16     ROL $0016 = #$F8                                               A:A0 X:05 Y:00 S:FB P:NVUBdIzc 
    $8D8F:CA        DEX                                                            A:A0 X:05 Y:00 S:FB P:NVUBdIzC 
    $8D90:D0 F1     BNE $8D83                                                      A:A0 X:04 Y:00 S:FB P:nVUBdIzC 
    $8D83:AD 16 40  LDA $4016 = #$C1                                               A:A0 X:04 Y:00 S:FB P:nVUBdIzC 
    $8D86:6A        ROR                                                            A:41 X:04 Y:00 S:FB P:nVUBdIzC 
    $8D87:26 15     ROL $0015 = #$00                                               A:A0 X:04 Y:00 S:FB P:NVUBdIzC 
    $8D89:AD 17 40  LDA $4017 = #$01                                               A:A0 X:04 Y:00 S:FB P:nVUBdIzc 
    $8D8C:6A        ROR                                                            A:41 X:04 Y:00 S:FB P:nVUBdIzc 
    $8D8D:26 16     ROL $0016 = #$F0                                               A:20 X:04 Y:00 S:FB P:nVUBdIzC 
    $8D8F:CA        DEX                                                            A:20 X:04 Y:00 S:FB P:NVUBdIzC 
    $8D90:D0 F1     BNE $8D83                                                      A:20 X:03 Y:00 S:FB P:nVUBdIzC 
    $8D83:AD 16 40  LDA $4016 = #$C1                                               A:20 X:03 Y:00 S:FB P:nVUBdIzC 
    $8D86:6A        ROR                                                            A:41 X:03 Y:00 S:FB P:nVUBdIzC 
    $8D87:26 15     ROL $0015 = #$01                                               A:A0 X:03 Y:00 S:FB P:NVUBdIzC 
    $8D89:AD 17 40  LDA $4017 = #$01                                               A:A0 X:03 Y:00 S:FB P:nVUBdIzc 
    $8D8C:6A        ROR                                                            A:41 X:03 Y:00 S:FB P:nVUBdIzc 
    $8D8D:26 16     ROL $0016 = #$E1                                               A:20 X:03 Y:00 S:FB P:nVUBdIzC 
    $8D8F:CA        DEX                                                            A:20 X:03 Y:00 S:FB P:NVUBdIzC 
    $8D90:D0 F1     BNE $8D83                                                      A:20 X:02 Y:00 S:FB P:nVUBdIzC 
    $8D83:AD 16 40  LDA $4016 = #$C1                                               A:20 X:02 Y:00 S:FB P:nVUBdIzC 
    $8D86:6A        ROR                                                            A:41 X:02 Y:00 S:FB P:nVUBdIzC 
    $8D87:26 15     ROL $0015 = #$03                                               A:A0 X:02 Y:00 S:FB P:NVUBdIzC 
    $8D89:AD 17 40  LDA $4017 = #$01                                               A:A0 X:02 Y:00 S:FB P:nVUBdIzc 
    $8D8C:6A        ROR                                                            A:41 X:02 Y:00 S:FB P:nVUBdIzc 
    $8D8D:26 16     ROL $0016 = #$C3                                               A:20 X:02 Y:00 S:FB P:nVUBdIzC 
    $8D8F:CA        DEX                                                            A:20 X:02 Y:00 S:FB P:NVUBdIzC 
    $8D90:D0 F1     BNE $8D83                                                      A:20 X:01 Y:00 S:FB P:nVUBdIzC 
    $8D83:AD 16 40  LDA $4016 = #$C1                                               A:20 X:01 Y:00 S:FB P:nVUBdIzC 
    $8D86:6A        ROR                                                            A:41 X:01 Y:00 S:FB P:nVUBdIzC 
    $8D87:26 15     ROL $0015 = #$07                                               A:A0 X:01 Y:00 S:FB P:NVUBdIzC 
    $8D89:AD 17 40  LDA $4017 = #$01                                               A:A0 X:01 Y:00 S:FB P:nVUBdIzc 
    $8D8C:6A        ROR                                                            A:41 X:01 Y:00 S:FB P:nVUBdIzc 
    $8D8D:26 16     ROL $0016 = #$87                                               A:20 X:01 Y:00 S:FB P:nVUBdIzC 
    $8D8F:CA        DEX                                                            A:20 X:01 Y:00 S:FB P:nVUBdIzC 
    $8D90:D0 F1     BNE $8D83                                                      A:20 X:00 Y:00 S:FB P:nVUBdIZC 
    $8D92:A5 15     LDA $0015 = #$0F                                               A:20 X:00 Y:00 S:FB P:nVUBdIZC 
    $8D94:AA        TAX                                                            A:0F X:00 Y:00 S:FB P:nVUBdIzC 
    $8D95:45 29     EOR $0029 = #$0F                                               A:0F X:0F Y:00 S:FB P:nVUBdIzC 
    $8D97:86 29     STX $0029 = #$0F                                               A:00 X:0F Y:00 S:FB P:nVUBdIZC 
    $8D99:25 15     AND $0015 = #$0F                                               A:00 X:0F Y:00 S:FB P:nVUBdIZC 
    $8D9B:85 2B     STA $002B = #$0F                                               A:00 X:0F Y:00 S:FB P:nVUBdIZC 
    $8D9D:A5 16     LDA $0016 = #$0F                                               A:00 X:0F Y:00 S:FB P:nVUBdIZC 
    $8D9F:AA        TAX                                                            A:0F X:0F Y:00 S:FB P:nVUBdIzC 
    $8DA0:45 2A     EOR $002A = #$0F                                               A:0F X:0F Y:00 S:FB P:nVUBdIzC 
    $8DA2:86 2A     STX $002A = #$0F                                               A:00 X:0F Y:00 S:FB P:nVUBdIZC 
    $8DA4:25 16     AND $0016 = #$0F                                               A:00 X:0F Y:00 S:FB P:nVUBdIZC 
    $8DA6:85 2C     STA $002C = #$0F                                               A:00 X:0F Y:00 S:FB P:nVUBdIZC 
    $8DA8:60        RTS (from $8D78) ----------------------------------------------A:00 X:0F Y:00 S:FB P:nVUBdIZC 
  $8686:A4 10     LDY $0010 = #$03                                               A:00 X:0F Y:00 S:FD P:nVUBdIZC 
  $8688:B9 B8 86  LDA $86B8,Y @ $86BB = #$00                                     A:00 X:0F Y:03 S:FD P:nVUBdIzC 
  $868B:85 CC     STA $00CC = #$65                                               A:00 X:0F Y:03 S:FD P:nVUBdIZC 
  $868D:98        TYA                                                            A:00 X:0F Y:03 S:FD P:nVUBdIZC 
  $868E:C9 03     CMP #$03                                                       A:03 X:0F Y:03 S:FD P:nVUBdIzC 
  $8690:D0 35     BNE $86C7                                                      A:03 X:0F Y:03 S:FD P:nVUBdIZC 
  $8692:A2 28     LDX #$28                                                       A:03 X:0F Y:03 S:FD P:nVUBdIZC 
  $8694:A0 03     LDY #$03                                                       A:03 X:28 Y:03 S:FD P:nVUBdIzC 
  $8696:20 EB FF  JSR $FFEB                                                      A:03 X:28 Y:03 S:FD P:nVUBdIzC 
    $FFEB:CA        DEX                                                            A:03 X:28 Y:03 S:FB P:nVUBdIzC 
    $FFEC:D0 FD     BNE $FFEB                                                      A:03 X:27 Y:03 S:FB P:nVUBdIzC 
    $FFEB:CA        DEX                                                            A:03 X:27 Y:03 S:FB P:nVUBdIzC 
    $FFEC:D0 FD     BNE $FFEB                                                      A:03 X:26 Y:03 S:FB P:nVUBdIzC 
    $FFEB:CA        DEX                                                            A:03 X:26 Y:03 S:FB P:nVUBdIzC 
    $FFEC:D0 FD     BNE $FFEB                                                      A:03 X:25 Y:03 S:FB P:nVUBdIzC 
    $FFEB:CA        DEX                                                            A:03 X:25 Y:03 S:FB P:nVUBdIzC 
    $FFEC:D0 FD     BNE $FFEB                                                      A:03 X:24 Y:03 S:FB P:nVUBdIzC 
    $FFEB:CA        DEX                                                            A:03 X:24 Y:03 S:FB P:nVUBdIzC 
    $FFEC:D0 FD     BNE $FFEB                                                      A:03 X:23 Y:03 S:FB P:nVUBdIzC 
    $FFEB:CA        DEX                                                            A:03 X:23 Y:03 S:FB P:nVUBdIzC 
    $FFEC:D0 FD     BNE $FFEB                                                      A:03 X:22 Y:03 S:FB P:nVUBdIzC 
    $FFEB:CA        DEX                                                            A:03 X:22 Y:03 S:FB P:nVUBdIzC 
    $FFEC:D0 FD     BNE $FFEB                                                      A:03 X:21 Y:03 S:FB P:nVUBdIzC 
    $FFEB:CA        DEX                                                            A:03 X:21 Y:03 S:FB P:nVUBdIzC 
    $FFEC:D0 FD     BNE $FFEB                                                      A:03 X:20 Y:03 S:FB P:nVUBdIzC 
    $FFEB:CA        DEX                                                            A:03 X:20 Y:03 S:FB P:nVUBdIzC 
    $FFEC:D0 FD     BNE $FFEB                                                      A:03 X:1F Y:03 S:FB P:nVUBdIzC 
    $FFEB:CA        DEX                                                            A:03 X:1F Y:03 S:FB P:nVUBdIzC 
    $FFEC:D0 FD     BNE $FFEB                                                      A:03 X:1E Y:03 S:FB P:nVUBdIzC 
    $FFEB:CA        DEX                                                            A:03 X:1E Y:03 S:FB P:nVUBdIzC 
    $FFEC:D0 FD     BNE $FFEB                                                      A:03 X:1D Y:03 S:FB P:nVUBdIzC 
    $FFEB:CA        DEX                                                            A:03 X:1D Y:03 S:FB P:nVUBdIzC 
    $FFEC:D0 FD     BNE $FFEB                                                      A:03 X:1C Y:03 S:FB P:nVUBdIzC 
    $FFEB:CA        DEX                                                            A:03 X:1C Y:03 S:FB P:nVUBdIzC 
    $FFEC:D0 FD     BNE $FFEB                                                      A:03 X:1B Y:03 S:FB P:nVUBdIzC 
    $FFEB:CA        DEX                                                            A:03 X:1B Y:03 S:FB P:nVUBdIzC 
    $FFEC:D0 FD     BNE $FFEB                                                      A:03 X:1A Y:03 S:FB P:nVUBdIzC 
    $FFEB:CA        DEX                                                            A:03 X:1A Y:03 S:FB P:nVUBdIzC 
    $FFEC:D0 FD     BNE $FFEB                                                      A:03 X:19 Y:03 S:FB P:nVUBdIzC 
    $FFEB:CA        DEX                                                            A:03 X:19 Y:03 S:FB P:nVUBdIzC 
    $FFEC:D0 FD     BNE $FFEB                                                      A:03 X:18 Y:03 S:FB P:nVUBdIzC 
    $FFEB:CA        DEX                                                            A:03 X:18 Y:03 S:FB P:nVUBdIzC 
    $FFEC:D0 FD     BNE $FFEB                                                      A:03 X:17 Y:03 S:FB P:nVUBdIzC 
    $FFEB:CA        DEX                                                            A:03 X:17 Y:03 S:FB P:nVUBdIzC 
    $FFEC:D0 FD     BNE $FFEB                                                      A:03 X:16 Y:03 S:FB P:nVUBdIzC 
    $FFEB:CA        DEX                                                            A:03 X:16 Y:03 S:FB P:nVUBdIzC 
    $FFEC:D0 FD     BNE $FFEB                                                      A:03 X:15 Y:03 S:FB P:nVUBdIzC 
    $FFEB:CA        DEX                                                            A:03 X:15 Y:03 S:FB P:nVUBdIzC 
    $FFEC:D0 FD     BNE $FFEB                                                      A:03 X:14 Y:03 S:FB P:nVUBdIzC 
    $FFEB:CA        DEX                                                            A:03 X:14 Y:03 S:FB P:nVUBdIzC 
    $FFEC:D0 FD     BNE $FFEB                                                      A:03 X:13 Y:03 S:FB P:nVUBdIzC 
    $FFEB:CA        DEX                                                            A:03 X:13 Y:03 S:FB P:nVUBdIzC 
    $FFEC:D0 FD     BNE $FFEB                                                      A:03 X:12 Y:03 S:FB P:nVUBdIzC 
    $FFEB:CA        DEX                                                            A:03 X:12 Y:03 S:FB P:nVUBdIzC 
    $FFEC:D0 FD     BNE $FFEB                                                      A:03 X:11 Y:03 S:FB P:nVUBdIzC 
    $FFEB:CA        DEX                                                            A:03 X:11 Y:03 S:FB P:nVUBdIzC 
    $FFEC:D0 FD     BNE $FFEB                                                      A:03 X:10 Y:03 S:FB P:nVUBdIzC 
    $FFEB:CA        DEX                                                            A:03 X:10 Y:03 S:FB P:nVUBdIzC 
    $FFEC:D0 FD     BNE $FFEB                                                      A:03 X:0F Y:03 S:FB P:nVUBdIzC 
    $FFEB:CA        DEX                                                            A:03 X:0F Y:03 S:FB P:nVUBdIzC 
    $FFEC:D0 FD     BNE $FFEB                                                      A:03 X:0E Y:03 S:FB P:nVUBdIzC 
    $FFEB:CA        DEX                                                            A:03 X:0E Y:03 S:FB P:nVUBdIzC 
    $FFEC:D0 FD     BNE $FFEB                                                      A:03 X:0D Y:03 S:FB P:nVUBdIzC 
    $FFEB:CA        DEX                                                            A:03 X:0D Y:03 S:FB P:nVUBdIzC 
    $FFEC:D0 FD     BNE $FFEB                                                      A:03 X:0C Y:03 S:FB P:nVUBdIzC 
    $FFEB:CA        DEX                                                            A:03 X:0C Y:03 S:FB P:nVUBdIzC 
    $FFEC:D0 FD     BNE $FFEB                                                      A:03 X:0B Y:03 S:FB P:nVUBdIzC 
    $FFEB:CA        DEX                                                            A:03 X:0B Y:03 S:FB P:nVUBdIzC 
    $FFEC:D0 FD     BNE $FFEB                                                      A:03 X:0A Y:03 S:FB P:nVUBdIzC 
    $FFEB:CA        DEX                                                            A:03 X:0A Y:03 S:FB P:nVUBdIzC 
    $FFEC:D0 FD     BNE $FFEB                                                      A:03 X:09 Y:03 S:FB P:nVUBdIzC 
    $FFEB:CA        DEX                                                            A:03 X:09 Y:03 S:FB P:nVUBdIzC 
    $FFEC:D0 FD     BNE $FFEB                                                      A:03 X:08 Y:03 S:FB P:nVUBdIzC 
    $FFEB:CA        DEX                                                            A:03 X:08 Y:03 S:FB P:nVUBdIzC 
    $FFEC:D0 FD     BNE $FFEB                                                      A:03 X:07 Y:03 S:FB P:nVUBdIzC 
    $FFEB:CA        DEX                                                            A:03 X:07 Y:03 S:FB P:nVUBdIzC 
    $FFEC:D0 FD     BNE $FFEB                                                      A:03 X:06 Y:03 S:FB P:nVUBdIzC 
    $FFEB:CA        DEX                                                            A:03 X:06 Y:03 S:FB P:nVUBdIzC 
    $FFEC:D0 FD     BNE $FFEB                                                      A:03 X:05 Y:03 S:FB P:nVUBdIzC 
    $FFEB:CA        DEX                                                            A:03 X:05 Y:03 S:FB P:nVUBdIzC 
    $FFEC:D0 FD     BNE $FFEB                                                      A:03 X:04 Y:03 S:FB P:nVUBdIzC 
    $FFEB:CA        DEX                                                            A:03 X:04 Y:03 S:FB P:nVUBdIzC 
    $FFEC:D0 FD     BNE $FFEB                                                      A:03 X:03 Y:03 S:FB P:nVUBdIzC 
    $FFEB:CA        DEX                                                            A:03 X:03 Y:03 S:FB P:nVUBdIzC 
    $FFEC:D0 FD     BNE $FFEB                                                      A:03 X:02 Y:03 S:FB P:nVUBdIzC 
    $FFEB:CA        DEX                                                            A:03 X:02 Y:03 S:FB P:nVUBdIzC 
    $FFEC:D0 FD     BNE $FFEB                                                      A:03 X:01 Y:03 S:FB P:nVUBdIzC 
    $FFEB:CA        DEX                                                            A:03 X:01 Y:03 S:FB P:nVUBdIzC 
    $FFEC:D0 FD     BNE $FFEB                                                      A:03 X:00 Y:03 S:FB P:nVUBdIZC 
    $FFEE:88        DEY                                                            A:03 X:00 Y:03 S:FB P:nVUBdIZC 
    $FFEF:D0 FA     BNE $FFEB                                                      A:03 X:00 Y:02 S:FB P:nVUBdIzC 
    $FFEB:CA        DEX                                                            A:03 X:00 Y:02 S:FB P:nVUBdIzC 
    $FFEC:D0 FD     BNE $FFEB                                                      A:03 X:FF Y:02 S:FB P:NVUBdIzC 
    $FFEB:CA        DEX                                                            A:03 X:FF Y:02 S:FB P:NVUBdIzC 
    $FFEC:D0 FD     BNE $FFEB                                                      A:03 X:FE Y:02 S:FB P:NVUBdIzC 
    $FFEB:CA        DEX                                                            A:03 X:FE Y:02 S:FB P:NVUBdIzC 
    $FFEC:D0 FD     BNE $FFEB                                                      A:03 X:FD Y:02 S:FB P:NVUBdIzC 
    $FFEB:CA        DEX                                                            A:03 X:FD Y:02 S:FB P:NVUBdIzC 
    $FFEC:D0 FD     BNE $FFEB                                                      A:03 X:FC Y:02 S:FB P:NVUBdIzC 
    $FFEB:CA        DEX                                                            A:03 X:FC Y:02 S:FB P:NVUBdIzC 
    $FFEC:D0 FD     BNE $FFEB                                                      A:03 X:FB Y:02 S:FB P:NVUBdIzC 
    $FFEB:CA        DEX                                                            A:03 X:FB Y:02 S:FB P:NVUBdIzC 
    $FFEC:D0 FD     BNE $FFEB                                                      A:03 X:FA Y:02 S:FB P:NVUBdIzC 
    $FFEB:CA        DEX                                                            A:03 X:FA Y:02 S:FB P:NVUBdIzC 
    $FFEC:D0 FD     BNE $FFEB                                                      A:03 X:F9 Y:02 S:FB P:NVUBdIzC 
    $FFEB:CA        DEX                                                            A:03 X:F9 Y:02 S:FB P:NVUBdIzC 
    $FFEC:D0 FD     BNE $FFEB                                                      A:03 X:F8 Y:02 S:FB P:NVUBdIzC 
    $FFEB:CA        DEX                                                            A:03 X:F8 Y:02 S:FB P:NVUBdIzC 
    $FFEC:D0 FD     BNE $FFEB                                                      A:03 X:F7 Y:02 S:FB P:NVUBdIzC 
    $FFEB:CA        DEX                                                            A:03 X:F7 Y:02 S:FB P:NVUBdIzC 
    $FFEC:D0 FD     BNE $FFEB                                                      A:03 X:F6 Y:02 S:FB P:NVUBdIzC 
    $FFEB:CA        DEX                                                            A:03 X:F6 Y:02 S:FB P:NVUBdIzC 
    $FFEC:D0 FD     BNE $FFEB                                                      A:03 X:F5 Y:02 S:FB P:NVUBdIzC 
    $FFEB:CA        DEX                                                            A:03 X:F5 Y:02 S:FB P:NVUBdIzC 
    $FFEC:D0 FD     BNE $FFEB                                                      A:03 X:F4 Y:02 S:FB P:NVUBdIzC 
    $FFEB:CA        DEX                                                            A:03 X:F4 Y:02 S:FB P:NVUBdIzC 
    $FFEC:D0 FD     BNE $FFEB                                                      A:03 X:F3 Y:02 S:FB P:NVUBdIzC 
    $FFEB:CA        DEX                                                            A:03 X:F3 Y:02 S:FB P:NVUBdIzC 
    $FFEC:D0 FD     BNE $FFEB                                                      A:03 X:F2 Y:02 S:FB P:NVUBdIzC 
    $FFEB:CA        DEX                                                            A:03 X:F2 Y:02 S:FB P:NVUBdIzC 
    $FFEC:D0 FD     BNE $FFEB                                                      A:03 X:F1 Y:02 S:FB P:NVUBdIzC 
    $FFEB:CA        DEX                                                            A:03 X:F1 Y:02 S:FB P:NVUBdIzC 
    $FFEC:D0 FD     BNE $FFEB                                                      A:03 X:F0 Y:02 S:FB P:NVUBdIzC 
    $FFEB:CA        DEX                                                            A:03 X:F0 Y:02 S:FB P:NVUBdIzC 
    $FFEC:D0 FD     BNE $FFEB                                                      A:03 X:EF Y:02 S:FB P:NVUBdIzC 
    $FFEB:CA        DEX                                                            A:03 X:EF Y:02 S:FB P:NVUBdIzC 
    $FFEC:D0 FD     BNE $FFEB                                                      A:03 X:EE Y:02 S:FB P:NVUBdIzC 
    $FFEB:CA        DEX                                                            A:03 X:EE Y:02 S:FB P:NVUBdIzC 
    $FFEC:D0 FD     BNE $FFEB                                                      A:03 X:ED Y:02 S:FB P:NVUBdIzC 
    $FFEB:CA        DEX                                                            A:03 X:ED Y:02 S:FB P:NVUBdIzC 
    $FFEC:D0 FD     BNE $FFEB                                                      A:03 X:EC Y:02 S:FB P:NVUBdIzC 
    $FFEB:CA        DEX                                                            A:03 X:EC Y:02 S:FB P:NVUBdIzC 
    $FFEC:D0 FD     BNE $FFEB                                                      A:03 X:EB Y:02 S:FB P:NVUBdIzC 
    $FFEB:CA        DEX                                                            A:03 X:EB Y:02 S:FB P:NVUBdIzC 
    $FFEC:D0 FD     BNE $FFEB                                                      A:03 X:EA Y:02 S:FB P:NVUBdIzC 
    $FFEB:CA        DEX                                                            A:03 X:EA Y:02 S:FB P:NVUBdIzC 
    $FFEC:D0 FD     BNE $FFEB                                                      A:03 X:E9 Y:02 S:FB P:NVUBdIzC 
    $FFEB:CA        DEX                                                            A:03 X:E9 Y:02 S:FB P:NVUBdIzC 
    $FFEC:D0 FD     BNE $FFEB                                                      A:03 X:E8 Y:02 S:FB P:NVUBdIzC 
    $FFEB:CA        DEX                                                            A:03 X:E8 Y:02 S:FB P:NVUBdIzC 
    $FFEC:D0 FD     BNE $FFEB                                                      A:03 X:E7 Y:02 S:FB P:NVUBdIzC 
    $FFEB:CA        DEX                                                            A:03 X:E7 Y:02 S:FB P:NVUBdIzC 
    $FFEC:D0 FD     BNE $FFEB                                                      A:03 X:E6 Y:02 S:FB P:NVUBdIzC 
    $FFEB:CA        DEX                                                            A:03 X:E6 Y:02 S:FB P:NVUBdIzC 
    $FFEC:D0 FD     BNE $FFEB                                                      A:03 X:E5 Y:02 S:FB P:NVUBdIzC 
    $FFEB:CA        DEX                                                            A:03 X:E5 Y:02 S:FB P:NVUBdIzC 
    $FFEC:D0 FD     BNE $FFEB                                                      A:03 X:E4 Y:02 S:FB P:NVUBdIzC 
    $FFEB:CA        DEX                                                            A:03 X:E4 Y:02 S:FB P:NVUBdIzC 
    $FFEC:D0 FD     BNE $FFEB                                                      A:03 X:E3 Y:02 S:FB P:NVUBdIzC 
    $FFEB:CA        DEX                                                            A:03 X:E3 Y:02 S:FB P:NVUBdIzC 
    $FFEC:D0 FD     BNE $FFEB                                                      A:03 X:E2 Y:02 S:FB P:NVUBdIzC 
    $FFEB:CA        DEX                                                            A:03 X:E2 Y:02 S:FB P:NVUBdIzC 
    $FFEC:D0 FD     BNE $FFEB                                                      A:03 X:E1 Y:02 S:FB P:NVUBdIzC 
    $FFEB:CA        DEX                                                            A:03 X:E1 Y:02 S:FB P:NVUBdIzC 
    $FFEC:D0 FD     BNE $FFEB                                                      A:03 X:E0 Y:02 S:FB P:NVUBdIzC 
    $FFEB:CA        DEX                                                            A:03 X:E0 Y:02 S:FB P:NVUBdIzC 
    $FFEC:D0 FD     BNE $FFEB                                                      A:03 X:DF Y:02 S:FB P:NVUBdIzC 
    $FFEB:CA        DEX                                                            A:03 X:DF Y:02 S:FB P:NVUBdIzC 
    $FFEC:D0 FD     BNE $FFEB                                                      A:03 X:DE Y:02 S:FB P:NVUBdIzC 
    $FFEB:CA        DEX                                                            A:03 X:DE Y:02 S:FB P:NVUBdIzC 
    $FFEC:D0 FD     BNE $FFEB                                                      A:03 X:DD Y:02 S:FB P:NVUBdIzC 
    $FFEB:CA        DEX                                                            A:03 X:DD Y:02 S:FB P:NVUBdIzC 
    $FFEC:D0 FD     BNE $FFEB                                                      A:03 X:DC Y:02 S:FB P:NVUBdIzC 
    $FFEB:CA        DEX                                                            A:03 X:DC Y:02 S:FB P:NVUBdIzC 
    $FFEC:D0 FD     BNE $FFEB                                                      A:03 X:DB Y:02 S:FB P:NVUBdIzC 
    $FFEB:CA        DEX                                                            A:03 X:DB Y:02 S:FB P:NVUBdIzC 
    $FFEC:D0 FD     BNE $FFEB                                                      A:03 X:DA Y:02 S:FB P:NVUBdIzC 
    $FFEB:CA        DEX                                                            A:03 X:DA Y:02 S:FB P:NVUBdIzC 
    $FFEC:D0 FD     BNE $FFEB                                                      A:03 X:D9 Y:02 S:FB P:NVUBdIzC 
    $FFEB:CA        DEX                                                            A:03 X:D9 Y:02 S:FB P:NVUBdIzC 
    $FFEC:D0 FD     BNE $FFEB                                                      A:03 X:D8 Y:02 S:FB P:NVUBdIzC 
    $FFEB:CA        DEX                                                            A:03 X:D8 Y:02 S:FB P:NVUBdIzC 
    $FFEC:D0 FD     BNE $FFEB                                                      A:03 X:D7 Y:02 S:FB P:NVUBdIzC 
    $FFEB:CA        DEX                                                            A:03 X:D7 Y:02 S:FB P:NVUBdIzC 
    $FFEC:D0 FD     BNE $FFEB                                                      A:03 X:D6 Y:02 S:FB P:NVUBdIzC 
    $FFEB:CA        DEX                                                            A:03 X:D6 Y:02 S:FB P:NVUBdIzC 
    $FFEC:D0 FD     BNE $FFEB                                                      A:03 X:D5 Y:02 S:FB P:NVUBdIzC 
    $FFEB:CA        DEX                                                            A:03 X:D5 Y:02 S:FB P:NVUBdIzC 
    $FFEC:D0 FD     BNE $FFEB                                                      A:03 X:D4 Y:02 S:FB P:NVUBdIzC 
    $FFEB:CA        DEX                                                            A:03 X:D4 Y:02 S:FB P:NVUBdIzC 
    $FFEC:D0 FD     BNE $FFEB                                                      A:03 X:D3 Y:02 S:FB P:NVUBdIzC 
    $FFEB:CA        DEX                                                            A:03 X:D3 Y:02 S:FB P:NVUBdIzC 
    $FFEC:D0 FD     BNE $FFEB                                                      A:03 X:D2 Y:02 S:FB P:NVUBdIzC 
    $FFEB:CA        DEX                                                            A:03 X:D2 Y:02 S:FB P:NVUBdIzC 
    $FFEC:D0 FD     BNE $FFEB                                                      A:03 X:D1 Y:02 S:FB P:NVUBdIzC 
    $FFEB:CA        DEX                                                            A:03 X:D1 Y:02 S:FB P:NVUBdIzC 
    $FFEC:D0 FD     BNE $FFEB                                                      A:03 X:D0 Y:02 S:FB P:NVUBdIzC 
    $FFEB:CA        DEX                                                            A:03 X:D0 Y:02 S:FB P:NVUBdIzC 
    $FFEC:D0 FD     BNE $FFEB                                                      A:03 X:CF Y:02 S:FB P:NVUBdIzC 
    $FFEB:CA        DEX                                                            A:03 X:CF Y:02 S:FB P:NVUBdIzC 
    $FFEC:D0 FD     BNE $FFEB                                                      A:03 X:CE Y:02 S:FB P:NVUBdIzC 
    $FFEB:CA        DEX                                                            A:03 X:CE Y:02 S:FB P:NVUBdIzC 
    $FFEC:D0 FD     BNE $FFEB                                                      A:03 X:CD Y:02 S:FB P:NVUBdIzC 
    $FFEB:CA        DEX                                                            A:03 X:CD Y:02 S:FB P:NVUBdIzC 
    $FFEC:D0 FD     BNE $FFEB                                                      A:03 X:CC Y:02 S:FB P:NVUBdIzC 
    $FFEB:CA        DEX                                                            A:03 X:CC Y:02 S:FB P:NVUBdIzC 
    $FFEC:D0 FD     BNE $FFEB                                                      A:03 X:CB Y:02 S:FB P:NVUBdIzC 
    $FFEB:CA        DEX                                                            A:03 X:CB Y:02 S:FB P:NVUBdIzC 
    $FFEC:D0 FD     BNE $FFEB                                                      A:03 X:CA Y:02 S:FB P:NVUBdIzC 
    $FFEB:CA        DEX                                                            A:03 X:CA Y:02 S:FB P:NVUBdIzC 
    $FFEC:D0 FD     BNE $FFEB                                                      A:03 X:C9 Y:02 S:FB P:NVUBdIzC 
    $FFEB:CA        DEX                                                            A:03 X:C9 Y:02 S:FB P:NVUBdIzC 
    $FFEC:D0 FD     BNE $FFEB                                                      A:03 X:C8 Y:02 S:FB P:NVUBdIzC 
    $FFEB:CA        DEX                                                            A:03 X:C8 Y:02 S:FB P:NVUBdIzC 
    $FFEC:D0 FD     BNE $FFEB                                                      A:03 X:C7 Y:02 S:FB P:NVUBdIzC 
    $FFEB:CA        DEX                                                            A:03 X:C7 Y:02 S:FB P:NVUBdIzC 
    $FFEC:D0 FD     BNE $FFEB                                                      A:03 X:C6 Y:02 S:FB P:NVUBdIzC 
    $FFEB:CA        DEX                                                            A:03 X:C6 Y:02 S:FB P:NVUBdIzC 
    $FFEC:D0 FD     BNE $FFEB                                                      A:03 X:C5 Y:02 S:FB P:NVUBdIzC 
    $FFEB:CA        DEX                                                            A:03 X:C5 Y:02 S:FB P:NVUBdIzC 
    $FFEC:D0 FD     BNE $FFEB                                                      A:03 X:C4 Y:02 S:FB P:NVUBdIzC 
    $FFEB:CA        DEX                                                            A:03 X:C4 Y:02 S:FB P:NVUBdIzC 
    $FFEC:D0 FD     BNE $FFEB                                                      A:03 X:C3 Y:02 S:FB P:NVUBdIzC 
    $FFEB:CA        DEX                                                            A:03 X:C3 Y:02 S:FB P:NVUBdIzC 
    $FFEC:D0 FD     BNE $FFEB                                                      A:03 X:C2 Y:02 S:FB P:NVUBdIzC 
    $FFEB:CA        DEX                                                            A:03 X:C2 Y:02 S:FB P:NVUBdIzC 
    $FFEC:D0 FD     BNE $FFEB                                                      A:03 X:C1 Y:02 S:FB P:NVUBdIzC 
    $FFEB:CA        DEX                                                            A:03 X:C1 Y:02 S:FB P:NVUBdIzC 
    $FFEC:D0 FD     BNE $FFEB                                                      A:03 X:C0 Y:02 S:FB P:NVUBdIzC 
    $FFEB:CA        DEX                                                            A:03 X:C0 Y:02 S:FB P:NVUBdIzC 
    $FFEC:D0 FD     BNE $FFEB                                                      A:03 X:BF Y:02 S:FB P:NVUBdIzC 
    $FFEB:CA        DEX                                                            A:03 X:BF Y:02 S:FB P:NVUBdIzC 
    $FFEC:D0 FD     BNE $FFEB                                                      A:03 X:BE Y:02 S:FB P:NVUBdIzC 
    $FFEB:CA        DEX                                                            A:03 X:BE Y:02 S:FB P:NVUBdIzC 
    $FFEC:D0 FD     BNE $FFEB                                                      A:03 X:BD Y:02 S:FB P:NVUBdIzC 
    $FFEB:CA        DEX                                                            A:03 X:BD Y:02 S:FB P:NVUBdIzC 
    $FFEC:D0 FD     BNE $FFEB                                                      A:03 X:BC Y:02 S:FB P:NVUBdIzC 
    $FFEB:CA        DEX                                                            A:03 X:BC Y:02 S:FB P:NVUBdIzC 
    $FFEC:D0 FD     BNE $FFEB                                                      A:03 X:BB Y:02 S:FB P:NVUBdIzC 
    $FFEB:CA        DEX                                                            A:03 X:BB Y:02 S:FB P:NVUBdIzC 
    $FFEC:D0 FD     BNE $FFEB                                                      A:03 X:BA Y:02 S:FB P:NVUBdIzC 
    $FFEB:CA        DEX                                                            A:03 X:BA Y:02 S:FB P:NVUBdIzC 
    $FFEC:D0 FD     BNE $FFEB                                                      A:03 X:B9 Y:02 S:FB P:NVUBdIzC 
    $FFEB:CA        DEX                                                            A:03 X:B9 Y:02 S:FB P:NVUBdIzC 
    $FFEC:D0 FD     BNE $FFEB                                                      A:03 X:B8 Y:02 S:FB P:NVUBdIzC 
    $FFEB:CA        DEX                                                            A:03 X:B8 Y:02 S:FB P:NVUBdIzC 
    $FFEC:D0 FD     BNE $FFEB                                                      A:03 X:B7 Y:02 S:FB P:NVUBdIzC 
    $FFEB:CA        DEX                                                            A:03 X:B7 Y:02 S:FB P:NVUBdIzC 
    $FFEC:D0 FD     BNE $FFEB                                                      A:03 X:B6 Y:02 S:FB P:NVUBdIzC 
    $FFEB:CA        DEX                                                            A:03 X:B6 Y:02 S:FB P:NVUBdIzC 
    $FFEC:D0 FD     BNE $FFEB                                                      A:03 X:B5 Y:02 S:FB P:NVUBdIzC 
    $FFEB:CA        DEX                                                            A:03 X:B5 Y:02 S:FB P:NVUBdIzC 
    $FFEC:D0 FD     BNE $FFEB                                                      A:03 X:B4 Y:02 S:FB P:NVUBdIzC 
    $FFEB:CA        DEX                                                            A:03 X:B4 Y:02 S:FB P:NVUBdIzC 
    $FFEC:D0 FD     BNE $FFEB                                                      A:03 X:B3 Y:02 S:FB P:NVUBdIzC 
    $FFEB:CA        DEX                                                            A:03 X:B3 Y:02 S:FB P:NVUBdIzC 
    $FFEC:D0 FD     BNE $FFEB                                                      A:03 X:B2 Y:02 S:FB P:NVUBdIzC 
    $FFEB:CA        DEX                                                            A:03 X:B2 Y:02 S:FB P:NVUBdIzC 
    $FFEC:D0 FD     BNE $FFEB                                                      A:03 X:B1 Y:02 S:FB P:NVUBdIzC 
    $FFEB:CA        DEX                                                            A:03 X:B1 Y:02 S:FB P:NVUBdIzC 
    $FFEC:D0 FD     BNE $FFEB                                                      A:03 X:B0 Y:02 S:FB P:NVUBdIzC 
    $FFEB:CA        DEX                                                            A:03 X:B0 Y:02 S:FB P:NVUBdIzC 
    $FFEC:D0 FD     BNE $FFEB                                                      A:03 X:AF Y:02 S:FB P:NVUBdIzC 
    $FFEB:CA        DEX                                                            A:03 X:AF Y:02 S:FB P:NVUBdIzC 
    $FFEC:D0 FD     BNE $FFEB                                                      A:03 X:AE Y:02 S:FB P:NVUBdIzC 
    $FFEB:CA        DEX                                                            A:03 X:AE Y:02 S:FB P:NVUBdIzC 
    $FFEC:D0 FD     BNE $FFEB                                                      A:03 X:AD Y:02 S:FB P:NVUBdIzC 
    $FFEB:CA        DEX                                                            A:03 X:AD Y:02 S:FB P:NVUBdIzC 
    $FFEC:D0 FD     BNE $FFEB                                                      A:03 X:AC Y:02 S:FB P:NVUBdIzC 
    $FFEB:CA        DEX                                                            A:03 X:AC Y:02 S:FB P:NVUBdIzC 
    $FFEC:D0 FD     BNE $FFEB                                                      A:03 X:AB Y:02 S:FB P:NVUBdIzC 
    $FFEB:CA        DEX                                                            A:03 X:AB Y:02 S:FB P:NVUBdIzC 
    $FFEC:D0 FD     BNE $FFEB                                                      A:03 X:AA Y:02 S:FB P:NVUBdIzC 
    $FFEB:CA        DEX                                                            A:03 X:AA Y:02 S:FB P:NVUBdIzC 
    $FFEC:D0 FD     BNE $FFEB                                                      A:03 X:A9 Y:02 S:FB P:NVUBdIzC 
    $FFEB:CA        DEX                                                            A:03 X:A9 Y:02 S:FB P:NVUBdIzC 
    $FFEC:D0 FD     BNE $FFEB                                                      A:03 X:A8 Y:02 S:FB P:NVUBdIzC 
    $FFEB:CA        DEX                                                            A:03 X:A8 Y:02 S:FB P:NVUBdIzC 
    $FFEC:D0 FD     BNE $FFEB                                                      A:03 X:A7 Y:02 S:FB P:NVUBdIzC 
    $FFEB:CA        DEX                                                            A:03 X:A7 Y:02 S:FB P:NVUBdIzC 
    $FFEC:D0 FD     BNE $FFEB                                                      A:03 X:A6 Y:02 S:FB P:NVUBdIzC 
    $FFEB:CA        DEX                                                            A:03 X:A6 Y:02 S:FB P:NVUBdIzC 
    $FFEC:D0 FD     BNE $FFEB                                                      A:03 X:A5 Y:02 S:FB P:NVUBdIzC 
    $FFEB:CA        DEX                                                            A:03 X:A5 Y:02 S:FB P:NVUBdIzC 
    $FFEC:D0 FD     BNE $FFEB                                                      A:03 X:A4 Y:02 S:FB P:NVUBdIzC 
    $FFEB:CA        DEX                                                            A:03 X:A4 Y:02 S:FB P:NVUBdIzC 
    $FFEC:D0 FD     BNE $FFEB                                                      A:03 X:A3 Y:02 S:FB P:NVUBdIzC 
    $FFEB:CA        DEX                                                            A:03 X:A3 Y:02 S:FB P:NVUBdIzC 
    $FFEC:D0 FD     BNE $FFEB                                                      A:03 X:A2 Y:02 S:FB P:NVUBdIzC 
    $FFEB:CA        DEX                                                            A:03 X:A2 Y:02 S:FB P:NVUBdIzC 
    $FFEC:D0 FD     BNE $FFEB                                                      A:03 X:A1 Y:02 S:FB P:NVUBdIzC 
    $FFEB:CA        DEX                                                            A:03 X:A1 Y:02 S:FB P:NVUBdIzC 
    $FFEC:D0 FD     BNE $FFEB                                                      A:03 X:A0 Y:02 S:FB P:NVUBdIzC 
    $FFEB:CA        DEX                                                            A:03 X:A0 Y:02 S:FB P:NVUBdIzC 
    $FFEC:D0 FD     BNE $FFEB                                                      A:03 X:9F Y:02 S:FB P:NVUBdIzC 
    $FFEB:CA        DEX                                                            A:03 X:9F Y:02 S:FB P:NVUBdIzC 
    $FFEC:D0 FD     BNE $FFEB                                                      A:03 X:9E Y:02 S:FB P:NVUBdIzC 
    $FFEB:CA        DEX                                                            A:03 X:9E Y:02 S:FB P:NVUBdIzC 
    $FFEC:D0 FD     BNE $FFEB                                                      A:03 X:9D Y:02 S:FB P:NVUBdIzC 
    $FFEB:CA        DEX                                                            A:03 X:9D Y:02 S:FB P:NVUBdIzC 
    $FFEC:D0 FD     BNE $FFEB                                                      A:03 X:9C Y:02 S:FB P:NVUBdIzC 
    $FFEB:CA        DEX                                                            A:03 X:9C Y:02 S:FB P:NVUBdIzC 
    $FFEC:D0 FD     BNE $FFEB                                                      A:03 X:9B Y:02 S:FB P:NVUBdIzC 
    $FFEB:CA        DEX                                                            A:03 X:9B Y:02 S:FB P:NVUBdIzC 
    $FFEC:D0 FD     BNE $FFEB                                                      A:03 X:9A Y:02 S:FB P:NVUBdIzC 
    $FFEB:CA        DEX                                                            A:03 X:9A Y:02 S:FB P:NVUBdIzC 
    $FFEC:D0 FD     BNE $FFEB                                                      A:03 X:99 Y:02 S:FB P:NVUBdIzC 
    $FFEB:CA        DEX                                                            A:03 X:99 Y:02 S:FB P:NVUBdIzC 
    $FFEC:D0 FD     BNE $FFEB                                                      A:03 X:98 Y:02 S:FB P:NVUBdIzC 
    $FFEB:CA        DEX                                                            A:03 X:98 Y:02 S:FB P:NVUBdIzC 
    $FFEC:D0 FD     BNE $FFEB                                                      A:03 X:97 Y:02 S:FB P:NVUBdIzC 
    $FFEB:CA        DEX                                                            A:03 X:97 Y:02 S:FB P:NVUBdIzC 
    $FFEC:D0 FD     BNE $FFEB                                                      A:03 X:96 Y:02 S:FB P:NVUBdIzC 
    $FFEB:CA        DEX                                                            A:03 X:96 Y:02 S:FB P:NVUBdIzC 
    $FFEC:D0 FD     BNE $FFEB                                                      A:03 X:95 Y:02 S:FB P:NVUBdIzC 
    $FFEB:CA        DEX                                                            A:03 X:95 Y:02 S:FB P:NVUBdIzC 
    $FFEC:D0 FD     BNE $FFEB                                                      A:03 X:94 Y:02 S:FB P:NVUBdIzC 
    $FFEB:CA        DEX                                                            A:03 X:94 Y:02 S:FB P:NVUBdIzC 
    $FFEC:D0 FD     BNE $FFEB                                                      A:03 X:93 Y:02 S:FB P:NVUBdIzC 
    $FFEB:CA        DEX                                                            A:03 X:93 Y:02 S:FB P:NVUBdIzC 
    $FFEC:D0 FD     BNE $FFEB                                                      A:03 X:92 Y:02 S:FB P:NVUBdIzC 
    $FFEB:CA        DEX                                                            A:03 X:92 Y:02 S:FB P:NVUBdIzC 
    $FFEC:D0 FD     BNE $FFEB                                                      A:03 X:91 Y:02 S:FB P:NVUBdIzC 
    $FFEB:CA        DEX                                                            A:03 X:91 Y:02 S:FB P:NVUBdIzC 
    $FFEC:D0 FD     BNE $FFEB                                                      A:03 X:90 Y:02 S:FB P:NVUBdIzC 
    $FFEB:CA        DEX                                                            A:03 X:90 Y:02 S:FB P:NVUBdIzC 
    $FFEC:D0 FD     BNE $FFEB                                                      A:03 X:8F Y:02 S:FB P:NVUBdIzC 
    $FFEB:CA        DEX                                                            A:03 X:8F Y:02 S:FB P:NVUBdIzC 
    $FFEC:D0 FD     BNE $FFEB                                                      A:03 X:8E Y:02 S:FB P:NVUBdIzC 
    $FFEB:CA        DEX                                                            A:03 X:8E Y:02 S:FB P:NVUBdIzC 
    $FFEC:D0 FD     BNE $FFEB                                                      A:03 X:8D Y:02 S:FB P:NVUBdIzC 
    $FFEB:CA        DEX                                                            A:03 X:8D Y:02 S:FB P:NVUBdIzC 
    $FFEC:D0 FD     BNE $FFEB                                                      A:03 X:8C Y:02 S:FB P:NVUBdIzC 
    $FFEB:CA        DEX                                                            A:03 X:8C Y:02 S:FB P:NVUBdIzC 
    $FFEC:D0 FD     BNE $FFEB                                                      A:03 X:8B Y:02 S:FB P:NVUBdIzC 
    $FFEB:CA        DEX                                                            A:03 X:8B Y:02 S:FB P:NVUBdIzC 
    $FFEC:D0 FD     BNE $FFEB                                                      A:03 X:8A Y:02 S:FB P:NVUBdIzC 
    $FFEB:CA        DEX                                                            A:03 X:8A Y:02 S:FB P:NVUBdIzC 
    $FFEC:D0 FD     BNE $FFEB                                                      A:03 X:89 Y:02 S:FB P:NVUBdIzC 
    $FFEB:CA        DEX                                                            A:03 X:89 Y:02 S:FB P:NVUBdIzC 
    $FFEC:D0 FD     BNE $FFEB                                                      A:03 X:88 Y:02 S:FB P:NVUBdIzC 
    $FFEB:CA        DEX                                                            A:03 X:88 Y:02 S:FB P:NVUBdIzC 
    $FFEC:D0 FD     BNE $FFEB                                                      A:03 X:87 Y:02 S:FB P:NVUBdIzC 
    $FFEB:CA        DEX                                                            A:03 X:87 Y:02 S:FB P:NVUBdIzC 
    $FFEC:D0 FD     BNE $FFEB                                                      A:03 X:86 Y:02 S:FB P:NVUBdIzC 
    $FFEB:CA        DEX                                                            A:03 X:86 Y:02 S:FB P:NVUBdIzC 
    $FFEC:D0 FD     BNE $FFEB                                                      A:03 X:85 Y:02 S:FB P:NVUBdIzC 
    $FFEB:CA        DEX                                                            A:03 X:85 Y:02 S:FB P:NVUBdIzC 
    $FFEC:D0 FD     BNE $FFEB                                                      A:03 X:84 Y:02 S:FB P:NVUBdIzC 
    $FFEB:CA        DEX                                                            A:03 X:84 Y:02 S:FB P:NVUBdIzC 
    $FFEC:D0 FD     BNE $FFEB                                                      A:03 X:83 Y:02 S:FB P:NVUBdIzC 
    $FFEB:CA        DEX                                                            A:03 X:83 Y:02 S:FB P:NVUBdIzC 
    $FFEC:D0 FD     BNE $FFEB                                                      A:03 X:82 Y:02 S:FB P:NVUBdIzC 
    $FFEB:CA        DEX                                                            A:03 X:82 Y:02 S:FB P:NVUBdIzC 
    $FFEC:D0 FD     BNE $FFEB                                                      A:03 X:81 Y:02 S:FB P:NVUBdIzC 
    $FFEB:CA        DEX                                                            A:03 X:81 Y:02 S:FB P:NVUBdIzC 
    $FFEC:D0 FD     BNE $FFEB                                                      A:03 X:80 Y:02 S:FB P:NVUBdIzC 
    $FFEB:CA        DEX                                                            A:03 X:80 Y:02 S:FB P:NVUBdIzC 
    $FFEC:D0 FD     BNE $FFEB                                                      A:03 X:7F Y:02 S:FB P:nVUBdIzC 
    $FFEB:CA        DEX                                                            A:03 X:7F Y:02 S:FB P:nVUBdIzC 
    $FFEC:D0 FD     BNE $FFEB                                                      A:03 X:7E Y:02 S:FB P:nVUBdIzC 
    $FFEB:CA        DEX                                                            A:03 X:7E Y:02 S:FB P:nVUBdIzC 
    $FFEC:D0 FD     BNE $FFEB                                                      A:03 X:7D Y:02 S:FB P:nVUBdIzC 
    $FFEB:CA        DEX                                                            A:03 X:7D Y:02 S:FB P:nVUBdIzC 
    $FFEC:D0 FD     BNE $FFEB                                                      A:03 X:7C Y:02 S:FB P:nVUBdIzC 
    $FFEB:CA        DEX                                                            A:03 X:7C Y:02 S:FB P:nVUBdIzC 
    $FFEC:D0 FD     BNE $FFEB                                                      A:03 X:7B Y:02 S:FB P:nVUBdIzC 
    $FFEB:CA        DEX                                                            A:03 X:7B Y:02 S:FB P:nVUBdIzC 
    $FFEC:D0 FD     BNE $FFEB                                                      A:03 X:7A Y:02 S:FB P:nVUBdIzC 
    $FFEB:CA        DEX                                                            A:03 X:7A Y:02 S:FB P:nVUBdIzC 
    $FFEC:D0 FD     BNE $FFEB                                                      A:03 X:79 Y:02 S:FB P:nVUBdIzC 
    $FFEB:CA        DEX                                                            A:03 X:79 Y:02 S:FB P:nVUBdIzC 
    $FFEC:D0 FD     BNE $FFEB                                                      A:03 X:78 Y:02 S:FB P:nVUBdIzC 
    $FFEB:CA        DEX                                                            A:03 X:78 Y:02 S:FB P:nVUBdIzC 
    $FFEC:D0 FD     BNE $FFEB                                                      A:03 X:77 Y:02 S:FB P:nVUBdIzC 
    $FFEB:CA        DEX                                                            A:03 X:77 Y:02 S:FB P:nVUBdIzC 
    $FFEC:D0 FD     BNE $FFEB                                                      A:03 X:76 Y:02 S:FB P:nVUBdIzC 
    $FFEB:CA        DEX                                                            A:03 X:76 Y:02 S:FB P:nVUBdIzC 
    $FFEC:D0 FD     BNE $FFEB                                                      A:03 X:75 Y:02 S:FB P:nVUBdIzC 
    $FFEB:CA        DEX                                                            A:03 X:75 Y:02 S:FB P:nVUBdIzC 
    $FFEC:D0 FD     BNE $FFEB                                                      A:03 X:74 Y:02 S:FB P:nVUBdIzC 
    $FFEB:CA        DEX                                                            A:03 X:74 Y:02 S:FB P:nVUBdIzC 
    $FFEC:D0 FD     BNE $FFEB                                                      A:03 X:73 Y:02 S:FB P:nVUBdIzC 
    $FFEB:CA        DEX                                                            A:03 X:73 Y:02 S:FB P:nVUBdIzC 
    $FFEC:D0 FD     BNE $FFEB                                                      A:03 X:72 Y:02 S:FB P:nVUBdIzC 
    $FFEB:CA        DEX                                                            A:03 X:72 Y:02 S:FB P:nVUBdIzC 
    $FFEC:D0 FD     BNE $FFEB                                                      A:03 X:71 Y:02 S:FB P:nVUBdIzC 
    $FFEB:CA        DEX                                                            A:03 X:71 Y:02 S:FB P:nVUBdIzC 
    $FFEC:D0 FD     BNE $FFEB                                                      A:03 X:70 Y:02 S:FB P:nVUBdIzC 
    $FFEB:CA        DEX                                                            A:03 X:70 Y:02 S:FB P:nVUBdIzC 
    $FFEC:D0 FD     BNE $FFEB                                                      A:03 X:6F Y:02 S:FB P:nVUBdIzC 
    $FFEB:CA        DEX                                                            A:03 X:6F Y:02 S:FB P:nVUBdIzC 
    $FFEC:D0 FD     BNE $FFEB                                                      A:03 X:6E Y:02 S:FB P:nVUBdIzC 
    $FFEB:CA        DEX                                                            A:03 X:6E Y:02 S:FB P:nVUBdIzC 
    $FFEC:D0 FD     BNE $FFEB                                                      A:03 X:6D Y:02 S:FB P:nVUBdIzC 
    $FFEB:CA        DEX                                                            A:03 X:6D Y:02 S:FB P:nVUBdIzC 
    $FFEC:D0 FD     BNE $FFEB                                                      A:03 X:6C Y:02 S:FB P:nVUBdIzC 
    $FFEB:CA        DEX                                                            A:03 X:6C Y:02 S:FB P:nVUBdIzC 
    $FFEC:D0 FD     BNE $FFEB                                                      A:03 X:6B Y:02 S:FB P:nVUBdIzC 
    $FFEB:CA        DEX                                                            A:03 X:6B Y:02 S:FB P:nVUBdIzC 
    $FFEC:D0 FD     BNE $FFEB                                                      A:03 X:6A Y:02 S:FB P:nVUBdIzC 
    $FFEB:CA        DEX                                                            A:03 X:6A Y:02 S:FB P:nVUBdIzC 
    $FFEC:D0 FD     BNE $FFEB                                                      A:03 X:69 Y:02 S:FB P:nVUBdIzC 
    $FFEB:CA        DEX                                                            A:03 X:69 Y:02 S:FB P:nVUBdIzC 
    $FFEC:D0 FD     BNE $FFEB                                                      A:03 X:68 Y:02 S:FB P:nVUBdIzC 
    $FFEB:CA        DEX                                                            A:03 X:68 Y:02 S:FB P:nVUBdIzC 
    $FFEC:D0 FD     BNE $FFEB                                                      A:03 X:67 Y:02 S:FB P:nVUBdIzC 
    $FFEB:CA        DEX                                                            A:03 X:67 Y:02 S:FB P:nVUBdIzC 
    $FFEC:D0 FD     BNE $FFEB                                                      A:03 X:66 Y:02 S:FB P:nVUBdIzC 
    $FFEB:CA        DEX                                                            A:03 X:66 Y:02 S:FB P:nVUBdIzC 
    $FFEC:D0 FD     BNE $FFEB                                                      A:03 X:65 Y:02 S:FB P:nVUBdIzC 
    $FFEB:CA        DEX                                                            A:03 X:65 Y:02 S:FB P:nVUBdIzC 
    $FFEC:D0 FD     BNE $FFEB                                                      A:03 X:64 Y:02 S:FB P:nVUBdIzC 
    $FFEB:CA        DEX                                                            A:03 X:64 Y:02 S:FB P:nVUBdIzC 
    $FFEC:D0 FD     BNE $FFEB                                                      A:03 X:63 Y:02 S:FB P:nVUBdIzC 
    $FFEB:CA        DEX                                                            A:03 X:63 Y:02 S:FB P:nVUBdIzC 
    $FFEC:D0 FD     BNE $FFEB                                                      A:03 X:62 Y:02 S:FB P:nVUBdIzC 
    $FFEB:CA        DEX                                                            A:03 X:62 Y:02 S:FB P:nVUBdIzC 
    $FFEC:D0 FD     BNE $FFEB                                                      A:03 X:61 Y:02 S:FB P:nVUBdIzC 
    $FFEB:CA        DEX                                                            A:03 X:61 Y:02 S:FB P:nVUBdIzC 
    $FFEC:D0 FD     BNE $FFEB                                                      A:03 X:60 Y:02 S:FB P:nVUBdIzC 
    $FFEB:CA        DEX                                                            A:03 X:60 Y:02 S:FB P:nVUBdIzC 
    $FFEC:D0 FD     BNE $FFEB                                                      A:03 X:5F Y:02 S:FB P:nVUBdIzC 
    $FFEB:CA        DEX                                                            A:03 X:5F Y:02 S:FB P:nVUBdIzC 
    $FFEC:D0 FD     BNE $FFEB                                                      A:03 X:5E Y:02 S:FB P:nVUBdIzC 
    $FFEB:CA        DEX                                                            A:03 X:5E Y:02 S:FB P:nVUBdIzC 
    $FFEC:D0 FD     BNE $FFEB                                                      A:03 X:5D Y:02 S:FB P:nVUBdIzC 
    $FFEB:CA        DEX                                                            A:03 X:5D Y:02 S:FB P:nVUBdIzC 
    $FFEC:D0 FD     BNE $FFEB                                                      A:03 X:5C Y:02 S:FB P:nVUBdIzC 
    $FFEB:CA        DEX                                                            A:03 X:5C Y:02 S:FB P:nVUBdIzC 
    $FFEC:D0 FD     BNE $FFEB                                                      A:03 X:5B Y:02 S:FB P:nVUBdIzC 
    $FFEB:CA        DEX                                                            A:03 X:5B Y:02 S:FB P:nVUBdIzC 
    $FFEC:D0 FD     BNE $FFEB                                                      A:03 X:5A Y:02 S:FB P:nVUBdIzC 
    $FFEB:CA        DEX                                                            A:03 X:5A Y:02 S:FB P:nVUBdIzC 
    $FFEC:D0 FD     BNE $FFEB                                                      A:03 X:59 Y:02 S:FB P:nVUBdIzC 
    $FFEB:CA        DEX                                                            A:03 X:59 Y:02 S:FB P:nVUBdIzC 
    $FFEC:D0 FD     BNE $FFEB                                                      A:03 X:58 Y:02 S:FB P:nVUBdIzC 
    $FFEB:CA        DEX                                                            A:03 X:58 Y:02 S:FB P:nVUBdIzC 
    $FFEC:D0 FD     BNE $FFEB                                                      A:03 X:57 Y:02 S:FB P:nVUBdIzC 
    $FFEB:CA        DEX                                                            A:03 X:57 Y:02 S:FB P:nVUBdIzC 
    $FFEC:D0 FD     BNE $FFEB                                                      A:03 X:56 Y:02 S:FB P:nVUBdIzC 
    $FFEB:CA        DEX                                                            A:03 X:56 Y:02 S:FB P:nVUBdIzC 
    $FFEC:D0 FD     BNE $FFEB                                                      A:03 X:55 Y:02 S:FB P:nVUBdIzC 
    $FFEB:CA        DEX                                                            A:03 X:55 Y:02 S:FB P:nVUBdIzC 
    $FFEC:D0 FD     BNE $FFEB                                                      A:03 X:54 Y:02 S:FB P:nVUBdIzC 
    $FFEB:CA        DEX                                                            A:03 X:54 Y:02 S:FB P:nVUBdIzC 
    $FFEC:D0 FD     BNE $FFEB                                                      A:03 X:53 Y:02 S:FB P:nVUBdIzC 
    $FFEB:CA        DEX                                                            A:03 X:53 Y:02 S:FB P:nVUBdIzC 
    $FFEC:D0 FD     BNE $FFEB                                                      A:03 X:52 Y:02 S:FB P:nVUBdIzC 
    $FFEB:CA        DEX                                                            A:03 X:52 Y:02 S:FB P:nVUBdIzC 
    $FFEC:D0 FD     BNE $FFEB                                                      A:03 X:51 Y:02 S:FB P:nVUBdIzC 
    $FFEB:CA        DEX                                                            A:03 X:51 Y:02 S:FB P:nVUBdIzC 
    $FFEC:D0 FD     BNE $FFEB                                                      A:03 X:50 Y:02 S:FB P:nVUBdIzC 
    $FFEB:CA        DEX                                                            A:03 X:50 Y:02 S:FB P:nVUBdIzC 
    $FFEC:D0 FD     BNE $FFEB                                                      A:03 X:4F Y:02 S:FB P:nVUBdIzC 
    $FFEB:CA        DEX                                                            A:03 X:4F Y:02 S:FB P:nVUBdIzC 
    $FFEC:D0 FD     BNE $FFEB                                                      A:03 X:4E Y:02 S:FB P:nVUBdIzC 
    $FFEB:CA        DEX                                                            A:03 X:4E Y:02 S:FB P:nVUBdIzC 
    $FFEC:D0 FD     BNE $FFEB                                                      A:03 X:4D Y:02 S:FB P:nVUBdIzC 
    $FFEB:CA        DEX                                                            A:03 X:4D Y:02 S:FB P:nVUBdIzC 
    $FFEC:D0 FD     BNE $FFEB                                                      A:03 X:4C Y:02 S:FB P:nVUBdIzC 
    $FFEB:CA        DEX                                                            A:03 X:4C Y:02 S:FB P:nVUBdIzC 
    $FFEC:D0 FD     BNE $FFEB                                                      A:03 X:4B Y:02 S:FB P:nVUBdIzC 
    $FFEB:CA        DEX                                                            A:03 X:4B Y:02 S:FB P:nVUBdIzC 
    $FFEC:D0 FD     BNE $FFEB                                                      A:03 X:4A Y:02 S:FB P:nVUBdIzC 
    $FFEB:CA        DEX                                                            A:03 X:4A Y:02 S:FB P:nVUBdIzC 
    $FFEC:D0 FD     BNE $FFEB                                                      A:03 X:49 Y:02 S:FB P:nVUBdIzC 
    $FFEB:CA        DEX                                                            A:03 X:49 Y:02 S:FB P:nVUBdIzC 
    $FFEC:D0 FD     BNE $FFEB                                                      A:03 X:48 Y:02 S:FB P:nVUBdIzC 
    $FFEB:CA        DEX                                                            A:03 X:48 Y:02 S:FB P:nVUBdIzC 
    $FFEC:D0 FD     BNE $FFEB                                                      A:03 X:47 Y:02 S:FB P:nVUBdIzC 
    $FFEB:CA        DEX                                                            A:03 X:47 Y:02 S:FB P:nVUBdIzC 
    $FFEC:D0 FD     BNE $FFEB                                                      A:03 X:46 Y:02 S:FB P:nVUBdIzC 
    $FFEB:CA        DEX                                                            A:03 X:46 Y:02 S:FB P:nVUBdIzC 
    $FFEC:D0 FD     BNE $FFEB                                                      A:03 X:45 Y:02 S:FB P:nVUBdIzC 
    $FFEB:CA        DEX                                                            A:03 X:45 Y:02 S:FB P:nVUBdIzC 
    $FFEC:D0 FD     BNE $FFEB                                                      A:03 X:44 Y:02 S:FB P:nVUBdIzC 
    $FFEB:CA        DEX                                                            A:03 X:44 Y:02 S:FB P:nVUBdIzC 
    $FFEC:D0 FD     BNE $FFEB                                                      A:03 X:43 Y:02 S:FB P:nVUBdIzC 
    $FFEB:CA        DEX                                                            A:03 X:43 Y:02 S:FB P:nVUBdIzC 
    $FFEC:D0 FD     BNE $FFEB                                                      A:03 X:42 Y:02 S:FB P:nVUBdIzC 
    $FFEB:CA        DEX                                                            A:03 X:42 Y:02 S:FB P:nVUBdIzC 
    $FFEC:D0 FD     BNE $FFEB                                                      A:03 X:41 Y:02 S:FB P:nVUBdIzC 
    $FFEB:CA        DEX                                                            A:03 X:41 Y:02 S:FB P:nVUBdIzC 
    $FFEC:D0 FD     BNE $FFEB                                                      A:03 X:40 Y:02 S:FB P:nVUBdIzC 
    $FFEB:CA        DEX                                                            A:03 X:40 Y:02 S:FB P:nVUBdIzC 
    $FFEC:D0 FD     BNE $FFEB                                                      A:03 X:3F Y:02 S:FB P:nVUBdIzC 
    $FFEB:CA        DEX                                                            A:03 X:3F Y:02 S:FB P:nVUBdIzC 
    $FFEC:D0 FD     BNE $FFEB                                                      A:03 X:3E Y:02 S:FB P:nVUBdIzC 
    $FFEB:CA        DEX                                                            A:03 X:3E Y:02 S:FB P:nVUBdIzC 
    $FFEC:D0 FD     BNE $FFEB                                                      A:03 X:3D Y:02 S:FB P:nVUBdIzC 
    $FFEB:CA        DEX                                                            A:03 X:3D Y:02 S:FB P:nVUBdIzC 
    $FFEC:D0 FD     BNE $FFEB                                                      A:03 X:3C Y:02 S:FB P:nVUBdIzC 
    $FFEB:CA        DEX                                                            A:03 X:3C Y:02 S:FB P:nVUBdIzC 
    $FFEC:D0 FD     BNE $FFEB                                                      A:03 X:3B Y:02 S:FB P:nVUBdIzC 
    $FFEB:CA        DEX                                                            A:03 X:3B Y:02 S:FB P:nVUBdIzC 
    $FFEC:D0 FD     BNE $FFEB                                                      A:03 X:3A Y:02 S:FB P:nVUBdIzC 
    $FFEB:CA        DEX                                                            A:03 X:3A Y:02 S:FB P:nVUBdIzC 
    $FFEC:D0 FD     BNE $FFEB                                                      A:03 X:39 Y:02 S:FB P:nVUBdIzC 
    $FFEB:CA        DEX                                                            A:03 X:39 Y:02 S:FB P:nVUBdIzC 
    $FFEC:D0 FD     BNE $FFEB                                                      A:03 X:38 Y:02 S:FB P:nVUBdIzC 
    $FFEB:CA        DEX                                                            A:03 X:38 Y:02 S:FB P:nVUBdIzC 
    $FFEC:D0 FD     BNE $FFEB                                                      A:03 X:37 Y:02 S:FB P:nVUBdIzC 
    $FFEB:CA        DEX                                                            A:03 X:37 Y:02 S:FB P:nVUBdIzC 
    $FFEC:D0 FD     BNE $FFEB                                                      A:03 X:36 Y:02 S:FB P:nVUBdIzC 
    $FFEB:CA        DEX                                                            A:03 X:36 Y:02 S:FB P:nVUBdIzC 
    $FFEC:D0 FD     BNE $FFEB                                                      A:03 X:35 Y:02 S:FB P:nVUBdIzC 
    $FFEB:CA        DEX                                                            A:03 X:35 Y:02 S:FB P:nVUBdIzC 
    $FFEC:D0 FD     BNE $FFEB                                                      A:03 X:34 Y:02 S:FB P:nVUBdIzC 
    $FFEB:CA        DEX                                                            A:03 X:34 Y:02 S:FB P:nVUBdIzC 
    $FFEC:D0 FD     BNE $FFEB                                                      A:03 X:33 Y:02 S:FB P:nVUBdIzC 
    $FFEB:CA        DEX                                                            A:03 X:33 Y:02 S:FB P:nVUBdIzC 
    $FFEC:D0 FD     BNE $FFEB                                                      A:03 X:32 Y:02 S:FB P:nVUBdIzC 
    $FFEB:CA        DEX                                                            A:03 X:32 Y:02 S:FB P:nVUBdIzC 
    $FFEC:D0 FD     BNE $FFEB                                                      A:03 X:31 Y:02 S:FB P:nVUBdIzC 
    $FFEB:CA        DEX                                                            A:03 X:31 Y:02 S:FB P:nVUBdIzC 
    $FFEC:D0 FD     BNE $FFEB                                                      A:03 X:30 Y:02 S:FB P:nVUBdIzC 
    $FFEB:CA        DEX                                                            A:03 X:30 Y:02 S:FB P:nVUBdIzC 
    $FFEC:D0 FD     BNE $FFEB                                                      A:03 X:2F Y:02 S:FB P:nVUBdIzC 
    $FFEB:CA        DEX                                                            A:03 X:2F Y:02 S:FB P:nVUBdIzC 
    $FFEC:D0 FD     BNE $FFEB                                                      A:03 X:2E Y:02 S:FB P:nVUBdIzC 
    $FFEB:CA        DEX                                                            A:03 X:2E Y:02 S:FB P:nVUBdIzC 
    $FFEC:D0 FD     BNE $FFEB                                                      A:03 X:2D Y:02 S:FB P:nVUBdIzC 
    $FFEB:CA        DEX                                                            A:03 X:2D Y:02 S:FB P:nVUBdIzC 
    $FFEC:D0 FD     BNE $FFEB                                                      A:03 X:2C Y:02 S:FB P:nVUBdIzC 
    $FFEB:CA        DEX                                                            A:03 X:2C Y:02 S:FB P:nVUBdIzC 
    $FFEC:D0 FD     BNE $FFEB                                                      A:03 X:2B Y:02 S:FB P:nVUBdIzC 
    $FFEB:CA        DEX                                                            A:03 X:2B Y:02 S:FB P:nVUBdIzC 
    $FFEC:D0 FD     BNE $FFEB                                                      A:03 X:2A Y:02 S:FB P:nVUBdIzC 
    $FFEB:CA        DEX                                                            A:03 X:2A Y:02 S:FB P:nVUBdIzC 
    $FFEC:D0 FD     BNE $FFEB                                                      A:03 X:29 Y:02 S:FB P:nVUBdIzC 
    $FFEB:CA        DEX                                                            A:03 X:29 Y:02 S:FB P:nVUBdIzC 
    $FFEC:D0 FD     BNE $FFEB                                                      A:03 X:28 Y:02 S:FB P:nVUBdIzC 
    $FFEB:CA        DEX                                                            A:03 X:28 Y:02 S:FB P:nVUBdIzC 
    $FFEC:D0 FD     BNE $FFEB                                                      A:03 X:27 Y:02 S:FB P:nVUBdIzC 
    $FFEB:CA        DEX                                                            A:03 X:27 Y:02 S:FB P:nVUBdIzC 
    $FFEC:D0 FD     BNE $FFEB                                                      A:03 X:26 Y:02 S:FB P:nVUBdIzC 
    $FFEB:CA        DEX                                                            A:03 X:26 Y:02 S:FB P:nVUBdIzC 
    $FFEC:D0 FD     BNE $FFEB                                                      A:03 X:25 Y:02 S:FB P:nVUBdIzC 
    $FFEB:CA        DEX                                                            A:03 X:25 Y:02 S:FB P:nVUBdIzC 
    $FFEC:D0 FD     BNE $FFEB                                                      A:03 X:24 Y:02 S:FB P:nVUBdIzC 
    $FFEB:CA        DEX                                                            A:03 X:24 Y:02 S:FB P:nVUBdIzC 
    $FFEC:D0 FD     BNE $FFEB                                                      A:03 X:23 Y:02 S:FB P:nVUBdIzC 
    $FFEB:CA        DEX                                                            A:03 X:23 Y:02 S:FB P:nVUBdIzC 
    $FFEC:D0 FD     BNE $FFEB                                                      A:03 X:22 Y:02 S:FB P:nVUBdIzC 
    $FFEB:CA        DEX                                                            A:03 X:22 Y:02 S:FB P:nVUBdIzC 
    $FFEC:D0 FD     BNE $FFEB                                                      A:03 X:21 Y:02 S:FB P:nVUBdIzC 
    $FFEB:CA        DEX                                                            A:03 X:21 Y:02 S:FB P:nVUBdIzC 
    $FFEC:D0 FD     BNE $FFEB                                                      A:03 X:20 Y:02 S:FB P:nVUBdIzC 
    $FFEB:CA        DEX                                                            A:03 X:20 Y:02 S:FB P:nVUBdIzC 
    $FFEC:D0 FD     BNE $FFEB                                                      A:03 X:1F Y:02 S:FB P:nVUBdIzC 
    $FFEB:CA        DEX                                                            A:03 X:1F Y:02 S:FB P:nVUBdIzC 
    $FFEC:D0 FD     BNE $FFEB                                                      A:03 X:1E Y:02 S:FB P:nVUBdIzC 
    $FFEB:CA        DEX                                                            A:03 X:1E Y:02 S:FB P:nVUBdIzC 
    $FFEC:D0 FD     BNE $FFEB                                                      A:03 X:1D Y:02 S:FB P:nVUBdIzC 
    $FFEB:CA        DEX                                                            A:03 X:1D Y:02 S:FB P:nVUBdIzC 
    $FFEC:D0 FD     BNE $FFEB                                                      A:03 X:1C Y:02 S:FB P:nVUBdIzC 
    $FFEB:CA        DEX                                                            A:03 X:1C Y:02 S:FB P:nVUBdIzC 
    $FFEC:D0 FD     BNE $FFEB                                                      A:03 X:1B Y:02 S:FB P:nVUBdIzC 
    $FFEB:CA        DEX                                                            A:03 X:1B Y:02 S:FB P:nVUBdIzC 
    $FFEC:D0 FD     BNE $FFEB                                                      A:03 X:1A Y:02 S:FB P:nVUBdIzC 
    $FFEB:CA        DEX                                                            A:03 X:1A Y:02 S:FB P:nVUBdIzC 
    $FFEC:D0 FD     BNE $FFEB                                                      A:03 X:19 Y:02 S:FB P:nVUBdIzC 
    $FFEB:CA        DEX                                                            A:03 X:19 Y:02 S:FB P:nVUBdIzC 
    $FFEC:D0 FD     BNE $FFEB                                                      A:03 X:18 Y:02 S:FB P:nVUBdIzC 
    $FFEB:CA        DEX                                                            A:03 X:18 Y:02 S:FB P:nVUBdIzC 
    $FFEC:D0 FD     BNE $FFEB                                                      A:03 X:17 Y:02 S:FB P:nVUBdIzC 
    $FFEB:CA        DEX                                                            A:03 X:17 Y:02 S:FB P:nVUBdIzC 
    $FFEC:D0 FD     BNE $FFEB                                                      A:03 X:16 Y:02 S:FB P:nVUBdIzC 
    $FFEB:CA        DEX                                                            A:03 X:16 Y:02 S:FB P:nVUBdIzC 
    $FFEC:D0 FD     BNE $FFEB                                                      A:03 X:15 Y:02 S:FB P:nVUBdIzC 
    $FFEB:CA        DEX                                                            A:03 X:15 Y:02 S:FB P:nVUBdIzC 
    $FFEC:D0 FD     BNE $FFEB                                                      A:03 X:14 Y:02 S:FB P:nVUBdIzC 
    $FFEB:CA        DEX                                                            A:03 X:14 Y:02 S:FB P:nVUBdIzC 
    $FFEC:D0 FD     BNE $FFEB                                                      A:03 X:13 Y:02 S:FB P:nVUBdIzC 
    $FFEB:CA        DEX                                                            A:03 X:13 Y:02 S:FB P:nVUBdIzC 
    $FFEC:D0 FD     BNE $FFEB                                                      A:03 X:12 Y:02 S:FB P:nVUBdIzC 
    $FFEB:CA        DEX                                                            A:03 X:12 Y:02 S:FB P:nVUBdIzC 
    $FFEC:D0 FD     BNE $FFEB                                                      A:03 X:11 Y:02 S:FB P:nVUBdIzC 
    $FFEB:CA        DEX                                                            A:03 X:11 Y:02 S:FB P:nVUBdIzC 
    $FFEC:D0 FD     BNE $FFEB                                                      A:03 X:10 Y:02 S:FB P:nVUBdIzC 
    $FFEB:CA        DEX                                                            A:03 X:10 Y:02 S:FB P:nVUBdIzC 
    $FFEC:D0 FD     BNE $FFEB                                                      A:03 X:0F Y:02 S:FB P:nVUBdIzC 
    $FFEB:CA        DEX                                                            A:03 X:0F Y:02 S:FB P:nVUBdIzC 
    $FFEC:D0 FD     BNE $FFEB                                                      A:03 X:0E Y:02 S:FB P:nVUBdIzC 
    $FFEB:CA        DEX                                                            A:03 X:0E Y:02 S:FB P:nVUBdIzC 
    $FFEC:D0 FD     BNE $FFEB                                                      A:03 X:0D Y:02 S:FB P:nVUBdIzC 
    $FFEB:CA        DEX                                                            A:03 X:0D Y:02 S:FB P:nVUBdIzC 
    $FFEC:D0 FD     BNE $FFEB                                                      A:03 X:0C Y:02 S:FB P:nVUBdIzC 
    $FFEB:CA        DEX                                                            A:03 X:0C Y:02 S:FB P:nVUBdIzC 
    $FFEC:D0 FD     BNE $FFEB                                                      A:03 X:0B Y:02 S:FB P:nVUBdIzC 
    $FFEB:CA        DEX                                                            A:03 X:0B Y:02 S:FB P:nVUBdIzC 
    $FFEC:D0 FD     BNE $FFEB                                                      A:03 X:0A Y:02 S:FB P:nVUBdIzC 
    $FFEB:CA        DEX                                                            A:03 X:0A Y:02 S:FB P:nVUBdIzC 
    $FFEC:D0 FD     BNE $FFEB                                                      A:03 X:09 Y:02 S:FB P:nVUBdIzC 
    $FFEB:CA        DEX                                                            A:03 X:09 Y:02 S:FB P:nVUBdIzC 
    $FFEC:D0 FD     BNE $FFEB                                                      A:03 X:08 Y:02 S:FB P:nVUBdIzC 
    $FFEB:CA        DEX                                                            A:03 X:08 Y:02 S:FB P:nVUBdIzC 
    $FFEC:D0 FD     BNE $FFEB                                                      A:03 X:07 Y:02 S:FB P:nVUBdIzC 
    $FFEB:CA        DEX                                                            A:03 X:07 Y:02 S:FB P:nVUBdIzC 
    $FFEC:D0 FD     BNE $FFEB                                                      A:03 X:06 Y:02 S:FB P:nVUBdIzC 
    $FFEB:CA        DEX                                                            A:03 X:06 Y:02 S:FB P:nVUBdIzC 
    $FFEC:D0 FD     BNE $FFEB                                                      A:03 X:05 Y:02 S:FB P:nVUBdIzC 
    $FFEB:CA        DEX                                                            A:03 X:05 Y:02 S:FB P:nVUBdIzC 
    $FFEC:D0 FD     BNE $FFEB                                                      A:03 X:04 Y:02 S:FB P:nVUBdIzC 
    $FFEB:CA        DEX                                                            A:03 X:04 Y:02 S:FB P:nVUBdIzC 
    $FFEC:D0 FD     BNE $FFEB                                                      A:03 X:03 Y:02 S:FB P:nVUBdIzC 
    $FFEB:CA        DEX                                                            A:03 X:03 Y:02 S:FB P:nVUBdIzC 
    $FFEC:D0 FD     BNE $FFEB                                                      A:03 X:02 Y:02 S:FB P:nVUBdIzC 
    $FFEB:CA        DEX                                                            A:03 X:02 Y:02 S:FB P:nVUBdIzC 
    $FFEC:D0 FD     BNE $FFEB                                                      A:03 X:01 Y:02 S:FB P:nVUBdIzC 
    $FFEB:CA        DEX                                                            A:03 X:01 Y:02 S:FB P:nVUBdIzC 
    $FFEC:D0 FD     BNE $FFEB                                                      A:03 X:00 Y:02 S:FB P:nVUBdIZC 
    $FFEE:88        DEY                                                            A:03 X:00 Y:02 S:FB P:nVUBdIZC 
    $FFEF:D0 FA     BNE $FFEB                                                      A:03 X:00 Y:01 S:FB P:nVUBdIzC 
    $FFEB:CA        DEX                                                            A:03 X:00 Y:01 S:FB P:nVUBdIzC 
    $FFEC:D0 FD     BNE $FFEB                                                      A:03 X:FF Y:01 S:FB P:NVUBdIzC 
    $FFEB:CA        DEX                                                            A:03 X:FF Y:01 S:FB P:NVUBdIzC 
    $FFEC:D0 FD     BNE $FFEB                                                      A:03 X:FE Y:01 S:FB P:NVUBdIzC 
    $FFEB:CA        DEX                                                            A:03 X:FE Y:01 S:FB P:NVUBdIzC 
    $FFEC:D0 FD     BNE $FFEB                                                      A:03 X:FD Y:01 S:FB P:NVUBdIzC 
    $FFEB:CA        DEX                                                            A:03 X:FD Y:01 S:FB P:NVUBdIzC 
    $FFEC:D0 FD     BNE $FFEB                                                      A:03 X:FC Y:01 S:FB P:NVUBdIzC 
    $FFEB:CA        DEX                                                            A:03 X:FC Y:01 S:FB P:NVUBdIzC 
    $FFEC:D0 FD     BNE $FFEB                                                      A:03 X:FB Y:01 S:FB P:NVUBdIzC 
    $FFEB:CA        DEX                                                            A:03 X:FB Y:01 S:FB P:NVUBdIzC 
    $FFEC:D0 FD     BNE $FFEB                                                      A:03 X:FA Y:01 S:FB P:NVUBdIzC 
    $FFEB:CA        DEX                                                            A:03 X:FA Y:01 S:FB P:NVUBdIzC 
    $FFEC:D0 FD     BNE $FFEB                                                      A:03 X:F9 Y:01 S:FB P:NVUBdIzC 
    $FFEB:CA        DEX                                                            A:03 X:F9 Y:01 S:FB P:NVUBdIzC 
    $FFEC:D0 FD     BNE $FFEB                                                      A:03 X:F8 Y:01 S:FB P:NVUBdIzC 
    $FFEB:CA        DEX                                                            A:03 X:F8 Y:01 S:FB P:NVUBdIzC 
    $FFEC:D0 FD     BNE $FFEB                                                      A:03 X:F7 Y:01 S:FB P:NVUBdIzC 
    $FFEB:CA        DEX                                                            A:03 X:F7 Y:01 S:FB P:NVUBdIzC 
    $FFEC:D0 FD     BNE $FFEB                                                      A:03 X:F6 Y:01 S:FB P:NVUBdIzC 
    $FFEB:CA        DEX                                                            A:03 X:F6 Y:01 S:FB P:NVUBdIzC 
    $FFEC:D0 FD     BNE $FFEB                                                      A:03 X:F5 Y:01 S:FB P:NVUBdIzC 
    $FFEB:CA        DEX                                                            A:03 X:F5 Y:01 S:FB P:NVUBdIzC 
    $FFEC:D0 FD     BNE $FFEB                                                      A:03 X:F4 Y:01 S:FB P:NVUBdIzC 
    $FFEB:CA        DEX                                                            A:03 X:F4 Y:01 S:FB P:NVUBdIzC 
    $FFEC:D0 FD     BNE $FFEB                                                      A:03 X:F3 Y:01 S:FB P:NVUBdIzC 
    $FFEB:CA        DEX                                                            A:03 X:F3 Y:01 S:FB P:NVUBdIzC 
    $FFEC:D0 FD     BNE $FFEB                                                      A:03 X:F2 Y:01 S:FB P:NVUBdIzC 
    $FFEB:CA        DEX                                                            A:03 X:F2 Y:01 S:FB P:NVUBdIzC 
    $FFEC:D0 FD     BNE $FFEB                                                      A:03 X:F1 Y:01 S:FB P:NVUBdIzC 
    $FFEB:CA        DEX                                                            A:03 X:F1 Y:01 S:FB P:NVUBdIzC 
    $FFEC:D0 FD     BNE $FFEB                                                      A:03 X:F0 Y:01 S:FB P:NVUBdIzC 
    $FFEB:CA        DEX                                                            A:03 X:F0 Y:01 S:FB P:NVUBdIzC 
    $FFEC:D0 FD     BNE $FFEB                                                      A:03 X:EF Y:01 S:FB P:NVUBdIzC 
    $FFEB:CA        DEX                                                            A:03 X:EF Y:01 S:FB P:NVUBdIzC 
    $FFEC:D0 FD     BNE $FFEB                                                      A:03 X:EE Y:01 S:FB P:NVUBdIzC 
    $FFEB:CA        DEX                                                            A:03 X:EE Y:01 S:FB P:NVUBdIzC 
    $FFEC:D0 FD     BNE $FFEB                                                      A:03 X:ED Y:01 S:FB P:NVUBdIzC 
    $FFEB:CA        DEX                                                            A:03 X:ED Y:01 S:FB P:NVUBdIzC 
    $FFEC:D0 FD     BNE $FFEB                                                      A:03 X:EC Y:01 S:FB P:NVUBdIzC 
    $FFEB:CA        DEX                                                            A:03 X:EC Y:01 S:FB P:NVUBdIzC 
    $FFEC:D0 FD     BNE $FFEB                                                      A:03 X:EB Y:01 S:FB P:NVUBdIzC 
    $FFEB:CA        DEX                                                            A:03 X:EB Y:01 S:FB P:NVUBdIzC 
    $FFEC:D0 FD     BNE $FFEB                                                      A:03 X:EA Y:01 S:FB P:NVUBdIzC 
    $FFEB:CA        DEX                                                            A:03 X:EA Y:01 S:FB P:NVUBdIzC 
    $FFEC:D0 FD     BNE $FFEB                                                      A:03 X:E9 Y:01 S:FB P:NVUBdIzC 
    $FFEB:CA        DEX                                                            A:03 X:E9 Y:01 S:FB P:NVUBdIzC 
    $FFEC:D0 FD     BNE $FFEB                                                      A:03 X:E8 Y:01 S:FB P:NVUBdIzC 
    $FFEB:CA        DEX                                                            A:03 X:E8 Y:01 S:FB P:NVUBdIzC 
    $FFEC:D0 FD     BNE $FFEB                                                      A:03 X:E7 Y:01 S:FB P:NVUBdIzC 
    $FFEB:CA        DEX                                                            A:03 X:E7 Y:01 S:FB P:NVUBdIzC 
    $FFEC:D0 FD     BNE $FFEB                                                      A:03 X:E6 Y:01 S:FB P:NVUBdIzC 
    $FFEB:CA        DEX                                                            A:03 X:E6 Y:01 S:FB P:NVUBdIzC 
    $FFEC:D0 FD     BNE $FFEB                                                      A:03 X:E5 Y:01 S:FB P:NVUBdIzC 
    $FFEB:CA        DEX                                                            A:03 X:E5 Y:01 S:FB P:NVUBdIzC 
    $FFEC:D0 FD     BNE $FFEB                                                      A:03 X:E4 Y:01 S:FB P:NVUBdIzC 
    $FFEB:CA        DEX                                                            A:03 X:E4 Y:01 S:FB P:NVUBdIzC 
    $FFEC:D0 FD     BNE $FFEB                                                      A:03 X:E3 Y:01 S:FB P:NVUBdIzC 
    $FFEB:CA        DEX                                                            A:03 X:E3 Y:01 S:FB P:NVUBdIzC 
    $FFEC:D0 FD     BNE $FFEB                                                      A:03 X:E2 Y:01 S:FB P:NVUBdIzC 
    $FFEB:CA        DEX                                                            A:03 X:E2 Y:01 S:FB P:NVUBdIzC 
    $FFEC:D0 FD     BNE $FFEB                                                      A:03 X:E1 Y:01 S:FB P:NVUBdIzC 
    $FFEB:CA        DEX                                                            A:03 X:E1 Y:01 S:FB P:NVUBdIzC 
    $FFEC:D0 FD     BNE $FFEB                                                      A:03 X:E0 Y:01 S:FB P:NVUBdIzC 
    $FFEB:CA        DEX                                                            A:03 X:E0 Y:01 S:FB P:NVUBdIzC 
    $FFEC:D0 FD     BNE $FFEB                                                      A:03 X:DF Y:01 S:FB P:NVUBdIzC 
    $FFEB:CA        DEX                                                            A:03 X:DF Y:01 S:FB P:NVUBdIzC 
    $FFEC:D0 FD     BNE $FFEB                                                      A:03 X:DE Y:01 S:FB P:NVUBdIzC 
    $FFEB:CA        DEX                                                            A:03 X:DE Y:01 S:FB P:NVUBdIzC 
    $FFEC:D0 FD     BNE $FFEB                                                      A:03 X:DD Y:01 S:FB P:NVUBdIzC 
    $FFEB:CA        DEX                                                            A:03 X:DD Y:01 S:FB P:NVUBdIzC 
    $FFEC:D0 FD     BNE $FFEB                                                      A:03 X:DC Y:01 S:FB P:NVUBdIzC 
    $FFEB:CA        DEX                                                            A:03 X:DC Y:01 S:FB P:NVUBdIzC 
    $FFEC:D0 FD     BNE $FFEB                                                      A:03 X:DB Y:01 S:FB P:NVUBdIzC 
    $FFEB:CA        DEX                                                            A:03 X:DB Y:01 S:FB P:NVUBdIzC 
    $FFEC:D0 FD     BNE $FFEB                                                      A:03 X:DA Y:01 S:FB P:NVUBdIzC 
    $FFEB:CA        DEX                                                            A:03 X:DA Y:01 S:FB P:NVUBdIzC 
    $FFEC:D0 FD     BNE $FFEB                                                      A:03 X:D9 Y:01 S:FB P:NVUBdIzC 
    $FFEB:CA        DEX                                                            A:03 X:D9 Y:01 S:FB P:NVUBdIzC 
    $FFEC:D0 FD     BNE $FFEB                                                      A:03 X:D8 Y:01 S:FB P:NVUBdIzC 
    $FFEB:CA        DEX                                                            A:03 X:D8 Y:01 S:FB P:NVUBdIzC 
    $FFEC:D0 FD     BNE $FFEB                                                      A:03 X:D7 Y:01 S:FB P:NVUBdIzC 
    $FFEB:CA        DEX                                                            A:03 X:D7 Y:01 S:FB P:NVUBdIzC 
    $FFEC:D0 FD     BNE $FFEB                                                      A:03 X:D6 Y:01 S:FB P:NVUBdIzC 
    $FFEB:CA        DEX                                                            A:03 X:D6 Y:01 S:FB P:NVUBdIzC 
    $FFEC:D0 FD     BNE $FFEB                                                      A:03 X:D5 Y:01 S:FB P:NVUBdIzC 
    $FFEB:CA        DEX                                                            A:03 X:D5 Y:01 S:FB P:NVUBdIzC 
    $FFEC:D0 FD     BNE $FFEB                                                      A:03 X:D4 Y:01 S:FB P:NVUBdIzC 
    $FFEB:CA        DEX                                                            A:03 X:D4 Y:01 S:FB P:NVUBdIzC 
    $FFEC:D0 FD     BNE $FFEB                                                      A:03 X:D3 Y:01 S:FB P:NVUBdIzC 
    $FFEB:CA        DEX                                                            A:03 X:D3 Y:01 S:FB P:NVUBdIzC 
    $FFEC:D0 FD     BNE $FFEB                                                      A:03 X:D2 Y:01 S:FB P:NVUBdIzC 
    $FFEB:CA        DEX                                                            A:03 X:D2 Y:01 S:FB P:NVUBdIzC 
    $FFEC:D0 FD     BNE $FFEB                                                      A:03 X:D1 Y:01 S:FB P:NVUBdIzC 
    $FFEB:CA        DEX                                                            A:03 X:D1 Y:01 S:FB P:NVUBdIzC 
    $FFEC:D0 FD     BNE $FFEB                                                      A:03 X:D0 Y:01 S:FB P:NVUBdIzC 
    $FFEB:CA        DEX                                                            A:03 X:D0 Y:01 S:FB P:NVUBdIzC 
    $FFEC:D0 FD     BNE $FFEB                                                      A:03 X:CF Y:01 S:FB P:NVUBdIzC 
    $FFEB:CA        DEX                                                            A:03 X:CF Y:01 S:FB P:NVUBdIzC 
    $FFEC:D0 FD     BNE $FFEB                                                      A:03 X:CE Y:01 S:FB P:NVUBdIzC 
    $FFEB:CA        DEX                                                            A:03 X:CE Y:01 S:FB P:NVUBdIzC 
    $FFEC:D0 FD     BNE $FFEB                                                      A:03 X:CD Y:01 S:FB P:NVUBdIzC 
    $FFEB:CA        DEX                                                            A:03 X:CD Y:01 S:FB P:NVUBdIzC 
    $FFEC:D0 FD     BNE $FFEB                                                      A:03 X:CC Y:01 S:FB P:NVUBdIzC 
    $FFEB:CA        DEX                                                            A:03 X:CC Y:01 S:FB P:NVUBdIzC 
    $FFEC:D0 FD     BNE $FFEB                                                      A:03 X:CB Y:01 S:FB P:NVUBdIzC 
    $FFEB:CA        DEX                                                            A:03 X:CB Y:01 S:FB P:NVUBdIzC 
    $FFEC:D0 FD     BNE $FFEB                                                      A:03 X:CA Y:01 S:FB P:NVUBdIzC 
    $FFEB:CA        DEX                                                            A:03 X:CA Y:01 S:FB P:NVUBdIzC 
    $FFEC:D0 FD     BNE $FFEB                                                      A:03 X:C9 Y:01 S:FB P:NVUBdIzC 
    $FFEB:CA        DEX                                                            A:03 X:C9 Y:01 S:FB P:NVUBdIzC 
    $FFEC:D0 FD     BNE $FFEB                                                      A:03 X:C8 Y:01 S:FB P:NVUBdIzC 
    $FFEB:CA        DEX                                                            A:03 X:C8 Y:01 S:FB P:NVUBdIzC 
    $FFEC:D0 FD     BNE $FFEB                                                      A:03 X:C7 Y:01 S:FB P:NVUBdIzC 
    $FFEB:CA        DEX                                                            A:03 X:C7 Y:01 S:FB P:NVUBdIzC 
    $FFEC:D0 FD     BNE $FFEB                                                      A:03 X:C6 Y:01 S:FB P:NVUBdIzC 
    $FFEB:CA        DEX                                                            A:03 X:C6 Y:01 S:FB P:NVUBdIzC 
    $FFEC:D0 FD     BNE $FFEB                                                      A:03 X:C5 Y:01 S:FB P:NVUBdIzC 
    $FFEB:CA        DEX                                                            A:03 X:C5 Y:01 S:FB P:NVUBdIzC 
    $FFEC:D0 FD     BNE $FFEB                                                      A:03 X:C4 Y:01 S:FB P:NVUBdIzC 
    $FFEB:CA        DEX                                                            A:03 X:C4 Y:01 S:FB P:NVUBdIzC 
    $FFEC:D0 FD     BNE $FFEB                                                      A:03 X:C3 Y:01 S:FB P:NVUBdIzC 
    $FFEB:CA        DEX                                                            A:03 X:C3 Y:01 S:FB P:NVUBdIzC 
    $FFEC:D0 FD     BNE $FFEB                                                      A:03 X:C2 Y:01 S:FB P:NVUBdIzC 
    $FFEB:CA        DEX                                                            A:03 X:C2 Y:01 S:FB P:NVUBdIzC 
    $FFEC:D0 FD     BNE $FFEB                                                      A:03 X:C1 Y:01 S:FB P:NVUBdIzC 
    $FFEB:CA        DEX                                                            A:03 X:C1 Y:01 S:FB P:NVUBdIzC 
    $FFEC:D0 FD     BNE $FFEB                                                      A:03 X:C0 Y:01 S:FB P:NVUBdIzC 
    $FFEB:CA        DEX                                                            A:03 X:C0 Y:01 S:FB P:NVUBdIzC 
    $FFEC:D0 FD     BNE $FFEB                                                      A:03 X:BF Y:01 S:FB P:NVUBdIzC 
    $FFEB:CA        DEX                                                            A:03 X:BF Y:01 S:FB P:NVUBdIzC 
    $FFEC:D0 FD     BNE $FFEB                                                      A:03 X:BE Y:01 S:FB P:NVUBdIzC 
    $FFEB:CA        DEX                                                            A:03 X:BE Y:01 S:FB P:NVUBdIzC 
    $FFEC:D0 FD     BNE $FFEB                                                      A:03 X:BD Y:01 S:FB P:NVUBdIzC 
    $FFEB:CA        DEX                                                            A:03 X:BD Y:01 S:FB P:NVUBdIzC 
    $FFEC:D0 FD     BNE $FFEB                                                      A:03 X:BC Y:01 S:FB P:NVUBdIzC 
    $FFEB:CA        DEX                                                            A:03 X:BC Y:01 S:FB P:NVUBdIzC 
    $FFEC:D0 FD     BNE $FFEB                                                      A:03 X:BB Y:01 S:FB P:NVUBdIzC 
    $FFEB:CA        DEX                                                            A:03 X:BB Y:01 S:FB P:NVUBdIzC 
    $FFEC:D0 FD     BNE $FFEB                                                      A:03 X:BA Y:01 S:FB P:NVUBdIzC 
    $FFEB:CA        DEX                                                            A:03 X:BA Y:01 S:FB P:NVUBdIzC 
    $FFEC:D0 FD     BNE $FFEB                                                      A:03 X:B9 Y:01 S:FB P:NVUBdIzC 
    $FFEB:CA        DEX                                                            A:03 X:B9 Y:01 S:FB P:NVUBdIzC 
    $FFEC:D0 FD     BNE $FFEB                                                      A:03 X:B8 Y:01 S:FB P:NVUBdIzC 
    $FFEB:CA        DEX                                                            A:03 X:B8 Y:01 S:FB P:NVUBdIzC 
    $FFEC:D0 FD     BNE $FFEB                                                      A:03 X:B7 Y:01 S:FB P:NVUBdIzC 
    $FFEB:CA        DEX                                                            A:03 X:B7 Y:01 S:FB P:NVUBdIzC 
    $FFEC:D0 FD     BNE $FFEB                                                      A:03 X:B6 Y:01 S:FB P:NVUBdIzC 
    $FFEB:CA        DEX                                                            A:03 X:B6 Y:01 S:FB P:NVUBdIzC 
    $FFEC:D0 FD     BNE $FFEB                                                      A:03 X:B5 Y:01 S:FB P:NVUBdIzC 
    $FFEB:CA        DEX                                                            A:03 X:B5 Y:01 S:FB P:NVUBdIzC 
    $FFEC:D0 FD     BNE $FFEB                                                      A:03 X:B4 Y:01 S:FB P:NVUBdIzC 
    $FFEB:CA        DEX                                                            A:03 X:B4 Y:01 S:FB P:NVUBdIzC 
    $FFEC:D0 FD     BNE $FFEB                                                      A:03 X:B3 Y:01 S:FB P:NVUBdIzC 
    $FFEB:CA        DEX                                                            A:03 X:B3 Y:01 S:FB P:NVUBdIzC 
    $FFEC:D0 FD     BNE $FFEB                                                      A:03 X:B2 Y:01 S:FB P:NVUBdIzC 
    $FFEB:CA        DEX                                                            A:03 X:B2 Y:01 S:FB P:NVUBdIzC 
    $FFEC:D0 FD     BNE $FFEB                                                      A:03 X:B1 Y:01 S:FB P:NVUBdIzC 
    $FFEB:CA        DEX                                                            A:03 X:B1 Y:01 S:FB P:NVUBdIzC 
    $FFEC:D0 FD     BNE $FFEB                                                      A:03 X:B0 Y:01 S:FB P:NVUBdIzC 
    $FFEB:CA        DEX                                                            A:03 X:B0 Y:01 S:FB P:NVUBdIzC 
    $FFEC:D0 FD     BNE $FFEB                                                      A:03 X:AF Y:01 S:FB P:NVUBdIzC 
    $FFEB:CA        DEX                                                            A:03 X:AF Y:01 S:FB P:NVUBdIzC 
    $FFEC:D0 FD     BNE $FFEB                                                      A:03 X:AE Y:01 S:FB P:NVUBdIzC 
    $FFEB:CA        DEX                                                            A:03 X:AE Y:01 S:FB P:NVUBdIzC 
    $FFEC:D0 FD     BNE $FFEB                                                      A:03 X:AD Y:01 S:FB P:NVUBdIzC 
    $FFEB:CA        DEX                                                            A:03 X:AD Y:01 S:FB P:NVUBdIzC 
    $FFEC:D0 FD     BNE $FFEB                                                      A:03 X:AC Y:01 S:FB P:NVUBdIzC 
    $FFEB:CA        DEX                                                            A:03 X:AC Y:01 S:FB P:NVUBdIzC 
    $FFEC:D0 FD     BNE $FFEB                                                      A:03 X:AB Y:01 S:FB P:NVUBdIzC 
    $FFEB:CA        DEX                                                            A:03 X:AB Y:01 S:FB P:NVUBdIzC 
    $FFEC:D0 FD     BNE $FFEB                                                      A:03 X:AA Y:01 S:FB P:NVUBdIzC 
    $FFEB:CA        DEX                                                            A:03 X:AA Y:01 S:FB P:NVUBdIzC 
    $FFEC:D0 FD     BNE $FFEB                                                      A:03 X:A9 Y:01 S:FB P:NVUBdIzC 
    $FFEB:CA        DEX                                                            A:03 X:A9 Y:01 S:FB P:NVUBdIzC 
    $FFEC:D0 FD     BNE $FFEB                                                      A:03 X:A8 Y:01 S:FB P:NVUBdIzC 
    $FFEB:CA        DEX                                                            A:03 X:A8 Y:01 S:FB P:NVUBdIzC 
    $FFEC:D0 FD     BNE $FFEB                                                      A:03 X:A7 Y:01 S:FB P:NVUBdIzC 
    $FFEB:CA        DEX                                                            A:03 X:A7 Y:01 S:FB P:NVUBdIzC 
    $FFEC:D0 FD     BNE $FFEB                                                      A:03 X:A6 Y:01 S:FB P:NVUBdIzC 
    $FFEB:CA        DEX                                                            A:03 X:A6 Y:01 S:FB P:NVUBdIzC 
    $FFEC:D0 FD     BNE $FFEB                                                      A:03 X:A5 Y:01 S:FB P:NVUBdIzC 
    $FFEB:CA        DEX                                                            A:03 X:A5 Y:01 S:FB P:NVUBdIzC 
    $FFEC:D0 FD     BNE $FFEB                                                      A:03 X:A4 Y:01 S:FB P:NVUBdIzC 
    $FFEB:CA        DEX                                                            A:03 X:A4 Y:01 S:FB P:NVUBdIzC 
    $FFEC:D0 FD     BNE $FFEB                                                      A:03 X:A3 Y:01 S:FB P:NVUBdIzC 
    $FFEB:CA        DEX                                                            A:03 X:A3 Y:01 S:FB P:NVUBdIzC 
    $FFEC:D0 FD     BNE $FFEB                                                      A:03 X:A2 Y:01 S:FB P:NVUBdIzC 
    $FFEB:CA        DEX                                                            A:03 X:A2 Y:01 S:FB P:NVUBdIzC 
    $FFEC:D0 FD     BNE $FFEB                                                      A:03 X:A1 Y:01 S:FB P:NVUBdIzC 
    $FFEB:CA        DEX                                                            A:03 X:A1 Y:01 S:FB P:NVUBdIzC 
    $FFEC:D0 FD     BNE $FFEB                                                      A:03 X:A0 Y:01 S:FB P:NVUBdIzC 
    $FFEB:CA        DEX                                                            A:03 X:A0 Y:01 S:FB P:NVUBdIzC 
    $FFEC:D0 FD     BNE $FFEB                                                      A:03 X:9F Y:01 S:FB P:NVUBdIzC 
    $FFEB:CA        DEX                                                            A:03 X:9F Y:01 S:FB P:NVUBdIzC 
    $FFEC:D0 FD     BNE $FFEB                                                      A:03 X:9E Y:01 S:FB P:NVUBdIzC 
    $FFEB:CA        DEX                                                            A:03 X:9E Y:01 S:FB P:NVUBdIzC 
    $FFEC:D0 FD     BNE $FFEB                                                      A:03 X:9D Y:01 S:FB P:NVUBdIzC 
    $FFEB:CA        DEX                                                            A:03 X:9D Y:01 S:FB P:NVUBdIzC 
    $FFEC:D0 FD     BNE $FFEB                                                      A:03 X:9C Y:01 S:FB P:NVUBdIzC 
    $FFEB:CA        DEX                                                            A:03 X:9C Y:01 S:FB P:NVUBdIzC 
    $FFEC:D0 FD     BNE $FFEB                                                      A:03 X:9B Y:01 S:FB P:NVUBdIzC 
    $FFEB:CA        DEX                                                            A:03 X:9B Y:01 S:FB P:NVUBdIzC 
    $FFEC:D0 FD     BNE $FFEB                                                      A:03 X:9A Y:01 S:FB P:NVUBdIzC 
    $FFEB:CA        DEX                                                            A:03 X:9A Y:01 S:FB P:NVUBdIzC 
    $FFEC:D0 FD     BNE $FFEB                                                      A:03 X:99 Y:01 S:FB P:NVUBdIzC 
    $FFEB:CA        DEX                                                            A:03 X:99 Y:01 S:FB P:NVUBdIzC 
    $FFEC:D0 FD     BNE $FFEB                                                      A:03 X:98 Y:01 S:FB P:NVUBdIzC 
    $FFEB:CA        DEX                                                            A:03 X:98 Y:01 S:FB P:NVUBdIzC 
    $FFEC:D0 FD     BNE $FFEB                                                      A:03 X:97 Y:01 S:FB P:NVUBdIzC 
    $FFEB:CA        DEX                                                            A:03 X:97 Y:01 S:FB P:NVUBdIzC 
    $FFEC:D0 FD     BNE $FFEB                                                      A:03 X:96 Y:01 S:FB P:NVUBdIzC 
    $FFEB:CA        DEX                                                            A:03 X:96 Y:01 S:FB P:NVUBdIzC 
    $FFEC:D0 FD     BNE $FFEB                                                      A:03 X:95 Y:01 S:FB P:NVUBdIzC 
    $FFEB:CA        DEX                                                            A:03 X:95 Y:01 S:FB P:NVUBdIzC 
    $FFEC:D0 FD     BNE $FFEB                                                      A:03 X:94 Y:01 S:FB P:NVUBdIzC 
    $FFEB:CA        DEX                                                            A:03 X:94 Y:01 S:FB P:NVUBdIzC 
    $FFEC:D0 FD     BNE $FFEB                                                      A:03 X:93 Y:01 S:FB P:NVUBdIzC 
    $FFEB:CA        DEX                                                            A:03 X:93 Y:01 S:FB P:NVUBdIzC 
    $FFEC:D0 FD     BNE $FFEB                                                      A:03 X:92 Y:01 S:FB P:NVUBdIzC 
    $FFEB:CA        DEX                                                            A:03 X:92 Y:01 S:FB P:NVUBdIzC 
    $FFEC:D0 FD     BNE $FFEB                                                      A:03 X:91 Y:01 S:FB P:NVUBdIzC 
    $FFEB:CA        DEX                                                            A:03 X:91 Y:01 S:FB P:NVUBdIzC 
    $FFEC:D0 FD     BNE $FFEB                                                      A:03 X:90 Y:01 S:FB P:NVUBdIzC 
    $FFEB:CA        DEX                                                            A:03 X:90 Y:01 S:FB P:NVUBdIzC 
    $FFEC:D0 FD     BNE $FFEB                                                      A:03 X:8F Y:01 S:FB P:NVUBdIzC 
    $FFEB:CA        DEX                                                            A:03 X:8F Y:01 S:FB P:NVUBdIzC 
    $FFEC:D0 FD     BNE $FFEB                                                      A:03 X:8E Y:01 S:FB P:NVUBdIzC 
    $FFEB:CA        DEX                                                            A:03 X:8E Y:01 S:FB P:NVUBdIzC 
    $FFEC:D0 FD     BNE $FFEB                                                      A:03 X:8D Y:01 S:FB P:NVUBdIzC 
    $FFEB:CA        DEX                                                            A:03 X:8D Y:01 S:FB P:NVUBdIzC 
    $FFEC:D0 FD     BNE $FFEB                                                      A:03 X:8C Y:01 S:FB P:NVUBdIzC 
    $FFEB:CA        DEX                                                            A:03 X:8C Y:01 S:FB P:NVUBdIzC 
    $FFEC:D0 FD     BNE $FFEB                                                      A:03 X:8B Y:01 S:FB P:NVUBdIzC 
    $FFEB:CA        DEX                                                            A:03 X:8B Y:01 S:FB P:NVUBdIzC 
    $FFEC:D0 FD     BNE $FFEB                                                      A:03 X:8A Y:01 S:FB P:NVUBdIzC 
    $FFEB:CA        DEX                                                            A:03 X:8A Y:01 S:FB P:NVUBdIzC 
    $FFEC:D0 FD     BNE $FFEB                                                      A:03 X:89 Y:01 S:FB P:NVUBdIzC 
    $FFEB:CA        DEX                                                            A:03 X:89 Y:01 S:FB P:NVUBdIzC 
    $FFEC:D0 FD     BNE $FFEB                                                      A:03 X:88 Y:01 S:FB P:NVUBdIzC 
    $FFEB:CA        DEX                                                            A:03 X:88 Y:01 S:FB P:NVUBdIzC 
    $FFEC:D0 FD     BNE $FFEB                                                      A:03 X:87 Y:01 S:FB P:NVUBdIzC 
    $FFEB:CA        DEX                                                            A:03 X:87 Y:01 S:FB P:NVUBdIzC 
    $FFEC:D0 FD     BNE $FFEB                                                      A:03 X:86 Y:01 S:FB P:NVUBdIzC 
    $FFEB:CA        DEX                                                            A:03 X:86 Y:01 S:FB P:NVUBdIzC 
    $FFEC:D0 FD     BNE $FFEB                                                      A:03 X:85 Y:01 S:FB P:NVUBdIzC 
    $FFEB:CA        DEX                                                            A:03 X:85 Y:01 S:FB P:NVUBdIzC 
    $FFEC:D0 FD     BNE $FFEB                                                      A:03 X:84 Y:01 S:FB P:NVUBdIzC 
    $FFEB:CA        DEX                                                            A:03 X:84 Y:01 S:FB P:NVUBdIzC 
    $FFEC:D0 FD     BNE $FFEB                                                      A:03 X:83 Y:01 S:FB P:NVUBdIzC 
    $FFEB:CA        DEX                                                            A:03 X:83 Y:01 S:FB P:NVUBdIzC 
    $FFEC:D0 FD     BNE $FFEB                                                      A:03 X:82 Y:01 S:FB P:NVUBdIzC 
    $FFEB:CA        DEX                                                            A:03 X:82 Y:01 S:FB P:NVUBdIzC 
    $FFEC:D0 FD     BNE $FFEB                                                      A:03 X:81 Y:01 S:FB P:NVUBdIzC 
    $FFEB:CA        DEX                                                            A:03 X:81 Y:01 S:FB P:NVUBdIzC 
    $FFEC:D0 FD     BNE $FFEB                                                      A:03 X:80 Y:01 S:FB P:NVUBdIzC 
    $FFEB:CA        DEX                                                            A:03 X:80 Y:01 S:FB P:NVUBdIzC 
    $FFEC:D0 FD     BNE $FFEB                                                      A:03 X:7F Y:01 S:FB P:nVUBdIzC 
    $FFEB:CA        DEX                                                            A:03 X:7F Y:01 S:FB P:nVUBdIzC 
    $FFEC:D0 FD     BNE $FFEB                                                      A:03 X:7E Y:01 S:FB P:nVUBdIzC 
    $FFEB:CA        DEX                                                            A:03 X:7E Y:01 S:FB P:nVUBdIzC 
    $FFEC:D0 FD     BNE $FFEB                                                      A:03 X:7D Y:01 S:FB P:nVUBdIzC 
    $FFEB:CA        DEX                                                            A:03 X:7D Y:01 S:FB P:nVUBdIzC 
    $FFEC:D0 FD     BNE $FFEB                                                      A:03 X:7C Y:01 S:FB P:nVUBdIzC 
    $FFEB:CA        DEX                                                            A:03 X:7C Y:01 S:FB P:nVUBdIzC 
    $FFEC:D0 FD     BNE $FFEB                                                      A:03 X:7B Y:01 S:FB P:nVUBdIzC 
    $FFEB:CA        DEX                                                            A:03 X:7B Y:01 S:FB P:nVUBdIzC 
    $FFEC:D0 FD     BNE $FFEB                                                      A:03 X:7A Y:01 S:FB P:nVUBdIzC 
    $FFEB:CA        DEX                                                            A:03 X:7A Y:01 S:FB P:nVUBdIzC 
    $FFEC:D0 FD     BNE $FFEB                                                      A:03 X:79 Y:01 S:FB P:nVUBdIzC 
    $FFEB:CA        DEX                                                            A:03 X:79 Y:01 S:FB P:nVUBdIzC 
    $FFEC:D0 FD     BNE $FFEB                                                      A:03 X:78 Y:01 S:FB P:nVUBdIzC 
    $FFEB:CA        DEX                                                            A:03 X:78 Y:01 S:FB P:nVUBdIzC 
    $FFEC:D0 FD     BNE $FFEB                                                      A:03 X:77 Y:01 S:FB P:nVUBdIzC 
    $FFEB:CA        DEX                                                            A:03 X:77 Y:01 S:FB P:nVUBdIzC 
    $FFEC:D0 FD     BNE $FFEB                                                      A:03 X:76 Y:01 S:FB P:nVUBdIzC 
    $FFEB:CA        DEX                                                            A:03 X:76 Y:01 S:FB P:nVUBdIzC 
    $FFEC:D0 FD     BNE $FFEB                                                      A:03 X:75 Y:01 S:FB P:nVUBdIzC 
    $FFEB:CA        DEX                                                            A:03 X:75 Y:01 S:FB P:nVUBdIzC 
    $FFEC:D0 FD     BNE $FFEB                                                      A:03 X:74 Y:01 S:FB P:nVUBdIzC 
    $FFEB:CA        DEX                                                            A:03 X:74 Y:01 S:FB P:nVUBdIzC 
    $FFEC:D0 FD     BNE $FFEB                                                      A:03 X:73 Y:01 S:FB P:nVUBdIzC 
    $FFEB:CA        DEX                                                            A:03 X:73 Y:01 S:FB P:nVUBdIzC 
    $FFEC:D0 FD     BNE $FFEB                                                      A:03 X:72 Y:01 S:FB P:nVUBdIzC 
    $FFEB:CA        DEX                                                            A:03 X:72 Y:01 S:FB P:nVUBdIzC 
    $FFEC:D0 FD     BNE $FFEB                                                      A:03 X:71 Y:01 S:FB P:nVUBdIzC 
    $FFEB:CA        DEX                                                            A:03 X:71 Y:01 S:FB P:nVUBdIzC 
    $FFEC:D0 FD     BNE $FFEB                                                      A:03 X:70 Y:01 S:FB P:nVUBdIzC 
    $FFEB:CA        DEX                                                            A:03 X:70 Y:01 S:FB P:nVUBdIzC 
    $FFEC:D0 FD     BNE $FFEB                                                      A:03 X:6F Y:01 S:FB P:nVUBdIzC 
    $FFEB:CA        DEX                                                            A:03 X:6F Y:01 S:FB P:nVUBdIzC 
    $FFEC:D0 FD     BNE $FFEB                                                      A:03 X:6E Y:01 S:FB P:nVUBdIzC 
    $FFEB:CA        DEX                                                            A:03 X:6E Y:01 S:FB P:nVUBdIzC 
    $FFEC:D0 FD     BNE $FFEB                                                      A:03 X:6D Y:01 S:FB P:nVUBdIzC 
    $FFEB:CA        DEX                                                            A:03 X:6D Y:01 S:FB P:nVUBdIzC 
    $FFEC:D0 FD     BNE $FFEB                                                      A:03 X:6C Y:01 S:FB P:nVUBdIzC 
    $FFEB:CA        DEX                                                            A:03 X:6C Y:01 S:FB P:nVUBdIzC 
    $FFEC:D0 FD     BNE $FFEB                                                      A:03 X:6B Y:01 S:FB P:nVUBdIzC 
    $FFEB:CA        DEX                                                            A:03 X:6B Y:01 S:FB P:nVUBdIzC 
    $FFEC:D0 FD     BNE $FFEB                                                      A:03 X:6A Y:01 S:FB P:nVUBdIzC 
    $FFEB:CA        DEX                                                            A:03 X:6A Y:01 S:FB P:nVUBdIzC 
    $FFEC:D0 FD     BNE $FFEB                                                      A:03 X:69 Y:01 S:FB P:nVUBdIzC 
    $FFEB:CA        DEX                                                            A:03 X:69 Y:01 S:FB P:nVUBdIzC 
    $FFEC:D0 FD     BNE $FFEB                                                      A:03 X:68 Y:01 S:FB P:nVUBdIzC 
    $FFEB:CA        DEX                                                            A:03 X:68 Y:01 S:FB P:nVUBdIzC 
    $FFEC:D0 FD     BNE $FFEB                                                      A:03 X:67 Y:01 S:FB P:nVUBdIzC 
    $FFEB:CA        DEX                                                            A:03 X:67 Y:01 S:FB P:nVUBdIzC 
    $FFEC:D0 FD     BNE $FFEB                                                      A:03 X:66 Y:01 S:FB P:nVUBdIzC 
    $FFEB:CA        DEX                                                            A:03 X:66 Y:01 S:FB P:nVUBdIzC 
    $FFEC:D0 FD     BNE $FFEB                                                      A:03 X:65 Y:01 S:FB P:nVUBdIzC 
    $FFEB:CA        DEX                                                            A:03 X:65 Y:01 S:FB P:nVUBdIzC 
    $FFEC:D0 FD     BNE $FFEB                                                      A:03 X:64 Y:01 S:FB P:nVUBdIzC 
    $FFEB:CA        DEX                                                            A:03 X:64 Y:01 S:FB P:nVUBdIzC 
    $FFEC:D0 FD     BNE $FFEB                                                      A:03 X:63 Y:01 S:FB P:nVUBdIzC 
    $FFEB:CA        DEX                                                            A:03 X:63 Y:01 S:FB P:nVUBdIzC 
    $FFEC:D0 FD     BNE $FFEB                                                      A:03 X:62 Y:01 S:FB P:nVUBdIzC 
    $FFEB:CA        DEX                                                            A:03 X:62 Y:01 S:FB P:nVUBdIzC 
    $FFEC:D0 FD     BNE $FFEB                                                      A:03 X:61 Y:01 S:FB P:nVUBdIzC 
    $FFEB:CA        DEX                                                            A:03 X:61 Y:01 S:FB P:nVUBdIzC 
    $FFEC:D0 FD     BNE $FFEB                                                      A:03 X:60 Y:01 S:FB P:nVUBdIzC 
    $FFEB:CA        DEX                                                            A:03 X:60 Y:01 S:FB P:nVUBdIzC 
    $FFEC:D0 FD     BNE $FFEB                                                      A:03 X:5F Y:01 S:FB P:nVUBdIzC 
    $FFEB:CA        DEX                                                            A:03 X:5F Y:01 S:FB P:nVUBdIzC 
    $FFEC:D0 FD     BNE $FFEB                                                      A:03 X:5E Y:01 S:FB P:nVUBdIzC 
    $FFEB:CA        DEX                                                            A:03 X:5E Y:01 S:FB P:nVUBdIzC 
    $FFEC:D0 FD     BNE $FFEB                                                      A:03 X:5D Y:01 S:FB P:nVUBdIzC 
    $FFEB:CA        DEX                                                            A:03 X:5D Y:01 S:FB P:nVUBdIzC 
    $FFEC:D0 FD     BNE $FFEB                                                      A:03 X:5C Y:01 S:FB P:nVUBdIzC 
    $FFEB:CA        DEX                                                            A:03 X:5C Y:01 S:FB P:nVUBdIzC 
    $FFEC:D0 FD     BNE $FFEB                                                      A:03 X:5B Y:01 S:FB P:nVUBdIzC 
    $FFEB:CA        DEX                                                            A:03 X:5B Y:01 S:FB P:nVUBdIzC 
    $FFEC:D0 FD     BNE $FFEB                                                      A:03 X:5A Y:01 S:FB P:nVUBdIzC 
    $FFEB:CA        DEX                                                            A:03 X:5A Y:01 S:FB P:nVUBdIzC 
    $FFEC:D0 FD     BNE $FFEB                                                      A:03 X:59 Y:01 S:FB P:nVUBdIzC 
    $FFEB:CA        DEX                                                            A:03 X:59 Y:01 S:FB P:nVUBdIzC 
    $FFEC:D0 FD     BNE $FFEB                                                      A:03 X:58 Y:01 S:FB P:nVUBdIzC 
    $FFEB:CA        DEX                                                            A:03 X:58 Y:01 S:FB P:nVUBdIzC 
    $FFEC:D0 FD     BNE $FFEB                                                      A:03 X:57 Y:01 S:FB P:nVUBdIzC 
    $FFEB:CA        DEX                                                            A:03 X:57 Y:01 S:FB P:nVUBdIzC 
    $FFEC:D0 FD     BNE $FFEB                                                      A:03 X:56 Y:01 S:FB P:nVUBdIzC 
    $FFEB:CA        DEX                                                            A:03 X:56 Y:01 S:FB P:nVUBdIzC 
    $FFEC:D0 FD     BNE $FFEB                                                      A:03 X:55 Y:01 S:FB P:nVUBdIzC 
    $FFEB:CA        DEX                                                            A:03 X:55 Y:01 S:FB P:nVUBdIzC 
    $FFEC:D0 FD     BNE $FFEB                                                      A:03 X:54 Y:01 S:FB P:nVUBdIzC 
    $FFEB:CA        DEX                                                            A:03 X:54 Y:01 S:FB P:nVUBdIzC 
    $FFEC:D0 FD     BNE $FFEB                                                      A:03 X:53 Y:01 S:FB P:nVUBdIzC 
    $FFEB:CA        DEX                                                            A:03 X:53 Y:01 S:FB P:nVUBdIzC 
    $FFEC:D0 FD     BNE $FFEB                                                      A:03 X:52 Y:01 S:FB P:nVUBdIzC 
    $FFEB:CA        DEX                                                            A:03 X:52 Y:01 S:FB P:nVUBdIzC 
    $FFEC:D0 FD     BNE $FFEB                                                      A:03 X:51 Y:01 S:FB P:nVUBdIzC 
    $FFEB:CA        DEX                                                            A:03 X:51 Y:01 S:FB P:nVUBdIzC 
    $FFEC:D0 FD     BNE $FFEB                                                      A:03 X:50 Y:01 S:FB P:nVUBdIzC 
    $FFEB:CA        DEX                                                            A:03 X:50 Y:01 S:FB P:nVUBdIzC 
    $FFEC:D0 FD     BNE $FFEB                                                      A:03 X:4F Y:01 S:FB P:nVUBdIzC 
    $FFEB:CA        DEX                                                            A:03 X:4F Y:01 S:FB P:nVUBdIzC 
    $FFEC:D0 FD     BNE $FFEB                                                      A:03 X:4E Y:01 S:FB P:nVUBdIzC 
    $FFEB:CA        DEX                                                            A:03 X:4E Y:01 S:FB P:nVUBdIzC 
    $FFEC:D0 FD     BNE $FFEB                                                      A:03 X:4D Y:01 S:FB P:nVUBdIzC 
    $FFEB:CA        DEX                                                            A:03 X:4D Y:01 S:FB P:nVUBdIzC 
    $FFEC:D0 FD     BNE $FFEB                                                      A:03 X:4C Y:01 S:FB P:nVUBdIzC 
    $FFEB:CA        DEX                                                            A:03 X:4C Y:01 S:FB P:nVUBdIzC 
    $FFEC:D0 FD     BNE $FFEB                                                      A:03 X:4B Y:01 S:FB P:nVUBdIzC 
    $FFEB:CA        DEX                                                            A:03 X:4B Y:01 S:FB P:nVUBdIzC 
    $FFEC:D0 FD     BNE $FFEB                                                      A:03 X:4A Y:01 S:FB P:nVUBdIzC 
    $FFEB:CA        DEX                                                            A:03 X:4A Y:01 S:FB P:nVUBdIzC 
    $FFEC:D0 FD     BNE $FFEB                                                      A:03 X:49 Y:01 S:FB P:nVUBdIzC 
    $FFEB:CA        DEX                                                            A:03 X:49 Y:01 S:FB P:nVUBdIzC 
    $FFEC:D0 FD     BNE $FFEB                                                      A:03 X:48 Y:01 S:FB P:nVUBdIzC 
    $FFEB:CA        DEX                                                            A:03 X:48 Y:01 S:FB P:nVUBdIzC 
    $FFEC:D0 FD     BNE $FFEB                                                      A:03 X:47 Y:01 S:FB P:nVUBdIzC 
    $FFEB:CA        DEX                                                            A:03 X:47 Y:01 S:FB P:nVUBdIzC 
    $FFEC:D0 FD     BNE $FFEB                                                      A:03 X:46 Y:01 S:FB P:nVUBdIzC 
    $FFEB:CA        DEX                                                            A:03 X:46 Y:01 S:FB P:nVUBdIzC 
    $FFEC:D0 FD     BNE $FFEB                                                      A:03 X:45 Y:01 S:FB P:nVUBdIzC 
    $FFEB:CA        DEX                                                            A:03 X:45 Y:01 S:FB P:nVUBdIzC 
    $FFEC:D0 FD     BNE $FFEB                                                      A:03 X:44 Y:01 S:FB P:nVUBdIzC 
    $FFEB:CA        DEX                                                            A:03 X:44 Y:01 S:FB P:nVUBdIzC 
    $FFEC:D0 FD     BNE $FFEB                                                      A:03 X:43 Y:01 S:FB P:nVUBdIzC 
    $FFEB:CA        DEX                                                            A:03 X:43 Y:01 S:FB P:nVUBdIzC 
    $FFEC:D0 FD     BNE $FFEB                                                      A:03 X:42 Y:01 S:FB P:nVUBdIzC 
    $FFEB:CA        DEX                                                            A:03 X:42 Y:01 S:FB P:nVUBdIzC 
    $FFEC:D0 FD     BNE $FFEB                                                      A:03 X:41 Y:01 S:FB P:nVUBdIzC 
    $FFEB:CA        DEX                                                            A:03 X:41 Y:01 S:FB P:nVUBdIzC 
    $FFEC:D0 FD     BNE $FFEB                                                      A:03 X:40 Y:01 S:FB P:nVUBdIzC 
    $FFEB:CA        DEX                                                            A:03 X:40 Y:01 S:FB P:nVUBdIzC 
    $FFEC:D0 FD     BNE $FFEB                                                      A:03 X:3F Y:01 S:FB P:nVUBdIzC 
    $FFEB:CA        DEX                                                            A:03 X:3F Y:01 S:FB P:nVUBdIzC 
    $FFEC:D0 FD     BNE $FFEB                                                      A:03 X:3E Y:01 S:FB P:nVUBdIzC 
    $FFEB:CA        DEX                                                            A:03 X:3E Y:01 S:FB P:nVUBdIzC 
    $FFEC:D0 FD     BNE $FFEB                                                      A:03 X:3D Y:01 S:FB P:nVUBdIzC 
    $FFEB:CA        DEX                                                            A:03 X:3D Y:01 S:FB P:nVUBdIzC 
    $FFEC:D0 FD     BNE $FFEB                                                      A:03 X:3C Y:01 S:FB P:nVUBdIzC 
    $FFEB:CA        DEX                                                            A:03 X:3C Y:01 S:FB P:nVUBdIzC 
    $FFEC:D0 FD     BNE $FFEB                                                      A:03 X:3B Y:01 S:FB P:nVUBdIzC 
    $FFEB:CA        DEX                                                            A:03 X:3B Y:01 S:FB P:nVUBdIzC 
    $FFEC:D0 FD     BNE $FFEB                                                      A:03 X:3A Y:01 S:FB P:nVUBdIzC 
    $FFEB:CA        DEX                                                            A:03 X:3A Y:01 S:FB P:nVUBdIzC 
    $FFEC:D0 FD     BNE $FFEB                                                      A:03 X:39 Y:01 S:FB P:nVUBdIzC 
    $FFEB:CA        DEX                                                            A:03 X:39 Y:01 S:FB P:nVUBdIzC 
    $FFEC:D0 FD     BNE $FFEB                                                      A:03 X:38 Y:01 S:FB P:nVUBdIzC 
    $FFEB:CA        DEX                                                            A:03 X:38 Y:01 S:FB P:nVUBdIzC 
    $FFEC:D0 FD     BNE $FFEB                                                      A:03 X:37 Y:01 S:FB P:nVUBdIzC 
    $FFEB:CA        DEX                                                            A:03 X:37 Y:01 S:FB P:nVUBdIzC 
    $FFEC:D0 FD     BNE $FFEB                                                      A:03 X:36 Y:01 S:FB P:nVUBdIzC 
    $FFEB:CA        DEX                                                            A:03 X:36 Y:01 S:FB P:nVUBdIzC 
    $FFEC:D0 FD     BNE $FFEB                                                      A:03 X:35 Y:01 S:FB P:nVUBdIzC 
    $FFEB:CA        DEX                                                            A:03 X:35 Y:01 S:FB P:nVUBdIzC 
    $FFEC:D0 FD     BNE $FFEB                                                      A:03 X:34 Y:01 S:FB P:nVUBdIzC 
    $FFEB:CA        DEX                                                            A:03 X:34 Y:01 S:FB P:nVUBdIzC 
    $FFEC:D0 FD     BNE $FFEB                                                      A:03 X:33 Y:01 S:FB P:nVUBdIzC 
    $FFEB:CA        DEX                                                            A:03 X:33 Y:01 S:FB P:nVUBdIzC 
    $FFEC:D0 FD     BNE $FFEB                                                      A:03 X:32 Y:01 S:FB P:nVUBdIzC 
    $FFEB:CA        DEX                                                            A:03 X:32 Y:01 S:FB P:nVUBdIzC 
    $FFEC:D0 FD     BNE $FFEB                                                      A:03 X:31 Y:01 S:FB P:nVUBdIzC 
    $FFEB:CA        DEX                                                            A:03 X:31 Y:01 S:FB P:nVUBdIzC 
    $FFEC:D0 FD     BNE $FFEB                                                      A:03 X:30 Y:01 S:FB P:nVUBdIzC 
    $FFEB:CA        DEX                                                            A:03 X:30 Y:01 S:FB P:nVUBdIzC 
    $FFEC:D0 FD     BNE $FFEB                                                      A:03 X:2F Y:01 S:FB P:nVUBdIzC 
    $FFEB:CA        DEX                                                            A:03 X:2F Y:01 S:FB P:nVUBdIzC 
    $FFEC:D0 FD     BNE $FFEB                                                      A:03 X:2E Y:01 S:FB P:nVUBdIzC 
    $FFEB:CA        DEX                                                            A:03 X:2E Y:01 S:FB P:nVUBdIzC 
    $FFEC:D0 FD     BNE $FFEB                                                      A:03 X:2D Y:01 S:FB P:nVUBdIzC 
    $FFEB:CA        DEX                                                            A:03 X:2D Y:01 S:FB P:nVUBdIzC 
    $FFEC:D0 FD     BNE $FFEB                                                      A:03 X:2C Y:01 S:FB P:nVUBdIzC 
    $FFEB:CA        DEX                                                            A:03 X:2C Y:01 S:FB P:nVUBdIzC 
    $FFEC:D0 FD     BNE $FFEB                                                      A:03 X:2B Y:01 S:FB P:nVUBdIzC 
    $FFEB:CA        DEX                                                            A:03 X:2B Y:01 S:FB P:nVUBdIzC 
    $FFEC:D0 FD     BNE $FFEB                                                      A:03 X:2A Y:01 S:FB P:nVUBdIzC 
    $FFEB:CA        DEX                                                            A:03 X:2A Y:01 S:FB P:nVUBdIzC 
    $FFEC:D0 FD     BNE $FFEB                                                      A:03 X:29 Y:01 S:FB P:nVUBdIzC 
    $FFEB:CA        DEX                                                            A:03 X:29 Y:01 S:FB P:nVUBdIzC 
    $FFEC:D0 FD     BNE $FFEB                                                      A:03 X:28 Y:01 S:FB P:nVUBdIzC 
    $FFEB:CA        DEX                                                            A:03 X:28 Y:01 S:FB P:nVUBdIzC 
    $FFEC:D0 FD     BNE $FFEB                                                      A:03 X:27 Y:01 S:FB P:nVUBdIzC 
    $FFEB:CA        DEX                                                            A:03 X:27 Y:01 S:FB P:nVUBdIzC 
    $FFEC:D0 FD     BNE $FFEB                                                      A:03 X:26 Y:01 S:FB P:nVUBdIzC 
    $FFEB:CA        DEX                                                            A:03 X:26 Y:01 S:FB P:nVUBdIzC 
    $FFEC:D0 FD     BNE $FFEB                                                      A:03 X:25 Y:01 S:FB P:nVUBdIzC 
    $FFEB:CA        DEX                                                            A:03 X:25 Y:01 S:FB P:nVUBdIzC 
    $FFEC:D0 FD     BNE $FFEB                                                      A:03 X:24 Y:01 S:FB P:nVUBdIzC 
    $FFEB:CA        DEX                                                            A:03 X:24 Y:01 S:FB P:nVUBdIzC 
    $FFEC:D0 FD     BNE $FFEB                                                      A:03 X:23 Y:01 S:FB P:nVUBdIzC 
    $FFEB:CA        DEX                                                            A:03 X:23 Y:01 S:FB P:nVUBdIzC 
    $FFEC:D0 FD     BNE $FFEB                                                      A:03 X:22 Y:01 S:FB P:nVUBdIzC 
    $FFEB:CA        DEX                                                            A:03 X:22 Y:01 S:FB P:nVUBdIzC 
    $FFEC:D0 FD     BNE $FFEB                                                      A:03 X:21 Y:01 S:FB P:nVUBdIzC 
    $FFEB:CA        DEX                                                            A:03 X:21 Y:01 S:FB P:nVUBdIzC 
    $FFEC:D0 FD     BNE $FFEB                                                      A:03 X:20 Y:01 S:FB P:nVUBdIzC 
    $FFEB:CA        DEX                                                            A:03 X:20 Y:01 S:FB P:nVUBdIzC 
    $FFEC:D0 FD     BNE $FFEB                                                      A:03 X:1F Y:01 S:FB P:nVUBdIzC 
    $FFEB:CA        DEX                                                            A:03 X:1F Y:01 S:FB P:nVUBdIzC 
    $FFEC:D0 FD     BNE $FFEB                                                      A:03 X:1E Y:01 S:FB P:nVUBdIzC 
    $FFEB:CA        DEX                                                            A:03 X:1E Y:01 S:FB P:nVUBdIzC 
    $FFEC:D0 FD     BNE $FFEB                                                      A:03 X:1D Y:01 S:FB P:nVUBdIzC 
    $FFEB:CA        DEX                                                            A:03 X:1D Y:01 S:FB P:nVUBdIzC 
    $FFEC:D0 FD     BNE $FFEB                                                      A:03 X:1C Y:01 S:FB P:nVUBdIzC 
    $FFEB:CA        DEX                                                            A:03 X:1C Y:01 S:FB P:nVUBdIzC 
    $FFEC:D0 FD     BNE $FFEB                                                      A:03 X:1B Y:01 S:FB P:nVUBdIzC 
    $FFEB:CA        DEX                                                            A:03 X:1B Y:01 S:FB P:nVUBdIzC 
    $FFEC:D0 FD     BNE $FFEB                                                      A:03 X:1A Y:01 S:FB P:nVUBdIzC 
    $FFEB:CA        DEX                                                            A:03 X:1A Y:01 S:FB P:nVUBdIzC 
    $FFEC:D0 FD     BNE $FFEB                                                      A:03 X:19 Y:01 S:FB P:nVUBdIzC 
    $FFEB:CA        DEX                                                            A:03 X:19 Y:01 S:FB P:nVUBdIzC 
    $FFEC:D0 FD     BNE $FFEB                                                      A:03 X:18 Y:01 S:FB P:nVUBdIzC 
    $FFEB:CA        DEX                                                            A:03 X:18 Y:01 S:FB P:nVUBdIzC 
    $FFEC:D0 FD     BNE $FFEB                                                      A:03 X:17 Y:01 S:FB P:nVUBdIzC 
    $FFEB:CA        DEX                                                            A:03 X:17 Y:01 S:FB P:nVUBdIzC 
    $FFEC:D0 FD     BNE $FFEB                                                      A:03 X:16 Y:01 S:FB P:nVUBdIzC 
    $FFEB:CA        DEX                                                            A:03 X:16 Y:01 S:FB P:nVUBdIzC 
    $FFEC:D0 FD     BNE $FFEB                                                      A:03 X:15 Y:01 S:FB P:nVUBdIzC 
    $FFEB:CA        DEX                                                            A:03 X:15 Y:01 S:FB P:nVUBdIzC 
    $FFEC:D0 FD     BNE $FFEB                                                      A:03 X:14 Y:01 S:FB P:nVUBdIzC 
    $FFEB:CA        DEX                                                            A:03 X:14 Y:01 S:FB P:nVUBdIzC 
    $FFEC:D0 FD     BNE $FFEB                                                      A:03 X:13 Y:01 S:FB P:nVUBdIzC 
    $FFEB:CA        DEX                                                            A:03 X:13 Y:01 S:FB P:nVUBdIzC 
    $FFEC:D0 FD     BNE $FFEB                                                      A:03 X:12 Y:01 S:FB P:nVUBdIzC 
    $FFEB:CA        DEX                                                            A:03 X:12 Y:01 S:FB P:nVUBdIzC 
    $FFEC:D0 FD     BNE $FFEB                                                      A:03 X:11 Y:01 S:FB P:nVUBdIzC 
    $FFEB:CA        DEX                                                            A:03 X:11 Y:01 S:FB P:nVUBdIzC 
    $FFEC:D0 FD     BNE $FFEB                                                      A:03 X:10 Y:01 S:FB P:nVUBdIzC 
    $FFEB:CA        DEX                                                            A:03 X:10 Y:01 S:FB P:nVUBdIzC 
    $FFEC:D0 FD     BNE $FFEB                                                      A:03 X:0F Y:01 S:FB P:nVUBdIzC 
    $FFEB:CA        DEX                                                            A:03 X:0F Y:01 S:FB P:nVUBdIzC 
    $FFEC:D0 FD     BNE $FFEB                                                      A:03 X:0E Y:01 S:FB P:nVUBdIzC 
    $FFEB:CA        DEX                                                            A:03 X:0E Y:01 S:FB P:nVUBdIzC 
    $FFEC:D0 FD     BNE $FFEB                                                      A:03 X:0D Y:01 S:FB P:nVUBdIzC 
    $FFEB:CA        DEX                                                            A:03 X:0D Y:01 S:FB P:nVUBdIzC 
    $FFEC:D0 FD     BNE $FFEB                                                      A:03 X:0C Y:01 S:FB P:nVUBdIzC 
    $FFEB:CA        DEX                                                            A:03 X:0C Y:01 S:FB P:nVUBdIzC 
    $FFEC:D0 FD     BNE $FFEB                                                      A:03 X:0B Y:01 S:FB P:nVUBdIzC 
    $FFEB:CA        DEX                                                            A:03 X:0B Y:01 S:FB P:nVUBdIzC 
    $FFEC:D0 FD     BNE $FFEB                                                      A:03 X:0A Y:01 S:FB P:nVUBdIzC 
    $FFEB:CA        DEX                                                            A:03 X:0A Y:01 S:FB P:nVUBdIzC 
    $FFEC:D0 FD     BNE $FFEB                                                      A:03 X:09 Y:01 S:FB P:nVUBdIzC 
    $FFEB:CA        DEX                                                            A:03 X:09 Y:01 S:FB P:nVUBdIzC 
    $FFEC:D0 FD     BNE $FFEB                                                      A:03 X:08 Y:01 S:FB P:nVUBdIzC 
    $FFEB:CA        DEX                                                            A:03 X:08 Y:01 S:FB P:nVUBdIzC 
    $FFEC:D0 FD     BNE $FFEB                                                      A:03 X:07 Y:01 S:FB P:nVUBdIzC 
    $FFEB:CA        DEX                                                            A:03 X:07 Y:01 S:FB P:nVUBdIzC 
    $FFEC:D0 FD     BNE $FFEB                                                      A:03 X:06 Y:01 S:FB P:nVUBdIzC 
    $FFEB:CA        DEX                                                            A:03 X:06 Y:01 S:FB P:nVUBdIzC 
    $FFEC:D0 FD     BNE $FFEB                                                      A:03 X:05 Y:01 S:FB P:nVUBdIzC 
    $FFEB:CA        DEX                                                            A:03 X:05 Y:01 S:FB P:nVUBdIzC 
    $FFEC:D0 FD     BNE $FFEB                                                      A:03 X:04 Y:01 S:FB P:nVUBdIzC 
    $FFEB:CA        DEX                                                            A:03 X:04 Y:01 S:FB P:nVUBdIzC 
    $FFEC:D0 FD     BNE $FFEB                                                      A:03 X:03 Y:01 S:FB P:nVUBdIzC 
    $FFEB:CA        DEX                                                            A:03 X:03 Y:01 S:FB P:nVUBdIzC 
    $FFEC:D0 FD     BNE $FFEB                                                      A:03 X:02 Y:01 S:FB P:nVUBdIzC 
    $FFEB:CA        DEX                                                            A:03 X:02 Y:01 S:FB P:nVUBdIzC 
    $FFEC:D0 FD     BNE $FFEB                                                      A:03 X:01 Y:01 S:FB P:nVUBdIzC 
    $FFEB:CA        DEX                                                            A:03 X:01 Y:01 S:FB P:nVUBdIzC 
    $FFEC:D0 FD     BNE $FFEB                                                      A:03 X:00 Y:01 S:FB P:nVUBdIZC 
    $FFEE:88        DEY                                                            A:03 X:00 Y:01 S:FB P:nVUBdIZC 
    $FFEF:D0 FA     BNE $FFEB                                                      A:03 X:00 Y:00 S:FB P:nVUBdIZC 
    $FFF1:60        RTS (from $FFEB) ----------------------------------------------A:03 X:00 Y:00 S:FB P:nVUBdIZC 
  $8699:AD 02 20  LDA $2002 = #$17                                               A:03 X:00 Y:00 S:FD P:nVUBdIZC 
  $869C:A5 87     LDA $0087 = #$CB                                               A:17 X:00 Y:00 S:FD P:nVUBdIzC 
  $869E:A4 09     LDY $0009 = #$90                                               A:CB X:00 Y:00 S:FD P:NVUBdIzC 
  $86A0:10 05     BPL $86A7                                                      A:CB X:00 Y:90 S:FD P:NVUBdIzC 
  $86A2:A4 F6     LDY $00F6 = #$00                                               A:CB X:00 Y:90 S:FD P:NVUBdIzC 
  $86A4:D0 01     BNE $86A7                                                      A:CB X:00 Y:00 S:FD P:nVUBdIZC 
  $86A6:4A        LSR                                                            A:CB X:00 Y:00 S:FD P:nVUBdIZC 
  $86A7:8D 05 20  STA $2005 = #$07                                               A:65 X:00 Y:00 S:FD P:nVUBdIzC 
  $86AA:A9 00     LDA #$00                                                       A:65 X:00 Y:00 S:FD P:nVUBdIzC 
  $86AC:4C 84 FF  JMP $FF84                                                      A:00 X:00 Y:00 S:FD P:nVUBdIZC 
  $FF84:85 3E     STA $003E = #$00                                               A:00 X:00 Y:00 S:FD P:nVUBdIZC 
  $FF86:29 10     AND #$10                                                       A:00 X:00 Y:00 S:FD P:nVUBdIZC 
  $FF88:09 03     ORA #$03                                                       A:00 X:00 Y:00 S:FD P:nVUBdIZC 
  $FF8A:A8        TAY                                                            A:03 X:00 Y:00 S:FD P:nVUBdIzC 
  $FF8B:99 B3 FF  STA $FFB3,Y @ $FFB6 = #$03                                     A:03 X:00 Y:03 S:FD P:nVUBdIzC 
  $FF8E:20 65 88  JSR $8865                                                      A:03 X:00 Y:03 S:FD P:nVUBdIzC 
    $8865:A5 32     LDA $0032 = #$E0                                               A:03 X:00 Y:03 S:FB P:nVUBdIzC 
    $8867:18        CLC                                                            A:E0 X:00 Y:03 S:FB P:NVUBdIzC 
    $8868:65 33     ADC $0033 = #$8A                                               A:E0 X:00 Y:03 S:FB P:NVUBdIzc 
    $886A:85 32     STA $0032 = #$E0                                               A:6A X:00 Y:03 S:FB P:nVUBdIzC 
    $886C:6A        ROR                                                            A:6A X:00 Y:03 S:FB P:nVUBdIzC 
    $886D:85 34     STA $0034 = #$70                                               A:B5 X:00 Y:03 S:FB P:NVUBdIzc 
    $886F:A2 00     LDX #$00                                                       A:B5 X:00 Y:03 S:FB P:NVUBdIzc 
    $8871:BD 01 03  LDA $0301,X @ $0301 = #$01                                     A:B5 X:00 Y:03 S:FB P:nVUBdIZc 
    $8874:F0 03     BEQ $8879                                                      A:01 X:00 Y:03 S:FB P:nVUBdIzc 
    $8876:20 8A 88  JSR $888A                                                      A:01 X:00 Y:03 S:FB P:nVUBdIzc 
      $888A:A5 34     LDA $0034 = #$B5                                               A:01 X:00 Y:03 S:F9 P:nVUBdIzc 
      $888C:30 03     BMI $8891                                                      A:B5 X:00 Y:03 S:F9 P:NVUBdIzc 
      $8891:DE 02 03  DEC $0302,X @ $0302 = #$03                                     A:B5 X:00 Y:03 S:F9 P:NVUBdIzc 
      $8894:D0 F3     BNE $8889                                                      A:B5 X:00 Y:03 S:F9 P:nVUBdIzc 
      $8889:60        RTS (from $888A) ----------------------------------------------A:B5 X:00 Y:03 S:F9 P:nVUBdIzc 
    $8879:BD 11 03  LDA $0311,X @ $0311 = #$89                                     A:B5 X:00 Y:03 S:FB P:nVUBdIzc 
    $887C:F0 03     BEQ $8881                                                      A:89 X:00 Y:03 S:FB P:NVUBdIzc 
    $887E:20 D7 8A  JSR $8AD7                                                      A:89 X:00 Y:03 S:FB P:NVUBdIzc 
      $8AD7:BD 32 03  LDA $0332,X @ $0332 = #$55                                     A:89 X:00 Y:03 S:F9 P:NVUBdIzc 
      $8ADA:C9 55     CMP #$55                                                       A:55 X:00 Y:03 S:F9 P:nVUBdIzc 
      $8ADC:F0 C6     BEQ $8AA4                                                      A:55 X:00 Y:03 S:F9 P:nVUBdIZC 
      $8AA4:BD 11 03  LDA $0311,X @ $0311 = #$89                                     A:55 X:00 Y:03 S:F9 P:nVUBdIZC 
      $8AA7:29 FE     AND #$FE                                                       A:89 X:00 Y:03 S:F9 P:NVUBdIzC 
      $8AA9:A8        TAY                                                            A:88 X:00 Y:03 S:F9 P:NVUBdIzC 
      $8AAA:B9 9A 8E  LDA $8E9A,Y @ $8F22 = #$83                                     A:88 X:00 Y:88 S:F9 P:NVUBdIzC 
      $8AAD:85 37     STA $0037 = #$3E                                               A:83 X:00 Y:88 S:F9 P:NVUBdIzC 
      $8AAF:B9 9B 8E  LDA $8E9B,Y @ $8F23 = #$94                                     A:83 X:00 Y:88 S:F9 P:NVUBdIzC 
      $8AB2:85 38     STA $0038 = #$A1                                               A:94 X:00 Y:88 S:F9 P:NVUBdIzC 
      $8AB4:A0 00     LDY #$00                                                       A:94 X:00 Y:88 S:F9 P:NVUBdIzC 
      $8AB6:98        TYA                                                            A:94 X:00 Y:00 S:F9 P:nVUBdIZC 
      $8AB7:9D 61 03  STA $0361,X @ $0361 = #$00                                     A:00 X:00 Y:00 S:F9 P:nVUBdIZC 
      $8ABA:B1 37     LDA ($37),Y @ $9483 = #$B6                                     A:00 X:00 Y:00 S:F9 P:nVUBdIZC 
      $8ABC:29 0F     AND #$0F                                                       A:B6 X:00 Y:00 S:F9 P:NVUBdIzC 
      $8ABE:9D 12 03  STA $0312,X @ $0312 = #$33                                     A:06 X:00 Y:00 S:F9 P:nVUBdIzC 
      $8AC1:B1 37     LDA ($37),Y @ $9483 = #$B6                                     A:06 X:00 Y:00 S:F9 P:nVUBdIzC 
      $8AC3:29 F0     AND #$F0                                                       A:B6 X:00 Y:00 S:F9 P:NVUBdIzC 
      $8AC5:9D 31 03  STA $0331,X @ $0331 = #$71                                     A:B0 X:00 Y:00 S:F9 P:NVUBdIzC 
      $8AC8:C8        INY                                                            A:B0 X:00 Y:00 S:F9 P:NVUBdIzC 
      $8AC9:B1 37     LDA ($37),Y @ $9484 = #$83                                     A:B0 X:00 Y:01 S:F9 P:nVUBdIzC 
      $8ACB:9D 32 03  STA $0332,X @ $0332 = #$55                                     A:83 X:00 Y:01 S:F9 P:NVUBdIzC 
      $8ACE:C8        INY                                                            A:83 X:00 Y:01 S:F9 P:NVUBdIzC 
      $8ACF:B1 37     LDA ($37),Y @ $9485 = #$07                                     A:83 X:00 Y:02 S:F9 P:nVUBdIzC 
      $8AD1:9D 34 03  STA $0334,X @ $0334 = #$00                                     A:07 X:00 Y:02 S:F9 P:nVUBdIzC 
      $8AD4:4C 59 8B  JMP $8B59                                                      A:07 X:00 Y:02 S:F9 P:nVUBdIzC 
      $8B59:98        TYA                                                            A:07 X:00 Y:02 S:F9 P:nVUBdIzC 
      $8B5A:38        SEC                                                            A:02 X:00 Y:02 S:F9 P:nVUBdIzC 
      $8B5B:65 37     ADC $0037 = #$83                                               A:02 X:00 Y:02 S:F9 P:nVUBdIzC 
      $8B5D:9D 13 03  STA $0313,X @ $0313 = #$E4                                     A:86 X:00 Y:02 S:F9 P:NvUBdIzc 
      $8B60:A5 38     LDA $0038 = #$94                                               A:86 X:00 Y:02 S:F9 P:NvUBdIzc 
      $8B62:69 00     ADC #$00                                                       A:94 X:00 Y:02 S:F9 P:NvUBdIzc 
      $8B64:9D 14 03  STA $0314,X @ $0314 = #$93                                     A:94 X:00 Y:02 S:F9 P:NvUBdIzc 
      $8B67:60        RTS (from $8AD7) ----------------------------------------------A:94 X:00 Y:02 S:F9 P:NvUBdIzc 
    $8881:E8        INX                                                            A:94 X:00 Y:02 S:FB P:NvUBdIzc 
    $8882:E8        INX                                                            A:94 X:01 Y:02 S:FB P:nvUBdIzc 
    $8883:E8        INX                                                            A:94 X:02 Y:02 S:FB P:nvUBdIzc 
    $8884:E8        INX                                                            A:94 X:03 Y:02 S:FB P:nvUBdIzc 
    $8885:E0 10     CPX #$10                                                       A:94 X:04 Y:02 S:FB P:nvUBdIzc 
    $8887:90 E8     BCC $8871                                                      A:94 X:04 Y:02 S:FB P:NvUBdIzc 
    $8871:BD 01 03  LDA $0301,X @ $0305 = #$0A                                     A:94 X:04 Y:02 S:FB P:NvUBdIzc 
    $8874:F0 03     BEQ $8879                                                      A:0A X:04 Y:02 S:FB P:nvUBdIzc 
    $8876:20 8A 88  JSR $888A                                                      A:0A X:04 Y:02 S:FB P:nvUBdIzc 
      $888A:A5 34     LDA $0034 = #$B5                                               A:0A X:04 Y:02 S:F9 P:nvUBdIzc 
      $888C:30 03     BMI $8891                                                      A:B5 X:04 Y:02 S:F9 P:NvUBdIzc 
      $8891:DE 02 03  DEC $0302,X @ $0306 = #$03                                     A:B5 X:04 Y:02 S:F9 P:NvUBdIzc 
      $8894:D0 F3     BNE $8889                                                      A:B5 X:04 Y:02 S:F9 P:nvUBdIzc 
      $8889:60        RTS (from $888A) ----------------------------------------------A:B5 X:04 Y:02 S:F9 P:nvUBdIzc 
    $8879:BD 11 03  LDA $0311,X @ $0315 = #$89                                     A:B5 X:04 Y:02 S:FB P:nvUBdIzc 
    $887C:F0 03     BEQ $8881                                                      A:89 X:04 Y:02 S:FB P:NvUBdIzc 
    $887E:20 D7 8A  JSR $8AD7                                                      A:89 X:04 Y:02 S:FB P:NvUBdIzc 
      $8AD7:BD 32 03  LDA $0332,X @ $0336 = #$55                                     A:89 X:04 Y:02 S:F9 P:NvUBdIzc 
      $8ADA:C9 55     CMP #$55                                                       A:55 X:04 Y:02 S:F9 P:nvUBdIzc 
      $8ADC:F0 C6     BEQ $8AA4                                                      A:55 X:04 Y:02 S:F9 P:nvUBdIZC 
      $8AA4:BD 11 03  LDA $0311,X @ $0315 = #$89                                     A:55 X:04 Y:02 S:F9 P:nvUBdIZC 
      $8AA7:29 FE     AND #$FE                                                       A:89 X:04 Y:02 S:F9 P:NvUBdIzC 
      $8AA9:A8        TAY                                                            A:88 X:04 Y:02 S:F9 P:NvUBdIzC 
      $8AAA:B9 9A 8E  LDA $8E9A,Y @ $8F22 = #$83                                     A:88 X:04 Y:88 S:F9 P:NvUBdIzC 
      $8AAD:85 37     STA $0037 = #$83                                               A:83 X:04 Y:88 S:F9 P:NvUBdIzC 
      $8AAF:B9 9B 8E  LDA $8E9B,Y @ $8F23 = #$94                                     A:83 X:04 Y:88 S:F9 P:NvUBdIzC 
      $8AB2:85 38     STA $0038 = #$94                                               A:94 X:04 Y:88 S:F9 P:NvUBdIzC 
      $8AB4:A0 00     LDY #$00                                                       A:94 X:04 Y:88 S:F9 P:NvUBdIzC 
      $8AB6:98        TYA                                                            A:94 X:04 Y:00 S:F9 P:nvUBdIZC 
      $8AB7:9D 61 03  STA $0361,X @ $0365 = #$00                                     A:00 X:04 Y:00 S:F9 P:nvUBdIZC 
      $8ABA:B1 37     LDA ($37),Y @ $9483 = #$B6                                     A:00 X:04 Y:00 S:F9 P:nvUBdIZC 
      $8ABC:29 0F     AND #$0F                                                       A:B6 X:04 Y:00 S:F9 P:NvUBdIzC 
      $8ABE:9D 12 03  STA $0312,X @ $0316 = #$22                                     A:06 X:04 Y:00 S:F9 P:nvUBdIzC 
      $8AC1:B1 37     LDA ($37),Y @ $9483 = #$B6                                     A:06 X:04 Y:00 S:F9 P:nvUBdIzC 
      $8AC3:29 F0     AND #$F0                                                       A:B6 X:04 Y:00 S:F9 P:NvUBdIzC 
      $8AC5:9D 31 03  STA $0331,X @ $0335 = #$72                                     A:B0 X:04 Y:00 S:F9 P:NvUBdIzC 
      $8AC8:C8        INY                                                            A:B0 X:04 Y:00 S:F9 P:NvUBdIzC 
      $8AC9:B1 37     LDA ($37),Y @ $9484 = #$83                                     A:B0 X:04 Y:01 S:F9 P:nvUBdIzC 
      $8ACB:9D 32 03  STA $0332,X @ $0336 = #$55                                     A:83 X:04 Y:01 S:F9 P:NvUBdIzC 
      $8ACE:C8        INY                                                            A:83 X:04 Y:01 S:F9 P:NvUBdIzC 
      $8ACF:B1 37     LDA ($37),Y @ $9485 = #$07                                     A:83 X:04 Y:02 S:F9 P:nvUBdIzC 
      $8AD1:9D 34 03  STA $0334,X @ $0338 = #$00                                     A:07 X:04 Y:02 S:F9 P:nvUBdIzC 
      $8AD4:4C 59 8B  JMP $8B59                                                      A:07 X:04 Y:02 S:F9 P:nvUBdIzC 
      $8B59:98        TYA                                                            A:07 X:04 Y:02 S:F9 P:nvUBdIzC 
      $8B5A:38        SEC                                                            A:02 X:04 Y:02 S:F9 P:nvUBdIzC 
      $8B5B:65 37     ADC $0037 = #$83                                               A:02 X:04 Y:02 S:F9 P:nvUBdIzC 
      $8B5D:9D 13 03  STA $0313,X @ $0317 = #$75                                     A:86 X:04 Y:02 S:F9 P:NvUBdIzc 
      $8B60:A5 38     LDA $0038 = #$94                                               A:86 X:04 Y:02 S:F9 P:NvUBdIzc 
      $8B62:69 00     ADC #$00                                                       A:94 X:04 Y:02 S:F9 P:NvUBdIzc 
      $8B64:9D 14 03  STA $0314,X @ $0318 = #$94                                     A:94 X:04 Y:02 S:F9 P:NvUBdIzc 
      $8B67:60        RTS (from $8AD7) ----------------------------------------------A:94 X:04 Y:02 S:F9 P:NvUBdIzc 
    $8881:E8        INX                                                            A:94 X:04 Y:02 S:FB P:NvUBdIzc 
    $8882:E8        INX                                                            A:94 X:05 Y:02 S:FB P:nvUBdIzc 
    $8883:E8        INX                                                            A:94 X:06 Y:02 S:FB P:nvUBdIzc 
    $8884:E8        INX                                                            A:94 X:07 Y:02 S:FB P:nvUBdIzc 
    $8885:E0 10     CPX #$10                                                       A:94 X:08 Y:02 S:FB P:nvUBdIzc 
    $8887:90 E8     BCC $8871                                                      A:94 X:08 Y:02 S:FB P:NvUBdIzc 
    $8871:BD 01 03  LDA $0301,X @ $0309 = #$0C                                     A:94 X:08 Y:02 S:FB P:NvUBdIzc 
    $8874:F0 03     BEQ $8879                                                      A:0C X:08 Y:02 S:FB P:nvUBdIzc 
    $8876:20 8A 88  JSR $888A                                                      A:0C X:08 Y:02 S:FB P:nvUBdIzc 
      $888A:A5 34     LDA $0034 = #$B5                                               A:0C X:08 Y:02 S:F9 P:nvUBdIzc 
      $888C:30 03     BMI $8891                                                      A:B5 X:08 Y:02 S:F9 P:NvUBdIzc 
      $8891:DE 02 03  DEC $0302,X @ $030A = #$04                                     A:B5 X:08 Y:02 S:F9 P:NvUBdIzc 
      $8894:D0 F3     BNE $8889                                                      A:B5 X:08 Y:02 S:F9 P:nvUBdIzc 
      $8889:60        RTS (from $888A) ----------------------------------------------A:B5 X:08 Y:02 S:F9 P:nvUBdIzc 
    $8879:BD 11 03  LDA $0311,X @ $0319 = #$00                                     A:B5 X:08 Y:02 S:FB P:nvUBdIzc 
    $887C:F0 03     BEQ $8881                                                      A:00 X:08 Y:02 S:FB P:nvUBdIZc 
    $8881:E8        INX                                                            A:00 X:08 Y:02 S:FB P:nvUBdIZc 
    $8882:E8        INX                                                            A:00 X:09 Y:02 S:FB P:nvUBdIzc 
    $8883:E8        INX                                                            A:00 X:0A Y:02 S:FB P:nvUBdIzc 
    $8884:E8        INX                                                            A:00 X:0B Y:02 S:FB P:nvUBdIzc 
    $8885:E0 10     CPX #$10                                                       A:00 X:0C Y:02 S:FB P:nvUBdIzc 
    $8887:90 E8     BCC $8871                                                      A:00 X:0C Y:02 S:FB P:NvUBdIzc 
    $8871:BD 01 03  LDA $0301,X @ $030D = #$0E                                     A:00 X:0C Y:02 S:FB P:NvUBdIzc 
    $8874:F0 03     BEQ $8879                                                      A:0E X:0C Y:02 S:FB P:nvUBdIzc 
    $8876:20 8A 88  JSR $888A                                                      A:0E X:0C Y:02 S:FB P:nvUBdIzc 
      $888A:A5 34     LDA $0034 = #$B5                                               A:0E X:0C Y:02 S:F9 P:nvUBdIzc 
      $888C:30 03     BMI $8891                                                      A:B5 X:0C Y:02 S:F9 P:NvUBdIzc 
      $8891:DE 02 03  DEC $0302,X @ $030E = #$04                                     A:B5 X:0C Y:02 S:F9 P:NvUBdIzc 
      $8894:D0 F3     BNE $8889                                                      A:B5 X:0C Y:02 S:F9 P:nvUBdIzc 
      $8889:60        RTS (from $888A) ----------------------------------------------A:B5 X:0C Y:02 S:F9 P:nvUBdIzc 
    $8879:BD 11 03  LDA $0311,X @ $031D = #$00                                     A:B5 X:0C Y:02 S:FB P:nvUBdIzc 
    $887C:F0 03     BEQ $8881                                                      A:00 X:0C Y:02 S:FB P:nvUBdIZc 
    $8881:E8        INX                                                            A:00 X:0C Y:02 S:FB P:nvUBdIZc 
    $8882:E8        INX                                                            A:00 X:0D Y:02 S:FB P:nvUBdIzc 
    $8883:E8        INX                                                            A:00 X:0E Y:02 S:FB P:nvUBdIzc 
    $8884:E8        INX                                                            A:00 X:0F Y:02 S:FB P:nvUBdIzc 
    $8885:E0 10     CPX #$10                                                       A:00 X:10 Y:02 S:FB P:nvUBdIzc 
    $8887:90 E8     BCC $8871                                                      A:00 X:10 Y:02 S:FB P:nvUBdIZC 
    $8889:60        RTS (from $8865) ----------------------------------------------A:00 X:10 Y:02 S:FB P:nvUBdIZC 
  $FF91:A5 3E     LDA $003E = #$00                                               A:00 X:10 Y:02 S:FD P:nvUBdIZC 
  $FF93:A8        TAY                                                            A:00 X:10 Y:02 S:FD P:nvUBdIZC 
  $FF94:99 B3 FF  STA $FFB3,Y @ $FFB3 = #$00                                     A:00 X:10 Y:00 S:FD P:nvUBdIZC 
  $FF97:60        RTS (from $85B5) ----------------------------------------------A:00 X:10 Y:00 S:FD P:nvUBdIZC 
$83AA:A9 10     LDA #$10                                                       A:00 X:10 Y:00 S:FF P:nvUBdIZC 
$83AC:85 09     STA $0009 = #$90                                               A:10 X:10 Y:00 S:FF P:nvUBdIzC 
$83AE:09 80     ORA #$80                                                       A:10 X:10 Y:00 S:FF P:nvUBdIzC 
$83B0:8D 00 20  STA $2000 = #$10                                               A:90 X:10 Y:00 S:FF P:NvUBdIzC 
$83B3:A2 4B     LDX #$4B                                                       A:90 X:10 Y:00 S:FF P:NvUBdIzC 
$83B5:A0 03     LDY #$03                                                       A:90 X:4B Y:00 S:FF P:nvUBdIzC 
$83B7:20 CB FF  JSR $FFCB                                                      A:90 X:4B Y:03 S:FF P:nvUBdIzC 
  $FFCB:A9 00     LDA #$00                                                       A:90 X:4B Y:03 S:FD P:nvUBdIzC 
  $FFCD:09 00     ORA #$00                                                       A:00 X:4B Y:03 S:FD P:nvUBdIZC 
  $FFCF:85 2D     STA $002D = #$00                                               A:00 X:4B Y:03 S:FD P:nvUBdIZC 
  $FFD1:A5 13     LDA $0013 = #$06                                               A:00 X:4B Y:03 S:FD P:nvUBdIZC 
  $FFD3:48        PHA                                                            A:06 X:4B Y:03 S:FD P:nvUBdIzC 
   $FFD4:86 13     STX $0013 = #$06                                               A:06 X:4B Y:03 S:FC P:nvUBdIzC 
   $FFD6:B9 B3 FF  LDA $FFB3,Y @ $FFB6 = #$03                                     A:06 X:4B Y:03 S:FC P:nvUBdIzC 
   $FFD9:99 B3 FF  STA $FFB3,Y @ $FFB6 = #$03                                     A:03 X:4B Y:03 S:FC P:nvUBdIzC 
   $FFDC:20 00 80  JSR $8000                                                      A:03 X:4B Y:03 S:FC P:nvUBdIzC 
     $8000:6C 13 00  JMP ($0013) = $804B                                            A:03 X:4B Y:03 S:FA P:nvUBdIzC 
     $804B:4C 77 D1  JMP $D177                                                      A:03 X:4B Y:03 S:FA P:nvUBdIzC 
     $D177:A5 95     LDA $0095 = #$80                                               A:03 X:4B Y:03 S:FA P:nvUBdIzC 
     $D179:C9 83     CMP #$83                                                       A:80 X:4B Y:03 S:FA P:NvUBdIzC 
     $D17B:F0 04     BEQ $D181                                                      A:80 X:4B Y:03 S:FA P:NvUBdIzc 
     $D17D:C9 82     CMP #$82                                                       A:80 X:4B Y:03 S:FA P:NvUBdIzc 
     $D17F:D0 62     BNE $D1E3                                                      A:80 X:4B Y:03 S:FA P:NvUBdIzc 
     $D1E3:49 88     EOR #$88                                                       A:80 X:4B Y:03 S:FA P:NvUBdIzc 
     $D1E5:D0 14     BNE $D1FB                                                      A:08 X:4B Y:03 S:FA P:nvUBdIzc 
     $D1FB:60        RTS (from $8000) ----------------------------------------------A:08 X:4B Y:03 S:FA P:nvUBdIzc 
   $FFDF:A4 2D     LDY $002D = #$00                                               A:08 X:4B Y:03 S:FC P:nvUBdIzc 
   $FFE1:68        PLA                                                            A:08 X:4B Y:00 S:FC P:nvUBdIZc 
  $FFE2:85 13     STA $0013 = #$4B                                               A:06 X:4B Y:00 S:FD P:nvUBdIzc 
  $FFE4:B9 B3 FF  LDA $FFB3,Y @ $FFB3 = #$00                                     A:06 X:4B Y:00 S:FD P:nvUBdIzc 
  $FFE7:99 B3 FF  STA $FFB3,Y @ $FFB3 = #$00                                     A:00 X:4B Y:00 S:FD P:nvUBdIZc 
  $FFEA:60        RTS (from $FFCB) ----------------------------------------------A:00 X:4B Y:00 S:FD P:nvUBdIZc 
$83BA:A5 2B     LDA $002B = #$00                                               A:00 X:4B Y:00 S:FF P:nvUBdIZc 
$83BC:05 2C     ORA $002C = #$00                                               A:00 X:4B Y:00 S:FF P:nvUBdIZc 
$83BE:29 10     AND #$10                                                       A:00 X:4B Y:00 S:FF P:nvUBdIZc 
$83C0:F0 14     BEQ $83D6                                                      A:00 X:4B Y:00 S:FF P:nvUBdIZc 
$83D6:A5 F6     LDA $00F6 = #$00                                               A:00 X:4B Y:00 S:FF P:nvUBdIZc 
$83D8:F0 29     BEQ $8403                                                      A:00 X:4B Y:00 S:FF P:nvUBdIZc 
$8403:A5 EB     LDA $00EB = #$00                                               A:00 X:4B Y:00 S:FF P:nvUBdIZc 
$8405:C9 7E     CMP #$7E                                                       A:00 X:4B Y:00 S:FF P:nvUBdIZc 
$8407:90 22     BCC $842B                                                      A:00 X:4B Y:00 S:FF P:NvUBdIzc 
$842B:20 A3 87  JSR $87A3                                                      A:00 X:4B Y:00 S:FF P:NvUBdIzc 
  $87A3:A2 12     LDX #$12                                                       A:00 X:4B Y:00 S:FD P:NvUBdIzc 
  $87A5:A0 02     LDY #$02                                                       A:00 X:12 Y:00 S:FD P:nvUBdIzc 
  $87A7:4C CB FF  JMP $FFCB                                                      A:00 X:12 Y:02 S:FD P:nvUBdIzc 
  $FFCB:A9 00     LDA #$00                                                       A:00 X:12 Y:02 S:FD P:nvUBdIzc 
  $FFCD:09 00     ORA #$00                                                       A:00 X:12 Y:02 S:FD P:nvUBdIZc 
  $FFCF:85 2D     STA $002D = #$00                                               A:00 X:12 Y:02 S:FD P:nvUBdIZc 
  $FFD1:A5 13     LDA $0013 = #$06                                               A:00 X:12 Y:02 S:FD P:nvUBdIZc 
  $FFD3:48        PHA                                                            A:06 X:12 Y:02 S:FD P:nvUBdIzc 
   $FFD4:86 13     STX $0013 = #$06                                               A:06 X:12 Y:02 S:FC P:nvUBdIzc 
   $FFD6:B9 B3 FF  LDA $FFB3,Y @ $FFB5 = #$02                                     A:06 X:12 Y:02 S:FC P:nvUBdIzc 
   $FFD9:99 B3 FF  STA $FFB3,Y @ $FFB5 = #$02                                     A:02 X:12 Y:02 S:FC P:nvUBdIzc 
   $FFDC:20 00 80  JSR $8000                                                      A:02 X:12 Y:02 S:FC P:nvUBdIzc 
     $8000:6C 13 00  JMP ($0013) = $8012                                            A:02 X:12 Y:02 S:FA P:nvUBdIzc 
     $8012:4C 3F F2  JMP $F23F                                                      A:02 X:12 Y:02 S:FA P:nvUBdIzc 
     $F23F:A5 D2     LDA $00D2 = #$00                                               A:02 X:12 Y:02 S:FA P:nvUBdIzc 
     $F241:F0 0D     BEQ $F250                                                      A:00 X:12 Y:02 S:FA P:nvUBdIZc 
     $F250:A5 10     LDA $0010 = #$03                                               A:00 X:12 Y:02 S:FA P:nvUBdIZc 
     $F252:C9 02     CMP #$02                                                       A:03 X:12 Y:02 S:FA P:nvUBdIzc 
     $F254:D0 2E     BNE $F284                                                      A:03 X:12 Y:02 S:FA P:nvUBdIzC 
     $F284:C9 0C     CMP #$0C                                                       A:03 X:12 Y:02 S:FA P:nvUBdIzC 
     $F286:F0 08     BEQ $F290                                                      A:03 X:12 Y:02 S:FA P:NvUBdIzc 
     $F288:C9 06     CMP #$06                                                       A:03 X:12 Y:02 S:FA P:NvUBdIzc 
     $F28A:F0 04     BEQ $F290                                                      A:03 X:12 Y:02 S:FA P:NvUBdIzc 
     $F28C:C9 03     CMP #$03                                                       A:03 X:12 Y:02 S:FA P:NvUBdIzc 
     $F28E:D0 F1     BNE $F281                                                      A:03 X:12 Y:02 S:FA P:nvUBdIZC 
     $F290:A0 01     LDY #$01                                                       A:03 X:12 Y:02 S:FA P:nvUBdIZC 
     $F292:B9 C1 03  LDA $03C1,Y @ $03C2 = #$02                                     A:03 X:12 Y:01 S:FA P:nvUBdIzC 
     $F295:F0 07     BEQ $F29E                                                      A:02 X:12 Y:01 S:FA P:nvUBdIzC 
     $F297:B9 38 05  LDA $0538,Y @ $0539 = #$43                                     A:02 X:12 Y:01 S:FA P:nvUBdIzC 
     $F29A:29 40     AND #$40                                                       A:43 X:12 Y:01 S:FA P:nvUBdIzC 
     $F29C:F0 E3     BEQ $F281                                                      A:40 X:12 Y:01 S:FA P:nvUBdIzC 
     $F29E:88        DEY                                                            A:40 X:12 Y:01 S:FA P:nvUBdIzC 
     $F29F:10 F1     BPL $F292                                                      A:40 X:12 Y:00 S:FA P:nvUBdIZC 
     $F292:B9 C1 03  LDA $03C1,Y @ $03C1 = #$01                                     A:40 X:12 Y:00 S:FA P:nvUBdIZC 
     $F295:F0 07     BEQ $F29E                                                      A:01 X:12 Y:00 S:FA P:nvUBdIzC 
     $F297:B9 38 05  LDA $0538,Y @ $0538 = #$00                                     A:01 X:12 Y:00 S:FA P:nvUBdIzC 
     $F29A:29 40     AND #$40                                                       A:00 X:12 Y:00 S:FA P:nvUBdIZC 
     $F29C:F0 E3     BEQ $F281                                                      A:00 X:12 Y:00 S:FA P:nvUBdIZC 
     $F281:4C 78 F3  JMP $F378                                                      A:00 X:12 Y:00 S:FA P:nvUBdIZC 
     $F378:A5 C8     LDA $00C8 = #$00                                               A:00 X:12 Y:00 S:FA P:nvUBdIZC 
     $F37A:D0 F9     BNE $F375                                                      A:00 X:12 Y:00 S:FA P:nvUBdIZC 
     $F37C:A5 D1     LDA $00D1 = #$00                                               A:00 X:12 Y:00 S:FA P:nvUBdIZC 
     $F37E:F0 4B     BEQ $F3CB                                                      A:00 X:12 Y:00 S:FA P:nvUBdIZC 
     $F3CB:A5 10     LDA $0010 = #$03                                               A:00 X:12 Y:00 S:FA P:nvUBdIZC 
     $F3CD:C9 05     CMP #$05                                                       A:03 X:12 Y:00 S:FA P:nvUBdIzC 
     $F3CF:D0 3E     BNE $F40F                                                      A:03 X:12 Y:00 S:FA P:NvUBdIzc 
     $F40F:A5 B2     LDA $00B2 = #$14                                               A:03 X:12 Y:00 S:FA P:NvUBdIzc 
     $F411:F0 06     BEQ $F419                                                      A:14 X:12 Y:00 S:FA P:nvUBdIzc 
     $F413:C6 B2     DEC $00B2 = #$14                                               A:14 X:12 Y:00 S:FA P:nvUBdIzc 
     $F415:C9 1E     CMP #$1E                                                       A:14 X:12 Y:00 S:FA P:nvUBdIzc 
     $F417:F0 F3     BEQ $F40C                                                      A:14 X:12 Y:00 S:FA P:NvUBdIzc 
     $F419:AD C1 03  LDA $03C1 = #$01                                               A:14 X:12 Y:00 S:FA P:NvUBdIzc 
     $F41C:F0 28     BEQ $F446                                                      A:01 X:12 Y:00 S:FA P:nvUBdIzc 
     $F41E:AD 84 04  LDA $0484 = #$2C                                               A:01 X:12 Y:00 S:FA P:nvUBdIzc 
     $F421:AE C2 03  LDX $03C2 = #$02                                               A:2C X:12 Y:00 S:FA P:nvUBdIzc 
     $F424:F0 28     BEQ $F44E                                                      A:2C X:02 Y:00 S:FA P:nvUBdIzc 
     $F426:A6 10     LDX $0010 = #$03                                               A:2C X:02 Y:00 S:FA P:nvUBdIzc 
     $F428:E0 04     CPX #$04                                                       A:2C X:03 Y:00 S:FA P:nvUBdIzc 
     $F42A:F0 08     BEQ $F434                                                      A:2C X:03 Y:00 S:FA P:NvUBdIzc 
     $F42C:E0 0B     CPX #$0B                                                       A:2C X:03 Y:00 S:FA P:NvUBdIzc 
     $F42E:F0 04     BEQ $F434                                                      A:2C X:03 Y:00 S:FA P:NvUBdIzc 
     $F430:E0 08     CPX #$08                                                       A:2C X:03 Y:00 S:FA P:NvUBdIzc 
     $F432:D0 0B     BNE $F43F                                                      A:2C X:03 Y:00 S:FA P:NvUBdIzc 
     $F43F:CD 85 04  CMP $0485 = #$84                                               A:2C X:03 Y:00 S:FA P:NvUBdIzc 
     $F442:B0 0A     BCS $F44E                                                      A:2C X:03 Y:00 S:FA P:NvUBdIzc 
     $F444:90 05     BCC $F44B                                                      A:2C X:03 Y:00 S:FA P:NvUBdIzc 
     $F44B:AD 85 04  LDA $0485 = #$84                                               A:2C X:03 Y:00 S:FA P:NvUBdIzc 
     $F44E:A2 03     LDX #$03                                                       A:84 X:03 Y:00 S:FA P:NvUBdIzc 
     $F450:A4 10     LDY $0010 = #$03                                               A:84 X:03 Y:00 S:FA P:nvUBdIzc 
     $F452:C0 0D     CPY #$0D                                                       A:84 X:03 Y:03 S:FA P:nvUBdIzc 
     $F454:F0 1B     BEQ $F471                                                      A:84 X:03 Y:03 S:FA P:NvUBdIzc 
     $F456:C0 0A     CPY #$0A                                                       A:84 X:03 Y:03 S:FA P:NvUBdIzc 
     $F458:F0 17     BEQ $F471                                                      A:84 X:03 Y:03 S:FA P:NvUBdIzc 
     $F45A:C0 0B     CPY #$0B                                                       A:84 X:03 Y:03 S:FA P:NvUBdIzc 
     $F45C:F0 13     BEQ $F471                                                      A:84 X:03 Y:03 S:FA P:NvUBdIzc 
     $F45E:C0 07     CPY #$07                                                       A:84 X:03 Y:03 S:FA P:NvUBdIzc 
     $F460:F0 0F     BEQ $F471                                                      A:84 X:03 Y:03 S:FA P:NvUBdIzc 
     $F462:C0 08     CPY #$08                                                       A:84 X:03 Y:03 S:FA P:NvUBdIzc 
     $F464:F0 0B     BEQ $F471                                                      A:84 X:03 Y:03 S:FA P:NvUBdIzc 
     $F466:C0 09     CPY #$09                                                       A:84 X:03 Y:03 S:FA P:NvUBdIzc 
     $F468:F0 07     BEQ $F471                                                      A:84 X:03 Y:03 S:FA P:NvUBdIzc 
     $F46A:C0 04     CPY #$04                                                       A:84 X:03 Y:03 S:FA P:NvUBdIzc 
     $F46C:F0 03     BEQ $F471                                                      A:84 X:03 Y:03 S:FA P:NvUBdIzc 
     $F46E:4C 0C F5  JMP $F50C                                                      A:84 X:03 Y:03 S:FA P:NvUBdIzc 
     $F50C:A4 B2     LDY $00B2 = #$13                                               A:84 X:03 Y:03 S:FA P:NvUBdIzc 
     $F50E:D0 09     BNE $F519                                                      A:84 X:03 Y:13 S:FA P:nvUBdIzc 
     $F519:A2 01     LDX #$01                                                       A:84 X:03 Y:13 S:FA P:nvUBdIzc 
     $F51B:C9 80     CMP #$80                                                       A:84 X:01 Y:13 S:FA P:nvUBdIzc 
     $F51D:B0 03     BCS $F522                                                      A:84 X:01 Y:13 S:FA P:nvUBdIzC 
     $F522:A0 00     LDY #$00                                                       A:84 X:01 Y:13 S:FA P:nvUBdIzC 
     $F524:18        CLC                                                            A:84 X:01 Y:00 S:FA P:nvUBdIZC 
     $F525:8A        TXA                                                            A:84 X:01 Y:00 S:FA P:nvUBdIZc 
     $F526:65 87     ADC $0087 = #$CB                                               A:01 X:01 Y:00 S:FA P:nvUBdIzc 
     $F528:85 87     STA $0087 = #$CB                                               A:CC X:01 Y:00 S:FA P:NvUBdIzc 
     $F52A:98        TYA                                                            A:CC X:01 Y:00 S:FA P:NvUBdIzc 
     $F52B:65 88     ADC $0088 = #$05                                               A:00 X:01 Y:00 S:FA P:nvUBdIZc 
     $F52D:85 88     STA $0088 = #$05                                               A:05 X:01 Y:00 S:FA P:nvUBdIzc 
     $F52F:C9 FF     CMP #$FF                                                       A:05 X:01 Y:00 S:FA P:nvUBdIzc 
     $F531:D0 09     BNE $F53C                                                      A:05 X:01 Y:00 S:FA P:nvUBdIzc 
     $F53C:A4 10     LDY $0010 = #$03                                               A:05 X:01 Y:00 S:FA P:nvUBdIzc 
     $F53E:D9 C6 F5  CMP $F5C6,Y @ $F5C9 = #$FC                                     A:05 X:01 Y:03 S:FA P:nvUBdIzc 
     $F541:90 F6     BCC $F539                                                      A:05 X:01 Y:03 S:FA P:nvUBdIzc 
     $F539:4C D3 F5  JMP $F5D3                                                      A:05 X:01 Y:03 S:FA P:nvUBdIzc 
     $F5D3:A5 10     LDA $0010 = #$03                                               A:05 X:01 Y:03 S:FA P:nvUBdIzc 
     $F5D5:C9 02     CMP #$02                                                       A:03 X:01 Y:03 S:FA P:nvUBdIzc 
     $F5D7:F0 22     BEQ $F5FB                                                      A:03 X:01 Y:03 S:FA P:nvUBdIzC 
     $F5D9:C9 05     CMP #$05                                                       A:03 X:01 Y:03 S:FA P:nvUBdIzC 
     $F5DB:F0 1E     BEQ $F5FB                                                      A:03 X:01 Y:03 S:FA P:NvUBdIzc 
     $F5DD:C9 07     CMP #$07                                                       A:03 X:01 Y:03 S:FA P:NvUBdIzc 
     $F5DF:F0 1A     BEQ $F5FB                                                      A:03 X:01 Y:03 S:FA P:NvUBdIzc 
     $F5E1:C9 09     CMP #$09                                                       A:03 X:01 Y:03 S:FA P:NvUBdIzc 
     $F5E3:F0 16     BEQ $F5FB                                                      A:03 X:01 Y:03 S:FA P:NvUBdIzc 
     $F5E5:C9 04     CMP #$04                                                       A:03 X:01 Y:03 S:FA P:NvUBdIzc 
     $F5E7:F0 12     BEQ $F5FB                                                      A:03 X:01 Y:03 S:FA P:NvUBdIzc 
     $F5E9:C9 0A     CMP #$0A                                                       A:03 X:01 Y:03 S:FA P:NvUBdIzc 
     $F5EB:F0 0E     BEQ $F5FB                                                      A:03 X:01 Y:03 S:FA P:NvUBdIzc 
     $F5ED:C9 0B     CMP #$0B                                                       A:03 X:01 Y:03 S:FA P:NvUBdIzc 
     $F5EF:F0 0A     BEQ $F5FB                                                      A:03 X:01 Y:03 S:FA P:NvUBdIzc 
     $F5F1:C9 08     CMP #$08                                                       A:03 X:01 Y:03 S:FA P:NvUBdIzc 
     $F5F3:F0 06     BEQ $F5FB                                                      A:03 X:01 Y:03 S:FA P:NvUBdIzc 
     $F5F5:20 6F F7  JSR $F76F                                                      A:03 X:01 Y:03 S:FA P:NvUBdIzc 
       $F76F:A4 B0     LDY $00B0 = #$00                                               A:03 X:01 Y:03 S:F8 P:NvUBdIzc 
       $F771:A5 10     LDA $0010 = #$03                                               A:03 X:01 Y:00 S:F8 P:nvUBdIZc 
       $F773:C9 0C     CMP #$0C                                                       A:03 X:01 Y:00 S:F8 P:nvUBdIzc 
       $F775:F0 F0     BEQ $F767                                                      A:03 X:01 Y:00 S:F8 P:NvUBdIzc 
       $F777:C9 02     CMP #$02                                                       A:03 X:01 Y:00 S:F8 P:NvUBdIzc 
       $F779:B0 17     BCS $F792                                                      A:03 X:01 Y:00 S:F8 P:nvUBdIzC 
       $F792:60        RTS (from $F76F) ----------------------------------------------A:03 X:01 Y:00 S:F8 P:nvUBdIzC 
     $F5F8:20 A6 F7  JSR $F7A6                                                      A:03 X:01 Y:00 S:FA P:nvUBdIzC 
       $F7A6:A5 C8     LDA $00C8 = #$00                                               A:03 X:01 Y:00 S:F8 P:nvUBdIzC 
       $F7A8:F0 0C     BEQ $F7B6                                                      A:00 X:01 Y:00 S:F8 P:nvUBdIZC 
       $F7B6:A5 89     LDA $0089 = #$F0                                               A:00 X:01 Y:00 S:F8 P:nvUBdIZC 
       $F7B8:38        SEC                                                            A:F0 X:01 Y:00 S:F8 P:NvUBdIzC 
       $F7B9:E5 B1     SBC $00B1 = #$F0                                               A:F0 X:01 Y:00 S:F8 P:NvUBdIzC 
       $F7BB:F0 33     BEQ $F7F0                                                      A:00 X:01 Y:00 S:F8 P:nvUBdIZC 
       $F7F0:60        RTS (from $F7A6) ----------------------------------------------A:00 X:01 Y:00 S:F8 P:nvUBdIZC 
     $F5FB:60        RTS (from $8000) ----------------------------------------------A:00 X:01 Y:00 S:FA P:nvUBdIZC 
   $FFDF:A4 2D     LDY $002D = #$00                                               A:00 X:01 Y:00 S:FC P:nvUBdIZC 
   $FFE1:68        PLA                                                            A:00 X:01 Y:00 S:FC P:nvUBdIZC 
  $FFE2:85 13     STA $0013 = #$12                                               A:06 X:01 Y:00 S:FD P:nvUBdIzC 
  $FFE4:B9 B3 FF  LDA $FFB3,Y @ $FFB3 = #$00                                     A:06 X:01 Y:00 S:FD P:nvUBdIzC 
  $FFE7:99 B3 FF  STA $FFB3,Y @ $FFB3 = #$00                                     A:00 X:01 Y:00 S:FD P:nvUBdIZC 
  $FFEA:60        RTS (from $87A3) ----------------------------------------------A:00 X:01 Y:00 S:FD P:nvUBdIZC 
$842E:20 51 FE  JSR $FE51                                                      A:00 X:01 Y:00 S:FF P:nvUBdIZC 
  $FE51:A2 1E     LDX #$1E                                                       A:00 X:01 Y:00 S:FD P:nvUBdIZC 
  $FE53:A0 03     LDY #$03                                                       A:00 X:1E Y:00 S:FD P:nvUBdIzC 
  $FE55:4C CB FF  JMP $FFCB                                                      A:00 X:1E Y:03 S:FD P:nvUBdIzC 
  $FFCB:A9 00     LDA #$00                                                       A:00 X:1E Y:03 S:FD P:nvUBdIzC 
  $FFCD:09 00     ORA #$00                                                       A:00 X:1E Y:03 S:FD P:nvUBdIZC 
  $FFCF:85 2D     STA $002D = #$00                                               A:00 X:1E Y:03 S:FD P:nvUBdIZC 
  $FFD1:A5 13     LDA $0013 = #$06                                               A:00 X:1E Y:03 S:FD P:nvUBdIZC 
  $FFD3:48        PHA                                                            A:06 X:1E Y:03 S:FD P:nvUBdIzC 
   $FFD4:86 13     STX $0013 = #$06                                               A:06 X:1E Y:03 S:FC P:nvUBdIzC 
   $FFD6:B9 B3 FF  LDA $FFB3,Y @ $FFB6 = #$03                                     A:06 X:1E Y:03 S:FC P:nvUBdIzC 
   $FFD9:99 B3 FF  STA $FFB3,Y @ $FFB6 = #$03                                     A:03 X:1E Y:03 S:FC P:nvUBdIzC 
   $FFDC:20 00 80  JSR $8000                                                      A:03 X:1E Y:03 S:FC P:nvUBdIzC 
     $8000:6C 13 00  JMP ($0013) = $801E                                            A:03 X:1E Y:03 S:FA P:nvUBdIzC 
     $801E:4C C0 D2  JMP $D2C0                                                      A:03 X:1E Y:03 S:FA P:nvUBdIzC 
     $D2C0:A0 00     LDY #$00                                                       A:03 X:1E Y:03 S:FA P:nvUBdIzC 
     $D2C2:B1 B7     LDA ($B7),Y @ $EDE3 = #$18                                     A:03 X:1E Y:00 S:FA P:nvUBdIZC 
     $D2C4:C9 FF     CMP #$FF                                                       A:18 X:1E Y:00 S:FA P:nvUBdIzC 
     $D2C6:D0 0B     BNE $D2D3                                                      A:18 X:1E Y:00 S:FA P:nvUBdIzc 
     $D2D3:C9 FE     CMP #$FE                                                       A:18 X:1E Y:00 S:FA P:nvUBdIzc 
     $D2D5:F0 E8     BEQ $D2BF                                                      A:18 X:1E Y:00 S:FA P:nvUBdIzc 
     $D2D7:A0 02     LDY #$02                                                       A:18 X:1E Y:00 S:FA P:nvUBdIzc 
     $D2D9:A5 10     LDA $0010 = #$03                                               A:18 X:1E Y:02 S:FA P:nvUBdIzc 
     $D2DB:C9 0B     CMP #$0B                                                       A:03 X:1E Y:02 S:FA P:nvUBdIzc 
     $D2DD:F0 04     BEQ $D2E3                                                      A:03 X:1E Y:02 S:FA P:NvUBdIzc 
     $D2DF:C9 04     CMP #$04                                                       A:03 X:1E Y:02 S:FA P:NvUBdIzc 
     $D2E1:D0 1B     BNE $D2FE                                                      A:03 X:1E Y:02 S:FA P:NvUBdIzc 
     $D2FE:C9 07     CMP #$07                                                       A:03 X:1E Y:02 S:FA P:NvUBdIzc 
     $D300:F0 04     BEQ $D306                                                      A:03 X:1E Y:02 S:FA P:NvUBdIzc 
     $D302:C9 05     CMP #$05                                                       A:03 X:1E Y:02 S:FA P:NvUBdIzc 
     $D304:D0 0D     BNE $D313                                                      A:03 X:1E Y:02 S:FA P:NvUBdIzc 
     $D313:C9 09     CMP #$09                                                       A:03 X:1E Y:02 S:FA P:NvUBdIzc 
     $D315:F0 04     BEQ $D31B                                                      A:03 X:1E Y:02 S:FA P:NvUBdIzc 
     $D317:C9 02     CMP #$02                                                       A:03 X:1E Y:02 S:FA P:NvUBdIzc 
     $D319:D0 09     BNE $D324                                                      A:03 X:1E Y:02 S:FA P:nvUBdIzC 
     $D324:A6 88     LDX $0088 = #$05                                               A:03 X:1E Y:02 S:FA P:nvUBdIzC 
     $D326:A5 87     LDA $0087 = #$CC                                               A:03 X:05 Y:02 S:FA P:nvUBdIzC 
     $D328:38        SEC                                                            A:CC X:05 Y:02 S:FA P:NvUBdIzC 
     $D329:F1 B7     SBC ($B7),Y @ $EDE5 = #$D0                                     A:CC X:05 Y:02 S:FA P:NvUBdIzC 
     $D32B:88        DEY                                                            A:FC X:05 Y:02 S:FA P:NvUBdIzc 
     $D32C:8A        TXA                                                            A:FC X:05 Y:01 S:FA P:nvUBdIzc 
     $D32D:F1 B7     SBC ($B7),Y @ $EDE4 = #$05                                     A:05 X:05 Y:01 S:FA P:nvUBdIzc 
     $D32F:90 60     BCC $D391                                                      A:FF X:05 Y:01 S:FA P:NvUBdIzc 
     $D391:60        RTS (from $8000) ----------------------------------------------A:FF X:05 Y:01 S:FA P:NvUBdIzc 
   $FFDF:A4 2D     LDY $002D = #$00                                               A:FF X:05 Y:01 S:FC P:NvUBdIzc 
   $FFE1:68        PLA                                                            A:FF X:05 Y:00 S:FC P:nvUBdIZc 
  $FFE2:85 13     STA $0013 = #$1E                                               A:06 X:05 Y:00 S:FD P:nvUBdIzc 
  $FFE4:B9 B3 FF  LDA $FFB3,Y @ $FFB3 = #$00                                     A:06 X:05 Y:00 S:FD P:nvUBdIzc 
  $FFE7:99 B3 FF  STA $FFB3,Y @ $FFB3 = #$00                                     A:00 X:05 Y:00 S:FD P:nvUBdIZc 
  $FFEA:60        RTS (from $FE51) ----------------------------------------------A:00 X:05 Y:00 S:FD P:nvUBdIZc 
$8431:A9 00     LDA #$00                                                       A:00 X:05 Y:00 S:FF P:nvUBdIZc 
$8433:85 B6     STA $00B6 = #$00                                               A:00 X:05 Y:00 S:FF P:nvUBdIZc 
$8435:A5 10     LDA $0010 = #$03                                               A:00 X:05 Y:00 S:FF P:nvUBdIZc 
$8437:C9 08     CMP #$08                                                       A:03 X:05 Y:00 S:FF P:nvUBdIzc 
$8439:F0 19     BEQ $8454                                                      A:03 X:05 Y:00 S:FF P:NvUBdIzc 
$843B:A5 E3     LDA $00E3 = #$00                                               A:03 X:05 Y:00 S:FF P:NvUBdIzc 
$843D:D0 15     BNE $8454                                                      A:00 X:05 Y:00 S:FF P:nvUBdIZc 
$843F:A5 10     LDA $0010 = #$03                                               A:00 X:05 Y:00 S:FF P:nvUBdIZc 
$8441:C9 06     CMP #$06                                                       A:03 X:05 Y:00 S:FF P:nvUBdIzc 
$8443:D0 0C     BNE $8451                                                      A:03 X:05 Y:00 S:FF P:NvUBdIzc 
$8451:20 57 87  JSR $8757                                                      A:03 X:05 Y:00 S:FF P:NvUBdIzc 
  $8757:A2 03     LDX #$03                                                       A:03 X:05 Y:00 S:FD P:NvUBdIzc 
  $8759:A0 05     LDY #$05                                                       A:03 X:03 Y:00 S:FD P:nvUBdIzc 
  $875B:4C CB FF  JMP $FFCB                                                      A:03 X:03 Y:05 S:FD P:nvUBdIzc 
  $FFCB:A9 00     LDA #$00                                                       A:03 X:03 Y:05 S:FD P:nvUBdIzc 
  $FFCD:09 00     ORA #$00                                                       A:00 X:03 Y:05 S:FD P:nvUBdIZc 
  $FFCF:85 2D     STA $002D = #$00                                               A:00 X:03 Y:05 S:FD P:nvUBdIZc 
  $FFD1:A5 13     LDA $0013 = #$06                                               A:00 X:03 Y:05 S:FD P:nvUBdIZc 
  $FFD3:48        PHA                                                            A:06 X:03 Y:05 S:FD P:nvUBdIzc 
   $FFD4:86 13     STX $0013 = #$06                                               A:06 X:03 Y:05 S:FC P:nvUBdIzc 
   $FFD6:B9 B3 FF  LDA $FFB3,Y @ $FFB8 = #$05                                     A:06 X:03 Y:05 S:FC P:nvUBdIzc 
   $FFD9:99 B3 FF  STA $FFB3,Y @ $FFB8 = #$05                                     A:05 X:03 Y:05 S:FC P:nvUBdIzc 
   $FFDC:20 00 80  JSR $8000                                                      A:05 X:03 Y:05 S:FC P:nvUBdIzc 
     $8000:6C 13 00  JMP ($0013) = $8003                                            A:05 X:03 Y:05 S:FA P:nvUBdIzc 
     $8003:4C 6F 83  JMP $836F                                                      A:05 X:03 Y:05 S:FA P:nvUBdIzc 
     $836F:A9 00     LDA #$00                                                       A:05 X:03 Y:05 S:FA P:nvUBdIzc 
     $8371:85 B6     STA $00B6 = #$00                                               A:00 X:03 Y:05 S:FA P:nvUBdIZc 
     $8373:A5 87     LDA $0087 = #$CC                                               A:00 X:03 Y:05 S:FA P:nvUBdIZc 
     $8375:AA        TAX                                                            A:CC X:03 Y:05 S:FA P:NvUBdIzc 
     $8376:45 93     EOR $0093 = #$C8                                               A:CC X:CC Y:05 S:FA P:NvUBdIzc 
     $8378:29 F8     AND #$F8                                                       A:04 X:CC Y:05 S:FA P:nvUBdIzc 
     $837A:F0 0B     BEQ $8387                                                      A:00 X:CC Y:05 S:FA P:nvUBdIZc 
     $8387:A5 89     LDA $0089 = #$F0                                               A:00 X:CC Y:05 S:FA P:nvUBdIZc 
     $8389:AA        TAX                                                            A:F0 X:CC Y:05 S:FA P:NvUBdIzc 
     $838A:45 94     EOR $0094 = #$F0                                               A:F0 X:F0 Y:05 S:FA P:NvUBdIzc 
     $838C:29 F8     AND #$F8                                                       A:00 X:F0 Y:05 S:FA P:nvUBdIZc 
     $838E:F0 CD     BEQ $835D                                                      A:00 X:F0 Y:05 S:FA P:nvUBdIZc 
     $835D:A5 EF     LDA $00EF = #$00                                               A:00 X:F0 Y:05 S:FA P:nvUBdIZc 
     $835F:F0 0D     BEQ $836E                                                      A:00 X:F0 Y:05 S:FA P:nvUBdIZc 
     $836E:60        RTS (from $8000) ----------------------------------------------A:00 X:F0 Y:05 S:FA P:nvUBdIZc 
   $FFDF:A4 2D     LDY $002D = #$00                                               A:00 X:F0 Y:05 S:FC P:nvUBdIZc 
   $FFE1:68        PLA                                                            A:00 X:F0 Y:00 S:FC P:nvUBdIZc 
  $FFE2:85 13     STA $0013 = #$03                                               A:06 X:F0 Y:00 S:FD P:nvUBdIzc 
  $FFE4:B9 B3 FF  LDA $FFB3,Y @ $FFB3 = #$00                                     A:06 X:F0 Y:00 S:FD P:nvUBdIzc 
  $FFE7:99 B3 FF  STA $FFB3,Y @ $FFB3 = #$00                                     A:00 X:F0 Y:00 S:FD P:nvUBdIZc 
  $FFEA:60        RTS (from $8757) ----------------------------------------------A:00 X:F0 Y:00 S:FD P:nvUBdIZc 
$8454:A2 45     LDX #$45                                                       A:00 X:F0 Y:00 S:FF P:nvUBdIZc 
$8456:A0 03     LDY #$03                                                       A:00 X:45 Y:00 S:FF P:nvUBdIzc 
$8458:20 CB FF  JSR $FFCB                                                      A:00 X:45 Y:03 S:FF P:nvUBdIzc 
  $FFCB:A9 00     LDA #$00                                                       A:00 X:45 Y:03 S:FD P:nvUBdIzc 
  $FFCD:09 00     ORA #$00                                                       A:00 X:45 Y:03 S:FD P:nvUBdIZc 
  $FFCF:85 2D     STA $002D = #$00                                               A:00 X:45 Y:03 S:FD P:nvUBdIZc 
  $FFD1:A5 13     LDA $0013 = #$06                                               A:00 X:45 Y:03 S:FD P:nvUBdIZc 
  $FFD3:48        PHA                                                            A:06 X:45 Y:03 S:FD P:nvUBdIzc 
   $FFD4:86 13     STX $0013 = #$06                                               A:06 X:45 Y:03 S:FC P:nvUBdIzc 
   $FFD6:B9 B3 FF  LDA $FFB3,Y @ $FFB6 = #$03                                     A:06 X:45 Y:03 S:FC P:nvUBdIzc 
   $FFD9:99 B3 FF  STA $FFB3,Y @ $FFB6 = #$03                                     A:03 X:45 Y:03 S:FC P:nvUBdIzc 
   $FFDC:20 00 80  JSR $8000                                                      A:03 X:45 Y:03 S:FC P:nvUBdIzc 
     $8000:6C 13 00  JMP ($0013) = $8045                                            A:03 X:45 Y:03 S:FA P:nvUBdIzc 
     $8045:4C 44 D1  JMP $D144                                                      A:03 X:45 Y:03 S:FA P:nvUBdIzc 
     $D144:A6 10     LDX $0010 = #$03                                               A:03 X:45 Y:03 S:FA P:nvUBdIzc 
     $D146:A5 F5     LDA $00F5 = #$00                                               A:03 X:03 Y:03 S:FA P:nvUBdIzc 
     $D148:F0 02     BEQ $D14C                                                      A:00 X:03 Y:03 S:FA P:nvUBdIZc 
     $D14C:18        CLC                                                            A:00 X:03 Y:03 S:FA P:nvUBdIZc 
     $D14D:7D 36 D1  ADC $D136,X @ $D139 = #$23                                     A:00 X:03 Y:03 S:FA P:nvUBdIZc 
     $D150:18        CLC                                                            A:23 X:03 Y:03 S:FA P:nvUBdIzc 
     $D151:65 83     ADC $0083 = #$40                                               A:23 X:03 Y:03 S:FA P:nvUBdIzc 
     $D153:B0 04     BCS $D159                                                      A:63 X:03 Y:03 S:FA P:nvUBdIzc 
     $D155:C9 F0     CMP #$F0                                                       A:63 X:03 Y:03 S:FA P:nvUBdIzc 
     $D157:90 02     BCC $D15B                                                      A:63 X:03 Y:03 S:FA P:nvUBdIzc 
     $D15B:85 84     STA $0084 = #$63                                               A:63 X:03 Y:03 S:FA P:nvUBdIzc 
     $D15D:A5 95     LDA $0095 = #$80                                               A:63 X:03 Y:03 S:FA P:nvUBdIzc 
     $D15F:C9 80     CMP #$80                                                       A:80 X:03 Y:03 S:FA P:NvUBdIzc 
     $D161:D0 14     BNE $D177                                                      A:80 X:03 Y:03 S:FA P:nvUBdIZC 
     $D163:A5 96     LDA $0096 = #$00                                               A:80 X:03 Y:03 S:FA P:nvUBdIZC 
     $D165:F0 02     BEQ $D169                                                      A:00 X:03 Y:03 S:FA P:nvUBdIZC 
     $D169:E5 84     SBC $0084 = #$63                                               A:00 X:03 Y:03 S:FA P:nvUBdIZC 
     $D16B:C9 D0     CMP #$D0                                                       A:9D X:03 Y:03 S:FA P:NvUBdIzc 
     $D16D:90 08     BCC $D177                                                      A:9D X:03 Y:03 S:FA P:NvUBdIzc 
     $D177:A5 95     LDA $0095 = #$80                                               A:9D X:03 Y:03 S:FA P:NvUBdIzc 
     $D179:C9 83     CMP #$83                                                       A:80 X:03 Y:03 S:FA P:NvUBdIzc 
     $D17B:F0 04     BEQ $D181                                                      A:80 X:03 Y:03 S:FA P:NvUBdIzc 
     $D17D:C9 82     CMP #$82                                                       A:80 X:03 Y:03 S:FA P:NvUBdIzc 
     $D17F:D0 62     BNE $D1E3                                                      A:80 X:03 Y:03 S:FA P:NvUBdIzc 
     $D1E3:49 88     EOR #$88                                                       A:80 X:03 Y:03 S:FA P:NvUBdIzc 
     $D1E5:D0 14     BNE $D1FB                                                      A:08 X:03 Y:03 S:FA P:nvUBdIzc 
     $D1FB:60        RTS (from $8000) ----------------------------------------------A:08 X:03 Y:03 S:FA P:nvUBdIzc 
   $FFDF:A4 2D     LDY $002D = #$00                                               A:08 X:03 Y:03 S:FC P:nvUBdIzc 
   $FFE1:68        PLA                                                            A:08 X:03 Y:00 S:FC P:nvUBdIZc 
  $FFE2:85 13     STA $0013 = #$45                                               A:06 X:03 Y:00 S:FD P:nvUBdIzc 
  $FFE4:B9 B3 FF  LDA $FFB3,Y @ $FFB3 = #$00                                     A:06 X:03 Y:00 S:FD P:nvUBdIzc 
  $FFE7:99 B3 FF  STA $FFB3,Y @ $FFB3 = #$00                                     A:00 X:03 Y:00 S:FD P:nvUBdIZc 
  $FFEA:60        RTS (from $FFCB) ----------------------------------------------A:00 X:03 Y:00 S:FD P:nvUBdIZc 
$845B:20 C2 87  JSR $87C2                                                      A:00 X:03 Y:00 S:FF P:nvUBdIZc 
  $87C2:A2 00     LDX #$00                                                       A:00 X:03 Y:00 S:FD P:nvUBdIZc 
  $87C4:86 82     STX $0082 = #$0E                                               A:00 X:00 Y:00 S:FD P:nvUBdIZc 
  $87C6:BD C1 03  LDA $03C1,X @ $03C1 = #$01                                     A:00 X:00 Y:00 S:FD P:nvUBdIZc 
  $87C9:D0 08     BNE $87D3                                                      A:01 X:00 Y:00 S:FD P:nvUBdIzc 
  $87D3:0A        ASL                                                            A:01 X:00 Y:00 S:FD P:nvUBdIzc 
  $87D4:A8        TAY                                                            A:02 X:00 Y:00 S:FD P:nvUBdIzc 
  $87D5:B9 8A 9B  LDA $9B8A,Y @ $9B8C = #$D8                                     A:02 X:00 Y:02 S:FD P:nvUBdIzc 
  $87D8:85 19     STA $0019 = #$54                                               A:D8 X:00 Y:02 S:FD P:NvUBdIzc 
  $87DA:B9 8B 9B  LDA $9B8B,Y @ $9B8D = #$9F                                     A:D8 X:00 Y:02 S:FD P:NvUBdIzc 
  $87DD:85 1A     STA $001A = #$CC                                               A:9F X:00 Y:02 S:FD P:NvUBdIzc 
  $87DF:BD 39 04  LDA $0439,X @ $0439 = #$52                                     A:9F X:00 Y:02 S:FD P:NvUBdIzc 
  $87E2:85 AD     STA $00AD = #$D2                                               A:52 X:00 Y:02 S:FD P:nvUBdIzc 
  $87E4:BD 2A 04  LDA $042A,X @ $042A = #$00                                     A:52 X:00 Y:02 S:FD P:nvUBdIzc 
  $87E7:85 AE     STA $00AE = #$FF                                               A:00 X:00 Y:02 S:FD P:nvUBdIZc 
  $87E9:BD A2 04  LDA $04A2,X @ $04A2 = #$08                                     A:00 X:00 Y:02 S:FD P:nvUBdIZc 
  $87EC:85 81     STA $0081 = #$80                                               A:08 X:00 Y:02 S:FD P:nvUBdIzc 
  $87EE:29 F7     AND #$F7                                                       A:08 X:00 Y:02 S:FD P:nvUBdIzc 
  $87F0:9D A2 04  STA $04A2,X @ $04A2 = #$08                                     A:00 X:00 Y:02 S:FD P:nvUBdIZc 
  $87F3:20 EC 88  JSR $88EC                                                      A:00 X:00 Y:02 S:FD P:nvUBdIZc 
    $88EC:6C 19 00  JMP ($0019) = $9FD8                                            A:00 X:00 Y:02 S:FB P:nvUBdIZc 
    $9FD8:BD B2 05  LDA $05B2,X @ $05B2 = #$00                                     A:00 X:00 Y:02 S:FB P:nvUBdIZc 
    $9FDB:D0 C5     BNE $9FA2                                                      A:00 X:00 Y:02 S:FB P:nvUBdIZc 
    $9FDD:B5 EC     LDA $EC,X @ $00EC = #$00                                       A:00 X:00 Y:02 S:FB P:nvUBdIZc 
    $9FDF:F0 02     BEQ $9FE3                                                      A:00 X:00 Y:02 S:FB P:nvUBdIZc 
    $9FE3:A4 10     LDY $0010 = #$03                                               A:00 X:00 Y:02 S:FB P:nvUBdIZc 
    $9FE5:B9 1B A0  LDA $A01B,Y @ $A01E = #$00                                     A:00 X:00 Y:03 S:FB P:nvUBdIzc 
    $9FE8:D0 03     BNE $9FED                                                      A:00 X:00 Y:03 S:FB P:nvUBdIZc 
    $9FEA:4C 92 A0  JMP $A092                                                      A:00 X:00 Y:03 S:FB P:nvUBdIZc 
    $A092:BD 29 05  LDA $0529,X @ $0529 = #$00                                     A:00 X:00 Y:03 S:FB P:nvUBdIZc 
    $A095:F0 03     BEQ $A09A                                                      A:00 X:00 Y:03 S:FB P:nvUBdIZc 
    $A09A:A9 FE     LDA #$FE                                                       A:00 X:00 Y:03 S:FB P:nvUBdIZc 
    $A09C:BC D0 05  LDY $05D0,X @ $05D0 = #$00                                     A:FE X:00 Y:03 S:FB P:NvUBdIzc 
    $A09F:30 14     BMI $A0B5                                                      A:FE X:00 Y:00 S:FB P:nvUBdIZc 
    $A0A1:A9 FC     LDA #$FC                                                       A:FE X:00 Y:00 S:FB P:nvUBdIZc 
    $A0A3:A4 10     LDY $0010 = #$03                                               A:FC X:00 Y:00 S:FB P:NvUBdIzc 
    $A0A5:C0 04     CPY #$04                                                       A:FC X:00 Y:03 S:FB P:nvUBdIzc 
    $A0A7:D0 0C     BNE $A0B5                                                      A:FC X:00 Y:03 S:FB P:NvUBdIzc 
    $A0B5:20 6A D0  JSR $D06A                                                      A:FC X:00 Y:03 S:FB P:NvUBdIzc 
      $D06A:85 15     STA $0015 = #$0F                                               A:FC X:00 Y:03 S:F9 P:NvUBdIzc 
      $D06C:BD 65 05  LDA $0565,X @ $0565 = #$A4                                     A:FC X:00 Y:03 S:F9 P:NvUBdIzc 
      $D06F:C9 FF     CMP #$FF                                                       A:A4 X:00 Y:03 S:F9 P:NvUBdIzc 
      $D071:F0 0A     BEQ $D07D                                                      A:A4 X:00 Y:03 S:F9 P:NvUBdIzc 
      $D073:65 15     ADC $0015 = #$FC                                               A:A4 X:00 Y:03 S:F9 P:NvUBdIzc 
      $D075:B0 02     BCS $D079                                                      A:A0 X:00 Y:03 S:F9 P:NvUBdIzC 
      $D079:9D 65 05  STA $0565,X @ $0565 = #$A4                                     A:A0 X:00 Y:03 S:F9 P:NvUBdIzC 
      $D07C:60        RTS (from $D06A) ----------------------------------------------A:A0 X:00 Y:03 S:F9 P:NvUBdIzC 
    $A0B8:A5 C8     LDA $00C8 = #$00                                               A:A0 X:00 Y:03 S:FB P:NvUBdIzC 
    $A0BA:F0 03     BEQ $A0BF                                                      A:00 X:00 Y:03 S:FB P:nvUBdIZC 
    $A0BF:A5 10     LDA $0010 = #$03                                               A:00 X:00 Y:03 S:FB P:nvUBdIZC 
    $A0C1:C9 03     CMP #$03                                                       A:03 X:00 Y:03 S:FB P:nvUBdIzC 
    $A0C3:D0 54     BNE $A119                                                      A:03 X:00 Y:03 S:FB P:nvUBdIZC 
    $A0C5:B5 E9     LDA $E9,X @ $00E9 = #$00                                       A:03 X:00 Y:03 S:FB P:nvUBdIZC 
    $A0C7:D0 50     BNE $A119                                                      A:00 X:00 Y:03 S:FB P:nvUBdIZC 
    $A0C9:BD A2 04  LDA $04A2,X @ $04A2 = #$00                                     A:00 X:00 Y:03 S:FB P:nvUBdIZC 
    $A0CC:10 4B     BPL $A119                                                      A:00 X:00 Y:03 S:FB P:nvUBdIZC 
    $A119:BD 83 05  LDA $0583,X @ $0583 = #$00                                     A:00 X:00 Y:03 S:FB P:nvUBdIZC 
    $A11C:F0 03     BEQ $A121                                                      A:00 X:00 Y:03 S:FB P:nvUBdIZC 
    $A121:BD 47 05  LDA $0547,X @ $0547 = #$00                                     A:00 X:00 Y:03 S:FB P:nvUBdIZC 
    $A124:D0 03     BNE $A129                                                      A:00 X:00 Y:03 S:FB P:nvUBdIZC 
    $A126:4C 6D A3  JMP $A36D                                                      A:00 X:00 Y:03 S:FB P:nvUBdIZC 
    $A36D:BD 74 05  LDA $0574,X @ $0574 = #$00                                     A:00 X:00 Y:03 S:FB P:nvUBdIZC 
    $A370:F0 F8     BEQ $A36A                                                      A:00 X:00 Y:03 S:FB P:nvUBdIZC 
    $A36A:4C 44 A4  JMP $A444                                                      A:00 X:00 Y:03 S:FB P:nvUBdIZC 
    $A444:B5 29     LDA $29,X @ $0029 = #$0F                                       A:00 X:00 Y:03 S:FB P:nvUBdIZC 
    $A446:29 40     AND #$40                                                       A:0F X:00 Y:03 S:FB P:nvUBdIzC 
    $A448:F0 2B     BEQ $A475                                                      A:00 X:00 Y:03 S:FB P:nvUBdIZC 
    $A475:4C F6 A4  JMP $A4F6                                                      A:00 X:00 Y:03 S:FB P:nvUBdIZC 
    $A4F6:4C AF A6  JMP $A6AF                                                      A:00 X:00 Y:03 S:FB P:nvUBdIZC 
    $A6AF:BD FC 04  LDA $04FC,X @ $04FC = #$16                                     A:00 X:00 Y:03 S:FB P:nvUBdIZC 
    $A6B2:F0 08     BEQ $A6BC                                                      A:16 X:00 Y:03 S:FB P:nvUBdIzC 
    $A6B4:A9 01     LDA #$01                                                       A:16 X:00 Y:03 S:FB P:nvUBdIzC 
    $A6B6:20 F6 DA  JSR $DAF6                                                      A:01 X:00 Y:03 S:FB P:nvUBdIzC 
      $DAF6:25 0B     AND $000B = #$70                                               A:01 X:00 Y:03 S:F9 P:nvUBdIzC 
      $DAF8:D0 03     BNE $DAFD                                                      A:00 X:00 Y:03 S:F9 P:nvUBdIZC 
      $DAFA:FE 0B 05  INC $050B,X @ $050B = #$0E                                     A:00 X:00 Y:03 S:F9 P:nvUBdIZC 
      $DAFD:BC FC 04  LDY $04FC,X @ $04FC = #$16                                     A:00 X:00 Y:03 S:F9 P:nvUBdIzC 
      $DB00:84 15     STY $0015 = #$FC                                               A:00 X:00 Y:16 S:F9 P:nvUBdIzC 
      $DB02:A0 FF     LDY #$FF                                                       A:00 X:00 Y:16 S:F9 P:nvUBdIzC 
      $DB04:A9 03     LDA #$03                                                       A:00 X:00 Y:FF S:F9 P:NvUBdIzC 
      $DB06:20 6E FF  JSR $FF6E                                                      A:03 X:00 Y:FF S:F9 P:nvUBdIzC 
        $FF6E:8D B6 FF  STA $FFB6 = #$03                                               A:03 X:00 Y:FF S:F7 P:nvUBdIzC 
        $FF71:20 7A E0  JSR $E07A                                                      A:03 X:00 Y:FF S:F7 P:nvUBdIzC 
          $E07A:C0 FF     CPY #$FF                                                       A:03 X:00 Y:FF S:F5 P:nvUBdIzC 
          $E07C:D0 0F     BNE $E08D                                                      A:03 X:00 Y:FF S:F5 P:nvUBdIZC 
          $E07E:A4 15     LDY $0015 = #$16                                               A:03 X:00 Y:FF S:F5 P:nvUBdIZC 
          $E080:B9 9E E0  LDA $E09E,Y @ $E0B4 = #$C8                                     A:03 X:00 Y:16 S:F5 P:nvUBdIzC 
          $E083:85 19     STA $0019 = #$D8                                               A:C8 X:00 Y:16 S:F5 P:NvUBdIzC 
          $E085:B9 9F E0  LDA $E09F,Y @ $E0B5 = #$E2                                     A:C8 X:00 Y:16 S:F5 P:NvUBdIzC 
          $E088:85 1A     STA $001A = #$9F                                               A:E2 X:00 Y:16 S:F5 P:NvUBdIzC 
          $E08A:BC 0B 05  LDY $050B,X @ $050B = #$0F                                     A:E2 X:00 Y:16 S:F5 P:NvUBdIzC 
          $E08D:B1 19     LDA ($19),Y @ $E2D7 = #$E2                                     A:E2 X:00 Y:0F S:F5 P:nvUBdIzC 
          $E08F:85 78     STA $0078 = #$23                                               A:E2 X:00 Y:0F S:F5 P:NvUBdIzC 
          $E091:C8        INY                                                            A:E2 X:00 Y:0F S:F5 P:NvUBdIzC 
          $E092:B1 19     LDA ($19),Y @ $E2D8 = #$04                                     A:E2 X:00 Y:10 S:F5 P:nvUBdIzC 
          $E094:85 79     STA $0079 = #$E2                                               A:04 X:00 Y:10 S:F5 P:nvUBdIzC 
          $E096:C8        INY                                                            A:04 X:00 Y:10 S:F5 P:nvUBdIzC 
          $E097:B1 19     LDA ($19),Y @ $E2D9 = #$25                                     A:04 X:00 Y:11 S:F5 P:nvUBdIzC 
          $E099:85 7A     STA $007A = #$04                                               A:25 X:00 Y:11 S:F5 P:nvUBdIzC 
          $E09B:88        DEY                                                            A:25 X:00 Y:11 S:F5 P:nvUBdIzC 
          $E09C:88        DEY                                                            A:25 X:00 Y:10 S:F5 P:nvUBdIzC 
          $E09D:A9 00     LDA #$00                                                       A:25 X:00 Y:0F S:F5 P:nvUBdIzC 
          $E09F:60        RTS (from $E07A) ----------------------------------------------A:00 X:00 Y:0F S:F5 P:nvUBdIZC 
        $FF74:8D B3 FF  STA $FFB3 = #$00                                               A:00 X:00 Y:0F S:F7 P:nvUBdIZC 
        $FF77:60        RTS (from $FF6E) ----------------------------------------------A:00 X:00 Y:0F S:F7 P:nvUBdIZC 
      $DB09:A5 78     LDA $0078 = #$E2                                               A:00 X:00 Y:0F S:F9 P:nvUBdIZC 
      $DB0B:F0 D0     BEQ $DADD                                                      A:E2 X:00 Y:0F S:F9 P:NvUBdIzC 
      $DB0D:C9 E0     CMP #$E0                                                       A:E2 X:00 Y:0F S:F9 P:NvUBdIzC 
      $DB0F:90 18     BCC $DB29                                                      A:E2 X:00 Y:0F S:F9 P:nvUBdIzC 
      $DB11:29 1F     AND #$1F                                                       A:E2 X:00 Y:0F S:F9 P:nvUBdIzC 
      $DB13:86 15     STX $0015 = #$16                                               A:02 X:00 Y:0F S:F9 P:nvUBdIzC 
      $DB15:0A        ASL                                                            A:02 X:00 Y:0F S:F9 P:nvUBdIzC 
      $DB16:AA        TAX                                                            A:04 X:00 Y:0F S:F9 P:nvUBdIzc 
      $DB17:BD 3A DB  LDA $DB3A,X @ $DB3E = #$20                                     A:04 X:04 Y:0F S:F9 P:nvUBdIzc 
      $DB1A:85 1B     STA $001B = #$00                                               A:20 X:04 Y:0F S:F9 P:nvUBdIzc 
      $DB1C:BD 3B DB  LDA $DB3B,X @ $DB3F = #$DC                                     A:20 X:04 Y:0F S:F9 P:nvUBdIzc 
      $DB1F:85 1C     STA $001C = #$00                                               A:DC X:04 Y:0F S:F9 P:NvUBdIzc 
      $DB21:A6 15     LDX $0015 = #$00                                               A:DC X:04 Y:0F S:F9 P:NvUBdIzc 
      $DB23:C8        INY                                                            A:DC X:00 Y:0F S:F9 P:nvUBdIZc 
      $DB24:84 22     STY $0022 = #$00                                               A:DC X:00 Y:10 S:F9 P:nvUBdIzc 
      $DB26:6C 1B 00  JMP ($001B) = $DC20                                            A:DC X:00 Y:10 S:F9 P:nvUBdIzc 
      $DC20:E6 22     INC $0022 = #$10                                               A:DC X:00 Y:10 S:F9 P:nvUBdIzc 
      $DC22:BD B1 04  LDA $04B1,X @ $04B1 = #$00                                     A:DC X:00 Y:10 S:F9 P:nvUBdIzc 
      $DC25:30 18     BMI $DC3F                                                      A:00 X:00 Y:10 S:F9 P:nvUBdIZc 
      $DC27:A5 79     LDA $0079 = #$04                                               A:00 X:00 Y:10 S:F9 P:nvUBdIZc 
      $DC29:2A        ROL                                                            A:04 X:00 Y:10 S:F9 P:nvUBdIzc 
      $DC2A:2A        ROL                                                            A:08 X:00 Y:10 S:F9 P:nvUBdIzc 
      $DC2B:2A        ROL                                                            A:10 X:00 Y:10 S:F9 P:nvUBdIzc 
      $DC2C:29 03     AND #$03                                                       A:20 X:00 Y:10 S:F9 P:nvUBdIzc 
      $DC2E:85 DE     STA $00DE = #$00                                               A:00 X:00 Y:10 S:F9 P:nvUBdIZc 
      $DC30:A5 79     LDA $0079 = #$04                                               A:00 X:00 Y:10 S:F9 P:nvUBdIZc 
      $DC32:29 3F     AND #$3F                                                       A:04 X:00 Y:10 S:F9 P:nvUBdIzc 
      $DC34:85 8C     STA $008C = #$A5                                               A:04 X:00 Y:10 S:F9 P:nvUBdIzc 
      $DC36:0A        ASL                                                            A:04 X:00 Y:10 S:F9 P:nvUBdIzc 
      $DC37:0A        ASL                                                            A:08 X:00 Y:10 S:F9 P:nvUBdIzc 
      $DC38:65 8C     ADC $008C = #$04                                               A:10 X:00 Y:10 S:F9 P:nvUBdIzc 
      $DC3A:85 8C     STA $008C = #$04                                               A:14 X:00 Y:10 S:F9 P:nvUBdIzc 
      $DC3C:20 45 DC  JSR $DC45                                                      A:14 X:00 Y:10 S:F9 P:nvUBdIzc 
        $DC45:BD B1 04  LDA $04B1,X @ $04B1 = #$00                                     A:14 X:00 Y:10 S:F7 P:nvUBdIzc 
        $DC48:29 20     AND #$20                                                       A:00 X:00 Y:10 S:F7 P:nvUBdIZc 
        $DC4A:0A        ASL                                                            A:00 X:00 Y:10 S:F7 P:nvUBdIZc 
        $DC4B:09 03     ORA #$03                                                       A:00 X:00 Y:10 S:F7 P:nvUBdIZc 
        $DC4D:20 F7 8A  JSR $8AF7                                                      A:03 X:00 Y:10 S:F7 P:nvUBdIzc 
          $8AF7:A0 0E     LDY #$0E                                                       A:03 X:00 Y:10 S:F5 P:nvUBdIzc 
          $8AF9:E0 02     CPX #$02                                                       A:03 X:00 Y:0E S:F5 P:nvUBdIzc 
          $8AFB:85 1F     STA $001F = #$52                                               A:03 X:00 Y:0E S:F5 P:NvUBdIzc 
          $8AFD:A9 FF     LDA #$FF                                                       A:03 X:00 Y:0E S:F5 P:NvUBdIzc 
          $8AFF:90 04     BCC $8B05                                                      A:FF X:00 Y:0E S:F5 P:NvUBdIzc 
          $8B05:85 8E     STA $008E = #$00                                               A:FF X:00 Y:0E S:F5 P:NvUBdIzc 
          $8B07:84 21     STY $0021 = #$00                                               A:FF X:00 Y:0E S:F5 P:NvUBdIzc 
          $8B09:B9 C1 03  LDA $03C1,Y @ $03CF = #$00                                     A:FF X:00 Y:0E S:F5 P:NvUBdIzc 
          $8B0C:F0 1E     BEQ $8B2C                                                      A:00 X:00 Y:0E S:F5 P:nvUBdIZc 
          $8B2C:A5 21     LDA $0021 = #$0E                                               A:00 X:00 Y:0E S:F5 P:nvUBdIZc 
          $8B2E:18        CLC                                                            A:0E X:00 Y:0E S:F5 P:nvUBdIzc 
          $8B2F:65 8E     ADC $008E = #$FF                                               A:0E X:00 Y:0E S:F5 P:nvUBdIzc 
          $8B31:A8        TAY                                                            A:0D X:00 Y:0E S:F5 P:nvUBdIzC 
          $8B32:C0 0F     CPY #$0F                                                       A:0D X:00 Y:0D S:F5 P:nvUBdIzC 
          $8B34:90 D1     BCC $8B07                                                      A:0D X:00 Y:0D S:F5 P:NvUBdIzc 
          $8B07:84 21     STY $0021 = #$0E                                               A:0D X:00 Y:0D S:F5 P:NvUBdIzc 
          $8B09:B9 C1 03  LDA $03C1,Y @ $03CE = #$00                                     A:0D X:00 Y:0D S:F5 P:NvUBdIzc 
          $8B0C:F0 1E     BEQ $8B2C                                                      A:00 X:00 Y:0D S:F5 P:nvUBdIZc 
          $8B2C:A5 21     LDA $0021 = #$0D                                               A:00 X:00 Y:0D S:F5 P:nvUBdIZc 
          $8B2E:18        CLC                                                            A:0D X:00 Y:0D S:F5 P:nvUBdIzc 
          $8B2F:65 8E     ADC $008E = #$FF                                               A:0D X:00 Y:0D S:F5 P:nvUBdIzc 
          $8B31:A8        TAY                                                            A:0C X:00 Y:0D S:F5 P:nvUBdIzC 
          $8B32:C0 0F     CPY #$0F                                                       A:0C X:00 Y:0C S:F5 P:nvUBdIzC 
          $8B34:90 D1     BCC $8B07                                                      A:0C X:00 Y:0C S:F5 P:NvUBdIzc 
          $8B07:84 21     STY $0021 = #$0D                                               A:0C X:00 Y:0C S:F5 P:NvUBdIzc 
          $8B09:B9 C1 03  LDA $03C1,Y @ $03CD = #$00                                     A:0C X:00 Y:0C S:F5 P:NvUBdIzc 
          $8B0C:F0 1E     BEQ $8B2C                                                      A:00 X:00 Y:0C S:F5 P:nvUBdIZc 
          $8B2C:A5 21     LDA $0021 = #$0C                                               A:00 X:00 Y:0C S:F5 P:nvUBdIZc 
          $8B2E:18        CLC                                                            A:0C X:00 Y:0C S:F5 P:nvUBdIzc 
          $8B2F:65 8E     ADC $008E = #$FF                                               A:0C X:00 Y:0C S:F5 P:nvUBdIzc 
          $8B31:A8        TAY                                                            A:0B X:00 Y:0C S:F5 P:nvUBdIzC 
          $8B32:C0 0F     CPY #$0F                                                       A:0B X:00 Y:0B S:F5 P:nvUBdIzC 
          $8B34:90 D1     BCC $8B07                                                      A:0B X:00 Y:0B S:F5 P:NvUBdIzc 
          $8B07:84 21     STY $0021 = #$0C                                               A:0B X:00 Y:0B S:F5 P:NvUBdIzc 
          $8B09:B9 C1 03  LDA $03C1,Y @ $03CC = #$00                                     A:0B X:00 Y:0B S:F5 P:NvUBdIzc 
          $8B0C:F0 1E     BEQ $8B2C                                                      A:00 X:00 Y:0B S:F5 P:nvUBdIZc 
          $8B2C:A5 21     LDA $0021 = #$0B                                               A:00 X:00 Y:0B S:F5 P:nvUBdIZc 
          $8B2E:18        CLC                                                            A:0B X:00 Y:0B S:F5 P:nvUBdIzc 
          $8B2F:65 8E     ADC $008E = #$FF                                               A:0B X:00 Y:0B S:F5 P:nvUBdIzc 
          $8B31:A8        TAY                                                            A:0A X:00 Y:0B S:F5 P:nvUBdIzC 
          $8B32:C0 0F     CPY #$0F                                                       A:0A X:00 Y:0A S:F5 P:nvUBdIzC 
          $8B34:90 D1     BCC $8B07                                                      A:0A X:00 Y:0A S:F5 P:NvUBdIzc 
          $8B07:84 21     STY $0021 = #$0B                                               A:0A X:00 Y:0A S:F5 P:NvUBdIzc 
          $8B09:B9 C1 03  LDA $03C1,Y @ $03CB = #$00                                     A:0A X:00 Y:0A S:F5 P:NvUBdIzc 
          $8B0C:F0 1E     BEQ $8B2C                                                      A:00 X:00 Y:0A S:F5 P:nvUBdIZc 
          $8B2C:A5 21     LDA $0021 = #$0A                                               A:00 X:00 Y:0A S:F5 P:nvUBdIZc 
          $8B2E:18        CLC                                                            A:0A X:00 Y:0A S:F5 P:nvUBdIzc 
          $8B2F:65 8E     ADC $008E = #$FF                                               A:0A X:00 Y:0A S:F5 P:nvUBdIzc 
          $8B31:A8        TAY                                                            A:09 X:00 Y:0A S:F5 P:nvUBdIzC 
          $8B32:C0 0F     CPY #$0F                                                       A:09 X:00 Y:09 S:F5 P:nvUBdIzC 
          $8B34:90 D1     BCC $8B07                                                      A:09 X:00 Y:09 S:F5 P:NvUBdIzc 
          $8B07:84 21     STY $0021 = #$0A                                               A:09 X:00 Y:09 S:F5 P:NvUBdIzc 
          $8B09:B9 C1 03  LDA $03C1,Y @ $03CA = #$00                                     A:09 X:00 Y:09 S:F5 P:NvUBdIzc 
          $8B0C:F0 1E     BEQ $8B2C                                                      A:00 X:00 Y:09 S:F5 P:nvUBdIZc 
          $8B2C:A5 21     LDA $0021 = #$09                                               A:00 X:00 Y:09 S:F5 P:nvUBdIZc 
          $8B2E:18        CLC                                                            A:09 X:00 Y:09 S:F5 P:nvUBdIzc 
          $8B2F:65 8E     ADC $008E = #$FF                                               A:09 X:00 Y:09 S:F5 P:nvUBdIzc 
          $8B31:A8        TAY                                                            A:08 X:00 Y:09 S:F5 P:nvUBdIzC 
          $8B32:C0 0F     CPY #$0F                                                       A:08 X:00 Y:08 S:F5 P:nvUBdIzC 
          $8B34:90 D1     BCC $8B07                                                      A:08 X:00 Y:08 S:F5 P:NvUBdIzc 
          $8B07:84 21     STY $0021 = #$09                                               A:08 X:00 Y:08 S:F5 P:NvUBdIzc 
          $8B09:B9 C1 03  LDA $03C1,Y @ $03C9 = #$00                                     A:08 X:00 Y:08 S:F5 P:NvUBdIzc 
          $8B0C:F0 1E     BEQ $8B2C                                                      A:00 X:00 Y:08 S:F5 P:nvUBdIZc 
          $8B2C:A5 21     LDA $0021 = #$08                                               A:00 X:00 Y:08 S:F5 P:nvUBdIZc 
          $8B2E:18        CLC                                                            A:08 X:00 Y:08 S:F5 P:nvUBdIzc 
          $8B2F:65 8E     ADC $008E = #$FF                                               A:08 X:00 Y:08 S:F5 P:nvUBdIzc 
          $8B31:A8        TAY                                                            A:07 X:00 Y:08 S:F5 P:nvUBdIzC 
          $8B32:C0 0F     CPY #$0F                                                       A:07 X:00 Y:07 S:F5 P:nvUBdIzC 
          $8B34:90 D1     BCC $8B07                                                      A:07 X:00 Y:07 S:F5 P:NvUBdIzc 
          $8B07:84 21     STY $0021 = #$08                                               A:07 X:00 Y:07 S:F5 P:NvUBdIzc 
          $8B09:B9 C1 03  LDA $03C1,Y @ $03C8 = #$00                                     A:07 X:00 Y:07 S:F5 P:NvUBdIzc 
          $8B0C:F0 1E     BEQ $8B2C                                                      A:00 X:00 Y:07 S:F5 P:nvUBdIZc 
          $8B2C:A5 21     LDA $0021 = #$07                                               A:00 X:00 Y:07 S:F5 P:nvUBdIZc 
          $8B2E:18        CLC                                                            A:07 X:00 Y:07 S:F5 P:nvUBdIzc 
          $8B2F:65 8E     ADC $008E = #$FF                                               A:07 X:00 Y:07 S:F5 P:nvUBdIzc 
          $8B31:A8        TAY                                                            A:06 X:00 Y:07 S:F5 P:nvUBdIzC 
          $8B32:C0 0F     CPY #$0F                                                       A:06 X:00 Y:06 S:F5 P:nvUBdIzC 
          $8B34:90 D1     BCC $8B07                                                      A:06 X:00 Y:06 S:F5 P:NvUBdIzc 
          $8B07:84 21     STY $0021 = #$07                                               A:06 X:00 Y:06 S:F5 P:NvUBdIzc 
          $8B09:B9 C1 03  LDA $03C1,Y @ $03C7 = #$00                                     A:06 X:00 Y:06 S:F5 P:NvUBdIzc 
          $8B0C:F0 1E     BEQ $8B2C                                                      A:00 X:00 Y:06 S:F5 P:nvUBdIZc 
          $8B2C:A5 21     LDA $0021 = #$06                                               A:00 X:00 Y:06 S:F5 P:nvUBdIZc 
          $8B2E:18        CLC                                                            A:06 X:00 Y:06 S:F5 P:nvUBdIzc 
          $8B2F:65 8E     ADC $008E = #$FF                                               A:06 X:00 Y:06 S:F5 P:nvUBdIzc 
          $8B31:A8        TAY                                                            A:05 X:00 Y:06 S:F5 P:nvUBdIzC 
          $8B32:C0 0F     CPY #$0F                                                       A:05 X:00 Y:05 S:F5 P:nvUBdIzC 
          $8B34:90 D1     BCC $8B07                                                      A:05 X:00 Y:05 S:F5 P:NvUBdIzc 
          $8B07:84 21     STY $0021 = #$06                                               A:05 X:00 Y:05 S:F5 P:NvUBdIzc 
          $8B09:B9 C1 03  LDA $03C1,Y @ $03C6 = #$2C                                     A:05 X:00 Y:05 S:F5 P:NvUBdIzc 
          $8B0C:F0 1E     BEQ $8B2C                                                      A:2C X:00 Y:05 S:F5 P:nvUBdIzc 
          $8B0E:B9 29 05  LDA $0529,Y @ $052E = #$00                                     A:2C X:00 Y:05 S:F5 P:nvUBdIzc 
          $8B11:29 40     AND #$40                                                       A:00 X:00 Y:05 S:F5 P:nvUBdIZc 
          $8B13:19 74 05  ORA $0574,Y @ $0579 = #$00                                     A:00 X:00 Y:05 S:F5 P:nvUBdIZc 
          $8B16:D0 14     BNE $8B2C                                                      A:00 X:00 Y:05 S:F5 P:nvUBdIZc 
          $8B18:C4 82     CPY $0082 = #$00                                               A:00 X:00 Y:05 S:F5 P:nvUBdIZc 
          $8B1A:F0 10     BEQ $8B2C                                                      A:00 X:00 Y:05 S:F5 P:nvUBdIzC 
          $8B1C:B9 C1 03  LDA $03C1,Y @ $03C6 = #$2C                                     A:00 X:00 Y:05 S:F5 P:nvUBdIzC 
          $8B1F:A8        TAY                                                            A:2C X:00 Y:05 S:F5 P:nvUBdIzC 
          $8B20:B9 87 9D  LDA $9D87,Y @ $9DB3 = #$00                                     A:2C X:00 Y:2C S:F5 P:nvUBdIzC 
          $8B23:25 1F     AND $001F = #$03                                               A:00 X:00 Y:2C S:F5 P:nvUBdIZC 
          $8B25:F0 05     BEQ $8B2C                                                      A:00 X:00 Y:2C S:F5 P:nvUBdIZC 
          $8B2C:A5 21     LDA $0021 = #$05                                               A:00 X:00 Y:2C S:F5 P:nvUBdIZC 
          $8B2E:18        CLC                                                            A:05 X:00 Y:2C S:F5 P:nvUBdIzC 
          $8B2F:65 8E     ADC $008E = #$FF                                               A:05 X:00 Y:2C S:F5 P:nvUBdIzc 
          $8B31:A8        TAY                                                            A:04 X:00 Y:2C S:F5 P:nvUBdIzC 
          $8B32:C0 0F     CPY #$0F                                                       A:04 X:00 Y:04 S:F5 P:nvUBdIzC 
          $8B34:90 D1     BCC $8B07                                                      A:04 X:00 Y:04 S:F5 P:NvUBdIzc 
          $8B07:84 21     STY $0021 = #$05                                               A:04 X:00 Y:04 S:F5 P:NvUBdIzc 
          $8B09:B9 C1 03  LDA $03C1,Y @ $03C5 = #$2C                                     A:04 X:00 Y:04 S:F5 P:NvUBdIzc 
          $8B0C:F0 1E     BEQ $8B2C                                                      A:2C X:00 Y:04 S:F5 P:nvUBdIzc 
          $8B0E:B9 29 05  LDA $0529,Y @ $052D = #$00                                     A:2C X:00 Y:04 S:F5 P:nvUBdIzc 
          $8B11:29 40     AND #$40                                                       A:00 X:00 Y:04 S:F5 P:nvUBdIZc 
          $8B13:19 74 05  ORA $0574,Y @ $0578 = #$00                                     A:00 X:00 Y:04 S:F5 P:nvUBdIZc 
          $8B16:D0 14     BNE $8B2C                                                      A:00 X:00 Y:04 S:F5 P:nvUBdIZc 
          $8B18:C4 82     CPY $0082 = #$00                                               A:00 X:00 Y:04 S:F5 P:nvUBdIZc 
          $8B1A:F0 10     BEQ $8B2C                                                      A:00 X:00 Y:04 S:F5 P:nvUBdIzC 
          $8B1C:B9 C1 03  LDA $03C1,Y @ $03C5 = #$2C                                     A:00 X:00 Y:04 S:F5 P:nvUBdIzC 
          $8B1F:A8        TAY                                                            A:2C X:00 Y:04 S:F5 P:nvUBdIzC 
          $8B20:B9 87 9D  LDA $9D87,Y @ $9DB3 = #$00                                     A:2C X:00 Y:2C S:F5 P:nvUBdIzC 
          $8B23:25 1F     AND $001F = #$03                                               A:00 X:00 Y:2C S:F5 P:nvUBdIZC 
          $8B25:F0 05     BEQ $8B2C                                                      A:00 X:00 Y:2C S:F5 P:nvUBdIZC 
          $8B2C:A5 21     LDA $0021 = #$04                                               A:00 X:00 Y:2C S:F5 P:nvUBdIZC 
          $8B2E:18        CLC                                                            A:04 X:00 Y:2C S:F5 P:nvUBdIzC 
          $8B2F:65 8E     ADC $008E = #$FF                                               A:04 X:00 Y:2C S:F5 P:nvUBdIzc 
          $8B31:A8        TAY                                                            A:03 X:00 Y:2C S:F5 P:nvUBdIzC 
          $8B32:C0 0F     CPY #$0F                                                       A:03 X:00 Y:03 S:F5 P:nvUBdIzC 
          $8B34:90 D1     BCC $8B07                                                      A:03 X:00 Y:03 S:F5 P:NvUBdIzc 
          $8B07:84 21     STY $0021 = #$04                                               A:03 X:00 Y:03 S:F5 P:NvUBdIzc 
          $8B09:B9 C1 03  LDA $03C1,Y @ $03C4 = #$2C                                     A:03 X:00 Y:03 S:F5 P:NvUBdIzc 
          $8B0C:F0 1E     BEQ $8B2C                                                      A:2C X:00 Y:03 S:F5 P:nvUBdIzc 
          $8B0E:B9 29 05  LDA $0529,Y @ $052C = #$00                                     A:2C X:00 Y:03 S:F5 P:nvUBdIzc 
          $8B11:29 40     AND #$40                                                       A:00 X:00 Y:03 S:F5 P:nvUBdIZc 
          $8B13:19 74 05  ORA $0574,Y @ $0577 = #$00                                     A:00 X:00 Y:03 S:F5 P:nvUBdIZc 
          $8B16:D0 14     BNE $8B2C                                                      A:00 X:00 Y:03 S:F5 P:nvUBdIZc 
          $8B18:C4 82     CPY $0082 = #$00                                               A:00 X:00 Y:03 S:F5 P:nvUBdIZc 
          $8B1A:F0 10     BEQ $8B2C                                                      A:00 X:00 Y:03 S:F5 P:nvUBdIzC 
          $8B1C:B9 C1 03  LDA $03C1,Y @ $03C4 = #$2C                                     A:00 X:00 Y:03 S:F5 P:nvUBdIzC 
          $8B1F:A8        TAY                                                            A:2C X:00 Y:03 S:F5 P:nvUBdIzC 
          $8B20:B9 87 9D  LDA $9D87,Y @ $9DB3 = #$00                                     A:2C X:00 Y:2C S:F5 P:nvUBdIzC 
          $8B23:25 1F     AND $001F = #$03                                               A:00 X:00 Y:2C S:F5 P:nvUBdIZC 
          $8B25:F0 05     BEQ $8B2C                                                      A:00 X:00 Y:2C S:F5 P:nvUBdIZC 
          $8B2C:A5 21     LDA $0021 = #$03                                               A:00 X:00 Y:2C S:F5 P:nvUBdIZC 
          $8B2E:18        CLC                                                            A:03 X:00 Y:2C S:F5 P:nvUBdIzC 
          $8B2F:65 8E     ADC $008E = #$FF                                               A:03 X:00 Y:2C S:F5 P:nvUBdIzc 
          $8B31:A8        TAY                                                            A:02 X:00 Y:2C S:F5 P:nvUBdIzC 
          $8B32:C0 0F     CPY #$0F                                                       A:02 X:00 Y:02 S:F5 P:nvUBdIzC 
          $8B34:90 D1     BCC $8B07                                                      A:02 X:00 Y:02 S:F5 P:NvUBdIzc 
          $8B07:84 21     STY $0021 = #$03                                               A:02 X:00 Y:02 S:F5 P:NvUBdIzc 
          $8B09:B9 C1 03  LDA $03C1,Y @ $03C3 = #$18                                     A:02 X:00 Y:02 S:F5 P:NvUBdIzc 
          $8B0C:F0 1E     BEQ $8B2C                                                      A:18 X:00 Y:02 S:F5 P:nvUBdIzc 
          $8B0E:B9 29 05  LDA $0529,Y @ $052B = #$42                                     A:18 X:00 Y:02 S:F5 P:nvUBdIzc 
          $8B11:29 40     AND #$40                                                       A:42 X:00 Y:02 S:F5 P:nvUBdIzc 
          $8B13:19 74 05  ORA $0574,Y @ $0576 = #$00                                     A:40 X:00 Y:02 S:F5 P:nvUBdIzc 
          $8B16:D0 14     BNE $8B2C                                                      A:40 X:00 Y:02 S:F5 P:nvUBdIzc 
          $8B2C:A5 21     LDA $0021 = #$02                                               A:40 X:00 Y:02 S:F5 P:nvUBdIzc 
          $8B2E:18        CLC                                                            A:02 X:00 Y:02 S:F5 P:nvUBdIzc 
          $8B2F:65 8E     ADC $008E = #$FF                                               A:02 X:00 Y:02 S:F5 P:nvUBdIzc 
          $8B31:A8        TAY                                                            A:01 X:00 Y:02 S:F5 P:nvUBdIzC 
          $8B32:C0 0F     CPY #$0F                                                       A:01 X:00 Y:01 S:F5 P:nvUBdIzC 
          $8B34:90 D1     BCC $8B07                                                      A:01 X:00 Y:01 S:F5 P:NvUBdIzc 
          $8B07:84 21     STY $0021 = #$02                                               A:01 X:00 Y:01 S:F5 P:NvUBdIzc 
          $8B09:B9 C1 03  LDA $03C1,Y @ $03C2 = #$02                                     A:01 X:00 Y:01 S:F5 P:NvUBdIzc 
          $8B0C:F0 1E     BEQ $8B2C                                                      A:02 X:00 Y:01 S:F5 P:nvUBdIzc 
          $8B0E:B9 29 05  LDA $0529,Y @ $052A = #$00                                     A:02 X:00 Y:01 S:F5 P:nvUBdIzc 
          $8B11:29 40     AND #$40                                                       A:00 X:00 Y:01 S:F5 P:nvUBdIZc 
          $8B13:19 74 05  ORA $0574,Y @ $0575 = #$D0                                     A:00 X:00 Y:01 S:F5 P:nvUBdIZc 
          $8B16:D0 14     BNE $8B2C                                                      A:D0 X:00 Y:01 S:F5 P:NvUBdIzc 
          $8B2C:A5 21     LDA $0021 = #$01                                               A:D0 X:00 Y:01 S:F5 P:NvUBdIzc 
          $8B2E:18        CLC                                                            A:01 X:00 Y:01 S:F5 P:nvUBdIzc 
          $8B2F:65 8E     ADC $008E = #$FF                                               A:01 X:00 Y:01 S:F5 P:nvUBdIzc 
          $8B31:A8        TAY                                                            A:00 X:00 Y:01 S:F5 P:nvUBdIZC 
          $8B32:C0 0F     CPY #$0F                                                       A:00 X:00 Y:00 S:F5 P:nvUBdIZC 
          $8B34:90 D1     BCC $8B07                                                      A:00 X:00 Y:00 S:F5 P:NvUBdIzc 
          $8B07:84 21     STY $0021 = #$01                                               A:00 X:00 Y:00 S:F5 P:NvUBdIzc 
          $8B09:B9 C1 03  LDA $03C1,Y @ $03C1 = #$01                                     A:00 X:00 Y:00 S:F5 P:NvUBdIzc 
          $8B0C:F0 1E     BEQ $8B2C                                                      A:01 X:00 Y:00 S:F5 P:nvUBdIzc 
          $8B0E:B9 29 05  LDA $0529,Y @ $0529 = #$00                                     A:01 X:00 Y:00 S:F5 P:nvUBdIzc 
          $8B11:29 40     AND #$40                                                       A:00 X:00 Y:00 S:F5 P:nvUBdIZc 
          $8B13:19 74 05  ORA $0574,Y @ $0574 = #$00                                     A:00 X:00 Y:00 S:F5 P:nvUBdIZc 
          $8B16:D0 14     BNE $8B2C                                                      A:00 X:00 Y:00 S:F5 P:nvUBdIZc 
          $8B18:C4 82     CPY $0082 = #$00                                               A:00 X:00 Y:00 S:F5 P:nvUBdIZc 
          $8B1A:F0 10     BEQ $8B2C                                                      A:00 X:00 Y:00 S:F5 P:nvUBdIZC 
          $8B2C:A5 21     LDA $0021 = #$00                                               A:00 X:00 Y:00 S:F5 P:nvUBdIZC 
          $8B2E:18        CLC                                                            A:00 X:00 Y:00 S:F5 P:nvUBdIZC 
          $8B2F:65 8E     ADC $008E = #$FF                                               A:00 X:00 Y:00 S:F5 P:nvUBdIZc 
          $8B31:A8        TAY                                                            A:FF X:00 Y:00 S:F5 P:NvUBdIzc 
          $8B32:C0 0F     CPY #$0F                                                       A:FF X:00 Y:FF S:F5 P:NvUBdIzc 
          $8B34:90 D1     BCC $8B07                                                      A:FF X:00 Y:FF S:F5 P:NvUBdIzC 
          $8B36:A9 80     LDA #$80                                                       A:FF X:00 Y:FF S:F5 P:NvUBdIzC 
          $8B38:60        RTS (from $8AF7) ----------------------------------------------A:80 X:00 Y:FF S:F5 P:NvUBdIzC 
        $DC50:10 01     BPL $DC53                                                      A:80 X:00 Y:FF S:F7 P:NvUBdIzC 
        $DC52:60        RTS (from $DC45) ----------------------------------------------A:80 X:00 Y:FF S:F7 P:NvUBdIzC 
      $DC3F:A4 22     LDY $0022 = #$11                                               A:80 X:00 Y:FF S:F9 P:NvUBdIzC 
      $DC41:C8        INY                                                            A:80 X:00 Y:11 S:F9 P:nvUBdIzC 
      $DC42:4C 04 DB  JMP $DB04                                                      A:80 X:00 Y:12 S:F9 P:nvUBdIzC 
      $DB04:A9 03     LDA #$03                                                       A:80 X:00 Y:12 S:F9 P:nvUBdIzC 
      $DB06:20 6E FF  JSR $FF6E                                                      A:03 X:00 Y:12 S:F9 P:nvUBdIzC 
        $FF6E:8D B6 FF  STA $FFB6 = #$03                                               A:03 X:00 Y:12 S:F7 P:nvUBdIzC 
        $FF71:20 7A E0  JSR $E07A                                                      A:03 X:00 Y:12 S:F7 P:nvUBdIzC 
          $E07A:C0 FF     CPY #$FF                                                       A:03 X:00 Y:12 S:F5 P:nvUBdIzC 
          $E07C:D0 0F     BNE $E08D                                                      A:03 X:00 Y:12 S:F5 P:nvUBdIzc 
          $E08D:B1 19     LDA ($19),Y @ $E2DA = #$23                                     A:03 X:00 Y:12 S:F5 P:nvUBdIzc 
          $E08F:85 78     STA $0078 = #$E2                                               A:23 X:00 Y:12 S:F5 P:nvUBdIzc 
          $E091:C8        INY                                                            A:23 X:00 Y:12 S:F5 P:nvUBdIzc 
          $E092:B1 19     LDA ($19),Y @ $E2DB = #$E2                                     A:23 X:00 Y:13 S:F5 P:nvUBdIzc 
          $E094:85 79     STA $0079 = #$04                                               A:E2 X:00 Y:13 S:F5 P:NvUBdIzc 
          $E096:C8        INY                                                            A:E2 X:00 Y:13 S:F5 P:NvUBdIzc 
          $E097:B1 19     LDA ($19),Y @ $E2DC = #$04                                     A:E2 X:00 Y:14 S:F5 P:nvUBdIzc 
          $E099:85 7A     STA $007A = #$25                                               A:04 X:00 Y:14 S:F5 P:nvUBdIzc 
          $E09B:88        DEY                                                            A:04 X:00 Y:14 S:F5 P:nvUBdIzc 
          $E09C:88        DEY                                                            A:04 X:00 Y:13 S:F5 P:nvUBdIzc 
          $E09D:A9 00     LDA #$00                                                       A:04 X:00 Y:12 S:F5 P:nvUBdIzc 
          $E09F:60        RTS (from $E07A) ----------------------------------------------A:00 X:00 Y:12 S:F5 P:nvUBdIZc 
        $FF74:8D B3 FF  STA $FFB3 = #$00                                               A:00 X:00 Y:12 S:F7 P:nvUBdIZc 
        $FF77:60        RTS (from $FF6E) ----------------------------------------------A:00 X:00 Y:12 S:F7 P:nvUBdIZc 
      $DB09:A5 78     LDA $0078 = #$23                                               A:00 X:00 Y:12 S:F9 P:nvUBdIZc 
      $DB0B:F0 D0     BEQ $DADD                                                      A:23 X:00 Y:12 S:F9 P:nvUBdIzc 
      $DB0D:C9 E0     CMP #$E0                                                       A:23 X:00 Y:12 S:F9 P:nvUBdIzc 
      $DB0F:90 18     BCC $DB29                                                      A:23 X:00 Y:12 S:F9 P:nvUBdIzc 
      $DB29:E0 02     CPX #$02                                                       A:23 X:00 Y:12 S:F9 P:nvUBdIzc 
      $DB2B:B0 05     BCS $DB32                                                      A:23 X:00 Y:12 S:F9 P:NvUBdIzc 
      $DB2D:9D B5 03  STA $03B5,X @ $03B5 = #$23                                     A:23 X:00 Y:12 S:F9 P:NvUBdIzc 
      $DB30:90 03     BCC $DB35                                                      A:23 X:00 Y:12 S:F9 P:NvUBdIzc 
      $DB35:98        TYA                                                            A:23 X:00 Y:12 S:F9 P:NvUBdIzc 
      $DB36:9D 0B 05  STA $050B,X @ $050B = #$0F                                     A:12 X:00 Y:12 S:F9 P:nvUBdIzc 
      $DB39:60        RTS (from $DAF6) ----------------------------------------------A:12 X:00 Y:12 S:F9 P:nvUBdIzc 
    $A6B9:4C 9B A8  JMP $A89B                                                      A:12 X:00 Y:12 S:FB P:nvUBdIzc 
    $A89B:20 A1 A8  JSR $A8A1                                                      A:12 X:00 Y:12 S:FB P:nvUBdIzc 
      $A8A1:A5 10     LDA $0010 = #$03                                               A:12 X:00 Y:12 S:F9 P:nvUBdIzc 
      $A8A3:C9 04     CMP #$04                                                       A:03 X:00 Y:12 S:F9 P:nvUBdIzc 
      $A8A5:D0 68     BNE $A90F                                                      A:03 X:00 Y:12 S:F9 P:NvUBdIzc 
      $A90F:4C 4C 8F  JMP $8F4C                                                      A:03 X:00 Y:12 S:F9 P:NvUBdIzc 
      $8F4C:BD 65 05  LDA $0565,X @ $0565 = #$A0                                     A:03 X:00 Y:12 S:F9 P:NvUBdIzc 
      $8F4F:29 F0     AND #$F0                                                       A:A0 X:00 Y:12 S:F9 P:NvUBdIzc 
      $8F51:F0 43     BEQ $8F96                                                      A:A0 X:00 Y:12 S:F9 P:NvUBdIzc 
      $8F53:85 15     STA $0015 = #$00                                               A:A0 X:00 Y:12 S:F9 P:NvUBdIzc 
      $8F55:BD 56 05  LDA $0556,X @ $0556 = #$00                                     A:A0 X:00 Y:12 S:F9 P:NvUBdIzc 
      $8F58:4A        LSR                                                            A:00 X:00 Y:12 S:F9 P:nvUBdIZc 
      $8F59:4A        LSR                                                            A:00 X:00 Y:12 S:F9 P:nvUBdIZc 
      $8F5A:29 0F     AND #$0F                                                       A:00 X:00 Y:12 S:F9 P:nvUBdIZc 
      $8F5C:85 17     STA $0017 = #$54                                               A:00 X:00 Y:12 S:F9 P:nvUBdIZc 
      $8F5E:F0 06     BEQ $8F66                                                      A:00 X:00 Y:12 S:F9 P:nvUBdIZc 
      $8F66:A8        TAY                                                            A:00 X:00 Y:12 S:F9 P:nvUBdIZc 
      $8F67:29 07     AND #$07                                                       A:00 X:00 Y:00 S:F9 P:nvUBdIZc 
      $8F69:85 21     STA $0021 = #$00                                               A:00 X:00 Y:00 S:F9 P:nvUBdIZc 
      $8F6B:98        TYA                                                            A:00 X:00 Y:00 S:F9 P:nvUBdIZc 
      $8F6C:29 F8     AND #$F8                                                       A:00 X:00 Y:00 S:F9 P:nvUBdIZc 
      $8F6E:85 22     STA $0022 = #$11                                               A:00 X:00 Y:00 S:F9 P:nvUBdIZc 
      $8F70:A5 17     LDA $0017 = #$00                                               A:00 X:00 Y:00 S:F9 P:nvUBdIZc 
      $8F72:49 0F     EOR #$0F                                                       A:00 X:00 Y:00 S:F9 P:nvUBdIZc 
      $8F74:05 15     ORA $0015 = #$A0                                               A:0F X:00 Y:00 S:F9 P:nvUBdIzc 
      $8F76:A8        TAY                                                            A:AF X:00 Y:00 S:F9 P:NvUBdIzc 
      $8F77:B9 3A 90  LDA $903A,Y @ $90E9 = #$AA                                     A:AF X:00 Y:AF S:F9 P:NvUBdIzc 
      $8F7A:A8        TAY                                                            A:AA X:00 Y:AF S:F9 P:NvUBdIzc 
      $8F7B:29 07     AND #$07                                                       A:AA X:00 Y:AA S:F9 P:NvUBdIzc 
      $8F7D:85 1B     STA $001B = #$20                                               A:02 X:00 Y:AA S:F9 P:nvUBdIzc 
      $8F7F:98        TYA                                                            A:02 X:00 Y:AA S:F9 P:nvUBdIzc 
      $8F80:29 F8     AND #$F8                                                       A:AA X:00 Y:AA S:F9 P:NvUBdIzc 
      $8F82:85 1C     STA $001C = #$DC                                               A:A8 X:00 Y:AA S:F9 P:NvUBdIzc 
      $8F84:BD 56 05  LDA $0556,X @ $0556 = #$00                                     A:A8 X:00 Y:AA S:F9 P:NvUBdIzc 
      $8F87:29 C0     AND #$C0                                                       A:00 X:00 Y:AA S:F9 P:nvUBdIZc 
      $8F89:F0 65     BEQ $8FF0                                                      A:00 X:00 Y:AA S:F9 P:nvUBdIZc 
      $8FF0:BD 48 04  LDA $0448,X @ $0448 = #$38                                     A:00 X:00 Y:AA S:F9 P:nvUBdIZc 
      $8FF3:18        CLC                                                            A:38 X:00 Y:AA S:F9 P:nvUBdIzc 
      $8FF4:65 1C     ADC $001C = #$A8                                               A:38 X:00 Y:AA S:F9 P:nvUBdIzc 
      $8FF6:9D 48 04  STA $0448,X @ $0448 = #$38                                     A:E0 X:00 Y:AA S:F9 P:NvUBdIzc 
      $8FF9:BD FD 03  LDA $03FD,X @ $03FD = #$F7                                     A:E0 X:00 Y:AA S:F9 P:NvUBdIzc 
      $8FFC:65 1B     ADC $001B = #$02                                               A:F7 X:00 Y:AA S:F9 P:NvUBdIzc 
      $8FFE:9D FD 03  STA $03FD,X @ $03FD = #$F7                                     A:F9 X:00 Y:AA S:F9 P:NvUBdIzc 
      $9001:90 03     BCC $9006                                                      A:F9 X:00 Y:AA S:F9 P:NvUBdIzc 
      $9006:BD 57 04  LDA $0457,X @ $0457 = #$50                                     A:F9 X:00 Y:AA S:F9 P:NvUBdIzc 
      $9009:38        SEC                                                            A:50 X:00 Y:AA S:F9 P:nvUBdIzc 
      $900A:E5 22     SBC $0022 = #$00                                               A:50 X:00 Y:AA S:F9 P:nvUBdIzC 
      $900C:9D 57 04  STA $0457,X @ $0457 = #$50                                     A:50 X:00 Y:AA S:F9 P:nvUBdIzC 
      $900F:BD 1B 04  LDA $041B,X @ $041B = #$E4                                     A:50 X:00 Y:AA S:F9 P:nvUBdIzC 
      $9012:E5 21     SBC $0021 = #$00                                               A:E4 X:00 Y:AA S:F9 P:NvUBdIzC 
      $9014:9D 1B 04  STA $041B,X @ $041B = #$E4                                     A:E4 X:00 Y:AA S:F9 P:NvUBdIzC 
      $9017:B0 03     BCS $901C                                                      A:E4 X:00 Y:AA S:F9 P:NvUBdIzC 
      $901C:60        RTS (from $A8A1) ----------------------------------------------A:E4 X:00 Y:AA S:F9 P:NvUBdIzC 
    $A89E:4C 15 A9  JMP $A915                                                      A:E4 X:00 Y:AA S:FB P:NvUBdIzC 
    $A915:A5 EB     LDA $00EB = #$00                                               A:E4 X:00 Y:AA S:FB P:NvUBdIzC 
    $A917:D0 09     BNE $A922                                                      A:00 X:00 Y:AA S:FB P:nvUBdIZC 
    $A919:A5 10     LDA $0010 = #$03                                               A:00 X:00 Y:AA S:FB P:nvUBdIZC 
    $A91B:C9 05     CMP #$05                                                       A:03 X:00 Y:AA S:FB P:nvUBdIzC 
    $A91D:F0 03     BEQ $A922                                                      A:03 X:00 Y:AA S:FB P:NvUBdIzc 
    $A91F:20 12 9E  JSR $9E12                                                      A:03 X:00 Y:AA S:FB P:NvUBdIzc 
      $9E12:BD FD 03  LDA $03FD,X @ $03FD = #$F9                                     A:03 X:00 Y:AA S:F9 P:NvUBdIzc 
      $9E15:38        SEC                                                            A:F9 X:00 Y:AA S:F9 P:NvUBdIzc 
      $9E16:E5 87     SBC $0087 = #$CC                                               A:F9 X:00 Y:AA S:F9 P:NvUBdIzC 
      $9E18:A8        TAY                                                            A:2D X:00 Y:AA S:F9 P:nvUBdIzC 
      $9E19:C0 1A     CPY #$1A                                                       A:2D X:00 Y:2D S:F9 P:nvUBdIzC 
      $9E1B:B0 09     BCS $9E26                                                      A:2D X:00 Y:2D S:F9 P:nvUBdIzC 
      $9E26:A9 16     LDA #$16                                                       A:2D X:00 Y:2D S:F9 P:nvUBdIzC 
      $9E28:C0 16     CPY #$16                                                       A:16 X:00 Y:2D S:F9 P:nvUBdIzC 
      $9E2A:90 06     BCC $9E32                                                      A:16 X:00 Y:2D S:F9 P:nvUBdIzC 
      $9E2C:C0 EF     CPY #$EF                                                       A:16 X:00 Y:2D S:F9 P:nvUBdIzC 
      $9E2E:90 1D     BCC $9E4D                                                      A:16 X:00 Y:2D S:F9 P:nvUBdIzc 
      $9E4D:60        RTS (from $9E12) ----------------------------------------------A:16 X:00 Y:2D S:F9 P:nvUBdIzc 
    $A922:A5 10     LDA $0010 = #$03                                               A:16 X:00 Y:2D S:FB P:nvUBdIzc 
    $A924:C9 02     CMP #$02                                                       A:03 X:00 Y:2D S:FB P:nvUBdIzc 
    $A926:F0 EA     BEQ $A912                                                      A:03 X:00 Y:2D S:FB P:nvUBdIzC 
    $A928:B5 2B     LDA $2B,X @ $002B = #$00                                       A:03 X:00 Y:2D S:FB P:nvUBdIzC 
    $A92A:10 E6     BPL $A912                                                      A:00 X:00 Y:2D S:FB P:nvUBdIZC 
    $A912:4C CB A9  JMP $A9CB                                                      A:00 X:00 Y:2D S:FB P:nvUBdIZC 
    $A9CB:A5 C8     LDA $00C8 = #$00                                               A:00 X:00 Y:2D S:FB P:nvUBdIZC 
    $A9CD:D0 6E     BNE $AA3D                                                      A:00 X:00 Y:2D S:FB P:nvUBdIZC 
    $A9CF:BD 38 05  LDA $0538,X @ $0538 = #$00                                     A:00 X:00 Y:2D S:FB P:nvUBdIZC 
    $A9D2:29 40     AND #$40                                                       A:00 X:00 Y:2D S:FB P:nvUBdIZC 
    $A9D4:F0 36     BEQ $AA0C                                                      A:00 X:00 Y:2D S:FB P:nvUBdIZC 
    $AA0C:4C 0A AB  JMP $AB0A                                                      A:00 X:00 Y:2D S:FB P:nvUBdIZC 
    $AB0A:BD FC 04  LDA $04FC,X @ $04FC = #$16                                     A:00 X:00 Y:2D S:FB P:nvUBdIZC 
    $AB0D:F0 05     BEQ $AB14                                                      A:16 X:00 Y:2D S:FB P:nvUBdIzC 
    $AB0F:BD D0 05  LDA $05D0,X @ $05D0 = #$00                                     A:16 X:00 Y:2D S:FB P:nvUBdIzC 
    $AB12:30 0F     BMI $AB23                                                      A:00 X:00 Y:2D S:FB P:nvUBdIZC 
    $AB14:BD BB 03  LDA $03BB,X @ $03BB = #$00                                     A:00 X:00 Y:2D S:FB P:nvUBdIZC 
    $AB17:C9 C0     CMP #$C0                                                       A:00 X:00 Y:2D S:FB P:nvUBdIZC 
    $AB19:F0 05     BEQ $AB20                                                      A:00 X:00 Y:2D S:FB P:nvUBdIzc 
    $AB1B:35 29     AND $29,X @ $0029 = #$0F                                       A:00 X:00 Y:2D S:FB P:nvUBdIzc 
    $AB1D:9D BB 03  STA $03BB,X @ $03BB = #$00                                     A:00 X:00 Y:2D S:FB P:nvUBdIZc 
    $AB20:20 C1 8D  JSR $8DC1                                                      A:00 X:00 Y:2D S:FB P:nvUBdIZc 
      $8DC1:A4 10     LDY $0010 = #$03                                               A:00 X:00 Y:2D S:F9 P:nvUBdIZc 
      $8DC3:C0 02     CPY #$02                                                       A:00 X:00 Y:03 S:F9 P:nvUBdIzc 
      $8DC5:D0 7B     BNE $8E42                                                      A:00 X:00 Y:03 S:F9 P:nvUBdIzC 
      $8E42:BC FC 04  LDY $04FC,X @ $04FC = #$16                                     A:00 X:00 Y:03 S:F9 P:nvUBdIzC 
      $8E45:D0 03     BNE $8E4A                                                      A:00 X:00 Y:16 S:F9 P:nvUBdIzC 
      $8E4A:A9 B0     LDA #$B0                                                       A:00 X:00 Y:16 S:F9 P:nvUBdIzC 
      $8E4C:85 15     STA $0015 = #$A0                                               A:B0 X:00 Y:16 S:F9 P:NvUBdIzC 
      $8E4E:A9 D8     LDA #$D8                                                       A:B0 X:00 Y:16 S:F9 P:NvUBdIzC 
      $8E50:D0 08     BNE $8E5A                                                      A:D8 X:00 Y:16 S:F9 P:NvUBdIzC 
      $8E5A:A4 10     LDY $0010 = #$03                                               A:D8 X:00 Y:16 S:F9 P:NvUBdIzC 
      $8E5C:C0 06     CPY #$06                                                       A:D8 X:00 Y:03 S:F9 P:nvUBdIzC 
      $8E5E:F0 08     BEQ $8E68                                                      A:D8 X:00 Y:03 S:F9 P:NvUBdIzc 
      $8E60:C0 0C     CPY #$0C                                                       A:D8 X:00 Y:03 S:F9 P:NvUBdIzc 
      $8E62:F0 04     BEQ $8E68                                                      A:D8 X:00 Y:03 S:F9 P:NvUBdIzc 
      $8E64:C0 03     CPY #$03                                                       A:D8 X:00 Y:03 S:F9 P:NvUBdIzc 
      $8E66:D0 14     BNE $8E7C                                                      A:D8 X:00 Y:03 S:F9 P:nvUBdIZC 
      $8E68:BC 38 05  LDY $0538,X @ $0538 = #$00                                     A:D8 X:00 Y:03 S:F9 P:nvUBdIZC 
      $8E6B:30 0F     BMI $8E7C                                                      A:D8 X:00 Y:00 S:F9 P:nvUBdIZC 
      $8E6D:C0 40     CPY #$40                                                       A:D8 X:00 Y:00 S:F9 P:nvUBdIZC 
      $8E6F:90 0B     BCC $8E7C                                                      A:D8 X:00 Y:00 S:F9 P:NvUBdIzc 
      $8E7C:BC C1 03  LDY $03C1,X @ $03C1 = #$01                                     A:D8 X:00 Y:00 S:F9 P:NvUBdIzc 
      $8E7F:B9 09 9D  LDA $9D09,Y @ $9D0A = #$04                                     A:D8 X:00 Y:01 S:F9 P:nvUBdIzc 
      $8E82:29 0F     AND #$0F                                                       A:04 X:00 Y:01 S:F9 P:nvUBdIzc 
      $8E84:E0 02     CPX #$02                                                       A:04 X:00 Y:01 S:F9 P:nvUBdIzc 
      $8E86:B0 20     BCS $8EA8                                                      A:04 X:00 Y:01 S:F9 P:NvUBdIzc 
      $8E88:BC 74 05  LDY $0574,X @ $0574 = #$00                                     A:04 X:00 Y:01 S:F9 P:NvUBdIzc 
      $8E8B:30 1B     BMI $8EA8                                                      A:04 X:00 Y:00 S:F9 P:nvUBdIZc 
      $8E8D:BC 29 05  LDY $0529,X @ $0529 = #$00                                     A:04 X:00 Y:00 S:F9 P:nvUBdIZc 
      $8E90:30 16     BMI $8EA8                                                      A:04 X:00 Y:00 S:F9 P:nvUBdIZc 
      $8E92:BC D0 05  LDY $05D0,X @ $05D0 = #$00                                     A:04 X:00 Y:00 S:F9 P:nvUBdIZc 
      $8E95:F0 11     BEQ $8EA8                                                      A:04 X:00 Y:00 S:F9 P:nvUBdIZc 
      $8EA8:85 1F     STA $001F = #$03                                               A:04 X:00 Y:00 S:F9 P:nvUBdIZc 
      $8EAA:BD 75 04  LDA $0475,X @ $0475 = #$08                                     A:04 X:00 Y:00 S:F9 P:nvUBdIZc 
      $8EAD:85 AF     STA $00AF = #$00                                               A:08 X:00 Y:00 S:F9 P:nvUBdIzc 
      $8EAF:A5 15     LDA $0015 = #$B0                                               A:08 X:00 Y:00 S:F9 P:nvUBdIzc 
      $8EB1:C9 80     CMP #$80                                                       A:B0 X:00 Y:00 S:F9 P:NvUBdIzc 
      $8EB3:B0 15     BCS $8ECA                                                      A:B0 X:00 Y:00 S:F9 P:nvUBdIzC 
      $8ECA:7D CF 04  ADC $04CF,X @ $04CF = #$26                                     A:B0 X:00 Y:00 S:F9 P:nvUBdIzC 
      $8ECD:9D CF 04  STA $04CF,X @ $04CF = #$26                                     A:D7 X:00 Y:00 S:F9 P:NvUBdIzc 
      $8ED0:B0 12     BCS $8EE4                                                      A:D7 X:00 Y:00 S:F9 P:NvUBdIzc 
      $8ED2:A5 1F     LDA $001F = #$04                                               A:D7 X:00 Y:00 S:F9 P:NvUBdIzc 
      $8ED4:7D C0 04  ADC $04C0,X @ $04C0 = #$02                                     A:04 X:00 Y:00 S:F9 P:nvUBdIzc 
      $8ED7:D0 05     BNE $8EDE                                                      A:06 X:00 Y:00 S:F9 P:nvUBdIzc 
      $8EDE:DE C0 04  DEC $04C0,X @ $04C0 = #$02                                     A:06 X:00 Y:00 S:F9 P:nvUBdIzc 
      $8EE1:BD CF 04  LDA $04CF,X @ $04CF = #$D7                                     A:06 X:00 Y:00 S:F9 P:nvUBdIzc 
      $8EE4:18        CLC                                                            A:D7 X:00 Y:00 S:F9 P:NvUBdIzc 
      $8EE5:7D 66 04  ADC $0466,X @ $0466 = #$4D                                     A:D7 X:00 Y:00 S:F9 P:NvUBdIzc 
      $8EE8:9D 66 04  STA $0466,X @ $0466 = #$4D                                     A:24 X:00 Y:00 S:F9 P:nvUBdIzC 
      $8EEB:BD C0 04  LDA $04C0,X @ $04C0 = #$01                                     A:24 X:00 Y:00 S:F9 P:nvUBdIzC 
      $8EEE:85 15     STA $0015 = #$B0                                               A:01 X:00 Y:00 S:F9 P:nvUBdIzC 
      $8EF0:7D 39 04  ADC $0439,X @ $0439 = #$52                                     A:01 X:00 Y:00 S:F9 P:nvUBdIzC 
      $8EF3:9D 39 04  STA $0439,X @ $0439 = #$52                                     A:54 X:00 Y:00 S:F9 P:nvUBdIzc 
      $8EF6:08        PHP                                                            A:54 X:00 Y:00 S:F9 P:nvUBdIzc 
       $8EF7:A9 80     LDA #$80                                                       A:54 X:00 Y:00 S:F8 P:nvUBdIzc 
       $8EF9:C5 15     CMP $0015 = #$01                                               A:80 X:00 Y:00 S:F8 P:NvUBdIzc 
       $8EFB:A9 00     LDA #$00                                                       A:80 X:00 Y:00 S:F8 P:nvUBdIzC 
       $8EFD:E9 00     SBC #$00                                                       A:00 X:00 Y:00 S:F8 P:nvUBdIZC 
       $8EFF:28        PLP                                                            A:00 X:00 Y:00 S:F8 P:nvUBdIZC 
      $8F00:7D 2A 04  ADC $042A,X @ $042A = #$00                                     A:00 X:00 Y:00 S:F9 P:nvUBdIzc 
      $8F03:9D 2A 04  STA $042A,X @ $042A = #$00                                     A:00 X:00 Y:00 S:F9 P:nvUBdIZc 
      $8F06:10 41     BPL $8F49                                                      A:00 X:00 Y:00 S:F9 P:nvUBdIZc 
      $8F49:60        RTS (from $8DC1) ----------------------------------------------A:00 X:00 Y:00 S:F9 P:nvUBdIZc 
    $AB23:20 71 E4  JSR $E471                                                      A:00 X:00 Y:00 S:FB P:nvUBdIZc 
      $E471:A5 10     LDA $0010 = #$03                                               A:00 X:00 Y:00 S:F9 P:nvUBdIZc 
      $E473:C9 01     CMP #$01                                                       A:03 X:00 Y:00 S:F9 P:nvUBdIzc 
      $E475:D0 36     BNE $E4AD                                                      A:03 X:00 Y:00 S:F9 P:nvUBdIzC 
      $E4AD:A2 12     LDX #$12                                                       A:03 X:00 Y:00 S:F9 P:nvUBdIzC 
      $E4AF:A0 05     LDY #$05                                                       A:03 X:12 Y:00 S:F9 P:nvUBdIzC 
      $E4B1:4C CB FF  JMP $FFCB                                                      A:03 X:12 Y:05 S:F9 P:nvUBdIzC 
      $FFCB:A9 00     LDA #$00                                                       A:03 X:12 Y:05 S:F9 P:nvUBdIzC 
      $FFCD:09 00     ORA #$00                                                       A:00 X:12 Y:05 S:F9 P:nvUBdIZC 
      $FFCF:85 2D     STA $002D = #$00                                               A:00 X:12 Y:05 S:F9 P:nvUBdIZC 
      $FFD1:A5 13     LDA $0013 = #$06                                               A:00 X:12 Y:05 S:F9 P:nvUBdIZC 
      $FFD3:48        PHA                                                            A:06 X:12 Y:05 S:F9 P:nvUBdIzC 
       $FFD4:86 13     STX $0013 = #$06                                               A:06 X:12 Y:05 S:F8 P:nvUBdIzC 
       $FFD6:B9 B3 FF  LDA $FFB3,Y @ $FFB8 = #$05                                     A:06 X:12 Y:05 S:F8 P:nvUBdIzC 
       $FFD9:99 B3 FF  STA $FFB3,Y @ $FFB8 = #$05                                     A:05 X:12 Y:05 S:F8 P:nvUBdIzC 
       $FFDC:20 00 80  JSR $8000                                                      A:05 X:12 Y:05 S:F8 P:nvUBdIzC 
         $8000:6C 13 00  JMP ($0013) = $8012                                            A:05 X:12 Y:05 S:F6 P:nvUBdIzC 
         $8012:4C 39 BC  JMP $BC39                                                      A:05 X:12 Y:05 S:F6 P:nvUBdIzC 
         $BC39:A9 00     LDA #$00                                                       A:05 X:12 Y:05 S:F6 P:nvUBdIzC 
         $BC3B:85 D9     STA $00D9 = #$00                                               A:00 X:12 Y:05 S:F6 P:nvUBdIZC 
         $BC3D:85 DA     STA $00DA = #$00                                               A:00 X:12 Y:05 S:F6 P:nvUBdIZC 
         $BC3F:A6 82     LDX $0082 = #$00                                               A:00 X:12 Y:05 S:F6 P:nvUBdIZC 
         $BC41:E0 02     CPX #$02                                                       A:00 X:00 Y:05 S:F6 P:nvUBdIZC 
         $BC43:B0 0E     BCS $BC53                                                      A:00 X:00 Y:05 S:F6 P:NvUBdIzc 
         $BC45:BD CE 05  LDA $05CE,X @ $05CE = #$00                                     A:00 X:00 Y:05 S:F6 P:NvUBdIzc 
         $BC48:F0 09     BEQ $BC53                                                      A:00 X:00 Y:05 S:F6 P:nvUBdIZc 
         $BC53:A5 10     LDA $0010 = #$03                                               A:00 X:00 Y:05 S:F6 P:nvUBdIZc 
         $BC55:C9 03     CMP #$03                                                       A:03 X:00 Y:05 S:F6 P:nvUBdIzc 
         $BC57:F0 79     BEQ $BCD2                                                      A:03 X:00 Y:05 S:F6 P:nvUBdIZC 
         $BCD2:20 22 B4  JSR $B422                                                      A:03 X:00 Y:05 S:F6 P:nvUBdIZC 
           $B422:A9 C0     LDA #$C0                                                       A:03 X:00 Y:05 S:F4 P:nvUBdIZC 
           $B424:85 15     STA $0015 = #$01                                               A:C0 X:00 Y:05 S:F4 P:NvUBdIzC 
           $B426:BC EE 03  LDY $03EE,X @ $03EE = #$05                                     A:C0 X:00 Y:05 S:F4 P:NvUBdIzC 
           $B429:A5 10     LDA $0010 = #$03                                               A:C0 X:00 Y:05 S:F4 P:nvUBdIzC 
           $B42B:C9 0C     CMP #$0C                                                       A:03 X:00 Y:05 S:F4 P:nvUBdIzC 
           $B42D:F0 EA     BEQ $B419                                                      A:03 X:00 Y:05 S:F4 P:NvUBdIzc 
           $B42F:C9 03     CMP #$03                                                       A:03 X:00 Y:05 S:F4 P:NvUBdIzc 
           $B431:F0 08     BEQ $B43B                                                      A:03 X:00 Y:05 S:F4 P:nvUBdIZC 
           $B43B:BD 1B 04  LDA $041B,X @ $041B = #$E4                                     A:03 X:00 Y:05 S:F4 P:nvUBdIZC 
           $B43E:10 18     BPL $B458                                                      A:E4 X:00 Y:05 S:F4 P:NvUBdIzC 
           $B440:C5 15     CMP $0015 = #$C0                                               A:E4 X:00 Y:05 S:F4 P:NvUBdIzC 
           $B442:B0 05     BCS $B449                                                      A:E4 X:00 Y:05 S:F4 P:nvUBdIzC 
           $B449:38        SEC                                                            A:E4 X:00 Y:05 S:F4 P:nvUBdIzC 
           $B44A:E9 28     SBC #$28                                                       A:E4 X:00 Y:05 S:F4 P:nvUBdIzC 
           $B44C:C5 15     CMP $0015 = #$C0                                               A:BC X:00 Y:05 S:F4 P:NvUBdIzC 
           $B44E:90 08     BCC $B458                                                      A:BC X:00 Y:05 S:F4 P:NvUBdIzc 
           $B458:A5 10     LDA $0010 = #$03                                               A:BC X:00 Y:05 S:F4 P:NvUBdIzc 
           $B45A:C9 03     CMP #$03                                                       A:03 X:00 Y:05 S:F4 P:nvUBdIzc 
           $B45C:F0 06     BEQ $B464                                                      A:03 X:00 Y:05 S:F4 P:nvUBdIZC 
           $B464:B9 6B 81  LDA $816B,Y @ $8170 = #$02                                     A:03 X:00 Y:05 S:F4 P:nvUBdIZC 
           $B467:A8        TAY                                                            A:02 X:00 Y:05 S:F4 P:nvUBdIzC 
           $B468:A5 E3     LDA $00E3 = #$00                                               A:02 X:00 Y:02 S:F4 P:nvUBdIzC 
           $B46A:F0 02     BEQ $B46E                                                      A:00 X:00 Y:02 S:F4 P:nvUBdIZC 
           $B46E:84 15     STY $0015 = #$C0                                               A:00 X:00 Y:02 S:F4 P:nvUBdIZC 
           $B470:BD FD 03  LDA $03FD,X @ $03FD = #$F9                                     A:00 X:00 Y:02 S:F4 P:nvUBdIZC 
           $B473:29 E0     AND #$E0                                                       A:F9 X:00 Y:02 S:F4 P:NvUBdIzC 
           $B475:46 15     LSR $0015 = #$02                                               A:E0 X:00 Y:02 S:F4 P:NvUBdIzC 
           $B477:6A        ROR                                                            A:E0 X:00 Y:02 S:F4 P:nvUBdIzc 
           $B478:46 15     LSR $0015 = #$01                                               A:70 X:00 Y:02 S:F4 P:nvUBdIzc 
           $B47A:6A        ROR                                                            A:70 X:00 Y:02 S:F4 P:nvUBdIZC 
           $B47B:46 15     LSR $0015 = #$00                                               A:B8 X:00 Y:02 S:F4 P:NvUBdIzc 
           $B47D:6A        ROR                                                            A:B8 X:00 Y:02 S:F4 P:nvUBdIZc 
           $B47E:85 17     STA $0017 = #$00                                               A:5C X:00 Y:02 S:F4 P:nvUBdIzc 
           $B480:A9 02     LDA #$02                                                       A:5C X:00 Y:02 S:F4 P:nvUBdIzc 
           $B482:85 1B     STA $001B = #$02                                               A:02 X:00 Y:02 S:F4 P:nvUBdIzc 
           $B484:A0 00     LDY #$00                                                       A:02 X:00 Y:02 S:F4 P:nvUBdIzc 
           $B486:A5 10     LDA $0010 = #$03                                               A:02 X:00 Y:00 S:F4 P:nvUBdIZc 
           $B488:C9 03     CMP #$03                                                       A:03 X:00 Y:00 S:F4 P:nvUBdIzc 
           $B48A:F0 1D     BEQ $B4A9                                                      A:03 X:00 Y:00 S:F4 P:nvUBdIZC 
           $B4A9:84 1A     STY $001A = #$E2                                               A:03 X:00 Y:00 S:F4 P:nvUBdIZC 
           $B4AB:A4 10     LDY $0010 = #$03                                               A:03 X:00 Y:00 S:F4 P:nvUBdIZC 
           $B4AD:A5 17     LDA $0017 = #$5C                                               A:03 X:00 Y:03 S:F4 P:nvUBdIzC 
           $B4AF:18        CLC                                                            A:5C X:00 Y:03 S:F4 P:nvUBdIzC 
           $B4B0:79 E9 BD  ADC $BDE9,Y @ $BDEC = #$BD                                     A:5C X:00 Y:03 S:F4 P:nvUBdIzc 
           $B4B3:85 19     STA $0019 = #$C8                                               A:19 X:00 Y:03 S:F4 P:nvUBdIzC 
           $B4B5:A5 1A     LDA $001A = #$00                                               A:19 X:00 Y:03 S:F4 P:nvUBdIzC 
           $B4B7:79 F5 BD  ADC $BDF5,Y @ $BDF8 = #$BF                                     A:00 X:00 Y:03 S:F4 P:nvUBdIZC 
           $B4BA:85 1A     STA $001A = #$00                                               A:C0 X:00 Y:03 S:F4 P:NvUBdIzc 
           $B4BC:A0 00     LDY #$00                                                       A:C0 X:00 Y:03 S:F4 P:NvUBdIzc 
           $B4BE:60        RTS (from $B422) ----------------------------------------------A:C0 X:00 Y:00 S:F4 P:nvUBdIZc 
         $BCD5:84 1F     STY $001F = #$04                                               A:C0 X:00 Y:00 S:F6 P:nvUBdIZc 
         $BCD7:A5 10     LDA $0010 = #$03                                               A:C0 X:00 Y:00 S:F6 P:nvUBdIZc 
         $BCD9:C9 0C     CMP #$0C                                                       A:03 X:00 Y:00 S:F6 P:nvUBdIzc 
         $BCDB:D0 03     BNE $BCE0                                                      A:03 X:00 Y:00 S:F6 P:NvUBdIzc 
         $BCE0:B1 19     LDA ($19),Y @ $C019 = #$3A                                     A:03 X:00 Y:00 S:F6 P:NvUBdIzc 
         $BCE2:85 15     STA $0015 = #$00                                               A:3A X:00 Y:00 S:F6 P:nvUBdIzc 
         $BCE4:C8        INY                                                            A:3A X:00 Y:00 S:F6 P:nvUBdIzc 
         $BCE5:11 19     ORA ($19),Y @ $C01A = #$40                                     A:3A X:00 Y:01 S:F6 P:nvUBdIzc 
         $BCE7:F0 56     BEQ $BD3F                                                      A:7A X:00 Y:01 S:F6 P:nvUBdIzc 
         $BCE9:20 02 BE  JSR $BE02                                                      A:7A X:00 Y:01 S:F6 P:nvUBdIzc 
           $BE02:A9 00     LDA #$00                                                       A:7A X:00 Y:01 S:F4 P:nvUBdIzc 
           $BE04:06 15     ASL $0015 = #$3A                                               A:00 X:00 Y:01 S:F4 P:nvUBdIZc 
           $BE06:2A        ROL                                                            A:00 X:00 Y:01 S:F4 P:nvUBdIzc 
           $BE07:06 15     ASL $0015 = #$74                                               A:00 X:00 Y:01 S:F4 P:nvUBdIZc 
           $BE09:2A        ROL                                                            A:00 X:00 Y:01 S:F4 P:NvUBdIzc 
           $BE0A:85 16     STA $0016 = #$0F                                               A:00 X:00 Y:01 S:F4 P:nvUBdIZc 
           $BE0C:B1 19     LDA ($19),Y @ $C01A = #$40                                     A:00 X:00 Y:01 S:F4 P:nvUBdIZc 
           $BE0E:29 0F     AND #$0F                                                       A:40 X:00 Y:01 S:F4 P:nvUBdIzc 
           $BE10:F0 2A     BEQ $BE3C                                                      A:00 X:00 Y:01 S:F4 P:nvUBdIZc 
           $BE3C:60        RTS (from $BE02) ----------------------------------------------A:00 X:00 Y:01 S:F4 P:nvUBdIZc 
         $BCEC:BD 1B 04  LDA $041B,X @ $041B = #$E4                                     A:00 X:00 Y:01 S:F6 P:nvUBdIZc 
         $BCEF:38        SEC                                                            A:E4 X:00 Y:01 S:F6 P:NvUBdIzc 
         $BCF0:E5 15     SBC $0015 = #$E8                                               A:E4 X:00 Y:01 S:F6 P:NvUBdIzC 
         $BCF2:BD 0C 04  LDA $040C,X @ $040C = #$00                                     A:FC X:00 Y:01 S:F6 P:NvUBdIzc 
         $BCF5:E5 16     SBC $0016 = #$00                                               A:00 X:00 Y:01 S:F6 P:nvUBdIZc 
         $BCF7:B0 46     BCS $BD3F                                                      A:FF X:00 Y:01 S:F6 P:NvUBdIzc 
         $BCF9:A5 1F     LDA $001F = #$00                                               A:FF X:00 Y:01 S:F6 P:NvUBdIzc 
         $BCFB:85 20     STA $0020 = #$82                                               A:00 X:00 Y:01 S:F6 P:nvUBdIZc 
         $BCFD:A5 10     LDA $0010 = #$03                                               A:00 X:00 Y:01 S:F6 P:nvUBdIZc 
         $BCFF:C9 0C     CMP #$0C                                                       A:03 X:00 Y:01 S:F6 P:nvUBdIzc 
         $BD01:D0 13     BNE $BD16                                                      A:03 X:00 Y:01 S:F6 P:NvUBdIzc 
         $BD16:B1 19     LDA ($19),Y @ $C01A = #$40                                     A:03 X:00 Y:01 S:F6 P:NvUBdIzc 
         $BD18:29 F0     AND #$F0                                                       A:40 X:00 Y:01 S:F6 P:nvUBdIzc 
         $BD1A:85 1F     STA $001F = #$00                                               A:40 X:00 Y:01 S:F6 P:nvUBdIzc 
         $BD1C:E9 0A     SBC #$0A                                                       A:40 X:00 Y:01 S:F6 P:nvUBdIzc 
         $BD1E:FD 39 04  SBC $0439,X @ $0439 = #$54                                     A:35 X:00 Y:01 S:F6 P:nvUBdIzC 
         $BD21:90 0F     BCC $BD32                                                      A:E1 X:00 Y:01 S:F6 P:NvUBdIzc 
         $BD32:A5 15     LDA $0015 = #$E8                                               A:E1 X:00 Y:01 S:F6 P:NvUBdIzc 
         $BD34:85 17     STA $0017 = #$5C                                               A:E8 X:00 Y:01 S:F6 P:NvUBdIzc 
         $BD36:A5 16     LDA $0016 = #$00                                               A:E8 X:00 Y:01 S:F6 P:NvUBdIzc 
         $BD38:85 18     STA $0018 = #$23                                               A:00 X:00 Y:01 S:F6 P:nvUBdIZc 
         $BD3A:C8        INY                                                            A:00 X:00 Y:01 S:F6 P:nvUBdIZc 
         $BD3B:C6 1B     DEC $001B = #$02                                               A:00 X:00 Y:02 S:F6 P:nvUBdIzc 
         $BD3D:D0 A1     BNE $BCE0                                                      A:00 X:00 Y:02 S:F6 P:nvUBdIzc 
         $BCE0:B1 19     LDA ($19),Y @ $C01B = #$37                                     A:00 X:00 Y:02 S:F6 P:nvUBdIzc 
         $BCE2:85 15     STA $0015 = #$E8                                               A:37 X:00 Y:02 S:F6 P:nvUBdIzc 
         $BCE4:C8        INY                                                            A:37 X:00 Y:02 S:F6 P:nvUBdIzc 
         $BCE5:11 19     ORA ($19),Y @ $C01C = #$01                                     A:37 X:00 Y:03 S:F6 P:nvUBdIzc 
         $BCE7:F0 56     BEQ $BD3F                                                      A:37 X:00 Y:03 S:F6 P:nvUBdIzc 
         $BCE9:20 02 BE  JSR $BE02                                                      A:37 X:00 Y:03 S:F6 P:nvUBdIzc 
           $BE02:A9 00     LDA #$00                                                       A:37 X:00 Y:03 S:F4 P:nvUBdIzc 
           $BE04:06 15     ASL $0015 = #$37                                               A:00 X:00 Y:03 S:F4 P:nvUBdIZc 
           $BE06:2A        ROL                                                            A:00 X:00 Y:03 S:F4 P:nvUBdIzc 
           $BE07:06 15     ASL $0015 = #$6E                                               A:00 X:00 Y:03 S:F4 P:nvUBdIZc 
           $BE09:2A        ROL                                                            A:00 X:00 Y:03 S:F4 P:NvUBdIzc 
           $BE0A:85 16     STA $0016 = #$00                                               A:00 X:00 Y:03 S:F4 P:nvUBdIZc 
           $BE0C:B1 19     LDA ($19),Y @ $C01C = #$01                                     A:00 X:00 Y:03 S:F4 P:nvUBdIZc 
           $BE0E:29 0F     AND #$0F                                                       A:01 X:00 Y:03 S:F4 P:nvUBdIzc 
           $BE10:F0 2A     BEQ $BE3C                                                      A:01 X:00 Y:03 S:F4 P:nvUBdIzc 
           $BE12:C9 01     CMP #$01                                                       A:01 X:00 Y:03 S:F4 P:nvUBdIzc 
           $BE14:F0 0C     BEQ $BE22                                                      A:01 X:00 Y:03 S:F4 P:nvUBdIZC 
           $BE22:BD FD 03  LDA $03FD,X @ $03FD = #$F9                                     A:01 X:00 Y:03 S:F4 P:nvUBdIZC 
           $BE25:29 1F     AND #$1F                                                       A:F9 X:00 Y:03 S:F4 P:NvUBdIzC 
           $BE27:85 8B     STA $008B = #$00                                               A:19 X:00 Y:03 S:F4 P:nvUBdIzC 
           $BE29:A5 10     LDA $0010 = #$03                                               A:19 X:00 Y:03 S:F4 P:nvUBdIzC 
           $BE2B:C9 06     CMP #$06                                                       A:03 X:00 Y:03 S:F4 P:nvUBdIzC 
           $BE2D:D0 02     BNE $BE31                                                      A:03 X:00 Y:03 S:F4 P:NvUBdIzc 
           $BE31:A5 8B     LDA $008B = #$19                                               A:03 X:00 Y:03 S:F4 P:NvUBdIzc 
           $BE33:18        CLC                                                            A:19 X:00 Y:03 S:F4 P:nvUBdIzc 
           $BE34:65 15     ADC $0015 = #$DC                                               A:19 X:00 Y:03 S:F4 P:nvUBdIzc 
           $BE36:85 15     STA $0015 = #$DC                                               A:F5 X:00 Y:03 S:F4 P:NvUBdIzc 
           $BE38:90 02     BCC $BE3C                                                      A:F5 X:00 Y:03 S:F4 P:NvUBdIzc 
           $BE3C:60        RTS (from $BE02) ----------------------------------------------A:F5 X:00 Y:03 S:F4 P:NvUBdIzc 
         $BCEC:BD 1B 04  LDA $041B,X @ $041B = #$E4                                     A:F5 X:00 Y:03 S:F6 P:NvUBdIzc 
         $BCEF:38        SEC                                                            A:E4 X:00 Y:03 S:F6 P:NvUBdIzc 
         $BCF0:E5 15     SBC $0015 = #$F5                                               A:E4 X:00 Y:03 S:F6 P:NvUBdIzC 
         $BCF2:BD 0C 04  LDA $040C,X @ $040C = #$00                                     A:EF X:00 Y:03 S:F6 P:NvUBdIzc 
         $BCF5:E5 16     SBC $0016 = #$00                                               A:00 X:00 Y:03 S:F6 P:nvUBdIZc 
         $BCF7:B0 46     BCS $BD3F                                                      A:FF X:00 Y:03 S:F6 P:NvUBdIzc 
         $BCF9:A5 1F     LDA $001F = #$40                                               A:FF X:00 Y:03 S:F6 P:NvUBdIzc 
         $BCFB:85 20     STA $0020 = #$00                                               A:40 X:00 Y:03 S:F6 P:nvUBdIzc 
         $BCFD:A5 10     LDA $0010 = #$03                                               A:40 X:00 Y:03 S:F6 P:nvUBdIzc 
         $BCFF:C9 0C     CMP #$0C                                                       A:03 X:00 Y:03 S:F6 P:nvUBdIzc 
         $BD01:D0 13     BNE $BD16                                                      A:03 X:00 Y:03 S:F6 P:NvUBdIzc 
         $BD16:B1 19     LDA ($19),Y @ $C01C = #$01                                     A:03 X:00 Y:03 S:F6 P:NvUBdIzc 
         $BD18:29 F0     AND #$F0                                                       A:01 X:00 Y:03 S:F6 P:nvUBdIzc 
         $BD1A:85 1F     STA $001F = #$40                                               A:00 X:00 Y:03 S:F6 P:nvUBdIZc 
         $BD1C:E9 0A     SBC #$0A                                                       A:00 X:00 Y:03 S:F6 P:nvUBdIZc 
         $BD1E:FD 39 04  SBC $0439,X @ $0439 = #$54                                     A:F5 X:00 Y:03 S:F6 P:NvUBdIzc 
         $BD21:90 0F     BCC $BD32                                                      A:A0 X:00 Y:03 S:F6 P:NvUBdIzC 
         $BD23:A5 10     LDA $0010 = #$03                                               A:A0 X:00 Y:03 S:F6 P:NvUBdIzC 
         $BD25:C9 03     CMP #$03                                                       A:03 X:00 Y:03 S:F6 P:nvUBdIzC 
         $BD27:F0 09     BEQ $BD32                                                      A:03 X:00 Y:03 S:F6 P:nvUBdIZC 
         $BD32:A5 15     LDA $0015 = #$F5                                               A:03 X:00 Y:03 S:F6 P:nvUBdIZC 
         $BD34:85 17     STA $0017 = #$E8                                               A:F5 X:00 Y:03 S:F6 P:NvUBdIzC 
         $BD36:A5 16     LDA $0016 = #$00                                               A:F5 X:00 Y:03 S:F6 P:NvUBdIzC 
         $BD38:85 18     STA $0018 = #$00                                               A:00 X:00 Y:03 S:F6 P:nvUBdIZC 
         $BD3A:C8        INY                                                            A:00 X:00 Y:03 S:F6 P:nvUBdIZC 
         $BD3B:C6 1B     DEC $001B = #$01                                               A:00 X:00 Y:04 S:F6 P:nvUBdIzC 
         $BD3D:D0 A1     BNE $BCE0                                                      A:00 X:00 Y:04 S:F6 P:nvUBdIZC 
         $BD3F:A5 1F     LDA $001F = #$00                                               A:00 X:00 Y:04 S:F6 P:nvUBdIZC 
         $BD41:85 DA     STA $00DA = #$00                                               A:00 X:00 Y:04 S:F6 P:nvUBdIZC 
         $BD43:F0 19     BEQ $BD5E                                                      A:00 X:00 Y:04 S:F6 P:nvUBdIZC 
         $BD5E:4C CC BD  JMP $BDCC                                                      A:00 X:00 Y:04 S:F6 P:nvUBdIZC 
         $BDCC:A9 08     LDA #$08                                                       A:00 X:00 Y:04 S:F6 P:nvUBdIZC 
         $BDCE:1D A2 04  ORA $04A2,X @ $04A2 = #$00                                     A:08 X:00 Y:04 S:F6 P:nvUBdIzC 
         $BDD1:9D A2 04  STA $04A2,X @ $04A2 = #$00                                     A:08 X:00 Y:04 S:F6 P:nvUBdIzC 
         $BDD4:A9 08     LDA #$08                                                       A:08 X:00 Y:04 S:F6 P:nvUBdIzC 
         $BDD6:D0 F0     BNE $BDC8                                                      A:08 X:00 Y:04 S:F6 P:nvUBdIzC 
         $BDC8:9D 75 04  STA $0475,X @ $0475 = #$08                                     A:08 X:00 Y:04 S:F6 P:nvUBdIzC 
         $BDCB:60        RTS (from $8000) ----------------------------------------------A:08 X:00 Y:04 S:F6 P:nvUBdIzC 
       $FFDF:A4 2D     LDY $002D = #$00                                               A:08 X:00 Y:04 S:F8 P:nvUBdIzC 
       $FFE1:68        PLA                                                            A:08 X:00 Y:00 S:F8 P:nvUBdIZC 
      $FFE2:85 13     STA $0013 = #$12                                               A:06 X:00 Y:00 S:F9 P:nvUBdIzC 
      $FFE4:B9 B3 FF  LDA $FFB3,Y @ $FFB3 = #$00                                     A:06 X:00 Y:00 S:F9 P:nvUBdIzC 
      $FFE7:99 B3 FF  STA $FFB3,Y @ $FFB3 = #$00                                     A:00 X:00 Y:00 S:F9 P:nvUBdIZC 
      $FFEA:60        RTS (from $E471) ----------------------------------------------A:00 X:00 Y:00 S:F9 P:nvUBdIZC 
    $AB26:A5 10     LDA $0010 = #$03                                               A:00 X:00 Y:00 S:FB P:nvUBdIZC 
    $AB28:C9 02     CMP #$02                                                       A:03 X:00 Y:00 S:FB P:nvUBdIzC 
    $AB2A:F0 03     BEQ $AB2F                                                      A:03 X:00 Y:00 S:FB P:nvUBdIzC 
    $AB2C:20 66 CF  JSR $CF66                                                      A:03 X:00 Y:00 S:FB P:nvUBdIzC 
      $CF66:BD 56 05  LDA $0556,X @ $0556 = #$00                                     A:03 X:00 Y:00 S:F9 P:nvUBdIzC 
      $CF69:29 7F     AND #$7F                                                       A:00 X:00 Y:00 S:F9 P:nvUBdIZC 
      $CF6B:38        SEC                                                            A:00 X:00 Y:00 S:F9 P:nvUBdIZC 
      $CF6C:E9 31     SBC #$31                                                       A:00 X:00 Y:00 S:F9 P:nvUBdIZC 
      $CF6E:C9 20     CMP #$20                                                       A:CF X:00 Y:00 S:F9 P:NvUBdIzc 
      $CF70:90 1D     BCC $CF8F                                                      A:CF X:00 Y:00 S:F9 P:NvUBdIzC 
      $CF72:BD A2 04  LDA $04A2,X @ $04A2 = #$08                                     A:CF X:00 Y:00 S:F9 P:NvUBdIzC 
      $CF75:29 BF     AND #$BF                                                       A:08 X:00 Y:00 S:F9 P:nvUBdIzC 
      $CF77:9D A2 04  STA $04A2,X @ $04A2 = #$08                                     A:08 X:00 Y:00 S:F9 P:nvUBdIzC 
